name,x,y,layer,rotated_angle,width,height,area,left,right,parent,is_from_left,
cc_C8466,0,68838,0,90,5709,6369,36360621,2,1,8,0,
cc_C8467,0,75207,0,90,5709,6369,36360621,3,-1,0,0,
cc_C16429,5709,68838,0,0,5676,7524,42706224,28,-1,0,1,
cc_C16430,5709,76362,0,270,7524,5676,42706224,4,-1,1,1,
cc_C32011,13233,56529,0,270,4290,8613,36949770,24,5,3,1,
cc_C32012,13233,65142,0,0,8613,4290,36949770,-1,-1,4,0,
cc_C39784,0,9999,0,90,7854,5445,42765030,-1,16,31,0,
cc_C39785,0,36300,0,90,7854,5445,42765030,-1,27,14,0,
cc_C55552,0,63426,0,90,7854,5412,42505848,26,0,9,0,
cc_C55553,0,58014,0,270,7854,5412,42505848,10,8,12,0,
cc_C63404,7854,26532,0,180,5412,7854,42505848,11,-1,9,1,
cc_C63405,13266,27918,0,180,5412,7854,42505848,-1,-1,10,1,
cc_C71293,0,52602,0,90,7854,5412,42505848,-1,9,13,0,
cc_C71294,0,47190,0,90,7854,5412,42505848,-1,12,27,0,
cc_C86866,0,30591,0,0,6369,5709,36360621,-1,7,18,0,
cc_C86867,14025,5445,0,90,7524,5676,42706224,-1,20,32,0,
cc_C86868,0,15444,0,180,8613,4290,36949770,22,17,6,0,
cc_C86869,0,19734,0,90,7854,5445,42765030,-1,18,16,0,
cc_C86870,0,25179,0,90,7854,5412,42505848,-1,14,17,0,
cc_C94576,16467,16797,0,0,6369,5709,36360621,-1,-1,22,1,
cc_C94577,14025,11121,0,270,7524,5676,42706224,-1,-1,15,0,
cc_C94578,7854,22242,0,0,8613,4290,36949770,23,-1,27,1,
cc_C94579,8613,16797,0,270,7854,5445,42765030,19,-1,16,1,
cc_C94580,16467,22506,0,270,7854,5412,42505848,-1,-1,21,1,
cc_C102137,17523,56529,0,180,6369,5709,36360621,-1,-1,4,1,
cc_C102138,11385,50853,0,270,7524,5676,42706224,-1,-1,28,0,
cc_C102139,7854,34386,0,270,4290,8613,36949770,-1,-1,8,1,
cc_C102140,0,41745,0,270,7854,5445,42765030,21,13,7,0,
cc_C102141,11385,42999,0,0,5412,7854,42505848,-1,25,2,1,
cc_C109812,0,0,0,0,6369,5709,36360621,-1,31,-1,0,
cc_C109813,0,0,1,180,8112,10752,87220224,-1,-1,-1,0,
cc_C109814,0,5709,0,0,8613,4290,36949770,33,6,29,0,
cc_C109815,14025,0,0,270,7854,5445,42765030,-1,15,33,1,
cc_C109816,8613,0,0,180,5412,7854,42505848,32,-1,31,1,
Wirelength: 329706
layer(tree) info:
layer: 0 ,width: 24321 ,height: 82038 ,area: 1995246198, filling_rate: 0.669111
layer: 1 ,width: 8112 ,height: 10752 ,area: 87220224, filling_rate: 1
random seed: 9
best wirelength: 329706
initial_num_perturbs: 1156
iter: 115600
best_iter: 112687
best_cost: 0.0936551
reject_time: 32754
accept_inferior_time: 40871
update_best_time: 99
initial_wirelength: 1.2441e+06
initial_iter: 1156
initial_time: 0.017
total time cost: 1.66
