name,x,y,layer,rotated_angle,width,height,area,left,right,parent,is_from_left,
cc_C8466,7524,73227,0,90,5709,6369,36360621,-1,-1,3,1,
cc_C8467,7854,79596,0,90,5709,6369,36360621,-1,-1,27,1,
cc_C16429,0,78903,0,180,5676,7524,42706224,-1,27,3,0,
cc_C16430,0,73227,0,90,7524,5676,42706224,0,2,9,0,
cc_C32011,0,107250,0,270,4290,8613,36949770,-1,5,25,0,
cc_C32012,0,115863,0,0,8613,4290,36949770,-1,16,4,0,
cc_C39784,0,24189,0,90,7854,5445,42765030,-1,15,29,0,
cc_C39785,0,35310,0,90,7854,5445,42765030,-1,12,15,0,
cc_C55552,0,62403,0,90,7854,5412,42505848,-1,9,10,0,
cc_C55553,0,67815,0,90,7854,5412,42505848,-1,3,8,0,
cc_C63404,0,56991,0,270,7854,5412,42505848,-1,8,11,0,
cc_C63405,0,51579,0,270,7854,5412,42505848,-1,10,13,0,
cc_C71293,0,40755,0,270,7854,5412,42505848,-1,13,7,0,
cc_C71294,0,46167,0,270,7854,5412,42505848,-1,11,12,0,
cc_C86866,7854,124443,0,180,6369,5709,36360621,-1,-1,23,1,
cc_C86867,0,29634,0,270,7524,5676,42706224,-1,7,6,0,
cc_C86868,0,120153,0,180,8613,4290,36949770,-1,17,5,0,
cc_C86869,0,124443,0,90,7854,5445,42765030,-1,18,16,0,
cc_C86870,0,129888,0,90,7854,5412,42505848,-1,20,17,0,
cc_C94576,0,146388,0,180,6369,5709,36360621,22,21,23,0,
cc_C94577,0,135300,0,270,7524,5676,42706224,-1,23,18,0,
cc_C94578,0,152097,0,0,8613,4290,36949770,-1,-1,19,0,
cc_C94579,6369,146388,0,90,7854,5445,42765030,-1,-1,19,1,
cc_C94580,0,140976,0,90,7854,5412,42505848,14,19,20,0,
cc_C102137,7854,96162,0,90,5709,6369,36360621,-1,-1,28,1,
cc_C102138,0,101574,0,270,7524,5676,42706224,-1,4,28,0,
cc_C102139,0,91872,0,180,8613,4290,36949770,-1,28,27,0,
cc_C102140,0,86427,0,270,7854,5445,42765030,1,26,2,0,
cc_C102141,0,96162,0,90,7854,5412,42505848,24,25,26,0,
cc_C109812,0,17820,0,270,5709,6369,36360621,33,6,31,0,
cc_C109813,0,7854,0,270,7524,5676,42706224,-1,31,32,0,
cc_C109814,0,13530,0,0,8613,4290,36949770,-1,29,30,0,
cc_C109815,0,0,0,0,5445,7854,42765030,-1,30,-1,0,
cc_C109816,5709,17820,0,270,7854,5412,42505848,-1,-1,29,1,
Wirelength: 450907
layer(tree) info:
layer: 0 ,width: 14223 ,height: 156387 ,area: 2224292301, filling_rate: 0.61941
layer: 1 ,width: 0 ,height: 0 ,area: 0, filling_rate: 1
random seed: 8
best wirelength: 450907
initial_num_perturbs: 1156
iter: 115600
best_iter: 104412
best_cost: 0.210114
reject_time: 36217
accept_inferior_time: 39256
update_best_time: 94
initial_wirelength: 1.2441e+06
initial_iter: 1156
initial_time: 0.016
total time cost: 1.657
