name,x,y,layer,rotated_angle,width,height,area,left,right,parent,is_from_left,
cc_C8466,0,12045,0,270,5709,6369,36360621,19,-1,2,0,
cc_C8467,0,0,0,270,5709,6369,36360621,-1,2,-1,0,
cc_C16429,0,6369,0,90,7524,5676,42706224,3,0,1,0,
cc_C16430,7524,0,0,0,5676,7524,42706224,-1,-1,2,1,
cc_C32011,25344,55110,0,270,4290,8613,36949770,-1,-1,14,0,
cc_C32012,22935,63723,0,0,8613,4290,36949770,-1,-1,7,1,
cc_C39784,25344,11814,0,180,5445,7854,42765030,-1,-1,28,1,
cc_C39785,17490,59598,0,180,5445,7854,42765030,5,11,18,0,
cc_C55552,17490,102630,0,270,7854,5412,42505848,-1,-1,12,0,
cc_C55553,25344,96690,0,180,5412,7854,42505848,-1,-1,33,0,
cc_C63404,17490,73425,0,270,7854,5412,42505848,-1,30,11,0,
cc_C63405,17490,68013,0,270,7854,5412,42505848,-1,10,7,0,
cc_C71293,17490,97218,0,90,7854,5412,42505848,33,8,13,0,
cc_C71294,17490,91806,0,90,7854,5412,42505848,-1,12,32,0,
cc_C86866,25344,48741,0,90,5709,6369,36360621,-1,4,17,1,
cc_C86867,26103,0,0,0,5676,7524,42706224,-1,-1,21,1,
cc_C86868,17490,44451,0,180,8613,4290,36949770,-1,17,27,0,
cc_C86869,17490,48741,0,90,7854,5445,42765030,14,18,16,0,
cc_C86870,17490,54186,0,90,7854,5412,42505848,-1,7,17,0,
cc_C94576,5709,12045,0,180,6369,5709,36360621,23,-1,0,1,
cc_C94577,17490,0,0,180,5676,7524,42706224,-1,21,23,1,
cc_C94578,17490,7524,0,180,8613,4290,36949770,15,22,20,0,
cc_C94579,17490,11814,0,90,7854,5445,42765030,-1,24,21,0,
cc_C94580,12078,7524,0,0,5412,7854,42505848,20,-1,19,1,
cc_C102137,17490,17259,0,270,5709,6369,36360621,-1,25,22,0,
cc_C102138,17490,23628,0,90,7524,5676,42706224,-1,28,24,0,
cc_C102139,17490,34716,0,0,8613,4290,36949770,-1,27,28,0,
cc_C102140,17490,39006,0,270,7854,5445,42765030,-1,16,26,0,
cc_C102141,17490,29304,0,90,7854,5412,42505848,6,26,25,0,
cc_C109812,25344,83127,0,180,6369,5709,36360621,-1,-1,32,1,
cc_C109813,17490,78837,0,180,5676,7524,42706224,31,32,10,0,
cc_C109814,23166,78837,0,180,8613,4290,36949770,-1,-1,30,1,
cc_C109815,17490,86361,0,90,7854,5445,42765030,29,13,30,0,
cc_C109816,25344,88836,0,0,5412,7854,42505848,-1,9,12,1,
Wirelength: 419334
layer(tree) info:
layer: 0 ,width: 31779 ,height: 108042 ,area: 3433466718, filling_rate: 0.40127
layer: 1 ,width: 0 ,height: 0 ,area: 0, filling_rate: 1
random seed: 3
best wirelength: 419334
initial_num_perturbs: 1156
iter: 115600
best_iter: 111858
best_cost: 0.189277
reject_time: 35600
accept_inferior_time: 39611
update_best_time: 80
initial_wirelength: 1.2441e+06
initial_iter: 1156
initial_time: 0.016
total time cost: 1.749
