name,x,y,layer,rotated_angle,width,height,area,left,right,parent,is_from_left,
cc_C8466,14289,46563,0,270,5709,6369,36360621,-1,15,1,0,
cc_C8467,14289,40194,0,270,5709,6369,36360621,-1,0,2,0,
cc_C16429,14289,32670,0,180,5676,7524,42706224,-1,1,3,0,
cc_C16430,14289,25146,0,0,5676,7524,42706224,-1,2,7,0,
cc_C32011,0,85338,0,180,8613,4290,36949770,25,-1,5,0,
cc_C32012,0,81048,0,180,8613,4290,36949770,-1,4,20,0,
cc_C39784,0,0,0,270,7854,5445,42765030,-1,32,-1,0,
cc_C39785,14289,19701,0,90,7854,5445,42765030,-1,3,33,0,
cc_C55552,0,57288,0,90,7854,5412,42505848,-1,13,9,0,
cc_C55553,0,51876,0,270,7854,5412,42505848,-1,8,18,0,
cc_C63404,14289,58608,0,180,5412,7854,42505848,11,19,15,0,
cc_C63405,19701,58608,0,180,5412,7854,42505848,-1,-1,10,1,
cc_C71293,0,68112,0,90,7854,5412,42505848,-1,20,13,0,
cc_C71294,0,62700,0,90,7854,5412,42505848,-1,12,8,0,
cc_C86866,0,26037,0,270,5709,6369,36360621,-1,16,28,0,
cc_C86867,14289,52932,0,270,7524,5676,42706224,-1,10,0,0,
cc_C86868,0,32406,0,270,4290,8613,36949770,-1,17,14,0,
cc_C86869,0,41019,0,90,7854,5445,42765030,-1,18,16,0,
cc_C86870,0,46464,0,90,7854,5412,42505848,24,9,17,0,
cc_C94576,14289,66462,0,0,6369,5709,36360621,23,21,10,0,
cc_C94577,0,73524,0,0,5676,7524,42706224,-1,5,12,0,
cc_C94578,14289,74316,0,180,8613,4290,36949770,-1,22,19,0,
cc_C94579,14289,78606,0,0,5445,7854,42765030,-1,-1,21,0,
cc_C94580,20658,66462,0,0,5412,7854,42505848,-1,-1,19,1,
cc_C102137,7854,20625,0,0,6369,5709,36360621,-1,-1,18,1,
cc_C102138,8613,26334,0,0,5676,7524,42706224,31,-1,4,1,
cc_C102139,0,16335,0,180,8613,4290,36949770,-1,28,27,0,
cc_C102140,0,10890,0,270,7854,5445,42765030,-1,26,32,0,
cc_C102141,0,20625,0,90,7854,5412,42505848,-1,14,26,0,
cc_C109812,18579,0,0,270,5709,6369,36360621,-1,-1,31,1,
cc_C109813,14289,8613,0,270,7524,5676,42706224,-1,33,31,0,
cc_C109814,14289,0,0,270,4290,8613,36949770,29,30,25,1,
cc_C109815,0,5445,0,90,7854,5445,42765030,-1,27,6,0,
cc_C109816,14289,14289,0,270,7854,5412,42505848,-1,7,30,0,
Wirelength: 413503
layer(tree) info:
layer: 0 ,width: 26070 ,height: 89628 ,area: 2336601960, filling_rate: 0.589638
layer: 1 ,width: 0 ,height: 0 ,area: 0, filling_rate: 1
random seed: 7
best wirelength: 413503
initial_num_perturbs: 1156
iter: 115600
best_iter: 108900
best_cost: 0.209653
reject_time: 36325
accept_inferior_time: 39200
update_best_time: 98
initial_wirelength: 1.2441e+06
initial_iter: 1156
initial_time: 0.016
total time cost: 1.696
