name,x,y,layer,rotated_angle,width,height,area,left,right,parent,is_from_left,
cc_C2791,0,8679,0,0,11319,8580,97117020,2,-1,4,0,
cc_C2792,0,0,1,0,11319,8580,97117020,-1,5,-1,0,
cc_C2793,11319,8679,0,270,8448,11616,98131968,-1,-1,0,1,
cc_C2794,8679,8580,1,180,11616,8448,98131968,-1,-1,5,1,
cc_C2795,0,0,0,180,11352,8679,98524008,-1,0,-1,0,
cc_C2796,0,8580,1,90,8679,11352,98524008,3,-1,1,0,
Wirelength: 73085
layer(tree) info:
layer: 0 ,width: 19767 ,height: 20295 ,area: 401171265, filling_rate: 0.732288
layer: 1 ,width: 20295 ,height: 19932 ,area: 404519940, filling_rate: 0.726226
random seed: 7
best wirelength: 73085
initial_num_perturbs: 36
iter: 3600
best_iter: 2268
best_cost: 0.443795
reject_time: 1498
accept_inferior_time: 1002
update_best_time: 6
initial_wirelength: 163778
initial_iter: 36
initial_time: 0.002
total time cost: 0.028
