name,x,y,layer,rotated_angle,width,height,area,left,right,parent,is_from_left,
cc_C38060,25920,37920,0,90,25920,6000,155520000,-1,30,6,0,
cc_C40988,0,12000,0,270,25920,6000,155520000,-1,12,7,0,
cc_C43598,31920,6000,0,270,25920,6000,155520000,-1,14,11,0,
cc_C46412,0,0,0,270,25920,6000,155520000,-1,7,-1,0,
cc_C48982,31920,18000,0,270,25920,6000,155520000,-1,-1,14,0,
cc_C51792,25920,0,0,0,6000,25920,155520000,11,15,22,1,
cc_C54385,25920,31920,0,90,25920,6000,155520000,-1,0,15,0,
cc_C57055,0,6000,0,270,25920,6000,155520000,-1,1,3,0,
cc_C59668,0,24000,0,90,25920,6000,155520000,-1,13,12,0,
cc_C62278,0,0,1,270,37030,8625,319383750,-1,-1,-1,0,
cc_C65067,0,36000,0,90,25920,6000,155520000,-1,20,13,0,
cc_C67839,31920,0,0,270,25920,6000,155520000,-1,2,5,1,
cc_C70494,0,18000,0,90,25920,6000,155520000,-1,8,1,0,
cc_C73068,0,30000,0,90,25920,6000,155520000,-1,10,8,0,
cc_C75794,31920,12000,0,90,25920,6000,155520000,-1,4,2,0,
cc_C78507,25920,25920,0,90,25920,6000,155520000,-1,6,5,0,
cc_C390725,25920,49920,0,180,6000,25920,155520000,18,-1,30,0,
cc_C393732,31920,73920,0,270,25920,6000,155520000,-1,31,27,0,
cc_C396426,31920,49920,0,270,25920,6000,155520000,-1,26,16,1,
cc_C399324,0,54000,0,90,25920,6000,155520000,-1,25,28,0,
cc_C401934,0,42000,0,270,25920,6000,155520000,-1,28,10,0,
cc_C404828,31920,61920,0,270,25920,6000,155520000,-1,27,26,0,
cc_C407517,0,84000,0,90,25920,6000,155520000,5,-1,23,0,
cc_C410399,0,78000,0,90,25920,6000,155520000,-1,22,24,0,
cc_C413083,0,72000,0,270,25920,6000,155520000,-1,23,29,0,
cc_C415825,0,60000,0,90,25920,6000,155520000,-1,29,19,0,
cc_C418719,31920,55920,0,90,25920,6000,155520000,-1,21,18,0,
cc_C421704,31920,67920,0,90,25920,6000,155520000,-1,17,21,0,
cc_C424482,0,48000,0,270,25920,6000,155520000,-1,19,20,0,
cc_C427157,0,66000,0,90,25920,6000,155520000,-1,24,25,0,
cc_C429953,25920,43920,0,270,25920,6000,155520000,-1,16,0,0,
cc_C432668,31920,79920,0,90,25920,6000,155520000,-1,-1,17,0,
Wirelength: 355142
layer(tree) info:
layer: 0 ,width: 57840 ,height: 90000 ,area: 5205600000, filling_rate: 0.926141
layer: 1 ,width: 37030 ,height: 8625 ,area: 319383750, filling_rate: 1
random seed: 2
best wirelength: 355142
initial_num_perturbs: 1024
iter: 102400
best_iter: 92064
best_cost: 0.180098
reject_time: 29577
accept_inferior_time: 28222
update_best_time: 61
initial_wirelength: 1.11975e+06
initial_iter: 1024
initial_time: 0.026
total time cost: 2.702
