name,x,y,layer,rotated_angle,width,height,area,left,right,parent,is_from_left,
cc_C8466,16302,77220,0,270,5709,6369,36360621,-1,17,1,0,
cc_C8467,16302,70851,0,270,5709,6369,36360621,-1,0,26,0,
cc_C16429,26301,65604,0,0,5676,7524,42706224,-1,3,16,1,
cc_C16430,26301,73128,0,0,5676,7524,42706224,-1,18,2,0,
cc_C32011,16302,4290,0,0,8613,4290,36949770,-1,10,5,0,
cc_C32012,16302,0,0,180,8613,4290,36949770,13,4,7,1,
cc_C39784,0,0,0,180,5445,7854,42765030,8,-1,-1,0,
cc_C39785,10857,0,0,0,5445,7854,42765030,5,-1,8,1,
cc_C55552,5445,0,0,180,5412,7854,42505848,7,9,6,1,
cc_C55553,5445,7854,0,90,7854,5412,42505848,-1,-1,8,0,
cc_C63404,16302,8580,0,90,7854,5412,42505848,-1,11,4,0,
cc_C63405,16302,13992,0,90,7854,5412,42505848,-1,32,10,0,
cc_C71293,24915,7854,0,180,5412,7854,42505848,-1,-1,13,0,
cc_C71294,24915,0,0,0,5412,7854,42505848,-1,12,5,1,
cc_C86866,16302,89034,0,270,5709,6369,36360621,16,-1,17,0,
cc_C86867,24915,50226,0,180,5676,7524,42706224,-1,27,23,0,
cc_C86868,22011,89034,0,90,4290,8613,36949770,2,-1,14,1,
cc_C86869,16302,83589,0,270,7854,5445,42765030,-1,14,0,0,
cc_C86870,26301,80652,0,180,5412,7854,42505848,-1,-1,3,0,
cc_C94576,24156,39105,0,0,6369,5709,36360621,-1,-1,22,1,
cc_C94577,22671,33429,0,270,7524,5676,42706224,-1,-1,29,1,
cc_C94578,16302,44814,0,0,8613,4290,36949770,-1,24,22,0,
cc_C94579,16302,39105,0,270,7854,5445,42765030,19,21,29,0,
cc_C94580,24915,44814,0,270,7854,5412,42505848,-1,15,26,1,
cc_C102137,16302,49104,0,270,5709,6369,36360621,-1,25,21,0,
cc_C102138,16302,55473,0,90,7524,5676,42706224,-1,28,24,0,
cc_C102139,16302,66561,0,0,8613,4290,36949770,23,1,28,0,
cc_C102140,24915,57750,0,180,5445,7854,42765030,-1,-1,15,0,
cc_C102141,16302,61149,0,90,7854,5412,42505848,-1,26,25,0,
cc_C109812,16302,32934,0,180,6369,5709,36360621,20,22,30,0,
cc_C109813,16302,27258,0,270,7524,5676,42706224,31,29,32,0,
cc_C109814,23826,24816,0,90,4290,8613,36949770,-1,-1,30,1,
cc_C109815,16302,19404,0,0,5445,7854,42765030,33,30,11,0,
cc_C109816,21747,19404,0,90,7854,5412,42505848,-1,-1,32,1,
Wirelength: 373176
layer(tree) info:
layer: 0 ,width: 32769 ,height: 97647 ,area: 3199794543, filling_rate: 0.430574
layer: 1 ,width: 0 ,height: 0 ,area: 0, filling_rate: 1
random seed: 4
best wirelength: 373176
initial_num_perturbs: 1156
iter: 115600
best_iter: 113417
best_cost: 0.173304
reject_time: 35575
accept_inferior_time: 39343
update_best_time: 89
initial_wirelength: 1.2441e+06
initial_iter: 1156
initial_time: 0.015
total time cost: 1.675
