name,x,y,layer,rotated_angle,width,height,area,left,right,parent,is_from_left,
cc_C2791,8448,0,1,180,11319,8580,97117020,-1,1,2,1,
cc_C2792,8448,8580,1,180,11319,8580,97117020,-1,-1,0,0,
cc_C2793,0,0,1,90,8448,11616,98131968,0,-1,-1,0,
cc_C2794,0,0,0,0,11616,8448,98131968,5,4,-1,0,
cc_C2795,0,8448,0,270,8679,11352,98524008,-1,-1,3,0,
cc_C2796,11616,0,0,270,8679,11352,98524008,-1,-1,3,1,
Wirelength: 58805
layer(tree) info:
layer: 0 ,width: 20295 ,height: 19800 ,area: 401841000, filling_rate: 0.734569
layer: 1 ,width: 19767 ,height: 17160 ,area: 339201720, filling_rate: 0.861924
random seed: 1
best wirelength: 58805
initial_num_perturbs: 36
iter: 3600
best_iter: 2404
best_cost: 0.39001
reject_time: 1484
accept_inferior_time: 1032
update_best_time: 9
initial_wirelength: 163778
initial_iter: 36
initial_time: 0.003
total time cost: 0.03
