name,x,y,layer,rotated_angle,width,height,area,left,right,parent,is_from_left,
cc_C2791,0,0,1,0,11319,8580,97117020,-1,3,-1,0,
cc_C2792,0,17028,1,180,11319,8580,97117020,-1,-1,3,0,
cc_C2793,0,8679,0,90,8448,11616,98131968,5,-1,4,0,
cc_C2794,0,8580,1,0,11616,8448,98131968,-1,1,0,0,
cc_C2795,0,0,0,0,11352,8679,98524008,-1,2,-1,0,
cc_C2796,8448,8679,0,180,11352,8679,98524008,-1,-1,2,1,
Wirelength: 64749
layer(tree) info:
layer: 0 ,width: 19800 ,height: 20295 ,area: 401841000, filling_rate: 0.734569
layer: 1 ,width: 11616 ,height: 25608 ,area: 297462528, filling_rate: 0.982867
random seed: 10
best wirelength: 64749
initial_num_perturbs: 36
iter: 3600
best_iter: 2192
best_cost: 0.467555
reject_time: 1514
accept_inferior_time: 1029
update_best_time: 4
initial_wirelength: 163778
initial_iter: 36
initial_time: 0.009
total time cost: 0.089
