name,x,y,layer,rotated_angle,width,height,area,left,right,parent,is_from_left,
cc_C38060,37920,25920,0,180,6000,25920,155520000,-1,-1,13,1,
cc_C40988,0,12000,0,0,6000,25920,155520000,-1,31,4,0,
cc_C43598,12000,42000,0,270,25920,6000,155520000,-1,8,13,0,
cc_C46412,6000,37920,0,0,6000,25920,155520000,-1,-1,6,0,
cc_C48982,0,6000,0,270,25920,6000,155520000,-1,1,7,0,
cc_C51792,12000,54000,0,90,25920,6000,155520000,-1,15,8,0,
cc_C54385,6000,12000,0,180,6000,25920,155520000,-1,3,31,1,
cc_C57055,0,0,0,270,25920,6000,155520000,-1,4,-1,0,
cc_C59668,12000,48000,0,90,25920,6000,155520000,25,5,2,0,
cc_C62278,12000,30000,0,270,25920,6000,155520000,-1,13,10,0,
cc_C65067,12000,24000,0,90,25920,6000,155520000,-1,9,14,0,
cc_C67839,37920,0,0,180,6000,25920,155520000,-1,-1,12,1,
cc_C70494,12000,12000,0,90,25920,6000,155520000,11,14,23,1,
cc_C73068,12000,36000,0,90,25920,6000,155520000,0,2,9,0,
cc_C75794,12000,18000,0,90,25920,6000,155520000,-1,10,12,0,
cc_C78507,12000,60000,0,90,25920,6000,155520000,-1,22,5,0,
cc_C390725,12000,78000,0,90,25920,6000,155520000,-1,24,30,0,
cc_C393732,30000,96000,0,90,25920,6000,155520000,-1,20,19,0,
cc_C396426,0,89760,0,0,6000,25920,155520000,23,-1,28,0,
cc_C399324,30000,90000,0,270,25920,6000,155520000,-1,17,29,1,
cc_C401934,30000,102000,0,90,25920,6000,155520000,-1,-1,17,0,
cc_C404828,18000,90000,0,180,6000,25920,155520000,29,-1,26,1,
cc_C407517,12000,66000,0,90,25920,6000,155520000,-1,30,15,0,
cc_C410399,6000,63840,0,0,6000,25920,155520000,12,27,18,1,
cc_C413083,12000,84000,0,270,25920,6000,155520000,-1,26,16,0,
cc_C415825,37920,51840,0,180,6000,25920,155520000,-1,-1,8,1,
cc_C418719,12000,90000,0,180,6000,25920,155520000,21,-1,24,0,
cc_C421704,6000,89760,0,0,6000,25920,155520000,-1,-1,23,0,
cc_C424482,0,63840,0,0,6000,25920,155520000,-1,18,31,0,
cc_C427157,24000,90000,0,180,6000,25920,155520000,19,-1,21,1,
cc_C429953,12000,72000,0,270,25920,6000,155520000,-1,16,22,0,
cc_C432668,0,37920,0,0,6000,25920,155520000,6,28,1,0,
Wirelength: 445109
layer(tree) info:
layer: 0 ,width: 55920 ,height: 115920 ,area: 6482246400, filling_rate: 0.767734
layer: 1 ,width: 0 ,height: 0 ,area: 0, filling_rate: 1
random seed: 5
best wirelength: 445109
initial_num_perturbs: 1024
iter: 102400
best_iter: 96398
best_cost: 0.220515
reject_time: 30729
accept_inferior_time: 27917
update_best_time: 37
initial_wirelength: 1.11975e+06
initial_iter: 1024
initial_time: 0.031
total time cost: 2.579
