name,x,y,layer,rotated_angle,width,height,area,left,right,parent,is_from_left,
cc_C2791,0,11352,0,0,11319,8580,97117020,-1,-1,4,0,
cc_C2792,0,0,1,0,11319,8580,97117020,-1,2,-1,0,
cc_C2793,0,8580,1,270,8448,11616,98131968,3,-1,1,0,
cc_C2794,8448,8580,1,180,11616,8448,98131968,-1,5,2,1,
cc_C2795,0,0,0,90,8679,11352,98524008,-1,0,-1,0,
cc_C2796,8448,17028,1,180,11352,8679,98524008,-1,-1,3,0,
Wirelength: 73403
layer(tree) info:
layer: 0 ,width: 11319 ,height: 19932 ,area: 225610308, filling_rate: 0.867164
layer: 1 ,width: 20064 ,height: 25707 ,area: 515785248, filling_rate: 0.759822
random seed: 4
best wirelength: 73403
initial_num_perturbs: 36
iter: 3600
best_iter: 3301
best_cost: 0.462379
reject_time: 1467
accept_inferior_time: 1036
update_best_time: 12
initial_wirelength: 163778
initial_iter: 36
initial_time: 0.002
total time cost: 0.029
