name,x,y,layer,rotated_angle,width,height,area,left,right,parent,is_from_left,
cc_C38060,0,0,0,270,25920,6000,155520000,7,9,-1,0,
cc_C40988,0,12000,0,90,25920,6000,155520000,-1,4,9,0,
cc_C43598,25920,48000,0,90,25920,6000,155520000,-1,23,10,0,
cc_C46412,25920,18000,0,90,25920,6000,155520000,-1,14,11,1,
cc_C48982,0,18000,0,90,25920,6000,155520000,5,11,1,0,
cc_C51792,25920,6000,0,270,25920,6000,155520000,-1,8,4,1,
cc_C54385,0,36000,0,90,25920,6000,155520000,12,19,13,0,
cc_C57055,25920,0,0,270,25920,6000,155520000,-1,-1,0,1,
cc_C59668,25920,12000,0,270,25920,6000,155520000,-1,-1,5,0,
cc_C62278,0,6000,0,90,25920,6000,155520000,-1,1,0,0,
cc_C65067,25920,42000,0,270,25920,6000,155520000,-1,2,28,1,
cc_C67839,0,24000,0,270,25920,6000,155520000,3,13,4,0,
cc_C70494,25920,30000,0,90,25920,6000,155520000,-1,-1,6,1,
cc_C73068,0,30000,0,270,25920,6000,155520000,-1,6,11,0,
cc_C75794,25920,24000,0,270,25920,6000,155520000,-1,-1,3,0,
cc_C78507,0,48000,0,90,25920,6000,155520000,-1,24,19,0,
cc_C390725,25920,60000,0,90,25920,6000,155520000,-1,21,23,0,
cc_C393732,25920,84000,0,90,25920,6000,155520000,-1,30,26,1,
cc_C396426,0,60000,0,270,25920,6000,155520000,-1,31,24,0,
cc_C399324,0,42000,0,90,25920,6000,155520000,20,15,6,0,
cc_C401934,25920,36000,0,270,25920,6000,155520000,-1,-1,19,1,
cc_C404828,25920,66000,0,270,25920,6000,155520000,-1,-1,16,0,
cc_C407517,0,84000,0,270,25920,6000,155520000,29,26,27,0,
cc_C410399,25920,54000,0,270,25920,6000,155520000,-1,16,2,0,
cc_C413083,0,54000,0,270,25920,6000,155520000,-1,18,15,0,
cc_C415825,25920,72000,0,270,25920,6000,155520000,-1,-1,27,1,
cc_C418719,0,90000,0,90,25920,6000,155520000,17,-1,22,0,
cc_C421704,0,78000,0,90,25920,6000,155520000,25,22,28,0,
cc_C424482,0,72000,0,270,25920,6000,155520000,10,27,31,0,
cc_C427157,25920,78000,0,90,25920,6000,155520000,-1,-1,22,1,
cc_C429953,25920,90000,0,90,25920,6000,155520000,-1,-1,17,0,
cc_C432668,0,66000,0,270,25920,6000,155520000,-1,28,18,0,
Wirelength: 365942
layer(tree) info:
layer: 0 ,width: 51840 ,height: 96000 ,area: 4976640000, filling_rate: 1
layer: 1 ,width: 0 ,height: 0 ,area: 0, filling_rate: 1
random seed: 6
best wirelength: 365942
initial_num_perturbs: 1024
iter: 102400
best_iter: 83130
best_cost: 0.218775
reject_time: 29696
accept_inferior_time: 27424
update_best_time: 44
initial_wirelength: 1.11975e+06
initial_iter: 1024
initial_time: 0.024
total time cost: 2.512
