name,x,y,layer,rotated_angle,width,height,area,left,right,parent,is_from_left,
cc_C8466,58410,0,0,0,6369,5709,36360621,18,-1,1,1,
cc_C8467,52041,0,0,0,6369,5709,36360621,0,-1,3,1,
cc_C16429,40689,0,0,180,5676,7524,42706224,3,-1,6,1,
cc_C16430,46365,0,0,180,5676,7524,42706224,1,-1,2,1,
cc_C32011,123651,13266,0,180,8613,4290,36949770,-1,5,28,0,
cc_C32012,123651,17556,0,0,8613,4290,36949770,25,-1,4,0,
cc_C39784,35244,0,0,180,5445,7854,42765030,2,-1,7,1,
cc_C39785,29799,0,0,0,5445,7854,42765030,6,-1,12,1,
cc_C55552,0,16533,0,270,7854,5412,42505848,9,-1,33,0,
cc_C55553,7854,8613,0,180,5412,7854,42505848,29,-1,8,1,
cc_C63404,91707,0,0,0,5412,7854,42505848,20,-1,11,1,
cc_C63405,86295,0,0,0,5412,7854,42505848,10,-1,14,1,
cc_C71293,24387,0,0,180,5412,7854,42505848,7,-1,13,1,
cc_C71294,18975,0,0,180,5412,7854,42505848,12,-1,29,1,
cc_C86866,79926,0,0,180,6369,5709,36360621,11,-1,16,1,
cc_C86867,0,0,0,90,7524,5676,42706224,-1,32,-1,0,
cc_C86868,75636,0,0,270,4290,8613,36949770,14,-1,17,1,
cc_C86869,70191,0,0,0,5445,7854,42765030,16,-1,18,1,
cc_C86870,64779,0,0,0,5412,7854,42505848,17,-1,0,1,
cc_C94576,102795,0,0,90,5709,6369,36360621,22,-1,20,1,
cc_C94577,97119,0,0,0,5676,7524,42706224,19,-1,10,1,
cc_C94578,108504,7854,0,180,8613,4290,36949770,-1,-1,22,0,
cc_C94579,108504,0,0,180,5445,7854,42765030,23,21,19,1,
cc_C94580,113949,0,0,0,5412,7854,42505848,26,-1,22,1,
cc_C102137,129096,0,0,180,6369,5709,36360621,-1,-1,27,1,
cc_C102138,132264,5709,0,0,5676,7524,42706224,-1,-1,5,1,
cc_C102139,119361,0,0,270,4290,8613,36949770,27,-1,23,1,
cc_C102140,123651,0,0,180,5445,7854,42765030,24,28,26,1,
cc_C102141,123651,7854,0,90,7854,5412,42505848,-1,4,27,0,
cc_C109812,13266,0,0,270,5709,6369,36360621,13,-1,9,1,
cc_C109813,0,0,1,90,10752,8112,87220224,-1,-1,-1,0,
cc_C109814,7854,0,0,270,4290,8613,36949770,-1,-1,33,1,
cc_C109815,0,5676,0,90,7854,5445,42765030,-1,33,15,0,
cc_C109816,0,11121,0,270,7854,5412,42505848,31,8,32,0,
Wirelength: 449200
layer(tree) info:
layer: 0 ,width: 137940 ,height: 21945 ,area: 3027093300, filling_rate: 0.441031
layer: 1 ,width: 10752 ,height: 8112 ,area: 87220224, filling_rate: 1
random seed: 2
best wirelength: 449200
initial_num_perturbs: 1156
iter: 115600
best_iter: 98039
best_cost: 0.227868
reject_time: 36662
accept_inferior_time: 38998
update_best_time: 91
initial_wirelength: 1.2441e+06
initial_iter: 1156
initial_time: 0.016
total time cost: 2.063
