name,x,y,layer,rotated_angle,width,height,area,left,right,parent,is_from_left,
cc_C38060,0,0,0,0,6000,25920,155520000,1,12,-1,0,
cc_C40988,6000,0,0,180,6000,25920,155520000,-1,3,0,1,
cc_C43598,43920,25920,0,180,6000,25920,155520000,-1,-1,5,1,
cc_C46412,6000,25920,0,0,6000,25920,155520000,-1,-1,1,0,
cc_C48982,12000,6000,0,270,25920,6000,155520000,-1,13,9,0,
cc_C51792,18000,37920,0,90,25920,6000,155520000,2,20,10,0,
cc_C54385,0,0,1,0,8625,37030,319383750,-1,-1,-1,0,
cc_C57055,12000,24000,0,180,6000,25920,155520000,-1,31,14,0,
cc_C59668,43920,0,0,180,6000,25920,155520000,-1,-1,11,1,
cc_C62278,12000,0,0,270,25920,6000,155520000,-1,4,23,1,
cc_C65067,18000,31920,0,90,25920,6000,155520000,-1,5,15,0,
cc_C67839,37920,0,0,180,6000,25920,155520000,8,-1,13,1,
cc_C70494,0,25920,0,0,6000,25920,155520000,-1,29,0,0,
cc_C73068,12000,12000,0,270,25920,6000,155520000,11,14,4,0,
cc_C75794,12000,18000,0,90,25920,6000,155520000,-1,7,13,0,
cc_C78507,18000,25920,0,90,25920,6000,155520000,-1,10,28,1,
cc_C390725,18000,49920,0,270,25920,6000,155520000,-1,30,20,0,
cc_C393732,43920,51840,0,180,6000,25920,155520000,-1,-1,20,1,
cc_C396426,0,77760,0,0,6000,25920,155520000,23,-1,29,0,
cc_C399324,6000,77760,0,180,6000,25920,155520000,-1,-1,23,0,
cc_C401934,18000,43920,0,270,25920,6000,155520000,17,16,5,0,
cc_C404828,43920,77760,0,180,6000,25920,155520000,-1,-1,22,1,
cc_C407517,18000,67920,0,90,25920,6000,155520000,21,26,24,0,
cc_C410399,6000,51840,0,180,6000,25920,155520000,9,19,18,1,
cc_C413083,18000,61920,0,270,25920,6000,155520000,-1,22,30,0,
cc_C415825,18000,79920,0,90,25920,6000,155520000,-1,27,26,0,
cc_C418719,18000,73920,0,90,25920,6000,155520000,-1,25,22,0,
cc_C421704,18000,85920,0,90,25920,6000,155520000,-1,-1,25,0,
cc_C424482,12000,75840,0,180,6000,25920,155520000,15,-1,31,0,
cc_C427157,0,51840,0,0,6000,25920,155520000,-1,18,12,0,
cc_C429953,18000,55920,0,90,25920,6000,155520000,-1,24,16,0,
cc_C432668,12000,49920,0,180,6000,25920,155520000,-1,28,7,0,
Wirelength: 396571
layer(tree) info:
layer: 0 ,width: 49920 ,height: 103680 ,area: 5175705600, filling_rate: 0.93149
layer: 1 ,width: 8625 ,height: 37030 ,area: 319383750, filling_rate: 1
random seed: 1
best wirelength: 396571
initial_num_perturbs: 1024
iter: 102400
best_iter: 94890
best_cost: 0.20584
reject_time: 31125
accept_inferior_time: 27680
update_best_time: 52
initial_wirelength: 1.11975e+06
initial_iter: 1024
initial_time: 0.024
total time cost: 3.255
