name,x,y,layer,rotated_angle,width,height,area,left,right,parent,is_from_left,
cc_C8466,0,41613,0,270,5709,6369,36360621,-1,2,1,0,
cc_C8467,0,35244,0,270,5709,6369,36360621,-1,0,7,0,
cc_C16429,0,47982,0,180,5676,7524,42706224,-1,18,0,0,
cc_C16430,9735,43560,0,270,7524,5676,42706224,-1,9,5,0,
cc_C32011,9735,34980,0,180,8613,4290,36949770,-1,5,31,1,
cc_C32012,9735,39270,0,0,8613,4290,36949770,-1,3,4,0,
cc_C39784,12144,13530,0,180,5445,7854,42765030,-1,-1,20,0,
cc_C39785,0,29799,0,270,7854,5445,42765030,-1,1,25,0,
cc_C55552,9735,54648,0,0,5412,7854,42505848,-1,11,9,0,
cc_C55553,9735,49236,0,270,7854,5412,42505848,-1,8,3,0,
cc_C63404,0,60918,0,90,7854,5412,42505848,-1,17,18,0,
cc_C63405,9735,62502,0,180,5412,7854,42505848,-1,14,8,0,
cc_C71293,0,7854,0,90,7854,5412,42505848,-1,27,13,0,
cc_C71294,0,0,0,180,5412,7854,42505848,19,12,-1,0,
cc_C86866,9735,70356,0,270,5709,6369,36360621,-1,30,11,0,
cc_C86867,8613,29304,0,90,7524,5676,42706224,-1,-1,16,1,
cc_C86868,0,71775,0,180,8613,4290,36949770,15,33,17,0,
cc_C86869,0,66330,0,270,7854,5445,42765030,24,16,10,0,
cc_C86870,0,55506,0,90,7854,5412,42505848,26,10,2,0,
cc_C94576,5412,0,0,90,5709,6369,36360621,-1,-1,13,1,
cc_C94577,12144,7854,0,90,7524,5676,42706224,-1,6,22,0,
cc_C94578,7854,6369,0,270,4290,8613,36949770,22,-1,28,1,
cc_C94579,12144,0,0,180,5445,7854,42765030,-1,20,21,1,
cc_C94580,0,0,1,180,7728,11232,86800896,-1,-1,-1,0,
cc_C102137,7854,23595,0,180,6369,5709,36360621,-1,-1,17,1,
cc_C102138,0,24123,0,270,7524,5676,42706224,-1,7,28,0,
cc_C102139,7854,14982,0,90,4290,8613,36949770,-1,-1,18,1,
cc_C102140,0,13266,0,270,7854,5445,42765030,-1,28,12,0,
cc_C102141,0,18711,0,270,7854,5412,42505848,21,25,27,0,
cc_C109812,5445,84678,0,270,5709,6369,36360621,-1,-1,31,0,
cc_C109813,9735,76725,0,0,5676,7524,42706224,-1,-1,14,0,
cc_C109814,5445,76065,0,90,4290,8613,36949770,4,29,32,1,
cc_C109815,0,83919,0,180,5445,7854,42765030,31,-1,33,0,
cc_C109816,0,76065,0,0,5412,7854,42505848,-1,32,16,0,
Wirelength: 453351
layer(tree) info:
layer: 0 ,width: 19668 ,height: 91773 ,area: 1804991364, filling_rate: 0.73975
layer: 1 ,width: 7728 ,height: 11232 ,area: 86800896, filling_rate: 1
random seed: 6
best wirelength: 453351
initial_num_perturbs: 1156
iter: 115600
best_iter: 105576
best_cost: 0.180032
reject_time: 35174
accept_inferior_time: 39837
update_best_time: 73
initial_wirelength: 1.2441e+06
initial_iter: 1156
initial_time: 0.017
total time cost: 1.658
