name,x,y,layer,rotated_angle,width,height,area,left,right,parent,is_from_left,
cc_C2791,11616,0,1,270,8580,11319,97117020,-1,-1,3,1,
cc_C2792,0,11616,0,180,11319,8580,97117020,4,-1,2,0,
cc_C2793,0,0,0,90,8448,11616,98131968,5,1,-1,0,
cc_C2794,0,0,1,0,11616,8448,98131968,0,-1,-1,0,
cc_C2795,11319,8679,0,270,8679,11352,98524008,-1,-1,1,1,
cc_C2796,8448,0,0,0,11352,8679,98524008,-1,-1,2,1,
Wirelength: 69142
layer(tree) info:
layer: 0 ,width: 19998 ,height: 20196 ,area: 403879608, filling_rate: 0.971322
layer: 1 ,width: 20196 ,height: 11319 ,area: 228598524, filling_rate: 0.854113
random seed: 2
best wirelength: 69142
initial_num_perturbs: 36
iter: 3600
best_iter: 3150
best_cost: 0.414139
reject_time: 1488
accept_inferior_time: 1010
update_best_time: 6
initial_wirelength: 163778
initial_iter: 36
initial_time: 0.001
total time cost: 0.028
