name,x,y,layer,rotated_angle,width,height,area,left,right,parent,is_from_left,
cc_C38060,25920,54000,0,270,25920,6000,155520000,-1,2,10,0,
cc_C40988,0,90000,0,90,25920,6000,155520000,-1,-1,13,0,
cc_C43598,25920,60000,0,90,25920,6000,155520000,-1,9,0,0,
cc_C46412,0,72000,0,90,25920,6000,155520000,-1,4,15,0,
cc_C48982,0,78000,0,90,25920,6000,155520000,-1,13,3,0,
cc_C51792,25920,72000,0,270,25920,6000,155520000,-1,-1,9,0,
cc_C54385,25920,78000,0,270,25920,6000,155520000,-1,-1,23,1,
cc_C57055,25920,90000,0,90,25920,6000,155520000,-1,-1,24,1,
cc_C59668,0,48000,0,270,25920,6000,155520000,-1,11,24,0,
cc_C62278,25920,66000,0,90,25920,6000,155520000,-1,5,2,0,
cc_C65067,25920,48000,0,270,25920,6000,155520000,-1,0,26,0,
cc_C67839,0,54000,0,270,25920,6000,155520000,-1,14,8,0,
cc_C70494,25920,84000,0,90,25920,6000,155520000,-1,-1,19,1,
cc_C73068,0,84000,0,90,25920,6000,155520000,-1,1,4,0,
cc_C75794,0,60000,0,90,25920,6000,155520000,-1,15,11,0,
cc_C78507,0,66000,0,90,25920,6000,155520000,-1,3,14,0,
cc_C390725,25920,6000,0,270,25920,6000,155520000,-1,29,22,1,
cc_C393732,0,36000,0,90,25920,6000,155520000,-1,24,19,0,
cc_C396426,25920,18000,0,270,25920,6000,155520000,-1,31,29,0,
cc_C399324,0,30000,0,270,25920,6000,155520000,12,17,21,0,
cc_C401934,25920,30000,0,90,25920,6000,155520000,-1,27,31,0,
cc_C404828,0,24000,0,90,25920,6000,155520000,-1,19,23,0,
cc_C407517,0,12000,0,90,25920,6000,155520000,16,23,25,0,
cc_C410399,0,18000,0,270,25920,6000,155520000,6,21,22,0,
cc_C413083,0,42000,0,90,25920,6000,155520000,7,8,17,0,
cc_C415825,0,6000,0,270,25920,6000,155520000,30,22,28,0,
cc_C418719,25920,42000,0,90,25920,6000,155520000,-1,10,27,0,
cc_C421704,25920,36000,0,90,25920,6000,155520000,-1,26,20,0,
cc_C424482,0,0,0,270,25920,6000,155520000,-1,25,-1,0,
cc_C427157,25920,12000,0,270,25920,6000,155520000,-1,18,16,0,
cc_C429953,25920,0,0,270,25920,6000,155520000,-1,-1,25,1,
cc_C432668,25920,24000,0,90,25920,6000,155520000,-1,20,18,0,
Wirelength: 347222
layer(tree) info:
layer: 0 ,width: 51840 ,height: 96000 ,area: 4976640000, filling_rate: 1
layer: 1 ,width: 0 ,height: 0 ,area: 0, filling_rate: 1
random seed: 9
best wirelength: 347222
initial_num_perturbs: 1024
iter: 102400
best_iter: 94964
best_cost: 0.206763
reject_time: 29784
accept_inferior_time: 27331
update_best_time: 63
initial_wirelength: 1.11975e+06
initial_iter: 1024
initial_time: 0.022
total time cost: 2.477
