name,x,y,layer,rotated_angle,width,height,area,left,right,parent,is_from_left,
cc_C38060,31920,57840,0,180,6000,25920,155520000,12,-1,21,0,
cc_C40988,49920,61920,0,270,25920,6000,155520000,-1,-1,11,0,
cc_C43598,49920,31920,0,90,25920,6000,155520000,-1,4,9,0,
cc_C46412,37920,31920,0,180,6000,25920,155520000,-1,-1,21,1,
cc_C48982,49920,37920,0,270,25920,6000,155520000,-1,6,2,0,
cc_C51792,49920,49920,0,90,25920,6000,155520000,-1,11,6,0,
cc_C54385,49920,43920,0,90,25920,6000,155520000,-1,5,4,0,
cc_C57055,49920,67920,0,90,25920,6000,155520000,-1,-1,13,1,
cc_C59668,55920,6000,0,0,6000,25920,155520000,-1,-1,9,1,
cc_C62278,49920,6000,0,0,6000,25920,155520000,8,2,25,1,
cc_C65067,25920,51840,0,0,6000,25920,155520000,27,-1,31,1,
cc_C67839,49920,55920,0,270,25920,6000,155520000,-1,1,5,0,
cc_C70494,37920,57840,0,180,6000,25920,155520000,25,-1,0,1,
cc_C73068,43920,57840,0,180,6000,25920,155520000,7,-1,15,0,
cc_C75794,37920,6000,0,0,6000,25920,155520000,-1,-1,20,1,
cc_C78507,43920,31920,0,180,6000,25920,155520000,-1,13,25,0,
cc_C390725,25920,0,0,0,6000,25920,155520000,-1,-1,24,1,
cc_C393732,0,42000,0,90,25920,6000,155520000,-1,29,18,0,
cc_C396426,0,36000,0,90,25920,6000,155520000,-1,17,19,0,
cc_C399324,0,30000,0,90,25920,6000,155520000,-1,18,24,0,
cc_C401934,31920,6000,0,0,6000,25920,155520000,14,21,27,0,
cc_C404828,31920,31920,0,0,6000,25920,155520000,3,0,20,0,
cc_C407517,25920,25920,0,0,6000,25920,155520000,-1,-1,29,1,
cc_C410399,0,0,0,270,25920,6000,155520000,-1,26,-1,0,
cc_C413083,0,24000,0,90,25920,6000,155520000,16,19,28,0,
cc_C415825,43920,6000,0,180,6000,25920,155520000,9,15,12,1,
cc_C418719,0,6000,0,270,25920,6000,155520000,-1,30,23,0,
cc_C421704,31920,0,0,270,25920,6000,155520000,-1,20,10,1,
cc_C424482,0,18000,0,90,25920,6000,155520000,-1,24,30,0,
cc_C427157,0,48000,0,90,25920,6000,155520000,22,31,17,0,
cc_C429953,0,12000,0,90,25920,6000,155520000,-1,28,26,0,
cc_C432668,0,54000,0,90,25920,6000,155520000,10,-1,29,0,
Wirelength: 393238
layer(tree) info:
layer: 0 ,width: 75840 ,height: 83760 ,area: 6352358400, filling_rate: 0.783432
layer: 1 ,width: 0 ,height: 0 ,area: 0, filling_rate: 1
random seed: 4
best wirelength: 393238
initial_num_perturbs: 1024
iter: 102400
best_iter: 97227
best_cost: 0.221417
reject_time: 31525
accept_inferior_time: 27549
update_best_time: 55
initial_wirelength: 1.11975e+06
initial_iter: 1024
initial_time: 0.022
total time cost: 2.855
