name,x,y,layer,rotated_angle,width,height,area,left,right,parent,is_from_left,
cc_C38060,6000,31920,0,0,6000,25920,155520000,-1,21,11,0,
cc_C40988,37920,25920,0,180,6000,25920,155520000,-1,-1,17,1,
cc_C43598,0,0,1,270,37030,8625,319383750,-1,15,-1,0,
cc_C46412,0,25920,0,0,6000,25920,155520000,-1,30,6,0,
cc_C48982,37920,0,0,180,6000,25920,155520000,-1,-1,18,1,
cc_C51792,12000,18000,0,90,25920,6000,155520000,-1,7,10,0,
cc_C54385,0,0,0,0,6000,25920,155520000,-1,3,-1,0,
cc_C57055,12000,24000,0,90,25920,6000,155520000,-1,9,5,0,
cc_C59668,12000,36000,0,90,25920,6000,155520000,-1,18,9,0,
cc_C62278,12000,30000,0,270,25920,6000,155520000,-1,8,7,0,
cc_C65067,12000,12000,0,90,25920,6000,155520000,-1,5,25,1,
cc_C67839,6000,6000,0,0,6000,25920,155520000,-1,0,13,0,
cc_C70494,12000,6000,0,90,25920,6000,155520000,-1,-1,21,1,
cc_C73068,6000,0,0,270,25920,6000,155520000,-1,11,28,1,
cc_C75794,37920,51840,0,180,6000,25920,155520000,-1,-1,23,1,
cc_C78507,0,8625,1,90,37030,8625,319383750,-1,-1,2,0,
cc_C390725,12000,78000,0,90,25920,6000,155520000,-1,19,29,0,
cc_C393732,12000,66000,0,270,25920,6000,155520000,1,29,24,0,
cc_C396426,12000,42000,0,270,25920,6000,155520000,4,22,8,0,
cc_C399324,12000,84000,0,90,25920,6000,155520000,-1,27,16,0,
cc_C401934,12000,96000,0,90,25920,6000,155520000,-1,31,27,0,
cc_C404828,6000,57840,0,180,6000,25920,155520000,12,25,0,0,
cc_C407517,12000,48000,0,270,25920,6000,155520000,-1,26,18,0,
cc_C410399,12000,108000,0,90,25920,6000,155520000,14,-1,31,0,
cc_C413083,12000,60000,0,270,25920,6000,155520000,-1,17,26,0,
cc_C415825,6000,83760,0,180,6000,25920,155520000,10,-1,21,0,
cc_C418719,12000,54000,0,90,25920,6000,155520000,-1,24,22,0,
cc_C421704,12000,90000,0,90,25920,6000,155520000,-1,20,19,0,
cc_C424482,0,77760,0,0,6000,25920,155520000,13,-1,30,0,
cc_C427157,12000,72000,0,90,25920,6000,155520000,-1,16,17,0,
cc_C429953,0,51840,0,0,6000,25920,155520000,-1,28,3,0,
cc_C432668,12000,102000,0,90,25920,6000,155520000,-1,23,20,0,
Wirelength: 442366
layer(tree) info:
layer: 0 ,width: 43920 ,height: 114000 ,area: 5006880000, filling_rate: 0.931838
layer: 1 ,width: 37030 ,height: 17250 ,area: 638767500, filling_rate: 1
random seed: 3
best wirelength: 442366
initial_num_perturbs: 1024
iter: 102400
best_iter: 88389
best_cost: 0.228183
reject_time: 31192
accept_inferior_time: 28070
update_best_time: 45
initial_wirelength: 1.11975e+06
initial_iter: 1024
initial_time: 0.03
total time cost: 2.488
