name,x,y,layer,rotated_angle,width,height,area,left,right,parent,is_from_left,
cc_C38060,43920,18000,0,90,25920,6000,155520000,-1,2,3,0,
cc_C40988,43920,36000,0,90,25920,6000,155520000,-1,21,17,1,
cc_C43598,43920,24000,0,90,25920,6000,155520000,-1,10,0,0,
cc_C46412,43920,12000,0,90,25920,6000,155520000,-1,0,6,1,
cc_C48982,6000,6000,0,270,25920,6000,155520000,11,9,7,0,
cc_C51792,18000,30000,0,90,25920,6000,155520000,24,8,17,0,
cc_C54385,18000,18000,0,90,25920,6000,155520000,3,17,28,1,
cc_C57055,6000,0,0,270,25920,6000,155520000,-1,4,27,1,
cc_C59668,18000,36000,0,90,25920,6000,155520000,25,26,5,0,
cc_C62278,6000,12000,0,0,6000,25920,155520000,12,22,4,0,
cc_C65067,43920,30000,0,90,25920,6000,155520000,-1,-1,2,0,
cc_C67839,31920,0,0,270,25920,6000,155520000,-1,-1,4,1,
cc_C70494,12000,12000,0,90,25920,6000,155520000,13,-1,9,1,
cc_C73068,37920,6000,0,90,25920,6000,155520000,-1,-1,12,1,
cc_C75794,0,0,0,0,6000,25920,155520000,-1,18,-1,0,
cc_C78507,0,0,1,0,8625,37030,319383750,-1,-1,-1,0,
cc_C390725,18000,48000,0,270,25920,6000,155520000,19,30,26,0,
cc_C393732,18000,24000,0,270,25920,6000,155520000,1,5,6,0,
cc_C396426,0,25920,0,0,6000,25920,155520000,-1,27,14,0,
cc_C399324,43920,66000,0,90,25920,6000,155520000,-1,-1,16,1,
cc_C401934,18000,66000,0,90,25920,6000,155520000,-1,-1,29,0,
cc_C404828,43920,42000,0,90,25920,6000,155520000,-1,-1,1,0,
cc_C407517,6000,37920,0,180,6000,25920,155520000,28,-1,9,0,
cc_C410399,12000,43920,0,180,6000,25920,155520000,29,-1,28,0,
cc_C413083,43920,48000,0,270,25920,6000,155520000,-1,-1,5,1,
cc_C415825,43920,54000,0,270,25920,6000,155520000,-1,-1,8,1,
cc_C418719,18000,42000,0,270,25920,6000,155520000,31,16,8,0,
cc_C421704,0,51840,0,0,6000,25920,155520000,7,-1,18,0,
cc_C424482,12000,18000,0,0,6000,25920,155520000,6,23,22,1,
cc_C427157,18000,60000,0,90,25920,6000,155520000,-1,20,23,1,
cc_C429953,18000,54000,0,270,25920,6000,155520000,-1,-1,16,0,
cc_C432668,43920,60000,0,90,25920,6000,155520000,-1,-1,26,1,
Wirelength: 391568
layer(tree) info:
layer: 0 ,width: 69840 ,height: 77760 ,area: 5430758400, filling_rate: 0.887743
layer: 1 ,width: 8625 ,height: 37030 ,area: 319383750, filling_rate: 1
random seed: 10
best wirelength: 391568
initial_num_perturbs: 1024
iter: 102400
best_iter: 101836
best_cost: 0.208186
reject_time: 30387
accept_inferior_time: 28069
update_best_time: 55
initial_wirelength: 1.11975e+06
initial_iter: 1024
initial_time: 0.024
total time cost: 2.479
