name,x,y,layer,rotated_angle,width,height,area,left,right,parent,is_from_left,
cc_C38060,0,72000,0,90,25920,6000,155520000,26,-1,4,0,
cc_C40988,51840,51840,0,270,25920,6000,155520000,-1,-1,16,1,
cc_C43598,51840,57840,0,270,25920,6000,155520000,-1,6,12,1,
cc_C46412,25920,48000,0,270,25920,6000,155520000,-1,12,9,0,
cc_C48982,0,66000,0,90,25920,6000,155520000,-1,0,13,0,
cc_C51792,25920,66000,0,90,25920,6000,155520000,-1,7,8,0,
cc_C54385,51840,63840,0,270,25920,6000,155520000,-1,-1,2,0,
cc_C57055,25920,72000,0,90,25920,6000,155520000,-1,-1,5,0,
cc_C59668,25920,60000,0,270,25920,6000,155520000,-1,5,12,0,
cc_C62278,25920,42000,0,270,25920,6000,155520000,-1,3,16,0,
cc_C65067,0,48000,0,90,25920,6000,155520000,-1,14,15,0,
cc_C67839,51840,25920,0,0,6000,25920,155520000,-1,-1,22,1,
cc_C70494,25920,54000,0,270,25920,6000,155520000,2,8,3,0,
cc_C73068,0,60000,0,90,25920,6000,155520000,-1,4,14,0,
cc_C75794,0,54000,0,90,25920,6000,155520000,-1,13,10,0,
cc_C78507,0,42000,0,90,25920,6000,155520000,-1,10,25,0,
cc_C390725,25920,36000,0,90,25920,6000,155520000,1,9,22,0,
cc_C393732,0,18000,0,90,25920,6000,155520000,-1,18,30,0,
cc_C396426,0,24000,0,270,25920,6000,155520000,-1,20,17,0,
cc_C399324,0,6000,0,270,25920,6000,155520000,-1,30,28,0,
cc_C401934,0,30000,0,90,25920,6000,155520000,-1,25,18,0,
cc_C404828,51840,0,0,0,6000,25920,155520000,27,-1,29,1,
cc_C407517,25920,30000,0,90,25920,6000,155520000,11,16,29,0,
cc_C410399,25920,12000,0,270,25920,6000,155520000,-1,24,31,0,
cc_C413083,25920,18000,0,90,25920,6000,155520000,-1,29,23,0,
cc_C415825,0,36000,0,90,25920,6000,155520000,-1,15,20,0,
cc_C418719,25920,0,0,270,25920,6000,155520000,-1,31,0,1,
cc_C421704,57840,0,0,180,6000,25920,155520000,-1,-1,21,1,
cc_C424482,0,0,0,270,25920,6000,155520000,-1,19,-1,0,
cc_C427157,25920,24000,0,90,25920,6000,155520000,21,22,24,0,
cc_C429953,0,12000,0,90,25920,6000,155520000,-1,17,19,0,
cc_C432668,25920,6000,0,270,25920,6000,155520000,-1,23,26,0,
Wirelength: 394758
layer(tree) info:
layer: 0 ,width: 77760 ,height: 78000 ,area: 6065280000, filling_rate: 0.820513
layer: 1 ,width: 0 ,height: 0 ,area: 0, filling_rate: 1
random seed: 7
best wirelength: 394758
initial_num_perturbs: 1024
iter: 102400
best_iter: 99481
best_cost: 0.251446
reject_time: 30749
accept_inferior_time: 27260
update_best_time: 57
initial_wirelength: 1.11975e+06
initial_iter: 1024
initial_time: 0.024
total time cost: 2.463
