name,x,y,layer,rotated_angle,width,height,area,left,right,parent,is_from_left,
cc_C8466,0,144144,0,270,5709,6369,36360621,2,-1,1,0,
cc_C8467,0,137775,0,270,5709,6369,36360621,-1,0,8,0,
cc_C16429,5709,137775,0,0,5676,7524,42706224,-1,3,0,1,
cc_C16430,5709,145299,0,270,7524,5676,42706224,-1,-1,2,0,
cc_C32011,0,66957,0,0,8613,4290,36949770,-1,5,15,0,
cc_C32012,0,71247,0,0,8613,4290,36949770,-1,6,4,0,
cc_C39784,0,75537,0,270,7854,5445,42765030,-1,11,5,0,
cc_C39785,7524,91806,0,180,5445,7854,42765030,-1,-1,20,1,
cc_C55552,0,132363,0,270,7854,5412,42505848,9,1,25,0,
cc_C55553,7854,127644,0,180,5412,7854,42505848,-1,-1,8,1,
cc_C63404,0,86394,0,270,7854,5412,42505848,-1,20,11,0,
cc_C63405,0,80982,0,270,7854,5412,42505848,-1,10,6,0,
cc_C71293,0,34353,0,90,7854,5412,42505848,-1,18,13,0,
cc_C71294,0,28941,0,90,7854,5412,42505848,-1,12,29,0,
cc_C86866,0,54912,0,90,5709,6369,36360621,-1,15,16,0,
cc_C86867,0,61281,0,90,7524,5676,42706224,-1,4,14,0,
cc_C86868,0,50622,0,0,8613,4290,36949770,-1,14,17,0,
cc_C86869,0,45177,0,270,7854,5445,42765030,-1,16,18,0,
cc_C86870,0,39765,0,270,7854,5412,42505848,-1,17,12,0,
cc_C94576,4290,99660,0,0,6369,5709,36360621,-1,-1,21,1,
cc_C94577,0,91806,0,270,7524,5676,42706224,7,21,10,0,
cc_C94578,0,97482,0,270,4290,8613,36949770,19,22,20,0,
cc_C94579,0,106095,0,90,7854,5445,42765030,-1,27,21,0,
cc_C94580,7854,105369,0,0,5412,7854,42505848,-1,-1,27,1,
cc_C102137,7854,121275,0,90,5709,6369,36360621,-1,-1,28,1,
cc_C102138,0,126687,0,270,7524,5676,42706224,-1,8,28,0,
cc_C102139,0,116985,0,180,8613,4290,36949770,-1,28,27,0,
cc_C102140,0,111540,0,90,7854,5445,42765030,23,26,22,0,
cc_C102141,0,121275,0,90,7854,5412,42505848,24,25,26,0,
cc_C109812,0,23232,0,180,6369,5709,36360621,-1,13,31,0,
cc_C109813,0,13266,0,270,7524,5676,42706224,-1,31,33,0,
cc_C109814,0,18942,0,0,8613,4290,36949770,-1,29,30,0,
cc_C109815,0,0,0,0,5445,7854,42765030,-1,33,-1,0,
cc_C109816,0,7854,0,270,7854,5412,42505848,-1,30,32,0,
Wirelength: 421089
layer(tree) info:
layer: 0 ,width: 13563 ,height: 150975 ,area: 2047673925, filling_rate: 0.672836
layer: 1 ,width: 0 ,height: 0 ,area: 0, filling_rate: 1
random seed: 10
best wirelength: 421089
initial_num_perturbs: 1156
iter: 115600
best_iter: 105659
best_cost: 0.175125
reject_time: 35352
accept_inferior_time: 39787
update_best_time: 101
initial_wirelength: 1.2441e+06
initial_iter: 1156
initial_time: 0.016
total time cost: 1.671
