name,x,y,layer,rotated_angle,width,height,area,left,right,parent,is_from_left,
cc_C8466,0,11352,0,90,5709,6369,36360621,-1,1,3,0,
cc_C8467,0,17721,0,0,6369,5709,36360621,-1,16,0,0,
cc_C16429,0,0,0,90,7524,5676,42706224,-1,3,-1,0,
cc_C16430,0,5676,0,90,7524,5676,42706224,-1,0,2,0,
cc_C32011,0,108834,0,0,8613,4290,36949770,-1,5,23,0,
cc_C32012,0,113124,0,0,8613,4290,36949770,-1,7,4,0,
cc_C39784,0,171039,0,270,7854,5445,42765030,-1,15,9,0,
cc_C39785,0,117414,0,90,7854,5445,42765030,-1,33,5,0,
cc_C55552,0,160215,0,90,7854,5412,42505848,-1,9,10,0,
cc_C55553,0,165627,0,90,7854,5412,42505848,-1,6,8,0,
cc_C63404,0,154803,0,270,7854,5412,42505848,-1,8,11,0,
cc_C63405,0,149391,0,270,7854,5412,42505848,-1,10,29,0,
cc_C71293,0,49698,0,90,7854,5412,42505848,-1,24,13,0,
cc_C71294,0,44286,0,270,7854,5412,42505848,-1,12,14,0,
cc_C86866,0,38577,0,0,6369,5709,36360621,-1,13,18,0,
cc_C86867,0,176484,0,270,7524,5676,42706224,-1,-1,6,0,
cc_C86868,0,23430,0,180,8613,4290,36949770,-1,17,1,0,
cc_C86869,0,27720,0,90,7854,5445,42765030,-1,18,16,0,
cc_C86870,0,33165,0,90,7854,5412,42505848,-1,14,17,0,
cc_C94576,0,87978,0,0,6369,5709,36360621,-1,21,20,0,
cc_C94577,0,82302,0,270,7524,5676,42706224,-1,19,27,0,
cc_C94578,0,93687,0,180,8613,4290,36949770,-1,22,19,0,
cc_C94579,0,97977,0,90,7854,5445,42765030,-1,23,21,0,
cc_C94580,0,103422,0,270,7854,5412,42505848,-1,4,22,0,
cc_C102137,0,55110,0,270,5709,6369,36360621,-1,25,12,0,
cc_C102138,0,61479,0,90,7524,5676,42706224,-1,28,24,0,
cc_C102139,0,72567,0,0,8613,4290,36949770,-1,27,28,0,
cc_C102140,0,76857,0,90,7854,5445,42765030,-1,20,26,0,
cc_C102141,0,67155,0,90,7854,5412,42505848,-1,26,25,0,
cc_C109812,0,143682,0,180,6369,5709,36360621,-1,11,31,0,
cc_C109813,0,133716,0,270,7524,5676,42706224,-1,31,32,0,
cc_C109814,0,139392,0,0,8613,4290,36949770,-1,29,30,0,
cc_C109815,0,128271,0,270,7854,5445,42765030,-1,30,33,0,
cc_C109816,0,122859,0,90,7854,5412,42505848,-1,32,7,0,
Wirelength: 484576
layer(tree) info:
layer: 0 ,width: 8613 ,height: 182160 ,area: 1568944080, filling_rate: 0.878137
layer: 1 ,width: 0 ,height: 0 ,area: 0, filling_rate: 1
random seed: 7
alpha: 0.5
best wirelength: 484576
initial_num_perturbs: 1156
iter: 3468000
best_iter: 2961659
best_cost: 0.251429
reject_time: 1050874
accept_inferior_time: 1196126
update_best_time: 98
initial_average_wirelength: 2.22602e+06
initial_iter: 1156
initial_time: 0.014
total time cost: 42.36
