name,x,y,layer,rotated_angle,width,height,area,left,right,parent,is_from_left,
cc_C38060,25920,60000,0,90,25920,6000,155520000,-1,-1,8,0,
cc_C40988,25920,90000,0,90,25920,6000,155520000,-1,-1,5,1,
cc_C43598,25920,66000,0,90,25920,6000,155520000,-1,-1,26,1,
cc_C46412,0,66000,0,270,25920,6000,155520000,-1,15,7,0,
cc_C48982,25920,84000,0,90,25920,6000,155520000,-1,-1,9,1,
cc_C51792,0,54000,0,270,25920,6000,155520000,1,7,9,0,
cc_C54385,0,90000,0,90,25920,6000,155520000,-1,-1,13,0,
cc_C57055,0,60000,0,270,25920,6000,155520000,-1,3,5,0,
cc_C59668,25920,54000,0,270,25920,6000,155520000,-1,0,10,0,
cc_C62278,0,48000,0,270,25920,6000,155520000,4,5,31,0,
cc_C65067,25920,48000,0,270,25920,6000,155520000,-1,8,30,0,
cc_C67839,25920,78000,0,270,25920,6000,155520000,-1,-1,31,1,
cc_C70494,25920,72000,0,90,25920,6000,155520000,-1,-1,18,1,
cc_C73068,0,84000,0,90,25920,6000,155520000,-1,6,14,0,
cc_C75794,0,78000,0,90,25920,6000,155520000,-1,13,15,0,
cc_C78507,0,72000,0,270,25920,6000,155520000,-1,14,3,0,
cc_C390725,0,18000,0,90,25920,6000,155520000,-1,24,26,0,
cc_C393732,25920,12000,0,270,25920,6000,155520000,-1,25,29,0,
cc_C396426,0,36000,0,90,25920,6000,155520000,12,31,20,0,
cc_C399324,0,0,0,270,25920,6000,155520000,27,23,-1,0,
cc_C401934,0,30000,0,90,25920,6000,155520000,-1,18,24,0,
cc_C404828,25920,30000,0,90,25920,6000,155520000,-1,22,28,0,
cc_C407517,25920,36000,0,90,25920,6000,155520000,-1,30,21,0,
cc_C410399,0,6000,0,270,25920,6000,155520000,-1,26,19,0,
cc_C413083,0,24000,0,270,25920,6000,155520000,-1,20,16,0,
cc_C415825,25920,18000,0,90,25920,6000,155520000,-1,28,17,0,
cc_C418719,0,12000,0,90,25920,6000,155520000,2,16,23,0,
cc_C421704,25920,0,0,270,25920,6000,155520000,-1,29,19,1,
cc_C424482,25920,24000,0,90,25920,6000,155520000,-1,21,25,0,
cc_C427157,25920,6000,0,270,25920,6000,155520000,-1,17,27,0,
cc_C429953,25920,42000,0,90,25920,6000,155520000,-1,10,22,0,
cc_C432668,0,42000,0,90,25920,6000,155520000,11,9,18,0,
Wirelength: 347222
layer(tree) info:
layer: 0 ,width: 51840 ,height: 96000 ,area: 4976640000, filling_rate: 1
layer: 1 ,width: 0 ,height: 0 ,area: 0, filling_rate: 1
random seed: 1
alpha: 0.5
best wirelength: 347222
initial_num_perturbs: 1024
iter: 3072000
best_iter: 2670169
best_cost: 0.159267
reject_time: 861787
accept_inferior_time: 832416
update_best_time: 68
initial_average_wirelength: 1.86663e+06
initial_iter: 1024
initial_time: 0.026
total time cost: 72.205
