name,x,y,layer,rotated_angle,width,height,area,left,right,parent,is_from_left,
cc_C38060,25920,0,0,270,25920,6000,155520000,-1,-1,9,1,
cc_C40988,25920,24000,0,270,25920,6000,155520000,-1,-1,2,1,
cc_C43598,0,30000,0,270,25920,6000,155520000,1,12,11,0,
cc_C46412,0,6000,0,270,25920,6000,155520000,5,15,9,0,
cc_C48982,25920,36000,0,90,25920,6000,155520000,-1,8,14,0,
cc_C51792,25920,6000,0,270,25920,6000,155520000,-1,13,3,1,
cc_C54385,0,42000,0,90,25920,6000,155520000,29,17,12,0,
cc_C57055,0,18000,0,90,25920,6000,155520000,-1,11,15,0,
cc_C59668,25920,42000,0,90,25920,6000,155520000,-1,24,4,0,
cc_C62278,0,0,0,270,25920,6000,155520000,0,3,-1,0,
cc_C65067,25920,18000,0,270,25920,6000,155520000,-1,-1,15,1,
cc_C67839,0,24000,0,90,25920,6000,155520000,-1,2,7,0,
cc_C70494,0,36000,0,90,25920,6000,155520000,14,6,2,0,
cc_C73068,25920,12000,0,90,25920,6000,155520000,-1,-1,5,0,
cc_C75794,25920,30000,0,90,25920,6000,155520000,-1,4,12,1,
cc_C78507,0,12000,0,270,25920,6000,155520000,10,7,3,0,
cc_C390725,25920,54000,0,270,25920,6000,155520000,-1,30,24,0,
cc_C393732,0,48000,0,270,25920,6000,155520000,-1,28,6,0,
cc_C396426,0,78000,0,90,25920,6000,155520000,-1,23,31,0,
cc_C399324,25920,90000,0,90,25920,6000,155520000,-1,-1,25,0,
cc_C401934,25920,66000,0,90,25920,6000,155520000,-1,27,30,0,
cc_C404828,0,60000,0,90,25920,6000,155520000,-1,22,28,0,
cc_C407517,0,66000,0,270,25920,6000,155520000,25,31,21,0,
cc_C410399,0,84000,0,90,25920,6000,155520000,-1,26,18,0,
cc_C413083,25920,48000,0,270,25920,6000,155520000,-1,16,8,0,
cc_C415825,25920,84000,0,90,25920,6000,155520000,-1,19,22,1,
cc_C418719,0,90000,0,90,25920,6000,155520000,-1,-1,23,0,
cc_C421704,25920,72000,0,90,25920,6000,155520000,-1,-1,20,0,
cc_C424482,0,54000,0,270,25920,6000,155520000,-1,21,17,0,
cc_C427157,25920,78000,0,90,25920,6000,155520000,-1,-1,6,1,
cc_C429953,25920,60000,0,90,25920,6000,155520000,-1,20,16,0,
cc_C432668,0,72000,0,90,25920,6000,155520000,-1,18,22,0,
Wirelength: 347222
layer(tree) info:
layer: 0 ,width: 51840 ,height: 96000 ,area: 4976640000, filling_rate: 1
layer: 1 ,width: 0 ,height: 0 ,area: 0, filling_rate: 1
random seed: 2
alpha: 0.5
best wirelength: 347222
initial_num_perturbs: 1024
iter: 3072000
best_iter: 2718000
best_cost: 0.150228
reject_time: 862269
accept_inferior_time: 836188
update_best_time: 54
initial_average_wirelength: 1.91547e+06
initial_iter: 1024
initial_time: 0.021
total time cost: 70.149
