name,x,y,layer,rotated_angle,width,height,area,left,right,parent,is_from_left,
cc_C38060,25920,6000,0,270,25920,6000,155520000,-1,9,6,0,
cc_C40988,0,36000,0,90,25920,6000,155520000,-1,5,15,0,
cc_C43598,25920,18000,0,270,25920,6000,155520000,-1,7,9,0,
cc_C46412,25920,42000,0,90,25920,6000,155520000,-1,20,11,0,
cc_C48982,0,6000,0,270,25920,6000,155520000,27,10,13,0,
cc_C51792,0,42000,0,90,25920,6000,155520000,29,30,1,0,
cc_C54385,25920,0,0,270,25920,6000,155520000,-1,0,13,1,
cc_C57055,25920,24000,0,90,25920,6000,155520000,-1,8,2,0,
cc_C59668,25920,30000,0,90,25920,6000,155520000,-1,11,7,0,
cc_C62278,25920,12000,0,270,25920,6000,155520000,-1,2,0,0,
cc_C65067,0,12000,0,90,25920,6000,155520000,26,12,4,0,
cc_C67839,25920,36000,0,90,25920,6000,155520000,-1,3,8,0,
cc_C70494,0,18000,0,90,25920,6000,155520000,-1,14,10,0,
cc_C73068,0,0,0,270,25920,6000,155520000,6,4,-1,0,
cc_C75794,0,24000,0,270,25920,6000,155520000,-1,15,12,0,
cc_C78507,0,30000,0,270,25920,6000,155520000,-1,1,14,0,
cc_C390725,0,66000,0,90,25920,6000,155520000,22,24,17,0,
cc_C393732,0,60000,0,90,25920,6000,155520000,25,16,21,0,
cc_C396426,25920,54000,0,270,25920,6000,155520000,-1,-1,20,0,
cc_C399324,0,90000,0,90,25920,6000,155520000,28,-1,23,0,
cc_C401934,25920,48000,0,270,25920,6000,155520000,-1,18,3,0,
cc_C404828,0,54000,0,270,25920,6000,155520000,-1,17,30,0,
cc_C407517,25920,84000,0,90,25920,6000,155520000,-1,-1,16,1,
cc_C410399,0,84000,0,90,25920,6000,155520000,-1,19,31,0,
cc_C413083,0,72000,0,270,25920,6000,155520000,-1,31,16,0,
cc_C415825,25920,78000,0,270,25920,6000,155520000,-1,-1,17,1,
cc_C418719,25920,66000,0,90,25920,6000,155520000,-1,-1,10,1,
cc_C421704,25920,60000,0,270,25920,6000,155520000,-1,-1,4,1,
cc_C424482,25920,90000,0,90,25920,6000,155520000,-1,-1,19,1,
cc_C427157,25920,72000,0,270,25920,6000,155520000,-1,-1,5,1,
cc_C429953,0,48000,0,270,25920,6000,155520000,-1,21,5,0,
cc_C432668,0,78000,0,90,25920,6000,155520000,-1,23,24,0,
Wirelength: 347222
layer(tree) info:
layer: 0 ,width: 51840 ,height: 96000 ,area: 4976640000, filling_rate: 1
layer: 1 ,width: 0 ,height: 0 ,area: 0, filling_rate: 1
random seed: 10
alpha: 0.5
best wirelength: 347222
initial_num_perturbs: 1024
iter: 3072000
best_iter: 2946945
best_cost: 0.1749
reject_time: 883954
accept_inferior_time: 822155
update_best_time: 56
initial_average_wirelength: 1.86144e+06
initial_iter: 1024
initial_time: 0.022
total time cost: 72.306
