name,x,y,layer,rotated_angle,width,height,area,left,right,parent,is_from_left,
cc_C38060,25920,78000,0,270,25920,6000,155520000,-1,-1,3,1,
cc_C40988,0,42000,0,90,25920,6000,155520000,15,14,24,0,
cc_C43598,0,78000,0,90,25920,6000,155520000,-1,3,6,0,
cc_C46412,0,84000,0,90,25920,6000,155520000,0,11,2,0,
cc_C48982,25920,60000,0,90,25920,6000,155520000,-1,-1,8,0,
cc_C51792,0,54000,0,90,25920,6000,155520000,-1,12,14,0,
cc_C54385,0,72000,0,90,25920,6000,155520000,-1,2,7,0,
cc_C57055,0,66000,0,90,25920,6000,155520000,-1,6,12,0,
cc_C59668,25920,54000,0,90,25920,6000,155520000,-1,4,31,0,
cc_C62278,25920,90000,0,90,25920,6000,155520000,-1,-1,10,0,
cc_C65067,25920,84000,0,90,25920,6000,155520000,-1,9,11,1,
cc_C67839,0,90000,0,90,25920,6000,155520000,10,-1,3,0,
cc_C70494,0,60000,0,90,25920,6000,155520000,-1,7,5,0,
cc_C73068,25920,66000,0,270,25920,6000,155520000,-1,-1,27,1,
cc_C75794,0,48000,0,90,25920,6000,155520000,-1,5,1,0,
cc_C78507,25920,72000,0,90,25920,6000,155520000,-1,-1,1,1,
cc_C390725,0,0,0,270,25920,6000,155520000,25,18,-1,0,
cc_C393732,0,30000,0,90,25920,6000,155520000,-1,24,20,0,
cc_C396426,0,6000,0,270,25920,6000,155520000,30,21,16,0,
cc_C399324,25920,42000,0,90,25920,6000,155520000,-1,31,23,0,
cc_C401934,0,24000,0,270,25920,6000,155520000,-1,17,27,0,
cc_C404828,0,12000,0,90,25920,6000,155520000,23,27,18,0,
cc_C407517,25920,18000,0,90,25920,6000,155520000,-1,29,28,0,
cc_C410399,25920,36000,0,90,25920,6000,155520000,-1,19,21,1,
cc_C413083,0,36000,0,270,25920,6000,155520000,-1,1,17,0,
cc_C415825,25920,0,0,270,25920,6000,155520000,-1,26,16,1,
cc_C418719,25920,6000,0,90,25920,6000,155520000,-1,28,25,0,
cc_C421704,0,18000,0,90,25920,6000,155520000,13,20,21,0,
cc_C424482,25920,12000,0,90,25920,6000,155520000,-1,22,26,0,
cc_C427157,25920,24000,0,90,25920,6000,155520000,-1,-1,22,0,
cc_C429953,25920,30000,0,270,25920,6000,155520000,-1,-1,18,1,
cc_C432668,25920,48000,0,90,25920,6000,155520000,-1,8,19,0,
Wirelength: 365090
layer(tree) info:
layer: 0 ,width: 51840 ,height: 96000 ,area: 4976640000, filling_rate: 1
layer: 1 ,width: 0 ,height: 0 ,area: 0, filling_rate: 1
random seed: 7
alpha: 0.5
best wirelength: 365090
initial_num_perturbs: 1024
iter: 3072000
best_iter: 2532571
best_cost: 0.191635
reject_time: 923122
accept_inferior_time: 816992
update_best_time: 48
initial_average_wirelength: 1.518e+06
initial_iter: 1024
initial_time: 0.024
total time cost: 76.743
