name,x,y,layer,rotated_angle,width,height,area,left,right,parent,is_from_left,
cc_C38060,0,36000,0,90,25920,6000,155520000,-1,15,12,0,
cc_C40988,25920,30000,0,90,25920,6000,155520000,-1,11,13,1,
cc_C43598,25920,18000,0,90,25920,6000,155520000,-1,14,3,0,
cc_C46412,25920,12000,0,90,25920,6000,155520000,-1,2,6,0,
cc_C48982,0,18000,0,90,25920,6000,155520000,9,10,13,0,
cc_C51792,0,0,0,270,25920,6000,155520000,8,7,-1,0,
cc_C54385,25920,6000,0,270,25920,6000,155520000,-1,3,8,0,
cc_C57055,0,6000,0,270,25920,6000,155520000,-1,13,5,0,
cc_C59668,25920,0,0,270,25920,6000,155520000,-1,6,5,1,
cc_C62278,25920,42000,0,90,25920,6000,155520000,-1,25,4,1,
cc_C65067,0,24000,0,270,25920,6000,155520000,23,12,4,0,
cc_C67839,25920,36000,0,90,25920,6000,155520000,-1,-1,1,0,
cc_C70494,0,30000,0,90,25920,6000,155520000,21,0,10,0,
cc_C73068,0,12000,0,90,25920,6000,155520000,1,4,7,0,
cc_C75794,25920,24000,0,90,25920,6000,155520000,-1,-1,2,0,
cc_C78507,0,42000,0,90,25920,6000,155520000,29,27,0,0,
cc_C390725,0,84000,0,90,25920,6000,155520000,30,26,18,0,
cc_C393732,25920,60000,0,270,25920,6000,155520000,-1,-1,31,0,
cc_C396426,0,78000,0,270,25920,6000,155520000,-1,16,24,0,
cc_C399324,0,54000,0,270,25920,6000,155520000,-1,22,27,0,
cc_C401934,25920,84000,0,90,25920,6000,155520000,-1,-1,27,1,
cc_C404828,25920,72000,0,90,25920,6000,155520000,-1,-1,12,1,
cc_C407517,0,60000,0,90,25920,6000,155520000,-1,28,19,0,
cc_C410399,25920,66000,0,90,25920,6000,155520000,-1,-1,10,1,
cc_C413083,0,72000,0,270,25920,6000,155520000,-1,18,28,0,
cc_C415825,25920,48000,0,270,25920,6000,155520000,-1,31,9,0,
cc_C418719,0,90000,0,90,25920,6000,155520000,-1,-1,16,0,
cc_C421704,0,48000,0,270,25920,6000,155520000,20,19,15,0,
cc_C424482,0,66000,0,90,25920,6000,155520000,-1,24,22,0,
cc_C427157,25920,78000,0,90,25920,6000,155520000,-1,-1,15,1,
cc_C429953,25920,90000,0,90,25920,6000,155520000,-1,-1,16,1,
cc_C432668,25920,54000,0,270,25920,6000,155520000,-1,17,25,0,
Wirelength: 347222
layer(tree) info:
layer: 0 ,width: 51840 ,height: 96000 ,area: 4976640000, filling_rate: 1
layer: 1 ,width: 0 ,height: 0 ,area: 0, filling_rate: 1
random seed: 5
alpha: 0.5
best wirelength: 347222
initial_num_perturbs: 1024
iter: 3072000
best_iter: 2976091
best_cost: 0.145789
reject_time: 850283
accept_inferior_time: 839399
update_best_time: 57
initial_average_wirelength: 1.94686e+06
initial_iter: 1024
initial_time: 0.023
total time cost: 72.484
