name,x,y,layer,rotated_angle,width,height,area,left,right,parent,is_from_left,
cc_C2791,0,0,0,90,8580,11319,97117020,3,2,-1,0,
cc_C2792,8448,11616,0,270,8580,11319,97117020,-1,-1,2,1,
cc_C2793,0,11319,0,90,8448,11616,98131968,1,-1,0,0,
cc_C2794,8580,0,0,90,8448,11616,98131968,-1,-1,0,1,
cc_C2795,0,8679,1,0,11352,8679,98524008,-1,-1,5,0,
cc_C2796,0,0,1,180,11352,8679,98524008,-1,4,-1,0,
Wirelength: 68683
layer(tree) info:
layer: 0 ,width: 17028 ,height: 22935 ,area: 390537180, filling_rate: 0.9999
layer: 1 ,width: 11352 ,height: 17358 ,area: 197048016, filling_rate: 1
random seed: 8
alpha: 0.5
best wirelength: 68683
initial_num_perturbs: 36
iter: 108000
best_iter: 67956
best_cost: 0.483667
reject_time: 41179
accept_inferior_time: 32102
update_best_time: 12
initial_average_wirelength: 223279
initial_iter: 36
initial_time: 0.003
total time cost: 0.351
