name,x,y,layer,rotated_angle,width,height,area,left,right,parent,is_from_left,
cc_C8466,0,17721,0,270,5709,6369,36360621,-1,8,1,0,
cc_C8467,0,11352,0,270,5709,6369,36360621,-1,0,3,0,
cc_C16429,0,0,0,90,7524,5676,42706224,-1,3,-1,0,
cc_C16430,0,5676,0,90,7524,5676,42706224,-1,1,2,0,
cc_C32011,0,167046,0,180,8613,4290,36949770,-1,13,5,0,
cc_C32012,0,162756,0,180,8613,4290,36949770,-1,4,10,0,
cc_C39784,0,146487,0,90,7854,5445,42765030,-1,11,25,0,
cc_C39785,0,40590,0,270,7854,5445,42765030,-1,18,15,0,
cc_C55552,0,24090,0,90,7854,5412,42505848,-1,9,0,0,
cc_C55553,0,29502,0,90,7854,5412,42505848,-1,15,8,0,
cc_C63404,0,157344,0,270,7854,5412,42505848,-1,5,11,0,
cc_C63405,0,151932,0,270,7854,5412,42505848,-1,10,6,0,
cc_C71293,0,176748,0,270,7854,5412,42505848,-1,-1,13,0,
cc_C71294,0,171336,0,90,7854,5412,42505848,-1,12,4,0,
cc_C86866,0,61182,0,0,6369,5709,36360621,-1,20,16,0,
cc_C86867,0,34914,0,90,7524,5676,42706224,-1,7,9,0,
cc_C86868,0,56892,0,0,8613,4290,36949770,-1,14,17,0,
cc_C86869,0,51447,0,270,7854,5445,42765030,-1,16,18,0,
cc_C86870,0,46035,0,270,7854,5412,42505848,-1,17,7,0,
cc_C94576,0,72567,0,0,6369,5709,36360621,-1,21,20,0,
cc_C94577,0,66891,0,270,7524,5676,42706224,-1,19,14,0,
cc_C94578,0,78276,0,180,8613,4290,36949770,-1,22,19,0,
cc_C94579,0,82566,0,90,7854,5445,42765030,-1,23,21,0,
cc_C94580,0,88011,0,270,7854,5412,42505848,-1,32,22,0,
cc_C102137,0,135102,0,0,6369,5709,36360621,-1,25,28,0,
cc_C102138,0,140811,0,270,7524,5676,42706224,-1,6,24,0,
cc_C102139,0,125400,0,180,8613,4290,36949770,-1,28,27,0,
cc_C102140,0,119955,0,270,7854,5445,42765030,-1,26,29,0,
cc_C102141,0,129690,0,90,7854,5412,42505848,-1,24,26,0,
cc_C109812,0,114246,0,180,6369,5709,36360621,-1,27,31,0,
cc_C109813,0,104280,0,270,7524,5676,42706224,-1,31,33,0,
cc_C109814,0,109956,0,0,8613,4290,36949770,-1,29,30,0,
cc_C109815,0,93423,0,90,7854,5445,42765030,-1,33,23,0,
cc_C109816,0,98868,0,270,7854,5412,42505848,-1,30,32,0,
Wirelength: 482542
layer(tree) info:
layer: 0 ,width: 8613 ,height: 182160 ,area: 1568944080, filling_rate: 0.878137
layer: 1 ,width: 0 ,height: 0 ,area: 0, filling_rate: 1
random seed: 6
alpha: 0.5
best wirelength: 482542
initial_num_perturbs: 1156
iter: 3468000
best_iter: 3099290
best_cost: 0.213013
reject_time: 1010752
accept_inferior_time: 1216547
update_best_time: 110
initial_average_wirelength: 2.71898e+06
initial_iter: 1156
initial_time: 0.014
total time cost: 42.479
