name,x,y,layer,rotated_angle,width,height,area,left,right,parent,is_from_left,
cc_C2791,0,0,0,0,11319,8580,97117020,5,2,-1,0,
cc_C2792,0,8679,1,180,11319,8580,97117020,-1,-1,4,0,
cc_C2793,0,8580,0,270,8448,11616,98131968,3,-1,0,0,
cc_C2794,8448,11352,0,180,11616,8448,98131968,-1,-1,2,1,
cc_C2795,0,0,1,0,11352,8679,98524008,-1,1,-1,0,
cc_C2796,11319,0,0,270,8679,11352,98524008,-1,-1,0,1,
Wirelength: 54457
layer(tree) info:
layer: 0 ,width: 20064 ,height: 20196 ,area: 405212544, filling_rate: 0.967159
layer: 1 ,width: 11352 ,height: 17259 ,area: 195924168, filling_rate: 0.998555
random seed: 5
alpha: 0.5
best wirelength: 54457
initial_num_perturbs: 36
iter: 108000
best_iter: 74401
best_cost: 0.558042
reject_time: 42795
accept_inferior_time: 31527
update_best_time: 19
initial_average_wirelength: 177329
initial_iter: 36
initial_time: 0.002
total time cost: 0.341
