name,x,y,layer,rotated_angle,width,height,area,left,right,parent,is_from_left,
cc_C38060,25920,90000,0,90,25920,6000,155520000,-1,-1,5,0,
cc_C40988,0,60000,0,90,25920,6000,155520000,-1,11,2,0,
cc_C43598,0,54000,0,270,25920,6000,155520000,-1,1,14,0,
cc_C46412,25920,66000,0,90,25920,6000,155520000,-1,-1,31,1,
cc_C48982,25920,48000,0,270,25920,6000,155520000,-1,-1,30,1,
cc_C51792,25920,84000,0,90,25920,6000,155520000,-1,0,7,1,
cc_C54385,0,72000,0,90,25920,6000,155520000,-1,7,11,0,
cc_C57055,0,78000,0,270,25920,6000,155520000,5,8,6,0,
cc_C59668,0,84000,0,90,25920,6000,155520000,-1,12,7,0,
cc_C62278,25920,60000,0,270,25920,6000,155520000,-1,-1,18,1,
cc_C65067,25920,78000,0,90,25920,6000,155520000,-1,-1,15,0,
cc_C67839,0,66000,0,270,25920,6000,155520000,-1,6,1,0,
cc_C70494,0,90000,0,90,25920,6000,155520000,-1,-1,8,0,
cc_C73068,25920,54000,0,270,25920,6000,155520000,-1,-1,20,1,
cc_C75794,0,48000,0,270,25920,6000,155520000,-1,2,17,0,
cc_C78507,25920,72000,0,90,25920,6000,155520000,-1,10,17,1,
cc_C390725,25920,36000,0,90,25920,6000,155520000,-1,22,19,0,
cc_C393732,0,42000,0,90,25920,6000,155520000,15,14,31,0,
cc_C396426,0,30000,0,270,25920,6000,155520000,9,31,26,0,
cc_C399324,25920,30000,0,270,25920,6000,155520000,-1,16,27,0,
cc_C401934,0,12000,0,270,25920,6000,155520000,13,21,30,0,
cc_C404828,0,18000,0,270,25920,6000,155520000,-1,26,20,0,
cc_C407517,25920,42000,0,90,25920,6000,155520000,-1,-1,16,0,
cc_C410399,25920,12000,0,270,25920,6000,155520000,-1,29,28,0,
cc_C413083,25920,0,0,270,25920,6000,155520000,-1,28,25,1,
cc_C415825,0,0,0,270,25920,6000,155520000,24,30,-1,0,
cc_C418719,0,24000,0,270,25920,6000,155520000,-1,18,21,0,
cc_C421704,25920,24000,0,90,25920,6000,155520000,-1,19,29,0,
cc_C424482,25920,6000,0,270,25920,6000,155520000,-1,23,24,0,
cc_C427157,25920,18000,0,270,25920,6000,155520000,-1,27,23,0,
cc_C429953,0,6000,0,270,25920,6000,155520000,4,20,25,0,
cc_C432668,0,36000,0,90,25920,6000,155520000,3,17,18,0,
Wirelength: 347222
layer(tree) info:
layer: 0 ,width: 51840 ,height: 96000 ,area: 4976640000, filling_rate: 1
layer: 1 ,width: 0 ,height: 0 ,area: 0, filling_rate: 1
random seed: 9
alpha: 0.5
best wirelength: 347222
initial_num_perturbs: 1024
iter: 3072000
best_iter: 2749598
best_cost: 0.195073
reject_time: 922665
accept_inferior_time: 810933
update_best_time: 51
initial_average_wirelength: 1.65592e+06
initial_iter: 1024
initial_time: 0.022
total time cost: 74.869
