name,x,y,layer,rotated_angle,width,height,area,left,right,parent,is_from_left,
cc_C8466,0,0,0,90,5709,6369,36360621,-1,1,-1,0,
cc_C8467,0,6369,0,90,5709,6369,36360621,-1,3,0,0,
cc_C16429,0,18414,0,270,7524,5676,42706224,-1,29,3,0,
cc_C16430,0,12738,0,270,7524,5676,42706224,-1,2,1,0,
cc_C32011,0,51282,0,180,8613,4290,36949770,-1,5,33,0,
cc_C32012,0,55572,0,0,8613,4290,36949770,-1,12,4,0,
cc_C39784,0,160875,0,90,7854,5445,42765030,-1,9,18,0,
cc_C39785,0,108042,0,90,7854,5445,42765030,-1,27,23,0,
cc_C55552,0,171732,0,270,7854,5412,42505848,-1,15,9,0,
cc_C55553,0,166320,0,270,7854,5412,42505848,-1,8,6,0,
cc_C63404,0,76098,0,270,7854,5412,42505848,-1,20,11,0,
cc_C63405,0,70686,0,270,7854,5412,42505848,-1,10,13,0,
cc_C71293,0,59862,0,90,7854,5412,42505848,-1,13,5,0,
cc_C71294,0,65274,0,270,7854,5412,42505848,-1,11,12,0,
cc_C86866,0,140019,0,0,6369,5709,36360621,-1,16,25,0,
cc_C86867,0,177144,0,270,7524,5676,42706224,-1,-1,8,0,
cc_C86868,0,145728,0,180,8613,4290,36949770,-1,17,14,0,
cc_C86869,0,150018,0,90,7854,5445,42765030,-1,18,16,0,
cc_C86870,0,155463,0,90,7854,5412,42505848,-1,6,17,0,
cc_C94576,0,87186,0,0,6369,5709,36360621,-1,21,20,0,
cc_C94577,0,81510,0,270,7524,5676,42706224,-1,19,10,0,
cc_C94578,0,92895,0,180,8613,4290,36949770,-1,22,19,0,
cc_C94579,0,97185,0,90,7854,5445,42765030,-1,23,21,0,
cc_C94580,0,102630,0,270,7854,5412,42505848,-1,7,22,0,
cc_C102137,0,128634,0,0,6369,5709,36360621,-1,25,28,0,
cc_C102138,0,134343,0,270,7524,5676,42706224,-1,14,24,0,
cc_C102139,0,118932,0,180,8613,4290,36949770,-1,28,27,0,
cc_C102140,0,113487,0,270,7854,5445,42765030,-1,26,7,0,
cc_C102141,0,123222,0,90,7854,5412,42505848,-1,24,26,0,
cc_C109812,0,24090,0,90,5709,6369,36360621,-1,31,2,0,
cc_C109813,0,34749,0,90,7524,5676,42706224,-1,32,31,0,
cc_C109814,0,30459,0,180,8613,4290,36949770,-1,30,29,0,
cc_C109815,0,40425,0,270,7854,5445,42765030,-1,33,30,0,
cc_C109816,0,45870,0,270,7854,5412,42505848,-1,4,32,0,
Wirelength: 466184
layer(tree) info:
layer: 0 ,width: 8613 ,height: 182820 ,area: 1574628660, filling_rate: 0.874967
layer: 1 ,width: 0 ,height: 0 ,area: 0, filling_rate: 1
random seed: 10
alpha: 0.5
best wirelength: 466184
initial_num_perturbs: 1156
iter: 3468000
best_iter: 3156478
best_cost: 0.20521
reject_time: 1012015
accept_inferior_time: 1215906
update_best_time: 112
initial_average_wirelength: 2.61477e+06
initial_iter: 1156
initial_time: 0.014
total time cost: 42.854
