name,x,y,layer,rotated_angle,width,height,area,left,right,parent,is_from_left,
cc_C8466,0,17061,0,0,6369,5709,36360621,-1,10,1,0,
cc_C8467,0,11352,0,0,6369,5709,36360621,-1,0,2,0,
cc_C16429,0,5676,0,270,7524,5676,42706224,-1,1,3,0,
cc_C16430,0,0,0,270,7524,5676,42706224,-1,2,-1,0,
cc_C32011,0,96393,0,180,8613,4290,36949770,-1,16,5,0,
cc_C32012,0,92103,0,180,8613,4290,36949770,-1,4,29,0,
cc_C39784,0,138039,0,90,7854,5445,42765030,-1,23,8,0,
cc_C39785,0,33594,0,270,7854,5445,42765030,-1,27,11,0,
cc_C55552,0,132627,0,90,7854,5412,42505848,-1,6,9,0,
cc_C55553,0,127215,0,270,7854,5412,42505848,-1,8,15,0,
cc_C63404,0,22770,0,90,7854,5412,42505848,-1,11,0,0,
cc_C63405,0,28182,0,90,7854,5412,42505848,-1,7,10,0,
cc_C71293,0,170016,0,270,7854,5412,42505848,-1,13,20,0,
cc_C71294,0,175428,0,270,7854,5412,42505848,-1,-1,12,0,
cc_C86866,0,104973,0,0,6369,5709,36360621,-1,17,16,0,
cc_C86867,0,121539,0,90,7524,5676,42706224,-1,9,18,0,
cc_C86868,0,100683,0,180,8613,4290,36949770,-1,14,4,0,
cc_C86869,0,110682,0,90,7854,5445,42765030,-1,18,14,0,
cc_C86870,0,116127,0,90,7854,5412,42505848,-1,15,17,0,
cc_C94576,0,158631,0,180,6369,5709,36360621,-1,20,21,0,
cc_C94577,0,164340,0,90,7524,5676,42706224,-1,12,19,0,
cc_C94578,0,154341,0,0,8613,4290,36949770,-1,19,22,0,
cc_C94579,0,148896,0,270,7854,5445,42765030,-1,21,23,0,
cc_C94580,0,143484,0,90,7854,5412,42505848,-1,22,6,0,
cc_C102137,0,54186,0,0,6369,5709,36360621,-1,25,28,0,
cc_C102138,0,59895,0,270,7524,5676,42706224,-1,33,24,0,
cc_C102139,0,44484,0,180,8613,4290,36949770,-1,28,27,0,
cc_C102140,0,39039,0,270,7854,5445,42765030,-1,26,7,0,
cc_C102141,0,48774,0,90,7854,5412,42505848,-1,24,26,0,
cc_C109812,0,86394,0,180,6369,5709,36360621,-1,5,30,0,
cc_C109813,0,80718,0,270,7524,5676,42706224,-1,29,31,0,
cc_C109814,0,76428,0,180,8613,4290,36949770,-1,30,32,0,
cc_C109815,0,70983,0,90,7854,5445,42765030,-1,31,33,0,
cc_C109816,0,65571,0,90,7854,5412,42505848,-1,32,25,0,
Wirelength: 492755
layer(tree) info:
layer: 0 ,width: 8613 ,height: 180840 ,area: 1557574920, filling_rate: 0.884547
layer: 1 ,width: 0 ,height: 0 ,area: 0, filling_rate: 1
random seed: 9
alpha: 0.5
best wirelength: 492755
initial_num_perturbs: 1156
iter: 3468000
best_iter: 3307177
best_cost: 0.123075
reject_time: 915961
accept_inferior_time: 1263309
update_best_time: 108
initial_average_wirelength: 3.80039e+06
initial_iter: 1156
initial_time: 0.014
total time cost: 43.055
