name,x,y,layer,rotated_angle,width,height,area,left,right,parent,is_from_left,
cc_C8466,0,22671,0,180,6369,5709,36360621,1,3,7,0,
cc_C8467,6369,22671,0,180,6369,5709,36360621,-1,-1,0,1,
cc_C16429,0,34056,0,90,7524,5676,42706224,-1,32,3,0,
cc_C16430,0,28380,0,90,7524,5676,42706224,-1,2,0,0,
cc_C32011,0,107646,0,0,8613,4290,36949770,-1,5,12,0,
cc_C32012,0,111936,0,0,8613,4290,36949770,8,-1,4,0,
cc_C39784,8613,12936,0,180,5445,7854,42765030,-1,-1,21,1,
cc_C39785,0,17226,0,90,7854,5445,42765030,-1,0,21,0,
cc_C55552,8613,100188,0,0,5412,7854,42505848,-1,-1,5,1,
cc_C55553,7854,92334,0,180,5412,7854,42505848,-1,-1,14,0,
cc_C63404,8613,36234,0,0,5412,7854,42505848,-1,-1,31,1,
cc_C63405,7854,28380,0,180,5412,7854,42505848,-1,-1,33,1,
cc_C71293,0,102234,0,90,7854,5412,42505848,-1,4,13,0,
cc_C71294,0,96822,0,90,7854,5412,42505848,-1,12,18,0,
cc_C86866,7854,85965,0,90,5709,6369,36360621,-1,9,18,1,
cc_C86867,6369,60555,0,90,7524,5676,42706224,-1,-1,29,1,
cc_C86868,0,81675,0,180,8613,4290,36949770,27,17,26,0,
cc_C86869,0,85965,0,90,7854,5445,42765030,-1,18,16,0,
cc_C86870,0,91410,0,90,7854,5412,42505848,14,13,17,0,
cc_C94576,0,5445,0,90,5709,6369,36360621,23,21,22,0,
cc_C94577,7854,0,0,180,5676,7524,42706224,-1,-1,22,1,
cc_C94578,0,12936,0,0,8613,4290,36949770,6,7,19,0,
cc_C94579,0,0,0,270,7854,5445,42765030,20,19,-1,0,
cc_C94580,5709,7524,0,90,7854,5412,42505848,-1,-1,19,1,
cc_C102137,0,66264,0,0,6369,5709,36360621,25,28,29,0,
cc_C102138,6369,66231,0,90,7524,5676,42706224,-1,-1,24,1,
cc_C102139,0,77385,0,0,8613,4290,36949770,-1,16,28,0,
cc_C102140,8613,71907,0,0,5445,7854,42765030,-1,-1,16,1,
cc_C102141,0,71973,0,90,7854,5412,42505848,-1,26,24,0,
cc_C109812,0,60555,0,180,6369,5709,36360621,15,24,31,0,
cc_C109813,0,50589,0,90,7524,5676,42706224,-1,31,33,0,
cc_C109814,0,56265,0,0,8613,4290,36949770,10,29,30,0,
cc_C109815,0,39732,0,90,7854,5445,42765030,-1,33,2,0,
cc_C109816,0,45177,0,270,7854,5412,42505848,11,30,32,0,
Wirelength: 421131
layer(tree) info:
layer: 0 ,width: 14058 ,height: 116226 ,area: 1633905108, filling_rate: 0.843224
layer: 1 ,width: 0 ,height: 0 ,area: 0, filling_rate: 1
random seed: 8
alpha: 0.5
best wirelength: 421131
initial_num_perturbs: 1156
iter: 3468000
best_iter: 3024597
best_cost: 0.218647
reject_time: 1041436
accept_inferior_time: 1201916
update_best_time: 110
initial_average_wirelength: 2.31424e+06
initial_iter: 1156
initial_time: 0.014
total time cost: 43.712
