name,x,y,layer,rotated_angle,width,height,area,left,right,parent,is_from_left,
cc_C38060,25920,12000,0,270,25920,6000,155520000,-1,-1,5,1,
cc_C40988,25920,30000,0,90,25920,6000,155520000,-1,2,14,0,
cc_C43598,25920,36000,0,90,25920,6000,155520000,-1,8,1,0,
cc_C46412,25920,0,0,270,25920,6000,155520000,-1,10,15,1,
cc_C48982,25920,48000,0,90,25920,6000,155520000,-1,-1,8,0,
cc_C51792,0,6000,0,90,25920,6000,155520000,0,9,15,0,
cc_C54385,0,18000,0,90,25920,6000,155520000,-1,7,9,0,
cc_C57055,0,24000,0,90,25920,6000,155520000,13,12,6,0,
cc_C59668,25920,42000,0,90,25920,6000,155520000,-1,4,2,0,
cc_C62278,0,12000,0,90,25920,6000,155520000,-1,6,5,0,
cc_C65067,25920,6000,0,270,25920,6000,155520000,-1,-1,3,0,
cc_C67839,0,48000,0,90,25920,6000,155520000,-1,25,19,0,
cc_C70494,0,30000,0,90,25920,6000,155520000,24,21,7,0,
cc_C73068,25920,18000,0,270,25920,6000,155520000,-1,14,7,1,
cc_C75794,25920,24000,0,90,25920,6000,155520000,-1,1,13,0,
cc_C78507,0,0,0,270,25920,6000,155520000,3,5,-1,0,
cc_C390725,25920,60000,0,270,25920,6000,155520000,-1,27,24,0,
cc_C393732,25920,84000,0,90,25920,6000,155520000,-1,-1,30,1,
cc_C396426,0,78000,0,90,25920,6000,155520000,-1,28,30,0,
cc_C399324,0,42000,0,270,25920,6000,155520000,-1,11,21,0,
cc_C401934,25920,78000,0,270,25920,6000,155520000,-1,-1,26,1,
cc_C404828,0,36000,0,270,25920,6000,155520000,-1,19,12,0,
cc_C407517,25920,90000,0,90,25920,6000,155520000,-1,-1,31,1,
cc_C410399,0,60000,0,90,25920,6000,155520000,-1,26,25,0,
cc_C413083,25920,54000,0,90,25920,6000,155520000,-1,16,12,1,
cc_C415825,0,54000,0,90,25920,6000,155520000,29,23,11,0,
cc_C418719,0,66000,0,90,25920,6000,155520000,20,30,23,0,
cc_C421704,25920,66000,0,90,25920,6000,155520000,-1,-1,16,0,
cc_C424482,0,84000,0,90,25920,6000,155520000,-1,31,18,0,
cc_C427157,25920,72000,0,90,25920,6000,155520000,-1,-1,25,1,
cc_C429953,0,72000,0,270,25920,6000,155520000,17,18,26,0,
cc_C432668,0,90000,0,90,25920,6000,155520000,22,-1,28,0,
Wirelength: 365492
layer(tree) info:
layer: 0 ,width: 51840 ,height: 96000 ,area: 4976640000, filling_rate: 1
layer: 1 ,width: 0 ,height: 0 ,area: 0, filling_rate: 1
random seed: 3
alpha: 0.5
best wirelength: 365492
initial_num_perturbs: 1024
iter: 3072000
best_iter: 2634095
best_cost: 0.157343
reject_time: 867974
accept_inferior_time: 834332
update_best_time: 54
initial_average_wirelength: 1.85297e+06
initial_iter: 1024
initial_time: 0.022
total time cost: 70.199
