name,x,y,layer,rotated_angle,width,height,area,left,right,parent,is_from_left,
cc_C8466,0,154440,0,90,5709,6369,36360621,-1,1,33,0,
cc_C8467,0,160809,0,90,5709,6369,36360621,-1,3,0,0,
cc_C16429,0,172854,0,270,7524,5676,42706224,-1,-1,3,0,
cc_C16430,0,167178,0,270,7524,5676,42706224,-1,2,1,0,
cc_C32011,0,60159,0,180,8613,4290,36949770,-1,5,6,0,
cc_C32012,0,64449,0,180,8613,4290,36949770,-1,24,4,0,
cc_C39784,0,54714,0,270,7854,5445,42765030,-1,4,11,0,
cc_C39785,0,122463,0,270,7854,5445,42765030,-1,29,18,0,
cc_C55552,0,22242,0,90,7854,5412,42505848,-1,9,20,0,
cc_C55553,0,27654,0,90,7854,5412,42505848,-1,12,8,0,
cc_C63404,0,43890,0,90,7854,5412,42505848,-1,11,13,0,
cc_C63405,0,49302,0,90,7854,5412,42505848,-1,6,10,0,
cc_C71293,0,33066,0,270,7854,5412,42505848,-1,13,9,0,
cc_C71294,0,38478,0,270,7854,5412,42505848,-1,10,12,0,
cc_C86866,0,111342,0,0,6369,5709,36360621,-1,18,17,0,
cc_C86867,0,95931,0,90,7524,5676,42706224,-1,16,27,0,
cc_C86868,0,101607,0,180,8613,4290,36949770,-1,17,15,0,
cc_C86869,0,105897,0,90,7854,5445,42765030,-1,14,16,0,
cc_C86870,0,117051,0,90,7854,5412,42505848,-1,7,14,0,
cc_C94576,0,10857,0,180,6369,5709,36360621,-1,20,22,0,
cc_C94577,0,16566,0,90,7524,5676,42706224,-1,8,19,0,
cc_C94578,0,0,1,270,6144,12288,75497472,-1,-1,-1,0,
cc_C94579,0,5412,0,270,7854,5445,42765030,-1,19,23,0,
cc_C94580,0,0,0,90,7854,5412,42505848,-1,22,-1,0,
cc_C102137,0,68739,0,270,5709,6369,36360621,-1,25,5,0,
cc_C102138,0,75108,0,90,7524,5676,42706224,-1,28,24,0,
cc_C102139,0,86196,0,0,8613,4290,36949770,-1,27,28,0,
cc_C102140,0,90486,0,270,7854,5445,42765030,-1,15,26,0,
cc_C102141,0,80784,0,90,7854,5412,42505848,-1,26,25,0,
cc_C109812,0,127908,0,0,6369,5709,36360621,-1,31,7,0,
cc_C109813,0,137907,0,270,7524,5676,42706224,-1,32,31,0,
cc_C109814,0,133617,0,0,8613,4290,36949770,-1,30,29,0,
cc_C109815,0,143583,0,270,7854,5445,42765030,-1,33,30,0,
cc_C109816,0,149028,0,270,7854,5412,42505848,-1,0,32,0,
Wirelength: 449326
layer(tree) info:
layer: 0 ,width: 8613 ,height: 178530 ,area: 1537678890, filling_rate: 0.871963
layer: 1 ,width: 6144 ,height: 12288 ,area: 75497472, filling_rate: 1
random seed: 5
alpha: 0.5
best wirelength: 449326
initial_num_perturbs: 1156
iter: 3468000
best_iter: 3073233
best_cost: 0.198578
reject_time: 1008511
accept_inferior_time: 1218602
update_best_time: 113
initial_average_wirelength: 2.61903e+06
initial_iter: 1156
initial_time: 0.014
total time cost: 42.532
