name,x,y,layer,rotated_angle,width,height,area,left,right,parent,is_from_left,
cc_C8466,0,0,0,180,6369,5709,36360621,-1,2,-1,0,
cc_C8467,7524,0,0,90,5709,6369,36360621,-1,-1,2,1,
cc_C16429,0,5709,0,90,7524,5676,42706224,1,3,0,0,
cc_C16430,0,11385,0,90,7524,5676,42706224,-1,32,2,0,
cc_C32011,0,68739,0,0,8613,4290,36949770,9,8,16,0,
cc_C32012,8613,65967,0,90,4290,8613,36949770,-1,-1,16,1,
cc_C39784,7854,96327,0,0,5445,7854,42765030,-1,-1,28,1,
cc_C39785,7854,6369,0,0,5445,7854,42765030,-1,15,32,1,
cc_C55552,0,73029,0,270,7854,5412,42505848,-1,27,4,0,
cc_C55553,8613,74580,0,180,5412,7854,42505848,-1,24,4,1,
cc_C63404,0,99000,0,270,7854,5412,42505848,-1,-1,11,0,
cc_C63405,0,93588,0,270,7854,5412,42505848,-1,10,28,0,
cc_C71293,8613,50259,0,180,5412,7854,42505848,-1,18,22,0,
cc_C71294,0,47883,0,90,7854,5412,42505848,-1,14,23,0,
cc_C86866,0,53295,0,180,6369,5709,36360621,-1,17,13,0,
cc_C86867,7854,14223,0,0,5676,7524,42706224,-1,-1,7,0,
cc_C86868,0,64449,0,0,8613,4290,36949770,5,4,17,0,
cc_C86869,0,59004,0,270,7854,5445,42765030,-1,16,14,0,
cc_C86870,8613,58113,0,180,5412,7854,42505848,-1,-1,12,0,
cc_C94576,8613,36036,0,270,5709,6369,36360621,-1,22,33,0,
cc_C94577,0,32505,0,270,7524,5676,42706224,-1,21,31,0,
cc_C94578,0,38181,0,0,8613,4290,36949770,-1,23,20,0,
cc_C94579,8613,42405,0,0,5445,7854,42765030,-1,12,19,0,
cc_C94580,0,42471,0,270,7854,5412,42505848,-1,13,21,0,
cc_C102137,8613,82434,0,270,5709,6369,36360621,-1,-1,9,0,
cc_C102138,8613,88803,0,0,5676,7524,42706224,-1,-1,26,1,
cc_C102139,0,83886,0,180,8613,4290,36949770,25,28,27,0,
cc_C102140,0,78441,0,270,7854,5445,42765030,-1,26,8,0,
cc_C102141,0,88176,0,90,7854,5412,42505848,6,11,26,0,
cc_C109812,0,22506,0,0,6369,5709,36360621,30,31,32,0,
cc_C109813,6369,22506,0,270,7524,5676,42706224,-1,-1,29,1,
cc_C109814,0,28215,0,0,8613,4290,36949770,33,20,29,0,
cc_C109815,0,17061,0,90,7854,5445,42765030,7,29,3,0,
cc_C109816,8613,28182,0,0,5412,7854,42505848,-1,19,31,1,
Wirelength: 386329
layer(tree) info:
layer: 0 ,width: 14322 ,height: 104412 ,area: 1495388664, filling_rate: 0.921331
layer: 1 ,width: 0 ,height: 0 ,area: 0, filling_rate: 1
random seed: 3
alpha: 0.5
best wirelength: 386329
initial_num_perturbs: 1156
iter: 3468000
best_iter: 2990881
best_cost: 0.180908
reject_time: 1017454
accept_inferior_time: 1213990
update_best_time: 98
initial_average_wirelength: 2.71838e+06
initial_iter: 1156
initial_time: 0.014
total time cost: 42.874
