name,x,y,layer,rotated_angle,width,height,area,left,right,parent,is_from_left,
cc_C38060,0,54000,0,270,25920,6000,155520000,23,6,8,0,
cc_C40988,0,66000,0,270,25920,6000,155520000,-1,11,6,0,
cc_C43598,25920,48000,0,270,25920,6000,155520000,-1,5,17,0,
cc_C46412,0,84000,0,90,25920,6000,155520000,15,9,14,0,
cc_C48982,25920,78000,0,270,25920,6000,155520000,-1,7,15,0,
cc_C51792,25920,54000,0,270,25920,6000,155520000,-1,13,2,0,
cc_C54385,0,60000,0,90,25920,6000,155520000,29,1,0,0,
cc_C57055,25920,84000,0,90,25920,6000,155520000,-1,12,4,0,
cc_C59668,0,48000,0,270,25920,6000,155520000,21,0,31,0,
cc_C62278,0,90000,0,90,25920,6000,155520000,-1,-1,3,0,
cc_C65067,25920,66000,0,90,25920,6000,155520000,-1,-1,11,1,
cc_C67839,0,72000,0,90,25920,6000,155520000,10,14,1,0,
cc_C70494,25920,90000,0,90,25920,6000,155520000,-1,-1,7,0,
cc_C73068,25920,60000,0,90,25920,6000,155520000,-1,-1,5,0,
cc_C75794,0,78000,0,90,25920,6000,155520000,-1,3,11,0,
cc_C78507,25920,72000,0,90,25920,6000,155520000,-1,4,3,1,
cc_C390725,0,6000,0,270,25920,6000,155520000,-1,20,19,0,
cc_C393732,25920,42000,0,90,25920,6000,155520000,-1,2,29,0,
cc_C396426,25920,30000,0,270,25920,6000,155520000,-1,-1,23,0,
cc_C399324,0,0,0,270,25920,6000,155520000,-1,16,-1,0,
cc_C401934,0,12000,0,90,25920,6000,155520000,-1,26,16,0,
cc_C404828,25920,18000,0,270,25920,6000,155520000,-1,-1,8,1,
cc_C407517,0,24000,0,270,25920,6000,155520000,24,28,26,0,
cc_C410399,25920,24000,0,270,25920,6000,155520000,-1,18,0,1,
cc_C413083,25920,6000,0,270,25920,6000,155520000,-1,25,22,1,
cc_C415825,25920,12000,0,90,25920,6000,155520000,-1,-1,24,0,
cc_C418719,0,18000,0,270,25920,6000,155520000,27,22,20,0,
cc_C421704,25920,0,0,270,25920,6000,155520000,-1,-1,26,1,
cc_C424482,0,30000,0,270,25920,6000,155520000,-1,30,22,0,
cc_C427157,25920,36000,0,90,25920,6000,155520000,-1,17,6,1,
cc_C429953,0,36000,0,90,25920,6000,155520000,-1,31,28,0,
cc_C432668,0,42000,0,90,25920,6000,155520000,-1,8,30,0,
Wirelength: 347222
layer(tree) info:
layer: 0 ,width: 51840 ,height: 96000 ,area: 4976640000, filling_rate: 1
layer: 1 ,width: 0 ,height: 0 ,area: 0, filling_rate: 1
random seed: 4
alpha: 0.5
best wirelength: 347222
initial_num_perturbs: 1024
iter: 3072000
best_iter: 2707230
best_cost: 0.174411
reject_time: 905243
accept_inferior_time: 816970
update_best_time: 71
initial_average_wirelength: 1.75018e+06
initial_iter: 1024
initial_time: 0.022
total time cost: 74.55
