name,x,y,layer,rotated_angle,width,height,area,left,right,parent,is_from_left,
cc_C8466,0,105798,0,180,6369,5709,36360621,-1,29,1,0,
cc_C8467,0,100089,0,0,6369,5709,36360621,-1,0,3,0,
cc_C16429,0,88737,0,90,7524,5676,42706224,-1,3,18,0,
cc_C16430,0,94413,0,90,7524,5676,42706224,-1,1,2,0,
cc_C32011,0,31911,0,0,8613,4290,36949770,-1,5,8,0,
cc_C32012,0,36201,0,0,8613,4290,36949770,-1,7,4,0,
cc_C39784,0,62436,0,270,7854,5445,42765030,-1,14,13,0,
cc_C39785,0,40491,0,270,7854,5445,42765030,-1,15,5,0,
cc_C55552,0,26499,0,270,7854,5412,42505848,-1,4,9,0,
cc_C55553,0,21087,0,270,7854,5412,42505848,-1,8,20,0,
cc_C63404,0,144111,0,270,7854,5412,42505848,-1,25,11,0,
cc_C63405,0,138699,0,270,7854,5412,42505848,-1,10,33,0,
cc_C71293,0,51612,0,270,7854,5412,42505848,-1,13,15,0,
cc_C71294,0,57024,0,270,7854,5412,42505848,-1,6,12,0,
cc_C86866,0,67881,0,0,6369,5709,36360621,-1,16,6,0,
cc_C86867,0,45936,0,90,7524,5676,42706224,-1,12,7,0,
cc_C86868,0,73590,0,180,8613,4290,36949770,-1,17,14,0,
cc_C86869,0,77880,0,90,7854,5445,42765030,-1,18,16,0,
cc_C86870,0,83325,0,90,7854,5412,42505848,-1,2,17,0,
cc_C94576,0,0,0,0,6369,5709,36360621,-1,21,-1,0,
cc_C94577,0,15411,0,90,7524,5676,42706224,-1,9,23,0,
cc_C94578,0,5709,0,180,8613,4290,36949770,-1,23,19,0,
cc_C94579,0,0,1,180,7776,11232,87340032,-1,-1,-1,0,
cc_C94580,0,9999,0,270,7854,5412,42505848,-1,20,21,0,
cc_C102137,0,155199,0,180,6369,5709,36360621,-1,28,25,0,
cc_C102138,0,149523,0,90,7524,5676,42706224,-1,24,10,0,
cc_C102139,0,166320,0,0,8613,4290,36949770,-1,27,28,0,
cc_C102140,0,170610,0,270,7854,5445,42765030,-1,-1,26,0,
cc_C102141,0,160908,0,270,7854,5412,42505848,-1,26,24,0,
cc_C109812,0,111507,0,90,5709,6369,36360621,-1,31,0,0,
cc_C109813,0,122166,0,90,7524,5676,42706224,-1,32,31,0,
cc_C109814,0,117876,0,180,8613,4290,36949770,-1,30,29,0,
cc_C109815,0,127842,0,270,7854,5445,42765030,-1,33,30,0,
cc_C109816,0,133287,0,270,7854,5412,42505848,-1,11,32,0,
Wirelength: 472674
layer(tree) info:
layer: 0 ,width: 8613 ,height: 176055 ,area: 1516361715, filling_rate: 0.880386
layer: 1 ,width: 7776 ,height: 11232 ,area: 87340032, filling_rate: 1
random seed: 2
alpha: 0.5
best wirelength: 472674
initial_num_perturbs: 1156
iter: 3468000
best_iter: 3192563
best_cost: 0.233899
reject_time: 1039981
accept_inferior_time: 1202063
update_best_time: 98
initial_average_wirelength: 2.28054e+06
initial_iter: 1156
initial_time: 0.014
total time cost: 42.818
