name,x,y,layer,rotated_angle,width,height,area,left,right,parent,is_from_left,
cc_C8466,0,84909,0,270,5709,6369,36360621,-1,14,1,0,
cc_C8467,0,78540,0,270,5709,6369,36360621,-1,0,2,0,
cc_C16429,0,72864,0,90,7524,5676,42706224,-1,1,3,0,
cc_C16430,0,67188,0,90,7524,5676,42706224,-1,2,6,0,
cc_C32011,0,46629,0,180,8613,4290,36949770,-1,12,5,0,
cc_C32012,0,42339,0,180,8613,4290,36949770,-1,4,27,0,
cc_C39784,0,61743,0,270,7854,5445,42765030,-1,3,13,0,
cc_C39785,0,155166,0,270,7854,5445,42765030,-1,9,29,0,
cc_C55552,0,166023,0,270,7854,5412,42505848,-1,-1,9,0,
cc_C55553,0,160611,0,270,7854,5412,42505848,-1,8,7,0,
cc_C63404,0,123222,0,270,7854,5412,42505848,-1,33,11,0,
cc_C63405,0,117810,0,270,7854,5412,42505848,-1,10,15,0,
cc_C71293,0,50919,0,270,7854,5412,42505848,-1,13,4,0,
cc_C71294,0,56331,0,270,7854,5412,42505848,-1,6,12,0,
cc_C86866,0,91278,0,0,6369,5709,36360621,-1,16,0,0,
cc_C86867,0,112134,0,90,7524,5676,42706224,-1,11,18,0,
cc_C86868,0,96987,0,180,8613,4290,36949770,-1,17,14,0,
cc_C86869,0,101277,0,90,7854,5445,42765030,-1,18,16,0,
cc_C86870,0,106722,0,90,7854,5412,42505848,-1,15,17,0,
cc_C94576,0,10752,1,180,9072,8160,74027520,-1,-1,20,0,
cc_C94577,0,0,1,0,8112,10752,87220224,-1,19,-1,0,
cc_C94578,0,10857,0,0,8613,4290,36949770,-1,24,22,0,
cc_C94579,0,5412,0,270,7854,5445,42765030,-1,21,23,0,
cc_C94580,0,0,0,90,7854,5412,42505848,-1,22,-1,0,
cc_C102137,0,15147,0,270,5709,6369,36360621,-1,25,21,0,
cc_C102138,0,21516,0,90,7524,5676,42706224,-1,28,24,0,
cc_C102139,0,32604,0,0,8613,4290,36949770,-1,27,28,0,
cc_C102140,0,36894,0,90,7854,5445,42765030,-1,5,26,0,
cc_C102141,0,27192,0,90,7854,5412,42505848,-1,26,25,0,
cc_C109812,0,149457,0,180,6369,5709,36360621,-1,7,31,0,
cc_C109813,0,139491,0,270,7524,5676,42706224,-1,31,32,0,
cc_C109814,0,145167,0,0,8613,4290,36949770,-1,29,30,0,
cc_C109815,0,134046,0,90,7854,5445,42765030,-1,30,33,0,
cc_C109816,0,128634,0,90,7854,5412,42505848,-1,32,10,0,
Wirelength: 459425
layer(tree) info:
layer: 0 ,width: 8613 ,height: 171435 ,area: 1476569655, filling_rate: 0.879526
layer: 1 ,width: 9072 ,height: 18912 ,area: 171569664, filling_rate: 0.939838
random seed: 1
alpha: 0.5
best wirelength: 459425
initial_num_perturbs: 1156
iter: 3468000
best_iter: 3189113
best_cost: 0.191218
reject_time: 1002502
accept_inferior_time: 1220903
update_best_time: 101
initial_average_wirelength: 2.62391e+06
initial_iter: 1156
initial_time: 0.015
total time cost: 42.797
