name,x,y,layer,rotated_angle,width,height,area,left,right,parent,is_from_left,
cc_C2791,0,0,1,0,11319,8580,97117020,5,2,-1,0,
cc_C2792,8448,11352,1,180,11319,8580,97117020,-1,-1,2,1,
cc_C2793,0,8580,1,90,8448,11616,98131968,1,-1,0,0,
cc_C2794,0,8679,0,0,11616,8448,98131968,-1,-1,4,0,
cc_C2795,0,0,0,0,11352,8679,98524008,-1,3,-1,0,
cc_C2796,11319,0,1,270,8679,11352,98524008,-1,-1,0,1,
Wirelength: 56647
layer(tree) info:
layer: 0 ,width: 11616 ,height: 17127 ,area: 198947232, filling_rate: 0.988483
layer: 1 ,width: 19998 ,height: 20196 ,area: 403879608, filling_rate: 0.967838
random seed: 2
alpha: 0.5
best wirelength: 56647
initial_num_perturbs: 36
iter: 108000
best_iter: 75951
best_cost: 0.54549
reject_time: 42283
accept_inferior_time: 31890
update_best_time: 11
initial_average_wirelength: 187819
initial_iter: 36
initial_time: 0.002
total time cost: 0.356
