name,x,y,layer,rotated_angle,width,height,area,left,right,parent,is_from_left,
cc_C2791,8448,0,1,270,8580,11319,97117020,-1,-1,3,1,
cc_C2792,0,0,0,90,8580,11319,97117020,2,5,-1,0,
cc_C2793,8580,0,0,180,11616,8448,98131968,-1,-1,1,1,
cc_C2794,0,0,1,270,8448,11616,98131968,0,-1,-1,0,
cc_C2795,11352,8448,0,270,8679,11352,98524008,-1,-1,5,1,
cc_C2796,0,11319,0,180,11352,8679,98524008,4,-1,1,0,
Wirelength: 73482
layer(tree) info:
layer: 0 ,width: 20196 ,height: 19998 ,area: 403879608, filling_rate: 0.971322
layer: 1 ,width: 17028 ,height: 11616 ,area: 197797248, filling_rate: 0.987117
random seed: 7
alpha: 0.5
best wirelength: 73482
initial_num_perturbs: 36
iter: 108000
best_iter: 76441
best_cost: 0.575883
reject_time: 42286
accept_inferior_time: 31686
update_best_time: 14
initial_average_wirelength: 193175
initial_iter: 36
initial_time: 0.002
total time cost: 0.372
