name,x,y,layer,rotated_angle,width,height,area,left,right,parent,is_from_left,
cc_C38060,25920,54000,0,270,25920,6000,155520000,-1,-1,18,1,
cc_C40988,25920,60000,0,90,25920,6000,155520000,-1,2,19,1,
cc_C43598,25920,66000,0,270,25920,6000,155520000,-1,-1,1,0,
cc_C46412,25920,84000,0,90,25920,6000,155520000,-1,14,7,1,
cc_C48982,0,66000,0,270,25920,6000,155520000,-1,8,6,0,
cc_C51792,0,84000,0,90,25920,6000,155520000,-1,12,7,0,
cc_C54385,0,60000,0,270,25920,6000,155520000,13,4,10,0,
cc_C57055,0,78000,0,270,25920,6000,155520000,3,5,8,0,
cc_C59668,0,72000,0,270,25920,6000,155520000,9,7,4,0,
cc_C62278,25920,78000,0,90,25920,6000,155520000,-1,-1,8,1,
cc_C65067,0,54000,0,270,25920,6000,155520000,-1,6,15,0,
cc_C67839,25920,48000,0,270,25920,6000,155520000,-1,-1,30,1,
cc_C70494,0,90000,0,90,25920,6000,155520000,-1,-1,5,0,
cc_C73068,25920,72000,0,270,25920,6000,155520000,-1,-1,6,1,
cc_C75794,25920,90000,0,90,25920,6000,155520000,-1,-1,3,0,
cc_C78507,0,48000,0,270,25920,6000,155520000,-1,10,19,0,
cc_C390725,25920,30000,0,90,25920,6000,155520000,-1,17,22,0,
cc_C393732,25920,36000,0,90,25920,6000,155520000,-1,27,16,0,
cc_C396426,0,36000,0,90,25920,6000,155520000,0,19,28,0,
cc_C399324,0,42000,0,90,25920,6000,155520000,1,15,18,0,
cc_C401934,0,6000,0,270,25920,6000,155520000,29,21,24,0,
cc_C404828,0,12000,0,90,25920,6000,155520000,26,30,20,0,
cc_C407517,25920,24000,0,270,25920,6000,155520000,-1,16,26,0,
cc_C410399,25920,12000,0,270,25920,6000,155520000,-1,-1,29,0,
cc_C413083,0,0,0,270,25920,6000,155520000,31,20,-1,0,
cc_C415825,0,24000,0,90,25920,6000,155520000,-1,28,30,0,
cc_C418719,25920,18000,0,90,25920,6000,155520000,-1,22,21,1,
cc_C421704,25920,42000,0,90,25920,6000,155520000,-1,-1,17,0,
cc_C424482,0,30000,0,90,25920,6000,155520000,-1,18,25,0,
cc_C427157,25920,6000,0,270,25920,6000,155520000,-1,23,20,1,
cc_C429953,0,18000,0,270,25920,6000,155520000,11,25,21,0,
cc_C432668,25920,0,0,270,25920,6000,155520000,-1,-1,24,1,
Wirelength: 347222
layer(tree) info:
layer: 0 ,width: 51840 ,height: 96000 ,area: 4976640000, filling_rate: 1
layer: 1 ,width: 0 ,height: 0 ,area: 0, filling_rate: 1
random seed: 6
alpha: 0.5
best wirelength: 347222
initial_num_perturbs: 1024
iter: 3072000
best_iter: 2981277
best_cost: 0.184436
reject_time: 886348
accept_inferior_time: 819399
update_best_time: 70
initial_average_wirelength: 1.61982e+06
initial_iter: 1024
initial_time: 0.024
total time cost: 72.143
