name,x,y,layer,rotated_angle,width,height,area,left,right,parent,is_from_left,
cc_C2791,0,0,1,0,11319,8580,97117020,-1,1,-1,0,
cc_C2792,0,8580,1,180,11319,8580,97117020,-1,-1,0,0,
cc_C2793,0,8679,0,270,8448,11616,98131968,3,-1,4,0,
cc_C2794,8448,11352,0,90,8448,11616,98131968,-1,-1,2,1,
cc_C2795,0,0,0,0,11352,8679,98524008,5,2,-1,0,
cc_C2796,11352,0,0,270,8679,11352,98524008,-1,-1,4,1,
Wirelength: 46943
layer(tree) info:
layer: 0 ,width: 20031 ,height: 22968 ,area: 460072008, filling_rate: 0.854892
layer: 1 ,width: 11319 ,height: 17160 ,area: 194234040, filling_rate: 1
random seed: 10
alpha: 0.5
best wirelength: 46943
initial_num_perturbs: 36
iter: 108000
best_iter: 68032
best_cost: 0.579891
reject_time: 43327
accept_inferior_time: 31363
update_best_time: 10
initial_average_wirelength: 154997
initial_iter: 36
initial_time: 0.001
total time cost: 0.305
