name,x,y,layer,rotated_angle,width,height,area,left,right,parent,is_from_left,
cc_C8466,0,80817,0,0,6369,5709,36360621,-1,1,3,0,
cc_C8467,0,86526,0,180,6369,5709,36360621,-1,12,0,0,
cc_C16429,0,69465,0,90,7524,5676,42706224,-1,3,6,0,
cc_C16430,0,75141,0,90,7524,5676,42706224,-1,0,2,0,
cc_C32011,0,26961,0,0,8613,4290,36949770,-1,15,5,0,
cc_C32012,0,22671,0,180,8613,4290,36949770,-1,4,27,0,
cc_C39784,0,64020,0,270,7854,5445,42765030,-1,2,9,0,
cc_C39785,0,47751,0,90,7854,5445,42765030,-1,8,11,0,
cc_C55552,0,53196,0,90,7854,5412,42505848,-1,9,7,0,
cc_C55553,0,58608,0,90,7854,5412,42505848,-1,6,8,0,
cc_C63404,0,36927,0,90,7854,5412,42505848,-1,11,15,0,
cc_C63405,0,42339,0,90,7854,5412,42505848,-1,7,10,0,
cc_C71293,0,92235,0,270,7854,5412,42505848,-1,13,1,0,
cc_C71294,0,97647,0,270,7854,5412,42505848,-1,14,12,0,
cc_C86866,0,103059,0,0,6369,5709,36360621,-1,16,13,0,
cc_C86867,0,31251,0,270,7524,5676,42706224,-1,10,4,0,
cc_C86868,0,108768,0,180,8613,4290,36949770,-1,17,14,0,
cc_C86869,0,113058,0,90,7854,5445,42765030,-1,18,16,0,
cc_C86870,0,118503,0,90,7854,5412,42505848,-1,23,17,0,
cc_C94576,0,139062,0,180,6369,5709,36360621,-1,20,21,0,
cc_C94577,0,144771,0,90,7524,5676,42706224,-1,33,19,0,
cc_C94578,0,134772,0,0,8613,4290,36949770,-1,19,22,0,
cc_C94579,0,129327,0,270,7854,5445,42765030,-1,21,23,0,
cc_C94580,0,123915,0,90,7854,5412,42505848,-1,22,18,0,
cc_C102137,0,0,1,180,9072,8160,74027520,-1,-1,-1,0,
cc_C102138,0,0,0,0,5676,7524,42706224,-1,28,-1,0,
cc_C102139,0,12936,0,0,8613,4290,36949770,-1,27,28,0,
cc_C102140,0,17226,0,270,7854,5445,42765030,-1,5,26,0,
cc_C102141,0,7524,0,270,7854,5412,42505848,-1,26,25,0,
cc_C109812,0,161304,0,0,6369,5709,36360621,-1,31,32,0,
cc_C109813,0,171303,0,270,7524,5676,42706224,-1,-1,31,0,
cc_C109814,0,167013,0,0,8613,4290,36949770,-1,30,29,0,
cc_C109815,0,155859,0,90,7854,5445,42765030,-1,29,33,0,
cc_C109816,0,150447,0,90,7854,5412,42505848,-1,32,20,0,
Wirelength: 496791
layer(tree) info:
layer: 0 ,width: 8613 ,height: 176979 ,area: 1524320127, filling_rate: 0.879991
layer: 1 ,width: 9072 ,height: 8160 ,area: 74027520, filling_rate: 1
random seed: 4
alpha: 0.5
best wirelength: 496791
initial_num_perturbs: 1156
iter: 3468000
best_iter: 3095643
best_cost: 0.197035
reject_time: 1005398
accept_inferior_time: 1219094
update_best_time: 86
initial_average_wirelength: 2.50391e+06
initial_iter: 1156
initial_time: 0.016
total time cost: 42.572
