name,x,y,layer,rotated_angle,width,height,area,exceed_outline_area,left,right,parent,is_from_left,
cc_C8466,10659,18711,0,0,6369,5709,36360621,0,-1,-1,1,1,
cc_C8467,4290,18711,0,0,6369,5709,36360621,0,0,16,3,0,
cc_C16429,8160,15456,1,270,10752,8112,87220224,0,33,-1,12,0,
cc_C16430,4290,10857,0,0,5676,7524,42706224,0,13,1,22,0,
cc_C32011,20790,0,0,270,4290,8613,36949770,0,28,-1,11,1,
cc_C32012,19392,0,1,180,12288,6144,75497472,0,24,26,10,1,
cc_C39784,25080,10857,0,270,7854,5445,42765030,0,-1,-1,27,0,
cc_C39785,0,9072,1,0,7776,11232,87340032,0,-1,14,19,0,
cc_C55552,17820,29832,0,0,5412,7854,42505848,0,31,-1,15,1,
cc_C55553,12903,24420,0,270,7854,5412,42505848,0,-1,-1,16,1,
cc_C63404,8160,0,1,90,11232,7728,86800896,0,5,12,14,1,
cc_C63405,15378,7524,0,0,5412,7854,42505848,0,4,-1,13,1,
cc_C71293,8160,7728,1,90,11232,7728,86800896,0,29,2,10,0,
cc_C71294,9966,10857,0,180,5412,7854,42505848,0,11,-1,3,1,
cc_C86866,0,20304,1,270,8160,9072,74027520,0,10,-1,7,0,
cc_C86867,12144,29832,0,180,5676,7524,42706224,0,8,-1,18,1,
cc_C86868,4290,24420,0,180,8613,4290,36949770,0,9,17,1,0,
cc_C86869,4290,28710,0,90,7854,5445,42765030,0,-1,18,16,0,
cc_C86870,4290,34155,0,90,7854,5412,42505848,0,15,-1,17,0,
cc_C94576,0,0,1,90,8160,9072,74027520,0,-1,7,-1,0,
cc_C94577,12144,0,0,180,5676,7524,42706224,0,-1,-1,22,1,
cc_C94578,0,0,0,270,4290,8613,36949770,0,23,-1,-1,0,
cc_C94579,4290,5412,0,90,7854,5445,42765030,0,20,3,23,0,
cc_C94580,4290,0,0,90,7854,5412,42505848,0,-1,22,21,1,
cc_C102137,31680,0,1,90,8160,9072,74027520,0,-1,-1,5,1,
cc_C102138,32934,0,0,0,5676,7524,42706224,0,-1,-1,28,1,
cc_C102139,19392,6144,1,0,12288,6144,75497472,0,-1,-1,5,0,
cc_C102140,25080,5412,0,270,7854,5445,42765030,0,-1,6,28,0,
cc_C102141,25080,0,0,90,7854,5412,42505848,0,25,27,4,1,
cc_C109812,19392,12288,1,90,8160,9072,74027520,0,-1,-1,12,1,
cc_C109813,23232,24915,0,270,7524,5676,42706224,0,-1,-1,31,0,
cc_C109814,23232,16302,0,270,4290,8613,36949770,0,-1,30,8,1,
cc_C109815,26640,21360,1,270,11232,7776,87340032,0,-1,-1,33,1,
cc_C109816,18912,21360,1,180,7728,11232,86800896,0,32,-1,2,1,
Wirelength: 341060
layer(tree) info:
layer: 0 ,width: 38610 ,height: 39567 ,area: 1527681870, filling_rate: 0.590864
layer: 1 ,width: 39840 ,height: 32592 ,area: 1298465280, filling_rate: 0.74658
random seed: 7
alpha: 0
gamma: 1
best wirelength: 341060
initial_num_perturbs: 1156
iter: 34680
best_iter: 32867
best_cost: 0.153215
reject_time: 1178226
accept_inferior_time: 1133743
update_best_time: 98
adjustLegalOutline_fail_times: 0
initial_wirelength: 1.2441e+06
initial_average_wirelength: 2.22602e+06
1.28584e+06,initial_iter: 1156
initial_time: 0.016
total time cost: 44.088
