name,x,y,layer,rotated_angle,width,height,area,exceed_outline_area,left,right,parent,is_from_left,
cc_C2791,11616,0,0,270,8580,11319,97117020,0,-1,-1,3,1,
cc_C2792,0,0,1,90,8580,11319,97117020,0,4,-1,-1,0,
cc_C2793,0,0,0,180,11616,8448,98131968,0,-1,3,-1,0,
cc_C2794,0,8448,0,0,11616,8448,98131968,0,0,-1,2,0,
cc_C2795,8580,0,1,180,11352,8679,98524008,0,-1,5,1,1,
cc_C2796,8580,8679,1,0,11352,8679,98524008,0,-1,-1,4,0,
Wirelength: 57924
layer(tree) info:
layer: 0 ,width: 20196 ,height: 16896 ,area: 341231616, filling_rate: 0.859771
layer: 1 ,width: 19932 ,height: 17358 ,area: 345979656, filling_rate: 0.850238
random seed: 3
alpha: 0
gamma: 1
best wirelength: 57924
initial_num_perturbs: 36
iter: 1080
best_iter: 884
best_cost: 0.295185
reject_time: 48720
accept_inferior_time: 28623
update_best_time: 9
adjustLegalOutline_fail_times: 0
initial_wirelength: 163778
initial_average_wirelength: 196229
118775,initial_iter: 36
initial_time: 0.001
total time cost: 0.322
