name,x,y,layer,rotated_angle,width,height,area,exceed_outline_area,left,right,parent,is_from_left,
cc_C2791,8679,0,0,0,11319,8580,97117020,0,-1,5,4,1,
cc_C2792,0,8448,1,180,11319,8580,97117020,0,-1,-1,2,0,
cc_C2793,0,0,1,0,11616,8448,98131968,0,3,1,-1,0,
cc_C2794,11616,0,1,270,8448,11616,98131968,0,-1,-1,2,1,
cc_C2795,0,0,0,270,8679,11352,98524008,0,0,-1,-1,0,
cc_C2796,8679,8580,0,180,11352,8679,98524008,0,-1,-1,0,0,
Wirelength: 56863
layer(tree) info:
layer: 0 ,width: 20031 ,height: 17259 ,area: 345715029, filling_rate: 0.850889
layer: 1 ,width: 20064 ,height: 17028 ,area: 341649792, filling_rate: 0.858718
random seed: 10
alpha: 0
gamma: 1
best wirelength: 56863
initial_num_perturbs: 36
iter: 1080
best_iter: 1020
best_cost: 0.366865
reject_time: 50518
accept_inferior_time: 27723
update_best_time: 10
adjustLegalOutline_fail_times: 0
initial_wirelength: 163778
initial_average_wirelength: 154997
139571,initial_iter: 36
initial_time: 0.002
total time cost: 0.338
