name,x,y,layer,rotated_angle,width,height,area,exceed_outline_area,left,right,parent,is_from_left,
cc_C38060,25920,60000,0,90,25920,6000,155520000,0,-1,10,15,1,
cc_C40988,0,48000,0,270,25920,6000,155520000,0,-1,2,5,0,
cc_C43598,0,54000,0,90,25920,6000,155520000,0,-1,3,1,0,
cc_C46412,0,60000,0,90,25920,6000,155520000,0,13,15,2,0,
cc_C48982,0,78000,0,90,25920,6000,155520000,0,7,11,14,0,
cc_C51792,0,42000,0,270,25920,6000,155520000,0,8,1,20,0,
cc_C54385,25920,78000,0,90,25920,6000,155520000,0,-1,-1,12,0,
cc_C57055,25920,84000,0,90,25920,6000,155520000,0,-1,-1,4,1,
cc_C59668,25920,42000,0,270,25920,6000,155520000,0,-1,-1,5,1,
cc_C62278,25920,54000,0,90,25920,6000,155520000,0,-1,-1,13,0,
cc_C65067,25920,66000,0,90,25920,6000,155520000,0,-1,12,0,0,
cc_C67839,0,84000,0,90,25920,6000,155520000,0,-1,-1,4,0,
cc_C70494,25920,72000,0,90,25920,6000,155520000,0,-1,6,10,0,
cc_C73068,25920,48000,0,270,25920,6000,155520000,0,-1,9,3,1,
cc_C75794,0,72000,0,90,25920,6000,155520000,0,-1,4,15,0,
cc_C78507,0,66000,0,90,25920,6000,155520000,0,0,14,3,0,
cc_C390725,0,18000,0,270,25920,6000,155520000,0,-1,24,29,0,
cc_C393732,25920,24000,0,270,25920,6000,155520000,0,-1,21,31,0,
cc_C396426,0,0,1,270,37030,8625,319383750,0,-1,30,-1,0,
cc_C399324,25920,36000,0,90,25920,6000,155520000,0,-1,-1,27,1,
cc_C401934,0,36000,0,90,25920,6000,155520000,0,-1,5,28,0,
cc_C404828,25920,30000,0,90,25920,6000,155520000,0,-1,-1,17,0,
cc_C407517,25920,6000,0,270,25920,6000,155520000,0,-1,23,25,0,
cc_C410399,25920,12000,0,90,25920,6000,155520000,0,-1,31,22,0,
cc_C413083,0,24000,0,90,25920,6000,155520000,0,-1,28,16,0,
cc_C415825,25920,0,0,270,25920,6000,155520000,0,-1,22,26,1,
cc_C418719,0,0,0,270,25920,6000,155520000,0,25,27,-1,0,
cc_C421704,0,6000,0,270,25920,6000,155520000,0,19,29,26,0,
cc_C424482,0,30000,0,90,25920,6000,155520000,0,-1,20,24,0,
cc_C427157,0,12000,0,90,25920,6000,155520000,0,-1,16,27,0,
cc_C429953,0,8625,1,90,37030,8625,319383750,0,-1,-1,18,0,
cc_C432668,25920,18000,0,90,25920,6000,155520000,0,-1,17,23,0,
Wirelength: 334158
layer(tree) info:
layer: 0 ,width: 51840 ,height: 90000 ,area: 4665600000, filling_rate: 1
layer: 1 ,width: 37030 ,height: 17250 ,area: 638767500, filling_rate: 1
random seed: 4
alpha: 0
gamma: 1
best wirelength: 334158
initial_num_perturbs: 1024
iter: 30720
best_iter: 25301
best_cost: 0.190927
reject_time: 1050108
accept_inferior_time: 798519
update_best_time: 42
adjustLegalOutline_fail_times: 17
initial_wirelength: 1.11975e+06
initial_average_wirelength: 1.75018e+06
1.1017e+06,initial_iter: 1024
initial_time: 0.025
total time cost: 83.641
