name,x,y,layer,rotated_angle,width,height,area,exceed_outline_area,left,right,parent,is_from_left,
cc_C8466,0,15840,1,270,8160,9072,74027520,0,-1,-1,3,0,
cc_C8467,0,15147,0,270,5709,6369,36360621,0,-1,10,13,0,
cc_C16429,10752,7728,1,270,10752,8112,87220224,0,-1,21,3,1,
cc_C16430,0,7728,1,90,10752,8112,87220224,0,2,0,28,0,
cc_C32011,9735,36828,0,180,8613,4290,36949770,0,-1,-1,16,0,
cc_C32012,5445,32340,0,270,4290,8613,36949770,0,25,-1,6,1,
cc_C39784,0,32340,0,180,5445,7854,42765030,0,5,-1,11,0,
cc_C39785,28710,0,0,270,7854,5445,42765030,0,-1,-1,20,1,
cc_C55552,23001,0,0,0,5412,7854,42505848,0,-1,-1,9,1,
cc_C55553,17589,0,0,0,5412,7854,42505848,0,8,22,18,1,
cc_C63404,0,21516,0,90,7854,5412,42505848,0,-1,11,1,0,
cc_C63405,0,26928,0,90,7854,5412,42505848,0,-1,6,10,0,
cc_C71293,9735,13233,0,180,5412,7854,42505848,0,-1,18,24,0,
cc_C71294,0,9735,0,90,7854,5412,42505848,0,-1,1,26,0,
cc_C86866,17589,26829,0,180,6369,5709,36360621,0,-1,-1,23,0,
cc_C86867,31812,5445,0,270,7524,5676,42706224,0,-1,-1,32,1,
cc_C86868,9735,32538,0,0,8613,4290,36949770,0,-1,4,17,0,
cc_C86869,9735,26499,0,270,7854,5445,42765030,0,-1,16,18,0,
cc_C86870,9735,21087,0,270,7854,5412,42505848,0,9,17,12,0,
cc_C94576,17589,15708,0,180,6369,5709,36360621,0,32,23,22,0,
cc_C94577,23034,7854,0,180,5676,7524,42706224,0,7,-1,22,1,
cc_C94578,10752,15840,1,0,12288,6144,75497472,0,-1,-1,2,0,
cc_C94579,17589,7854,0,180,5445,7854,42765030,0,20,19,9,0,
cc_C94580,17589,21417,0,270,7854,5412,42505848,0,29,14,19,0,
cc_C102137,9735,7524,0,180,6369,5709,36360621,0,-1,12,25,0,
cc_C102138,9735,0,0,180,5676,7524,42706224,0,-1,24,5,1,
cc_C102139,0,5445,0,0,8613,4290,36949770,0,-1,13,27,0,
cc_C102140,0,0,0,270,7854,5445,42765030,0,-1,26,-1,0,
cc_C102141,0,0,1,90,11232,7728,86800896,0,-1,3,-1,0,
cc_C109812,25443,20823,0,0,6369,5709,36360621,0,33,31,23,1,
cc_C109813,31812,18975,0,0,5676,7524,42706224,0,-1,-1,33,0,
cc_C109814,25443,26532,0,0,8613,4290,36949770,0,-1,-1,29,0,
cc_C109815,23958,15378,0,90,7854,5445,42765030,0,15,-1,19,1,
cc_C109816,31812,11121,0,0,5412,7854,42505848,0,-1,30,29,1,
Wirelength: 323303
layer(tree) info:
layer: 0 ,width: 39336 ,height: 41118 ,area: 1617417648, filling_rate: 0.727406
layer: 1 ,width: 23040 ,height: 24912 ,area: 573972480, filling_rate: 0.715655
random seed: 10
alpha: 0
gamma: 1
best wirelength: 323303
initial_num_perturbs: 1156
iter: 34680
best_iter: 1807
best_cost: 0.123645
reject_time: 1148917
accept_inferior_time: 1147862
update_best_time: 81
adjustLegalOutline_fail_times: 0
initial_wirelength: 1.2441e+06
initial_average_wirelength: 2.61477e+06
1.33878e+06,initial_iter: 1156
initial_time: 0.014
total time cost: 45.167
