name,x,y,layer,rotated_angle,width,height,area,exceed_outline_area,left,right,parent,is_from_left,
cc_C2791,8679,0,0,0,11319,8580,97117020,0,-1,3,4,1,
cc_C2792,0,8448,1,180,11319,8580,97117020,0,-1,-1,2,0,
cc_C2793,0,0,1,0,11616,8448,98131968,0,5,1,-1,0,
cc_C2794,8679,8580,0,0,11616,8448,98131968,0,-1,-1,0,0,
cc_C2795,0,0,0,270,8679,11352,98524008,0,0,-1,-1,0,
cc_C2796,11616,0,1,90,8679,11352,98524008,0,-1,-1,2,1,
Wirelength: 59804
layer(tree) info:
layer: 0 ,width: 20295 ,height: 17028 ,area: 345583260, filling_rate: 0.850079
layer: 1 ,width: 20295 ,height: 17028 ,area: 345583260, filling_rate: 0.850079
random seed: 7
alpha: 0
gamma: 1
best wirelength: 59804
initial_num_perturbs: 36
iter: 1080
best_iter: 789
best_cost: 0.309584
reject_time: 48079
accept_inferior_time: 28766
update_best_time: 10
adjustLegalOutline_fail_times: 0
initial_wirelength: 163778
initial_average_wirelength: 193175
163778,initial_iter: 36
initial_time: 0.003
total time cost: 0.356
