name,x,y,layer,rotated_angle,width,height,area,exceed_outline_area,left,right,parent,is_from_left,
cc_C38060,31920,30000,0,180,6000,25920,155520000,0,8,6,24,0,
cc_C40988,31920,61920,0,270,25920,6000,155520000,0,-1,14,6,0,
cc_C43598,0,54000,0,270,25920,6000,155520000,0,27,12,15,0,
cc_C46412,25920,79920,0,90,25920,6000,155520000,0,-1,-1,9,0,
cc_C48982,31920,73920,0,270,25920,6000,155520000,0,-1,-1,14,0,
cc_C51792,0,72000,0,90,25920,6000,155520000,0,-1,10,11,0,
cc_C54385,31920,55920,0,270,25920,6000,155520000,0,-1,1,0,0,
cc_C57055,0,36000,0,270,25920,6000,155520000,0,-1,13,25,0,
cc_C59668,37920,30000,0,180,6000,25920,155520000,0,29,-1,0,1,
cc_C62278,25920,51840,0,180,6000,25920,155520000,0,-1,3,20,0,
cc_C65067,0,78000,0,90,25920,6000,155520000,0,20,-1,5,0,
cc_C67839,0,66000,0,270,25920,6000,155520000,0,-1,5,12,0,
cc_C70494,0,60000,0,270,25920,6000,155520000,0,-1,11,2,0,
cc_C73068,0,42000,0,270,25920,6000,155520000,0,-1,15,7,0,
cc_C75794,31920,67920,0,270,25920,6000,155520000,0,-1,4,1,0,
cc_C78507,0,48000,0,270,25920,6000,155520000,0,-1,2,13,0,
cc_C390725,31920,6000,0,270,25920,6000,155520000,0,-1,17,18,0,
cc_C393732,31920,12000,0,90,25920,6000,155520000,0,-1,19,16,0,
cc_C396426,31920,0,0,270,25920,6000,155520000,0,-1,16,20,1,
cc_C399324,31920,18000,0,90,25920,6000,155520000,0,-1,24,17,0,
cc_C401934,25920,25920,0,0,6000,25920,155520000,0,18,9,10,1,
cc_C404828,0,0,1,270,37030,8625,319383750,0,-1,31,-1,0,
cc_C407517,0,24000,0,90,25920,6000,155520000,0,-1,25,26,0,
cc_C410399,0,0,0,270,25920,6000,155520000,0,-1,30,-1,0,
cc_C413083,31920,24000,0,90,25920,6000,155520000,0,-1,0,19,0,
cc_C415825,0,30000,0,270,25920,6000,155520000,0,-1,7,22,0,
cc_C418719,0,18000,0,90,25920,6000,155520000,0,-1,22,28,0,
cc_C421704,25920,0,0,0,6000,25920,155520000,0,-1,-1,2,1,
cc_C424482,0,12000,0,270,25920,6000,155520000,0,-1,26,30,0,
cc_C427157,43920,30000,0,180,6000,25920,155520000,0,-1,-1,8,1,
cc_C429953,0,6000,0,270,25920,6000,155520000,0,-1,28,23,0,
cc_C432668,0,8625,1,90,37030,8625,319383750,0,-1,-1,21,0,
Wirelength: 358455
layer(tree) info:
layer: 0 ,width: 57840 ,height: 85920 ,area: 4969612800, filling_rate: 0.938826
layer: 1 ,width: 37030 ,height: 17250 ,area: 638767500, filling_rate: 1
random seed: 3
alpha: 0
gamma: 1
best wirelength: 358455
initial_num_perturbs: 1024
iter: 30720
best_iter: 18365
best_cost: 0.193449
reject_time: 1015863
accept_inferior_time: 813944
update_best_time: 59
adjustLegalOutline_fail_times: 33
initial_wirelength: 1.11975e+06
initial_average_wirelength: 1.85297e+06
1.2693e+06,initial_iter: 1024
initial_time: 0.023
total time cost: 82.99
