name,x,y,layer,rotated_angle,width,height,area,exceed_outline_area,left,right,parent,is_from_left,
cc_C38060,0,42000,0,270,25920,6000,155520000,0,9,8,19,0,
cc_C40988,0,60000,0,90,25920,6000,155520000,0,-1,5,13,0,
cc_C43598,0,72000,0,270,25920,6000,155520000,0,15,10,5,0,
cc_C46412,0,84000,0,90,25920,6000,155520000,0,4,-1,10,0,
cc_C48982,25920,84000,0,90,25920,6000,155520000,0,-1,-1,3,1,
cc_C51792,0,66000,0,90,25920,6000,155520000,0,12,2,1,0,
cc_C54385,25920,54000,0,270,25920,6000,155520000,0,-1,-1,20,1,
cc_C57055,25920,48000,0,270,25920,6000,155520000,0,-1,-1,14,0,
cc_C59668,0,48000,0,270,25920,6000,155520000,0,11,13,0,0,
cc_C62278,25920,60000,0,90,25920,6000,155520000,0,-1,-1,0,1,
cc_C65067,0,78000,0,90,25920,6000,155520000,0,-1,3,2,0,
cc_C67839,25920,66000,0,90,25920,6000,155520000,0,-1,-1,8,1,
cc_C70494,25920,72000,0,270,25920,6000,155520000,0,-1,-1,5,1,
cc_C73068,0,54000,0,90,25920,6000,155520000,0,-1,1,8,0,
cc_C75794,25920,42000,0,270,25920,6000,155520000,0,-1,7,18,0,
cc_C78507,25920,78000,0,90,25920,6000,155520000,0,-1,-1,2,1,
cc_C390725,0,30000,0,90,25920,6000,155520000,0,-1,19,22,0,
cc_C393732,31920,36000,0,90,25920,6000,155520000,0,-1,-1,24,0,
cc_C396426,25920,0,0,0,6000,25920,155520000,0,30,14,28,1,
cc_C399324,0,36000,0,90,25920,6000,155520000,0,-1,0,16,0,
cc_C401934,0,12000,0,270,25920,6000,155520000,0,6,27,28,0,
cc_C404828,31920,6000,0,270,25920,6000,155520000,0,-1,31,30,0,
cc_C407517,0,24000,0,270,25920,6000,155520000,0,-1,16,27,0,
cc_C410399,31920,18000,0,270,25920,6000,155520000,0,-1,25,31,0,
cc_C413083,31920,30000,0,90,25920,6000,155520000,0,-1,17,25,0,
cc_C415825,31920,24000,0,90,25920,6000,155520000,0,-1,24,23,0,
cc_C418719,0,0,1,0,8625,37030,319383750,0,-1,-1,-1,0,
cc_C421704,0,18000,0,90,25920,6000,155520000,0,-1,22,20,0,
cc_C424482,0,6000,0,270,25920,6000,155520000,0,18,20,29,0,
cc_C427157,0,0,0,270,25920,6000,155520000,0,-1,28,-1,0,
cc_C429953,31920,0,0,270,25920,6000,155520000,0,-1,21,18,1,
cc_C432668,31920,12000,0,270,25920,6000,155520000,0,-1,23,21,0,
Wirelength: 358489
layer(tree) info:
layer: 0 ,width: 57840 ,height: 90000 ,area: 5205600000, filling_rate: 0.926141
layer: 1 ,width: 8625 ,height: 37030 ,area: 319383750, filling_rate: 1
random seed: 9
alpha: 0
gamma: 1
best wirelength: 358489
initial_num_perturbs: 1024
iter: 30720
best_iter: 11110
best_cost: 0.21649
reject_time: 1060334
accept_inferior_time: 787481
update_best_time: 38
adjustLegalOutline_fail_times: 14
initial_wirelength: 1.11975e+06
initial_average_wirelength: 1.65592e+06
836244,initial_iter: 1024
initial_time: 0.026
total time cost: 80.902
