name,x,y,layer,rotated_angle,width,height,area,exceed_outline_area,left,right,parent,is_from_left,
cc_C38060,25920,51840,0,180,6000,25920,155520000,0,-1,-1,9,0,
cc_C40988,31920,42000,0,90,25920,6000,155520000,0,-1,13,5,0,
cc_C43598,0,66000,0,90,25920,6000,155520000,0,-1,3,10,0,
cc_C46412,0,72000,0,90,25920,6000,155520000,0,-1,14,2,0,
cc_C48982,31920,54000,0,90,25920,6000,155520000,0,-1,11,13,0,
cc_C51792,31920,36000,0,270,25920,6000,155520000,0,-1,1,31,0,
cc_C54385,31920,72000,0,90,25920,6000,155520000,0,-1,-1,8,0,
cc_C57055,25920,78000,0,90,25920,6000,155520000,0,-1,-1,24,1,
cc_C59668,31920,66000,0,90,25920,6000,155520000,0,-1,6,11,0,
cc_C62278,25920,25920,0,0,6000,25920,155520000,0,-1,0,22,1,
cc_C65067,0,60000,0,90,25920,6000,155520000,0,-1,2,15,0,
cc_C67839,31920,60000,0,270,25920,6000,155520000,0,-1,8,4,0,
cc_C70494,0,48000,0,90,25920,6000,155520000,0,-1,15,27,0,
cc_C73068,31920,48000,0,270,25920,6000,155520000,0,-1,4,1,0,
cc_C75794,0,78000,0,90,25920,6000,155520000,0,-1,-1,3,0,
cc_C78507,0,54000,0,90,25920,6000,155520000,0,-1,10,12,0,
cc_C390725,0,6000,0,90,25920,6000,155520000,0,-1,22,23,0,
cc_C393732,0,36000,0,90,25920,6000,155520000,0,-1,27,18,0,
cc_C396426,0,30000,0,270,25920,6000,155520000,0,-1,17,30,0,
cc_C399324,0,0,1,270,37030,8625,319383750,0,-1,-1,-1,0,
cc_C401934,31920,0,0,270,25920,6000,155520000,0,-1,21,29,1,
cc_C404828,31920,6000,0,90,25920,6000,155520000,0,-1,28,20,0,
cc_C407517,0,12000,0,90,25920,6000,155520000,0,9,24,16,0,
cc_C410399,0,0,0,270,25920,6000,155520000,0,29,16,-1,0,
cc_C413083,0,18000,0,90,25920,6000,155520000,0,7,30,22,0,
cc_C415825,31920,18000,0,90,25920,6000,155520000,0,-1,26,28,0,
cc_C418719,31920,24000,0,90,25920,6000,155520000,0,-1,31,25,0,
cc_C421704,0,42000,0,90,25920,6000,155520000,0,-1,12,17,0,
cc_C424482,31920,12000,0,90,25920,6000,155520000,0,-1,25,21,0,
cc_C427157,25920,0,0,180,6000,25920,155520000,0,20,-1,23,1,
cc_C429953,0,24000,0,90,25920,6000,155520000,0,-1,18,24,0,
cc_C432668,31920,30000,0,90,25920,6000,155520000,0,-1,5,26,0,
Wirelength: 349919
layer(tree) info:
layer: 0 ,width: 57840 ,height: 84000 ,area: 4858560000, filling_rate: 0.992294
layer: 1 ,width: 37030 ,height: 8625 ,area: 319383750, filling_rate: 1
random seed: 5
alpha: 0
gamma: 1
best wirelength: 349919
initial_num_perturbs: 1024
iter: 30720
best_iter: 12002
best_cost: 0.179735
reject_time: 997305
accept_inferior_time: 824739
update_best_time: 60
adjustLegalOutline_fail_times: 35
initial_wirelength: 1.11975e+06
initial_average_wirelength: 1.94686e+06
1.10442e+06,initial_iter: 1024
initial_time: 0.023
total time cost: 80.977
