name,x,y,layer,rotated_angle,width,height,area,exceed_outline_area,left,right,parent,is_from_left,
cc_C8466,15456,0,1,180,9072,8160,74027520,0,1,-1,13,1,
cc_C8467,24528,0,1,180,9072,8160,74027520,0,-1,32,0,1,
cc_C16429,26796,0,0,0,5676,7524,42706224,0,-1,-1,33,1,
cc_C16430,28611,7524,0,180,5676,7524,42706224,0,-1,-1,5,1,
cc_C32011,24528,15936,1,90,6144,12288,75497472,0,-1,-1,32,0,
cc_C32012,24321,15708,0,90,4290,8613,36949770,0,3,-1,11,1,
cc_C39784,16467,0,0,0,5445,7854,42765030,0,-1,-1,17,1,
cc_C39785,0,10659,0,90,7854,5445,42765030,0,18,24,14,0,
cc_C55552,0,27885,0,270,7854,5412,42505848,0,15,27,28,0,
cc_C55553,0,11232,1,270,11232,7728,86800896,0,31,25,12,0,
cc_C63404,15378,15708,0,90,7854,5412,42505848,0,-1,-1,15,1,
cc_C63405,16467,21120,0,90,7854,5412,42505848,0,5,23,21,1,
cc_C71293,0,0,1,0,7728,11232,86800896,0,13,9,-1,0,
cc_C71294,7728,0,1,0,7728,11232,86800896,0,0,-1,12,1,
cc_C86866,0,4290,0,90,5709,6369,36360621,0,-1,7,16,0,
cc_C86867,7854,16566,0,270,7524,5676,42706224,0,10,-1,8,1,
cc_C86868,0,0,0,0,8613,4290,36949770,0,17,14,-1,0,
cc_C86869,8613,0,0,90,7854,5445,42765030,0,6,-1,16,1,
cc_C86870,7854,5445,0,90,7854,5412,42505848,0,30,-1,7,1,
cc_C94576,11232,17376,1,0,9072,8160,74027520,0,-1,-1,31,0,
cc_C94577,7854,22242,0,270,7524,5676,42706224,0,-1,21,27,1,
cc_C94578,7854,27918,0,0,8613,4290,36949770,0,11,-1,20,0,
cc_C94579,12288,25536,1,90,11232,7776,87340032,0,-1,-1,26,1,
cc_C94580,16467,26532,0,0,5412,7854,42505848,0,-1,-1,11,0,
cc_C102137,0,16104,0,270,5709,6369,36360621,0,-1,28,7,0,
cc_C102138,0,18960,1,90,10752,8112,87220224,0,-1,26,9,0,
cc_C102139,0,27072,1,180,12288,6144,75497472,0,22,-1,25,0,
cc_C102140,0,33297,0,270,7854,5445,42765030,0,20,-1,8,0,
cc_C102141,0,22473,0,90,7854,5412,42505848,0,29,8,24,0,
cc_C109812,7854,10857,0,180,6369,5709,36360621,0,-1,-1,28,1,
cc_C109813,15708,7854,0,180,5676,7524,42706224,0,33,-1,18,1,
cc_C109814,11232,11232,1,0,12288,6144,75497472,0,-1,19,9,1,
cc_C109815,24528,8160,1,270,11232,7776,87340032,0,-1,4,1,0,
cc_C109816,21384,7854,0,0,5412,7854,42505848,0,2,-1,30,1,
Wirelength: 322796
layer(tree) info:
layer: 0 ,width: 34287 ,height: 38742 ,area: 1328346954, filling_rate: 0.679087
layer: 1 ,width: 35760 ,height: 33312 ,area: 1191237120, filling_rate: 0.815017
random seed: 3
alpha: 0
gamma: 1
best wirelength: 322796
initial_num_perturbs: 1156
iter: 34680
best_iter: 8587
best_cost: 0.118746
reject_time: 1140198
accept_inferior_time: 1151784
update_best_time: 76
adjustLegalOutline_fail_times: 0
initial_wirelength: 1.2441e+06
initial_average_wirelength: 2.71838e+06
1.10482e+06,initial_iter: 1156
initial_time: 0.017
total time cost: 44.771
