name,x,y,layer,rotated_angle,width,height,area,exceed_outline_area,left,right,parent,is_from_left,
cc_C38060,0,30000,0,90,25920,6000,155520000,0,-1,17,3,0,
cc_C40988,0,6000,0,270,25920,6000,155520000,0,-1,10,7,0,
cc_C43598,37920,18000,0,90,25920,6000,155520000,0,-1,4,5,0,
cc_C46412,0,24000,0,90,25920,6000,155520000,0,23,0,14,0,
cc_C48982,37920,24000,0,90,25920,6000,155520000,0,-1,12,2,0,
cc_C51792,37920,12000,0,270,25920,6000,155520000,0,-1,2,11,0,
cc_C54385,0,8625,1,90,37030,8625,319383750,0,-1,-1,13,0,
cc_C57055,0,0,0,270,25920,6000,155520000,0,-1,1,-1,0,
cc_C59668,37920,0,0,270,25920,6000,155520000,0,-1,11,15,1,
cc_C62278,25920,0,0,180,6000,25920,155520000,0,-1,-1,14,1,
cc_C65067,0,12000,0,270,25920,6000,155520000,0,-1,14,1,0,
cc_C67839,37920,6000,0,270,25920,6000,155520000,0,-1,5,8,0,
cc_C70494,37920,30000,0,90,25920,6000,155520000,0,-1,25,4,0,
cc_C73068,0,0,1,270,37030,8625,319383750,0,-1,6,-1,0,
cc_C75794,0,18000,0,270,25920,6000,155520000,0,9,3,10,0,
cc_C78507,31920,0,0,0,6000,25920,155520000,0,8,16,23,1,
cc_C390725,31920,25920,0,180,6000,25920,155520000,0,-1,28,15,0,
cc_C393732,0,36000,0,270,25920,6000,155520000,0,-1,26,0,0,
cc_C396426,0,48000,0,270,25920,6000,155520000,0,-1,29,26,0,
cc_C399324,37920,54000,0,270,25920,6000,155520000,0,-1,20,21,0,
cc_C401934,37920,60000,0,90,25920,6000,155520000,0,-1,22,19,0,
cc_C404828,37920,48000,0,90,25920,6000,155520000,0,-1,19,28,1,
cc_C407517,37920,66000,0,90,25920,6000,155520000,0,-1,-1,20,0,
cc_C410399,25920,25920,0,180,6000,25920,155520000,0,15,30,3,1,
cc_C413083,0,66000,0,90,25920,6000,155520000,0,-1,-1,31,0,
cc_C415825,37920,36000,0,270,25920,6000,155520000,0,-1,27,12,0,
cc_C418719,0,42000,0,90,25920,6000,155520000,0,-1,18,17,0,
cc_C421704,37920,42000,0,90,25920,6000,155520000,0,-1,-1,25,0,
cc_C424482,31920,51840,0,180,6000,25920,155520000,0,21,-1,16,0,
cc_C427157,0,54000,0,270,25920,6000,155520000,0,-1,31,18,0,
cc_C429953,25920,51840,0,180,6000,25920,155520000,0,-1,-1,23,0,
cc_C432668,0,60000,0,90,25920,6000,155520000,0,-1,24,29,0,
Wirelength: 331569
layer(tree) info:
layer: 0 ,width: 63840 ,height: 77760 ,area: 4964198400, filling_rate: 0.93985
layer: 1 ,width: 37030 ,height: 17250 ,area: 638767500, filling_rate: 1
random seed: 1
alpha: 0
gamma: 1
best wirelength: 331569
initial_num_perturbs: 1024
iter: 30720
best_iter: 9277
best_cost: 0.17763
reject_time: 1015642
accept_inferior_time: 811274
update_best_time: 49
adjustLegalOutline_fail_times: 3
initial_wirelength: 1.11975e+06
initial_average_wirelength: 1.86663e+06
1.34896e+06,initial_iter: 1024
initial_time: 0.047
total time cost: 82.956
