name,x,y,layer,rotated_angle,width,height,area,exceed_outline_area,left,right,parent,is_from_left,
cc_C38060,37920,37920,0,270,25920,6000,155520000,0,-1,10,30,0,
cc_C40988,31920,69840,0,90,25920,6000,155520000,0,-1,-1,14,0,
cc_C43598,25920,25920,0,180,6000,25920,155520000,0,21,-1,7,1,
cc_C46412,25920,51840,0,0,6000,25920,155520000,0,11,-1,15,1,
cc_C48982,0,36000,0,270,25920,6000,155520000,0,-1,13,27,0,
cc_C51792,0,54000,0,270,25920,6000,155520000,0,-1,8,12,0,
cc_C54385,31920,51840,0,90,25920,6000,155520000,0,-1,9,11,0,
cc_C57055,0,66000,0,90,25920,6000,155520000,0,2,15,8,0,
cc_C59668,0,60000,0,90,25920,6000,155520000,0,-1,7,5,0,
cc_C62278,31920,57840,0,270,25920,6000,155520000,0,-1,14,6,0,
cc_C65067,37920,43920,0,270,25920,6000,155520000,0,-1,-1,0,0,
cc_C67839,31920,25920,0,180,6000,25920,155520000,0,25,6,3,1,
cc_C70494,0,48000,0,90,25920,6000,155520000,0,-1,5,13,0,
cc_C73068,0,42000,0,90,25920,6000,155520000,0,-1,12,4,0,
cc_C75794,31920,63840,0,270,25920,6000,155520000,0,-1,1,9,0,
cc_C78507,0,72000,0,90,25920,6000,155520000,0,3,-1,7,0,
cc_C390725,0,12000,0,90,25920,6000,155520000,0,22,17,18,0,
cc_C393732,0,18000,0,90,25920,6000,155520000,0,-1,23,16,0,
cc_C396426,0,6000,0,270,25920,6000,155520000,0,-1,16,31,0,
cc_C399324,0,0,1,270,37030,8625,319383750,0,-1,28,-1,0,
cc_C401934,43920,0,0,270,25920,6000,155520000,0,-1,24,25,1,
cc_C404828,31920,0,0,0,6000,25920,155520000,0,-1,-1,2,1,
cc_C407517,25920,0,0,0,6000,25920,155520000,0,-1,-1,16,1,
cc_C410399,0,24000,0,270,25920,6000,155520000,0,-1,27,17,0,
cc_C413083,43920,6000,0,0,6000,25920,155520000,0,29,-1,20,0,
cc_C415825,37920,0,0,0,6000,25920,155520000,0,20,30,11,1,
cc_C418719,55920,6000,0,180,6000,25920,155520000,0,-1,-1,29,1,
cc_C421704,0,30000,0,90,25920,6000,155520000,0,-1,4,23,0,
cc_C424482,0,8625,1,90,37030,8625,319383750,0,-1,-1,19,0,
cc_C427157,49920,6000,0,180,6000,25920,155520000,0,26,-1,24,1,
cc_C429953,37920,31920,0,90,25920,6000,155520000,0,-1,0,25,0,
cc_C432668,0,0,0,270,25920,6000,155520000,0,-1,18,-1,0,
Wirelength: 365834
layer(tree) info:
layer: 0 ,width: 69840 ,height: 78000 ,area: 5447520000, filling_rate: 0.856463
layer: 1 ,width: 37030 ,height: 17250 ,area: 638767500, filling_rate: 1
random seed: 2
alpha: 0
gamma: 1
best wirelength: 365834
initial_num_perturbs: 1024
iter: 30720
best_iter: 854
best_cost: 0.190989
reject_time: 1019012
accept_inferior_time: 819298
update_best_time: 50
adjustLegalOutline_fail_times: 12
initial_wirelength: 1.11975e+06
initial_average_wirelength: 1.91547e+06
1.30955e+06,initial_iter: 1024
initial_time: 0.024
total time cost: 87.374
