name,x,y,layer,rotated_angle,width,height,area,exceed_outline_area,left,right,parent,is_from_left,
cc_C8466,21384,6369,0,270,5709,6369,36360621,0,-1,-1,1,0,
cc_C8467,21384,0,0,270,5709,6369,36360621,0,3,0,18,1,
cc_C16429,27093,7524,0,180,5676,7524,42706224,0,-1,-1,3,0,
cc_C16430,27093,0,0,0,5676,7524,42706224,0,-1,2,1,1,
cc_C32011,14289,29007,0,0,8613,4290,36949770,0,5,27,26,1,
cc_C32012,22902,27786,0,90,4290,8613,36949770,0,-1,-1,4,1,
cc_C39784,14289,5412,0,0,5445,7854,42765030,0,15,-1,31,1,
cc_C39785,0,16896,1,0,7776,11232,87340032,0,-1,24,11,0,
cc_C55552,5676,15444,0,90,7854,5412,42505848,0,22,9,31,0,
cc_C55553,5676,20856,0,90,7854,5412,42505848,0,-1,12,8,0,
cc_C63404,0,0,0,0,5412,7854,42505848,0,-1,33,-1,0,
cc_C63405,0,0,1,0,7728,11232,86800896,0,16,7,-1,0,
cc_C71293,5676,26268,0,90,7854,5412,42505848,0,-1,28,9,0,
cc_C71294,0,23562,0,180,5412,7854,42505848,0,-1,25,32,0,
cc_C86866,15840,6144,1,90,8160,9072,74027520,0,-1,-1,30,1,
cc_C86867,19734,12738,0,0,5676,7524,42706224,0,-1,-1,6,1,
cc_C86868,7728,0,1,180,12288,6144,75497472,0,-1,30,11,1,
cc_C86869,5676,0,0,270,7854,5445,42765030,0,18,29,25,1,
cc_C86870,13530,0,0,270,7854,5412,42505848,0,1,-1,17,1,
cc_C94576,13530,23298,0,180,6369,5709,36360621,0,20,-1,28,1,
cc_C94577,19899,20262,0,180,5676,7524,42706224,0,-1,-1,19,1,
cc_C94578,8160,24624,1,0,12288,6144,75497472,0,-1,-1,23,0,
cc_C94579,13530,15444,0,180,5445,7854,42765030,0,-1,-1,8,1,
cc_C94580,8160,16896,1,90,11232,7728,86800896,0,-1,21,24,1,
cc_C102137,0,28128,1,270,8160,9072,74027520,0,23,-1,7,0,
cc_C102138,0,31416,0,180,5676,7524,42706224,0,17,-1,13,0,
cc_C102139,5676,37092,0,0,8613,4290,36949770,0,4,-1,28,0,
cc_C102140,14289,33297,0,180,5445,7854,42765030,0,-1,-1,4,0,
cc_C102141,5676,31680,0,270,7854,5412,42505848,0,19,26,12,0,
cc_C109812,5676,5445,0,0,6369,5709,36360621,0,-1,31,17,0,
cc_C109813,7728,6144,1,180,8112,10752,87220224,0,14,-1,16,0,
cc_C109814,5676,11154,0,0,8613,4290,36949770,0,6,8,29,0,
cc_C109815,0,15708,0,180,5445,7854,42765030,0,-1,13,33,0,
cc_C109816,0,7854,0,0,5412,7854,42505848,0,-1,32,10,0,
Wirelength: 319517
layer(tree) info:
layer: 0 ,width: 32769 ,height: 41382 ,area: 1356046758, filling_rate: 0.782159
layer: 1 ,width: 24000 ,height: 37200 ,area: 892800000, filling_rate: 0.724924
random seed: 1
alpha: 0
gamma: 1
best wirelength: 319517
initial_num_perturbs: 1156
iter: 34680
best_iter: 20699
best_cost: 0.121771
reject_time: 1143261
accept_inferior_time: 1151720
update_best_time: 69
adjustLegalOutline_fail_times: 0
initial_wirelength: 1.2441e+06
initial_average_wirelength: 2.62391e+06
1.14961e+06,initial_iter: 1156
initial_time: 0.016
total time cost: 44.108
