name,x,y,layer,rotated_angle,width,height,area,exceed_outline_area,left,right,parent,is_from_left,
cc_C2791,8448,0,0,180,11319,8580,97117020,0,-1,1,2,1,
cc_C2792,8448,8580,0,180,11319,8580,97117020,0,-1,-1,0,0,
cc_C2793,0,0,0,90,8448,11616,98131968,0,0,-1,-1,0,
cc_C2794,0,0,1,0,11616,8448,98131968,0,5,4,-1,0,
cc_C2795,0,8448,1,180,11352,8679,98524008,0,-1,-1,3,0,
cc_C2796,11616,0,1,270,8679,11352,98524008,0,-1,-1,3,1,
Wirelength: 59327
layer(tree) info:
layer: 0 ,width: 19767 ,height: 17160 ,area: 339201720, filling_rate: 0.861924
layer: 1 ,width: 20295 ,height: 17127 ,area: 347592465, filling_rate: 0.849213
random seed: 6
alpha: 0
gamma: 1
best wirelength: 59327
initial_num_perturbs: 36
iter: 1080
best_iter: 588
best_cost: 0.335743
reject_time: 49413
accept_inferior_time: 28331
update_best_time: 10
adjustLegalOutline_fail_times: 0
initial_wirelength: 163778
initial_average_wirelength: 176704
163778,initial_iter: 36
initial_time: 0.002
total time cost: 0.348
