name,x,y,layer,rotated_angle,width,height,area,exceed_outline_area,left,right,parent,is_from_left,
cc_C38060,43920,36000,0,90,25920,6000,155520000,0,-1,14,3,0,
cc_C40988,6000,60000,0,90,25920,6000,155520000,0,10,-1,2,0,
cc_C43598,6000,54000,0,270,25920,6000,155520000,0,-1,1,8,0,
cc_C46412,43920,30000,0,270,25920,6000,155520000,0,-1,0,22,0,
cc_C48982,43920,60000,0,90,25920,6000,155520000,0,-1,-1,11,1,
cc_C51792,6000,36000,0,270,25920,6000,155520000,0,-1,7,13,0,
cc_C54385,43920,48000,0,90,25920,6000,155520000,0,-1,12,14,0,
cc_C57055,6000,42000,0,90,25920,6000,155520000,0,-1,8,5,0,
cc_C59668,6000,48000,0,90,25920,6000,155520000,0,19,2,7,0,
cc_C62278,37920,25920,0,180,6000,25920,155520000,0,-1,-1,30,0,
cc_C65067,31920,51840,0,180,6000,25920,155520000,0,11,-1,1,1,
cc_C67839,37920,51840,0,180,6000,25920,155520000,0,4,-1,10,1,
cc_C70494,43920,54000,0,90,25920,6000,155520000,0,-1,-1,6,0,
cc_C73068,6000,30000,0,270,25920,6000,155520000,0,-1,5,15,0,
cc_C75794,43920,42000,0,270,25920,6000,155520000,0,-1,6,0,0,
cc_C78507,6000,24000,0,270,25920,6000,155520000,0,-1,13,31,0,
cc_C390725,6000,12000,0,90,25920,6000,155520000,0,29,31,23,0,
cc_C393732,6000,0,0,270,25920,6000,155520000,0,-1,-1,24,1,
cc_C396426,8625,0,1,180,8625,37030,319383750,0,-1,-1,25,1,
cc_C399324,31920,25920,0,0,6000,25920,155520000,0,30,-1,8,1,
cc_C401934,43920,6000,0,90,25920,6000,155520000,0,-1,26,27,0,
cc_C404828,43920,18000,0,90,25920,6000,155520000,0,-1,22,26,0,
cc_C407517,43920,24000,0,90,25920,6000,155520000,0,-1,3,21,0,
cc_C410399,6000,6000,0,270,25920,6000,155520000,0,-1,16,28,1,
cc_C413083,0,0,0,0,6000,25920,155520000,0,17,28,-1,0,
cc_C415825,0,0,1,0,8625,37030,319383750,0,18,-1,-1,0,
cc_C418719,43920,12000,0,90,25920,6000,155520000,0,-1,21,20,0,
cc_C421704,43920,0,0,270,25920,6000,155520000,0,-1,20,30,1,
cc_C424482,0,25920,0,0,6000,25920,155520000,0,23,-1,24,0,
cc_C427157,31920,0,0,0,6000,25920,155520000,0,-1,-1,16,1,
cc_C429953,37920,0,0,0,6000,25920,155520000,0,27,9,19,1,
cc_C432668,6000,18000,0,90,25920,6000,155520000,0,-1,15,16,0,
Wirelength: 381469
layer(tree) info:
layer: 0 ,width: 69840 ,height: 77760 ,area: 5430758400, filling_rate: 0.859107
layer: 1 ,width: 17250 ,height: 37030 ,area: 638767500, filling_rate: 1
random seed: 10
alpha: 0
gamma: 1
best wirelength: 381469
initial_num_perturbs: 1024
iter: 30720
best_iter: 4294
best_cost: 0.204932
reject_time: 1045705
accept_inferior_time: 802882
update_best_time: 40
adjustLegalOutline_fail_times: 51
initial_wirelength: 1.11975e+06
initial_average_wirelength: 1.86144e+06
1.12702e+06,initial_iter: 1024
initial_time: 0.024
total time cost: 82.98
