name,x,y,layer,rotated_angle,width,height,area,exceed_outline_area,left,right,parent,is_from_left,
cc_C38060,25920,0,0,270,25920,6000,155520000,0,-1,-1,17,1,
cc_C40988,0,36000,0,90,25920,6000,155520000,0,-1,21,7,0,
cc_C43598,0,12000,0,90,25920,6000,155520000,0,-1,3,15,0,
cc_C46412,0,18000,0,90,25920,6000,155520000,0,-1,13,2,0,
cc_C48982,31920,36000,0,90,25920,6000,155520000,0,-1,19,8,0,
cc_C51792,31920,24000,0,90,25920,6000,155520000,0,-1,8,12,0,
cc_C54385,25920,6000,0,270,25920,6000,155520000,0,-1,-1,24,1,
cc_C57055,0,30000,0,90,25920,6000,155520000,0,-1,1,13,0,
cc_C59668,31920,30000,0,90,25920,6000,155520000,0,-1,4,5,0,
cc_C62278,25920,12000,0,180,6000,25920,155520000,0,11,16,27,1,
cc_C65067,0,0,1,270,37030,8625,319383750,0,-1,-1,-1,0,
cc_C67839,31920,12000,0,270,25920,6000,155520000,0,-1,12,9,1,
cc_C70494,31920,18000,0,90,25920,6000,155520000,0,-1,5,11,0,
cc_C73068,0,24000,0,270,25920,6000,155520000,0,-1,7,3,0,
cc_C75794,0,0,0,270,25920,6000,155520000,0,-1,15,-1,0,
cc_C78507,0,6000,0,270,25920,6000,155520000,0,-1,2,14,0,
cc_C390725,25920,37920,0,180,6000,25920,155520000,0,-1,-1,9,0,
cc_C393732,0,48000,0,270,25920,6000,155520000,0,0,20,21,0,
cc_C396426,31920,54000,0,270,25920,6000,155520000,0,-1,29,23,0,
cc_C399324,31920,42000,0,270,25920,6000,155520000,0,-1,23,4,0,
cc_C401934,0,54000,0,90,25920,6000,155520000,0,-1,26,17,0,
cc_C404828,0,42000,0,270,25920,6000,155520000,0,-1,17,1,0,
cc_C407517,0,78000,0,90,25920,6000,155520000,0,31,-1,27,0,
cc_C410399,31920,48000,0,270,25920,6000,155520000,0,-1,18,19,0,
cc_C413083,0,66000,0,270,25920,6000,155520000,0,6,27,26,0,
cc_C415825,31920,78000,0,90,25920,6000,155520000,0,-1,-1,30,0,
cc_C418719,0,60000,0,90,25920,6000,155520000,0,-1,24,20,0,
cc_C421704,0,72000,0,90,25920,6000,155520000,0,9,22,24,0,
cc_C424482,31920,66000,0,90,25920,6000,155520000,0,-1,30,29,0,
cc_C427157,31920,60000,0,90,25920,6000,155520000,0,-1,28,18,0,
cc_C429953,31920,72000,0,90,25920,6000,155520000,0,-1,25,28,0,
cc_C432668,25920,63840,0,180,6000,25920,155520000,0,-1,-1,22,1,
Wirelength: 335222
layer(tree) info:
layer: 0 ,width: 57840 ,height: 89760 ,area: 5191718400, filling_rate: 0.928617
layer: 1 ,width: 37030 ,height: 8625 ,area: 319383750, filling_rate: 1
random seed: 6
alpha: 0
gamma: 1
best wirelength: 335222
initial_num_perturbs: 1024
iter: 30720
best_iter: 17364
best_cost: 0.20695
reject_time: 1051532
accept_inferior_time: 799596
update_best_time: 42
adjustLegalOutline_fail_times: 51
initial_wirelength: 1.11975e+06
initial_average_wirelength: 1.61982e+06
1.07728e+06,initial_iter: 1024
initial_time: 0.023
total time cost: 79.283
