name,x,y,layer,rotated_angle,width,height,area,exceed_outline_area,left,right,parent,is_from_left,
cc_C38060,0,72000,0,90,25920,6000,155520000,0,-1,10,8,0,
cc_C40988,25920,66000,0,270,25920,6000,155520000,0,-1,9,15,1,
cc_C43598,0,48000,0,270,25920,6000,155520000,0,12,3,15,0,
cc_C46412,0,54000,0,270,25920,6000,155520000,0,-1,11,2,0,
cc_C48982,25920,48000,0,270,25920,6000,155520000,0,-1,5,26,1,
cc_C51792,25920,54000,0,90,25920,6000,155520000,0,-1,14,4,0,
cc_C54385,25920,42000,0,270,25920,6000,155520000,0,-1,-1,20,1,
cc_C57055,0,84000,0,90,25920,6000,155520000,0,13,-1,10,0,
cc_C59668,0,66000,0,270,25920,6000,155520000,0,-1,0,11,0,
cc_C62278,25920,72000,0,90,25920,6000,155520000,0,-1,-1,1,0,
cc_C65067,0,78000,0,90,25920,6000,155520000,0,-1,7,0,0,
cc_C67839,0,60000,0,90,25920,6000,155520000,0,-1,8,3,0,
cc_C70494,25920,78000,0,90,25920,6000,155520000,0,-1,-1,2,1,
cc_C73068,25920,84000,0,90,25920,6000,155520000,0,-1,-1,7,1,
cc_C75794,25920,60000,0,90,25920,6000,155520000,0,-1,-1,5,0,
cc_C78507,0,42000,0,270,25920,6000,155520000,0,1,2,26,0,
cc_C390725,25920,0,0,270,25920,6000,155520000,0,-1,19,29,1,
cc_C393732,0,8625,1,90,37030,8625,319383750,0,-1,-1,28,0,
cc_C396426,25920,18000,0,270,25920,6000,155520000,0,-1,27,30,0,
cc_C399324,25920,6000,0,270,25920,6000,155520000,0,-1,30,16,0,
cc_C401934,0,24000,0,270,25920,6000,155520000,0,6,31,23,0,
cc_C404828,0,6000,0,270,25920,6000,155520000,0,24,25,29,0,
cc_C407517,25920,36000,0,90,25920,6000,155520000,0,-1,-1,25,1,
cc_C410399,0,18000,0,270,25920,6000,155520000,0,-1,20,25,0,
cc_C413083,25920,30000,0,90,25920,6000,155520000,0,-1,-1,21,1,
cc_C415825,0,12000,0,90,25920,6000,155520000,0,22,23,21,0,
cc_C418719,0,36000,0,90,25920,6000,155520000,0,4,15,31,0,
cc_C421704,25920,24000,0,90,25920,6000,155520000,0,-1,-1,18,0,
cc_C424482,0,0,1,270,37030,8625,319383750,0,-1,17,-1,0,
cc_C427157,0,0,0,270,25920,6000,155520000,0,16,21,-1,0,
cc_C429953,25920,12000,0,270,25920,6000,155520000,0,-1,18,19,0,
cc_C432668,0,30000,0,90,25920,6000,155520000,0,-1,26,20,0,
Wirelength: 334158
layer(tree) info:
layer: 0 ,width: 51840 ,height: 90000 ,area: 4665600000, filling_rate: 1
layer: 1 ,width: 37030 ,height: 17250 ,area: 638767500, filling_rate: 1
random seed: 8
alpha: 0
gamma: 1
best wirelength: 334158
initial_num_perturbs: 1024
iter: 30720
best_iter: 2048
best_cost: 0.215945
reject_time: 1047252
accept_inferior_time: 790166
update_best_time: 53
adjustLegalOutline_fail_times: 3
initial_wirelength: 1.11975e+06
initial_average_wirelength: 1.54742e+06
1.12415e+06,initial_iter: 1024
initial_time: 0.022
total time cost: 79.046
