name,x,y,layer,rotated_angle,width,height,area,exceed_outline_area,left,right,parent,is_from_left,
cc_C2791,8448,8448,0,180,11319,8580,97117020,0,-1,-1,2,0,
cc_C2792,0,0,1,0,11319,8580,97117020,0,-1,5,-1,0,
cc_C2793,8448,0,0,0,11616,8448,98131968,0,-1,0,3,1,
cc_C2794,0,0,0,270,8448,11616,98131968,0,2,-1,-1,0,
cc_C2795,11352,0,1,270,8679,11352,98524008,0,-1,-1,5,1,
cc_C2796,0,8580,1,180,11352,8679,98524008,0,4,-1,1,0,
Wirelength: 70404
layer(tree) info:
layer: 0 ,width: 20064 ,height: 17028 ,area: 341649792, filling_rate: 0.858718
layer: 1 ,width: 20031 ,height: 17259 ,area: 345715029, filling_rate: 0.850889
random seed: 5
alpha: 0
gamma: 1
best wirelength: 70404
initial_num_perturbs: 36
iter: 1080
best_iter: 196
best_cost: 0.397026
reject_time: 50151
accept_inferior_time: 28053
update_best_time: 8
adjustLegalOutline_fail_times: 1
initial_wirelength: 163778
initial_average_wirelength: 177329
163778,initial_iter: 36
initial_time: 0.001
total time cost: 0.325
