name,x,y,layer,rotated_angle,width,height,area,exceed_outline_area,left,right,parent,is_from_left,
cc_C8466,8613,21087,0,90,5709,6369,36360621,0,-1,-1,4,1,
cc_C8467,8613,27456,0,90,5709,6369,36360621,0,11,-1,5,1,
cc_C16429,8160,18528,1,0,8112,10752,87220224,0,-1,3,16,0,
cc_C16430,8160,29280,1,180,8112,10752,87220224,0,-1,-1,2,0,
cc_C32011,0,26532,0,0,8613,4290,36949770,0,0,5,12,0,
cc_C32012,0,30822,0,0,8613,4290,36949770,0,1,-1,4,0,
cc_C39784,25146,18975,0,270,7854,5445,42765030,0,-1,-1,10,1,
cc_C39785,22176,24420,0,270,7854,5445,42765030,0,-1,-1,8,1,
cc_C55552,14322,28974,0,270,7854,5412,42505848,0,7,-1,9,0,
cc_C55553,14322,23562,0,270,7854,5412,42505848,0,-1,8,11,0,
cc_C63404,19734,13233,0,0,5412,7854,42505848,0,6,-1,20,0,
cc_C63405,14322,15708,0,0,5412,7854,42505848,0,20,9,1,1,
cc_C71293,0,21120,0,90,7854,5412,42505848,0,25,4,13,0,
cc_C71294,0,15708,0,90,7854,5412,42505848,0,-1,12,28,0,
cc_C86866,0,6144,1,270,8160,9072,74027520,0,16,-1,26,0,
cc_C86867,25410,13299,0,270,7524,5676,42706224,0,-1,-1,22,0,
cc_C86868,8160,6144,1,90,6144,12288,75497472,0,30,2,14,1,
cc_C86869,5445,0,0,180,5445,7854,42765030,0,18,-1,27,1,
cc_C86870,10890,0,0,180,5412,7854,42505848,0,31,-1,17,1,
cc_C94576,22416,0,1,90,8160,9072,74027520,0,-1,-1,30,1,
cc_C94577,19734,5709,0,0,5676,7524,42706224,0,22,10,11,1,
cc_C94578,33264,7854,0,90,4290,8613,36949770,0,-1,-1,22,1,
cc_C94579,25410,7854,0,270,7854,5445,42765030,0,21,15,20,1,
cc_C94580,31284,0,0,0,5412,7854,42505848,0,-1,-1,29,1,
cc_C102137,5412,7854,0,180,6369,5709,36360621,0,-1,-1,28,1,
cc_C102138,7854,13563,0,0,5676,7524,42706224,0,33,-1,12,1,
cc_C102139,0,0,1,180,12288,6144,75497472,0,-1,14,-1,0,
cc_C102140,0,0,0,180,5445,7854,42765030,0,17,28,-1,0,
cc_C102141,0,7854,0,0,5412,7854,42505848,0,24,13,27,0,
cc_C109812,24915,0,0,0,6369,5709,36360621,0,23,-1,31,1,
cc_C109813,14304,0,1,0,8112,10752,87220224,0,19,32,16,1,
cc_C109814,16302,0,0,180,8613,4290,36949770,0,29,-1,18,1,
cc_C109815,14304,10752,1,270,11232,7776,87340032,0,-1,-1,30,0,
cc_C109816,13530,7854,0,180,5412,7854,42505848,0,-1,-1,25,1,
Wirelength: 321787
layer(tree) info:
layer: 0 ,width: 37554 ,height: 35112 ,area: 1318596048, filling_rate: 0.80407
layer: 1 ,width: 30576 ,height: 40032 ,area: 1224018432, filling_rate: 0.529445
random seed: 4
alpha: 0
gamma: 1
best wirelength: 321787
initial_num_perturbs: 1156
iter: 34680
best_iter: 8204
best_cost: 0.128514
reject_time: 1144174
accept_inferior_time: 1149475
update_best_time: 73
adjustLegalOutline_fail_times: 0
initial_wirelength: 1.2441e+06
initial_average_wirelength: 2.50391e+06
1.28843e+06,initial_iter: 1156
initial_time: 0.015
total time cost: 44.287
