name,x,y,layer,rotated_angle,width,height,area,exceed_outline_area,left,right,parent,is_from_left,
cc_C8466,0,10659,0,270,5709,6369,36360621,0,-1,14,1,0,
cc_C8467,0,4290,0,270,5709,6369,36360621,0,-1,0,4,0,
cc_C16429,0,12288,1,180,8112,10752,87220224,0,21,16,5,0,
cc_C16430,5709,10659,0,270,7524,5676,42706224,0,-1,-1,19,0,
cc_C32011,0,0,0,0,8613,4290,36949770,0,-1,1,-1,0,
cc_C32012,0,0,1,270,6144,12288,75497472,0,-1,2,-1,0,
cc_C39784,25377,15378,0,0,5445,7854,42765030,0,10,-1,7,1,
cc_C39785,19932,23991,0,180,5445,7854,42765030,0,6,9,31,0,
cc_C55552,14256,23520,1,180,7728,11232,86800896,0,-1,-1,25,1,
cc_C55553,19932,31845,0,180,5412,7854,42505848,0,-1,-1,7,0,
cc_C63404,30822,13266,0,270,7854,5412,42505848,0,-1,-1,6,1,
cc_C63405,27951,7854,0,270,7854,5412,42505848,0,-1,-1,13,0,
cc_C71293,22539,0,0,0,5412,7854,42505848,0,13,-1,20,1,
cc_C71294,27951,0,0,0,5412,7854,42505848,0,-1,11,12,1,
cc_C86866,0,17028,0,270,5709,6369,36360621,0,19,18,0,0,
cc_C86867,19932,7854,0,180,5676,7524,42706224,0,-1,31,29,1,
cc_C86868,0,23040,1,270,6144,12288,75497472,0,25,-1,2,0,
cc_C86869,0,28809,0,270,7854,5445,42765030,0,-1,27,18,0,
cc_C86870,0,23397,0,270,7854,5412,42505848,0,32,17,14,0,
cc_C94576,5709,4290,0,90,5709,6369,36360621,0,22,3,14,1,
cc_C94577,16863,0,0,180,5676,7524,42706224,0,12,-1,22,1,
cc_C94578,8112,0,1,270,6144,12288,75497472,0,23,33,2,1,
cc_C94579,11418,0,0,180,5445,7854,42765030,0,20,-1,19,1,
cc_C94580,14256,0,1,0,7728,11232,86800896,0,-1,-1,21,1,
cc_C102137,7854,21780,0,270,5709,6369,36360621,0,29,26,27,1,
cc_C102138,6144,23520,1,180,8112,10752,87220224,0,8,-1,16,1,
cc_C102139,7854,28149,0,270,4290,8613,36949770,0,28,-1,24,0,
cc_C102140,0,34254,0,270,7854,5445,42765030,0,24,-1,17,0,
cc_C102141,12144,28149,0,180,5412,7854,42505848,0,-1,-1,26,1,
cc_C109812,13563,21780,0,180,6369,5709,36360621,0,15,-1,24,1,
cc_C109813,15840,11232,1,0,8112,10752,87220224,0,-1,-1,33,1,
cc_C109814,19932,15378,0,90,4290,8613,36949770,0,-1,7,15,0,
cc_C109815,7854,16335,0,90,7854,5445,42765030,0,-1,-1,18,1,
cc_C109816,8112,12288,1,180,7728,11232,86800896,0,30,-1,21,0,
Wirelength: 316852
layer(tree) info:
layer: 0 ,width: 38676 ,height: 39699 ,area: 1535398524, filling_rate: 0.658632
layer: 1 ,width: 23952 ,height: 35328 ,area: 846176256, filling_rate: 0.884633
random seed: 8
alpha: 0
gamma: 1
best wirelength: 316852
initial_num_perturbs: 1156
iter: 34680
best_iter: 27253
best_cost: 0.136914
reject_time: 1174996
accept_inferior_time: 1134813
update_best_time: 88
adjustLegalOutline_fail_times: 0
initial_wirelength: 1.2441e+06
initial_average_wirelength: 2.31424e+06
1.34955e+06,initial_iter: 1156
initial_time: 0.014
total time cost: 43.973
