name,x,y,layer,rotated_angle,width,height,area,exceed_outline_area,left,right,parent,is_from_left,
cc_C8466,7728,20064,1,180,9072,8160,74027520,0,1,-1,22,0,
cc_C8467,16800,23040,1,180,9072,8160,74027520,0,-1,-1,0,1,
cc_C16429,8613,25278,0,180,5676,7524,42706224,0,9,-1,3,0,
cc_C16430,8613,17754,0,0,5676,7524,42706224,0,-1,2,4,1,
cc_C32011,0,37092,0,0,8613,4290,36949770,0,3,-1,5,0,
cc_C32012,0,32802,0,0,8613,4290,36949770,0,14,4,6,0,
cc_C39784,0,27357,0,90,7854,5445,42765030,0,-1,5,27,0,
cc_C39785,26466,13530,0,0,5445,7854,42765030,0,-1,-1,23,1,
cc_C55552,14322,24651,0,180,5412,7854,42505848,0,-1,-1,21,0,
cc_C55553,14289,32505,0,90,7854,5412,42505848,0,-1,-1,2,1,
cc_C63404,0,0,0,90,7854,5412,42505848,0,-1,11,-1,0,
cc_C63405,0,5412,0,90,7854,5412,42505848,0,-1,25,10,0,
cc_C71293,0,0,1,0,7728,11232,86800896,0,13,26,-1,0,
cc_C71294,7728,0,1,0,7728,11232,86800896,0,16,22,12,1,
cc_C86866,8613,5676,0,0,6369,5709,36360621,0,18,24,5,1,
cc_C86867,7854,0,0,270,7524,5676,42706224,0,17,-1,27,1,
cc_C86868,15456,0,1,90,6144,12288,75497472,0,31,-1,13,1,
cc_C86869,15378,0,0,90,7854,5445,42765030,0,29,-1,15,1,
cc_C86870,14982,5676,0,90,7854,5412,42505848,0,30,-1,14,1,
cc_C94576,18612,13530,0,0,6369,5709,36360621,0,-1,23,21,1,
cc_C94577,18960,12288,1,180,8112,10752,87220224,0,-1,-1,22,1,
cc_C94578,14322,11385,0,270,4290,8613,36949770,0,19,8,24,1,
cc_C94579,7728,12288,1,270,11232,7776,87340032,0,20,0,13,0,
cc_C94580,18612,19239,0,270,7854,5412,42505848,0,7,-1,19,0,
cc_C102137,8613,11385,0,270,5709,6369,36360621,0,21,-1,14,0,
cc_C102138,0,10824,0,90,7524,5676,42706224,0,-1,28,11,0,
cc_C102139,0,11232,1,270,6144,12288,75497472,0,-1,-1,12,0,
cc_C102140,0,21912,0,270,7854,5445,42765030,0,15,6,28,0,
cc_C102141,0,16500,0,270,7854,5412,42505848,0,-1,27,25,0,
cc_C109812,23232,0,0,180,6369,5709,36360621,0,32,-1,17,1,
cc_C109813,22836,7854,0,270,7524,5676,42706224,0,33,-1,18,1,
cc_C109814,21600,0,1,270,6144,12288,75497472,0,-1,-1,16,1,
cc_C109815,29601,0,0,0,5445,7854,42765030,0,-1,-1,29,1,
cc_C109816,30360,7854,0,270,7854,5412,42505848,0,-1,-1,30,1,
Wirelength: 329573
layer(tree) info:
layer: 0 ,width: 38214 ,height: 41382 ,area: 1581371748, filling_rate: 0.647346
layer: 1 ,width: 27744 ,height: 31200 ,area: 865612800, filling_rate: 0.834911
random seed: 6
alpha: 0
gamma: 1
best wirelength: 329573
initial_num_perturbs: 1156
iter: 34680
best_iter: 6670
best_cost: 0.121212
reject_time: 1143506
accept_inferior_time: 1150314
update_best_time: 68
adjustLegalOutline_fail_times: 0
initial_wirelength: 1.2441e+06
initial_average_wirelength: 2.71898e+06
1.42179e+06,initial_iter: 1156
initial_time: 0.015
total time cost: 44.311
