name,x,y,layer,rotated_angle,width,height,area,exceed_outline_area,left,right,parent,is_from_left,
cc_C8466,0,30756,0,270,5709,6369,36360621,0,-1,-1,3,0,
cc_C8467,0,24048,1,270,8160,9072,74027520,0,-1,-1,24,0,
cc_C16429,7524,25113,0,270,7524,5676,42706224,0,8,-1,3,1,
cc_C16430,0,25080,0,90,7524,5676,42706224,0,2,0,5,0,
cc_C32011,0,7854,0,270,4290,8613,36949770,0,-1,5,10,0,
cc_C32012,0,16467,0,270,4290,8613,36949770,0,14,3,4,0,
cc_C39784,22944,7776,1,270,11232,7776,87340032,0,-1,-1,18,1,
cc_C39785,25707,22176,0,0,5445,7854,42765030,0,-1,-1,9,1,
cc_C55552,15048,29799,0,270,7854,5412,42505848,0,-1,-1,2,1,
cc_C55553,17853,24387,0,270,7854,5412,42505848,0,7,-1,12,0,
cc_C63404,0,0,0,180,5412,7854,42505848,0,-1,4,-1,0,
cc_C63405,0,0,1,90,11232,7728,86800896,0,33,29,-1,0,
cc_C71293,17853,18975,0,90,7854,5412,42505848,0,-1,9,28,1,
cc_C71294,26136,14322,0,0,5412,7854,42505848,0,-1,-1,15,1,
cc_C86866,4290,7854,0,90,5709,6369,36360621,0,30,25,5,1,
cc_C86867,18612,13299,0,270,7524,5676,42706224,0,13,-1,17,0,
cc_C86868,9999,9966,0,0,8613,4290,36949770,0,32,28,31,0,
cc_C86869,18612,7854,0,90,7854,5445,42765030,0,-1,15,32,0,
cc_C86870,15216,7776,1,0,7728,11232,86800896,0,6,-1,26,1,
cc_C94576,29469,8613,0,180,6369,5709,36360621,0,-1,-1,21,0,
cc_C94577,33759,0,0,180,5676,7524,42706224,0,-1,-1,21,1,
cc_C94578,29469,0,0,270,4290,8613,36949770,0,20,19,23,1,
cc_C94579,22464,0,1,270,11232,7776,87340032,0,-1,-1,33,1,
cc_C94580,24057,0,0,180,5412,7854,42505848,0,21,-1,32,1,
cc_C102137,0,15888,1,0,9072,8160,74027520,0,-1,1,29,0,
cc_C102138,4290,14223,0,180,5676,7524,42706224,0,27,-1,14,0,
cc_C102139,9072,7728,1,270,6144,12288,75497472,0,18,-1,29,1,
cc_C102140,9966,19668,0,270,7854,5445,42765030,0,-1,-1,25,1,
cc_C102141,9999,14256,0,270,7854,5412,42505848,0,12,-1,16,0,
cc_C109812,0,7728,1,180,9072,8160,74027520,0,26,24,11,0,
cc_C109813,9999,0,0,270,7524,5676,42706224,0,-1,31,14,1,
cc_C109814,9999,5676,0,0,8613,4290,36949770,0,-1,16,30,0,
cc_C109815,18612,0,0,180,5445,7854,42765030,0,23,17,16,1,
cc_C109816,11232,0,1,270,11232,7728,86800896,0,22,-1,11,1,
Wirelength: 327607
layer(tree) info:
layer: 0 ,width: 39435 ,height: 37125 ,area: 1464024375, filling_rate: 0.695801
layer: 1 ,width: 34176 ,height: 33120 ,area: 1131909120, filling_rate: 0.647281
random seed: 9
alpha: 0
gamma: 1
best wirelength: 327607
initial_num_perturbs: 1156
iter: 34680
best_iter: 12539
best_cost: 0.0862036
reject_time: 1038753
accept_inferior_time: 1202727
update_best_time: 92
adjustLegalOutline_fail_times: 2
initial_wirelength: 1.2441e+06
initial_average_wirelength: 3.80039e+06
1.2441e+06,initial_iter: 1156
initial_time: 0.016
total time cost: 45.194
