name,x,y,layer,rotated_angle,width,height,area,exceed_outline_area,left,right,parent,is_from_left,
cc_C2791,11616,0,1,270,8580,11319,97117020,0,-1,-1,2,1,
cc_C2792,0,0,0,90,8580,11319,97117020,0,4,-1,-1,0,
cc_C2793,0,0,1,180,11616,8448,98131968,0,0,3,-1,0,
cc_C2794,0,8448,1,0,11616,8448,98131968,0,-1,-1,2,0,
cc_C2795,8580,0,0,0,11352,8679,98524008,0,-1,5,1,1,
cc_C2796,8580,8679,0,180,11352,8679,98524008,0,-1,-1,4,0,
Wirelength: 59894
layer(tree) info:
layer: 0 ,width: 19932 ,height: 17358 ,area: 345979656, filling_rate: 0.850238
layer: 1 ,width: 20196 ,height: 16896 ,area: 341231616, filling_rate: 0.859771
random seed: 1
alpha: 0
gamma: 1
best wirelength: 59894
initial_num_perturbs: 36
iter: 1080
best_iter: 859
best_cost: 0.324501
reject_time: 48682
accept_inferior_time: 28647
update_best_time: 8
adjustLegalOutline_fail_times: 2
initial_wirelength: 163778
initial_average_wirelength: 184573
139454,initial_iter: 36
initial_time: 0.004
total time cost: 0.377
