name,x,y,layer,rotated_angle,width,height,area,exceed_outline_area,left,right,parent,is_from_left,
cc_C8466,0,0,1,90,8160,9072,74027520,0,23,1,-1,0,
cc_C8467,0,9072,1,90,8160,9072,74027520,0,-1,25,0,0,
cc_C16429,0,5445,0,0,5676,7524,42706224,0,9,3,7,0,
cc_C16430,0,12969,0,270,7524,5676,42706224,0,-1,32,2,0,
cc_C32011,7854,26235,0,270,4290,8613,36949770,0,-1,5,30,0,
cc_C32012,7854,34848,0,0,8613,4290,36949770,0,-1,-1,4,0,
cc_C39784,20448,0,1,270,11232,7776,87340032,0,-1,-1,31,1,
cc_C39785,0,0,0,270,7854,5445,42765030,0,22,2,-1,0,
cc_C55552,7854,10857,0,0,5412,7854,42505848,0,-1,-1,28,1,
cc_C55553,5676,5445,0,270,7854,5412,42505848,0,19,-1,2,1,
cc_C63404,26829,0,0,0,5412,7854,42505848,0,-1,-1,17,1,
cc_C63405,21384,0,0,0,5412,7854,42505848,0,-1,17,20,1,
cc_C71293,19899,21120,0,270,7854,5412,42505848,0,16,13,29,1,
cc_C71294,19899,26532,0,270,7854,5412,42505848,0,-1,15,12,0,
cc_C86866,27753,16467,0,90,5709,6369,36360621,0,-1,-1,16,0,
cc_C86867,19899,31944,0,90,7524,5676,42706224,0,-1,-1,13,0,
cc_C86868,27753,7854,0,90,4290,8613,36949770,0,-1,14,12,1,
cc_C86869,21384,7854,0,0,5445,7854,42765030,0,10,-1,11,0,
cc_C86870,19899,15708,0,90,7854,5412,42505848,0,-1,-1,19,1,
cc_C94576,13530,7524,0,180,6369,5709,36360621,0,18,-1,9,1,
cc_C94577,15708,0,0,180,5676,7524,42706224,0,11,-1,22,1,
cc_C94578,8160,7728,1,0,12288,6144,75497472,0,-1,31,23,0,
cc_C94579,7854,0,0,270,7854,5445,42765030,0,20,-1,7,1,
cc_C94580,8160,0,1,90,11232,7728,86800896,0,-1,21,0,1,
cc_C102137,0,24090,0,0,6369,5709,36360621,0,-1,28,32,0,
cc_C102138,0,18144,1,180,8112,10752,87220224,0,-1,26,1,0,
cc_C102139,0,28896,1,270,6144,12288,75497472,0,-1,-1,25,0,
cc_C102140,0,35211,0,270,7854,5445,42765030,0,30,-1,28,0,
cc_C102141,0,29799,0,90,7854,5412,42505848,0,8,27,24,0,
cc_C109812,13530,21087,0,180,6369,5709,36360621,0,12,-1,33,0,
cc_C109813,7854,18711,0,0,5676,7524,42706224,0,33,4,27,1,
cc_C109814,8160,13872,1,180,12288,6144,75497472,0,6,-1,21,0,
cc_C109815,0,18645,0,90,7854,5445,42765030,0,-1,24,3,0,
cc_C109816,13530,13233,0,0,5412,7854,42505848,0,-1,29,30,1,
Wirelength: 325676
layer(tree) info:
layer: 0 ,width: 33462 ,height: 40656 ,area: 1360431072, filling_rate: 0.783723
layer: 1 ,width: 31680 ,height: 41184 ,area: 1304709120, filling_rate: 0.487395
random seed: 5
alpha: 0
gamma: 1
best wirelength: 325676
initial_num_perturbs: 1156
iter: 34680
best_iter: 26931
best_cost: 0.12435
reject_time: 1143378
accept_inferior_time: 1150596
update_best_time: 68
adjustLegalOutline_fail_times: 0
initial_wirelength: 1.2441e+06
initial_average_wirelength: 2.61903e+06
1.2916e+06,initial_iter: 1156
initial_time: 0.015
total time cost: 44.096
