name,x,y,layer,rotated_angle,width,height,area,exceed_outline_area,left,right,parent,is_from_left,
cc_C38060,0,72000,0,90,25920,6000,155520000,0,-1,10,14,0,
cc_C40988,31920,60000,0,90,25920,6000,155520000,0,-1,6,9,0,
cc_C43598,31920,42000,0,270,25920,6000,155520000,0,-1,11,13,1,
cc_C46412,0,36000,0,270,25920,6000,155520000,0,-1,15,19,0,
cc_C48982,31920,72000,0,90,25920,6000,155520000,0,-1,8,6,0,
cc_C51792,0,54000,0,270,25920,6000,155520000,0,-1,7,12,0,
cc_C54385,31920,66000,0,270,25920,6000,155520000,0,-1,4,1,0,
cc_C57055,0,60000,0,270,25920,6000,155520000,0,21,14,5,0,
cc_C59668,31920,78000,0,90,25920,6000,155520000,0,-1,-1,4,0,
cc_C62278,31920,54000,0,270,25920,6000,155520000,0,-1,1,11,0,
cc_C65067,0,78000,0,90,25920,6000,155520000,0,13,-1,0,0,
cc_C67839,31920,48000,0,270,25920,6000,155520000,0,-1,9,2,0,
cc_C70494,0,48000,0,90,25920,6000,155520000,0,-1,5,15,0,
cc_C73068,25920,42000,0,180,6000,25920,155520000,0,2,-1,10,1,
cc_C75794,0,66000,0,90,25920,6000,155520000,0,-1,0,7,0,
cc_C78507,0,42000,0,270,25920,6000,155520000,0,-1,12,3,0,
cc_C390725,25920,0,0,180,6000,25920,155520000,0,27,-1,23,1,
cc_C393732,31920,18000,0,270,25920,6000,155520000,0,-1,29,22,0,
cc_C396426,0,12000,0,270,25920,6000,155520000,0,-1,26,31,0,
cc_C399324,0,30000,0,90,25920,6000,155520000,0,-1,3,30,0,
cc_C401934,31920,6000,0,270,25920,6000,155520000,0,-1,22,27,0,
cc_C404828,25920,36000,0,90,25920,6000,155520000,0,-1,-1,7,1,
cc_C407517,31920,12000,0,270,25920,6000,155520000,0,-1,17,20,0,
cc_C410399,0,0,0,270,25920,6000,155520000,0,16,31,-1,0,
cc_C413083,0,0,1,270,37030,8625,319383750,0,-1,28,-1,0,
cc_C415825,25920,30000,0,90,25920,6000,155520000,0,-1,-1,31,1,
cc_C418719,0,18000,0,270,25920,6000,155520000,0,-1,30,18,0,
cc_C421704,31920,0,0,270,25920,6000,155520000,0,-1,20,16,1,
cc_C424482,0,8625,1,90,37030,8625,319383750,0,-1,-1,24,0,
cc_C427157,31920,24000,0,270,25920,6000,155520000,0,-1,-1,17,0,
cc_C429953,0,24000,0,270,25920,6000,155520000,0,-1,19,26,0,
cc_C432668,0,6000,0,270,25920,6000,155520000,0,25,18,23,0,
Wirelength: 345666
layer(tree) info:
layer: 0 ,width: 57840 ,height: 84000 ,area: 4858560000, filling_rate: 0.960285
layer: 1 ,width: 37030 ,height: 17250 ,area: 638767500, filling_rate: 1
random seed: 7
alpha: 0
gamma: 1
best wirelength: 345666
initial_num_perturbs: 1024
iter: 30720
best_iter: 25636
best_cost: 0.227712
reject_time: 1042923
accept_inferior_time: 799012
update_best_time: 64
adjustLegalOutline_fail_times: 1
initial_wirelength: 1.11975e+06
initial_average_wirelength: 1.518e+06
965196,initial_iter: 1024
initial_time: 0.023
total time cost: 82.796
