name,x,y,layer,rotated_angle,width,height,area,exceed_outline_area,left,right,parent,is_from_left,
cc_C8466,16467,6369,0,270,5709,6369,36360621,0,-1,6,26,1,
cc_C8467,13266,0,0,270,5709,6369,36360621,0,29,-1,13,1,
cc_C16429,26640,0,1,270,10752,8112,87220224,0,-1,-1,3,1,
cc_C16430,15888,0,1,90,10752,8112,87220224,0,2,-1,19,1,
cc_C32011,0,22464,1,270,6144,12288,75497472,0,-1,-1,18,0,
cc_C32012,0,34815,0,0,8613,4290,36949770,0,20,-1,14,0,
cc_C39784,16467,12738,0,0,5445,7854,42765030,0,-1,-1,0,0,
cc_C39785,0,13266,0,270,7854,5445,42765030,0,13,17,27,0,
cc_C55552,25146,9966,0,180,5412,7854,42505848,0,-1,-1,23,1,
cc_C55553,27258,17820,0,90,7854,5412,42505848,0,-1,-1,15,1,
cc_C63404,0,0,0,90,7854,5412,42505848,0,-1,27,-1,0,
cc_C63405,0,0,1,0,7728,11232,86800896,0,-1,18,-1,0,
cc_C71293,7728,0,1,0,7728,11232,86800896,0,-1,25,18,1,
cc_C71294,7854,0,0,180,5412,7854,42505848,0,1,26,7,1,
cc_C86866,0,28446,0,90,5709,6369,36360621,0,-1,5,16,0,
cc_C86867,19734,28446,0,270,7524,5676,42706224,0,9,-1,23,0,
cc_C86868,0,24156,0,0,8613,4290,36949770,0,-1,14,17,0,
cc_C86869,0,18711,0,270,7854,5445,42765030,0,24,16,7,0,
cc_C86870,0,11232,1,180,7728,11232,86800896,0,12,4,11,0,
cc_C94576,7728,21984,1,90,8160,9072,74027520,0,3,-1,25,0,
cc_C94577,8613,23265,0,0,5676,7524,42706224,0,22,21,5,1,
cc_C94578,8613,30789,0,0,8613,4290,36949770,0,-1,-1,20,0,
cc_C94579,14289,20592,0,180,5445,7854,42765030,0,23,-1,20,1,
cc_C94580,19734,20592,0,0,5412,7854,42505848,0,8,15,22,1,
cc_C102137,7854,17556,0,0,6369,5709,36360621,0,-1,-1,17,1,
cc_C102138,7728,11232,1,180,8112,10752,87220224,0,-1,19,12,0,
cc_C102139,7854,7854,0,180,8613,4290,36949770,0,0,28,13,0,
cc_C102140,0,5412,0,180,5445,7854,42765030,0,-1,7,10,0,
cc_C102141,7854,12144,0,90,7854,5412,42505848,0,-1,-1,26,0,
cc_C109812,18975,0,0,90,5709,6369,36360621,0,30,-1,1,1,
cc_C109813,24684,0,0,90,7524,5676,42706224,0,-1,31,29,1,
cc_C109814,24684,5676,0,0,8613,4290,36949770,0,33,-1,30,0,
cc_C109815,33297,7854,0,180,5445,7854,42765030,0,-1,-1,33,0,
cc_C109816,33297,0,0,0,5412,7854,42505848,0,-1,32,31,1,
Wirelength: 316065
layer(tree) info:
layer: 0 ,width: 38742 ,height: 39105 ,area: 1515005910, filling_rate: 0.692276
layer: 1 ,width: 37392 ,height: 34752 ,area: 1299446784, filling_rate: 0.516826
random seed: 2
alpha: 0
gamma: 1
best wirelength: 316065
initial_num_perturbs: 1156
iter: 34680
best_iter: 26650
best_cost: 0.138592
reject_time: 1173586
accept_inferior_time: 1135503
update_best_time: 76
adjustLegalOutline_fail_times: 0
initial_wirelength: 1.2441e+06
initial_average_wirelength: 2.28054e+06
1.21971e+06,initial_iter: 1156
initial_time: 0.015
total time cost: 44.203
