name,x,y,layer,rotated_angle,width,height,area,exceed_outline_area,left,right,parent,is_from_left,
cc_C2791,0,0,1,90,8580,11319,97117020,0,3,-1,-1,0,
cc_C2792,11352,0,0,270,8580,11319,97117020,0,-1,-1,5,1,
cc_C2793,8580,8448,1,0,11616,8448,98131968,0,-1,-1,3,0,
cc_C2794,8580,0,1,180,11616,8448,98131968,0,-1,2,0,1,
cc_C2795,0,8679,0,0,11352,8679,98524008,0,-1,-1,5,0,
cc_C2796,0,0,0,180,11352,8679,98524008,0,1,4,-1,0,
Wirelength: 61086
layer(tree) info:
layer: 0 ,width: 19932 ,height: 17358 ,area: 345979656, filling_rate: 0.850238
layer: 1 ,width: 20196 ,height: 16896 ,area: 341231616, filling_rate: 0.859771
random seed: 4
alpha: 0
gamma: 1
best wirelength: 61086
initial_num_perturbs: 36
iter: 1080
best_iter: 985
best_cost: 0.345031
reject_time: 49708
accept_inferior_time: 28353
update_best_time: 10
adjustLegalOutline_fail_times: 2
initial_wirelength: 163778
initial_average_wirelength: 177045
163778,initial_iter: 36
initial_time: 0.002
total time cost: 0.325
