name,x,y,layer,rotated_angle,width,height,area,left,right,parent,is_from_left,
cc_C8466,0,6369,0,270,5709,6369,36360621,-1,16,1,0,
cc_C8467,0,0,0,270,5709,6369,36360621,3,0,-1,0,
cc_C16429,5709,7524,0,180,5676,7524,42706224,-1,-1,3,0,
cc_C16430,5709,0,0,180,5676,7524,42706224,-1,2,1,1,
cc_C32011,0,35607,0,0,8613,4290,36949770,-1,5,13,0,
cc_C32012,0,39897,0,0,8613,4290,36949770,-1,33,4,0,
cc_C39784,0,75867,0,270,7854,5445,42765030,-1,27,10,0,
cc_C39785,7854,65043,0,180,5445,7854,42765030,-1,-1,11,1,
cc_C55552,0,96459,0,90,7854,5412,42505848,25,9,28,0,
cc_C55553,0,101871,0,90,7854,5412,42505848,-1,23,8,0,
cc_C63404,0,70455,0,270,7854,5412,42505848,-1,6,11,0,
cc_C63405,0,65043,0,270,7854,5412,42505848,7,10,31,0,
cc_C71293,7854,25707,0,180,5412,7854,42505848,-1,-1,18,1,
cc_C71294,0,30195,0,270,7854,5412,42505848,-1,4,18,0,
cc_C86866,7854,19338,0,90,5709,6369,36360621,-1,-1,17,1,
cc_C86867,7854,44187,0,0,5676,7524,42706224,-1,-1,32,1,
cc_C86868,0,15048,0,180,8613,4290,36949770,-1,17,0,0,
cc_C86869,0,19338,0,90,7854,5445,42765030,14,18,16,0,
cc_C86870,0,24783,0,90,7854,5412,42505848,12,13,17,0,
cc_C94576,0,112695,0,90,5709,6369,36360621,20,21,23,0,
cc_C94577,5709,112794,0,90,7524,5676,42706224,-1,-1,19,1,
cc_C94578,0,119064,0,0,8613,4290,36949770,-1,-1,19,0,
cc_C94579,7854,104940,0,180,5445,7854,42765030,-1,-1,23,1,
cc_C94580,0,107283,0,90,7854,5412,42505848,22,19,9,0,
cc_C102137,7854,91047,0,90,5709,6369,36360621,-1,-1,28,1,
cc_C102138,7854,97416,0,0,5676,7524,42706224,-1,-1,8,1,
cc_C102139,0,86757,0,180,8613,4290,36949770,-1,28,27,0,
cc_C102140,0,81312,0,270,7854,5445,42765030,-1,26,6,0,
cc_C102141,0,91047,0,90,7854,5412,42505848,24,8,26,0,
cc_C109812,0,55044,0,0,6369,5709,36360621,30,31,32,0,
cc_C109813,6369,55044,0,90,7524,5676,42706224,-1,-1,29,1,
cc_C109814,0,60753,0,0,8613,4290,36949770,-1,11,29,0,
cc_C109815,0,49599,0,90,7854,5445,42765030,15,29,33,0,
cc_C109816,0,44187,0,90,7854,5412,42505848,-1,32,5,0,
Wirelength: 370976
layer(tree) info:
layer: 0 ,width: 13893 ,height: 123354 ,area: 1713757122, filling_rate: 0.803934
layer: 1 ,width: 0 ,height: 0 ,area: 0, filling_rate: 1
random seed: 6
best wirelength: 370976
initial_num_perturbs: 1156
iter: 3468000
best_iter: 3026034
best_cost: 0.149945
reject_time: 1059237
accept_inferior_time: 1192844
update_best_time: 99
initial_wirelength: 1.2441e+06
initial_iter: 1156
initial_time: 0.016
total time cost: 46.856
