name,x,y,layer,rotated_angle,width,height,area,left,right,parent,is_from_left,
cc_C8466,5676,38907,0,90,5709,6369,36360621,-1,1,2,1,
cc_C8467,5676,45276,0,90,5709,6369,36360621,-1,-1,0,0,
cc_C16429,0,38907,0,0,5676,7524,42706224,0,3,18,0,
cc_C16430,0,46431,0,180,5676,7524,42706224,-1,13,2,0,
cc_C32011,0,19470,0,0,8613,4290,36949770,20,16,5,0,
cc_C32012,0,15180,0,0,8613,4290,36949770,23,4,7,0,
cc_C39784,0,64779,0,270,7854,5445,42765030,-1,32,12,0,
cc_C39785,0,9735,0,90,7854,5445,42765030,-1,5,21,0,
cc_C55552,0,125532,0,270,7854,5412,42505848,-1,-1,9,0,
cc_C55553,0,120120,0,270,7854,5412,42505848,25,8,11,0,
cc_C63404,0,109296,0,90,7854,5412,42505848,-1,11,28,0,
cc_C63405,0,114708,0,90,7854,5412,42505848,24,9,10,0,
cc_C71293,0,59367,0,90,7854,5412,42505848,-1,6,13,0,
cc_C71294,0,53955,0,90,7854,5412,42505848,-1,12,3,0,
cc_C86866,7854,28050,0,90,5709,6369,36360621,-1,-1,18,1,
cc_C86867,5445,70224,0,180,5676,7524,42706224,-1,-1,32,1,
cc_C86868,0,23760,0,180,8613,4290,36949770,-1,17,4,0,
cc_C86869,0,28050,0,90,7854,5445,42765030,-1,18,16,0,
cc_C86870,0,33495,0,90,7854,5412,42505848,14,2,17,0,
cc_C94576,0,0,1,90,8160,9072,74027520,-1,-1,-1,0,
cc_C94577,8613,7854,0,180,5676,7524,42706224,-1,-1,4,1,
cc_C94578,0,5445,0,0,8613,4290,36949770,-1,7,22,0,
cc_C94579,0,0,0,270,7854,5445,42765030,-1,21,-1,0,
cc_C94580,8613,0,0,0,5412,7854,42505848,-1,-1,5,1,
cc_C102137,7854,103884,0,0,6369,5709,36360621,-1,-1,11,1,
cc_C102138,7854,109593,0,0,5676,7524,42706224,-1,-1,9,1,
cc_C102139,0,99594,0,180,8613,4290,36949770,-1,28,27,0,
cc_C102140,0,94149,0,90,7854,5445,42765030,-1,26,30,0,
cc_C102141,0,103884,0,90,7854,5412,42505848,-1,10,26,0,
cc_C109812,7524,87780,0,270,5709,6369,36360621,-1,-1,30,1,
cc_C109813,0,87780,0,270,7524,5676,42706224,29,27,31,0,
cc_C109814,0,83490,0,180,8613,4290,36949770,-1,30,33,0,
cc_C109815,0,70224,0,0,5445,7854,42765030,15,33,6,0,
cc_C109816,0,78078,0,270,7854,5412,42505848,-1,31,32,0,
Wirelength: 372488
layer(tree) info:
layer: 0 ,width: 14289 ,height: 130944 ,area: 1871058816, filling_rate: 0.716914
layer: 1 ,width: 8160 ,height: 9072 ,area: 74027520, filling_rate: 1
random seed: 1
best wirelength: 372488
initial_num_perturbs: 1156
iter: 3468000
best_iter: 3079895
best_cost: 0.152234
reject_time: 1061003
accept_inferior_time: 1190462
update_best_time: 102
initial_wirelength: 1.2441e+06
initial_iter: 1156
initial_time: 0.019
total time cost: 48.203
