name,x,y,layer,rotated_angle,width,height,area,left,right,parent,is_from_left,
cc_C8466,10659,55275,0,0,6369,5709,36360621,-1,-1,1,1,
cc_C8467,4290,55275,0,0,6369,5709,36360621,0,25,2,0,
cc_C16429,4290,49599,0,90,7524,5676,42706224,3,1,12,0,
cc_C16430,11814,47157,0,0,5676,7524,42706224,-1,-1,2,1,
cc_C32011,4290,33165,0,0,8613,4290,36949770,-1,5,7,0,
cc_C32012,4290,37455,0,0,8613,4290,36949770,-1,12,4,0,
cc_C39784,10659,66660,0,180,5445,7854,42765030,-1,-1,24,1,
cc_C39785,4290,27720,0,90,7854,5445,42765030,21,4,19,0,
cc_C55552,4290,110748,0,270,7854,5412,42505848,-1,-1,9,0,
cc_C55553,4290,105336,0,270,7854,5412,42505848,-1,8,10,0,
cc_C63404,4290,99924,0,270,7854,5412,42505848,32,9,11,0,
cc_C63405,4290,94512,0,270,7854,5412,42505848,-1,10,31,0,
cc_C71293,4290,41745,0,0,5412,7854,42505848,13,2,5,0,
cc_C71294,9702,41745,0,90,7854,5412,42505848,-1,-1,12,1,
cc_C86866,4290,0,0,180,6369,5709,36360621,18,17,16,1,
cc_C86867,12144,5412,0,0,5676,7524,42706224,-1,-1,23,1,
cc_C86868,0,0,0,270,4290,8613,36949770,14,-1,-1,0,
cc_C86869,4290,5709,0,90,7854,5445,42765030,-1,23,14,0,
cc_C86870,10659,0,0,270,7854,5412,42505848,-1,-1,14,1,
cc_C94576,4290,22011,0,180,6369,5709,36360621,-1,7,22,0,
cc_C94577,12144,12936,0,180,5676,7524,42706224,-1,-1,22,1,
cc_C94578,12144,20460,0,90,4290,8613,36949770,-1,-1,7,1,
cc_C94579,4290,16566,0,270,7854,5445,42765030,20,19,23,0,
cc_C94580,4290,11154,0,90,7854,5412,42505848,15,22,17,0,
cc_C102137,4290,66660,0,180,6369,5709,36360621,6,28,25,0,
cc_C102138,4290,60984,0,90,7524,5676,42706224,-1,24,1,0,
cc_C102139,4290,80223,0,0,8613,4290,36949770,-1,29,28,0,
cc_C102140,9702,74514,0,90,7854,5445,42765030,-1,-1,28,1,
cc_C102141,4290,72369,0,180,5412,7854,42505848,27,26,24,0,
cc_C109812,4290,84513,0,0,6369,5709,36360621,30,31,26,0,
cc_C109813,10659,84513,0,90,7524,5676,42706224,-1,-1,29,1,
cc_C109814,4290,90222,0,0,8613,4290,36949770,33,11,29,0,
cc_C109815,12144,98043,0,180,5445,7854,42765030,-1,-1,10,1,
cc_C109816,12903,90189,0,0,5412,7854,42505848,-1,-1,31,1,
Wirelength: 373890
layer(tree) info:
layer: 0 ,width: 18513 ,height: 116160 ,area: 2150470080, filling_rate: 0.640673
layer: 1 ,width: 0 ,height: 0 ,area: 0, filling_rate: 1
random seed: 7
best wirelength: 373890
initial_num_perturbs: 1156
iter: 3468000
best_iter: 3171651
best_cost: 0.190254
reject_time: 1097147
accept_inferior_time: 1173086
update_best_time: 112
initial_wirelength: 1.2441e+06
initial_iter: 1156
initial_time: 0.015
total time cost: 46.928
