name,x,y,layer,rotated_angle,width,height,area,left,right,parent,is_from_left,
cc_C8466,0,62667,0,270,5709,6369,36360621,-1,13,1,0,
cc_C8467,0,56298,0,270,5709,6369,36360621,-1,0,3,0,
cc_C16429,7524,59235,0,270,7524,5676,42706224,-1,-1,4,0,
cc_C16430,0,50622,0,90,7524,5676,42706224,4,1,5,0,
cc_C32011,7524,50622,0,90,4290,8613,36949770,-1,2,3,1,
cc_C32012,0,46332,0,180,8613,4290,36949770,-1,3,9,0,
cc_C39784,0,79860,0,270,7854,5445,42765030,-1,7,12,0,
cc_C39785,0,85305,0,270,7854,5445,42765030,-1,33,6,0,
cc_C55552,0,33066,0,180,5412,7854,42505848,-1,9,19,0,
cc_C55553,0,40920,0,90,7854,5412,42505848,-1,5,8,0,
cc_C63404,0,5412,0,270,7854,5412,42505848,-1,20,11,0,
cc_C63405,0,0,0,270,7854,5412,42505848,-1,10,-1,0,
cc_C71293,0,74448,0,90,7854,5412,42505848,-1,6,13,0,
cc_C71294,0,69036,0,90,7854,5412,42505848,-1,12,0,0,
cc_C86866,0,136488,0,0,6369,5709,36360621,-1,-1,16,0,
cc_C86867,8613,107283,0,180,5676,7524,42706224,-1,28,31,1,
cc_C86868,0,132198,0,180,8613,4290,36949770,-1,14,17,0,
cc_C86869,0,126753,0,270,7854,5445,42765030,-1,16,18,0,
cc_C86870,0,121341,0,270,7854,5412,42505848,-1,17,26,0,
cc_C94576,0,27357,0,180,6369,5709,36360621,21,8,22,0,
cc_C94577,0,10824,0,270,7524,5676,42706224,-1,23,10,0,
cc_C94578,6369,27357,0,90,4290,8613,36949770,-1,-1,19,1,
cc_C94579,0,21912,0,270,7854,5445,42765030,-1,19,23,0,
cc_C94580,0,16500,0,90,7854,5412,42505848,-1,22,20,0,
cc_C102137,8613,122661,0,0,6369,5709,36360621,-1,25,28,0,
cc_C102138,8613,128370,0,0,5676,7524,42706224,-1,-1,24,0,
cc_C102139,0,117051,0,0,8613,4290,36949770,-1,18,27,0,
cc_C102140,0,111606,0,270,7854,5445,42765030,-1,26,31,0,
cc_C102141,8613,114807,0,0,5412,7854,42505848,-1,24,15,0,
cc_C109812,0,101607,0,0,6369,5709,36360621,30,31,32,0,
cc_C109813,6369,101607,0,270,7524,5676,42706224,-1,-1,29,1,
cc_C109814,0,107316,0,0,8613,4290,36949770,15,27,29,0,
cc_C109815,0,96162,0,90,7854,5445,42765030,-1,29,33,0,
cc_C109816,0,90750,0,90,7854,5412,42505848,-1,32,7,0,
Wirelength: 427378
layer(tree) info:
layer: 0 ,width: 15048 ,height: 142197 ,area: 2139780456, filling_rate: 0.643874
layer: 1 ,width: 0 ,height: 0 ,area: 0, filling_rate: 1
random seed: 4
best wirelength: 427378
initial_num_perturbs: 1156
iter: 3468000
best_iter: 3112239
best_cost: 0.17981
reject_time: 1067201
accept_inferior_time: 1188635
update_best_time: 71
initial_wirelength: 1.2441e+06
initial_iter: 1156
initial_time: 0.015
total time cost: 47.835
