name,x,y,layer,rotated_angle,width,height,area,left,right,parent,is_from_left,
cc_C2791,0,0,0,0,11319,8580,97117020,5,2,-1,0,
cc_C2792,0,8679,1,180,11319,8580,97117020,-1,-1,4,0,
cc_C2793,0,8580,0,270,8448,11616,98131968,3,-1,0,0,
cc_C2794,8448,11352,0,90,8448,11616,98131968,-1,-1,2,1,
cc_C2795,0,0,1,0,11352,8679,98524008,-1,1,-1,0,
cc_C2796,11319,0,0,270,8679,11352,98524008,-1,-1,0,1,
Wirelength: 46653
layer(tree) info:
layer: 0 ,width: 19998 ,height: 22968 ,area: 459314064, filling_rate: 0.85324
layer: 1 ,width: 11352 ,height: 17259 ,area: 195924168, filling_rate: 0.998555
random seed: 8
best wirelength: 46653
initial_num_perturbs: 36
iter: 108000
best_iter: 71581
best_cost: 0.261618
reject_time: 43272
accept_inferior_time: 31278
update_best_time: 8
initial_wirelength: 163778
initial_iter: 36
initial_time: 0.002
total time cost: 0.322
