name,x,y,layer,rotated_angle,width,height,area,left,right,parent,is_from_left,
cc_C8466,0,0,0,180,6369,5709,36360621,1,3,-1,0,
cc_C8467,6369,0,0,180,6369,5709,36360621,-1,-1,0,1,
cc_C16429,0,13233,0,180,5676,7524,42706224,-1,13,3,0,
cc_C16430,0,5709,0,0,5676,7524,42706224,-1,2,0,0,
cc_C32011,0,97911,0,0,8613,4290,36949770,-1,6,5,0,
cc_C32012,0,93621,0,180,8613,4290,36949770,-1,4,27,0,
cc_C39784,0,102201,0,270,7854,5445,42765030,-1,21,4,0,
cc_C39785,7854,47256,0,180,5445,7854,42765030,-1,-1,8,1,
cc_C55552,0,52668,0,270,7854,5412,42505848,7,17,9,0,
cc_C55553,0,47256,0,270,7854,5412,42505848,-1,8,31,0,
cc_C63404,7854,73227,0,270,7854,5412,42505848,-1,-1,18,1,
cc_C63405,5709,67815,0,270,7854,5412,42505848,-1,-1,14,1,
cc_C71293,0,26169,0,90,7854,5412,42505848,-1,29,13,0,
cc_C71294,0,20757,0,90,7854,5412,42505848,-1,12,2,0,
cc_C86866,0,67815,0,90,5709,6369,36360621,11,18,16,0,
cc_C86867,4290,107646,0,270,7524,5676,42706224,-1,-1,21,1,
cc_C86868,0,63525,0,0,8613,4290,36949770,-1,14,17,0,
cc_C86869,0,58080,0,270,7854,5445,42765030,-1,16,8,0,
cc_C86870,0,74184,0,90,7854,5412,42505848,10,28,14,0,
cc_C94576,5412,113322,0,270,5709,6369,36360621,-1,-1,23,1,
cc_C94577,0,124113,0,0,5676,7524,42706224,22,-1,23,0,
cc_C94578,0,107646,0,270,4290,8613,36949770,15,23,6,0,
cc_C94579,5676,119691,0,90,7854,5445,42765030,-1,-1,20,1,
cc_C94580,0,116259,0,180,5412,7854,42505848,19,20,21,0,
cc_C102137,7854,78639,0,90,5709,6369,36360621,-1,-1,28,1,
cc_C102138,9735,85008,0,0,5676,7524,42706224,-1,-1,26,1,
cc_C102139,5445,85008,0,90,4290,8613,36949770,25,-1,27,1,
cc_C102140,0,85008,0,0,5445,7854,42765030,26,5,28,0,
cc_C102141,0,79596,0,90,7854,5412,42505848,24,27,18,0,
cc_C109812,0,31581,0,0,6369,5709,36360621,-1,30,12,0,
cc_C109813,0,37290,0,270,7524,5676,42706224,32,31,29,0,
cc_C109814,0,42966,0,0,8613,4290,36949770,33,9,30,0,
cc_C109815,7524,31581,0,270,7854,5445,42765030,-1,-1,30,1,
cc_C109816,8613,37026,0,0,5412,7854,42505848,-1,-1,31,1,
Wirelength: 393091
layer(tree) info:
layer: 0 ,width: 15708 ,height: 131637 ,area: 2067753996, filling_rate: 0.666302
layer: 1 ,width: 0 ,height: 0 ,area: 0, filling_rate: 1
random seed: 5
best wirelength: 393091
initial_num_perturbs: 1156
iter: 3468000
best_iter: 3426356
best_cost: 0.163998
reject_time: 1062207
accept_inferior_time: 1190534
update_best_time: 94
initial_wirelength: 1.2441e+06
initial_iter: 1156
initial_time: 0.017
total time cost: 49.543
