name,x,y,layer,rotated_angle,width,height,area,left,right,parent,is_from_left,
cc_C38060,0,67920,0,90,25920,6000,155520000,2,10,5,0,
cc_C40988,49920,36000,0,180,6000,25920,155520000,-1,-1,13,1,
cc_C43598,25920,37920,0,180,6000,25920,155520000,4,-1,0,1,
cc_C46412,0,55920,0,90,25920,6000,155520000,-1,5,9,0,
cc_C48982,31920,37920,0,180,6000,25920,155520000,-1,-1,2,1,
cc_C51792,0,61920,0,90,25920,6000,155520000,-1,0,3,0,
cc_C54385,25920,63840,0,180,6000,25920,155520000,8,-1,10,1,
cc_C57055,49920,61920,0,180,6000,25920,155520000,-1,-1,12,1,
cc_C59668,31920,63840,0,180,6000,25920,155520000,-1,-1,6,1,
cc_C62278,0,49920,0,90,25920,6000,155520000,-1,3,27,0,
cc_C65067,0,73920,0,90,25920,6000,155520000,6,-1,0,0,
cc_C67839,37920,36000,0,0,6000,25920,155520000,13,-1,23,0,
cc_C70494,43920,61920,0,180,6000,25920,155520000,7,-1,15,1,
cc_C73068,43920,36000,0,180,6000,25920,155520000,1,-1,11,1,
cc_C75794,6000,24000,0,0,6000,25920,155520000,19,-1,27,1,
cc_C78507,37920,61920,0,180,6000,25920,155520000,12,-1,18,1,
cc_C390725,37920,12000,0,90,25920,6000,155520000,-1,26,30,0,
cc_C393732,0,18000,0,90,25920,6000,155520000,-1,27,21,0,
cc_C396426,12000,31920,0,90,25920,6000,155520000,15,-1,19,0,
cc_C399324,12000,25920,0,270,25920,6000,155520000,29,18,14,1,
cc_C401934,25920,0,0,180,6000,25920,155520000,25,-1,24,1,
cc_C404828,0,12000,0,90,25920,6000,155520000,-1,17,24,0,
cc_C407517,0,0,0,270,25920,6000,155520000,-1,24,-1,0,
cc_C410399,37920,30000,0,270,25920,6000,155520000,-1,11,31,0,
cc_C413083,0,6000,0,90,25920,6000,155520000,20,21,22,0,
cc_C415825,31920,0,0,0,6000,25920,155520000,-1,-1,20,1,
cc_C418719,37920,18000,0,90,25920,6000,155520000,-1,31,16,0,
cc_C421704,0,24000,0,0,6000,25920,155520000,14,9,17,0,
cc_C424482,0,0,1,0,8625,37030,319383750,-1,-1,-1,0,
cc_C427157,37920,0,0,270,25920,6000,155520000,-1,30,19,1,
cc_C429953,37920,6000,0,90,25920,6000,155520000,-1,16,29,0,
cc_C432668,37920,24000,0,90,25920,6000,155520000,-1,23,26,0,
Wirelength: 384870
layer(tree) info:
layer: 0 ,width: 63840 ,height: 89760 ,area: 5730278400, filling_rate: 0.841341
layer: 1 ,width: 8625 ,height: 37030 ,area: 319383750, filling_rate: 1
random seed: 5
best wirelength: 384870
initial_num_perturbs: 1024
iter: 3072000
best_iter: 2938872
best_cost: 0.191683
reject_time: 894335
accept_inferior_time: 838438
update_best_time: 50
initial_wirelength: 1.11975e+06
initial_iter: 1024
initial_time: 0.022
total time cost: 71.974
