name,x,y,layer,rotated_angle,width,height,area,left,right,parent,is_from_left,
cc_C2791,0,0,1,0,11319,8580,97117020,-1,2,-1,0,
cc_C2792,0,8679,0,180,11319,8580,97117020,3,-1,4,0,
cc_C2793,0,8580,1,270,8448,11616,98131968,-1,-1,0,0,
cc_C2794,11319,11352,0,90,8448,11616,98131968,-1,-1,1,1,
cc_C2795,0,0,0,0,11352,8679,98524008,5,1,-1,0,
cc_C2796,11352,0,0,270,8679,11352,98524008,-1,-1,4,1,
Wirelength: 55332
layer(tree) info:
layer: 0 ,width: 20031 ,height: 22968 ,area: 460072008, filling_rate: 0.852686
layer: 1 ,width: 11319 ,height: 20196 ,area: 228598524, filling_rate: 0.854113
random seed: 3
best wirelength: 55332
initial_num_perturbs: 36
iter: 108000
best_iter: 31664
best_cost: 0.331636
reject_time: 44465
accept_inferior_time: 30603
update_best_time: 10
initial_wirelength: 163778
initial_iter: 36
initial_time: 0.003
total time cost: 0.346
