name,x,y,layer,rotated_angle,width,height,area,left,right,parent,is_from_left,
cc_C2791,8580,0,1,270,8580,11319,97117020,4,-1,1,1,
cc_C2792,0,0,1,90,8580,11319,97117020,0,-1,-1,0,
cc_C2793,8448,0,0,180,11616,8448,98131968,-1,5,3,1,
cc_C2794,0,0,0,270,8448,11616,98131968,2,-1,-1,0,
cc_C2795,17160,0,1,0,11352,8679,98524008,-1,-1,0,1,
cc_C2796,8448,8448,0,270,8679,11352,98524008,-1,-1,2,0,
Wirelength: 58364
layer(tree) info:
layer: 0 ,width: 20064 ,height: 19800 ,area: 397267200, filling_rate: 0.742039
layer: 1 ,width: 28512 ,height: 11319 ,area: 322727328, filling_rate: 0.907137
random seed: 5
best wirelength: 58364
initial_num_perturbs: 36
iter: 108000
best_iter: 74041
best_cost: 0.39311
reject_time: 44689
accept_inferior_time: 30570
update_best_time: 10
initial_wirelength: 163778
initial_iter: 36
initial_time: 0.002
total time cost: 0.334
