name,x,y,layer,rotated_angle,width,height,area,left,right,parent,is_from_left,
cc_C8466,0,38511,0,270,5709,6369,36360621,-1,15,1,0,
cc_C8467,0,32142,0,270,5709,6369,36360621,-1,0,3,0,
cc_C16429,0,20790,0,90,7524,5676,42706224,-1,3,25,0,
cc_C16430,0,26466,0,90,7524,5676,42706224,-1,1,2,0,
cc_C32011,13299,24882,0,0,8613,4290,36949770,-1,5,26,0,
cc_C32012,13299,29172,0,0,8613,4290,36949770,27,11,4,0,
cc_C39784,0,52404,0,180,5445,7854,42765030,9,-1,15,0,
cc_C39785,13299,9735,0,90,7854,5445,42765030,-1,28,17,0,
cc_C55552,13299,59697,0,90,7854,5412,42505848,20,32,23,0,
cc_C55553,5445,52404,0,270,7854,5412,42505848,16,-1,6,1,
cc_C63404,13299,38874,0,270,7854,5412,42505848,-1,21,11,0,
cc_C63405,13299,33462,0,270,7854,5412,42505848,-1,10,5,0,
cc_C71293,0,7854,0,90,7854,5412,42505848,-1,25,13,0,
cc_C71294,0,0,0,180,5412,7854,42505848,-1,12,-1,0,
cc_C86866,21153,4290,0,90,5709,6369,36360621,-1,-1,17,1,
cc_C86867,0,44880,0,180,5676,7524,42706224,-1,6,0,0,
cc_C86868,13299,0,0,180,8613,4290,36949770,-1,17,9,1,
cc_C86869,13299,4290,0,90,7854,5445,42765030,14,7,16,0,
cc_C86870,21153,10659,0,180,5412,7854,42505848,-1,-1,28,1,
cc_C94576,13299,48576,0,0,6369,5709,36360621,-1,23,21,0,
cc_C94577,21153,54021,0,90,7524,5676,42706224,-1,33,8,1,
cc_C94578,13299,44286,0,180,8613,4290,36949770,-1,19,10,0,
cc_C94579,21153,48576,0,90,7854,5445,42765030,-1,-1,23,1,
cc_C94580,13299,54285,0,270,7854,5412,42505848,22,8,19,0,
cc_C102137,5676,13266,0,270,5709,6369,36360621,-1,-1,25,1,
cc_C102138,0,13266,0,180,5676,7524,42706224,24,2,12,0,
cc_C102139,13299,20592,0,0,8613,4290,36949770,-1,4,28,0,
cc_C102140,21912,18513,0,0,5445,7854,42765030,-1,-1,5,1,
cc_C102141,13299,15180,0,270,7854,5412,42505848,18,26,7,0,
cc_C109812,13299,70554,0,180,6369,5709,36360621,31,-1,32,0,
cc_C109813,21153,65109,0,90,7524,5676,42706224,-1,-1,32,1,
cc_C109814,19668,70785,0,0,8613,4290,36949770,-1,-1,29,1,
cc_C109815,13299,65109,0,90,7854,5445,42765030,30,29,8,0,
cc_C109816,21153,59697,0,90,7854,5412,42505848,-1,-1,20,0,
Wirelength: 359871
layer(tree) info:
layer: 0 ,width: 29007 ,height: 76263 ,area: 2212160841, filling_rate: 0.622807
layer: 1 ,width: 0 ,height: 0 ,area: 0, filling_rate: 1
random seed: 2
best wirelength: 359871
initial_num_perturbs: 1156
iter: 3468000
best_iter: 3289585
best_cost: 0.177959
reject_time: 1090176
accept_inferior_time: 1177639
update_best_time: 79
initial_wirelength: 1.2441e+06
initial_iter: 1156
initial_time: 0.015
total time cost: 48.344
