name,x,y,layer,rotated_angle,width,height,area,left,right,parent,is_from_left,
cc_C38060,25920,24000,0,270,25920,6000,155520000,-1,11,5,0,
cc_C40988,0,36000,0,90,25920,6000,155520000,17,19,7,0,
cc_C43598,25920,6000,0,270,25920,6000,155520000,-1,10,13,0,
cc_C46412,0,6000,0,270,25920,6000,155520000,13,9,12,0,
cc_C48982,0,18000,0,270,25920,6000,155520000,-1,6,9,0,
cc_C51792,25920,18000,0,90,25920,6000,155520000,-1,0,10,0,
cc_C54385,0,24000,0,270,25920,6000,155520000,-1,7,4,0,
cc_C57055,0,30000,0,90,25920,6000,155520000,-1,1,6,0,
cc_C59668,0,8625,1,90,37030,8625,319383750,-1,-1,14,0,
cc_C62278,0,12000,0,90,25920,6000,155520000,22,4,3,0,
cc_C65067,25920,12000,0,90,25920,6000,155520000,-1,5,2,0,
cc_C67839,25920,30000,0,90,25920,6000,155520000,-1,15,0,0,
cc_C70494,0,0,0,270,25920,6000,155520000,-1,3,-1,0,
cc_C73068,25920,0,0,270,25920,6000,155520000,-1,2,3,1,
cc_C75794,0,0,1,270,37030,8625,319383750,-1,8,-1,0,
cc_C78507,25920,36000,0,90,25920,6000,155520000,-1,24,11,0,
cc_C390725,0,60000,0,90,25920,6000,155520000,27,28,31,0,
cc_C393732,25920,60000,0,270,25920,6000,155520000,-1,-1,1,1,
cc_C396426,25920,54000,0,90,25920,6000,155520000,-1,-1,22,0,
cc_C399324,0,42000,0,270,25920,6000,155520000,25,30,1,0,
cc_C401934,25920,84000,0,90,25920,6000,155520000,-1,-1,23,1,
cc_C404828,0,72000,0,270,25920,6000,155520000,-1,29,28,0,
cc_C407517,25920,48000,0,270,25920,6000,155520000,-1,18,9,1,
cc_C410399,0,84000,0,90,25920,6000,155520000,20,-1,29,0,
cc_C413083,25920,42000,0,270,25920,6000,155520000,-1,-1,15,0,
cc_C415825,25920,66000,0,90,25920,6000,155520000,-1,26,19,1,
cc_C418719,25920,72000,0,90,25920,6000,155520000,-1,-1,25,0,
cc_C421704,25920,78000,0,90,25920,6000,155520000,-1,-1,16,1,
cc_C424482,0,66000,0,90,25920,6000,155520000,-1,21,16,0,
cc_C427157,0,78000,0,90,25920,6000,155520000,-1,23,21,0,
cc_C429953,0,48000,0,90,25920,6000,155520000,-1,31,19,0,
cc_C432668,0,54000,0,90,25920,6000,155520000,-1,16,30,0,
Wirelength: 334248
layer(tree) info:
layer: 0 ,width: 51840 ,height: 90000 ,area: 4665600000, filling_rate: 1
layer: 1 ,width: 37030 ,height: 17250 ,area: 638767500, filling_rate: 1
random seed: 3
best wirelength: 334248
initial_num_perturbs: 1024
iter: 3072000
best_iter: 2534808
best_cost: 0.174864
reject_time: 877711
accept_inferior_time: 835252
update_best_time: 75
initial_wirelength: 1.11975e+06
initial_iter: 1024
initial_time: 0.023
total time cost: 71.014
