name,x,y,layer,rotated_angle,width,height,area,left,right,parent,is_from_left,
cc_C38060,25920,78000,0,90,25920,6000,155520000,-1,-1,11,1,
cc_C40988,0,84000,0,90,25920,6000,155520000,-1,-1,12,0,
cc_C43598,25920,84000,0,90,25920,6000,155520000,-1,-1,14,1,
cc_C46412,25920,72000,0,90,25920,6000,155520000,-1,-1,10,1,
cc_C48982,0,72000,0,270,25920,6000,155520000,-1,12,14,0,
cc_C51792,25920,42000,0,270,25920,6000,155520000,-1,13,22,0,
cc_C54385,25920,60000,0,90,25920,6000,155520000,-1,-1,8,0,
cc_C57055,25920,66000,0,90,25920,6000,155520000,-1,-1,28,1,
cc_C59668,25920,54000,0,270,25920,6000,155520000,-1,6,29,1,
cc_C62278,0,60000,0,90,25920,6000,155520000,-1,14,11,0,
cc_C65067,0,48000,0,270,25920,6000,155520000,3,11,15,0,
cc_C67839,0,54000,0,270,25920,6000,155520000,0,9,10,0,
cc_C70494,0,78000,0,90,25920,6000,155520000,-1,1,4,0,
cc_C73068,25920,48000,0,270,25920,6000,155520000,-1,-1,5,0,
cc_C75794,0,66000,0,90,25920,6000,155520000,2,4,9,0,
cc_C78507,0,42000,0,270,25920,6000,155520000,-1,10,30,0,
cc_C390725,25920,12000,0,90,25920,6000,155520000,-1,-1,18,0,
cc_C393732,0,18000,0,90,25920,6000,155520000,-1,29,23,0,
cc_C396426,25920,6000,0,270,25920,6000,155520000,-1,16,21,0,
cc_C399324,25920,18000,0,90,25920,6000,155520000,-1,24,27,1,
cc_C401934,0,8625,1,90,37030,8625,319383750,-1,-1,26,0,
cc_C404828,25920,0,0,270,25920,6000,155520000,-1,18,31,1,
cc_C407517,25920,36000,0,90,25920,6000,155520000,-1,5,25,0,
cc_C410399,0,12000,0,90,25920,6000,155520000,-1,17,27,0,
cc_C413083,25920,24000,0,90,25920,6000,155520000,-1,25,19,0,
cc_C415825,25920,30000,0,90,25920,6000,155520000,-1,22,24,0,
cc_C418719,0,0,1,270,37030,8625,319383750,-1,20,-1,0,
cc_C421704,0,6000,0,270,25920,6000,155520000,19,23,31,0,
cc_C424482,0,30000,0,90,25920,6000,155520000,7,30,29,0,
cc_C427157,0,24000,0,270,25920,6000,155520000,8,28,17,0,
cc_C429953,0,36000,0,90,25920,6000,155520000,-1,15,28,0,
cc_C432668,0,0,0,270,25920,6000,155520000,21,27,-1,0,
Wirelength: 334158
layer(tree) info:
layer: 0 ,width: 51840 ,height: 90000 ,area: 4665600000, filling_rate: 1
layer: 1 ,width: 37030 ,height: 17250 ,area: 638767500, filling_rate: 1
random seed: 8
best wirelength: 334158
initial_num_perturbs: 1024
iter: 3072000
best_iter: 2571730
best_cost: 0.212939
reject_time: 926533
accept_inferior_time: 819963
update_best_time: 67
initial_wirelength: 1.11975e+06
initial_iter: 1024
initial_time: 0.023
total time cost: 74.545
