name,x,y,layer,rotated_angle,width,height,area,left,right,parent,is_from_left,
cc_C2791,0,0,1,270,8580,11319,97117020,4,2,-1,0,
cc_C2792,8448,8679,0,180,11319,8580,97117020,-1,-1,3,1,
cc_C2793,0,11319,1,180,11616,8448,98131968,-1,-1,0,0,
cc_C2794,0,8679,0,90,8448,11616,98131968,1,-1,5,0,
cc_C2795,8580,0,1,0,11352,8679,98524008,-1,-1,0,1,
cc_C2796,0,0,0,0,11352,8679,98524008,-1,3,-1,0,
Wirelength: 50761
layer(tree) info:
layer: 0 ,width: 19767 ,height: 20295 ,area: 401171265, filling_rate: 0.732288
layer: 1 ,width: 19932 ,height: 19767 ,area: 393995844, filling_rate: 0.745625
random seed: 10
best wirelength: 50761
initial_num_perturbs: 36
iter: 108000
best_iter: 70764
best_cost: 0.398887
reject_time: 45937
accept_inferior_time: 29990
update_best_time: 13
initial_wirelength: 163778
initial_iter: 36
initial_time: 0.003
total time cost: 0.336
