name,x,y,layer,rotated_angle,width,height,area,left,right,parent,is_from_left,
cc_C38060,0,42000,0,90,25920,6000,155520000,26,21,11,0,
cc_C40988,0,12000,0,90,25920,6000,155520000,-1,15,2,0,
cc_C43598,0,6000,0,270,25920,6000,155520000,-1,1,4,0,
cc_C46412,25920,42000,0,90,25920,6000,155520000,-1,20,11,1,
cc_C48982,0,0,0,270,25920,6000,155520000,8,2,-1,0,
cc_C51792,25920,6000,0,270,25920,6000,155520000,-1,7,8,0,
cc_C54385,25920,24000,0,90,25920,6000,155520000,-1,12,10,0,
cc_C57055,25920,12000,0,270,25920,6000,155520000,-1,10,5,0,
cc_C59668,25920,0,0,270,25920,6000,155520000,-1,5,4,1,
cc_C62278,0,24000,0,90,25920,6000,155520000,-1,14,15,0,
cc_C65067,25920,18000,0,90,25920,6000,155520000,-1,6,7,0,
cc_C67839,0,36000,0,90,25920,6000,155520000,3,0,14,0,
cc_C70494,25920,30000,0,90,25920,6000,155520000,-1,-1,6,0,
cc_C73068,25920,36000,0,90,25920,6000,155520000,-1,-1,15,1,
cc_C75794,0,30000,0,90,25920,6000,155520000,-1,11,9,0,
cc_C78507,0,18000,0,270,25920,6000,155520000,13,9,1,0,
cc_C390725,25920,90000,0,90,25920,6000,155520000,-1,-1,31,0,
cc_C393732,0,72000,0,270,25920,6000,155520000,-1,27,18,0,
cc_C396426,0,66000,0,90,25920,6000,155520000,-1,17,30,0,
cc_C399324,25920,72000,0,90,25920,6000,155520000,-1,-1,29,0,
cc_C401934,25920,48000,0,270,25920,6000,155520000,-1,25,3,0,
cc_C404828,0,48000,0,270,25920,6000,155520000,-1,28,0,0,
cc_C407517,25920,60000,0,270,25920,6000,155520000,-1,29,25,0,
cc_C410399,0,90000,0,90,25920,6000,155520000,-1,-1,24,0,
cc_C413083,0,84000,0,90,25920,6000,155520000,-1,23,27,0,
cc_C415825,25920,54000,0,90,25920,6000,155520000,-1,22,20,0,
cc_C418719,25920,78000,0,270,25920,6000,155520000,-1,31,0,1,
cc_C421704,0,78000,0,270,25920,6000,155520000,-1,24,17,0,
cc_C424482,0,54000,0,90,25920,6000,155520000,-1,30,21,0,
cc_C427157,25920,66000,0,270,25920,6000,155520000,-1,19,22,0,
cc_C429953,0,60000,0,90,25920,6000,155520000,-1,18,28,0,
cc_C432668,25920,84000,0,270,25920,6000,155520000,-1,16,26,0,
Wirelength: 347582
layer(tree) info:
layer: 0 ,width: 51840 ,height: 96000 ,area: 4976640000, filling_rate: 1
layer: 1 ,width: 0 ,height: 0 ,area: 0, filling_rate: 1
random seed: 2
best wirelength: 347582
initial_num_perturbs: 1024
iter: 3072000
best_iter: 2531236
best_cost: 0.175233
reject_time: 886951
accept_inferior_time: 837426
update_best_time: 64
initial_wirelength: 1.11975e+06
initial_iter: 1024
initial_time: 0.024
total time cost: 74.145
