name,x,y,layer,rotated_angle,width,height,area,left,right,parent,is_from_left,
cc_C8466,7854,64713,0,90,5709,6369,36360621,25,1,2,0,
cc_C8467,7854,71082,0,90,5709,6369,36360621,24,-1,0,0,
cc_C16429,7854,57189,0,180,5676,7524,42706224,19,0,3,0,
cc_C16430,7854,49665,0,0,5676,7524,42706224,-1,2,15,0,
cc_C32011,7854,9999,0,180,8613,4290,36949770,-1,9,5,0,
cc_C32012,7854,5709,0,180,8613,4290,36949770,-1,4,14,0,
cc_C39784,0,24882,0,90,7854,5445,42765030,-1,10,8,0,
cc_C39785,7854,34287,0,0,5445,7854,42765030,-1,15,23,0,
cc_C55552,0,19470,0,270,7854,5412,42505848,-1,6,18,0,
cc_C55553,7854,14289,0,180,5412,7854,42505848,22,21,4,0,
cc_C63404,0,30327,0,90,7854,5412,42505848,-1,11,6,0,
cc_C63405,0,35739,0,90,7854,5412,42505848,-1,13,10,0,
cc_C71293,0,46563,0,90,7854,5412,42505848,14,-1,13,0,
cc_C71294,0,41151,0,90,7854,5412,42505848,-1,12,11,0,
cc_C86866,7854,0,0,180,6369,5709,36360621,-1,5,12,1,
cc_C86867,7854,42141,0,180,5676,7524,42706224,-1,3,7,0,
cc_C86868,0,0,0,270,4290,8613,36949770,-1,17,-1,0,
cc_C86869,0,8613,0,90,7854,5445,42765030,-1,18,16,0,
cc_C86870,0,14058,0,90,7854,5412,42505848,-1,8,17,0,
cc_C94576,13530,26433,0,270,5709,6369,36360621,-1,-1,2,1,
cc_C94577,19272,21384,0,180,5676,7524,42706224,-1,28,31,0,
cc_C94578,7854,22143,0,0,8613,4290,36949770,-1,23,9,0,
cc_C94579,13266,14289,0,180,5445,7854,42765030,-1,-1,9,1,
cc_C94580,7854,26433,0,180,5412,7854,42505848,-1,7,21,0,
cc_C102137,13563,40326,0,90,5709,6369,36360621,31,-1,1,1,
cc_C102138,13563,32802,0,180,5676,7524,42706224,29,-1,0,1,
cc_C102139,19272,34320,0,0,8613,4290,36949770,-1,27,28,0,
cc_C102140,19272,38610,0,270,7854,5445,42765030,-1,-1,26,0,
cc_C102141,19272,28908,0,270,7854,5412,42505848,-1,26,20,0,
cc_C109812,19239,0,0,0,6369,5709,36360621,33,-1,25,1,
cc_C109813,23562,7854,0,90,7524,5676,42706224,-1,32,31,1,
cc_C109814,19272,5709,0,270,4290,8613,36949770,30,20,24,1,
cc_C109815,23562,13530,0,180,5445,7854,42765030,-1,-1,30,0,
cc_C109816,25608,0,0,0,5412,7854,42505848,-1,-1,29,1,
Wirelength: 349655
layer(tree) info:
layer: 0 ,width: 31086 ,height: 77451 ,area: 2407641786, filling_rate: 0.57224
layer: 1 ,width: 0 ,height: 0 ,area: 0, filling_rate: 1
random seed: 9
best wirelength: 349655
initial_num_perturbs: 1156
iter: 3468000
best_iter: 3112915
best_cost: 0.100811
reject_time: 984902
accept_inferior_time: 1227606
update_best_time: 100
initial_wirelength: 1.2441e+06
initial_iter: 1156
initial_time: 0.017
total time cost: 47.14
