name,x,y,layer,rotated_angle,width,height,area,left,right,parent,is_from_left,
cc_C8466,0,59466,0,270,5709,6369,36360621,-1,6,1,0,
cc_C8467,0,53097,0,270,5709,6369,36360621,3,0,2,0,
cc_C16429,0,47421,0,90,7524,5676,42706224,-1,1,7,0,
cc_C16430,5709,53097,0,270,7524,5676,42706224,-1,-1,1,1,
cc_C32011,0,75570,0,0,8613,4290,36949770,-1,12,5,0,
cc_C32012,0,71280,0,180,8613,4290,36949770,-1,4,6,0,
cc_C39784,0,65835,0,270,7854,5445,42765030,-1,5,0,0,
cc_C39785,0,41976,0,90,7854,5445,42765030,-1,2,25,0,
cc_C55552,7854,79860,0,180,5412,7854,42505848,-1,-1,11,1,
cc_C55553,7854,87714,0,90,7854,5412,42505848,-1,-1,10,1,
cc_C63404,0,96096,0,270,7854,5412,42505848,9,14,11,0,
cc_C63405,0,90684,0,270,7854,5412,42505848,8,10,13,0,
cc_C71293,0,79860,0,90,7854,5412,42505848,-1,13,4,0,
cc_C71294,0,85272,0,270,7854,5412,42505848,-1,11,12,0,
cc_C86866,0,101508,0,270,5709,6369,36360621,-1,16,10,0,
cc_C86867,0,117612,0,270,7524,5676,42706224,18,20,17,0,
cc_C86868,0,107877,0,180,8613,4290,36949770,-1,17,14,0,
cc_C86869,0,112167,0,90,7854,5445,42765030,-1,15,16,0,
cc_C86870,7524,117612,0,90,7854,5412,42505848,-1,-1,15,1,
cc_C94576,0,128964,0,90,5709,6369,36360621,21,23,20,0,
cc_C94577,0,123288,0,270,7524,5676,42706224,-1,19,15,0,
cc_C94578,5709,128964,0,180,8613,4290,36949770,-1,-1,19,1,
cc_C94579,7854,133254,0,90,7854,5445,42765030,-1,-1,23,1,
cc_C94580,0,135333,0,270,7854,5412,42505848,22,-1,19,0,
cc_C102137,0,30591,0,0,6369,5709,36360621,-1,25,28,0,
cc_C102138,0,36300,0,270,7524,5676,42706224,-1,7,24,0,
cc_C102139,0,20889,0,180,8613,4290,36949770,-1,28,27,0,
cc_C102140,0,15444,0,270,7854,5445,42765030,-1,26,31,0,
cc_C102141,0,25179,0,90,7854,5412,42505848,-1,24,26,0,
cc_C109812,0,5445,0,0,6369,5709,36360621,-1,31,32,0,
cc_C109813,8613,7854,0,0,5676,7524,42706224,-1,-1,31,1,
cc_C109814,0,11154,0,0,8613,4290,36949770,30,27,29,0,
cc_C109815,0,0,0,90,7854,5445,42765030,33,29,-1,0,
cc_C109816,7854,0,0,0,5412,7854,42505848,-1,-1,32,1,
Wirelength: 415693
layer(tree) info:
layer: 0 ,width: 15708 ,height: 140745 ,area: 2210822460, filling_rate: 0.623184
layer: 1 ,width: 0 ,height: 0 ,area: 0, filling_rate: 1
random seed: 3
best wirelength: 415693
initial_num_perturbs: 1156
iter: 3468000
best_iter: 2965048
best_cost: 0.170108
reject_time: 1057283
accept_inferior_time: 1193523
update_best_time: 89
initial_wirelength: 1.2441e+06
initial_iter: 1156
initial_time: 0.024
total time cost: 47.547
