name,x,y,layer,rotated_angle,width,height,area,left,right,parent,is_from_left,
cc_C38060,25920,18000,0,270,25920,6000,155520000,-1,-1,16,1,
cc_C40988,0,24000,0,90,25920,6000,155520000,-1,10,3,0,
cc_C43598,25920,30000,0,90,25920,6000,155520000,-1,-1,17,1,
cc_C46412,0,18000,0,270,25920,6000,155520000,13,1,12,0,
cc_C48982,0,42000,0,90,25920,6000,155520000,-1,16,8,0,
cc_C51792,0,6000,0,270,25920,6000,155520000,-1,12,6,0,
cc_C54385,0,0,0,270,25920,6000,155520000,-1,5,-1,0,
cc_C57055,25920,42000,0,90,25920,6000,155520000,-1,-1,11,0,
cc_C59668,0,36000,0,90,25920,6000,155520000,-1,4,10,0,
cc_C62278,25920,12000,0,90,25920,6000,155520000,-1,-1,14,0,
cc_C65067,0,30000,0,90,25920,6000,155520000,-1,8,1,0,
cc_C67839,25920,36000,0,270,25920,6000,155520000,-1,7,31,1,
cc_C70494,0,12000,0,270,25920,6000,155520000,-1,3,5,0,
cc_C73068,25920,0,0,270,25920,6000,155520000,-1,14,3,1,
cc_C75794,25920,6000,0,270,25920,6000,155520000,-1,9,13,0,
cc_C78507,25920,24000,0,270,25920,6000,155520000,-1,-1,29,1,
cc_C390725,0,48000,0,270,25920,6000,155520000,0,29,4,0,
cc_C393732,0,66000,0,90,25920,6000,155520000,2,31,26,0,
cc_C396426,25920,90000,0,90,25920,6000,155520000,-1,-1,22,0,
cc_C399324,25920,54000,0,270,25920,6000,155520000,-1,24,28,0,
cc_C401934,0,78000,0,90,25920,6000,155520000,28,21,31,0,
cc_C404828,0,84000,0,90,25920,6000,155520000,23,30,20,0,
cc_C407517,25920,84000,0,90,25920,6000,155520000,-1,18,30,1,
cc_C410399,25920,78000,0,90,25920,6000,155520000,-1,-1,21,1,
cc_C413083,25920,60000,0,90,25920,6000,155520000,-1,25,19,0,
cc_C415825,25920,66000,0,90,25920,6000,155520000,-1,27,24,0,
cc_C418719,0,60000,0,90,25920,6000,155520000,-1,17,29,0,
cc_C421704,25920,72000,0,90,25920,6000,155520000,-1,-1,25,0,
cc_C424482,25920,48000,0,270,25920,6000,155520000,-1,19,20,1,
cc_C427157,0,54000,0,270,25920,6000,155520000,15,26,16,0,
cc_C429953,0,90000,0,90,25920,6000,155520000,22,-1,21,0,
cc_C432668,0,72000,0,270,25920,6000,155520000,11,20,17,0,
Wirelength: 347312
layer(tree) info:
layer: 0 ,width: 51840 ,height: 96000 ,area: 4976640000, filling_rate: 1
layer: 1 ,width: 0 ,height: 0 ,area: 0, filling_rate: 1
random seed: 6
best wirelength: 347312
initial_num_perturbs: 1024
iter: 3072000
best_iter: 2569096
best_cost: 0.208424
reject_time: 912747
accept_inferior_time: 824713
update_best_time: 50
initial_wirelength: 1.11975e+06
initial_iter: 1024
initial_time: 0.024
total time cost: 73.626
