name,x,y,layer,rotated_angle,width,height,area,left,right,parent,is_from_left,
cc_C38060,0,72000,0,90,25920,6000,155520000,-1,6,3,0,
cc_C40988,25920,42000,0,270,25920,6000,155520000,-1,-1,26,1,
cc_C43598,0,54000,0,90,25920,6000,155520000,-1,5,11,0,
cc_C46412,0,66000,0,90,25920,6000,155520000,4,0,5,0,
cc_C48982,25920,84000,0,90,25920,6000,155520000,-1,-1,3,1,
cc_C51792,0,60000,0,270,25920,6000,155520000,9,3,2,0,
cc_C54385,0,78000,0,90,25920,6000,155520000,-1,12,0,0,
cc_C57055,25920,54000,0,270,25920,6000,155520000,-1,-1,14,0,
cc_C59668,0,42000,0,270,25920,6000,155520000,13,11,23,0,
cc_C62278,25920,72000,0,270,25920,6000,155520000,-1,10,5,1,
cc_C65067,25920,78000,0,90,25920,6000,155520000,-1,-1,9,0,
cc_C67839,0,48000,0,270,25920,6000,155520000,-1,2,8,0,
cc_C70494,0,84000,0,90,25920,6000,155520000,-1,-1,6,0,
cc_C73068,25920,60000,0,270,25920,6000,155520000,-1,15,8,1,
cc_C75794,25920,48000,0,90,25920,6000,155520000,-1,7,23,1,
cc_C78507,25920,66000,0,270,25920,6000,155520000,-1,-1,13,0,
cc_C390725,25920,24000,0,90,25920,6000,155520000,-1,28,20,0,
cc_C393732,0,0,1,270,37030,8625,319383750,-1,30,-1,0,
cc_C396426,0,12000,0,90,25920,6000,155520000,-1,19,25,0,
cc_C399324,0,18000,0,90,25920,6000,155520000,29,24,18,0,
cc_C401934,25920,18000,0,90,25920,6000,155520000,-1,16,27,0,
cc_C404828,25920,6000,0,270,25920,6000,155520000,-1,27,31,0,
cc_C407517,0,0,0,270,25920,6000,155520000,31,25,-1,0,
cc_C410399,0,36000,0,90,25920,6000,155520000,14,8,26,0,
cc_C413083,0,24000,0,90,25920,6000,155520000,-1,26,19,0,
cc_C415825,0,6000,0,270,25920,6000,155520000,-1,18,22,0,
cc_C418719,0,30000,0,90,25920,6000,155520000,1,23,24,0,
cc_C421704,25920,12000,0,90,25920,6000,155520000,-1,20,21,0,
cc_C424482,25920,30000,0,90,25920,6000,155520000,-1,-1,16,0,
cc_C427157,25920,36000,0,90,25920,6000,155520000,-1,-1,19,1,
cc_C429953,0,8625,1,90,37030,8625,319383750,-1,-1,17,0,
cc_C432668,25920,0,0,270,25920,6000,155520000,-1,21,22,1,
Wirelength: 334248
layer(tree) info:
layer: 0 ,width: 51840 ,height: 90000 ,area: 4665600000, filling_rate: 1
layer: 1 ,width: 37030 ,height: 17250 ,area: 638767500, filling_rate: 1
random seed: 9
best wirelength: 334248
initial_num_perturbs: 1024
iter: 3072000
best_iter: 2526595
best_cost: 0.2009
reject_time: 905610
accept_inferior_time: 823724
update_best_time: 58
initial_wirelength: 1.11975e+06
initial_iter: 1024
initial_time: 0.023
total time cost: 73.563
