name,x,y,layer,rotated_angle,width,height,area,left,right,parent,is_from_left,
cc_C8466,0,88539,0,180,6369,5709,36360621,-1,22,1,0,
cc_C8467,0,82830,0,0,6369,5709,36360621,-1,0,30,0,
cc_C16429,5445,63888,0,180,5676,7524,42706224,-1,-1,32,1,
cc_C16430,0,58212,0,90,7524,5676,42706224,-1,32,7,0,
cc_C32011,7854,4290,0,90,4290,8613,36949770,-1,-1,8,1,
cc_C32012,0,0,0,180,8613,4290,36949770,-1,9,-1,0,
cc_C39784,0,15114,0,90,7854,5445,42765030,-1,25,8,0,
cc_C39785,0,52767,0,90,7854,5445,42765030,-1,3,15,0,
cc_C55552,0,9702,0,270,7854,5412,42505848,4,6,9,0,
cc_C55553,0,4290,0,270,7854,5412,42505848,-1,8,5,0,
cc_C63404,0,103983,0,90,7854,5412,42505848,23,11,21,0,
cc_C63405,0,109395,0,90,7854,5412,42505848,-1,18,10,0,
cc_C71293,7854,112035,0,270,7854,5412,42505848,-1,-1,23,0,
cc_C71294,7854,117447,0,270,7854,5412,42505848,-1,-1,17,1,
cc_C86866,8613,122859,0,90,5709,6369,36360621,-1,-1,16,1,
cc_C86867,0,47091,0,270,7524,5676,42706224,-1,7,27,0,
cc_C86868,0,125664,0,0,8613,4290,36949770,14,-1,17,0,
cc_C86869,0,120219,0,270,7854,5445,42765030,13,16,18,0,
cc_C86870,0,114807,0,270,7854,5412,42505848,-1,17,11,0,
cc_C94576,8613,97812,0,270,5709,6369,36360621,-1,-1,21,1,
cc_C94577,7854,92136,0,270,7524,5676,42706224,-1,-1,22,1,
cc_C94578,0,99693,0,0,8613,4290,36949770,19,10,22,0,
cc_C94579,0,94248,0,270,7854,5445,42765030,20,21,0,0,
cc_C94580,7854,104181,0,0,5412,7854,42505848,-1,12,10,1,
cc_C102137,0,26235,0,180,6369,5709,36360621,-1,28,25,0,
cc_C102138,0,20559,0,90,7524,5676,42706224,-1,24,6,0,
cc_C102139,0,37356,0,0,8613,4290,36949770,-1,27,28,0,
cc_C102140,0,41646,0,90,7854,5445,42765030,-1,15,26,0,
cc_C102141,0,31944,0,270,7854,5412,42505848,-1,26,24,0,
cc_C109812,7524,85767,0,270,5709,6369,36360621,-1,-1,31,0,
cc_C109813,0,77154,0,270,7524,5676,42706224,31,1,33,0,
cc_C109814,7524,77154,0,90,4290,8613,36949770,-1,29,30,1,
cc_C109815,0,63888,0,0,5445,7854,42765030,2,33,3,0,
cc_C109816,0,71742,0,270,7854,5412,42505848,-1,30,32,0,
Wirelength: 424708
layer(tree) info:
layer: 0 ,width: 15708 ,height: 129954 ,area: 2041317432, filling_rate: 0.674931
layer: 1 ,width: 0 ,height: 0 ,area: 0, filling_rate: 1
random seed: 10
best wirelength: 424708
initial_num_perturbs: 1156
iter: 3468000
best_iter: 2949407
best_cost: 0.176277
reject_time: 1067167
accept_inferior_time: 1187796
update_best_time: 86
initial_wirelength: 1.2441e+06
initial_iter: 1156
initial_time: 0.015
total time cost: 46.747
