name,x,y,layer,rotated_angle,width,height,area,left,right,parent,is_from_left,
cc_C38060,0,48000,0,270,25920,6000,155520000,11,4,14,0,
cc_C40988,25920,72000,0,90,25920,6000,155520000,-1,-1,3,1,
cc_C43598,25920,48000,0,270,25920,6000,155520000,-1,-1,22,1,
cc_C46412,0,60000,0,90,25920,6000,155520000,1,6,4,0,
cc_C48982,0,54000,0,270,25920,6000,155520000,-1,3,0,0,
cc_C51792,25920,54000,0,90,25920,6000,155520000,-1,10,14,1,
cc_C54385,0,66000,0,90,25920,6000,155520000,-1,12,3,0,
cc_C57055,25920,78000,0,90,25920,6000,155520000,-1,-1,12,1,
cc_C59668,0,78000,0,90,25920,6000,155520000,13,15,12,0,
cc_C62278,25920,42000,0,270,25920,6000,155520000,-1,-1,29,0,
cc_C65067,25920,60000,0,270,25920,6000,155520000,-1,-1,5,0,
cc_C67839,25920,66000,0,270,25920,6000,155520000,-1,-1,0,1,
cc_C70494,0,72000,0,90,25920,6000,155520000,7,8,6,0,
cc_C73068,25920,84000,0,90,25920,6000,155520000,-1,-1,8,1,
cc_C75794,0,42000,0,270,25920,6000,155520000,5,0,20,0,
cc_C78507,0,84000,0,90,25920,6000,155520000,-1,-1,8,0,
cc_C390725,25920,6000,0,270,25920,6000,155520000,-1,31,25,0,
cc_C393732,0,0,0,270,25920,6000,155520000,25,24,-1,0,
cc_C396426,25920,18000,0,90,25920,6000,155520000,-1,30,24,1,
cc_C399324,0,30000,0,90,25920,6000,155520000,-1,20,22,0,
cc_C401934,0,36000,0,90,25920,6000,155520000,-1,14,19,0,
cc_C404828,0,0,1,270,37030,8625,319383750,-1,28,-1,0,
cc_C407517,0,24000,0,90,25920,6000,155520000,2,19,27,0,
cc_C410399,25920,30000,0,90,25920,6000,155520000,-1,-1,26,1,
cc_C413083,0,6000,0,270,25920,6000,155520000,18,26,17,0,
cc_C415825,25920,0,0,270,25920,6000,155520000,-1,16,17,1,
cc_C418719,0,12000,0,90,25920,6000,155520000,23,27,24,0,
cc_C421704,0,18000,0,90,25920,6000,155520000,29,22,26,0,
cc_C424482,0,8625,1,90,37030,8625,319383750,-1,-1,21,0,
cc_C427157,25920,36000,0,90,25920,6000,155520000,-1,9,27,1,
cc_C429953,25920,24000,0,90,25920,6000,155520000,-1,-1,18,0,
cc_C432668,25920,12000,0,270,25920,6000,155520000,-1,-1,16,0,
Wirelength: 334158
layer(tree) info:
layer: 0 ,width: 51840 ,height: 90000 ,area: 4665600000, filling_rate: 1
layer: 1 ,width: 37030 ,height: 17250 ,area: 638767500, filling_rate: 1
random seed: 7
best wirelength: 334158
initial_num_perturbs: 1024
iter: 3072000
best_iter: 2744371
best_cost: 0.213334
reject_time: 916258
accept_inferior_time: 821165
update_best_time: 61
initial_wirelength: 1.11975e+06
initial_iter: 1024
initial_time: 0.023
total time cost: 70.975
