name,x,y,layer,rotated_angle,width,height,area,left,right,parent,is_from_left,
cc_C8466,6369,60192,0,0,6369,5709,36360621,-1,-1,1,1,
cc_C8467,0,60192,0,0,6369,5709,36360621,0,6,2,0,
cc_C16429,0,54516,0,90,7524,5676,42706224,3,1,26,0,
cc_C16430,7524,54516,0,270,7524,5676,42706224,-1,-1,2,1,
cc_C32011,12903,21747,0,90,4290,8613,36949770,-1,-1,5,1,
cc_C32012,8613,21747,0,270,4290,8613,36949770,4,-1,14,0,
cc_C39784,0,65901,0,270,7854,5445,42765030,13,20,1,0,
cc_C39785,11088,38445,0,0,5445,7854,42765030,-1,27,28,1,
cc_C55552,0,30591,0,270,7854,5412,42505848,9,24,16,0,
cc_C55553,7854,30591,0,180,5412,7854,42505848,-1,-1,8,1,
cc_C63404,0,86757,0,90,7854,5412,42505848,-1,11,21,0,
cc_C63405,0,92169,0,90,7854,5412,42505848,-1,-1,10,0,
cc_C71293,7854,71313,0,270,7854,5412,42505848,-1,19,22,1,
cc_C71294,7854,65901,0,90,7854,5412,42505848,-1,-1,6,1,
cc_C86866,8613,15378,0,270,5709,6369,36360621,-1,5,15,0,
cc_C86867,8613,7854,0,180,5676,7524,42706224,-1,14,33,0,
cc_C86868,0,26301,0,0,8613,4290,36949770,-1,8,17,0,
cc_C86869,0,20856,0,270,7854,5445,42765030,-1,16,18,0,
cc_C86870,0,15444,0,270,7854,5412,42505848,-1,17,29,0,
cc_C94576,7854,76725,0,0,6369,5709,36360621,-1,-1,12,0,
cc_C94577,0,71346,0,270,7524,5676,42706224,-1,22,6,0,
cc_C94578,0,82467,0,0,8613,4290,36949770,23,10,22,0,
cc_C94579,0,77022,0,270,7854,5445,42765030,12,21,20,0,
cc_C94580,8613,82434,0,270,7854,5412,42505848,-1,-1,21,1,
cc_C102137,0,36003,0,270,5709,6369,36360621,-1,25,8,0,
cc_C102138,0,42372,0,0,5676,7524,42706224,28,26,24,0,
cc_C102139,0,50226,0,0,8613,4290,36949770,-1,2,25,0,
cc_C102140,11088,46299,0,0,5445,7854,42765030,-1,-1,7,0,
cc_C102141,5676,42372,0,180,5412,7854,42505848,7,-1,25,1,
cc_C109812,0,9735,0,180,6369,5709,36360621,-1,18,31,0,
cc_C109813,0,0,1,180,8112,10752,87220224,-1,-1,-1,0,
cc_C109814,0,5445,0,0,8613,4290,36949770,33,29,32,0,
cc_C109815,0,0,0,90,7854,5445,42765030,-1,31,-1,0,
cc_C109816,8613,0,0,0,5412,7854,42505848,-1,15,31,1,
Wirelength: 337708
layer(tree) info:
layer: 0 ,width: 17193 ,height: 97581 ,area: 1677710133, filling_rate: 0.795753
layer: 1 ,width: 8112 ,height: 10752 ,area: 87220224, filling_rate: 1
random seed: 8
best wirelength: 337708
initial_num_perturbs: 1156
iter: 3468000
best_iter: 3053205
best_cost: 0.158913
reject_time: 1093985
accept_inferior_time: 1174043
update_best_time: 105
initial_wirelength: 1.2441e+06
initial_iter: 1156
initial_time: 0.015
total time cost: 47.226
