name,x,y,layer,rotated_angle,width,height,area,left,right,parent,is_from_left,
cc_C2791,0,0,1,0,11319,8580,97117020,-1,4,-1,0,
cc_C2792,0,22968,0,180,11319,8580,97117020,-1,-1,2,0,
cc_C2793,0,11352,0,270,8448,11616,98131968,3,1,5,0,
cc_C2794,8448,11352,0,90,8448,11616,98131968,-1,-1,2,1,
cc_C2795,0,8580,1,270,8679,11352,98524008,-1,-1,0,0,
cc_C2796,0,0,0,90,8679,11352,98524008,-1,2,-1,0,
Wirelength: 85398
layer(tree) info:
layer: 0 ,width: 16896 ,height: 31548 ,area: 533035008, filling_rate: 0.735233
layer: 1 ,width: 11319 ,height: 19932 ,area: 225610308, filling_rate: 0.867164
random seed: 1
best wirelength: 85398
initial_num_perturbs: 36
iter: 600
best_iter: 252
best_cost: 0.522134
reject_time: 240
accept_inferior_time: 174
update_best_time: 3
initial_wirelength: 163778
initial_iter: 36
initial_time: 0.002
total time cost: 0.022
