name,x,y,layer,rotated_angle,width,height,area,left,right,parent,is_from_left,
cc_C8466,26004,14322,0,0,6369,5709,36360621,-1,-1,1,1,
cc_C8467,19635,14322,0,0,6369,5709,36360621,0,-1,8,1,
cc_C16429,35508,8580,0,0,5676,7524,42706224,33,3,4,0,
cc_C16430,35508,16104,0,270,7524,5676,42706224,-1,21,2,0,
cc_C32011,35508,4290,0,180,8613,4290,36949770,-1,2,31,0,
cc_C32012,25806,0,0,270,4290,8613,36949770,18,14,16,1,
cc_C39784,0,0,1,90,11232,7776,87340032,27,-1,-1,0,
cc_C39785,35508,53724,0,270,7854,5445,42765030,23,-1,20,0,
cc_C55552,11781,8613,0,90,7854,5412,42505848,1,-1,26,0,
cc_C55553,5412,14025,0,270,7854,5412,42505848,-1,-1,24,0,
cc_C63404,35508,42636,0,270,7854,5412,42505848,-1,20,11,0,
cc_C63405,35508,37224,0,90,7854,5412,42505848,-1,10,19,0,
cc_C71293,51216,22902,0,0,5412,7854,42505848,-1,-1,13,0,
cc_C71294,51216,15048,0,180,5412,7854,42505848,-1,12,23,1,
cc_C86866,25806,8613,0,180,6369,5709,36360621,-1,-1,5,0,
cc_C86867,49566,7524,0,180,5676,7524,42706224,-1,-1,32,1,
cc_C86868,21516,0,0,90,4290,8613,36949770,5,-1,17,1,
cc_C86869,16071,0,0,0,5445,7854,42765030,16,-1,26,1,
cc_C86870,30096,0,0,180,5412,7854,42505848,31,-1,5,1,
cc_C94576,35508,31515,0,180,6369,5709,36360621,-1,11,22,0,
cc_C94577,35508,48048,0,90,7524,5676,42706224,-1,7,10,0,
cc_C94578,35508,21780,0,0,8613,4290,36949770,32,22,3,0,
cc_C94579,35508,26070,0,270,7854,5445,42765030,-1,19,21,0,
cc_C94580,43362,26070,0,90,7854,5412,42505848,13,-1,7,1,
cc_C102137,5412,5676,0,180,6369,5709,36360621,26,9,28,1,
cc_C102138,0,0,0,90,7524,5676,42706224,-1,28,-1,0,
cc_C102139,11781,0,0,90,4290,8613,36949770,17,8,24,1,
cc_C102140,11232,0,1,270,11232,7776,87340032,-1,-1,6,1,
cc_C102141,0,5676,0,0,5412,7854,42505848,24,-1,25,0,
cc_C109812,49797,0,0,270,5709,6369,36360621,-1,-1,30,1,
cc_C109813,44121,0,0,0,5676,7524,42706224,29,-1,31,1,
cc_C109814,35508,0,0,0,8613,4290,36949770,30,4,18,1,
cc_C109815,44121,13992,0,180,5445,7854,42765030,15,-1,21,1,
cc_C109816,41184,8580,0,270,7854,5412,42505848,-1,-1,2,1,
Wirelength: 553873
layer(tree) info:
layer: 0 ,width: 56628 ,height: 59169 ,area: 3350622132, filling_rate: 0.385665
layer: 1 ,width: 22464 ,height: 7776 ,area: 174680064, filling_rate: 1
random seed: 9
best wirelength: 553873
initial_num_perturbs: 1156
iter: 3400
best_iter: 3370
best_cost: 0.157533
reject_time: 877
accept_inferior_time: 1205
update_best_time: 82
initial_wirelength: 1.2441e+06
initial_iter: 1156
initial_time: 0.017
total time cost: 0.155
