name,x,y,layer,rotated_angle,width,height,area,left,right,parent,is_from_left,
cc_C8466,55242,5676,0,0,6369,5709,36360621,-1,1,3,0,
cc_C8467,55242,11385,0,90,5709,6369,36360621,-1,-1,0,0,
cc_C16429,44154,0,0,180,5676,7524,42706224,12,13,14,1,
cc_C16430,55242,0,0,270,7524,5676,42706224,-1,0,12,1,
cc_C32011,13299,19701,0,90,4290,8613,36949770,-1,-1,25,0,
cc_C32012,20823,14289,0,0,8613,4290,36949770,-1,-1,25,1,
cc_C39784,5445,10857,0,90,7854,5445,42765030,-1,15,28,0,
cc_C39785,0,0,0,0,5445,7854,42765030,22,-1,-1,0,
cc_C55552,0,34368,1,90,11232,7728,86800896,-1,9,31,0,
cc_C55553,0,42096,1,90,11232,7728,86800896,24,-1,8,0,
cc_C63404,5445,38511,0,90,7854,5412,42505848,-1,11,32,0,
cc_C63405,5445,43923,0,90,7854,5412,42505848,21,-1,10,0,
cc_C71293,49830,0,0,180,5412,7854,42505848,3,-1,2,1,
cc_C71294,44154,7854,0,270,7854,5412,42505848,-1,-1,2,0,
cc_C86866,38445,0,0,90,5709,6369,36360621,2,-1,17,1,
cc_C86867,5445,16302,0,90,7524,5676,42706224,-1,33,6,0,
cc_C86868,28710,0,0,270,4290,8613,36949770,17,-1,18,1,
cc_C86869,33000,0,0,180,5445,7854,42765030,14,-1,16,1,
cc_C86870,23298,0,0,0,5412,7854,42505848,16,20,19,1,
cc_C94576,17589,5412,0,270,5709,6369,36360621,18,-1,21,1,
cc_C94577,23298,8613,0,90,7524,5676,42706224,-1,-1,18,0,
cc_C94578,13299,5412,0,90,4290,8613,36949770,19,25,11,1,
cc_C94579,5445,0,0,270,7854,5445,42765030,-1,28,7,1,
cc_C94580,13299,0,0,90,7854,5412,42505848,-1,-1,33,1,
cc_C102137,11232,6144,1,90,8160,9072,74027520,-1,-1,9,1,
cc_C102138,13299,14025,0,270,7524,5676,42706224,5,4,21,0,
cc_C102139,0,0,1,180,12288,6144,75497472,-1,27,-1,0,
cc_C102140,0,6144,1,270,11232,7776,87340032,-1,29,26,0,
cc_C102141,5445,5445,0,90,7854,5412,42505848,-1,6,22,0,
cc_C109812,0,13920,1,0,9072,8160,74027520,-1,31,27,0,
cc_C109813,5445,27390,0,90,7524,5676,42706224,-1,32,33,0,
cc_C109814,0,22080,1,270,6144,12288,75497472,-1,8,29,0,
cc_C109815,5445,33066,0,270,7854,5445,42765030,-1,10,30,0,
cc_C109816,5445,21978,0,270,7854,5412,42505848,23,30,15,0,
Wirelength: 513646
layer(tree) info:
layer: 0 ,width: 62766 ,height: 49335 ,area: 3096560610, filling_rate: 0.356315
layer: 1 ,width: 19392 ,height: 49824 ,area: 966187008, filling_rate: 0.579589
random seed: 4
best wirelength: 513646
initial_num_perturbs: 1156
iter: 3400
best_iter: 3354
best_cost: 0.234358
reject_time: 970
accept_inferior_time: 1157
update_best_time: 64
initial_wirelength: 1.2441e+06
initial_iter: 1156
initial_time: 0.017
total time cost: 0.162
