name,x,y,layer,rotated_angle,width,height,area,left,right,parent,is_from_left,
cc_C8466,25296,0,1,180,9072,8160,74027520,1,-1,3,1,
cc_C8467,34368,0,1,180,9072,8160,74027520,18,-1,0,1,
cc_C16429,27072,8160,1,180,8112,10752,87220224,17,-1,13,1,
cc_C16430,17184,7776,1,180,8112,10752,87220224,0,-1,19,1,
cc_C32011,55248,0,1,270,6144,12288,75497472,-1,-1,5,1,
cc_C32012,49104,7728,1,270,6144,12288,75497472,4,9,16,1,
cc_C39784,0,15378,0,90,7854,5445,42765030,-1,-1,20,0,
cc_C39785,19344,45216,1,270,11232,7776,87340032,14,-1,12,0,
cc_C55552,49104,27744,1,0,7728,11232,86800896,-1,-1,9,0,
cc_C55553,49104,20016,1,270,11232,7728,86800896,-1,8,5,0,
cc_C63404,19344,29760,1,270,11232,7728,86800896,-1,12,13,0,
cc_C63405,8112,27168,1,90,11232,7728,86800896,-1,30,19,0,
cc_C71293,19344,37488,1,90,11232,7728,86800896,-1,7,10,0,
cc_C71294,19344,18528,1,180,7728,11232,86800896,2,10,33,1,
cc_C86866,30576,19392,1,0,9072,8160,74027520,-1,-1,7,1,
cc_C86867,0,0,1,0,8112,10752,87220224,27,-1,-1,0,
cc_C86868,42960,8160,1,90,6144,12288,75497472,5,-1,17,1,
cc_C86869,35184,8160,1,0,7776,11232,87340032,16,-1,2,1,
cc_C86870,43440,0,1,270,11232,7728,86800896,-1,-1,1,1,
cc_C94576,8112,19008,1,180,9072,8160,74027520,3,11,22,0,
cc_C94577,0,9702,0,270,7524,5676,42706224,-1,6,28,0,
cc_C94578,8613,18645,0,0,8613,4290,36949770,-1,32,23,0,
cc_C94579,8112,7776,1,0,7776,11232,87340032,-1,19,27,0,
cc_C94580,8613,13233,0,90,7854,5412,42505848,-1,21,25,0,
cc_C102137,8613,0,0,180,6369,5709,36360621,-1,25,26,1,
cc_C102138,8613,5709,0,0,5676,7524,42706224,-1,23,24,0,
cc_C102139,0,0,0,0,8613,4290,36949770,24,28,-1,0,
cc_C102140,8112,0,1,270,11232,7776,87340032,-1,22,15,1,
cc_C102141,0,4290,0,90,7854,5412,42505848,-1,20,26,0,
cc_C109812,8613,30789,0,0,6369,5709,36360621,-1,31,32,0,
cc_C109813,8112,34896,1,270,10752,8112,87220224,-1,33,11,0,
cc_C109814,8613,36498,0,0,8613,4290,36949770,-1,-1,29,0,
cc_C109815,8613,22935,0,0,5445,7854,42765030,-1,29,21,0,
cc_C109816,8112,43008,1,90,11232,7728,86800896,13,-1,30,0,
Wirelength: 541348
layer(tree) info:
layer: 0 ,width: 17226 ,height: 40788 ,area: 702614088, filling_rate: 0.625556
layer: 1 ,width: 61392 ,height: 52992 ,area: 3253284864, filling_rate: 0.588713
random seed: 10
best wirelength: 541348
initial_num_perturbs: 1156
iter: 3400
best_iter: 3353
best_cost: 0.244649
reject_time: 984
accept_inferior_time: 1166
update_best_time: 51
initial_wirelength: 1.2441e+06
initial_iter: 1156
initial_time: 0.016
total time cost: 0.136
