name,x,y,layer,rotated_angle,width,height,area,left,right,parent,is_from_left,
cc_C8466,27555,24189,0,90,5709,6369,36360621,-1,1,3,0,
cc_C8467,27555,30558,0,90,5709,6369,36360621,2,-1,0,0,
cc_C16429,33264,24189,0,0,5676,7524,42706224,21,-1,1,1,
cc_C16430,27555,18513,0,90,7524,5676,42706224,-1,0,29,0,
cc_C32011,11232,0,1,270,6144,12288,75497472,31,-1,32,1,
cc_C32012,27555,7854,0,180,8613,4290,36949770,20,29,7,0,
cc_C39784,38940,25377,0,270,7854,5445,42765030,-1,-1,19,0,
cc_C39785,27555,0,0,0,5445,7854,42765030,13,5,18,1,
cc_C55552,0,7854,0,0,5412,7854,42505848,33,-1,9,0,
cc_C55553,0,0,0,0,5412,7854,42505848,-1,8,-1,0,
cc_C63404,5412,13266,0,270,7854,5412,42505848,-1,14,11,0,
cc_C63405,5412,7854,0,270,7854,5412,42505848,-1,10,33,0,
cc_C71293,29664,0,1,90,11232,7728,86800896,-1,23,31,1,
cc_C71294,33000,0,0,180,5412,7854,42505848,-1,-1,7,1,
cc_C86866,5412,18678,0,90,5709,6369,36360621,16,-1,10,0,
cc_C86867,15411,26565,0,270,7524,5676,42706224,-1,-1,17,0,
cc_C86868,11121,18678,0,270,4290,8613,36949770,26,-1,14,1,
cc_C86869,15411,18711,0,180,5445,7854,42765030,-1,15,28,0,
cc_C86870,19701,0,0,270,7854,5412,42505848,7,27,26,1,
cc_C94576,38940,19668,0,180,6369,5709,36360621,-1,6,21,0,
cc_C94577,36168,7854,0,180,5676,7524,42706224,-1,-1,5,1,
cc_C94578,38940,15378,0,180,8613,4290,36949770,-1,19,2,1,
cc_C94579,25488,15456,1,270,11232,7776,87340032,-1,-1,25,1,
cc_C94580,29664,7728,1,90,11232,7728,86800896,-1,-1,12,0,
cc_C102137,20823,10857,0,270,5709,6369,36360621,-1,-1,28,1,
cc_C102138,17376,16896,1,0,8112,10752,87220224,22,-1,30,0,
cc_C102139,15411,0,0,270,4290,8613,36949770,18,28,16,1,
cc_C102140,19701,5412,0,270,7854,5445,42765030,-1,-1,18,0,
cc_C102141,15411,10857,0,180,5412,7854,42505848,24,17,26,0,
cc_C109812,27555,12144,0,270,5709,6369,36360621,-1,3,5,0,
cc_C109813,17376,6144,1,0,8112,10752,87220224,-1,25,31,0,
cc_C109814,17376,0,1,180,12288,6144,75497472,12,30,4,1,
cc_C109815,0,0,1,90,11232,7776,87340032,4,-1,-1,0,
cc_C109816,5412,0,0,180,5412,7854,42505848,-1,11,8,1,
Wirelength: 529440
layer(tree) info:
layer: 0 ,width: 47553 ,height: 36927 ,area: 1755989631, filling_rate: 0.596754
layer: 1 ,width: 40896 ,height: 27648 ,area: 1130692608, filling_rate: 0.595845
random seed: 8
best wirelength: 529440
initial_num_perturbs: 1156
iter: 3400
best_iter: 3368
best_cost: 0.251006
reject_time: 1019
accept_inferior_time: 1178
update_best_time: 56
initial_wirelength: 1.2441e+06
initial_iter: 1156
initial_time: 0.016
total time cost: 0.144
