name,x,y,layer,rotated_angle,width,height,area,left,right,parent,is_from_left,
cc_C2791,8448,0,1,270,8580,11319,97117020,-1,-1,3,1,
cc_C2792,0,8448,0,180,11319,8580,97117020,-1,-1,2,0,
cc_C2793,0,0,0,0,11616,8448,98131968,4,1,-1,0,
cc_C2794,0,0,1,270,8448,11616,98131968,0,5,-1,0,
cc_C2795,11616,0,0,270,8679,11352,98524008,-1,-1,2,1,
cc_C2796,0,11616,1,180,11352,8679,98524008,-1,-1,3,0,
Wirelength: 62060
layer(tree) info:
layer: 0 ,width: 20295 ,height: 17028 ,area: 345583260, filling_rate: 0.850079
layer: 1 ,width: 17028 ,height: 20295 ,area: 345583260, filling_rate: 0.850079
random seed: 4
best wirelength: 62060
initial_num_perturbs: 36
iter: 600
best_iter: 552
best_cost: 0.398672
reject_time: 232
accept_inferior_time: 177
update_best_time: 9
initial_wirelength: 163778
initial_iter: 36
initial_time: 0.002
total time cost: 0.022
