name,x,y,layer,rotated_angle,width,height,area,left,right,parent,is_from_left,
cc_C2791,8580,0,0,0,11319,8580,97117020,5,-1,1,1,
cc_C2792,0,0,0,90,8580,11319,97117020,0,-1,-1,0,
cc_C2793,0,0,1,180,11616,8448,98131968,-1,3,-1,0,
cc_C2794,0,8448,1,0,11616,8448,98131968,4,-1,2,0,
cc_C2795,11616,0,1,270,8679,11352,98524008,-1,-1,3,1,
cc_C2796,19899,0,0,270,8679,11352,98524008,-1,-1,0,1,
Wirelength: 54506
layer(tree) info:
layer: 0 ,width: 28578 ,height: 11352 ,area: 324417456, filling_rate: 0.902412
layer: 1 ,width: 20295 ,height: 16896 ,area: 342904320, filling_rate: 0.85968
random seed: 7
best wirelength: 54506
initial_num_perturbs: 36
iter: 108000
best_iter: 73090
best_cost: 0.339496
reject_time: 44282
accept_inferior_time: 30753
update_best_time: 16
initial_wirelength: 163778
initial_iter: 36
initial_time: 0.002
total time cost: 0.327
