name,x,y,layer,rotated_angle,width,height,area,left,right,parent,is_from_left,
cc_C38060,0,36000,0,90,25920,6000,155520000,30,29,15,0,
cc_C40988,25920,24000,0,270,25920,6000,155520000,-1,8,5,0,
cc_C43598,25920,0,0,270,25920,6000,155520000,-1,10,11,1,
cc_C46412,0,6000,0,270,25920,6000,155520000,-1,4,11,0,
cc_C48982,0,12000,0,270,25920,6000,155520000,5,7,3,0,
cc_C51792,25920,18000,0,90,25920,6000,155520000,-1,1,4,1,
cc_C54385,25920,12000,0,270,25920,6000,155520000,-1,-1,10,0,
cc_C57055,0,18000,0,270,25920,6000,155520000,28,14,4,0,
cc_C59668,25920,30000,0,90,25920,6000,155520000,-1,13,1,0,
cc_C62278,0,0,1,270,37030,8625,319383750,-1,12,-1,0,
cc_C65067,25920,6000,0,270,25920,6000,155520000,-1,6,2,0,
cc_C67839,0,0,0,270,25920,6000,155520000,2,3,-1,0,
cc_C70494,0,8625,1,90,37030,8625,319383750,-1,-1,9,0,
cc_C73068,25920,36000,0,90,25920,6000,155520000,-1,17,8,0,
cc_C75794,0,24000,0,90,25920,6000,155520000,31,15,7,0,
cc_C78507,0,30000,0,90,25920,6000,155520000,-1,0,14,0,
cc_C390725,0,72000,0,270,25920,6000,155520000,-1,23,27,0,
cc_C393732,25920,42000,0,270,25920,6000,155520000,-1,-1,13,0,
cc_C396426,0,60000,0,270,25920,6000,155520000,-1,27,24,0,
cc_C399324,0,48000,0,270,25920,6000,155520000,-1,24,29,0,
cc_C401934,25920,66000,0,90,25920,6000,155520000,-1,25,31,0,
cc_C404828,25920,78000,0,90,25920,6000,155520000,-1,-1,25,0,
cc_C407517,0,84000,0,90,25920,6000,155520000,-1,-1,23,0,
cc_C410399,0,78000,0,90,25920,6000,155520000,-1,22,16,0,
cc_C413083,0,54000,0,90,25920,6000,155520000,-1,18,19,0,
cc_C415825,25920,72000,0,270,25920,6000,155520000,-1,21,20,0,
cc_C418719,25920,54000,0,270,25920,6000,155520000,-1,-1,28,0,
cc_C421704,0,66000,0,90,25920,6000,155520000,-1,16,18,0,
cc_C424482,25920,48000,0,270,25920,6000,155520000,-1,26,7,1,
cc_C427157,0,42000,0,270,25920,6000,155520000,-1,19,0,0,
cc_C429953,25920,84000,0,90,25920,6000,155520000,-1,-1,0,1,
cc_C432668,25920,60000,0,270,25920,6000,155520000,-1,20,14,1,
Wirelength: 334158
layer(tree) info:
layer: 0 ,width: 51840 ,height: 90000 ,area: 4665600000, filling_rate: 1
layer: 1 ,width: 37030 ,height: 17250 ,area: 638767500, filling_rate: 1
random seed: 1
best wirelength: 334158
initial_num_perturbs: 1024
iter: 3072000
best_iter: 2654262
best_cost: 0.17524
reject_time: 880373
accept_inferior_time: 836351
update_best_time: 77
initial_wirelength: 1.11975e+06
initial_iter: 1024
initial_time: 0.026
total time cost: 72.132
