name,x,y,layer,rotated_angle,width,height,area,left,right,parent,is_from_left,
cc_C2791,8448,0,1,270,8580,11319,97117020,4,-1,3,1,
cc_C2792,0,0,0,90,8580,11319,97117020,2,5,-1,0,
cc_C2793,8580,0,0,180,11616,8448,98131968,-1,-1,1,1,
cc_C2794,0,0,1,270,8448,11616,98131968,0,-1,-1,0,
cc_C2795,17028,0,1,0,11352,8679,98524008,-1,-1,0,1,
cc_C2796,0,11319,0,180,11352,8679,98524008,-1,-1,1,0,
Wirelength: 58398
layer(tree) info:
layer: 0 ,width: 20196 ,height: 19998 ,area: 403879608, filling_rate: 0.727378
layer: 1 ,width: 28380 ,height: 11616 ,area: 329662080, filling_rate: 0.891134
random seed: 9
best wirelength: 58398
initial_num_perturbs: 36
iter: 108000
best_iter: 66212
best_cost: 0.345732
reject_time: 43798
accept_inferior_time: 30919
update_best_time: 13
initial_wirelength: 163778
initial_iter: 36
initial_time: 0.001
total time cost: 0.33
