name,x,y,layer,rotated_angle,width,height,area,left,right,parent,is_from_left,
cc_C8466,24024,0,0,90,5709,6369,36360621,8,1,12,1,
cc_C8467,24024,6369,0,0,6369,5709,36360621,-1,-1,0,0,
cc_C16429,5676,0,0,270,7524,5676,42706224,13,-1,3,1,
cc_C16430,0,0,0,180,5676,7524,42706224,2,-1,-1,0,
cc_C32011,122826,0,0,270,4290,8613,36949770,5,-1,33,1,
cc_C32012,127116,0,0,90,4290,8613,36949770,-1,-1,4,1,
cc_C39784,13200,7854,0,180,5445,7854,42765030,-1,-1,13,0,
cc_C39785,95634,7854,0,180,5445,7854,42765030,-1,-1,17,0,
cc_C55552,29733,0,0,90,7854,5412,42505848,9,-1,0,1,
cc_C55553,37587,0,0,180,5412,7854,42505848,19,-1,8,1,
cc_C63404,54120,5412,0,270,7854,5412,42505848,15,-1,11,0,
cc_C63405,54120,0,0,270,7854,5412,42505848,27,10,23,1,
cc_C71293,18612,0,0,180,5412,7854,42505848,0,-1,13,1,
cc_C71294,13200,0,0,0,5412,7854,42505848,12,6,2,1,
cc_C86866,111045,0,0,180,6369,5709,36360621,33,-1,31,1,
cc_C86867,61974,8613,0,270,7524,5676,42706224,-1,-1,10,1,
cc_C86868,91344,0,0,270,4290,8613,36949770,17,-1,18,1,
cc_C86869,95634,0,0,180,5445,7854,42765030,30,7,16,1,
cc_C86870,85932,0,0,180,5412,7854,42505848,16,-1,32,1,
cc_C94576,42999,0,0,90,5709,6369,36360621,23,22,9,1,
cc_C94577,52734,10824,0,270,7524,5676,42706224,-1,-1,21,1,
cc_C94578,48444,7854,0,90,4290,8613,36949770,20,-1,22,1,
cc_C94579,42999,6369,0,0,5445,7854,42765030,21,-1,19,0,
cc_C94580,48708,0,0,0,5412,7854,42505848,11,-1,19,1,
cc_C102137,71709,0,0,0,6369,5709,36360621,32,28,26,1,
cc_C102138,79563,7854,0,270,7524,5676,42706224,-1,-1,28,1,
cc_C102139,67419,0,0,270,4290,8613,36949770,24,-1,27,1,
cc_C102140,61974,0,0,180,5445,7854,42765030,26,-1,11,1,
cc_C102141,71709,5709,0,90,7854,5412,42505848,25,-1,24,0,
cc_C109812,101079,8613,0,90,5709,6369,36360621,-1,-1,30,0,
cc_C109813,101079,0,0,0,5676,7524,42706224,31,29,17,1,
cc_C109814,106755,0,0,90,4290,8613,36949770,14,-1,30,1,
cc_C109815,78078,0,0,270,7854,5445,42765030,18,-1,24,1,
cc_C109816,117414,0,0,0,5412,7854,42505848,4,-1,14,1,
Wirelength: 534394
layer(tree) info:
layer: 0 ,width: 131406 ,height: 16500 ,area: 2168199000
layer: 1 ,width: 0 ,height: 0 ,area: 0
random seed: 1
best wirelength: 534394
initial_num_perturbs: 1156
iter: 3400
best_iter: 3373
best_cost: 0.264637
reject_time: 1004
accept_inferior_time: 1133
update_best_time: 59
time cost: 1.517
