name,x,y,layer,rotated_angle,width,height,area,left,right,parent,is_from_left,
cc_C2791,8580,8448,0,180,11319,8580,97117020,-1,-1,2,0,
cc_C2792,0,0,0,90,8580,11319,97117020,2,-1,-1,0,
cc_C2793,8580,0,0,0,11616,8448,98131968,-1,0,1,1,
cc_C2794,8679,0,1,270,8448,11616,98131968,-1,4,5,1,
cc_C2795,8679,11616,1,270,8679,11352,98524008,-1,-1,3,0,
cc_C2796,0,0,1,90,8679,11352,98524008,3,-1,-1,0,
Wirelength: 70566
layer(tree) info:
layer: 0 ,width: 20196 ,height: 17028 ,area: 343897488, filling_rate: 0.850155
layer: 1 ,width: 17358 ,height: 22968 ,area: 398678544, filling_rate: 0.740396
random seed: 10
best wirelength: 70566
initial_num_perturbs: 36
iter: 600
best_iter: 480
best_cost: 0.506999
reject_time: 235
accept_inferior_time: 170
update_best_time: 10
initial_wirelength: 163778
initial_iter: 36
initial_time: 0.002
total time cost: 0.023
