name,x,y,layer,rotated_angle,width,height,area,left,right,parent,is_from_left,
cc_C2791,11352,0,1,180,11319,8580,97117020,-1,4,5,1,
cc_C2792,20064,0,0,270,8580,11319,97117020,-1,-1,2,1,
cc_C2793,11616,0,0,90,8448,11616,98131968,1,-1,3,1,
cc_C2794,0,0,0,0,11616,8448,98131968,2,-1,-1,0,
cc_C2795,11352,8580,1,180,11352,8679,98524008,-1,-1,0,0,
cc_C2796,0,0,1,180,11352,8679,98524008,0,-1,-1,0,
Wirelength: 71384
layer(tree) info:
layer: 0 ,width: 28644 ,height: 11616 ,area: 332728704, filling_rate: 0.881742
layer: 1 ,width: 22704 ,height: 17259 ,area: 391848336, filling_rate: 0.750711
random seed: 9
best wirelength: 71384
initial_num_perturbs: 36
iter: 600
best_iter: 570
best_cost: 0.399805
reject_time: 225
accept_inferior_time: 179
update_best_time: 7
initial_wirelength: 163778
initial_iter: 36
initial_time: 0.002
total time cost: 0.022
