name,x,y,layer,rotated_angle,width,height,area,left,right,parent,is_from_left,
cc_C38060,17250,17250,1,270,37030,8625,319383750,-1,14,12,0,
cc_C40988,8625,0,1,0,8625,37030,319383750,6,31,23,1,
cc_C43598,54280,0,1,270,37030,8625,319383750,-1,16,6,1,
cc_C46412,25920,0,0,180,6000,25920,155520000,20,-1,9,1,
cc_C48982,17250,43125,1,90,37030,8625,319383750,-1,27,28,0,
cc_C51792,54280,17250,1,270,37030,8625,319383750,-1,18,16,0,
cc_C54385,17250,0,1,270,37030,8625,319383750,2,12,1,1,
cc_C57055,0,18000,0,90,25920,6000,155520000,-1,9,8,0,
cc_C59668,0,12000,0,90,25920,6000,155520000,-1,7,15,0,
cc_C62278,0,24000,0,90,25920,6000,155520000,3,-1,7,0,
cc_C65067,54280,34500,1,180,8625,37030,319383750,13,-1,18,0,
cc_C67839,0,0,0,270,25920,6000,155520000,-1,15,-1,0,
cc_C70494,17250,8625,1,270,37030,8625,319383750,-1,0,6,0,
cc_C73068,62905,34500,1,0,8625,37030,319383750,-1,-1,10,1,
cc_C75794,17250,25875,1,270,37030,8625,319383750,-1,28,0,0,
cc_C78507,0,6000,0,270,25920,6000,155520000,-1,8,11,0,
cc_C390725,54280,8625,1,270,37030,8625,319383750,-1,5,2,0,
cc_C393732,17250,94875,1,270,37030,8625,319383750,-1,26,21,0,
cc_C396426,54280,25875,1,270,37030,8625,319383750,-1,10,5,0,
cc_C399324,17250,60375,1,90,37030,8625,319383750,-1,29,27,0,
cc_C401934,31920,0,0,180,6000,25920,155520000,-1,-1,3,1,
cc_C404828,17250,86250,1,90,37030,8625,319383750,-1,17,25,0,
cc_C407517,54280,71530,1,270,37030,8625,319383750,-1,-1,28,1,
cc_C410399,0,0,1,0,8625,37030,319383750,1,-1,-1,0,
cc_C413083,62905,80155,1,180,8625,37030,319383750,-1,-1,30,1,
cc_C415825,17250,77625,1,90,37030,8625,319383750,-1,21,29,0,
cc_C418719,17250,103500,1,90,37030,8625,319383750,-1,-1,17,0,
cc_C421704,17250,51750,1,90,37030,8625,319383750,-1,19,4,0,
cc_C424482,17250,34500,1,90,37030,8625,319383750,22,4,14,0,
cc_C427157,17250,69000,1,90,37030,8625,319383750,30,25,19,0,
cc_C429953,54280,80155,1,180,8625,37030,319383750,24,-1,29,1,
cc_C432668,8625,37030,1,180,8625,37030,319383750,-1,-1,1,0,
Wirelength: 677283
layer(tree) info:
layer: 0 ,width: 37920 ,height: 30000 ,area: 1137600000, filling_rate: 0.956962
layer: 1 ,width: 91310 ,height: 117185 ,area: 10700162350, filling_rate: 0.746212
random seed: 8
best wirelength: 677283
initial_num_perturbs: 1024
iter: 3200
best_iter: 3104
best_cost: 0.435399
reject_time: 1078
accept_inferior_time: 822
update_best_time: 17
initial_wirelength: 1.11975e+06
initial_iter: 1024
initial_time: 0.025
total time cost: 0.17
