name,x,y,layer,rotated_angle,width,height,area,left,right,parent,is_from_left,
cc_C8466,24123,22704,0,90,5709,6369,36360621,23,1,22,0,
cc_C8467,24123,29073,0,0,6369,5709,36360621,14,-1,0,0,
cc_C16429,24123,5445,0,0,5676,7524,42706224,-1,5,32,0,
cc_C16430,21984,6144,1,0,8112,10752,87220224,29,-1,13,1,
cc_C32011,10752,16896,1,0,12288,6144,75497472,-1,21,13,0,
cc_C32012,24123,12969,0,180,8613,4290,36949770,-1,22,2,0,
cc_C39784,29712,35808,1,270,11232,7776,87340032,-1,-1,8,1,
cc_C39785,18678,7854,0,0,5445,7854,42765030,-1,-1,27,0,
cc_C55552,21984,41472,1,180,7728,11232,86800896,6,-1,9,1,
cc_C55553,10752,44688,1,270,11232,7728,86800896,8,-1,18,0,
cc_C63404,0,6369,0,90,7854,5412,42505848,28,-1,24,0,
cc_C63405,7854,11088,0,0,5412,7854,42505848,12,-1,20,0,
cc_C71293,13266,11088,0,180,5412,7854,42505848,27,-1,11,1,
cc_C71294,10752,6144,1,90,11232,7728,86800896,3,4,26,0,
cc_C86866,30492,28116,0,180,6369,5709,36360621,-1,-1,1,1,
cc_C86867,28128,25056,1,0,8112,10752,87220224,-1,-1,16,1,
cc_C86868,21984,29184,1,270,6144,12288,75497472,15,-1,17,1,
cc_C86869,10752,29184,1,270,11232,7776,87340032,16,18,21,0,
cc_C86870,10752,36960,1,90,11232,7728,86800896,-1,9,17,0,
cc_C94576,23040,16896,1,0,9072,8160,74027520,-1,-1,21,1,
cc_C94577,7854,5412,0,270,7524,5676,42706224,-1,11,28,0,
cc_C94578,10752,23040,1,0,12288,6144,75497472,19,17,4,0,
cc_C94579,24123,17259,0,90,7854,5445,42765030,-1,0,5,0,
cc_C94580,29832,22704,0,270,7854,5412,42505848,30,-1,0,1,
cc_C102137,0,0,0,270,5709,6369,36360621,-1,10,-1,0,
cc_C102138,0,0,1,90,10752,8112,87220224,26,-1,-1,0,
cc_C102139,10752,0,1,0,12288,6144,75497472,-1,13,25,1,
cc_C102140,18678,0,0,180,5445,7854,42765030,32,7,12,1,
cc_C102141,7854,0,0,270,7854,5412,42505848,-1,20,10,1,
cc_C109812,30096,0,1,180,9072,8160,74027520,-1,33,3,1,
cc_C109813,37686,4290,0,270,7524,5676,42706224,-1,-1,23,1,
cc_C109814,31977,0,0,0,8613,4290,36949770,-1,-1,32,1,
cc_C109815,24123,0,0,90,7854,5445,42765030,31,2,27,1,
cc_C109816,30096,8160,1,270,11232,7728,86800896,-1,-1,29,0,
Wirelength: 517316
layer(tree) info:
layer: 0 ,width: 45210 ,height: 34782 ,area: 1572494220, filling_rate: 0.464898
layer: 1 ,width: 41328 ,height: 52704 ,area: 2178150912, filling_rate: 0.606198
random seed: 1
best wirelength: 517316
initial_num_perturbs: 1156
iter: 3400
best_iter: 3351
best_cost: 0.224624
reject_time: 1009
accept_inferior_time: 1149
update_best_time: 40
initial_wirelength: 1.2441e+06
initial_iter: 1156
initial_time: 0.018
total time cost: 0.127
