name,x,y,layer,rotated_angle,width,height,area,left,right,parent,is_from_left,
cc_C38060,0,0,1,270,37030,8625,319383750,-1,28,-1,0,
cc_C40988,69000,0,1,0,8625,37030,319383750,15,-1,27,1,
cc_C43598,51750,37030,1,270,37030,8625,319383750,9,29,19,0,
cc_C46412,43125,37030,1,0,8625,37030,319383750,19,-1,8,1,
cc_C48982,0,25875,1,90,37030,8625,319383750,-1,30,6,0,
cc_C51792,0,0,0,0,6000,25920,155520000,23,-1,-1,0,
cc_C54385,0,17250,1,270,37030,8625,319383750,-1,4,28,0,
cc_C57055,37030,0,1,180,8625,37030,319383750,-1,-1,28,1,
cc_C59668,34500,43125,1,0,8625,37030,319383750,3,-1,12,1,
cc_C62278,88780,37030,1,0,8625,37030,319383750,10,-1,2,1,
cc_C65067,97405,37030,1,0,8625,37030,319383750,26,-1,9,1,
cc_C67839,51750,54280,1,90,37030,8625,319383750,-1,25,29,0,
cc_C70494,25875,43125,1,0,8625,37030,319383750,8,-1,17,1,
cc_C73068,103500,0,1,180,8625,37030,319383750,16,-1,22,1,
cc_C75794,0,43125,1,0,8625,37030,319383750,20,-1,30,0,
cc_C78507,77625,0,1,0,8625,37030,319383750,18,-1,1,1,
cc_C390725,112125,0,1,0,8625,37030,319383750,21,-1,13,1,
cc_C393732,17250,43125,1,180,8625,37030,319383750,12,-1,20,1,
cc_C396426,86250,0,1,180,8625,37030,319383750,22,-1,15,1,
cc_C399324,51750,0,1,180,8625,37030,319383750,27,2,3,1,
cc_C401934,8625,43125,1,0,8625,37030,319383750,17,-1,14,1,
cc_C404828,120750,0,1,180,8625,37030,319383750,-1,-1,16,1,
cc_C407517,94875,0,1,0,8625,37030,319383750,13,-1,18,1,
cc_C410399,6000,0,0,0,6000,25920,155520000,31,-1,5,1,
cc_C413083,18000,0,0,180,6000,25920,155520000,-1,-1,31,1,
cc_C415825,51750,62905,1,90,37030,8625,319383750,-1,-1,11,0,
cc_C418719,106030,37030,1,180,8625,37030,319383750,-1,-1,10,1,
cc_C421704,60375,0,1,180,8625,37030,319383750,1,-1,19,1,
cc_C424482,0,8625,1,270,37030,8625,319383750,7,6,0,0,
cc_C427157,51750,45655,1,270,37030,8625,319383750,-1,11,2,0,
cc_C429953,0,34500,1,270,37030,8625,319383750,-1,14,4,0,
cc_C432668,12000,0,0,180,6000,25920,155520000,24,-1,23,1,
Wirelength: 673092
layer(tree) info:
layer: 0 ,width: 24000 ,height: 25920 ,area: 622080000, filling_rate: 1
layer: 1 ,width: 129375 ,height: 80155 ,area: 10370053125, filling_rate: 0.862363
random seed: 6
best wirelength: 673092
initial_num_perturbs: 1024
iter: 3200
best_iter: 3193
best_cost: 0.408109
reject_time: 992
accept_inferior_time: 894
update_best_time: 33
initial_wirelength: 1.11975e+06
initial_iter: 1024
initial_time: 0.025
total time cost: 0.203
