name,x,y,layer,rotated_angle,width,height,area,left,right,parent,is_from_left,
cc_C2791,11616,0,0,270,8580,11319,97117020,-1,-1,2,1,
cc_C2792,0,0,1,270,8580,11319,97117020,5,-1,-1,0,
cc_C2793,0,8448,0,0,11616,8448,98131968,0,-1,3,0,
cc_C2794,0,0,0,180,11616,8448,98131968,-1,2,-1,0,
cc_C2795,19932,0,1,0,11352,8679,98524008,-1,-1,5,1,
cc_C2796,8580,0,1,0,11352,8679,98524008,4,-1,1,1,
Wirelength: 80515
layer(tree) info:
layer: 0 ,width: 20196 ,height: 16896 ,area: 341231616, filling_rate: 0.859771
layer: 1 ,width: 31284 ,height: 11319 ,area: 354103596, filling_rate: 0.830732
random seed: 7
best wirelength: 80515
initial_num_perturbs: 36
iter: 600
best_iter: 571
best_cost: 0.464263
reject_time: 240
accept_inferior_time: 184
update_best_time: 7
initial_wirelength: 163778
initial_iter: 36
initial_time: 0.004
total time cost: 0.025
