name,x,y,layer,rotated_angle,width,height,area,left,right,parent,is_from_left,
cc_C8466,5445,16764,0,180,6369,5709,36360621,-1,-1,6,1,
cc_C8467,12144,16467,0,180,6369,5709,36360621,-1,-1,5,1,
cc_C16429,0,0,0,90,7524,5676,42706224,-1,3,-1,0,
cc_C16430,0,5676,0,90,7524,5676,42706224,-1,11,2,0,
cc_C32011,0,0,1,270,6144,12288,75497472,18,-1,-1,0,
cc_C32012,7854,7854,0,90,4290,8613,36949770,1,-1,33,0,
cc_C39784,0,16764,0,180,5445,7854,42765030,0,-1,11,0,
cc_C39785,25488,16848,1,270,11232,7776,87340032,-1,-1,30,1,
cc_C55552,39435,7854,0,0,5412,7854,42505848,-1,-1,9,0,
cc_C55553,39435,0,0,0,5412,7854,42505848,26,8,25,1,
cc_C63404,6144,7728,1,270,11232,7728,86800896,21,29,18,0,
cc_C63405,0,11352,0,90,7854,5412,42505848,33,6,3,0,
cc_C71293,24387,13530,0,270,7854,5412,42505848,16,-1,22,0,
cc_C71294,6144,23616,1,270,11232,7728,86800896,30,-1,29,0,
cc_C86866,40854,15708,0,180,6369,5709,36360621,-1,-1,16,1,
cc_C86867,54582,0,0,0,5676,7524,42706224,-1,-1,27,1,
cc_C86868,32241,15708,0,0,8613,4290,36949770,14,-1,12,1,
cc_C86869,29664,9072,1,270,11232,7776,87340032,-1,-1,24,0,
cc_C86870,6144,0,1,90,11232,7728,86800896,-1,10,4,1,
cc_C94576,18678,0,0,270,5709,6369,36360621,20,32,23,1,
cc_C94577,24387,0,0,90,7524,5676,42706224,25,22,19,1,
cc_C94578,17376,0,1,180,12288,6144,75497472,24,-1,10,1,
cc_C94579,24387,5676,0,0,5445,7854,42765030,-1,12,20,0,
cc_C94580,13266,0,0,180,5412,7854,42505848,19,31,33,1,
cc_C102137,29664,0,1,270,8160,9072,74027520,28,17,21,1,
cc_C102138,31911,0,0,90,7524,5676,42706224,9,-1,20,1,
cc_C102139,44847,0,0,270,4290,8613,36949770,27,-1,9,1,
cc_C102140,49137,0,0,180,5445,7854,42765030,15,-1,26,1,
cc_C102141,37824,0,1,270,11232,7728,86800896,-1,-1,24,1,
cc_C109812,6144,15456,1,180,9072,8160,74027520,-1,13,10,0,
cc_C109813,17376,6144,1,0,8112,10752,87220224,7,-1,13,1,
cc_C109814,13266,7854,0,90,4290,8613,36949770,-1,-1,23,0,
cc_C109815,18678,6369,0,0,5445,7854,42765030,-1,-1,19,0,
cc_C109816,7854,0,0,0,5412,7854,42505848,23,5,11,1,
Wirelength: 505187
layer(tree) info:
layer: 0 ,width: 60258 ,height: 24618 ,area: 1483431444, filling_rate: 0.628858
layer: 1 ,width: 49056 ,height: 31344 ,area: 1537611264, filling_rate: 0.590626
random seed: 6
best wirelength: 505187
initial_num_perturbs: 1156
iter: 3400
best_iter: 3362
best_cost: 0.21508
reject_time: 942
accept_inferior_time: 1179
update_best_time: 59
initial_wirelength: 1.2441e+06
initial_iter: 1156
initial_time: 0.017
total time cost: 0.142
