name,x,y,layer,rotated_angle,width,height,area,left,right,parent,is_from_left,
cc_C38060,6000,12000,0,90,25920,6000,155520000,-1,8,18,0,
cc_C40988,6000,49920,0,180,6000,25920,155520000,7,-1,13,0,
cc_C43598,12000,36000,0,90,25920,6000,155520000,29,9,22,0,
cc_C46412,43920,12000,0,180,6000,25920,155520000,-1,-1,29,1,
cc_C48982,12000,54000,0,270,25920,6000,155520000,-1,23,15,0,
cc_C51792,37920,43920,0,270,25920,6000,155520000,17,11,30,0,
cc_C54385,31920,0,0,270,25920,6000,155520000,31,-1,26,1,
cc_C57055,12000,24000,0,90,25920,6000,155520000,-1,22,1,1,
cc_C59668,6000,18000,0,270,25920,6000,155520000,-1,13,0,0,
cc_C62278,12000,42000,0,270,25920,6000,155520000,-1,15,2,0,
cc_C65067,0,0,1,0,8625,37030,319383750,-1,-1,-1,0,
cc_C67839,37920,49920,0,0,6000,25920,155520000,-1,-1,5,0,
cc_C70494,0,0,0,0,6000,25920,155520000,-1,14,-1,0,
cc_C73068,6000,24000,0,0,6000,25920,155520000,-1,1,8,0,
cc_C75794,0,25920,0,0,6000,25920,155520000,26,-1,12,0,
cc_C78507,12000,48000,0,90,25920,6000,155520000,-1,4,9,0,
cc_C390725,12000,66000,0,90,25920,6000,155520000,30,-1,23,0,
cc_C393732,63840,51840,0,0,6000,25920,155520000,-1,-1,5,1,
cc_C396426,6000,6000,0,90,25920,6000,155520000,28,0,26,0,
cc_C399324,69840,25920,0,180,6000,25920,155520000,-1,-1,20,0,
cc_C401934,69840,0,0,0,6000,25920,155520000,-1,19,27,1,
cc_C404828,63840,25920,0,180,6000,25920,155520000,25,-1,30,1,
cc_C407517,12000,30000,0,270,25920,6000,155520000,-1,2,7,0,
cc_C410399,12000,60000,0,90,25920,6000,155520000,-1,16,4,0,
cc_C413083,75840,0,0,180,6000,25920,155520000,-1,-1,25,1,
cc_C415825,69840,51840,0,0,6000,25920,155520000,24,-1,21,1,
cc_C418719,6000,0,0,270,25920,6000,155520000,6,18,14,1,
cc_C421704,63840,0,0,0,6000,25920,155520000,20,-1,31,1,
cc_C424482,31920,6000,0,90,25920,6000,155520000,-1,-1,18,1,
cc_C427157,37920,12000,0,180,6000,25920,155520000,3,-1,2,1,
cc_C429953,37920,37920,0,90,25920,6000,155520000,21,5,16,1,
cc_C432668,57840,0,0,0,6000,25920,155520000,27,-1,6,1,
Wirelength: 478888
layer(tree) info:
layer: 0 ,width: 81840 ,height: 77760 ,area: 6363878400, filling_rate: 0.757576
layer: 1 ,width: 8625 ,height: 37030 ,area: 319383750, filling_rate: 1
random seed: 10
best wirelength: 478888
initial_num_perturbs: 1024
iter: 3200
best_iter: 3047
best_cost: 0.253466
reject_time: 884
accept_inferior_time: 909
update_best_time: 30
initial_wirelength: 1.11975e+06
initial_iter: 1024
initial_time: 0.027
total time cost: 0.242
