name,x,y,layer,rotated_angle,width,height,area,left,right,parent,is_from_left,
cc_C38060,6000,48000,0,0,6000,25920,155520000,26,-1,25,0,
cc_C40988,6000,0,0,270,25920,6000,155520000,15,2,8,1,
cc_C43598,6000,6000,0,270,25920,6000,155520000,-1,4,1,0,
cc_C46412,42000,31920,0,90,25920,6000,155520000,-1,6,23,0,
cc_C48982,6000,12000,0,90,25920,6000,155520000,-1,20,2,0,
cc_C51792,37920,0,0,180,6000,25920,155520000,13,-1,15,1,
cc_C54385,42000,37920,0,90,25920,6000,155520000,-1,19,3,0,
cc_C57055,61920,0,0,180,6000,25920,155520000,-1,-1,21,1,
cc_C59668,0,25920,0,0,6000,25920,155520000,1,-1,14,0,
cc_C62278,49920,0,0,0,6000,25920,155520000,21,-1,13,1,
cc_C65067,42000,55920,0,90,25920,6000,155520000,-1,22,24,0,
cc_C67839,0,0,1,0,8625,37030,319383750,-1,-1,-1,0,
cc_C70494,6000,30000,0,270,25920,6000,155520000,-1,27,18,0,
cc_C73068,43920,0,0,180,6000,25920,155520000,9,-1,5,1,
cc_C75794,0,0,0,0,6000,25920,155520000,-1,8,-1,0,
cc_C78507,31920,0,0,0,6000,25920,155520000,5,-1,1,1,
cc_C390725,30000,51840,0,0,6000,25920,155520000,31,-1,28,1,
cc_C393732,31920,25920,0,0,6000,25920,155520000,-1,-1,27,1,
cc_C396426,6000,24000,0,90,25920,6000,155520000,-1,12,20,0,
cc_C399324,42000,43920,0,270,25920,6000,155520000,-1,24,6,0,
cc_C401934,6000,18000,0,90,25920,6000,155520000,-1,18,4,0,
cc_C404828,55920,0,0,0,6000,25920,155520000,7,-1,9,1,
cc_C407517,42000,61920,0,90,25920,6000,155520000,29,-1,10,0,
cc_C410399,42000,25920,0,270,25920,6000,155520000,-1,3,31,1,
cc_C413083,42000,49920,0,90,25920,6000,155520000,-1,10,19,0,
cc_C415825,6000,42000,0,270,25920,6000,155520000,-1,0,27,0,
cc_C418719,12000,48000,0,0,6000,25920,155520000,30,-1,0,1,
cc_C421704,6000,36000,0,90,25920,6000,155520000,17,25,12,0,
cc_C424482,24000,48000,0,180,6000,25920,155520000,16,-1,30,1,
cc_C427157,67920,0,0,180,6000,25920,155520000,-1,-1,22,1,
cc_C429953,18000,48000,0,0,6000,25920,155520000,28,-1,26,1,
cc_C432668,36000,51840,0,180,6000,25920,155520000,23,-1,16,1,
Wirelength: 455782
layer(tree) info:
layer: 0 ,width: 73920 ,height: 77760 ,area: 5748019200, filling_rate: 0.838745
layer: 1 ,width: 8625 ,height: 37030 ,area: 319383750, filling_rate: 1
random seed: 4
best wirelength: 455782
initial_num_perturbs: 1024
iter: 3200
best_iter: 3011
best_cost: 0.252718
reject_time: 951
accept_inferior_time: 858
update_best_time: 38
initial_wirelength: 1.11975e+06
initial_iter: 1024
initial_time: 0.027
total time cost: 0.184
