name,x,y,layer,rotated_angle,width,height,area,left,right,parent,is_from_left,
cc_C38060,86250,0,1,270,37030,8625,319383750,-1,12,18,1,
cc_C40988,8625,37030,1,90,37030,8625,319383750,-1,-1,10,0,
cc_C43598,0,0,1,0,8625,37030,319383750,10,24,-1,0,
cc_C46412,123280,0,1,180,8625,37030,319383750,-1,-1,12,1,
cc_C48982,120750,37030,1,180,8625,37030,319383750,22,-1,8,1,
cc_C51792,69000,0,1,0,8625,37030,319383750,18,-1,11,1,
cc_C54385,94875,25875,1,0,8625,37030,319383750,14,-1,21,1,
cc_C57055,74060,37030,1,180,8625,37030,319383750,-1,-1,25,1,
cc_C59668,112125,25875,1,0,8625,37030,319383750,4,-1,14,1,
cc_C62278,43125,0,1,0,8625,37030,319383750,13,-1,20,1,
cc_C65067,8625,0,1,0,8625,37030,319383750,19,1,2,1,
cc_C67839,60375,0,1,180,8625,37030,319383750,5,-1,13,1,
cc_C70494,86250,8625,1,270,37030,8625,319383750,3,17,0,0,
cc_C73068,51750,0,1,0,8625,37030,319383750,11,-1,9,1,
cc_C75794,103500,25875,1,180,8625,37030,319383750,8,-1,6,1,
cc_C78507,25875,0,1,180,8625,37030,319383750,20,-1,19,1,
cc_C390725,146625,37030,1,180,8625,37030,319383750,30,-1,23,0,
cc_C393732,86250,17250,1,270,37030,8625,319383750,-1,21,12,0,
cc_C396426,77625,0,1,0,8625,37030,319383750,0,-1,5,1,
cc_C399324,17250,0,1,0,8625,37030,319383750,15,-1,10,1,
cc_C401934,34500,0,1,180,8625,37030,319383750,9,-1,15,1,
cc_C404828,86250,25875,1,0,8625,37030,319383750,6,-1,17,0,
cc_C407517,129375,37030,1,0,8625,37030,319383750,26,-1,4,1,
cc_C410399,146625,0,1,180,8625,37030,319383750,27,16,26,1,
cc_C413083,0,45655,1,270,37030,8625,319383750,25,28,2,0,
cc_C415825,37030,45655,1,90,37030,8625,319383750,7,-1,24,1,
cc_C418719,138000,0,1,180,8625,37030,319383750,23,29,22,1,
cc_C421704,155250,0,1,180,8625,37030,319383750,-1,-1,23,1,
cc_C424482,0,54280,1,90,37030,8625,319383750,31,-1,24,0,
cc_C427157,138000,37030,1,0,8625,37030,319383750,-1,-1,26,0,
cc_C429953,155250,37030,1,180,8625,37030,319383750,-1,-1,16,1,
cc_C432668,37030,54280,1,90,37030,8625,319383750,-1,-1,28,1,
Wirelength: 725106
layer(tree) info:
layer: 0 ,width: 0 ,height: 0 ,area: 0, filling_rate: 1
layer: 1 ,width: 163875 ,height: 74060 ,area: 12136582500, filling_rate: 0.842105
random seed: 5
best wirelength: 725106
initial_num_perturbs: 1024
iter: 3200
best_iter: 3195
best_cost: 0.362817
reject_time: 943
accept_inferior_time: 880
update_best_time: 23
initial_wirelength: 1.11975e+06
initial_iter: 1024
initial_time: 0.025
total time cost: 0.196
