name,x,y,layer,rotated_angle,width,height,area,left,right,parent,is_from_left,
cc_C2791,0,17028,0,180,11319,8580,97117020,-1,-1,3,0,
cc_C2792,0,0,0,0,11319,8580,97117020,-1,3,-1,0,
cc_C2793,0,8679,1,180,11616,8448,98131968,-1,4,5,0,
cc_C2794,0,8580,0,180,11616,8448,98131968,-1,0,1,0,
cc_C2795,0,17127,1,180,11352,8679,98524008,-1,-1,2,0,
cc_C2796,0,0,1,0,11352,8679,98524008,-1,2,-1,0,
Wirelength: 89831
layer(tree) info:
layer: 0 ,width: 11616 ,height: 25608 ,area: 297462528, filling_rate: 0.982867
layer: 1 ,width: 11616 ,height: 25806 ,area: 299762496, filling_rate: 0.984713
random seed: 2
best wirelength: 89831
initial_num_perturbs: 36
iter: 600
best_iter: 471
best_cost: 0.508661
reject_time: 227
accept_inferior_time: 181
update_best_time: 4
initial_wirelength: 163778
initial_iter: 36
initial_time: 0.002
total time cost: 0.022
