name,x,y,layer,rotated_angle,width,height,area,left,right,parent,is_from_left,
cc_C2791,0,0,1,0,11319,8580,97117020,-1,3,-1,0,
cc_C2792,8679,0,0,270,8580,11319,97117020,5,-1,4,1,
cc_C2793,0,11352,0,180,11616,8448,98131968,-1,-1,4,0,
cc_C2794,0,8580,1,90,8448,11616,98131968,-1,-1,0,0,
cc_C2795,0,0,0,270,8679,11352,98524008,1,2,-1,0,
cc_C2796,17259,0,0,270,8679,11352,98524008,-1,-1,1,1,
Wirelength: 79254
layer(tree) info:
layer: 0 ,width: 25938 ,height: 19800 ,area: 513572400, filling_rate: 0.763859
layer: 1 ,width: 11319 ,height: 20196 ,area: 228598524, filling_rate: 0.854113
random seed: 5
best wirelength: 79254
initial_num_perturbs: 36
iter: 600
best_iter: 318
best_cost: 0.502118
reject_time: 251
accept_inferior_time: 179
update_best_time: 3
initial_wirelength: 163778
initial_iter: 36
initial_time: 0.002
total time cost: 0.02
