name,x,y,layer,rotated_angle,width,height,area,left,right,parent,is_from_left,
cc_C38060,86250,0,1,180,8625,37030,319383750,6,5,26,1,
cc_C40988,43125,0,1,270,37030,8625,319383750,-1,22,30,1,
cc_C43598,112125,17250,1,180,8625,37030,319383750,13,-1,12,1,
cc_C46412,43125,62905,1,90,37030,8625,319383750,-1,-1,29,1,
cc_C48982,0,0,0,0,6000,25920,155520000,8,-1,-1,0,
cc_C51792,86250,37030,1,0,8625,37030,319383750,-1,-1,0,0,
cc_C54385,94875,0,1,0,8625,37030,319383750,9,-1,0,1,
cc_C57055,51750,17250,1,0,8625,37030,319383750,18,-1,25,1,
cc_C59668,6000,0,0,180,6000,25920,155520000,11,-1,4,1,
cc_C62278,103500,0,1,270,37030,8625,319383750,-1,14,6,1,
cc_C65067,18000,0,0,180,6000,25920,155520000,-1,-1,11,1,
cc_C67839,12000,0,0,180,6000,25920,155520000,10,-1,8,1,
cc_C70494,103500,17250,1,0,8625,37030,319383750,2,-1,14,0,
cc_C73068,120750,17250,1,180,8625,37030,319383750,15,-1,2,1,
cc_C75794,103500,8625,1,90,37030,8625,319383750,-1,12,9,0,
cc_C78507,129375,17250,1,180,8625,37030,319383750,-1,-1,13,1,
cc_C390725,0,0,1,0,8625,37030,319383750,-1,31,-1,0,
cc_C393732,8625,0,1,180,8625,37030,319383750,23,27,31,1,
cc_C396426,60375,17250,1,0,8625,37030,319383750,24,-1,7,1,
cc_C399324,43125,54280,1,270,37030,8625,319383750,-1,-1,25,0,
cc_C401934,17250,37030,1,180,8625,37030,319383750,28,-1,23,0,
cc_C404828,25875,0,1,180,8625,37030,319383750,30,-1,23,1,
cc_C407517,43125,8625,1,270,37030,8625,319383750,-1,25,1,0,
cc_C410399,17250,0,1,180,8625,37030,319383750,21,20,17,1,
cc_C413083,69000,17250,1,180,8625,37030,319383750,26,-1,18,1,
cc_C415825,43125,17250,1,180,8625,37030,319383750,7,19,22,0,
cc_C418719,77625,17250,1,180,8625,37030,319383750,0,-1,24,1,
cc_C421704,8625,37030,1,180,8625,37030,319383750,-1,-1,17,0,
cc_C424482,25875,37030,1,0,8625,37030,319383750,-1,-1,20,1,
cc_C427157,34500,37030,1,180,8625,37030,319383750,3,-1,30,0,
cc_C429953,34500,0,1,0,8625,37030,319383750,1,29,21,1,
cc_C432668,0,37030,1,0,8625,37030,319383750,17,-1,16,0,
Wirelength: 669858
layer(tree) info:
layer: 0 ,width: 24000 ,height: 25920 ,area: 622080000, filling_rate: 1
layer: 1 ,width: 140530 ,height: 74060 ,area: 10407651800, filling_rate: 0.859247
random seed: 1
best wirelength: 669858
initial_num_perturbs: 1024
iter: 3200
best_iter: 3095
best_cost: 0.352344
reject_time: 962
accept_inferior_time: 890
update_best_time: 30
initial_wirelength: 1.11975e+06
initial_iter: 1024
initial_time: 0.024
total time cost: 0.159
