name,x,y,layer,rotated_angle,width,height,area,left,right,parent,is_from_left,
cc_C38060,31920,25920,0,0,6000,25920,155520000,10,-1,3,0,
cc_C40988,31920,77760,0,180,6000,25920,155520000,6,-1,21,1,
cc_C43598,6000,48000,0,90,25920,6000,155520000,-1,22,13,0,
cc_C46412,31920,0,0,0,6000,25920,155520000,-1,0,20,1,
cc_C48982,31920,51840,0,180,6000,25920,155520000,12,-1,25,1,
cc_C51792,6000,84000,0,270,25920,6000,155520000,-1,7,16,0,
cc_C54385,37920,51840,0,180,6000,25920,155520000,-1,-1,1,1,
cc_C57055,6000,90000,0,90,25920,6000,155520000,-1,24,5,0,
cc_C59668,6000,24000,0,90,25920,6000,155520000,-1,29,18,0,
cc_C62278,6000,60000,0,90,25920,6000,155520000,-1,25,22,0,
cc_C65067,37920,0,0,0,6000,25920,155520000,-1,-1,0,1,
cc_C67839,0,51840,0,0,6000,25920,155520000,-1,27,28,0,
cc_C70494,37920,25920,0,0,6000,25920,155520000,-1,-1,4,1,
cc_C73068,6000,42000,0,90,25920,6000,155520000,-1,2,17,0,
cc_C75794,6000,12000,0,270,25920,6000,155520000,-1,18,19,0,
cc_C78507,8625,0,1,180,8625,37030,319383750,-1,-1,26,1,
cc_C390725,6000,78000,0,270,25920,6000,155520000,-1,5,23,0,
cc_C393732,6000,36000,0,90,25920,6000,155520000,-1,13,29,0,
cc_C396426,6000,18000,0,90,25920,6000,155520000,-1,8,14,0,
cc_C399324,6000,6000,0,270,25920,6000,155520000,-1,14,20,0,
cc_C401934,6000,0,0,270,25920,6000,155520000,3,19,27,1,
cc_C404828,6000,108000,0,90,25920,6000,155520000,1,-1,30,0,
cc_C407517,6000,54000,0,90,25920,6000,155520000,-1,9,2,0,
cc_C410399,6000,72000,0,90,25920,6000,155520000,-1,16,25,0,
cc_C413083,6000,96000,0,90,25920,6000,155520000,-1,30,7,0,
cc_C415825,6000,66000,0,90,25920,6000,155520000,4,23,9,0,
cc_C418719,0,0,1,0,8625,37030,319383750,15,-1,-1,0,
cc_C421704,0,77760,0,0,6000,25920,155520000,20,-1,11,0,
cc_C424482,0,25920,0,0,6000,25920,155520000,-1,11,31,0,
cc_C427157,6000,30000,0,90,25920,6000,155520000,-1,17,8,0,
cc_C429953,6000,102000,0,270,25920,6000,155520000,-1,21,24,0,
cc_C432668,0,0,0,0,6000,25920,155520000,-1,28,-1,0,
Wirelength: 514401
layer(tree) info:
layer: 0 ,width: 43920 ,height: 114000 ,area: 5006880000, filling_rate: 0.931838
layer: 1 ,width: 17250 ,height: 37030 ,area: 638767500, filling_rate: 1
random seed: 2
best wirelength: 514401
initial_num_perturbs: 1024
iter: 3200
best_iter: 3185
best_cost: 0.255216
reject_time: 929
accept_inferior_time: 924
update_best_time: 34
initial_wirelength: 1.11975e+06
initial_iter: 1024
initial_time: 0.024
total time cost: 0.271
