name,x,y,layer,rotated_angle,width,height,area,left,right,parent,is_from_left,
cc_C8466,17376,0,1,180,9072,8160,74027520,2,-1,16,1,
cc_C8467,29469,0,0,180,6369,5709,36360621,-1,3,26,1,
cc_C16429,26448,0,1,180,8112,10752,87220224,-1,-1,0,1,
cc_C16430,29469,5709,0,180,5676,7524,42706224,-1,-1,1,0,
cc_C32011,10890,49797,0,90,4290,8613,36949770,20,-1,19,0,
cc_C32012,0,42960,1,0,12288,6144,75497472,-1,-1,11,0,
cc_C39784,5445,0,0,180,5445,7854,42765030,25,18,7,1,
cc_C39785,0,0,0,180,5445,7854,42765030,6,-1,-1,0,
cc_C55552,20856,14223,0,270,7854,5412,42505848,-1,26,14,0,
cc_C55553,18744,0,0,0,5412,7854,42505848,-1,-1,32,1,
cc_C63404,0,27504,1,90,11232,7728,86800896,-1,11,15,0,
cc_C63405,0,35232,1,90,11232,7728,86800896,16,5,10,0,
cc_C71293,0,8160,1,0,7728,11232,86800896,-1,15,24,0,
cc_C71294,10890,26532,0,270,7854,5412,42505848,-1,22,29,0,
cc_C86866,20856,7854,0,90,5709,6369,36360621,-1,8,20,1,
cc_C86867,0,19392,1,270,10752,8112,87220224,-1,10,12,0,
cc_C86868,11232,0,1,270,6144,12288,75497472,0,27,11,1,
cc_C86869,10890,7524,0,0,5445,7854,42765030,-1,32,25,0,
cc_C86870,5445,7854,0,0,5412,7854,42505848,-1,-1,6,0,
cc_C94576,10890,44088,0,180,6369,5709,36360621,-1,4,21,0,
cc_C94577,15180,49797,0,180,5676,7524,42706224,14,-1,4,1,
cc_C94578,10890,39798,0,180,8613,4290,36949770,-1,19,22,0,
cc_C94579,10890,31944,0,180,5445,7854,42765030,-1,21,13,0,
cc_C94580,11232,33936,1,90,11232,7728,86800896,-1,-1,31,0,
cc_C102137,0,0,1,0,9072,8160,74027520,-1,12,-1,0,
cc_C102138,10890,0,0,180,5676,7524,42706224,-1,17,6,1,
cc_C102139,20856,19635,0,0,8613,4290,36949770,1,30,8,0,
cc_C102140,11232,12288,1,90,11232,7776,87340032,-1,33,16,0,
cc_C102141,22464,10752,1,180,7728,11232,86800896,-1,-1,33,1,
cc_C109812,10890,20823,0,0,6369,5709,36360621,-1,13,32,0,
cc_C109813,20856,23925,0,270,7524,5676,42706224,-1,-1,26,0,
cc_C109814,11232,27792,1,0,12288,6144,75497472,-1,23,33,0,
cc_C109815,10890,15378,0,90,7854,5445,42765030,9,29,17,0,
cc_C109816,11232,20064,1,270,11232,7728,86800896,28,31,27,0,
Wirelength: 550736
layer(tree) info:
layer: 0 ,width: 35838 ,height: 58410 ,area: 2093297580, filling_rate: 0.38741
layer: 1 ,width: 34560 ,height: 49104 ,area: 1697034240, filling_rate: 0.681856
random seed: 5
best wirelength: 550736
initial_num_perturbs: 1156
iter: 3400
best_iter: 3373
best_cost: 0.24226
reject_time: 945
accept_inferior_time: 1166
update_best_time: 63
initial_wirelength: 1.2441e+06
initial_iter: 1156
initial_time: 0.016
total time cost: 0.132
