name,x,y,layer,rotated_angle,width,height,area,left,right,parent,is_from_left,
cc_C2791,8448,0,0,270,8580,11319,97117020,1,-1,2,1,
cc_C2792,17028,0,0,270,8580,11319,97117020,-1,-1,0,1,
cc_C2793,0,0,0,90,8448,11616,98131968,0,5,-1,0,
cc_C2794,0,0,1,0,11616,8448,98131968,-1,4,-1,0,
cc_C2795,0,8448,1,270,8679,11352,98524008,-1,-1,3,0,
cc_C2796,0,11616,0,180,11352,8679,98524008,-1,-1,2,0,
Wirelength: 86927
layer(tree) info:
layer: 0 ,width: 25608 ,height: 20295 ,area: 519714360, filling_rate: 0.752125
layer: 1 ,width: 11616 ,height: 19800 ,area: 229996800, filling_rate: 0.855038
random seed: 3
best wirelength: 86927
initial_num_perturbs: 36
iter: 600
best_iter: 295
best_cost: 0.483446
reject_time: 233
accept_inferior_time: 178
update_best_time: 3
initial_wirelength: 163778
initial_iter: 36
initial_time: 0.002
total time cost: 0.021
