name,x,y,layer,rotated_angle,width,height,area,left,right,parent,is_from_left,
cc_C38060,37920,6000,0,0,6000,25920,155520000,30,22,28,1,
cc_C40988,0,0,0,90,25920,6000,155520000,-1,31,-1,0,
cc_C43598,0,0,1,90,37030,8625,319383750,-1,-1,-1,0,
cc_C46412,25920,0,0,180,6000,25920,155520000,15,-1,27,1,
cc_C48982,0,42000,0,90,25920,6000,155520000,-1,10,18,0,
cc_C51792,61920,0,0,0,6000,25920,155520000,26,-1,9,1,
cc_C54385,49920,31920,0,0,6000,25920,155520000,25,-1,8,1,
cc_C57055,25920,25920,0,180,6000,25920,155520000,28,-1,10,1,
cc_C59668,43920,31920,0,180,6000,25920,155520000,6,-1,22,1,
cc_C62278,55920,6000,0,180,6000,25920,155520000,5,-1,11,1,
cc_C65067,0,48000,0,90,25920,6000,155520000,7,-1,4,0,
cc_C67839,49920,6000,0,180,6000,25920,155520000,9,-1,30,1,
cc_C70494,0,24000,0,90,25920,6000,155520000,-1,21,27,0,
cc_C73068,67920,31920,0,270,25920,6000,155520000,-1,29,26,0,
cc_C75794,73920,0,0,0,6000,25920,155520000,24,17,26,1,
cc_C78507,31920,0,0,270,25920,6000,155520000,-1,16,3,1,
cc_C390725,31920,6000,0,180,6000,25920,155520000,-1,-1,15,0,
cc_C393732,73920,25920,0,270,25920,6000,155520000,-1,-1,14,0,
cc_C396426,0,36000,0,90,25920,6000,155520000,-1,4,21,0,
cc_C399324,85920,0,0,180,6000,25920,155520000,23,-1,24,1,
cc_C401934,0,12000,0,90,25920,6000,155520000,-1,27,31,0,
cc_C404828,0,30000,0,90,25920,6000,155520000,-1,18,12,0,
cc_C407517,37920,31920,0,180,6000,25920,155520000,8,-1,0,0,
cc_C410399,91920,0,0,180,6000,25920,155520000,-1,-1,19,1,
cc_C413083,79920,0,0,0,6000,25920,155520000,19,-1,14,1,
cc_C415825,55920,31920,0,180,6000,25920,155520000,-1,-1,6,1,
cc_C418719,67920,0,0,180,6000,25920,155520000,14,13,5,1,
cc_C421704,0,18000,0,90,25920,6000,155520000,3,12,20,0,
cc_C424482,31920,31920,0,180,6000,25920,155520000,0,-1,7,1,
cc_C427157,67920,37920,0,270,25920,6000,155520000,-1,-1,13,0,
cc_C429953,43920,6000,0,180,6000,25920,155520000,11,-1,0,1,
cc_C432668,0,6000,0,270,25920,6000,155520000,-1,20,1,0,
Wirelength: 482557
layer(tree) info:
layer: 0 ,width: 99840 ,height: 57840 ,area: 5774745600, filling_rate: 0.834863
layer: 1 ,width: 37030 ,height: 8625 ,area: 319383750, filling_rate: 1
random seed: 3
best wirelength: 482557
initial_num_perturbs: 1024
iter: 3200
best_iter: 3161
best_cost: 0.248762
reject_time: 921
accept_inferior_time: 923
update_best_time: 36
initial_wirelength: 1.11975e+06
initial_iter: 1024
initial_time: 0.025
total time cost: 0.189
