name,x,y,layer,rotated_angle,width,height,area,left,right,parent,is_from_left,
cc_C38060,37920,0,0,180,6000,25920,155520000,-1,-1,13,1,
cc_C40988,6000,18000,0,90,25920,6000,155520000,-1,18,2,0,
cc_C43598,6000,12000,0,90,25920,6000,155520000,-1,1,4,0,
cc_C46412,6000,42000,0,270,25920,6000,155520000,-1,5,20,0,
cc_C48982,6000,6000,0,90,25920,6000,155520000,8,2,6,0,
cc_C51792,6000,48000,0,90,25920,6000,155520000,-1,15,3,0,
cc_C54385,6000,0,0,270,25920,6000,155520000,-1,4,25,1,
cc_C57055,6000,60000,0,90,25920,6000,155520000,-1,12,15,0,
cc_C59668,31920,0,0,0,6000,25920,155520000,-1,-1,4,1,
cc_C62278,37920,25920,0,180,6000,25920,155520000,-1,-1,14,1,
cc_C65067,6000,72000,0,90,25920,6000,155520000,14,-1,12,0,
cc_C67839,0,51750,1,90,37030,8625,319383750,29,-1,23,0,
cc_C70494,6000,66000,0,90,25920,6000,155520000,-1,10,7,0,
cc_C73068,31920,25920,0,180,6000,25920,155520000,0,-1,15,1,
cc_C75794,31920,51840,0,0,6000,25920,155520000,9,-1,10,1,
cc_C78507,6000,54000,0,90,25920,6000,155520000,13,7,5,0,
cc_C390725,0,0,0,180,6000,25920,155520000,-1,25,-1,0,
cc_C393732,6000,30000,0,90,25920,6000,155520000,-1,20,18,0,
cc_C396426,6000,24000,0,90,25920,6000,155520000,-1,17,1,0,
cc_C399324,0,8625,1,270,37030,8625,319383750,27,30,31,0,
cc_C401934,6000,36000,0,90,25920,6000,155520000,-1,3,17,0,
cc_C404828,37030,17250,1,270,37030,8625,319383750,-1,22,29,0,
cc_C407517,37030,25875,1,180,8625,37030,319383750,28,-1,21,0,
cc_C410399,0,43125,1,90,37030,8625,319383750,-1,11,26,0,
cc_C413083,0,25875,1,90,37030,8625,319383750,-1,26,30,0,
cc_C415825,0,25920,0,180,6000,25920,155520000,6,-1,16,0,
cc_C418719,0,34500,1,270,37030,8625,319383750,-1,23,24,0,
cc_C421704,37030,0,1,270,37030,8625,319383750,-1,-1,19,1,
cc_C424482,45655,25875,1,180,8625,37030,319383750,-1,-1,22,1,
cc_C427157,37030,8625,1,270,37030,8625,319383750,-1,21,11,1,
cc_C429953,0,17250,1,270,37030,8625,319383750,-1,24,19,0,
cc_C432668,0,0,1,270,37030,8625,319383750,-1,19,-1,0,
Wirelength: 571141
layer(tree) info:
layer: 0 ,width: 43920 ,height: 78000 ,area: 3425760000, filling_rate: 0.907945
layer: 1 ,width: 74060 ,height: 62905 ,area: 4658744300, filling_rate: 0.822669
random seed: 9
best wirelength: 571141
initial_num_perturbs: 1024
iter: 3200
best_iter: 3008
best_cost: 0.339734
reject_time: 988
accept_inferior_time: 926
update_best_time: 20
initial_wirelength: 1.11975e+06
initial_iter: 1024
initial_time: 0.024
total time cost: 0.176
