name,x,y,layer,rotated_angle,width,height,area,left,right,parent,is_from_left,
cc_C38060,63840,6000,0,270,25920,6000,155520000,-1,19,15,0,
cc_C40988,0,30000,0,270,25920,6000,155520000,-1,6,29,0,
cc_C43598,0,0,1,270,37030,8625,319383750,-1,-1,-1,0,
cc_C46412,25920,31920,0,180,6000,25920,155520000,-1,-1,20,1,
cc_C48982,37920,6000,0,90,25920,6000,155520000,15,13,14,1,
cc_C51792,0,0,0,270,25920,6000,155520000,-1,22,-1,0,
cc_C54385,0,36000,0,90,25920,6000,155520000,-1,20,1,0,
cc_C57055,55920,12000,0,180,6000,25920,155520000,17,30,25,1,
cc_C59668,49920,43920,0,90,25920,6000,155520000,-1,-1,25,0,
cc_C62278,25920,6000,0,180,6000,25920,155520000,-1,-1,12,1,
cc_C65067,25920,0,0,270,25920,6000,155520000,-1,-1,26,1,
cc_C67839,61920,30000,0,90,25920,6000,155520000,-1,-1,17,0,
cc_C70494,0,18000,0,90,25920,6000,155520000,9,29,26,0,
cc_C73068,37920,12000,0,0,6000,25920,155520000,-1,27,4,0,
cc_C75794,31920,6000,0,180,6000,25920,155520000,4,-1,21,1,
cc_C78507,63840,0,0,270,25920,6000,155520000,-1,0,4,1,
cc_C390725,43920,12000,0,0,6000,25920,155520000,25,28,27,1,
cc_C393732,61920,24000,0,90,25920,6000,155520000,-1,11,7,1,
cc_C396426,0,54000,0,0,6000,25920,155520000,21,-1,23,0,
cc_C399324,63840,12000,0,90,25920,6000,155520000,-1,31,0,0,
cc_C401934,0,42000,0,270,25920,6000,155520000,3,23,6,0,
cc_C404828,6000,57840,0,270,25920,6000,155520000,14,-1,18,1,
cc_C407517,0,6000,0,270,25920,6000,155520000,-1,26,5,0,
cc_C410399,0,48000,0,90,25920,6000,155520000,-1,18,20,0,
cc_C413083,69840,49920,0,180,6000,25920,155520000,-1,-1,28,1,
cc_C415825,49920,12000,0,0,6000,25920,155520000,7,8,16,1,
cc_C418719,0,12000,0,90,25920,6000,155520000,10,12,22,0,
cc_C421704,37920,37920,0,0,6000,25920,155520000,16,-1,13,0,
cc_C424482,43920,49920,0,90,25920,6000,155520000,24,-1,16,0,
cc_C427157,0,24000,0,270,25920,6000,155520000,-1,1,12,0,
cc_C429953,55920,37920,0,90,25920,6000,155520000,-1,-1,7,0,
cc_C432668,63840,18000,0,90,25920,6000,155520000,-1,-1,19,0,
Wirelength: 495209
layer(tree) info:
layer: 0 ,width: 89760 ,height: 79920 ,area: 7173619200, filling_rate: 0.672062
layer: 1 ,width: 37030 ,height: 8625 ,area: 319383750, filling_rate: 1
random seed: 7
best wirelength: 495209
initial_num_perturbs: 1024
iter: 3200
best_iter: 3121
best_cost: 0.315097
reject_time: 907
accept_inferior_time: 797
update_best_time: 28
initial_wirelength: 1.11975e+06
initial_iter: 1024
initial_time: 0.024
total time cost: 0.18
