name,x,y,layer,rotated_angle,width,height,area,left,right,parent,is_from_left,
cc_C2791,0,0,0,0,11319,8580,97117020,-1,3,-1,0,
cc_C2792,0,0,1,0,11319,8580,97117020,5,2,-1,0,
cc_C2793,0,8679,1,180,11616,8448,98131968,-1,-1,1,0,
cc_C2794,0,8580,0,90,8448,11616,98131968,4,-1,0,0,
cc_C2795,8448,8580,0,270,8679,11352,98524008,-1,-1,3,1,
cc_C2796,11319,0,1,0,11352,8679,98524008,-1,-1,1,1,
Wirelength: 68908
layer(tree) info:
layer: 0 ,width: 17127 ,height: 20196 ,area: 345896892, filling_rate: 0.849308
layer: 1 ,width: 22671 ,height: 17127 ,area: 388286217, filling_rate: 0.756589
random seed: 6
best wirelength: 68908
initial_num_perturbs: 36
iter: 600
best_iter: 515
best_cost: 0.440504
reject_time: 253
accept_inferior_time: 160
update_best_time: 6
initial_wirelength: 163778
initial_iter: 36
initial_time: 0.001
total time cost: 0.024
