name,x,y,layer,rotated_angle,width,height,area,left,right,parent,is_from_left,
cc_C8466,21879,34980,0,0,6369,5709,36360621,-1,-1,4,1,
cc_C8467,21879,28611,0,90,5709,6369,36360621,-1,-1,31,1,
cc_C16429,13266,26796,0,270,7524,5676,42706224,-1,30,24,0,
cc_C16430,20790,21087,0,0,5676,7524,42706224,-1,-1,30,1,
cc_C32011,13266,52140,0,0,8613,4290,36949770,0,-1,5,0,
cc_C32012,13266,47850,0,180,8613,4290,36949770,-1,4,28,0,
cc_C39784,15888,7728,1,180,7776,11232,87340032,18,-1,33,1,
cc_C39785,23664,11232,1,90,11232,7776,87340032,-1,25,18,0,
cc_C55552,13266,15675,0,270,7854,5412,42505848,-1,24,14,0,
cc_C55553,8160,0,1,270,11232,7728,86800896,-1,33,19,1,
cc_C63404,8160,18960,1,270,11232,7728,86800896,-1,-1,33,0,
cc_C63405,5412,14058,0,270,7854,5412,42505848,-1,32,21,0,
cc_C71293,5412,52866,0,270,7854,5412,42505848,-1,13,27,0,
cc_C71294,5412,58278,0,270,7854,5412,42505848,20,-1,12,0,
cc_C86866,13266,9966,0,180,6369,5709,36360621,-1,8,16,0,
cc_C86867,5412,24915,0,0,5676,7524,42706224,-1,29,32,0,
cc_C86868,13266,5676,0,0,8613,4290,36949770,-1,14,20,0,
cc_C86869,20790,0,0,90,7854,5445,42765030,-1,-1,20,1,
cc_C86870,23664,0,1,180,7728,11232,86800896,-1,7,6,1,
cc_C94576,0,0,1,270,8160,9072,74027520,9,-1,-1,0,
cc_C94577,13266,0,0,270,7524,5676,42706224,17,16,13,1,
cc_C94578,5412,5445,0,90,4290,8613,36949770,-1,11,23,1,
cc_C94579,0,0,0,270,7854,5445,42765030,-1,23,-1,0,
cc_C94580,0,5445,0,0,5412,7854,42505848,21,-1,22,0,
cc_C102137,13266,21087,0,0,6369,5709,36360621,-1,2,8,0,
cc_C102138,23664,19008,1,90,10752,8112,87220224,-1,-1,7,0,
cc_C102139,5412,38808,0,270,4290,8613,36949770,-1,27,29,0,
cc_C102140,5412,47421,0,270,7854,5445,42765030,-1,12,26,0,
cc_C102141,13266,42438,0,90,7854,5412,42505848,-1,5,31,0,
cc_C109812,5412,32439,0,90,5709,6369,36360621,-1,26,15,0,
cc_C109813,13266,32472,0,270,7524,5676,42706224,3,31,2,0,
cc_C109814,13266,38148,0,0,8613,4290,36949770,1,28,30,0,
cc_C109815,5412,19470,0,90,7854,5445,42765030,-1,15,11,0,
cc_C109816,8160,7728,1,180,7728,11232,86800896,6,10,9,0,
Wirelength: 548203
layer(tree) info:
layer: 0 ,width: 28644 ,height: 63690 ,area: 1824336360, filling_rate: 0.571785
layer: 1 ,width: 34896 ,height: 27120 ,area: 946379520, filling_rate: 0.721837
random seed: 2
best wirelength: 548203
initial_num_perturbs: 1156
iter: 3400
best_iter: 3235
best_cost: 0.261357
reject_time: 1073
accept_inferior_time: 1181
update_best_time: 51
initial_wirelength: 1.2441e+06
initial_iter: 1156
initial_time: 0.016
total time cost: 0.14
