name,x,y,layer,rotated_angle,width,height,area,left,right,parent,is_from_left,
cc_C8466,0,14223,0,270,5709,6369,36360621,-1,-1,1,0,
cc_C8467,0,7854,0,270,5709,6369,36360621,13,0,32,0,
cc_C16429,21120,13200,0,270,7524,5676,42706224,-1,21,20,0,
cc_C16430,13563,11781,0,270,7524,5676,42706224,-1,-1,12,1,
cc_C32011,21120,27456,0,0,8613,4290,36949770,-1,8,16,0,
cc_C32012,32241,30888,0,90,4290,8613,36949770,-1,25,28,0,
cc_C39784,34089,0,0,270,7854,5445,42765030,-1,27,7,1,
cc_C39785,28644,0,0,180,5445,7854,42765030,6,-1,20,1,
cc_C55552,21120,31746,0,270,7854,5412,42505848,-1,24,4,0,
cc_C55553,21120,42867,0,180,5412,7854,42505848,14,10,24,0,
cc_C63404,21120,50721,0,90,7854,5412,42505848,15,11,9,0,
cc_C63405,21120,56133,0,270,7854,5412,42505848,-1,-1,10,0,
cc_C71293,5709,13266,0,270,7854,5412,42505848,3,19,13,0,
cc_C71294,5709,5412,0,0,5412,7854,42505848,29,12,1,1,
cc_C86866,26532,42867,0,90,5709,6369,36360621,22,-1,9,1,
cc_C86867,28974,49236,0,270,7524,5676,42706224,-1,-1,10,1,
cc_C86868,21120,23166,0,180,8613,4290,36949770,26,4,21,0,
cc_C86869,5709,25047,0,270,7854,5445,42765030,23,-1,19,0,
cc_C86870,5445,0,0,90,7854,5412,42505848,-1,-1,32,1,
cc_C94576,5709,18678,0,90,5709,6369,36360621,-1,17,12,0,
cc_C94577,21120,7524,0,90,7524,5676,42706224,7,2,30,0,
cc_C94578,21120,18876,0,180,8613,4290,36949770,-1,16,2,0,
cc_C94579,32241,15180,0,180,5445,7854,42765030,-1,28,14,1,
cc_C94580,13563,17457,0,0,5412,7854,42505848,-1,-1,17,1,
cc_C102137,21120,37158,0,0,6369,5709,36360621,-1,9,8,0,
cc_C102138,32241,39501,0,0,5676,7524,42706224,-1,-1,5,0,
cc_C102139,29733,10890,0,0,8613,4290,36949770,-1,-1,16,1,
cc_C102140,34089,5445,0,270,7854,5445,42765030,-1,-1,6,0,
cc_C102141,32241,23034,0,0,5412,7854,42505848,-1,5,22,0,
cc_C109812,11121,5412,0,270,5709,6369,36360621,31,-1,13,1,
cc_C109813,21120,0,0,0,5676,7524,42706224,-1,20,31,1,
cc_C109814,16830,0,0,90,4290,8613,36949770,30,-1,29,1,
cc_C109815,0,0,0,180,5445,7854,42765030,18,1,-1,0,
cc_C109816,0,0,1,270,11232,7728,86800896,-1,-1,-1,0,
Wirelength: 639930
layer(tree) info:
layer: 0 ,width: 41943 ,height: 61545 ,area: 2581381935, filling_rate: 0.517259
layer: 1 ,width: 11232 ,height: 7728 ,area: 86800896, filling_rate: 1
random seed: 7
best wirelength: 639930
initial_num_perturbs: 1156
iter: 3400
best_iter: 3345
best_cost: 0.307226
reject_time: 1049
accept_inferior_time: 1155
update_best_time: 60
initial_wirelength: 1.2441e+06
initial_iter: 1156
initial_time: 0.017
total time cost: 0.137
