name,x,y,layer,rotated_angle,width,height,area,left,right,parent,is_from_left,
cc_C8466,30144,6144,1,0,9072,8160,74027520,15,1,21,0,
cc_C8467,30144,14304,1,0,9072,8160,74027520,-1,12,0,0,
cc_C16429,31977,0,0,270,7524,5676,42706224,-1,-1,3,1,
cc_C16430,26301,0,0,180,5676,7524,42706224,2,22,18,1,
cc_C32011,6144,10752,1,90,6144,12288,75497472,-1,-1,30,0,
cc_C32012,0,7854,0,180,8613,4290,36949770,-1,-1,14,0,
cc_C39784,30144,64128,1,270,11232,7776,87340032,10,-1,25,0,
cc_C39785,41376,14256,1,0,7776,11232,87340032,-1,-1,12,1,
cc_C55552,41376,25488,1,180,7728,11232,86800896,26,28,11,1,
cc_C55553,30144,37920,1,90,11232,7728,86800896,-1,11,13,0,
cc_C63404,41376,57024,1,0,7728,11232,86800896,-1,-1,6,1,
cc_C63405,30144,45648,1,90,11232,7728,86800896,8,25,9,0,
cc_C71293,30144,22464,1,90,11232,7728,86800896,7,13,1,0,
cc_C71294,30144,30192,1,270,11232,7728,86800896,-1,9,12,0,
cc_C86866,0,0,0,270,5709,6369,36360621,32,5,-1,0,
cc_C86867,39216,6144,1,90,10752,8112,87220224,-1,-1,0,1,
cc_C86868,0,0,1,270,6144,12288,75497472,30,-1,-1,0,
cc_C86869,15444,0,0,180,5445,7854,42765030,18,33,31,1,
cc_C86870,20889,0,0,0,5412,7854,42505848,3,20,17,1,
cc_C94576,14256,9072,1,90,8160,9072,74027520,-1,-1,29,0,
cc_C94577,20889,12969,0,180,5676,7524,42706224,-1,-1,18,0,
cc_C94578,30144,0,1,180,12288,6144,75497472,-1,0,23,1,
cc_C94579,26301,7524,0,90,7854,5445,42765030,-1,-1,3,0,
cc_C94580,22416,0,1,0,7728,11232,86800896,21,-1,29,1,
cc_C102137,41376,47952,1,270,8160,9072,74027520,-1,-1,28,0,
cc_C102138,30144,53376,1,180,8112,10752,87220224,-1,6,11,0,
cc_C102139,49104,25488,1,270,6144,12288,75497472,-1,-1,8,1,
cc_C102140,49104,37776,1,270,11232,7776,87340032,-1,-1,28,1,
cc_C102141,41376,36720,1,0,7728,11232,86800896,27,24,8,0,
cc_C109812,14256,0,1,270,8160,9072,74027520,23,19,30,1,
cc_C109813,6144,0,1,180,8112,10752,87220224,29,4,16,1,
cc_C109814,11154,0,0,270,4290,8613,36949770,17,-1,32,1,
cc_C109815,5709,0,0,0,5445,7854,42765030,31,-1,14,1,
cc_C109816,15444,7854,0,0,5412,7854,42505848,-1,-1,17,0,
Wirelength: 636870
layer(tree) info:
layer: 0 ,width: 39501 ,height: 20493 ,area: 809493993, filling_rate: 0.557985
layer: 1 ,width: 60336 ,height: 71904 ,area: 4338399744, filling_rate: 0.435694
random seed: 3
best wirelength: 636870
initial_num_perturbs: 1156
iter: 3400
best_iter: 3390
best_cost: 0.286486
reject_time: 995
accept_inferior_time: 1168
update_best_time: 35
initial_wirelength: 1.2441e+06
initial_iter: 1156
initial_time: 0.023
total time cost: 0.234
