name,x,y,layer,rotated_angle,width,height,area,left,right,parent,is_from_left,
cc_C38060,0,54000,0,270,25920,6000,155520000,-1,12,9,0,
cc_C40988,0,72000,0,270,25920,6000,155520000,-1,11,8,0,
cc_C43598,0,42000,0,270,25920,6000,155520000,-1,9,29,0,
cc_C46412,25920,54000,0,270,25920,6000,155520000,-1,4,16,1,
cc_C48982,25920,60000,0,270,25920,6000,155520000,-1,-1,3,0,
cc_C51792,25920,84000,0,90,25920,6000,155520000,-1,-1,8,1,
cc_C54385,25920,72000,0,270,25920,6000,155520000,-1,-1,17,1,
cc_C57055,25920,78000,0,90,25920,6000,155520000,-1,-1,29,1,
cc_C59668,0,66000,0,270,25920,6000,155520000,5,1,12,0,
cc_C62278,0,48000,0,270,25920,6000,155520000,-1,0,2,0,
cc_C65067,25920,66000,0,90,25920,6000,155520000,-1,-1,20,1,
cc_C67839,0,78000,0,90,25920,6000,155520000,-1,13,1,0,
cc_C70494,0,60000,0,270,25920,6000,155520000,-1,8,0,0,
cc_C73068,0,84000,0,90,25920,6000,155520000,-1,-1,11,0,
cc_C75794,25920,48000,0,270,25920,6000,155520000,-1,-1,15,0,
cc_C78507,25920,42000,0,270,25920,6000,155520000,-1,14,19,0,
cc_C390725,0,18000,0,90,25920,6000,155520000,3,20,22,0,
cc_C393732,0,30000,0,90,25920,6000,155520000,6,29,20,0,
cc_C396426,0,0,0,270,25920,6000,155520000,-1,21,-1,0,
cc_C399324,25920,36000,0,90,25920,6000,155520000,-1,15,30,0,
cc_C401934,0,24000,0,270,25920,6000,155520000,10,17,16,0,
cc_C404828,0,6000,0,270,25920,6000,155520000,24,22,18,0,
cc_C407517,0,12000,0,90,25920,6000,155520000,-1,16,21,0,
cc_C410399,25920,6000,0,270,25920,6000,155520000,-1,26,24,0,
cc_C413083,25920,0,0,270,25920,6000,155520000,-1,23,21,1,
cc_C415825,0,0,1,270,37030,8625,319383750,-1,31,-1,0,
cc_C418719,25920,12000,0,270,25920,6000,155520000,-1,28,23,0,
cc_C421704,25920,24000,0,90,25920,6000,155520000,-1,30,28,0,
cc_C424482,25920,18000,0,90,25920,6000,155520000,-1,27,26,0,
cc_C427157,0,36000,0,90,25920,6000,155520000,7,2,17,0,
cc_C429953,25920,30000,0,90,25920,6000,155520000,-1,19,27,0,
cc_C432668,0,8625,1,90,37030,8625,319383750,-1,-1,25,0,
Wirelength: 334158
layer(tree) info:
layer: 0 ,width: 51840 ,height: 90000 ,area: 4665600000, filling_rate: 1
layer: 1 ,width: 37030 ,height: 17250 ,area: 638767500, filling_rate: 1
random seed: 6
alpha: 0
best wirelength: 334158
initial_num_perturbs: 1024
iter: 3072000
best_iter: 2591112
best_cost: 0.206293
reject_time: 917387
accept_inferior_time: 823694
update_best_time: 69
initial_average_wirelength: 1.61982e+06
initial_iter: 1024
initial_time: 0.023
total time cost: 93.954
