name,x,y,layer,rotated_angle,width,height,area,left,right,parent,is_from_left,
cc_C8466,5676,7854,0,90,5709,6369,36360621,-1,1,18,0,
cc_C8467,5676,14223,0,90,5709,6369,36360621,-1,6,0,0,
cc_C16429,0,0,1,0,8112,10752,87220224,-1,-1,-1,0,
cc_C16430,0,0,0,0,5676,7524,42706224,18,-1,-1,0,
cc_C32011,5676,43593,0,0,8613,4290,36949770,-1,5,7,0,
cc_C32012,5676,47883,0,0,8613,4290,36949770,17,-1,4,0,
cc_C39784,5676,20592,0,0,5445,7854,42765030,-1,28,1,0,
cc_C39785,5676,38148,0,90,7854,5445,42765030,-1,4,26,0,
cc_C55552,14289,62106,0,180,5412,7854,42505848,-1,9,12,0,
cc_C55553,14289,69960,0,90,7854,5412,42505848,22,-1,8,0,
cc_C63404,14289,40458,0,90,7854,5412,42505848,-1,11,27,0,
cc_C63405,14289,45870,0,90,7854,5412,42505848,-1,13,10,0,
cc_C71293,14289,56694,0,90,7854,5412,42505848,-1,8,13,0,
cc_C71294,14289,51282,0,90,7854,5412,42505848,-1,12,11,0,
cc_C86866,14289,9735,0,90,5709,6369,36360621,-1,15,16,0,
cc_C86867,14289,16104,0,90,7524,5676,42706224,-1,24,14,0,
cc_C86868,14289,5445,0,0,8613,4290,36949770,-1,14,17,0,
cc_C86869,14289,0,0,270,7854,5445,42765030,-1,16,5,1,
cc_C86870,5676,0,0,0,5412,7854,42505848,-1,0,3,1,
cc_C94576,31878,14289,0,270,5709,6369,36360621,-1,23,30,0,
cc_C94577,22143,9735,0,270,7524,5676,42706224,31,-1,27,1,
cc_C94578,27588,15411,0,90,4290,8613,36949770,30,-1,22,1,
cc_C94579,22143,15411,0,0,5445,7854,42765030,21,-1,9,1,
cc_C94580,31878,20658,0,270,7854,5412,42505848,-1,-1,19,0,
cc_C102137,14289,21780,0,180,6369,5709,36360621,-1,25,15,0,
cc_C102138,14289,27489,0,0,5676,7524,42706224,-1,27,24,0,
cc_C102139,5676,33858,0,0,8613,4290,36949770,-1,7,28,0,
cc_C102140,14289,35013,0,90,7854,5445,42765030,20,10,25,0,
cc_C102141,5676,28446,0,90,7854,5412,42505848,-1,26,6,0,
cc_C109812,33957,0,0,270,5709,6369,36360621,32,-1,31,1,
cc_C109813,31878,8613,0,270,7524,5676,42706224,33,19,21,1,
cc_C109814,29667,0,0,270,4290,8613,36949770,29,-1,20,1,
cc_C109815,39666,0,0,0,5445,7854,42765030,-1,-1,29,1,
cc_C109816,39402,7854,0,270,7854,5412,42505848,-1,-1,30,1,
Wirelength: 368446
layer(tree) info:
layer: 0 ,width: 47256 ,height: 75372 ,area: 3561779232, filling_rate: 0.374825
layer: 1 ,width: 8112 ,height: 10752 ,area: 87220224, filling_rate: 1
random seed: 4
alpha: 0
best wirelength: 368446
initial_num_perturbs: 1156
iter: 3468000
best_iter: 3050458
best_cost: 0.147148
reject_time: 1081144
accept_inferior_time: 1180251
update_best_time: 92
initial_average_wirelength: 2.50391e+06
initial_iter: 1156
initial_time: 0.016
total time cost: 46.339
