name,x,y,layer,rotated_angle,width,height,area,left,right,parent,is_from_left,
cc_C2791,8679,8580,0,180,11319,8580,97117020,-1,-1,1,0,
cc_C2792,8679,0,0,0,11319,8580,97117020,-1,0,5,1,
cc_C2793,11616,0,1,90,8448,11616,98131968,-1,4,3,1,
cc_C2794,0,0,1,0,11616,8448,98131968,2,-1,-1,0,
cc_C2795,11616,11616,1,180,11352,8679,98524008,-1,-1,2,0,
cc_C2796,0,0,0,90,8679,11352,98524008,1,-1,-1,0,
Wirelength: 52166
layer(tree) info:
layer: 0 ,width: 19998 ,height: 17160 ,area: 343165680, filling_rate: 0.85311
layer: 1 ,width: 22968 ,height: 20295 ,area: 466135560, filling_rate: 0.632408
random seed: 4
alpha: 0
best wirelength: 52166
initial_num_perturbs: 36
iter: 108000
best_iter: 73473
best_cost: 0.294648
reject_time: 45727
accept_inferior_time: 30050
update_best_time: 17
initial_average_wirelength: 177045
initial_iter: 36
initial_time: 0.001
total time cost: 0.311
