name,x,y,layer,rotated_angle,width,height,area,left,right,parent,is_from_left,
cc_C8466,0,0,0,180,6369,5709,36360621,1,-1,-1,0,
cc_C8467,6369,0,0,180,6369,5709,36360621,3,-1,0,1,
cc_C16429,20262,0,0,270,7524,5676,42706224,31,-1,3,1,
cc_C16430,12738,0,0,90,7524,5676,42706224,2,-1,1,1,
cc_C32011,61875,30129,0,270,4290,8613,36949770,5,-1,6,1,
cc_C32012,66165,30129,0,90,4290,8613,36949770,16,-1,4,1,
cc_C39784,56430,38742,0,0,5445,7854,42765030,4,-1,28,1,
cc_C39785,43164,54978,0,90,7854,5445,42765030,28,-1,25,0,
cc_C55552,43164,38181,0,270,7854,5412,42505848,-1,24,9,0,
cc_C55553,43164,32769,0,270,7854,5412,42505848,-1,8,13,0,
cc_C63404,43164,16533,0,270,7854,5412,42505848,21,12,11,0,
cc_C63405,43164,11121,0,270,7854,5412,42505848,-1,10,15,0,
cc_C71293,43164,21945,0,270,7854,5412,42505848,-1,13,10,0,
cc_C71294,43164,27357,0,270,7854,5412,42505848,-1,9,12,0,
cc_C86866,70455,38742,0,90,5709,6369,36360621,-1,-1,16,0,
cc_C86867,43164,5445,0,90,7524,5676,42706224,-1,11,32,0,
cc_C86868,70455,30129,0,90,4290,8613,36949770,-1,14,5,1,
cc_C86869,63162,24684,0,270,7854,5445,42765030,-1,-1,27,1,
cc_C86870,60720,16830,0,0,5412,7854,42505848,-1,-1,20,0,
cc_C94576,55308,0,0,0,6369,5709,36360621,-1,23,21,1,
cc_C94577,60720,11154,0,90,7524,5676,42706224,-1,18,22,0,
cc_C94578,51018,0,0,270,4290,8613,36949770,19,-1,10,1,
cc_C94579,60720,5709,0,90,7854,5445,42765030,-1,20,23,1,
cc_C94580,55308,5709,0,180,5412,7854,42505848,22,27,19,0,
cc_C102137,43164,43593,0,0,6369,5709,36360621,-1,25,8,0,
cc_C102138,43164,49302,0,270,7524,5676,42706224,-1,7,24,0,
cc_C102139,55308,30129,0,90,4290,8613,36949770,-1,-1,27,0,
cc_C102140,55308,24684,0,270,7854,5445,42765030,17,26,23,0,
cc_C102141,51018,38742,0,0,5412,7854,42505848,6,-1,7,1,
cc_C109812,27786,8613,0,180,6369,5709,36360621,-1,-1,31,0,
cc_C109813,32076,0,0,180,5676,7524,42706224,33,-1,31,1,
cc_C109814,27786,0,0,270,4290,8613,36949770,30,29,2,1,
cc_C109815,43164,0,0,270,7854,5445,42765030,-1,15,33,1,
cc_C109816,37752,0,0,180,5412,7854,42505848,32,-1,30,1,
Wirelength: 354563
layer(tree) info:
layer: 0 ,width: 76164 ,height: 60423 ,area: 4602057372, filling_rate: 0.299377
layer: 1 ,width: 0 ,height: 0 ,area: 0, filling_rate: 1
random seed: 1
alpha: 0
best wirelength: 354563
initial_num_perturbs: 1156
iter: 3468000
best_iter: 3174164
best_cost: 0.135128
reject_time: 1070541
accept_inferior_time: 1185934
update_best_time: 98
initial_average_wirelength: 2.62391e+06
initial_iter: 1156
initial_time: 0.017
total time cost: 45.317
