name,x,y,layer,rotated_angle,width,height,area,left,right,parent,is_from_left,
cc_C38060,25920,61920,0,90,25920,6000,155520000,-1,15,9,0,
cc_C40988,0,84000,0,90,25920,6000,155520000,7,6,4,0,
cc_C43598,25920,49920,0,270,25920,6000,155520000,-1,9,31,0,
cc_C46412,0,72000,0,90,25920,6000,155520000,-1,4,5,0,
cc_C48982,0,78000,0,270,25920,6000,155520000,-1,1,3,0,
cc_C51792,0,66000,0,90,25920,6000,155520000,-1,3,13,0,
cc_C54385,0,90000,0,90,25920,6000,155520000,-1,-1,1,0,
cc_C57055,25920,91920,0,90,25920,6000,155520000,-1,-1,1,1,
cc_C59668,25920,85920,0,90,25920,6000,155520000,-1,-1,14,1,
cc_C62278,25920,55920,0,270,25920,6000,155520000,-1,0,2,0,
cc_C65067,0,54000,0,270,25920,6000,155520000,-1,13,14,0,
cc_C67839,25920,79920,0,270,25920,6000,155520000,-1,-1,12,0,
cc_C70494,25920,73920,0,90,25920,6000,155520000,-1,11,15,0,
cc_C73068,0,60000,0,90,25920,6000,155520000,-1,5,10,0,
cc_C75794,0,48000,0,270,25920,6000,155520000,8,10,17,0,
cc_C78507,25920,67920,0,90,25920,6000,155520000,-1,12,0,0,
cc_C390725,0,36000,0,90,25920,6000,155520000,-1,17,24,0,
cc_C393732,0,42000,0,90,25920,6000,155520000,31,14,16,0,
cc_C396426,0,24000,0,90,25920,6000,155520000,-1,24,25,0,
cc_C399324,0,6000,0,90,25920,6000,155520000,21,23,26,0,
cc_C401934,25920,0,0,270,25920,6000,155520000,-1,-1,26,1,
cc_C404828,25920,6000,0,270,25920,6000,155520000,-1,-1,19,1,
cc_C407517,31920,24000,0,0,6000,25920,155520000,-1,-1,31,1,
cc_C410399,0,12000,0,90,25920,6000,155520000,29,25,19,0,
cc_C413083,0,30000,0,90,25920,6000,155520000,-1,16,18,0,
cc_C415825,0,18000,0,90,25920,6000,155520000,-1,18,23,0,
cc_C418719,0,0,0,270,25920,6000,155520000,20,19,-1,0,
cc_C421704,0,8625,1,90,37030,8625,319383750,-1,-1,30,0,
cc_C424482,25920,18000,0,270,25920,6000,155520000,-1,-1,29,0,
cc_C427157,25920,12000,0,270,25920,6000,155520000,-1,28,23,1,
cc_C429953,0,0,1,270,37030,8625,319383750,-1,27,-1,0,
cc_C432668,25920,24000,0,0,6000,25920,155520000,22,2,17,1,
Wirelength: 357696
layer(tree) info:
layer: 0 ,width: 51840 ,height: 97920 ,area: 5076172800, filling_rate: 0.919118
layer: 1 ,width: 37030 ,height: 17250 ,area: 638767500, filling_rate: 1
random seed: 3
alpha: 0
best wirelength: 357696
initial_num_perturbs: 1024
iter: 3072000
best_iter: 2647263
best_cost: 0.193039
reject_time: 888858
accept_inferior_time: 834614
update_best_time: 56
initial_average_wirelength: 1.85297e+06
initial_iter: 1024
initial_time: 0.023
total time cost: 93.387
