name,x,y,layer,rotated_angle,width,height,area,left,right,parent,is_from_left,
cc_C8466,7854,29931,0,90,5709,6369,36360621,-1,12,1,0,
cc_C8467,7854,23562,0,90,5709,6369,36360621,-1,0,14,0,
cc_C16429,0,21714,0,0,5676,7524,42706224,-1,3,17,0,
cc_C16430,0,29238,0,180,5676,7524,42706224,-1,8,2,0,
cc_C32011,19635,0,0,270,4290,8613,36949770,-1,5,10,1,
cc_C32012,19635,8613,0,0,8613,4290,36949770,-1,-1,4,0,
cc_C39784,0,47586,0,270,7854,5445,42765030,-1,15,13,0,
cc_C39785,0,72006,0,90,7854,5445,42765030,11,-1,32,0,
cc_C55552,0,36762,0,270,7854,5412,42505848,-1,13,3,0,
cc_C55553,7854,41712,0,90,7854,5412,42505848,-1,24,12,0,
cc_C63404,14223,0,0,0,5412,7854,42505848,4,-1,19,1,
cc_C63405,7854,0,0,0,5412,7854,42505848,-1,19,7,1,
cc_C71293,7854,36300,0,270,7854,5412,42505848,-1,9,0,0,
cc_C71294,0,42174,0,270,7854,5412,42505848,-1,6,8,0,
cc_C86866,7854,17853,0,0,6369,5709,36360621,-1,1,16,0,
cc_C86867,0,53031,0,270,7524,5676,42706224,-1,33,6,0,
cc_C86868,7854,13563,0,180,8613,4290,36949770,-1,14,19,0,
cc_C86869,0,16269,0,270,7854,5445,42765030,-1,2,18,0,
cc_C86870,0,10857,0,270,7854,5412,42505848,-1,17,23,0,
cc_C94576,7854,7854,0,180,6369,5709,36360621,10,16,11,0,
cc_C94577,0,0,1,270,10752,8112,87220224,-1,21,-1,0,
cc_C94578,0,8112,1,0,12288,6144,75497472,-1,-1,20,0,
cc_C94579,0,0,0,270,7854,5445,42765030,-1,23,-1,0,
cc_C94580,0,5445,0,270,7854,5412,42505848,-1,18,22,0,
cc_C102137,7854,47124,0,0,6369,5709,36360621,25,28,9,0,
cc_C102138,14223,47124,0,90,7524,5676,42706224,-1,-1,24,1,
cc_C102139,7854,58245,0,0,8613,4290,36949770,27,31,28,0,
cc_C102140,16467,52800,0,0,5445,7854,42765030,-1,-1,26,1,
cc_C102141,7854,52833,0,90,7854,5412,42505848,-1,26,24,0,
cc_C109812,16467,60654,0,0,6369,5709,36360621,-1,-1,31,1,
cc_C109813,7854,66825,0,0,5676,7524,42706224,-1,-1,31,0,
cc_C109814,7854,62535,0,180,8613,4290,36949770,29,30,26,0,
cc_C109815,0,66561,0,90,7854,5445,42765030,-1,7,33,0,
cc_C109816,0,58707,0,180,5412,7854,42505848,-1,32,15,0,
Wirelength: 353406
layer(tree) info:
layer: 0 ,width: 28248 ,height: 77451 ,area: 2187835848, filling_rate: 0.593323
layer: 1 ,width: 12288 ,height: 14256 ,area: 175177728, filling_rate: 0.928872
random seed: 3
alpha: 0
best wirelength: 353406
initial_num_perturbs: 1156
iter: 3468000
best_iter: 2888197
best_cost: 0.130006
reject_time: 1064123
accept_inferior_time: 1189375
update_best_time: 71
initial_average_wirelength: 2.71838e+06
initial_iter: 1156
initial_time: 0.014
total time cost: 46.734
