name,x,y,layer,rotated_angle,width,height,area,left,right,parent,is_from_left,
cc_C38060,0,6000,0,270,25920,6000,155520000,-1,2,6,0,
cc_C40988,25920,12000,0,270,25920,6000,155520000,-1,13,11,0,
cc_C43598,0,12000,0,90,25920,6000,155520000,10,15,0,0,
cc_C46412,0,8625,1,90,37030,8625,319383750,-1,-1,7,0,
cc_C48982,0,30000,0,90,25920,6000,155520000,20,5,8,0,
cc_C51792,0,36000,0,90,25920,6000,155520000,-1,22,4,0,
cc_C54385,0,0,0,270,25920,6000,155520000,14,0,-1,0,
cc_C57055,0,0,1,270,37030,8625,319383750,-1,3,-1,0,
cc_C59668,0,24000,0,90,25920,6000,155520000,21,4,15,0,
cc_C62278,25920,36000,0,90,25920,6000,155520000,-1,-1,15,1,
cc_C65067,25920,30000,0,90,25920,6000,155520000,-1,-1,2,1,
cc_C67839,25920,6000,0,270,25920,6000,155520000,-1,1,14,0,
cc_C70494,25920,24000,0,90,25920,6000,155520000,-1,-1,13,0,
cc_C73068,25920,18000,0,90,25920,6000,155520000,-1,12,1,0,
cc_C75794,25920,0,0,270,25920,6000,155520000,-1,11,6,1,
cc_C78507,0,18000,0,90,25920,6000,155520000,9,8,2,0,
cc_C390725,0,60000,0,270,25920,6000,155520000,-1,18,23,0,
cc_C393732,0,78000,0,90,25920,6000,155520000,-1,26,25,0,
cc_C396426,0,66000,0,270,25920,6000,155520000,-1,25,16,0,
cc_C399324,25920,48000,0,270,25920,6000,155520000,-1,24,21,0,
cc_C401934,25920,60000,0,90,25920,6000,155520000,-1,-1,4,1,
cc_C404828,25920,42000,0,270,25920,6000,155520000,-1,19,8,1,
cc_C407517,0,42000,0,270,25920,6000,155520000,28,27,5,0,
cc_C410399,0,54000,0,90,25920,6000,155520000,29,16,27,0,
cc_C413083,25920,54000,0,90,25920,6000,155520000,-1,-1,19,0,
cc_C415825,0,72000,0,90,25920,6000,155520000,30,17,18,0,
cc_C418719,0,84000,0,90,25920,6000,155520000,-1,-1,17,0,
cc_C421704,0,48000,0,270,25920,6000,155520000,31,23,22,0,
cc_C424482,25920,66000,0,90,25920,6000,155520000,-1,-1,22,1,
cc_C427157,25920,78000,0,90,25920,6000,155520000,-1,-1,23,1,
cc_C429953,25920,84000,0,90,25920,6000,155520000,-1,-1,25,1,
cc_C432668,25920,72000,0,270,25920,6000,155520000,-1,-1,27,1,
Wirelength: 334158
layer(tree) info:
layer: 0 ,width: 51840 ,height: 90000 ,area: 4665600000, filling_rate: 1
layer: 1 ,width: 37030 ,height: 17250 ,area: 638767500, filling_rate: 1
random seed: 2
alpha: 0
best wirelength: 334158
initial_num_perturbs: 1024
iter: 3072000
best_iter: 2599296
best_cost: 0.174452
reject_time: 879931
accept_inferior_time: 836916
update_best_time: 68
initial_average_wirelength: 1.91547e+06
initial_iter: 1024
initial_time: 0.023
total time cost: 95.201
