name,x,y,layer,rotated_angle,width,height,area,left,right,parent,is_from_left,
cc_C38060,0,12000,0,90,25920,6000,155520000,15,3,6,0,
cc_C40988,31920,12000,0,270,25920,6000,155520000,-1,5,9,1,
cc_C43598,0,0,0,270,25920,6000,155520000,-1,6,-1,0,
cc_C46412,0,18000,0,90,25920,6000,155520000,-1,14,0,0,
cc_C48982,0,36000,0,90,25920,6000,155520000,17,29,10,0,
cc_C51792,31920,18000,0,90,25920,6000,155520000,-1,8,1,0,
cc_C54385,0,6000,0,270,25920,6000,155520000,-1,0,2,0,
cc_C57055,25920,6000,0,90,25920,6000,155520000,-1,-1,15,0,
cc_C59668,31920,24000,0,270,25920,6000,155520000,-1,12,5,0,
cc_C62278,25920,12000,0,180,6000,25920,155520000,1,-1,10,1,
cc_C65067,0,30000,0,90,25920,6000,155520000,9,4,14,0,
cc_C67839,0,0,1,270,37030,8625,319383750,-1,-1,-1,0,
cc_C70494,31920,30000,0,90,25920,6000,155520000,-1,13,8,0,
cc_C73068,31920,36000,0,90,25920,6000,155520000,-1,24,12,0,
cc_C75794,0,24000,0,270,25920,6000,155520000,-1,10,3,0,
cc_C78507,25920,0,0,270,25920,6000,155520000,-1,7,0,1,
cc_C390725,0,78000,0,90,25920,6000,155520000,21,-1,19,0,
cc_C393732,25920,37920,0,180,6000,25920,155520000,-1,-1,4,1,
cc_C396426,31920,78000,0,90,25920,6000,155520000,-1,-1,27,0,
cc_C399324,0,72000,0,90,25920,6000,155520000,-1,16,22,0,
cc_C401934,0,54000,0,270,25920,6000,155520000,-1,25,26,0,
cc_C404828,25920,63840,0,180,6000,25920,155520000,23,-1,16,1,
cc_C407517,0,66000,0,270,25920,6000,155520000,-1,19,25,0,
cc_C410399,31920,48000,0,90,25920,6000,155520000,-1,28,21,1,
cc_C413083,31920,42000,0,270,25920,6000,155520000,-1,-1,13,0,
cc_C415825,0,60000,0,90,25920,6000,155520000,-1,22,20,0,
cc_C418719,0,48000,0,270,25920,6000,155520000,-1,20,29,0,
cc_C421704,31920,72000,0,90,25920,6000,155520000,-1,18,31,0,
cc_C424482,31920,54000,0,90,25920,6000,155520000,-1,30,23,0,
cc_C427157,0,42000,0,270,25920,6000,155520000,-1,26,4,0,
cc_C429953,31920,60000,0,90,25920,6000,155520000,-1,31,28,0,
cc_C432668,31920,66000,0,270,25920,6000,155520000,-1,27,30,0,
Wirelength: 335582
layer(tree) info:
layer: 0 ,width: 57840 ,height: 89760 ,area: 5191718400, filling_rate: 0.928617
layer: 1 ,width: 37030 ,height: 8625 ,area: 319383750, filling_rate: 1
random seed: 1
alpha: 0
best wirelength: 335582
initial_num_perturbs: 1024
iter: 3072000
best_iter: 2601457
best_cost: 0.17978
reject_time: 901967
accept_inferior_time: 833594
update_best_time: 70
initial_average_wirelength: 1.86663e+06
initial_iter: 1024
initial_time: 0.025
total time cost: 94.108
