name,x,y,layer,rotated_angle,width,height,area,left,right,parent,is_from_left,
cc_C2791,11616,0,0,0,11319,8580,97117020,-1,1,2,1,
cc_C2792,11616,8580,0,180,11319,8580,97117020,5,-1,0,0,
cc_C2793,0,0,0,0,11616,8448,98131968,0,-1,-1,0,
cc_C2794,8679,0,1,0,11616,8448,98131968,-1,-1,4,1,
cc_C2795,0,0,1,270,8679,11352,98524008,3,-1,-1,0,
cc_C2796,22935,0,0,270,8679,11352,98524008,-1,-1,1,1,
Wirelength: 57883
layer(tree) info:
layer: 0 ,width: 31614 ,height: 17160 ,area: 542496240, filling_rate: 0.72054
layer: 1 ,width: 20295 ,height: 11352 ,area: 230388840, filling_rate: 0.853583
random seed: 3
alpha: 0
best wirelength: 57883
initial_num_perturbs: 36
iter: 108000
best_iter: 68165
best_cost: 0.294976
reject_time: 45253
accept_inferior_time: 30252
update_best_time: 9
initial_average_wirelength: 196229
initial_iter: 36
initial_time: 0.002
total time cost: 0.312
