name,x,y,layer,rotated_angle,width,height,area,left,right,parent,is_from_left,
cc_C2791,0,0,0,270,8580,11319,97117020,1,2,-1,0,
cc_C2792,8580,0,0,270,8580,11319,97117020,-1,-1,0,1,
cc_C2793,0,11319,0,180,11616,8448,98131968,-1,-1,0,0,
cc_C2794,0,8679,1,90,8448,11616,98131968,4,-1,5,0,
cc_C2795,8448,8679,1,0,11352,8679,98524008,-1,-1,3,1,
cc_C2796,0,0,1,0,11352,8679,98524008,-1,3,-1,0,
Wirelength: 52847
layer(tree) info:
layer: 0 ,width: 17160 ,height: 19767 ,area: 339201720, filling_rate: 0.861924
layer: 1 ,width: 19800 ,height: 20295 ,area: 401841000, filling_rate: 0.734569
random seed: 9
alpha: 0
best wirelength: 52847
initial_num_perturbs: 36
iter: 108000
best_iter: 75764
best_cost: 0.249874
reject_time: 44611
accept_inferior_time: 30583
update_best_time: 14
initial_average_wirelength: 211495
initial_iter: 36
initial_time: 0.002
total time cost: 0.315
