name,x,y,layer,rotated_angle,width,height,area,left,right,parent,is_from_left,
cc_C8466,0,0,1,180,9072,8160,74027520,-1,2,-1,0,
cc_C8467,0,0,0,90,5709,6369,36360621,-1,3,-1,0,
cc_C16429,0,8160,1,270,10752,8112,87220224,-1,-1,0,0,
cc_C16430,0,6369,0,270,7524,5676,42706224,-1,27,1,0,
cc_C32011,36498,28677,0,270,4290,8613,36949770,-1,5,10,0,
cc_C32012,36498,37290,0,0,8613,4290,36949770,-1,9,4,0,
cc_C39784,49764,0,0,0,5445,7854,42765030,21,-1,8,1,
cc_C39785,0,48576,0,90,7854,5445,42765030,-1,13,15,0,
cc_C55552,41910,41580,0,90,7854,5412,42505848,6,-1,9,1,
cc_C55553,36498,41580,0,0,5412,7854,42505848,8,-1,5,0,
cc_C63404,36498,23265,0,270,7854,5412,42505848,-1,4,11,0,
cc_C63405,36498,17853,0,270,7854,5412,42505848,-1,10,14,0,
cc_C71293,0,59433,0,90,7854,5412,42505848,30,-1,13,0,
cc_C71294,0,54021,0,90,7854,5412,42505848,-1,12,7,0,
cc_C86866,36498,12144,0,0,6369,5709,36360621,-1,11,16,0,
cc_C86867,0,42900,0,270,7524,5676,42706224,-1,7,25,0,
cc_C86868,36498,7854,0,180,8613,4290,36949770,-1,14,17,0,
cc_C86869,36498,0,0,180,5445,7854,42765030,-1,16,18,1,
cc_C86870,31086,0,0,0,5412,7854,42505848,17,-1,32,1,
cc_C94576,60621,7854,0,270,5709,6369,36360621,-1,20,23,1,
cc_C94577,60621,14223,0,90,7524,5676,42706224,-1,-1,19,0,
cc_C94578,55209,0,0,270,4290,8613,36949770,22,23,6,1,
cc_C94579,59499,0,0,180,5445,7854,42765030,-1,-1,21,1,
cc_C94580,55209,8613,0,180,5412,7854,42505848,19,-1,21,0,
cc_C102137,0,31515,0,0,6369,5709,36360621,-1,25,28,0,
cc_C102138,0,37224,0,270,7524,5676,42706224,-1,15,24,0,
cc_C102139,0,17490,0,90,4290,8613,36949770,-1,28,27,0,
cc_C102140,0,12045,0,90,7854,5445,42765030,-1,26,3,0,
cc_C102141,0,26103,0,90,7854,5412,42505848,-1,24,26,0,
cc_C109812,7854,8613,0,180,6369,5709,36360621,-1,-1,30,0,
cc_C109813,7854,0,0,180,5676,7524,42706224,31,29,12,1,
cc_C109814,13530,0,0,90,4290,8613,36949770,33,-1,30,1,
cc_C109815,23232,0,0,270,7854,5445,42765030,18,-1,33,1,
cc_C109816,17820,0,0,180,5412,7854,42505848,32,-1,31,1,
Wirelength: 373120
layer(tree) info:
layer: 0 ,width: 68145 ,height: 64845 ,area: 4418862525, filling_rate: 0.293895
layer: 1 ,width: 10752 ,height: 16272 ,area: 174956544, filling_rate: 0.921645
random seed: 9
alpha: 0
best wirelength: 373120
initial_num_perturbs: 1156
iter: 3468000
best_iter: 3122722
best_cost: 0.0981795
reject_time: 990827
accept_inferior_time: 1226346
update_best_time: 86
initial_average_wirelength: 3.80039e+06
initial_iter: 1156
initial_time: 0.015
total time cost: 45.85
