name,x,y,layer,rotated_angle,width,height,area,left,right,parent,is_from_left,
cc_C2791,0,0,1,0,11319,8580,97117020,-1,2,-1,0,
cc_C2792,0,8679,0,180,11319,8580,97117020,-1,-1,4,0,
cc_C2793,0,8580,1,270,8448,11616,98131968,3,-1,0,0,
cc_C2794,8448,8580,1,90,8448,11616,98131968,-1,-1,2,1,
cc_C2795,0,0,0,0,11352,8679,98524008,5,1,-1,0,
cc_C2796,11352,0,0,270,8679,11352,98524008,-1,-1,4,1,
Wirelength: 42713
layer(tree) info:
layer: 0 ,width: 20031 ,height: 17259 ,area: 345715029, filling_rate: 0.850889
layer: 1 ,width: 16896 ,height: 20196 ,area: 341231616, filling_rate: 0.859771
random seed: 8
alpha: 0
best wirelength: 42713
initial_num_perturbs: 36
iter: 108000
best_iter: 74463
best_cost: 0.191299
reject_time: 44164
accept_inferior_time: 31048
update_best_time: 18
initial_average_wirelength: 223279
initial_iter: 36
initial_time: 0.001
total time cost: 0.314
