name,x,y,layer,rotated_angle,width,height,area,left,right,parent,is_from_left,
cc_C8466,11232,8112,1,90,8160,9072,74027520,23,-1,12,1,
cc_C8467,14289,9999,0,0,6369,5709,36360621,-1,7,21,0,
cc_C16429,4290,7854,0,90,7524,5676,42706224,-1,6,17,0,
cc_C16430,0,8160,1,90,10752,8112,87220224,-1,15,14,0,
cc_C32011,28347,15444,0,90,4290,8613,36949770,-1,-1,27,1,
cc_C32012,22902,11154,0,180,8613,4290,36949770,-1,27,22,0,
cc_C39784,4290,13530,0,0,5445,7854,42765030,-1,13,2,0,
cc_C39785,14289,15708,0,270,7854,5445,42765030,-1,26,1,0,
cc_C55552,19392,23568,1,270,11232,7728,86800896,-1,-1,9,0,
cc_C55553,19392,15840,1,270,11232,7728,86800896,-1,8,23,0,
cc_C63404,19668,36300,0,180,5412,7854,42505848,11,-1,33,1,
cc_C63405,25080,31812,0,180,5412,7854,42505848,-1,-1,10,1,
cc_C71293,0,24384,1,90,11232,7728,86800896,0,-1,15,0,
cc_C71294,4290,21384,0,270,7854,5412,42505848,18,31,6,0,
cc_C86866,0,0,1,180,9072,8160,74027520,-1,3,-1,0,
cc_C86867,0,16272,1,90,10752,8112,87220224,20,12,3,0,
cc_C86868,0,0,0,270,4290,8613,36949770,17,-1,-1,0,
cc_C86869,4290,0,0,180,5445,7854,42765030,-1,2,16,1,
cc_C86870,12144,0,0,270,7854,5412,42505848,19,-1,13,1,
cc_C94576,19998,0,0,0,6369,5709,36360621,-1,-1,18,1,
cc_C94577,10752,0,1,270,10752,8112,87220224,-1,-1,15,1,
cc_C94578,14289,5709,0,0,8613,4290,36949770,22,1,29,1,
cc_C94579,22902,5709,0,90,7854,5445,42765030,-1,5,21,1,
cc_C94580,19392,8112,1,270,11232,7728,86800896,-1,9,0,1,
cc_C102137,22143,25443,0,90,5709,6369,36360621,25,-1,32,1,
cc_C102138,27852,24057,0,0,5676,7524,42706224,-1,-1,24,1,
cc_C102139,14289,21153,0,0,8613,4290,36949770,-1,28,7,0,
cc_C102140,22902,15444,0,0,5445,7854,42765030,4,-1,5,0,
cc_C102141,14289,25443,0,90,7854,5412,42505848,-1,32,26,0,
cc_C109812,8580,26796,0,270,5709,6369,36360621,21,-1,31,1,
cc_C109813,4290,35409,0,270,7524,5676,42706224,33,-1,31,0,
cc_C109814,4290,26796,0,270,4290,8613,36949770,29,30,13,0,
cc_C109815,14289,30855,0,270,7854,5445,42765030,24,-1,28,0,
cc_C109816,11814,36300,0,270,7854,5412,42505848,10,-1,30,1,
Wirelength: 337326
layer(tree) info:
layer: 0 ,width: 33528 ,height: 44154 ,area: 1480395312, filling_rate: 0.680146
layer: 1 ,width: 30624 ,height: 32112 ,area: 983397888, filling_rate: 0.769698
random seed: 5
alpha: 0
best wirelength: 337326
initial_num_perturbs: 1156
iter: 3468000
best_iter: 3424624
best_cost: 0.128798
reject_time: 1067807
accept_inferior_time: 1187297
update_best_time: 112
initial_average_wirelength: 2.61903e+06
initial_iter: 1156
initial_time: 0.016
total time cost: 46.049
