name,x,y,layer,rotated_angle,width,height,area,left,right,parent,is_from_left,
cc_C8466,11121,27258,0,90,5709,6369,36360621,-1,1,11,0,
cc_C8467,11121,33627,0,90,5709,6369,36360621,-1,6,0,0,
cc_C16429,5445,30822,0,180,5676,7524,42706224,-1,3,10,0,
cc_C16430,5445,38346,0,180,5676,7524,42706224,5,18,2,0,
cc_C32011,11121,4290,0,180,8613,4290,36949770,20,13,5,0,
cc_C32012,11121,0,0,180,8613,4290,36949770,-1,4,3,1,
cc_C39784,11121,39996,0,90,7854,5445,42765030,-1,17,1,0,
cc_C39785,0,31152,0,180,5445,7854,42765030,25,-1,9,0,
cc_C55552,0,15444,0,180,5412,7854,42505848,-1,9,24,0,
cc_C55553,0,23298,0,0,5412,7854,42505848,-1,7,8,0,
cc_C63404,5445,22968,0,180,5412,7854,42505848,-1,2,25,0,
cc_C63405,11121,19404,0,180,5412,7854,42505848,-1,0,12,0,
cc_C71293,11121,13992,0,270,7854,5412,42505848,-1,11,13,0,
cc_C71294,11121,8580,0,90,7854,5412,42505848,-1,12,4,0,
cc_C86866,11121,53295,0,0,6369,5709,36360621,16,-1,17,0,
cc_C86867,32637,14982,0,90,7524,5676,42706224,-1,29,21,0,
cc_C86868,17490,45441,0,90,4290,8613,36949770,22,-1,14,1,
cc_C86869,11121,45441,0,0,5445,7854,42765030,-1,14,6,0,
cc_C86870,5445,45870,0,180,5412,7854,42505848,-1,-1,3,0,
cc_C94576,32637,0,0,270,5709,6369,36360621,-1,21,23,1,
cc_C94577,19734,0,0,0,5676,7524,42706224,-1,-1,4,1,
cc_C94578,32637,6369,0,90,4290,8613,36949770,-1,15,19,0,
cc_C94579,21780,7524,0,0,5445,7854,42765030,23,-1,16,1,
cc_C94580,27225,0,0,180,5412,7854,42505848,19,-1,22,1,
cc_C102137,0,9735,0,0,6369,5709,36360621,-1,8,26,0,
cc_C102138,5445,15444,0,0,5676,7524,42706224,-1,10,7,1,
cc_C102139,0,5445,0,0,8613,4290,36949770,-1,24,27,0,
cc_C102140,0,0,0,90,7854,5445,42765030,-1,26,-1,0,
cc_C102141,0,0,1,0,7728,11232,86800896,-1,-1,-1,0,
cc_C109812,32637,20658,0,0,6369,5709,36360621,-1,31,15,0,
cc_C109813,36927,26367,0,90,7524,5676,42706224,-1,-1,31,1,
cc_C109814,32637,26367,0,270,4290,8613,36949770,30,33,29,0,
cc_C109815,40491,32043,0,270,7854,5445,42765030,-1,-1,33,1,
cc_C109816,32637,34980,0,270,7854,5412,42505848,32,-1,31,0,
Wirelength: 356826
layer(tree) info:
layer: 0 ,width: 48345 ,height: 59004 ,area: 2852548380, filling_rate: 0.468088
layer: 1 ,width: 7728 ,height: 11232 ,area: 86800896, filling_rate: 1
random seed: 8
alpha: 0
best wirelength: 356826
initial_num_perturbs: 1156
iter: 3468000
best_iter: 3192710
best_cost: 0.154187
reject_time: 1097943
accept_inferior_time: 1171803
update_best_time: 78
initial_average_wirelength: 2.31424e+06
initial_iter: 1156
initial_time: 0.014
total time cost: 46.984
