name,x,y,layer,rotated_angle,width,height,area,left,right,parent,is_from_left,
cc_C38060,0,6000,0,270,25920,6000,155520000,-1,13,4,0,
cc_C40988,0,36000,0,90,25920,6000,155520000,-1,26,3,0,
cc_C43598,25920,0,0,270,25920,6000,155520000,-1,-1,4,1,
cc_C46412,0,30000,0,90,25920,6000,155520000,17,1,12,0,
cc_C48982,0,0,0,270,25920,6000,155520000,2,0,-1,0,
cc_C51792,0,0,1,270,37030,8625,319383750,-1,10,-1,0,
cc_C54385,25920,36000,0,90,25920,6000,155520000,-1,-1,7,1,
cc_C57055,0,18000,0,270,25920,6000,155520000,6,12,13,0,
cc_C59668,25920,6000,0,270,25920,6000,155520000,-1,11,13,1,
cc_C62278,25920,24000,0,270,25920,6000,155520000,-1,14,15,0,
cc_C65067,0,8625,1,90,37030,8625,319383750,-1,-1,5,0,
cc_C67839,25920,12000,0,90,25920,6000,155520000,-1,15,8,0,
cc_C70494,0,24000,0,270,25920,6000,155520000,31,3,7,0,
cc_C73068,0,12000,0,270,25920,6000,155520000,8,7,0,0,
cc_C75794,25920,30000,0,90,25920,6000,155520000,-1,-1,9,0,
cc_C78507,25920,18000,0,90,25920,6000,155520000,-1,9,11,0,
cc_C390725,0,72000,0,90,25920,6000,155520000,19,29,27,0,
cc_C393732,25920,54000,0,270,25920,6000,155520000,-1,24,3,1,
cc_C396426,25920,48000,0,270,25920,6000,155520000,-1,-1,31,0,
cc_C399324,25920,78000,0,90,25920,6000,155520000,-1,21,16,1,
cc_C401934,0,54000,0,90,25920,6000,155520000,23,22,25,0,
cc_C404828,25920,84000,0,90,25920,6000,155520000,-1,-1,19,0,
cc_C407517,0,60000,0,90,25920,6000,155520000,-1,27,20,0,
cc_C410399,25920,72000,0,90,25920,6000,155520000,-1,-1,20,1,
cc_C413083,25920,60000,0,90,25920,6000,155520000,-1,28,17,0,
cc_C415825,0,48000,0,270,25920,6000,155520000,-1,20,26,0,
cc_C418719,0,42000,0,270,25920,6000,155520000,-1,25,1,0,
cc_C421704,0,66000,0,90,25920,6000,155520000,-1,16,22,0,
cc_C424482,25920,66000,0,270,25920,6000,155520000,-1,-1,24,0,
cc_C427157,0,78000,0,90,25920,6000,155520000,-1,30,16,0,
cc_C429953,0,84000,0,90,25920,6000,155520000,-1,-1,29,0,
cc_C432668,25920,42000,0,270,25920,6000,155520000,-1,18,12,1,
Wirelength: 334158
layer(tree) info:
layer: 0 ,width: 51840 ,height: 90000 ,area: 4665600000, filling_rate: 1
layer: 1 ,width: 37030 ,height: 17250 ,area: 638767500, filling_rate: 1
random seed: 10
alpha: 0
best wirelength: 334158
initial_num_perturbs: 1024
iter: 3072000
best_iter: 2916522
best_cost: 0.179516
reject_time: 881612
accept_inferior_time: 831068
update_best_time: 61
initial_average_wirelength: 1.86144e+06
initial_iter: 1024
initial_time: 0.022
total time cost: 91.778
