name,x,y,layer,rotated_angle,width,height,area,left,right,parent,is_from_left,
cc_C8466,50952,14982,0,270,5709,6369,36360621,-1,-1,1,0,
cc_C8467,50952,8613,0,270,5709,6369,36360621,-1,0,21,0,
cc_C16429,58806,15048,0,180,5676,7524,42706224,-1,-1,3,0,
cc_C16430,58806,7524,0,0,5676,7524,42706224,-1,2,8,1,
cc_C32011,37686,39534,0,0,8613,4290,36949770,-1,-1,23,0,
cc_C32012,43098,35244,0,180,8613,4290,36949770,-1,-1,12,0,
cc_C39784,20856,10857,0,90,7854,5445,42765030,-1,33,18,0,
cc_C39785,20856,37092,0,180,5445,7854,42765030,29,-1,32,0,
cc_C55552,50952,21351,0,90,7854,5412,42505848,3,-1,11,1,
cc_C55553,43098,21978,0,0,5412,7854,42505848,-1,12,10,0,
cc_C63404,43098,16566,0,270,7854,5412,42505848,13,9,11,0,
cc_C63405,43098,11154,0,270,7854,5412,42505848,8,10,19,0,
cc_C71293,43098,29832,0,90,7854,5412,42505848,-1,5,9,0,
cc_C71294,50952,26763,0,0,5412,7854,42505848,-1,-1,10,1,
cc_C86866,5709,0,0,0,6369,5709,36360621,16,25,24,1,
cc_C86867,32010,0,0,180,5676,7524,42706224,23,-1,29,1,
cc_C86868,12078,0,0,0,8613,4290,36949770,-1,-1,14,1,
cc_C86869,20856,0,0,90,7854,5445,42765030,-1,18,27,1,
cc_C86870,20856,5445,0,90,7854,5412,42505848,-1,6,17,0,
cc_C94576,43098,5445,0,180,6369,5709,36360621,-1,11,22,0,
cc_C94577,55242,0,0,180,5676,7524,42706224,-1,-1,21,1,
cc_C94578,50952,0,0,90,4290,8613,36949770,20,1,22,1,
cc_C94579,43098,0,0,270,7854,5445,42765030,21,19,23,1,
cc_C94580,37686,0,0,180,5412,7854,42505848,22,4,15,1,
cc_C102137,0,0,0,270,5709,6369,36360621,14,-1,-1,0,
cc_C102138,5709,5709,0,90,7524,5676,42706224,-1,28,14,0,
cc_C102139,11121,11385,0,90,4290,8613,36949770,27,-1,28,1,
cc_C102140,15411,4290,0,180,5445,7854,42765030,17,-1,26,1,
cc_C102141,5709,11385,0,180,5412,7854,42505848,26,-1,25,0,
cc_C109812,26301,30327,0,270,5709,6369,36360621,15,-1,7,1,
cc_C109813,20856,21714,0,0,5676,7524,42706224,31,32,33,0,
cc_C109814,26532,21714,0,90,4290,8613,36949770,-1,-1,30,1,
cc_C109815,20856,29238,0,180,5445,7854,42765030,-1,7,30,0,
cc_C109816,20856,16302,0,90,7854,5412,42505848,-1,30,6,0,
Wirelength: 340476
layer(tree) info:
layer: 0 ,width: 64482 ,height: 44946 ,area: 2898207972, filling_rate: 0.475379
layer: 1 ,width: 0 ,height: 0 ,area: 0, filling_rate: 1
random seed: 7
alpha: 0
best wirelength: 340476
initial_num_perturbs: 1156
iter: 3468000
best_iter: 3223100
best_cost: 0.152953
reject_time: 1101346
accept_inferior_time: 1171327
update_best_time: 123
initial_average_wirelength: 2.22602e+06
initial_iter: 1156
initial_time: 0.015
total time cost: 46.2
