name,x,y,layer,rotated_angle,width,height,area,left,right,parent,is_from_left,
cc_C8466,0,16335,0,270,5709,6369,36360621,-1,15,1,0,
cc_C8467,0,9966,0,270,5709,6369,36360621,-1,0,4,0,
cc_C16429,0,0,0,90,7524,5676,42706224,3,4,-1,0,
cc_C16430,7524,0,0,270,7524,5676,42706224,-1,-1,2,1,
cc_C32011,0,5676,0,0,8613,4290,36949770,-1,1,2,0,
cc_C32012,10890,5676,0,90,4290,8613,36949770,19,-1,6,1,
cc_C39784,5445,41646,0,0,5445,7854,42765030,5,-1,7,1,
cc_C39785,0,41646,0,0,5445,7854,42765030,6,-1,9,0,
cc_C55552,0,28380,0,180,5412,7854,42505848,-1,9,15,0,
cc_C55553,0,36234,0,90,7854,5412,42505848,-1,7,8,0,
cc_C63404,33858,5412,0,270,7854,5412,42505848,-1,-1,30,1,
cc_C63405,29502,0,0,270,7854,5412,42505848,-1,-1,21,1,
cc_C71293,20889,17820,0,270,7854,5412,42505848,-1,13,20,0,
cc_C71294,20889,23232,0,270,7854,5412,42505848,-1,32,12,0,
cc_C86866,20889,41910,0,0,6369,5709,36360621,-1,16,33,0,
cc_C86867,0,22704,0,90,7524,5676,42706224,-1,8,0,0,
cc_C86868,20889,47619,0,180,8613,4290,36949770,31,17,14,0,
cc_C86869,20889,51909,0,90,7854,5445,42765030,-1,18,16,0,
cc_C86870,20889,57354,0,90,7854,5412,42505848,-1,25,17,0,
cc_C94576,15180,0,0,90,5709,6369,36360621,21,23,5,1,
cc_C94577,20889,12144,0,90,7524,5676,42706224,-1,12,22,0,
cc_C94578,20889,0,0,180,8613,4290,36949770,11,22,19,1,
cc_C94579,20889,4290,0,180,5445,7854,42765030,-1,20,21,0,
cc_C94580,15180,6369,0,180,5412,7854,42505848,-1,-1,19,0,
cc_C102137,20889,70290,0,90,5709,6369,36360621,26,-1,25,0,
cc_C102138,20889,62766,0,180,5676,7524,42706224,28,24,18,0,
cc_C102139,26598,68178,0,0,8613,4290,36949770,-1,27,24,1,
cc_C102140,26598,72468,0,270,7854,5445,42765030,-1,-1,26,0,
cc_C102141,26565,62766,0,270,7854,5412,42505848,-1,-1,25,1,
cc_C109812,33792,34320,0,0,6369,5709,36360621,-1,-1,31,1,
cc_C109813,26334,28644,0,270,7524,5676,42706224,10,-1,32,1,
cc_C109814,29502,34320,0,90,4290,8613,36949770,29,-1,16,1,
cc_C109815,20889,28644,0,180,5445,7854,42765030,30,33,13,0,
cc_C109816,20889,36498,0,270,7854,5412,42505848,-1,14,32,0,
Wirelength: 374900
layer(tree) info:
layer: 0 ,width: 41712 ,height: 77913 ,area: 3249907056, filling_rate: 0.423935
layer: 1 ,width: 0 ,height: 0 ,area: 0, filling_rate: 1
random seed: 10
alpha: 0
best wirelength: 374900
initial_num_perturbs: 1156
iter: 3468000
best_iter: 3052678
best_cost: 0.143378
reject_time: 1069879
accept_inferior_time: 1186355
update_best_time: 80
initial_average_wirelength: 2.61477e+06
initial_iter: 1156
initial_time: 0.015
total time cost: 46.696
