name,x,y,layer,rotated_angle,width,height,area,left,right,parent,is_from_left,
cc_C8466,0,0,0,180,6369,5709,36360621,-1,2,-1,0,
cc_C8467,0,0,1,180,9072,8160,74027520,-1,-1,-1,0,
cc_C16429,0,5709,0,90,7524,5676,42706224,-1,32,0,0,
cc_C16430,7854,0,0,0,5676,7524,42706224,-1,33,7,1,
cc_C32011,24321,26499,0,0,8613,4290,36949770,5,-1,14,0,
cc_C32012,32934,20526,0,90,4290,8613,36949770,-1,-1,4,1,
cc_C39784,7854,37521,0,90,7854,5445,42765030,-1,13,21,0,
cc_C39785,0,49401,0,270,7854,5445,42765030,3,-1,9,0,
cc_C55552,0,36135,0,180,5412,7854,42505848,-1,9,23,0,
cc_C55553,0,43989,0,90,7854,5412,42505848,-1,7,8,0,
cc_C63404,27522,15114,0,270,7854,5412,42505848,-1,-1,15,1,
cc_C63405,22077,9702,0,270,7854,5412,42505848,-1,-1,28,0,
cc_C71293,7854,48378,0,90,7854,5412,42505848,27,-1,13,0,
cc_C71294,7854,42966,0,90,7854,5412,42505848,-1,12,6,0,
cc_C86866,24321,20790,0,180,6369,5709,36360621,-1,4,16,1,
cc_C86867,19998,15114,0,270,7524,5676,42706224,10,-1,31,1,
cc_C86868,15708,22176,0,180,8613,4290,36949770,14,17,31,0,
cc_C86869,15708,26466,0,90,7854,5445,42765030,-1,18,16,0,
cc_C86870,15708,31911,0,90,7854,5412,42505848,-1,-1,17,0,
cc_C94576,0,24354,0,90,5709,6369,36360621,-1,23,20,0,
cc_C94577,0,16830,0,0,5676,7524,42706224,-1,19,32,0,
cc_C94578,7854,28908,0,90,4290,8613,36949770,-1,6,22,0,
cc_C94579,7854,21054,0,180,5445,7854,42765030,-1,21,30,0,
cc_C94580,0,30723,0,270,7854,5412,42505848,-1,8,19,0,
cc_C102137,29931,7524,0,90,5709,6369,36360621,-1,-1,28,1,
cc_C102138,30690,0,0,180,5676,7524,42706224,-1,-1,26,1,
cc_C102139,22077,0,0,180,8613,4290,36949770,25,28,29,1,
cc_C102140,15708,0,0,180,5445,7854,42765030,-1,29,12,1,
cc_C102141,22077,4290,0,90,7854,5412,42505848,24,11,26,0,
cc_C109812,15708,7854,0,0,6369,5709,36360621,26,31,27,0,
cc_C109813,7854,15378,0,270,7524,5676,42706224,-1,22,33,0,
cc_C109814,15708,13563,0,90,4290,8613,36949770,15,16,29,0,
cc_C109815,0,11385,0,90,7854,5445,42765030,-1,20,2,0,
cc_C109816,7854,7524,0,180,5412,7854,42505848,-1,30,3,0,
Wirelength: 330684
layer(tree) info:
layer: 0 ,width: 37224 ,height: 54846 ,area: 2041587504, filling_rate: 0.657032
layer: 1 ,width: 9072 ,height: 8160 ,area: 74027520, filling_rate: 1
random seed: 2
alpha: 0
best wirelength: 330684
initial_num_perturbs: 1156
iter: 3468000
best_iter: 3163027
best_cost: 0.145002
reject_time: 1101760
accept_inferior_time: 1170603
update_best_time: 111
initial_average_wirelength: 2.28054e+06
initial_iter: 1156
initial_time: 0.014
total time cost: 45.522
