name,x,y,layer,rotated_angle,width,height,area,left,right,parent,is_from_left,
cc_C38060,25920,0,0,270,25920,6000,155520000,-1,-1,12,1,
cc_C40988,0,30000,0,90,25920,6000,155520000,15,5,11,0,
cc_C43598,0,12000,0,90,25920,6000,155520000,-1,3,6,0,
cc_C46412,0,18000,0,270,25920,6000,155520000,-1,11,2,0,
cc_C48982,25920,30000,0,90,25920,6000,155520000,-1,10,7,0,
cc_C51792,0,36000,0,90,25920,6000,155520000,-1,23,1,0,
cc_C54385,0,6000,0,270,25920,6000,155520000,-1,2,12,0,
cc_C57055,25920,24000,0,270,25920,6000,155520000,-1,4,8,0,
cc_C59668,25920,18000,0,90,25920,6000,155520000,-1,7,13,0,
cc_C62278,0,0,1,270,37030,8625,319383750,-1,14,-1,0,
cc_C65067,25920,36000,0,90,25920,6000,155520000,-1,17,4,0,
cc_C67839,0,24000,0,90,25920,6000,155520000,-1,1,3,0,
cc_C70494,0,0,0,270,25920,6000,155520000,0,6,-1,0,
cc_C73068,25920,12000,0,90,25920,6000,155520000,-1,8,15,0,
cc_C75794,0,8625,1,90,37030,8625,319383750,-1,-1,9,0,
cc_C78507,25920,6000,0,270,25920,6000,155520000,-1,13,1,1,
cc_C390725,25920,72000,0,270,25920,6000,155520000,-1,26,20,0,
cc_C393732,25920,42000,0,270,25920,6000,155520000,-1,-1,10,0,
cc_C396426,25920,84000,0,90,25920,6000,155520000,-1,-1,28,1,
cc_C399324,25920,48000,0,270,25920,6000,155520000,-1,25,23,1,
cc_C401934,25920,66000,0,90,25920,6000,155520000,-1,16,30,1,
cc_C404828,25920,60000,0,90,25920,6000,155520000,-1,-1,25,0,
cc_C407517,0,60000,0,90,25920,6000,155520000,-1,27,30,0,
cc_C410399,0,42000,0,270,25920,6000,155520000,19,31,5,0,
cc_C413083,0,72000,0,90,25920,6000,155520000,-1,29,27,0,
cc_C415825,25920,54000,0,270,25920,6000,155520000,-1,21,19,0,
cc_C418719,25920,78000,0,90,25920,6000,155520000,-1,-1,16,0,
cc_C421704,0,66000,0,90,25920,6000,155520000,-1,24,22,0,
cc_C424482,0,84000,0,90,25920,6000,155520000,18,-1,29,0,
cc_C427157,0,78000,0,90,25920,6000,155520000,-1,28,24,0,
cc_C429953,0,54000,0,90,25920,6000,155520000,20,22,31,0,
cc_C432668,0,48000,0,270,25920,6000,155520000,-1,30,23,0,
Wirelength: 334158
layer(tree) info:
layer: 0 ,width: 51840 ,height: 90000 ,area: 4665600000, filling_rate: 1
layer: 1 ,width: 37030 ,height: 17250 ,area: 638767500, filling_rate: 1
random seed: 9
alpha: 0
best wirelength: 334158
initial_num_perturbs: 1024
iter: 3072000
best_iter: 2867046
best_cost: 0.201796
reject_time: 908345
accept_inferior_time: 823255
update_best_time: 58
initial_average_wirelength: 1.65592e+06
initial_iter: 1024
initial_time: 0.023
total time cost: 92.08
