name,x,y,layer,rotated_angle,width,height,area,left,right,parent,is_from_left,
cc_C8466,0,6369,0,270,5709,6369,36360621,-1,3,1,0,
cc_C8467,0,0,0,270,5709,6369,36360621,-1,0,-1,0,
cc_C16429,7524,0,0,0,5676,7524,42706224,7,-1,3,1,
cc_C16430,0,12738,0,90,7524,5676,42706224,2,-1,0,0,
cc_C32011,46860,15444,0,90,4290,8613,36949770,33,-1,13,1,
cc_C32012,41448,11154,0,180,8613,4290,36949770,15,18,17,0,
cc_C39784,60687,30030,0,270,7854,5445,42765030,-1,-1,25,1,
cc_C39785,13200,0,0,90,7854,5445,42765030,21,-1,2,1,
cc_C55552,41448,36564,0,270,7854,5412,42505848,24,11,12,0,
cc_C55553,49302,38247,0,180,5412,7854,42505848,-1,-1,10,1,
cc_C63404,41448,47388,0,270,7854,5412,42505848,9,-1,11,0,
cc_C63405,41448,41976,0,270,7854,5412,42505848,-1,10,8,0,
cc_C71293,41448,31152,0,90,7854,5412,42505848,26,8,13,0,
cc_C71294,41448,23298,0,180,5412,7854,42505848,4,12,18,0,
cc_C86866,41448,0,0,180,6369,5709,36360621,-1,17,16,1,
cc_C86867,50061,0,0,270,7524,5676,42706224,32,-1,5,1,
cc_C86868,37158,0,0,270,4290,8613,36949770,14,-1,22,1,
cc_C86869,41448,5709,0,90,7854,5445,42765030,-1,5,14,0,
cc_C86870,41448,15444,0,180,5412,7854,42505848,-1,13,5,0,
cc_C94576,25344,0,0,0,6369,5709,36360621,22,23,21,1,
cc_C94577,33198,8613,0,90,7524,5676,42706224,-1,-1,23,1,
cc_C94578,21054,0,0,270,4290,8613,36949770,19,-1,7,1,
cc_C94579,31713,0,0,180,5445,7854,42765030,16,-1,19,1,
cc_C94580,25344,7854,0,270,7854,5412,42505848,20,-1,19,0,
cc_C102137,49302,31878,0,90,5709,6369,36360621,25,-1,8,1,
cc_C102138,55011,31878,0,0,5676,7524,42706224,6,-1,24,1,
cc_C102139,49302,27588,0,0,8613,4290,36949770,-1,-1,12,1,
cc_C102140,59004,22176,0,180,5445,7854,42765030,-1,-1,28,1,
cc_C102141,51150,22176,0,270,7854,5412,42505848,27,-1,33,0,
cc_C109812,56562,16467,0,180,6369,5709,36360621,-1,-1,30,0,
cc_C109813,56562,7854,0,180,5676,7524,42706224,31,29,33,1,
cc_C109814,62238,7854,0,90,4290,8613,36949770,-1,-1,30,1,
cc_C109815,57585,0,0,0,5445,7854,42765030,-1,-1,15,1,
cc_C109816,51150,5676,0,180,5412,7854,42505848,30,28,4,1,
Wirelength: 352486
layer(tree) info:
layer: 0 ,width: 68541 ,height: 52800 ,area: 3618964800, filling_rate: 0.380702
layer: 1 ,width: 0 ,height: 0 ,area: 0, filling_rate: 1
random seed: 6
alpha: 0
best wirelength: 352486
initial_num_perturbs: 1156
iter: 3468000
best_iter: 3199485
best_cost: 0.129639
reject_time: 1061606
accept_inferior_time: 1190334
update_best_time: 115
initial_average_wirelength: 2.71898e+06
initial_iter: 1156
initial_time: 0.014
total time cost: 46.462
