name,x,y,layer,rotated_angle,width,height,area,left,right,parent,is_from_left,
cc_C2791,8580,0,0,270,8580,11319,97117020,-1,-1,1,1,
cc_C2792,0,0,0,90,8580,11319,97117020,0,-1,-1,0,
cc_C2793,0,0,1,180,11616,8448,98131968,-1,3,-1,0,
cc_C2794,0,8448,1,0,11616,8448,98131968,4,-1,2,0,
cc_C2795,11616,0,1,270,8679,11352,98524008,-1,5,3,1,
cc_C2796,11616,11352,1,270,8679,11352,98524008,-1,-1,4,0,
Wirelength: 51322
layer(tree) info:
layer: 0 ,width: 17160 ,height: 11319 ,area: 194234040, filling_rate: 1
layer: 1 ,width: 20295 ,height: 22704 ,area: 460777680, filling_rate: 0.853583
random seed: 7
alpha: 0
best wirelength: 51322
initial_num_perturbs: 36
iter: 108000
best_iter: 73695
best_cost: 0.265676
reject_time: 45022
accept_inferior_time: 30275
update_best_time: 12
initial_average_wirelength: 193175
initial_iter: 36
initial_time: 0.002
total time cost: 0.327
