name,x,y,layer,rotated_angle,width,height,area,left,right,parent,is_from_left,
cc_C2791,8679,0,1,270,8580,11319,97117020,2,-1,5,1,
cc_C2792,25707,8679,1,180,11319,8580,97117020,-1,-1,3,1,
cc_C2793,17259,0,1,180,11616,8448,98131968,4,3,0,1,
cc_C2794,17259,8448,1,90,8448,11616,98131968,1,-1,2,0,
cc_C2795,28875,0,1,0,11352,8679,98524008,-1,-1,2,1,
cc_C2796,0,0,1,90,8679,11352,98524008,0,-1,-1,0,
Wirelength: 96779
layer(tree) info:
layer: 0 ,width: 0 ,height: 0 ,area: 0, filling_rate: 1
layer: 1 ,width: 40227 ,height: 20064 ,area: 807114528, filling_rate: 0.727959
random seed: 9
best wirelength: 96779
initial_num_perturbs: 36
iter: 600
best_iter: 562
best_cost: 0.615288
reject_time: 246
accept_inferior_time: 171
update_best_time: 1
time cost: 0.028
