name,x,y,layer,rotated_angle,width,height,area,left,right,parent,is_from_left,
cc_C38060,18000,0,0,180,6000,25920,155520000,19,31,10,1,
cc_C40988,12000,25920,0,180,6000,25920,155520000,14,-1,13,1,
cc_C43598,0,25920,0,0,6000,25920,155520000,13,8,4,0,
cc_C46412,36000,0,0,0,6000,25920,155520000,21,-1,7,1,
cc_C48982,0,0,0,0,6000,25920,155520000,15,2,-1,0,
cc_C51792,30000,31920,0,180,6000,25920,155520000,18,-1,23,1,
cc_C54385,51840,63840,0,90,25920,6000,155520000,24,-1,9,1,
cc_C57055,30000,0,0,180,6000,25920,155520000,3,-1,19,1,
cc_C59668,0,57840,0,270,25920,6000,155520000,9,11,2,0,
cc_C62278,25920,63840,0,90,25920,6000,155520000,6,-1,8,1,
cc_C65067,12000,0,0,180,6000,25920,155520000,0,-1,15,1,
cc_C67839,0,63840,0,90,25920,6000,155520000,-1,-1,8,0,
cc_C70494,43920,37920,0,180,6000,25920,155520000,27,-1,17,0,
cc_C73068,6000,25920,0,180,6000,25920,155520000,1,-1,2,1,
cc_C75794,18000,31920,0,0,6000,25920,155520000,23,-1,1,1,
cc_C78507,6000,0,0,0,6000,25920,155520000,10,-1,4,1,
cc_C390725,69840,31920,0,0,6000,25920,155520000,-1,-1,17,1,
cc_C393732,43920,31920,0,90,25920,6000,155520000,16,12,31,1,
cc_C396426,36000,31920,0,0,6000,25920,155520000,-1,-1,5,1,
cc_C399324,24000,0,0,0,6000,25920,155520000,7,-1,0,1,
cc_C401934,72000,0,0,180,6000,25920,155520000,-1,-1,22,1,
cc_C404828,42000,0,0,180,6000,25920,155520000,25,-1,3,1,
cc_C407517,66000,0,0,180,6000,25920,155520000,20,30,26,1,
cc_C410399,24000,31920,0,0,6000,25920,155520000,5,-1,14,1,
cc_C413083,77760,31920,0,180,6000,25920,155520000,-1,-1,6,1,
cc_C415825,48000,0,0,180,6000,25920,155520000,29,-1,21,1,
cc_C418719,60000,0,0,180,6000,25920,155520000,22,-1,29,1,
cc_C421704,49920,37920,0,180,6000,25920,155520000,28,-1,12,1,
cc_C424482,55920,37920,0,180,6000,25920,155520000,-1,-1,27,1,
cc_C427157,54000,0,0,180,6000,25920,155520000,26,-1,25,1,
cc_C429953,66000,25920,0,270,25920,6000,155520000,-1,-1,22,0,
cc_C432668,18000,25920,0,270,25920,6000,155520000,17,-1,0,0,
Wirelength: 444718
layer(tree) info:
layer: 0 ,width: 91920 ,height: 69840 ,area: 6419692800, filling_rate: 0.775215
layer: 1 ,width: 0 ,height: 0 ,area: 0, filling_rate: 1
random seed: 6
best wirelength: 444718
initial_num_perturbs: 1024
iter: 3200
best_iter: 3187
best_cost: 0.22608
reject_time: 866
accept_inferior_time: 843
update_best_time: 37
time cost: 0.225
