name,x,y,layer,rotated_angle,width,height,area,left,right,parent,is_from_left,
cc_C38060,0,17250,1,270,37030,8625,319383750,-1,31,16,0,
cc_C40988,0,77625,1,90,37030,8625,319383750,6,4,22,0,
cc_C43598,62905,88780,1,180,8625,37030,319383750,-1,-1,11,1,
cc_C46412,37030,0,1,180,8625,37030,319383750,8,-1,25,1,
cc_C48982,0,86250,1,90,37030,8625,319383750,15,14,1,0,
cc_C51792,45655,71530,1,270,37030,8625,319383750,-1,-1,24,1,
cc_C54385,37030,80155,1,90,37030,8625,319383750,-1,-1,1,1,
cc_C57055,0,103500,1,90,37030,8625,319383750,-1,12,14,0,
cc_C59668,45655,0,1,0,8625,37030,319383750,28,10,3,1,
cc_C62278,45655,88780,1,0,8625,37030,319383750,11,-1,15,1,
cc_C65067,45655,62905,1,90,37030,8625,319383750,-1,-1,8,0,
cc_C67839,54280,88780,1,0,8625,37030,319383750,2,-1,9,1,
cc_C70494,0,112125,1,90,37030,8625,319383750,-1,-1,7,0,
cc_C73068,0,34500,1,270,37030,8625,319383750,-1,27,31,0,
cc_C75794,0,94875,1,90,37030,8625,319383750,-1,7,4,0,
cc_C78507,37030,88780,1,180,8625,37030,319383750,9,-1,4,1,
cc_C390725,0,8625,1,90,37030,8625,319383750,-1,0,25,0,
cc_C393732,54280,45655,1,270,37030,8625,319383750,-1,20,18,0,
cc_C396426,54280,37030,1,90,37030,8625,319383750,-1,17,28,0,
cc_C399324,0,6000,0,90,25920,6000,155520000,-1,-1,29,0,
cc_C401934,54280,54280,1,90,37030,8625,319383750,-1,-1,17,0,
cc_C404828,71530,0,1,180,8625,37030,319383750,-1,-1,23,1,
cc_C407517,0,69000,1,90,37030,8625,319383750,-1,1,30,0,
cc_C410399,62905,0,1,180,8625,37030,319383750,21,-1,28,1,
cc_C413083,37030,37030,1,180,8625,37030,319383750,5,-1,31,1,
cc_C415825,0,0,1,270,37030,8625,319383750,3,16,-1,0,
cc_C418719,0,51750,1,90,37030,8625,319383750,-1,30,27,0,
cc_C421704,0,43125,1,90,37030,8625,319383750,-1,26,13,0,
cc_C424482,54280,0,1,0,8625,37030,319383750,23,18,8,1,
cc_C427157,0,0,0,270,25920,6000,155520000,-1,19,-1,0,
cc_C429953,0,60375,1,270,37030,8625,319383750,-1,22,26,0,
cc_C432668,0,25875,1,90,37030,8625,319383750,24,13,0,0,
Wirelength: 599326
layer(tree) info:
layer: 0 ,width: 25920 ,height: 12000 ,area: 311040000, filling_rate: 1
layer: 1 ,width: 91310 ,height: 125810 ,area: 11487711100, filling_rate: 0.834066
random seed: 4
best wirelength: 599326
initial_num_perturbs: 1024
iter: 3200
best_iter: 3183
best_cost: 0.347319
reject_time: 973
accept_inferior_time: 873
update_best_time: 39
time cost: 0.185
