name,x,y,layer,rotated_angle,width,height,area,left,right,parent,is_from_left,
cc_C2791,0,8679,0,90,8580,11319,97117020,-1,1,5,0,
cc_C2792,0,19998,0,0,11319,8580,97117020,-1,-1,0,0,
cc_C2793,0,19800,1,90,8448,11616,98131968,-1,-1,3,0,
cc_C2794,0,11352,1,180,11616,8448,98131968,-1,2,4,0,
cc_C2795,0,0,1,90,8679,11352,98524008,-1,3,-1,0,
cc_C2796,0,0,0,180,11352,8679,98524008,-1,0,-1,0,
Wirelength: 114711
layer(tree) info:
layer: 0 ,width: 11352 ,height: 28578 ,area: 324417456, filling_rate: 0.902412
layer: 1 ,width: 11616 ,height: 31416 ,area: 364928256, filling_rate: 0.807797
random seed: 7
best wirelength: 114711
initial_num_perturbs: 36
iter: 600
best_iter: 0
best_cost: 0.66036
reject_time: 246
accept_inferior_time: 178
update_best_time: 0
time cost: 0.023
