name,x,y,layer,rotated_angle,width,height,area,left,right,parent,is_from_left,
cc_C38060,0,103500,1,270,37030,8625,319383750,-1,31,24,0,
cc_C40988,0,43125,1,90,37030,8625,319383750,-1,3,7,0,
cc_C43598,37030,17250,1,180,8625,37030,319383750,-1,9,3,1,
cc_C46412,0,51750,1,270,37030,8625,319383750,2,28,1,0,
cc_C48982,0,86250,1,90,37030,8625,319383750,-1,24,22,0,
cc_C51792,0,129375,1,90,37030,8625,319383750,-1,20,26,0,
cc_C54385,37030,62905,1,90,37030,8625,319383750,-1,-1,31,1,
cc_C57055,0,34500,1,90,37030,8625,319383750,-1,1,10,0,
cc_C59668,37030,0,1,270,37030,8625,319383750,-1,11,14,1,
cc_C62278,37030,54280,1,90,37030,8625,319383750,-1,-1,2,0,
cc_C65067,0,25875,1,270,37030,8625,319383750,-1,7,13,0,
cc_C67839,37030,8625,1,270,37030,8625,319383750,-1,-1,8,0,
cc_C70494,0,8625,1,90,37030,8625,319383750,-1,13,14,0,
cc_C73068,0,17250,1,270,37030,8625,319383750,-1,10,12,0,
cc_C75794,0,0,1,270,37030,8625,319383750,8,12,-1,0,
cc_C78507,37030,71530,1,270,37030,8625,319383750,-1,-1,27,1,
cc_C390725,0,155250,1,90,37030,8625,319383750,-1,17,27,0,
cc_C393732,0,163875,1,270,37030,8625,319383750,-1,29,16,0,
cc_C396426,45655,80155,1,180,8625,37030,319383750,-1,-1,30,1,
cc_C399324,0,181125,1,90,37030,8625,319383750,25,23,29,0,
cc_C401934,0,138000,1,90,37030,8625,319383750,-1,27,5,0,
cc_C404828,0,69000,1,270,37030,8625,319383750,-1,22,28,0,
cc_C407517,0,77625,1,270,37030,8625,319383750,-1,4,21,0,
cc_C410399,0,189750,1,90,37030,8625,319383750,30,-1,19,0,
cc_C413083,0,94875,1,90,37030,8625,319383750,-1,0,4,0,
cc_C415825,37030,80155,1,180,8625,37030,319383750,-1,-1,19,1,
cc_C418719,0,120750,1,90,37030,8625,319383750,-1,5,31,0,
cc_C421704,0,146625,1,90,37030,8625,319383750,15,16,20,0,
cc_C424482,0,60375,1,270,37030,8625,319383750,-1,21,3,0,
cc_C427157,0,172500,1,270,37030,8625,319383750,-1,19,17,0,
cc_C429953,37030,117185,1,0,8625,37030,319383750,18,-1,23,1,
cc_C432668,0,112125,1,90,37030,8625,319383750,6,26,0,0,
Wirelength: 747190
layer(tree) info:
layer: 0 ,width: 0 ,height: 0 ,area: 0, filling_rate: 1
layer: 1 ,width: 74060 ,height: 198375 ,area: 14691652500, filling_rate: 0.695652
random seed: 5
best wirelength: 747190
initial_num_perturbs: 1024
iter: 3200
best_iter: 3171
best_cost: 0.407972
reject_time: 911
accept_inferior_time: 812
update_best_time: 19
time cost: 0.183
