name,x,y,layer,rotated_angle,width,height,area,left,right,parent,is_from_left,
cc_C8466,0,40368,1,180,9072,8160,74027520,29,-1,14,0,
cc_C8467,4290,37818,0,180,6369,5709,36360621,-1,-1,22,0,
cc_C16429,15216,39504,1,270,10752,8112,87220224,-1,-1,3,0,
cc_C16430,15216,31392,1,270,10752,8112,87220224,-1,2,21,1,
cc_C32011,0,0,0,90,4290,8613,36949770,11,28,-1,0,
cc_C32012,0,0,1,0,12288,6144,75497472,18,26,-1,0,
cc_C39784,17589,15708,0,180,5445,7854,42765030,-1,-1,17,1,
cc_C39785,15114,0,0,0,5445,7854,42765030,-1,-1,10,1,
cc_C55552,0,14025,0,270,7854,5412,42505848,-1,9,28,0,
cc_C55553,0,19437,0,90,7854,5412,42505848,31,24,8,0,
cc_C63404,9702,0,0,0,5412,7854,42505848,7,-1,11,1,
cc_C63405,4290,0,0,0,5412,7854,42505848,10,-1,4,1,
cc_C71293,16467,7854,0,0,5412,7854,42505848,15,-1,31,1,
cc_C71294,12288,7728,1,270,11232,7728,86800896,-1,-1,18,0,
cc_C86866,0,31296,1,90,8160,9072,74027520,-1,0,33,0,
cc_C86867,21879,0,0,0,5676,7524,42706224,-1,-1,12,1,
cc_C86868,0,30558,0,270,4290,8613,36949770,22,-1,24,0,
cc_C86869,12144,19668,0,180,5445,7854,42765030,6,19,22,1,
cc_C86870,12288,0,1,270,11232,7728,86800896,-1,13,5,1,
cc_C94576,12144,27522,0,0,6369,5709,36360621,-1,23,17,0,
cc_C94577,12144,38643,0,180,5676,7524,42706224,-1,-1,23,0,
cc_C94578,9072,31392,1,90,6144,12288,75497472,3,-1,29,0,
cc_C94579,4290,32373,0,270,7854,5445,42765030,17,1,16,1,
cc_C94580,12144,33231,0,270,7854,5412,42505848,-1,20,19,0,
cc_C102137,0,24849,0,180,6369,5709,36360621,25,16,9,0,
cc_C102138,6369,24849,0,0,5676,7524,42706224,-1,-1,24,1,
cc_C102139,0,6144,1,180,12288,6144,75497472,-1,27,5,0,
cc_C102140,0,12288,1,270,11232,7776,87340032,32,33,26,0,
cc_C102141,0,8613,0,90,7854,5412,42505848,30,8,4,0,
cc_C109812,9072,23232,1,180,9072,8160,74027520,-1,21,0,1,
cc_C109813,7854,7854,0,0,5676,7524,42706224,-1,-1,28,1,
cc_C109814,7854,15378,0,180,8613,4290,36949770,12,-1,9,1,
cc_C109815,11232,15456,1,270,11232,7776,87340032,-1,-1,27,1,
cc_C109816,0,20064,1,180,7728,11232,86800896,-1,14,27,0,
Wirelength: 504771
layer(tree) info:
layer: 0 ,width: 27555 ,height: 46167 ,area: 1272131685, filling_rate: 0.675525
layer: 1 ,width: 25968 ,height: 48528 ,area: 1260175104, filling_rate: 0.839644
random seed: 6
best wirelength: 504771
initial_num_perturbs: 1156
iter: 3400
best_iter: 3327
best_cost: 0.159626
reject_time: 914
accept_inferior_time: 1204
update_best_time: 62
time cost: 0.135
