name,x,y,layer,rotated_angle,width,height,area,left,right,parent,is_from_left,
cc_C2791,0,11352,0,90,8580,11319,97117020,5,-1,4,0,
cc_C2792,17127,0,0,0,11319,8580,97117020,-1,-1,3,1,
cc_C2793,17259,8580,0,180,11616,8448,98131968,-1,-1,5,1,
cc_C2794,8679,0,0,270,8448,11616,98131968,1,-1,4,1,
cc_C2795,0,0,0,90,8679,11352,98524008,3,0,-1,0,
cc_C2796,8580,11616,0,270,8679,11352,98524008,2,-1,0,1,
Wirelength: 113129
layer(tree) info:
layer: 0 ,width: 28875 ,height: 22968 ,area: 663201000, filling_rate: 0.885924
layer: 1 ,width: 0 ,height: 0 ,area: 0, filling_rate: 1
random seed: 6
best wirelength: 113129
initial_num_perturbs: 36
iter: 600
best_iter: 370
best_cost: 0.582489
reject_time: 260
accept_inferior_time: 159
update_best_time: 2
time cost: 0.029
