name,x,y,layer,rotated_angle,width,height,area,left,right,parent,is_from_left,
cc_C2791,0,0,0,0,11319,8580,97117020,5,3,-1,0,
cc_C2792,8448,11352,0,270,8580,11319,97117020,-1,4,2,1,
cc_C2793,0,20196,0,90,8448,11616,98131968,1,-1,3,0,
cc_C2794,0,8580,0,90,8448,11616,98131968,-1,2,0,0,
cc_C2795,8448,22671,0,0,11352,8679,98524008,-1,-1,1,0,
cc_C2796,11319,0,0,270,8679,11352,98524008,-1,-1,0,1,
Wirelength: 94379
layer(tree) info:
layer: 0 ,width: 19998 ,height: 31812 ,area: 636176376, filling_rate: 0.923558
layer: 1 ,width: 0 ,height: 0 ,area: 0, filling_rate: 1
random seed: 1
best wirelength: 94379
initial_num_perturbs: 36
iter: 600
best_iter: 481
best_cost: 0.558162
reject_time: 253
accept_inferior_time: 178
update_best_time: 5
time cost: 0.052
