name,x,y,layer,rotated_angle,width,height,area,left,right,parent,is_from_left,
cc_C38060,48000,0,0,0,6000,25920,155520000,5,-1,3,1,
cc_C40988,126000,0,0,180,6000,25920,155520000,25,-1,15,1,
cc_C43598,66000,0,0,0,6000,25920,155520000,12,-1,9,1,
cc_C46412,42000,0,0,0,6000,25920,155520000,0,-1,11,1,
cc_C48982,96000,0,0,0,6000,25920,155520000,8,22,10,1,
cc_C51792,54000,0,0,180,6000,25920,155520000,9,-1,0,1,
cc_C54385,78000,0,0,180,6000,25920,155520000,13,-1,12,1,
cc_C57055,114000,0,0,180,6000,25920,155520000,15,28,14,1,
cc_C59668,102000,0,0,0,6000,25920,155520000,14,-1,4,1,
cc_C62278,60000,0,0,0,6000,25920,155520000,2,-1,5,1,
cc_C65067,90000,0,0,180,6000,25920,155520000,4,-1,13,1,
cc_C67839,36000,0,0,0,6000,25920,155520000,3,-1,19,1,
cc_C70494,72000,0,0,180,6000,25920,155520000,6,-1,2,1,
cc_C73068,84000,0,0,0,6000,25920,155520000,10,-1,6,1,
cc_C75794,108000,0,0,0,6000,25920,155520000,7,-1,8,1,
cc_C78507,120000,0,0,180,6000,25920,155520000,1,-1,7,1,
cc_C390725,18000,0,0,0,6000,25920,155520000,26,27,18,1,
cc_C393732,12000,25920,0,180,6000,25920,155520000,-1,-1,18,0,
cc_C396426,12000,0,0,180,6000,25920,155520000,16,17,29,1,
cc_C399324,30000,0,0,0,6000,25920,155520000,11,-1,26,1,
cc_C401934,69840,25920,0,270,25920,6000,155520000,-1,-1,31,1,
cc_C404828,18000,31920,0,90,25920,6000,155520000,-1,-1,27,0,
cc_C407517,96000,25920,0,180,6000,25920,155520000,-1,-1,4,0,
cc_C410399,132000,25920,0,90,25920,6000,155520000,-1,24,25,0,
cc_C413083,132000,31920,0,90,25920,6000,155520000,-1,-1,23,0,
cc_C415825,132000,0,0,180,6000,25920,155520000,-1,23,1,1,
cc_C418719,24000,0,0,180,6000,25920,155520000,19,-1,16,1,
cc_C421704,18000,25920,0,270,25920,6000,155520000,31,21,16,0,
cc_C424482,114000,25920,0,180,6000,25920,155520000,-1,-1,7,0,
cc_C427157,6000,0,0,180,6000,25920,155520000,18,-1,30,1,
cc_C429953,0,0,0,0,6000,25920,155520000,29,-1,-1,0,
cc_C432668,43920,25920,0,270,25920,6000,155520000,20,-1,27,1,
Wirelength: 580882
layer(tree) info:
layer: 0 ,width: 157920 ,height: 51840 ,area: 8186572800, filling_rate: 0.607903
layer: 1 ,width: 0 ,height: 0 ,area: 0, filling_rate: 1
random seed: 2
best wirelength: 580882
initial_num_perturbs: 1024
iter: 3200
best_iter: 3111
best_cost: 0.352284
reject_time: 906
accept_inferior_time: 866
update_best_time: 22
time cost: 0.185
