name,x,y,layer,rotated_angle,width,height,area,left,right,parent,is_from_left,
cc_C8466,0,7854,0,180,6369,5709,36360621,-1,4,8,0,
cc_C8467,8613,12936,0,90,5709,6369,36360621,-1,-1,23,0,
cc_C16429,25410,0,0,0,5676,7524,42706224,9,7,21,1,
cc_C16430,31086,5412,0,270,7524,5676,42706224,-1,-1,9,0,
cc_C32011,0,13563,0,0,8613,4290,36949770,-1,5,0,0,
cc_C32012,0,17853,0,0,8613,4290,36949770,23,-1,4,0,
cc_C39784,71676,5676,0,0,5445,7854,42765030,-1,-1,30,0,
cc_C39785,25410,7524,0,0,5445,7854,42765030,-1,-1,2,0,
cc_C55552,0,0,0,0,5412,7854,42505848,20,0,-1,0,
cc_C55553,31086,0,0,90,7854,5412,42505848,27,3,2,1,
cc_C63404,83490,0,0,180,5412,7854,42505848,11,-1,31,1,
cc_C63405,88902,0,0,180,5412,7854,42505848,-1,-1,10,1,
cc_C71293,54087,0,0,270,7854,5412,42505848,16,13,28,1,
cc_C71294,54087,5412,0,180,5412,7854,42505848,14,-1,12,0,
cc_C86866,59499,8613,0,0,6369,5709,36360621,-1,18,13,1,
cc_C86867,44385,14322,0,0,5676,7524,42706224,-1,-1,24,0,
cc_C86868,61941,0,0,270,4290,8613,36949770,32,-1,12,1,
cc_C86869,66231,13530,0,90,7854,5445,42765030,-1,-1,32,0,
cc_C86870,59499,18975,0,90,7854,5412,42505848,-1,-1,14,0,
cc_C94576,11088,0,0,270,5709,6369,36360621,21,-1,20,1,
cc_C94577,5412,0,0,0,5676,7524,42706224,19,-1,8,1,
cc_C94578,16797,0,0,180,8613,4290,36949770,2,22,19,1,
cc_C94579,16797,4290,0,0,5445,7854,42765030,-1,-1,21,0,
cc_C94580,8613,7524,0,270,7854,5412,42505848,-1,1,5,1,
cc_C102137,44385,8613,0,0,6369,5709,36360621,25,15,26,0,
cc_C102138,50754,13266,0,0,5676,7524,42706224,-1,-1,24,1,
cc_C102139,44385,0,0,270,4290,8613,36949770,28,24,27,1,
cc_C102140,38940,0,0,180,5445,7854,42765030,26,-1,9,1,
cc_C102141,48675,0,0,0,5412,7854,42505848,12,-1,26,1,
cc_C109812,79200,8613,0,270,5709,6369,36360621,33,-1,31,0,
cc_C109813,71676,0,0,270,7524,5676,42706224,31,6,32,1,
cc_C109814,79200,0,0,90,4290,8613,36949770,10,29,30,1,
cc_C109815,66231,0,0,0,5445,7854,42765030,30,17,16,1,
cc_C109816,84909,7854,0,0,5412,7854,42505848,-1,-1,29,1,
Wirelength: 500471
layer(tree) info:
layer: 0 ,width: 94314 ,height: 24387 ,area: 2300035518, filling_rate: 0.599012
layer: 1 ,width: 0 ,height: 0 ,area: 0, filling_rate: 1
random seed: 3
best wirelength: 500471
initial_num_perturbs: 1156
iter: 3400
best_iter: 3393
best_cost: 0.222681
reject_time: 973
accept_inferior_time: 1192
update_best_time: 66
time cost: 0.13
