name,x,y,layer,rotated_angle,width,height,area,left,right,parent,is_from_left,
cc_C8466,0,96240,1,0,9072,8160,74027520,32,24,1,0,
cc_C8467,0,88080,1,0,9072,8160,74027520,27,0,26,0,
cc_C16429,0,55344,1,180,8112,10752,87220224,-1,25,3,0,
cc_C16430,0,44592,1,0,8112,10752,87220224,-1,2,4,0,
cc_C32011,0,38448,1,0,12288,6144,75497472,-1,3,12,0,
cc_C32012,12288,21984,1,90,6144,12288,75497472,-1,7,21,1,
cc_C39784,0,124704,1,270,11232,7776,87340032,-1,29,33,0,
cc_C39785,12288,34272,1,0,7776,11232,87340032,-1,-1,5,0,
cc_C55552,9072,103584,1,270,11232,7728,86800896,-1,-1,9,0,
cc_C55553,9072,95856,1,270,11232,7728,86800896,-1,8,27,0,
cc_C63404,0,155808,1,270,11232,7728,86800896,-1,11,30,0,
cc_C63405,0,163536,1,0,7728,11232,86800896,18,14,10,0,
cc_C71293,0,30720,1,90,11232,7728,86800896,-1,4,21,0,
cc_C71294,0,0,1,270,11232,7728,86800896,23,19,-1,0,
cc_C86866,0,174768,1,180,9072,8160,74027520,-1,16,11,0,
cc_C86867,8160,132480,1,270,10752,8112,87220224,-1,-1,29,1,
cc_C86868,0,182928,1,0,12288,6144,75497472,17,-1,14,0,
cc_C86869,12288,174768,1,180,7776,11232,87340032,-1,-1,16,1,
cc_C86870,7728,163536,1,0,7728,11232,86800896,-1,-1,11,1,
cc_C94576,0,7728,1,90,8160,9072,74027520,-1,22,13,0,
cc_C94577,11232,11232,1,0,8112,10752,87220224,-1,-1,23,0,
cc_C94578,0,24576,1,0,12288,6144,75497472,5,12,22,0,
cc_C94579,0,16800,1,270,11232,7776,87340032,-1,21,19,0,
cc_C94580,11232,0,1,0,7728,11232,86800896,-1,20,13,1,
cc_C102137,0,104400,1,90,8160,9072,74027520,-1,33,0,0,
cc_C102138,0,66096,1,270,10752,8112,87220224,-1,28,2,0,
cc_C102139,0,81936,1,0,12288,6144,75497472,-1,1,28,0,
cc_C102140,9072,88080,1,90,11232,7776,87340032,-1,9,1,1,
cc_C102141,0,74208,1,270,11232,7728,86800896,-1,26,25,0,
cc_C109812,0,132480,1,90,8160,9072,74027520,15,31,6,0,
cc_C109813,0,147696,1,270,10752,8112,87220224,-1,10,31,0,
cc_C109814,0,141552,1,0,12288,6144,75497472,-1,30,29,0,
cc_C109815,9072,111312,1,270,11232,7776,87340032,-1,-1,0,1,
cc_C109816,0,113472,1,180,7728,11232,86800896,-1,6,24,0,
Wirelength: 801952
layer(tree) info:
layer: 0 ,width: 0 ,height: 0 ,area: 0, filling_rate: 1
layer: 1 ,width: 20304 ,height: 189072 ,area: 3838917888, filling_rate: 0.732634
random seed: 9
best wirelength: 801952
initial_num_perturbs: 1156
iter: 3400
best_iter: 3251
best_cost: 0.39766
reject_time: 1191
accept_inferior_time: 1094
update_best_time: 45
time cost: 0.13
