name,x,y,layer,rotated_angle,width,height,area,left,right,parent,is_from_left,
cc_C38060,30000,0,0,180,6000,25920,155520000,25,18,24,1,
cc_C40988,108000,12000,0,90,25920,6000,155520000,-1,11,13,0,
cc_C43598,18000,0,0,180,6000,25920,155520000,24,-1,4,1,
cc_C46412,0,0,1,270,37030,8625,319383750,-1,20,-1,0,
cc_C48982,12000,0,0,0,6000,25920,155520000,2,30,15,1,
cc_C51792,66000,37920,0,90,25920,6000,155520000,-1,-1,26,0,
cc_C54385,54000,0,0,0,6000,25920,155520000,17,-1,29,1,
cc_C57055,66000,0,0,0,6000,25920,155520000,28,26,17,1,
cc_C59668,108000,0,0,270,25920,6000,155520000,-1,13,9,1,
cc_C62278,102000,0,0,180,6000,25920,155520000,8,27,10,1,
cc_C65067,96000,0,0,180,6000,25920,155520000,9,-1,23,1,
cc_C67839,108000,18000,0,90,25920,6000,155520000,-1,-1,1,0,
cc_C70494,97920,37920,0,90,25920,6000,155520000,-1,-1,16,0,
cc_C73068,108000,6000,0,270,25920,6000,155520000,-1,1,8,0,
cc_C75794,0,0,0,0,6000,25920,155520000,15,-1,-1,0,
cc_C78507,6000,0,0,0,6000,25920,155520000,4,-1,14,1,
cc_C390725,97920,31920,0,270,25920,6000,155520000,-1,12,31,1,
cc_C393732,60000,0,0,0,6000,25920,155520000,7,-1,6,1,
cc_C396426,30000,25920,0,90,25920,6000,155520000,-1,-1,0,0,
cc_C399324,42000,0,0,0,6000,25920,155520000,29,-1,25,1,
cc_C401934,0,8625,1,90,37030,8625,319383750,-1,-1,3,0,
cc_C404828,78000,0,0,0,6000,25920,155520000,22,-1,28,1,
cc_C407517,84000,0,0,180,6000,25920,155520000,23,-1,21,1,
cc_C410399,90000,0,0,0,6000,25920,155520000,10,-1,22,1,
cc_C413083,24000,0,0,180,6000,25920,155520000,0,-1,2,1,
cc_C415825,36000,0,0,180,6000,25920,155520000,19,-1,0,1,
cc_C418719,66000,31920,0,270,25920,6000,155520000,-1,5,7,0,
cc_C421704,102000,25920,0,270,25920,6000,155520000,-1,-1,9,0,
cc_C424482,72000,0,0,0,6000,25920,155520000,21,31,7,1,
cc_C427157,48000,0,0,0,6000,25920,155520000,6,-1,19,1,
cc_C429953,12000,31920,0,270,25920,6000,155520000,-1,-1,4,0,
cc_C432668,72000,25920,0,270,25920,6000,155520000,16,-1,28,0,
Wirelength: 571531
layer(tree) info:
layer: 0 ,width: 133920 ,height: 43920 ,area: 5881766400, filling_rate: 0.793231
layer: 1 ,width: 37030 ,height: 17250 ,area: 638767500, filling_rate: 1
random seed: 8
best wirelength: 571531
initial_num_perturbs: 1024
iter: 3200
best_iter: 3116
best_cost: 0.344413
reject_time: 1012
accept_inferior_time: 866
update_best_time: 27
time cost: 0.265
