name,x,y,layer,rotated_angle,width,height,area,left,right,parent,is_from_left,
cc_C38060,37920,43920,0,270,25920,6000,155520000,-1,-1,19,1,
cc_C40988,0,42000,0,90,25920,6000,155520000,-1,3,30,0,
cc_C43598,63840,25920,0,0,6000,25920,155520000,4,-1,23,1,
cc_C46412,0,48000,0,90,25920,6000,155520000,15,-1,1,0,
cc_C48982,69840,25920,0,180,6000,25920,155520000,-1,-1,2,1,
cc_C51792,37920,31920,0,270,25920,6000,155520000,-1,23,14,0,
cc_C54385,79920,0,0,0,6000,25920,155520000,7,-1,11,1,
cc_C57055,85920,0,0,180,6000,25920,155520000,-1,-1,6,1,
cc_C59668,61920,0,0,180,6000,25920,155520000,10,-1,24,1,
cc_C62278,25920,51840,0,90,25920,6000,155520000,-1,-1,17,1,
cc_C65067,67920,0,0,0,6000,25920,155520000,11,-1,8,1,
cc_C67839,73920,0,0,0,6000,25920,155520000,6,-1,10,1,
cc_C70494,51840,51840,0,90,25920,6000,155520000,13,-1,15,1,
cc_C73068,77760,25920,0,180,6000,25920,155520000,-1,-1,12,1,
cc_C75794,37920,25920,0,90,25920,6000,155520000,-1,5,20,0,
cc_C78507,25920,57840,0,90,25920,6000,155520000,12,-1,3,1,
cc_C390725,43920,0,0,180,6000,25920,155520000,28,-1,20,1,
cc_C393732,0,24000,0,270,25920,6000,155520000,9,18,29,0,
cc_C396426,0,30000,0,270,25920,6000,155520000,-1,30,17,0,
cc_C399324,31920,25920,0,0,6000,25920,155520000,0,-1,25,1,
cc_C401934,37920,0,0,0,6000,25920,155520000,16,14,26,1,
cc_C404828,0,6000,0,270,25920,6000,155520000,-1,27,31,0,
cc_C407517,25920,0,0,180,6000,25920,155520000,26,-1,31,1,
cc_C410399,37920,37920,0,270,25920,6000,155520000,2,-1,5,0,
cc_C413083,55920,0,0,180,6000,25920,155520000,8,-1,28,1,
cc_C415825,25920,25920,0,0,6000,25920,155520000,19,-1,29,1,
cc_C418719,31920,0,0,180,6000,25920,155520000,20,-1,22,1,
cc_C421704,0,12000,0,270,25920,6000,155520000,-1,29,21,0,
cc_C424482,49920,0,0,180,6000,25920,155520000,24,-1,16,1,
cc_C427157,0,18000,0,90,25920,6000,155520000,25,17,27,0,
cc_C429953,0,36000,0,270,25920,6000,155520000,-1,1,18,0,
cc_C432668,0,0,0,270,25920,6000,155520000,22,21,-1,0,
Wirelength: 449890
layer(tree) info:
layer: 0 ,width: 91920 ,height: 63840 ,area: 5868172800, filling_rate: 0.848073
layer: 1 ,width: 0 ,height: 0 ,area: 0, filling_rate: 1
random seed: 9
best wirelength: 449890
initial_num_perturbs: 1024
iter: 3200
best_iter: 3156
best_cost: 0.271116
reject_time: 930
accept_inferior_time: 817
update_best_time: 39
time cost: 0.254
