name,x,y,layer,rotated_angle,width,height,area,left,right,parent,is_from_left,
cc_C8466,5412,39699,0,270,5709,6369,36360621,-1,-1,28,1,
cc_C8467,0,33990,0,0,6369,5709,36360621,-1,28,2,0,
cc_C16429,0,28314,0,90,7524,5676,42706224,3,1,11,0,
cc_C16430,7524,28314,0,0,5676,7524,42706224,-1,-1,2,1,
cc_C32011,0,115863,0,0,8613,4290,36949770,-1,15,5,0,
cc_C32012,0,111573,0,0,8613,4290,36949770,-1,4,8,0,
cc_C39784,0,95304,0,90,7854,5445,42765030,-1,9,13,0,
cc_C39785,0,6369,0,90,7854,5445,42765030,-1,25,24,0,
cc_C55552,0,106161,0,270,7854,5412,42505848,-1,5,9,0,
cc_C55553,0,100749,0,270,7854,5412,42505848,-1,8,6,0,
cc_C63404,0,17490,0,90,7854,5412,42505848,-1,11,25,0,
cc_C63405,0,22902,0,90,7854,5412,42505848,-1,2,10,0,
cc_C71293,0,84480,0,270,7854,5412,42505848,-1,13,27,0,
cc_C71294,0,89892,0,90,7854,5412,42505848,-1,6,12,0,
cc_C86866,0,152988,0,180,6369,5709,36360621,-1,17,30,0,
cc_C86867,0,120153,0,270,7524,5676,42706224,-1,18,4,0,
cc_C86868,0,164142,0,0,8613,4290,36949770,-1,-1,17,0,
cc_C86869,0,158697,0,270,7854,5445,42765030,-1,16,14,0,
cc_C86870,0,125829,0,270,7854,5412,42505848,-1,33,15,0,
cc_C94576,0,58410,0,90,5709,6369,36360621,-1,21,23,0,
cc_C94577,0,73359,0,90,7524,5676,42706224,-1,27,26,0,
cc_C94578,0,64779,0,0,8613,4290,36949770,-1,26,19,0,
cc_C94579,0,47553,0,270,7854,5445,42765030,-1,23,28,0,
cc_C94580,0,52998,0,90,7854,5412,42505848,-1,19,22,0,
cc_C102137,0,0,0,90,5709,6369,36360621,-1,7,-1,0,
cc_C102138,0,11814,0,270,7524,5676,42706224,-1,10,7,0,
cc_C102139,0,69069,0,180,8613,4290,36949770,-1,20,21,0,
cc_C102140,0,79035,0,270,7854,5445,42765030,-1,12,20,0,
cc_C102141,0,39699,0,180,5412,7854,42505848,0,22,1,0,
cc_C109812,0,136653,0,90,5709,6369,36360621,32,31,33,0,
cc_C109813,0,147312,0,90,7524,5676,42706224,-1,14,31,0,
cc_C109814,0,143022,0,180,8613,4290,36949770,-1,30,29,0,
cc_C109815,5709,136653,0,270,7854,5445,42765030,-1,-1,29,1,
cc_C109816,0,131241,0,90,7854,5412,42505848,-1,29,18,0,
Wirelength: 693060
layer(tree) info:
layer: 0 ,width: 13563 ,height: 168432 ,area: 2284443216, filling_rate: 0.6031
layer: 1 ,width: 0 ,height: 0 ,area: 0, filling_rate: 1
random seed: 5
best wirelength: 693060
initial_num_perturbs: 1156
iter: 3400
best_iter: 3378
best_cost: 0.367349
reject_time: 1056
accept_inferior_time: 1158
update_best_time: 37
time cost: 0.177
