name,x,y,layer,rotated_angle,width,height,area,left,right,parent,is_from_left,
cc_C2791,0,22671,0,90,8580,11319,97117020,2,5,1,0,
cc_C2792,0,11352,0,90,8580,11319,97117020,-1,0,4,0,
cc_C2793,8580,11352,0,270,8448,11616,98131968,-1,3,0,1,
cc_C2794,8580,22968,0,180,11616,8448,98131968,-1,-1,2,0,
cc_C2795,0,0,0,90,8679,11352,98524008,-1,1,-1,0,
cc_C2796,0,33990,0,180,11352,8679,98524008,-1,-1,0,0,
Wirelength: 95380
layer(tree) info:
layer: 0 ,width: 20196 ,height: 42669 ,area: 861743124, filling_rate: 0.681811
layer: 1 ,width: 0 ,height: 0 ,area: 0, filling_rate: 1
random seed: 3
best wirelength: 95380
initial_num_perturbs: 36
iter: 600
best_iter: 430
best_cost: 0.6345
reject_time: 264
accept_inferior_time: 165
update_best_time: 3
time cost: 0.057
