name,x,y,layer,rotated_angle,width,height,area,left,right,parent,is_from_left,
cc_C38060,25920,25920,0,180,6000,25920,155520000,-1,-1,26,1,
cc_C40988,31920,25920,0,270,25920,6000,155520000,-1,21,9,0,
cc_C43598,0,78000,0,90,25920,6000,155520000,-1,-1,8,0,
cc_C46412,0,6000,0,270,25920,6000,155520000,-1,12,5,0,
cc_C48982,37920,0,0,0,6000,25920,155520000,25,-1,9,1,
cc_C51792,0,0,0,270,25920,6000,155520000,24,3,-1,0,
cc_C54385,31920,49920,0,0,6000,25920,155520000,11,13,20,0,
cc_C57055,0,30000,0,270,25920,6000,155520000,-1,31,29,0,
cc_C59668,0,72000,0,270,25920,6000,155520000,15,2,10,0,
cc_C62278,31920,0,0,0,6000,25920,155520000,4,1,24,1,
cc_C65067,0,66000,0,270,25920,6000,155520000,18,8,14,0,
cc_C67839,37920,49920,0,0,6000,25920,155520000,19,-1,6,1,
cc_C70494,0,12000,0,90,25920,6000,155520000,-1,27,3,0,
cc_C73068,31920,75840,0,270,25920,6000,155520000,-1,-1,6,0,
cc_C75794,0,60000,0,90,25920,6000,155520000,-1,10,26,0,
cc_C78507,25920,81840,0,90,25920,6000,155520000,-1,-1,8,1,
cc_C390725,57840,51840,0,180,6000,25920,155520000,-1,-1,30,0,
cc_C393732,0,48000,0,90,25920,6000,155520000,-1,26,28,0,
cc_C396426,25920,51840,0,180,6000,25920,155520000,-1,-1,10,1,
cc_C399324,43920,49920,0,0,6000,25920,155520000,-1,-1,11,1,
cc_C401934,31920,43920,0,270,25920,6000,155520000,22,6,23,0,
cc_C404828,31920,31920,0,270,25920,6000,155520000,-1,23,1,0,
cc_C407517,57840,0,0,0,6000,25920,155520000,-1,30,20,1,
cc_C410399,31920,37920,0,270,25920,6000,155520000,-1,20,21,0,
cc_C413083,25920,0,0,0,6000,25920,155520000,9,-1,5,1,
cc_C415825,43920,0,0,0,6000,25920,155520000,-1,-1,4,1,
cc_C418719,0,54000,0,90,25920,6000,155520000,0,14,17,0,
cc_C421704,0,18000,0,270,25920,6000,155520000,-1,29,12,0,
cc_C424482,0,42000,0,270,25920,6000,155520000,-1,17,31,0,
cc_C427157,0,24000,0,270,25920,6000,155520000,-1,7,27,0,
cc_C429953,57840,25920,0,0,6000,25920,155520000,-1,16,22,0,
cc_C432668,0,36000,0,90,25920,6000,155520000,-1,28,7,0,
Wirelength: 465268
layer(tree) info:
layer: 0 ,width: 63840 ,height: 87840 ,area: 5607705600, filling_rate: 0.887465
layer: 1 ,width: 0 ,height: 0 ,area: 0, filling_rate: 1
random seed: 1
best wirelength: 465268
initial_num_perturbs: 1024
iter: 3200
best_iter: 3179
best_cost: 0.197892
reject_time: 849
accept_inferior_time: 796
update_best_time: 42
time cost: 0.219
