name,x,y,layer,rotated_angle,width,height,area,left,right,parent,is_from_left,
cc_C38060,37920,51840,0,180,6000,25920,155520000,-1,-1,5,1,
cc_C40988,42000,25920,0,0,6000,25920,155520000,3,-1,24,0,
cc_C43598,18000,0,0,0,6000,25920,155520000,18,-1,9,1,
cc_C46412,48000,55920,0,270,25920,6000,155520000,-1,-1,1,1,
cc_C48982,25920,25920,0,0,6000,25920,155520000,-1,-1,16,1,
cc_C51792,31920,51840,0,180,6000,25920,155520000,0,-1,10,1,
cc_C54385,54000,37920,0,270,25920,6000,155520000,-1,15,28,0,
cc_C57055,54000,25920,0,270,25920,6000,155520000,-1,-1,26,0,
cc_C59668,0,61920,0,90,25920,6000,155520000,-1,-1,12,0,
cc_C62278,12000,0,0,0,6000,25920,155520000,2,-1,30,1,
cc_C65067,25920,51840,0,180,6000,25920,155520000,5,-1,13,1,
cc_C67839,54000,49920,0,270,25920,6000,155520000,-1,-1,15,0,
cc_C70494,0,55920,0,90,25920,6000,155520000,-1,8,13,0,
cc_C73068,0,49920,0,90,25920,6000,155520000,10,12,16,0,
cc_C75794,48000,25920,0,0,6000,25920,155520000,28,-1,23,0,
cc_C78507,54000,43920,0,270,25920,6000,155520000,-1,11,6,0,
cc_C390725,0,43920,0,90,25920,6000,155520000,4,13,29,0,
cc_C393732,0,25920,0,90,25920,6000,155520000,-1,20,31,0,
cc_C396426,24000,0,0,0,6000,25920,155520000,21,-1,2,1,
cc_C399324,66000,0,0,180,6000,25920,155520000,-1,-1,27,1,
cc_C401934,0,31920,0,270,25920,6000,155520000,-1,29,17,0,
cc_C404828,30000,0,0,0,6000,25920,155520000,25,-1,18,1,
cc_C407517,36000,25920,0,180,6000,25920,155520000,-1,-1,25,0,
cc_C410399,48000,0,0,180,6000,25920,155520000,26,14,24,1,
cc_C413083,42000,0,0,0,6000,25920,155520000,23,1,25,1,
cc_C415825,36000,0,0,0,6000,25920,155520000,24,22,21,1,
cc_C418719,54000,0,0,180,6000,25920,155520000,27,7,23,1,
cc_C421704,60000,0,0,0,6000,25920,155520000,19,-1,26,1,
cc_C424482,54000,31920,0,270,25920,6000,155520000,-1,6,14,1,
cc_C427157,0,37920,0,270,25920,6000,155520000,-1,16,20,0,
cc_C429953,6000,0,0,0,6000,25920,155520000,9,-1,31,1,
cc_C432668,0,0,0,0,6000,25920,155520000,30,17,-1,0,
Wirelength: 421164
layer(tree) info:
layer: 0 ,width: 79920 ,height: 77760 ,area: 6214579200, filling_rate: 0.800801
layer: 1 ,width: 0 ,height: 0 ,area: 0, filling_rate: 1
random seed: 7
best wirelength: 421164
initial_num_perturbs: 1024
iter: 3200
best_iter: 3191
best_cost: 0.213167
reject_time: 870
accept_inferior_time: 806
update_best_time: 39
time cost: 0.189
