name,x,y,layer,rotated_angle,width,height,area,left,right,parent,is_from_left,
cc_C2791,11352,20196,0,270,8580,11319,97117020,-1,-1,4,1,
cc_C2792,0,0,0,0,11319,8580,97117020,-1,3,-1,0,
cc_C2793,8448,8580,0,270,8448,11616,98131968,-1,-1,3,1,
cc_C2794,0,8580,0,270,8448,11616,98131968,2,4,1,0,
cc_C2795,0,20196,0,180,11352,8679,98524008,0,5,3,0,
cc_C2796,0,28875,0,180,11352,8679,98524008,-1,-1,4,0,
Wirelength: 105015
layer(tree) info:
layer: 0 ,width: 19932 ,height: 37554 ,area: 748526328, filling_rate: 0.784937
layer: 1 ,width: 0 ,height: 0 ,area: 0, filling_rate: 1
random seed: 10
best wirelength: 105015
initial_num_perturbs: 36
iter: 600
best_iter: 487
best_cost: 0.635317
reject_time: 267
accept_inferior_time: 163
update_best_time: 5
time cost: 0.026
