name,x,y,layer,rotated_angle,width,height,area,left,right,parent,is_from_left,
cc_C2791,0,8679,1,180,11319,8580,97117020,2,4,5,0,
cc_C2792,11352,0,1,0,11319,8580,97117020,-1,-1,5,1,
cc_C2793,11319,8679,1,180,11616,8448,98131968,-1,-1,0,1,
cc_C2794,8679,17259,1,90,8448,11616,98131968,-1,-1,4,1,
cc_C2795,0,17259,1,270,8679,11352,98524008,3,-1,0,0,
cc_C2796,0,0,1,0,11352,8679,98524008,1,0,-1,0,
Wirelength: 105099
layer(tree) info:
layer: 0 ,width: 0 ,height: 0 ,area: 0, filling_rate: 1
layer: 1 ,width: 22935 ,height: 28875 ,area: 662248125, filling_rate: 0.887199
random seed: 2
best wirelength: 105099
initial_num_perturbs: 36
iter: 600
best_iter: 516
best_cost: 0.603839
reject_time: 243
accept_inferior_time: 163
update_best_time: 6
time cost: 0.053
