name,x,y,layer,rotated_angle,width,height,area,left,right,parent,is_from_left,
cc_C38060,0,94875,1,90,37030,8625,319383750,2,10,9,0,
cc_C40988,0,69000,1,90,37030,8625,319383750,-1,30,29,0,
cc_C43598,37030,71530,1,0,8625,37030,319383750,12,28,0,1,
cc_C46412,37030,17250,1,90,37030,8625,319383750,-1,-1,6,1,
cc_C48982,0,51750,1,90,37030,8625,319383750,-1,29,23,0,
cc_C51792,0,34500,1,90,37030,8625,319383750,11,23,6,0,
cc_C54385,0,25875,1,90,37030,8625,319383750,3,5,14,0,
cc_C57055,18000,0,0,180,6000,25920,155520000,-1,-1,24,1,
cc_C59668,0,0,0,0,6000,25920,155520000,13,-1,-1,0,
cc_C62278,0,86250,1,270,37030,8625,319383750,-1,0,30,0,
cc_C65067,0,103500,1,90,37030,8625,319383750,-1,21,0,0,
cc_C67839,37030,25875,1,90,37030,8625,319383750,-1,-1,5,1,
cc_C70494,45655,34500,1,0,8625,37030,319383750,-1,20,2,1,
cc_C73068,6000,0,0,0,6000,25920,155520000,24,-1,8,1,
cc_C75794,0,17250,1,90,37030,8625,319383750,-1,6,17,0,
cc_C78507,62905,34500,1,180,8625,37030,319383750,-1,-1,25,1,
cc_C390725,54280,71530,1,180,8625,37030,319383750,-1,-1,25,0,
cc_C393732,0,8625,1,270,37030,8625,319383750,31,14,22,0,
cc_C396426,37030,0,1,270,37030,8625,319383750,-1,-1,22,1,
cc_C399324,37030,117185,1,90,37030,8625,319383750,-1,-1,27,1,
cc_C401934,45655,71530,1,0,8625,37030,319383750,25,-1,12,0,
cc_C404828,0,112125,1,270,37030,8625,319383750,-1,27,10,0,
cc_C407517,0,0,1,270,37030,8625,319383750,18,17,-1,0,
cc_C410399,0,43125,1,270,37030,8625,319383750,26,4,5,0,
cc_C413083,12000,0,0,0,6000,25920,155520000,7,-1,13,1,
cc_C415825,54280,34500,1,0,8625,37030,319383750,15,16,20,1,
cc_C418719,37030,34500,1,0,8625,37030,319383750,-1,-1,23,1,
cc_C421704,0,120750,1,90,37030,8625,319383750,19,-1,21,0,
cc_C424482,37030,108560,1,90,37030,8625,319383750,-1,-1,2,0,
cc_C427157,0,60375,1,90,37030,8625,319383750,-1,1,4,0,
cc_C429953,0,77625,1,90,37030,8625,319383750,-1,9,1,0,
cc_C432668,37030,8625,1,270,37030,8625,319383750,-1,-1,17,1,
Wirelength: 646849
layer(tree) info:
layer: 0 ,width: 24000 ,height: 25920 ,area: 622080000, filling_rate: 1
layer: 1 ,width: 74060 ,height: 129375 ,area: 9581512500, filling_rate: 0.933333
random seed: 10
best wirelength: 646849
initial_num_perturbs: 1024
iter: 3200
best_iter: 3125
best_cost: 0.30263
reject_time: 924
accept_inferior_time: 866
update_best_time: 34
time cost: 0.21
