name,x,y,layer,rotated_angle,width,height,area,left,right,parent,is_from_left,
cc_C8466,24528,0,1,0,9072,8160,74027520,15,-1,1,1,
cc_C8467,15456,0,1,0,9072,8160,74027520,0,-1,13,1,
cc_C16429,131568,0,1,0,8112,10752,87220224,27,-1,9,1,
cc_C16430,131568,10752,1,180,8112,10752,87220224,-1,-1,8,1,
cc_C32011,94704,0,1,270,6144,12288,75497472,17,-1,22,1,
cc_C32012,89856,12288,1,180,12288,6144,75497472,18,-1,19,1,
cc_C39784,41712,0,1,180,7776,11232,87340032,10,-1,15,1,
cc_C39785,0,11232,1,270,11232,7776,87340032,-1,-1,12,0,
cc_C55552,123840,11232,1,0,7728,11232,86800896,3,-1,9,0,
cc_C55553,123840,0,1,180,7728,11232,86800896,2,8,14,1,
cc_C63404,49488,0,1,180,7728,11232,86800896,11,-1,6,1,
cc_C63405,57216,0,1,180,7728,11232,86800896,20,-1,10,1,
cc_C71293,0,0,1,180,7728,11232,86800896,13,7,-1,0,
cc_C71294,7728,0,1,0,7728,11232,86800896,1,-1,12,1,
cc_C86866,114768,0,1,180,9072,8160,74027520,9,-1,16,1,
cc_C86867,33600,0,1,180,8112,10752,87220224,6,-1,0,1,
cc_C86868,108624,0,1,90,6144,12288,75497472,14,-1,17,1,
cc_C86869,100848,0,1,0,7776,11232,87340032,16,-1,4,1,
cc_C86870,102144,12288,1,90,11232,7728,86800896,-1,-1,5,1,
cc_C94576,80784,12288,1,180,9072,8160,74027520,5,-1,21,0,
cc_C94577,64944,0,1,180,8112,10752,87220224,23,-1,11,1,
cc_C94578,80784,0,1,270,6144,12288,75497472,22,19,23,1,
cc_C94579,86928,0,1,180,7776,11232,87340032,4,-1,21,1,
cc_C94580,73056,0,1,180,7728,11232,86800896,21,-1,20,1,
cc_C102137,153600,0,1,90,8160,9072,74027520,28,-1,26,1,
cc_C102138,169488,0,1,0,8112,10752,87220224,33,-1,28,1,
cc_C102139,147456,0,1,270,6144,12288,75497472,24,-1,27,1,
cc_C102140,139680,0,1,180,7776,11232,87340032,26,-1,2,1,
cc_C102141,161760,0,1,180,7728,11232,86800896,25,-1,24,1,
cc_C109812,199248,0,1,270,8160,9072,74027520,-1,30,31,1,
cc_C109813,199248,9072,1,0,8112,10752,87220224,-1,-1,29,0,
cc_C109814,193104,0,1,270,6144,12288,75497472,29,-1,32,1,
cc_C109815,185328,0,1,180,7776,11232,87340032,31,-1,33,1,
cc_C109816,177600,0,1,180,7728,11232,86800896,32,-1,25,1,
Wirelength: 800162
layer(tree) info:
layer: 0 ,width: 0 ,height: 0 ,area: 0, filling_rate: 1
layer: 1 ,width: 207408 ,height: 22464 ,area: 4659213312, filling_rate: 0.603647
random seed: 7
best wirelength: 800162
initial_num_perturbs: 1156
iter: 3400
best_iter: 3303
best_cost: 0.375756
reject_time: 1104
accept_inferior_time: 1130
update_best_time: 21
time cost: 0.13
