name,x,y,layer,rotated_angle,width,height,area,left,right,parent,is_from_left,
cc_C8466,191664,10752,1,270,8160,9072,74027520,-1,-1,2,0,
cc_C8467,199776,0,1,0,9072,8160,74027520,-1,-1,2,1,
cc_C16429,191664,0,1,180,8112,10752,87220224,1,0,3,1,
cc_C16430,183552,0,1,180,8112,10752,87220224,2,-1,7,1,
cc_C32011,155760,0,1,270,6144,12288,75497472,12,-1,13,1,
cc_C32012,169632,0,1,90,6144,12288,75497472,7,-1,12,1,
cc_C39784,87552,8160,1,180,7776,11232,87340032,-1,-1,19,0,
cc_C39785,175776,0,1,0,7776,11232,87340032,3,-1,5,1,
cc_C55552,141888,12288,1,90,11232,7728,86800896,-1,-1,16,0,
cc_C55553,126384,0,1,180,7728,11232,86800896,17,14,18,1,
cc_C63404,42480,12288,1,270,11232,7728,86800896,-1,-1,27,1,
cc_C63405,45504,0,1,180,7728,11232,86800896,28,-1,26,1,
cc_C71293,161904,0,1,0,7728,11232,86800896,5,-1,4,1,
cc_C71294,148032,0,1,0,7728,11232,86800896,4,-1,16,1,
cc_C86866,126384,11232,1,90,8160,9072,74027520,-1,-1,9,0,
cc_C86867,60960,0,1,0,8112,10752,87220224,25,24,28,1,
cc_C86868,141888,0,1,90,6144,12288,75497472,13,8,17,1,
cc_C86869,134112,0,1,0,7776,11232,87340032,16,-1,9,1,
cc_C86870,118656,0,1,0,7728,11232,86800896,9,-1,20,1,
cc_C94576,87552,0,1,180,9072,8160,74027520,21,6,23,1,
cc_C94577,110544,0,1,0,8112,10752,87220224,18,-1,22,1,
cc_C94578,96624,0,1,90,6144,12288,75497472,22,-1,19,1,
cc_C94579,102768,0,1,180,7776,11232,87340032,20,-1,21,1,
cc_C94580,79824,0,1,180,7728,11232,86800896,19,-1,25,1,
cc_C102137,60960,10752,1,180,9072,8160,74027520,-1,-1,15,0,
cc_C102138,69072,0,1,90,10752,8112,87220224,23,-1,15,1,
cc_C102139,39360,0,1,270,6144,12288,75497472,11,-1,30,1,
cc_C102140,31248,12288,1,90,11232,7776,87340032,10,-1,30,0,
cc_C102141,53232,0,1,0,7728,11232,86800896,15,-1,11,1,
cc_C109812,18960,6144,1,180,9072,8160,74027520,-1,-1,31,0,
cc_C109813,31248,0,1,0,8112,10752,87220224,26,27,31,1,
cc_C109814,18960,0,1,0,12288,6144,75497472,30,29,33,1,
cc_C109815,0,0,1,90,11232,7776,87340032,33,-1,-1,0,
cc_C109816,11232,0,1,0,7728,11232,86800896,31,-1,32,1,
Wirelength: 790093
layer(tree) info:
layer: 0 ,width: 0 ,height: 0 ,area: 0, filling_rate: 1
layer: 1 ,width: 208848 ,height: 20304 ,area: 4240449792, filling_rate: 0.66326
random seed: 4
best wirelength: 790093
initial_num_perturbs: 1156
iter: 3400
best_iter: 3190
best_cost: 0.365307
reject_time: 1087
accept_inferior_time: 1143
update_best_time: 19
time cost: 0.198
