name,x,y,layer,rotated_angle,width,height,area,left,right,parent,is_from_left,
cc_C8466,0,0,1,90,8160,9072,74027520,3,28,-1,0,
cc_C8467,0,20304,1,0,9072,8160,74027520,-1,8,28,0,
cc_C16429,17259,7854,0,270,7524,5676,42706224,11,-1,30,1,
cc_C16430,8160,0,1,0,8112,10752,87220224,-1,-1,0,1,
cc_C32011,4290,30822,0,180,8613,4290,36949770,15,-1,5,1,
cc_C32012,0,24057,0,270,4290,8613,36949770,4,-1,24,0,
cc_C39784,0,12903,0,270,7854,5445,42765030,23,24,26,0,
cc_C39785,7854,25377,0,270,7854,5445,42765030,-1,-1,25,0,
cc_C55552,0,28464,1,270,11232,7728,86800896,22,-1,1,0,
cc_C55553,11232,18528,1,270,11232,7728,86800896,10,12,22,0,
cc_C63404,22464,23520,1,270,11232,7728,86800896,-1,-1,9,1,
cc_C63405,24783,16566,0,180,5412,7854,42505848,-1,13,2,1,
cc_C71293,11232,26256,1,90,11232,7728,86800896,-1,-1,9,0,
cc_C71294,24783,24420,0,0,5412,7854,42505848,-1,-1,11,0,
cc_C86866,25179,5412,0,180,6369,5709,36360621,-1,17,18,0,
cc_C86867,12903,30822,0,270,7524,5676,42706224,-1,-1,4,1,
cc_C86868,22464,11232,1,90,6144,12288,75497472,-1,-1,33,0,
cc_C86869,25179,11121,0,90,7854,5445,42765030,-1,-1,14,0,
cc_C86870,25179,0,0,270,7854,5412,42505848,-1,14,32,1,
cc_C94576,15708,14289,0,270,5709,6369,36360621,-1,20,23,1,
cc_C94577,15708,20658,0,90,7524,5676,42706224,-1,-1,19,0,
cc_C94578,5445,0,0,270,4290,8613,36949770,31,-1,27,1,
cc_C94579,11232,10752,1,90,11232,7776,87340032,33,9,8,1,
cc_C94580,7854,14289,0,270,7854,5412,42505848,19,25,6,1,
cc_C102137,0,18348,0,0,6369,5709,36360621,-1,5,6,0,
cc_C102138,7854,19701,0,90,7524,5676,42706224,-1,7,23,0,
cc_C102139,0,8613,0,0,8613,4290,36949770,-1,6,27,0,
cc_C102140,0,0,0,180,5445,7854,42765030,21,26,-1,0,
cc_C102141,0,9072,1,0,7728,11232,86800896,-1,1,0,0,
cc_C109812,14025,0,0,270,5709,6369,36360621,32,-1,31,1,
cc_C109813,9735,8613,0,270,7524,5676,42706224,2,-1,31,0,
cc_C109814,9735,0,0,270,4290,8613,36949770,29,30,21,1,
cc_C109815,19734,0,0,0,5445,7854,42765030,18,-1,29,1,
cc_C109816,22464,0,1,0,7728,11232,86800896,-1,16,22,1,
Wirelength: 488353
layer(tree) info:
layer: 0 ,width: 33033 ,height: 36498 ,area: 1205638434, filling_rate: 0.769361
layer: 1 ,width: 33696 ,height: 36192 ,area: 1219525632, filling_rate: 0.753505
random seed: 10
best wirelength: 488353
initial_num_perturbs: 1156
iter: 3400
best_iter: 3378
best_cost: 0.232973
reject_time: 968
accept_inferior_time: 1173
update_best_time: 60
time cost: 0.132
