name,x,y,layer,rotated_angle,width,height,area,left,right,parent,is_from_left,
cc_C8466,54648,13530,0,0,6369,5709,36360621,-1,17,30,0,
cc_C8467,44913,8613,0,0,6369,5709,36360621,-1,16,14,1,
cc_C16429,65505,0,0,0,5676,7524,42706224,-1,3,32,1,
cc_C16430,65505,7524,0,180,5676,7524,42706224,-1,15,2,0,
cc_C32011,29502,0,0,270,4290,8613,36949770,27,-1,5,1,
cc_C32012,25212,0,0,270,4290,8613,36949770,4,-1,7,1,
cc_C39784,7854,13530,0,90,7854,5445,42765030,25,-1,9,1,
cc_C39785,19767,0,0,0,5445,7854,42765030,5,-1,21,1,
cc_C55552,0,14223,0,180,5412,7854,42505848,20,9,23,0,
cc_C55553,0,22077,0,270,7854,5412,42505848,6,-1,8,0,
cc_C63404,39237,7854,0,180,5412,7854,42505848,-1,-1,11,0,
cc_C63405,39237,0,0,0,5412,7854,42505848,29,10,27,1,
cc_C71293,33792,7854,0,180,5412,7854,42505848,14,-1,27,0,
cc_C71294,12936,7854,0,90,7854,5412,42505848,-1,-1,20,1,
cc_C86866,39204,15708,0,270,5709,6369,36360621,1,-1,12,1,
cc_C86867,65505,15048,0,270,7524,5676,42706224,-1,18,3,0,
cc_C86868,44913,14322,0,0,8613,4290,36949770,-1,-1,1,0,
cc_C86869,54648,19239,0,180,5445,7854,42765030,-1,-1,0,0,
cc_C86870,65505,20724,0,180,5412,7854,42505848,-1,-1,15,0,
cc_C94576,0,0,0,90,5709,6369,36360621,22,23,-1,0,
cc_C94577,5412,7854,0,90,7524,5676,42706224,13,-1,8,1,
cc_C94578,11154,0,0,180,8613,4290,36949770,7,-1,22,1,
cc_C94579,5709,0,0,180,5445,7854,42765030,21,-1,19,1,
cc_C94580,0,6369,0,180,5412,7854,42505848,-1,8,19,0,
cc_C102137,23232,17226,0,180,6369,5709,36360621,-1,-1,28,0,
cc_C102138,15708,13266,0,270,7524,5676,42706224,28,-1,6,1,
cc_C102139,28644,8613,0,90,4290,8613,36949770,-1,-1,28,1,
cc_C102140,33792,0,0,180,5445,7854,42765030,11,12,4,1,
cc_C102141,23232,8613,0,180,5412,7854,42505848,26,24,25,1,
cc_C109812,44649,0,0,90,5709,6369,36360621,31,-1,11,1,
cc_C109813,54648,7854,0,270,7524,5676,42706224,-1,0,33,0,
cc_C109814,50358,0,0,270,4290,8613,36949770,33,-1,29,1,
cc_C109815,60060,0,0,0,5445,7854,42765030,2,-1,33,1,
cc_C109816,54648,0,0,180,5412,7854,42505848,32,30,31,1,
Wirelength: 482337
layer(tree) info:
layer: 0 ,width: 73029 ,height: 28578 ,area: 2087022762, filling_rate: 0.66015
layer: 1 ,width: 0 ,height: 0 ,area: 0, filling_rate: 1
random seed: 8
best wirelength: 482337
initial_num_perturbs: 1156
iter: 3400
best_iter: 3396
best_cost: 0.241079
reject_time: 1027
accept_inferior_time: 1176
update_best_time: 65
time cost: 0.127
