name,x,y,layer,rotated_angle,width,height,area,left,right,parent,is_from_left,
cc_C38060,18000,0,0,180,6000,25920,155520000,2,-1,5,1,
cc_C40988,48000,0,0,0,6000,25920,155520000,3,-1,21,1,
cc_C43598,24000,0,0,0,6000,25920,155520000,8,9,0,1,
cc_C46412,54000,0,0,0,6000,25920,155520000,7,30,1,1,
cc_C48982,12000,25920,0,0,6000,25920,155520000,11,-1,5,0,
cc_C51792,12000,0,0,0,6000,25920,155520000,0,4,19,1,
cc_C54385,85920,25920,0,180,6000,25920,155520000,-1,-1,16,1,
cc_C57055,60000,0,0,180,6000,25920,155520000,10,15,3,1,
cc_C59668,30000,0,0,0,6000,25920,155520000,13,-1,2,1,
cc_C62278,24000,25920,0,270,25920,6000,155520000,-1,18,2,0,
cc_C65067,66000,0,0,0,6000,25920,155520000,25,-1,7,1,
cc_C67839,18000,25920,0,180,6000,25920,155520000,-1,-1,4,1,
cc_C70494,84000,0,0,180,6000,25920,155520000,-1,-1,17,1,
cc_C73068,36000,0,0,0,6000,25920,155520000,21,-1,8,1,
cc_C75794,60000,31920,0,270,25920,6000,155520000,-1,-1,15,0,
cc_C78507,60000,25920,0,90,25920,6000,155520000,-1,14,7,0,
cc_C390725,79920,37920,0,180,6000,25920,155520000,6,-1,29,1,
cc_C393732,78000,0,0,180,6000,25920,155520000,12,-1,25,1,
cc_C396426,24000,31920,0,180,6000,25920,155520000,27,-1,9,0,
cc_C399324,6000,0,0,180,6000,25920,155520000,5,-1,31,1,
cc_C401934,6000,25920,0,180,6000,25920,155520000,-1,-1,24,1,
cc_C404828,42000,0,0,0,6000,25920,155520000,1,-1,13,1,
cc_C407517,48000,31920,0,0,6000,25920,155520000,-1,-1,26,1,
cc_C410399,0,0,1,0,8625,37030,319383750,-1,-1,-1,0,
cc_C413083,0,25920,0,0,6000,25920,155520000,20,-1,31,0,
cc_C415825,72000,0,0,0,6000,25920,155520000,17,-1,10,1,
cc_C418719,42000,31920,0,180,6000,25920,155520000,22,-1,28,1,
cc_C421704,30000,31920,0,180,6000,25920,155520000,28,-1,18,1,
cc_C424482,36000,31920,0,180,6000,25920,155520000,26,-1,27,1,
cc_C427157,54000,43920,0,90,25920,6000,155520000,16,-1,30,0,
cc_C429953,54000,37920,0,270,25920,6000,155520000,-1,29,3,0,
cc_C432668,0,0,0,0,6000,25920,155520000,19,24,-1,0,
Wirelength: 441852
layer(tree) info:
layer: 0 ,width: 91920 ,height: 63840 ,area: 5868172800, filling_rate: 0.821571
layer: 1 ,width: 8625 ,height: 37030 ,area: 319383750, filling_rate: 1
random seed: 3
best wirelength: 441852
initial_num_perturbs: 1024
iter: 3200
best_iter: 3087
best_cost: 0.261201
reject_time: 887
accept_inferior_time: 866
update_best_time: 31
time cost: 0.176
