name,x,y,layer,rotated_angle,width,height,area,left,right,parent,is_from_left,
cc_C8466,13563,29073,0,270,5709,6369,36360621,-1,-1,1,1,
cc_C8467,7854,27423,0,270,5709,6369,36360621,0,-1,2,0,
cc_C16429,7854,21747,0,90,7524,5676,42706224,-1,1,8,1,
cc_C16430,15411,21549,0,0,5676,7524,42706224,-1,-1,11,0,
cc_C32011,29700,0,0,0,8613,4290,36949770,5,33,14,1,
cc_C32012,38313,0,0,180,8613,4290,36949770,-1,17,4,1,
cc_C39784,38313,28710,0,270,7854,5445,42765030,-1,7,27,0,
cc_C39785,38313,34155,0,270,7854,5445,42765030,-1,-1,6,0,
cc_C55552,0,30030,0,90,7854,5412,42505848,2,-1,9,0,
cc_C55553,0,22176,0,180,5412,7854,42505848,-1,8,10,0,
cc_C63404,0,14322,0,180,5412,7854,42505848,-1,9,29,0,
cc_C63405,15411,16137,0,90,7854,5412,42505848,-1,3,20,0,
cc_C71293,38313,9735,0,90,7854,5412,42505848,-1,24,17,0,
cc_C71294,46167,4290,0,0,5412,7854,42505848,-1,-1,17,1,
cc_C86866,23991,0,0,90,5709,6369,36360621,4,32,16,1,
cc_C86867,44682,15147,0,0,5676,7524,42706224,-1,-1,24,1,
cc_C86868,19701,0,0,270,4290,8613,36949770,14,-1,21,1,
cc_C86869,38313,4290,0,90,7854,5445,42765030,13,12,5,0,
cc_C86870,29700,15378,0,90,7854,5412,42505848,-1,-1,25,0,
cc_C94576,9702,0,0,270,5709,6369,36360621,21,30,31,1,
cc_C94577,15411,8613,0,0,5676,7524,42706224,-1,11,21,0,
cc_C94578,15411,0,0,90,4290,8613,36949770,16,20,19,1,
cc_C94579,9702,13893,0,0,5445,7854,42765030,-1,-1,30,0,
cc_C94580,0,0,0,180,5412,7854,42505848,31,29,-1,0,
cc_C102137,38313,15147,0,180,6369,5709,36360621,15,27,12,0,
cc_C102138,29700,9702,0,90,7524,5676,42706224,-1,18,33,0,
cc_C102139,23991,26202,0,0,8613,4290,36949770,-1,-1,28,0,
cc_C102140,38313,20856,0,0,5445,7854,42765030,-1,6,24,0,
cc_C102141,23991,20790,0,90,7854,5412,42505848,-1,26,32,0,
cc_C109812,0,8613,0,180,6369,5709,36360621,-1,10,23,0,
cc_C109813,9702,6369,0,180,5676,7524,42706224,-1,22,19,0,
cc_C109814,5412,0,0,270,4290,8613,36949770,19,-1,23,1,
cc_C109815,23991,6369,0,180,5445,7854,42765030,-1,28,14,0,
cc_C109816,29700,4290,0,270,7854,5412,42505848,-1,25,4,0,
Wirelength: 531811
layer(tree) info:
layer: 0 ,width: 51579 ,height: 39600 ,area: 2042528400, filling_rate: 0.674531
layer: 1 ,width: 0 ,height: 0 ,area: 0, filling_rate: 1
random seed: 2
best wirelength: 531811
initial_num_perturbs: 1156
iter: 3400
best_iter: 3370
best_cost: 0.258423
reject_time: 1002
accept_inferior_time: 1163
update_best_time: 61
time cost: 0.134
