name,x,y,layer,rotated_angle,width,height,area,left,right,parent,is_from_left,
cc_C2791,0,0,0,180,11319,8580,97117020,-1,2,-1,0,
cc_C2792,11616,0,0,270,8580,11319,97117020,-1,4,2,1,
cc_C2793,0,8580,0,180,11616,8448,98131968,1,-1,0,0,
cc_C2794,0,11352,1,90,8448,11616,98131968,-1,-1,5,0,
cc_C2795,11616,11319,0,270,8679,11352,98524008,-1,-1,1,0,
cc_C2796,0,0,1,270,8679,11352,98524008,-1,3,-1,0,
Wirelength: 83300
layer(tree) info:
layer: 0 ,width: 20295 ,height: 22671 ,area: 460107945, filling_rate: 0.849562
layer: 1 ,width: 8679 ,height: 22968 ,area: 199339272, filling_rate: 0.986539
random seed: 8
best wirelength: 83300
initial_num_perturbs: 36
iter: 600
best_iter: 46
best_cost: 0.400108
reject_time: 244
accept_inferior_time: 182
update_best_time: 5
time cost: 0.029
