name,x,y,layer,rotated_angle,width,height,area,exceed_outline_area,left,right,parent,is_from_left,
macro_C124171,32582,23967,0,180,6369,5709,36360621,0,-1,1,6,1,
macro_C124172,32582,29676,0,180,6369,5709,36360621,0,-1,-1,0,0,
macro_C124173,32417,4446,0,90,7524,5676,42706224,0,-1,-1,122,1,
macro_C124174,24299,21871,0,270,7524,5676,42706224,0,-1,-1,38,1,
macro_C124175,0,32703,0,270,4290,8613,36949770,0,75,-1,7,0,
macro_C124176,15752,23430,0,90,4290,8613,36949770,0,30,-1,37,0,
macro_C124177,27137,27547,0,0,5445,7854,42765030,0,0,-1,29,1,
macro_C124178,0,27258,0,270,7854,5445,42765030,0,-1,4,10,0,
macro_C124179,0,7854,0,270,7854,5412,42505848,0,-1,72,27,0,
macro_C124180,13970,11121,0,0,5412,7854,42505848,0,115,102,56,1,
macro_C124181,0,21846,0,90,7854,5412,42505848,0,-1,7,51,0,
macro_C124182,0,26873,1,0,7728,11232,86800896,0,-1,-1,36,0,
macro_C124183,12063,20581,1,180,7728,11232,86800896,0,-1,-1,89,0,
macro_C124184,8195,26307,0,0,5412,7854,42505848,0,-1,-1,57,0,
macro_C124185,13266,0,0,180,6369,5709,36360621,0,53,-1,24,1,
macro_C124186,27383,0,1,270,10752,8112,87220224,0,-1,18,110,1,
macro_C124187,34239,15840,1,90,6144,12288,75497472,0,-1,-1,54,1,
macro_C124188,34862,16113,0,0,5445,7854,42765030,0,-1,-1,39,1,
macro_C124189,27383,8112,1,270,11232,7728,86800896,0,-1,-1,15,0,
macro_C124190,8195,11121,0,90,5709,6369,36360621,0,-1,104,28,0,
macro_C124191,13970,32043,0,180,5676,7524,42706224,0,-1,-1,121,0,
macro_C124192,32127,28128,1,90,6144,12288,75497472,0,-1,-1,54,0,
macro_C124193,19119,32160,1,90,11232,7776,87340032,0,-1,-1,23,1,
macro_C124194,7887,31813,1,90,11232,7728,86800896,0,22,-1,114,0,
macro_C124195,6897,0,0,180,6369,5709,36360621,0,14,-1,81,1,
macro_C124196,0,0,1,90,10752,8112,87220224,0,-1,31,-1,0,
macro_C124197,14127,0,1,90,6144,12288,75497472,0,69,-1,89,1,
macro_C124198,0,0,0,0,5445,7854,42765030,0,81,8,-1,0,
macro_C124199,8195,5709,0,270,7854,5412,42505848,0,-1,19,75,1,
macro_C124200,20768,27547,0,180,6369,5709,36360621,0,6,-1,90,0,
macro_C124201,20042,33256,0,0,5676,7524,42706224,0,-1,-1,5,1,
macro_C124202,0,8112,1,0,12288,6144,75497472,0,-1,100,25,0,
macro_C124203,22220,14017,0,0,5445,7854,42765030,0,41,-1,113,0,
macro_C124204,24399,20928,1,180,7728,11232,86800896,0,54,-1,103,1,
core_C1,23672,6573,0,270,1485,4507,6692895,0,101,64,112,0,
core_C3,20271,2064,1,0,6491,2112,13708992,0,-1,74,69,0,
core_C4,0,24761,1,0,6433,2112,13586496,0,-1,11,58,0,
core_C5,15752,21879,0,0,4690,1551,7274190,0,-1,5,121,1,
core_C6,22847,21871,0,90,1452,4491,6520932,0,3,-1,90,1,
core_C7,31710,13980,0,0,3152,2079,6553008,0,17,46,96,1,
core_C11,9951,16368,1,90,2112,6576,13888512,0,89,-1,114,1,
core_C13,27665,14017,0,90,1452,4413,6407676,0,96,78,32,1,
core_C14,13970,20427,0,180,4374,1452,6351048,0,-1,121,102,0,
core_C15,33644,10122,0,90,1254,3858,4837932,0,99,-1,49,1,
core_C16,28259,12050,0,0,4462,1452,6478824,0,-1,-1,65,1,
core_C18,32153,0,0,90,1452,4356,6324912,0,80,-1,118,1,
core_C19,31710,16059,0,180,2921,1914,5590794,0,-1,-1,39,0,
core_C22,36317,11706,0,270,1419,4407,6253533,0,-1,-1,116,1,
core_C23,31662,17973,0,180,3148,2046,6440808,0,-1,-1,94,1,
core_C24,29249,10598,0,180,4395,1452,6381540,0,43,-1,93,0,
core_C26,2400,22217,1,0,5201,2544,13231344,0,-1,-1,59,0,
core_C28,0,20427,0,0,4308,1419,6113052,0,-1,10,84,0,
core_C30,27863,0,0,90,1386,4325,5994450,0,77,-1,83,1,
core_C31,19635,0,0,270,1419,4297,6097443,0,-1,111,14,1,
core_C32,32127,15840,1,90,2112,6360,13432320,0,16,21,33,1,
core_C33,26727,18432,1,0,5037,2496,12572352,0,-1,-1,98,1,
core_C34,12452,17490,0,90,1518,4596,6976728,0,9,-1,107,1,
core_C35,8195,21780,0,90,1419,4442,6303198,0,108,13,71,0,
core_C36,0,16080,1,270,2400,4808,11539200,0,79,36,100,0,
core_C37,2400,19584,1,0,3228,2112,6817536,0,-1,50,79,0,
core_C38,4398,14718,0,0,3731,1848,6894888,0,-1,-1,119,1,
core_C41,20768,17289,0,90,1452,4549,6605148,0,63,90,115,1,
core_C42,5480,14256,1,180,6439,2112,13599168,0,-1,-1,100,1,
core_C43,22220,4421,0,90,1452,4457,6471564,0,120,113,61,1,
core_C45,23672,11080,0,0,4472,1485,6640920,0,-1,87,34,0,
core_C47,26609,6573,0,270,1650,4198,6926700,0,44,-1,101,1,
core_C48,20271,6288,1,0,6431,2064,13273584,0,-1,92,74,0,
core_C49,19635,6871,0,90,1749,3602,6299898,0,-1,97,111,0,
core_C50,4165,19041,0,180,3201,1056,3380256,0,-1,-1,84,1,
core_C51,20271,0,1,0,6361,2064,13129104,0,-1,35,26,1,
core_C54,10943,17490,0,270,1452,4363,6335076,0,-1,-1,71,1,
core_C55,8195,19998,0,180,2748,1782,4896936,0,70,57,104,0,
core_C56,0,13266,0,180,4402,1452,6391704,0,-1,119,8,0,
core_C57,26809,15840,1,0,5247,2592,13600224,0,-1,-1,95,1,
core_C58,20271,4176,1,180,6416,2112,13550592,0,-1,66,35,0,
core_C59,4290,32703,0,180,3905,1551,6056655,0,28,-1,4,1,
core_C60,20271,17040,1,90,3696,3696,13660416,0,-1,82,98,0,
core_C61,29249,0,0,90,1452,4482,6507864,0,118,117,52,1,
core_C62,27665,18551,0,180,3586,1782,6390252,0,91,-1,41,0,
core_C64,2400,16368,1,180,3231,3216,10390896,0,85,59,58,1,
core_C65,33605,0,0,90,1452,4381,6361212,0,123,-1,45,1,
core_C66,5445,0,0,90,1452,4492,6522384,0,24,-1,27,1,
core_C67,20271,20736,1,270,2112,6496,13719552,0,103,-1,76,0,
core_C68,26378,0,0,270,1485,4527,6722595,0,52,-1,86,1,
core_C72,0,19041,0,0,4165,1386,5772690,0,68,51,88,0,
core_C74,5631,16368,1,90,2256,5849,13195344,0,114,-1,79,1,
core_C75,25091,0,0,90,1287,3985,5128695,0,83,-1,120,1,
core_C77,23672,12565,0,0,4419,1452,6416388,0,-1,-1,64,0,
core_C78,0,17622,0,0,4417,1419,6267723,0,-1,84,106,0,
core_C79,12063,14256,1,270,2064,6325,13054800,0,26,12,40,1,
core_C80,20768,21871,0,270,2079,3164,6577956,0,38,29,61,0,
core_C81,31251,20019,0,0,3611,1782,6434802,0,-1,-1,78,1,
core_C82,20271,8352,1,0,6389,2112,13493568,0,-1,110,66,0,
core_C83,29249,6528,0,90,1584,4070,6446880,0,122,49,117,0,
core_C84,29117,16043,0,0,2545,2508,6382860,0,48,-1,96,0,
core_C85,20271,12768,1,0,6538,2160,14122080,0,73,98,110,0,
core_C86,29117,13502,0,0,2593,2541,6588813,0,39,94,41,1,
core_C87,19635,10473,0,0,2402,2343,5627886,0,-1,105,67,0,
core_C88,20271,14928,1,180,6456,2112,13635072,0,55,76,95,0,
core_C89,34898,10122,0,180,3993,1584,6324912,0,-1,116,43,1,
core_C90,0,14256,1,180,5480,1824,9995520,0,62,58,31,0,
core_C91,25157,6573,0,270,1452,4403,6393156,0,65,-1,34,1,
core_C92,13970,18975,0,0,4519,1452,6561588,0,-1,42,9,0,
core_C93,22383,20736,1,270,2016,6264,12628224,0,33,-1,82,1,
core_C94,8195,17490,0,0,2540,2508,6370320,0,-1,71,19,0,
core_C96,19635,12816,0,90,1485,4473,6642405,0,-1,-1,97,0,
core_C98,0,16170,0,180,4388,1452,6371376,0,-1,88,119,0,
core_C101,11033,21853,0,90,1419,4454,6320226,0,56,-1,108,1,
core_C102,9614,21853,0,270,1419,4442,6303198,0,107,-1,57,1,
core_C104,22212,0,0,90,1452,4421,6419292,0,-1,-1,111,1,
core_C107,20271,10464,1,0,7112,2304,16386048,0,15,95,92,0,
core_C108,19635,4297,0,180,2577,2574,6633198,0,109,67,53,0,
core_C109,23672,4527,0,180,3126,2046,6395796,0,-1,34,120,0,
core_C110,22220,8878,0,270,1452,4490,6519480,0,-1,32,63,0,
core_C111,7887,16368,1,90,2064,6355,13116720,0,40,23,85,1,
core_C112,19382,17289,0,90,1386,4213,5839218,0,61,-1,9,1,
core_C113,34898,11706,0,270,1419,4359,6185421,0,47,-1,99,0,
core_C114,29249,4482,0,0,3117,2046,6377382,0,-1,93,77,0,
core_C116,30701,0,0,270,1452,4361,6332172,0,45,-1,77,1,
core_C117,0,14718,0,180,4398,1452,6385896,0,60,106,72,0,
core_C118,23672,0,0,90,1419,4416,6266304,0,86,112,63,1,
core_C119,13970,21879,0,90,1782,3628,6465096,0,37,20,42,0,
core_C120,30833,6528,0,90,1584,3969,6286896,0,2,-1,93,1,
core_C121,35057,0,0,90,1452,4446,6455592,0,-1,-1,80,1,
Wirelength: 1.04557e+08
layer(tree) info:
layer: 0 ,width: 40307 ,height: 41316 ,area: 1665324012 ,blocks_area: 1297733184, filling_rate: 0.779268, utilizatio_rate: 0.776182
layer: 1 ,width: 40383 ,height: 40416 ,area: 1632119328 ,blocks_area: 1321102512, filling_rate: 0.80944, utilizatio_rate: 0.790159
random seed: 11
alpha: 0
gamma: 1
best wirelength: 1.04557e+08
initial_num_perturbs: 3720
iter: 0
best_iter: 0
best_cost: 0.330824
reject_time: 0
accept_inferior_time: 0
update_best_time: 877
adjustLegalOutline_fail_times: 0
outline_adjust_time: 1.569
initial_wirelength: 7.38084e+08
initial_average_wirelength: 2.23105e+09
7.38084e+08,initial_iter: 3720
initial_time: 3.81
total time cost: 100.001
