name,x,y,layer,rotated_angle,width,height,area,exceed_outline_area,left,right,parent,is_from_left,
macro_C2790,11677,8580,1,180,11319,8580,97117020,0,-1,-1,1,0,
macro_C2791,11677,0,1,0,11319,8580,97117020,0,-1,0,2,1,
macro_C2792,3229,5940,1,90,8448,11616,98131968,0,1,-1,13,1,
macro_C2793,8679,0,0,0,11616,8448,98131968,0,-1,4,5,1,
macro_C2794,8679,8448,0,0,11352,8679,98524008,0,-1,-1,3,0,
macro_C2795,0,5915,0,90,8679,11352,98524008,0,3,-1,7,0,
core_C0,0,5775,1,0,3175,3168,10058400,0,10,13,11,0,
core_C1,0,2607,0,90,3300,3308,10916400,0,8,5,12,0,
core_C4,3300,2607,0,0,3234,3234,10458756,0,-1,-1,7,1,
core_C7,0,0,1,0,4041,2673,10801593,0,-1,11,-1,0,
core_C9,3175,2673,1,180,3284,3267,10728828,0,-1,-1,6,1,
core_C11,0,2673,1,0,3159,3102,9799218,0,-1,6,9,0,
core_C12,0,0,0,0,3995,2607,10414965,0,-1,7,-1,0,
core_C13,0,8943,1,0,3229,3168,10229472,0,2,-1,6,0,
Wirelength: 2.14332e+07
layer(tree) info:
layer: 0 ,width: 20295 ,height: 17267 ,area: 350433765 ,blocks_area: 326970105, filling_rate: 0.933044, utilizatio_rate: 0.748215
layer: 1 ,width: 22996 ,height: 17556 ,area: 403717776 ,blocks_area: 343983519, filling_rate: 0.85204, utilizatio_rate: 0.787148
random seed: 9
alpha: 0
gamma: 1
best wirelength: 2.14332e+07
initial_num_perturbs: 420
iter: 0
best_iter: 0
best_cost: 0.335472
reject_time: 0
accept_inferior_time: 0
update_best_time: 0
adjustLegalOutline_fail_times: 0
outline_adjust_time: 0.016
initial_wirelength: 2.48101e+07
initial_average_wirelength: 7.39559e+07
2.48101e+07,initial_iter: 420
initial_time: 0.041
total time cost: 0.443
