name,x,y,layer,rotated_angle,width,height,area,exceed_outline_area,left,right,parent,is_from_left,
macro_C415824,1748,100339,0,0,5520,23736,131022720,0,506,463,481,0,
macro_C393731,60794,26426,0,0,5520,23736,131022720,0,50,395,383,1,
macro_C396425,30342,2300,0,0,5520,23736,131022720,0,-1,453,69,1,
macro_C399323,23626,102200,0,0,5520,23736,131022720,0,345,-1,217,0,
macro_C401933,44878,61958,0,0,5520,23736,131022720,0,567,444,27,0,
macro_C404827,50490,46229,0,0,5520,23736,131022720,0,363,102,187,1,
macro_C407516,9200,4140,0,0,5520,23736,131022720,0,152,387,19,1,
macro_C410398,43677,92106,1,0,8625,37030,319383750,0,-1,-1,533,0,
macro_C413082,20148,10763,1,0,8625,37030,319383750,0,-1,306,265,0,
macro_C40987,30820,48990,1,0,8625,37030,319383750,0,293,47,135,0,
macro_C418718,54814,82182,0,0,5520,23736,131022720,0,639,284,126,0,
macro_C421703,30544,2645,1,0,8625,37030,319383750,0,-1,51,417,1,
macro_C424481,20240,60514,1,0,8625,37030,319383750,0,-1,631,606,1,
macro_C427156,48650,4600,0,0,5520,23736,131022720,0,-1,404,301,1,
macro_C429952,8809,7841,1,0,8625,37030,319383750,0,-1,370,26,1,
macro_C432667,92,5750,1,0,8625,37030,319383750,0,-1,596,577,0,
macro_C38059,58770,2024,0,0,5520,23736,131022720,0,508,520,205,1,
macro_C78506,41014,7940,0,0,5520,23736,131022720,0,259,115,499,0,
macro_C390724,23626,10089,0,0,5520,23736,131022720,0,43,275,410,0,
macro_C43597,3680,10396,0,0,5520,23736,131022720,0,6,354,316,0,
macro_C46411,60794,54210,0,0,5520,23736,131022720,0,215,280,233,0,
macro_C48981,12383,62157,0,0,5520,23736,131022720,0,212,385,337,0,
macro_C51791,5704,67988,0,0,5520,23736,131022720,0,191,403,49,0,
macro_C54384,64750,80468,0,0,5520,23736,131022720,0,-1,571,372,0,
macro_C57054,45627,100955,0,0,5520,23736,131022720,0,-1,-1,585,1,
macro_C62277,51336,19043,1,0,8625,37030,319383750,0,369,207,362,1,
macro_C65066,184,42780,1,0,8625,37030,319383750,0,14,268,596,1,
macro_C67838,44878,38222,0,0,5520,23736,131022720,0,517,4,247,0,
macro_C70493,23626,37085,0,0,5520,23736,131022720,0,79,31,275,0,
macro_C73067,5704,41860,0,0,5520,23736,131022720,0,583,49,195,0,
macro_C75793,35126,70831,0,0,5520,23736,131022720,0,-1,186,305,1,
macro_C59667,23626,60821,0,0,5520,23736,131022720,0,271,487,28,0,
core_C930,70574,0,0,270,2484,5297,13157748,0,-1,-1,431,1,
core_C1124,63143,123331,0,180,6415,2116,13574140,0,-1,-1,524,1,
core_C1270,22954,105709,1,180,4625,4600,21275000,0,-1,521,629,1,
core_C1382,41014,87946,0,180,3591,3588,12884508,0,-1,109,324,0,
core_C1112,50490,83342,0,0,4315,2760,11909400,0,-1,543,322,0,
core_C126,68500,58136,1,270,3565,5411,19290215,0,359,282,591,1,
core_C1684,72570,63140,0,270,2208,5903,13033824,0,-1,-1,254,1,
core_C1556,38051,45310,1,180,5545,3680,20405600,0,-1,-1,525,0,
core_C599,0,23155,0,90,3496,3583,12526168,0,-1,105,236,0,
core_C919,33194,58047,0,0,5168,2576,13312768,0,-1,475,129,0,
core_C1502,43769,18575,1,270,3105,6611,20527155,0,-1,565,142,0,
core_C356,29146,28520,0,90,2208,5713,12614304,0,522,-1,18,1,
core_C1322,60794,81534,0,270,2024,6443,13040632,0,552,512,280,0,
core_C1329,51401,98931,0,270,2484,5297,13157748,0,-1,-1,456,1,
core_C1044,19762,112902,0,90,2944,4609,13568896,0,-1,-1,85,0,
core_C318,30820,86020,1,90,4255,4308,18330540,0,-1,401,9,0,
core_C1681,12383,88101,0,0,5857,2208,12932256,0,-1,96,385,0,
core_C1652,5704,65596,0,180,5035,2392,12043720,0,-1,22,29,0,
core_C667,66314,43091,0,90,2116,6645,14060820,0,178,-1,1,1,
core_C285,30544,39675,1,0,7266,2875,20889750,0,-1,616,11,0,
core_C15,11500,106933,0,90,2024,6346,12844304,0,297,-1,341,0,
core_C925,72846,80032,0,90,2024,6418,12990032,0,-1,-1,250,1,
core_C1409,14395,47401,1,90,2530,7938,20083140,0,-1,-1,288,1,
core_C562,33932,38621,0,90,3496,3521,12309416,0,388,-1,271,1,
core_C168,64906,33473,1,90,3105,6217,19303785,0,538,-1,412,1,
core_C458,52790,88862,0,90,2024,6573,13303752,0,126,-1,371,1,
core_C1109,17903,69425,0,0,3712,3680,13660160,0,-1,-1,170,0,
core_C943,49449,11798,1,0,5689,3565,20281285,0,378,-1,80,1,
core_C1583,67381,48336,1,0,8113,2530,20525890,0,-1,-1,185,1,
core_C100,11914,72461,1,90,2185,4546,9933010,0,-1,-1,285,1,
core_C1141,69460,111890,1,90,2645,8012,21191740,0,159,-1,500,0,
core_C879,14720,20649,0,0,5981,2208,13206048,0,-1,377,200,0,
core_C355,69575,92216,1,90,2300,7427,17082100,0,-1,-1,299,1,
core_C387,44878,92308,0,90,2024,6215,12579160,0,-1,456,444,0,
core_C647,36398,33362,0,90,2852,4557,12996564,0,-1,-1,291,1,
core_C439,15714,110733,0,180,3276,2024,6630624,0,-1,257,348,0,
core_C721,27490,91549,0,90,2024,6492,13139808,0,561,-1,358,1,
core_C239,26754,1840,0,270,3588,3678,13196664,0,2,-1,225,1,
core_C1333,64906,56961,1,270,3220,6447,20759340,0,-1,-1,407,1,
core_C266,66930,105778,1,90,2530,7651,19357030,0,500,-1,414,0,
core_C951,43769,59869,1,90,4485,4688,21025680,0,-1,87,300,0,
core_C406,48834,89374,0,90,1932,6005,11601660,0,371,-1,330,1,
core_C259,50398,44205,0,0,6487,2024,13129688,0,-1,-1,567,0,
core_C522,53866,80805,1,0,7457,2760,20581320,0,-1,593,260,1,
core_C1618,8809,65216,1,0,5618,3680,20674240,0,231,-1,400,0,
core_C875,51263,95435,0,180,3540,3496,12375840,0,626,-1,496,1,
core_C841,1748,71892,0,0,3739,3588,13415532,0,-1,298,99,0,
core_C1299,29146,37085,0,180,3572,3496,12487712,0,291,-1,28,1,
core_C44,43769,10335,1,0,5680,3565,20249200,0,59,142,610,1,
core_C1017,37794,2484,0,90,2024,6266,12682384,0,-1,101,546,1,
core_C1331,61893,88421,1,270,3565,5584,19906960,0,-1,156,530,0,
core_C98,17618,7888,1,90,2530,8110,20518300,0,-1,296,193,0,
core_C330,66590,18209,0,0,5159,2576,13289584,0,-1,103,91,0,
core_C358,19762,107934,0,90,2484,4968,12340512,0,-1,46,483,0,
core_C210,17738,112757,0,90,2024,6603,13364472,0,630,-1,257,1,
core_C996,43769,64557,1,90,3335,5260,17542100,0,-1,204,72,0,
core_C780,29146,113229,0,180,6384,2024,12921216,0,-1,-1,424,0,
core_C1441,9476,97888,0,90,2024,6249,12647976,0,198,-1,315,0,
core_C576,8809,47401,1,180,5555,3565,19803575,0,-1,288,370,0,
core_C1456,66590,5003,0,90,1932,6065,11717580,0,92,84,508,1,
core_C309,68522,3547,0,90,2024,6511,13178264,0,572,-1,91,1,
core_C57,48921,15363,1,0,5601,3680,20611680,0,-1,380,612,1,
core_C1493,5903,79810,1,90,2875,5863,16856125,0,-1,-1,268,1,
core_C1295,66590,27298,0,90,2116,6350,13436600,0,171,228,103,0,
core_C1113,12383,90309,0,0,6357,2116,13451412,0,262,-1,48,0,
core_C1022,19380,29778,0,90,2024,6166,12479984,0,-1,-1,527,1,
core_C34,11431,100343,1,180,5476,3565,19521940,0,320,488,620,0,
core_C1287,1748,68396,0,180,3630,3496,12690480,0,-1,78,290,0,
core_C729,67105,56148,0,90,2116,5371,11365036,0,-1,189,122,0,
core_C1070,37794,8750,0,90,1932,6052,11692464,0,-1,505,81,0,
core_C820,50490,69965,0,180,4434,2944,13053696,0,-1,536,5,0,
core_C1151,66590,20785,0,90,2024,6513,13182312,0,111,95,84,0,
core_C1685,37150,121084,0,0,4502,2944,13253888,0,223,-1,242,0,
core_C929,0,26738,0,90,1932,6194,11966808,0,-1,443,40,0,
core_C1114,184,109189,1,0,8265,2530,20910450,0,-1,537,528,0,
core_C1484,54142,121200,1,0,6765,2185,14781525,0,245,418,595,0,
core_C1084,51336,59408,1,270,3565,5415,19304475,0,648,474,207,0,
core_C1197,41014,91534,0,90,2208,5597,12358176,0,-1,429,35,0,
core_C1135,31262,70283,0,90,1932,6242,12059544,0,643,433,561,1,
core_C934,68614,20785,0,270,2944,4581,13486464,0,-1,-1,103,1,
core_C845,31262,90480,0,0,3607,3588,12941916,0,-1,229,628,0,
core_C206,70393,19367,1,90,3105,6372,19785060,0,-1,647,440,0,
core_C33,299,92230,1,90,3105,6394,19853370,0,646,-1,615,1,
core_C302,41014,31676,0,0,3249,3128,10162872,0,-1,133,17,0,
core_C589,61893,77496,1,0,8169,2530,20667570,0,460,174,452,0,
core_C158,8137,116640,0,180,4335,2852,12363420,0,-1,252,510,1,
core_C414,58770,51024,0,90,1932,6251,12076932,0,-1,526,529,0,
core_C1116,70546,72120,0,180,5033,2484,12501972,0,-1,376,136,0,
core_C1033,14720,14117,0,180,6191,2024,12530584,0,-1,514,150,0,
core_C1170,19480,49651,0,90,1840,5903,10861520,0,-1,-1,570,1,
core_C376,67105,49736,0,90,2024,6219,12587256,0,219,100,395,1,
core_C1265,29146,43617,0,0,5264,2484,13075776,0,342,550,271,0,
core_C613,30636,42550,1,0,7415,2415,17907225,0,375,602,616,1,
core_C459,6439,2530,1,0,6440,3220,20736800,0,132,-1,577,1,
core_C238,54814,75853,0,90,1932,6329,12227628,0,205,10,57,1,
core_C506,24863,47793,1,90,3220,6511,20965420,0,-1,346,272,1,
core_C46,38640,91770,1,0,4679,4600,21523400,0,-1,226,482,1,
core_C1232,33194,56115,0,0,6246,1932,12067272,0,-1,41,436,0,
core_C187,18216,25157,0,90,3036,4621,14029356,0,-1,-1,256,1,
core_C450,58770,38192,0,90,2024,6228,12605472,0,-1,529,383,0,
core_C494,12879,0,1,90,2530,7841,19837730,0,-1,-1,125,1,
core_C915,41014,34804,0,90,2208,5759,12715872,0,-1,146,115,0,
core_C1043,52131,104228,0,90,2024,6447,13048728,0,-1,-1,411,1,
core_C449,30820,44965,1,180,7220,2760,19927200,0,-1,9,611,1,
core_C10,70546,69268,0,0,4482,2852,12782664,0,-1,119,254,0,
core_C178,38466,58047,0,90,2024,6504,13164096,0,-1,264,548,1,
core_C1045,72478,44842,0,90,2116,6430,13605880,0,-1,-1,182,1,
core_C1298,59298,117097,0,0,4626,2944,13618944,0,-1,-1,344,0,
core_C1488,18370,0,0,90,2024,6590,13338160,0,-1,-1,152,1,
core_C1587,64290,15982,0,270,1564,3949,6176236,0,-1,373,579,0,
core_C1285,43769,13900,1,270,4600,4675,21505000,0,-1,42,80,0,
core_C1313,38732,100855,1,90,2415,7798,18832170,0,241,-1,613,1,
core_C1249,38640,108673,1,180,4800,4600,22080000,0,-1,-1,613,0,
core_C1067,8809,68896,1,0,5348,3565,19065620,0,-1,285,644,1,
core_C922,41014,40563,0,90,2208,5678,12537024,0,-1,203,133,0,
core_C1050,41014,67333,0,90,2208,5835,12883680,0,-1,165,267,0,
core_C306,37966,0,0,0,5082,2484,12623688,0,-1,-1,504,1,
core_C228,58770,75703,0,90,2024,6256,12662144,0,416,-1,216,0,
core_C28,14720,7728,0,0,3622,3588,12995736,0,367,120,152,0,
core_C326,14591,55668,0,270,2024,6464,13083136,0,-1,-1,337,1,
core_C443,14720,4140,0,180,3650,3588,13096200,0,140,150,6,1,
core_C156,56010,58523,0,90,2024,6326,12803824,0,-1,-1,274,0,
core_C1159,25369,110309,1,90,2645,5743,15190235,0,417,-1,521,1,
core_C446,30798,63655,0,90,2024,6628,13415072,0,-1,-1,490,1,
core_C1155,61893,94005,1,0,4706,4485,21106410,0,-1,558,82,0,
core_C1548,35862,8635,0,90,1932,6347,12262404,0,-1,214,546,0,
core_C1326,1748,55411,0,90,1932,6221,12018972,0,339,290,295,1,
core_C740,72105,110194,1,90,2530,7639,19326670,0,-1,-1,62,1,
core_C27,37794,21297,0,90,1932,6264,12102048,0,-1,-1,505,0,
core_C133,60402,103044,0,90,2576,5477,14108752,0,-1,-1,175,1,
core_C350,37150,102479,0,180,3595,3496,12568120,0,-1,361,427,0,
core_C616,70546,7873,0,90,2024,6380,12913120,0,-1,303,572,0,
core_C1605,69884,56148,0,180,5901,2208,13029408,0,-1,312,372,1,
core_C254,41014,73168,0,180,3635,3496,12707960,0,-1,201,147,0,
core_C574,70454,38928,0,90,2208,5914,13058112,0,-1,182,178,1,
core_C191,70546,92161,0,0,5263,2484,13073292,0,-1,343,250,0,
core_C1019,30912,107066,1,90,2530,7940,20088200,0,599,-1,564,0,
core_C244,3680,55877,0,90,2024,6537,13230888,0,-1,-1,636,0,
core_C591,17903,65745,0,0,3691,3680,13582880,0,-1,58,212,0,
core_C200,68706,25366,0,90,2024,6579,13315896,0,194,251,95,1,
core_C972,54798,2576,0,270,2024,6615,13388760,0,-1,313,281,1,
core_C74,28014,118563,1,0,8273,2530,20930690,0,592,-1,417,0,
core_C1261,61893,80026,1,0,7990,2645,21133550,0,261,466,116,0,
core_C978,54814,110058,0,180,5588,1748,9767824,0,161,641,273,0,
core_C627,54814,114750,0,180,4350,2852,12406200,0,-1,177,641,0,
core_C748,54814,117602,0,0,4379,2852,12488908,0,-1,351,176,0,
core_C373,68430,43091,0,90,2024,6388,12929312,0,166,-1,50,1,
core_C1009,3680,43128,0,90,2024,6397,12947528,0,-1,636,309,0,
core_C108,43677,2530,1,90,2530,7805,19746650,0,465,610,241,1,
core_C380,55320,27242,0,90,2024,6246,12641904,0,-1,-1,421,0,
core_C555,70454,44842,0,90,2024,6357,12866568,0,138,430,166,0,
core_C1030,54798,15704,0,270,2484,5146,12782664,0,-1,-1,313,0,
core_C1455,13974,97117,0,180,4229,1380,5836020,0,-1,-1,409,0,
core_C537,61801,48336,1,0,5580,3680,20534400,0,60,338,218,0,
core_C1284,35126,94567,0,0,5299,2484,13162716,0,-1,516,30,0,
core_C1089,46902,85694,0,270,3588,3680,13203840,0,5,330,444,1,
core_C1356,1748,92348,0,90,2944,4495,13233280,0,-1,481,633,0,
core_C476,67105,61519,0,90,2116,6429,13603764,0,-1,458,100,0,
core_C1688,45522,0,0,0,6559,2024,13275416,0,576,-1,382,1,
core_C959,11224,50516,0,0,5772,2300,13275600,0,570,-1,22,1,
core_C1037,17618,40365,1,90,2530,8276,20938280,0,-1,-1,413,0,
core_C289,17618,3220,1,270,4600,4668,21472800,0,-1,83,441,0,
core_C1691,70730,25366,0,270,3588,3740,13419120,0,-1,563,171,1,
core_C753,5704,39744,0,0,6362,2116,13461992,0,332,29,213,0,
core_C1140,2852,0,0,0,5371,2576,13835696,0,509,-1,389,1,
core_C431,13524,107145,0,90,1932,6329,12227628,0,-1,399,232,0,
core_C153,11500,98497,0,0,6859,2116,14513644,0,-1,341,89,1,
core_C954,11431,107588,1,180,7840,2415,18933600,0,-1,-1,488,0,
core_C654,14720,18625,0,0,6200,2024,12548800,0,-1,63,514,0,
core_C422,41014,76664,0,90,2484,5069,12591396,0,-1,324,165,0,
core_C649,64906,39690,1,270,2185,4685,10236725,0,439,-1,544,1,
core_C1185,41014,46241,0,180,3637,3588,13049556,0,-1,531,146,0,
core_C1450,43769,69817,1,90,2530,8100,20493000,0,473,-1,87,0,
core_C1250,56746,73545,0,90,2024,6484,13123616,0,16,-1,126,1,
core_C1288,1748,82993,0,0,3661,3588,13135668,0,-1,633,448,0,
core_C1076,51336,56073,1,180,5202,3335,17348670,0,-1,108,25,0,
core_C1698,54487,0,1,90,2530,8233,20829490,0,562,408,462,1,
core_C1620,72878,30340,1,90,2875,5916,17008500,0,-1,-1,439,1,
core_C1303,51336,74302,1,90,3220,6503,20939660,0,239,260,255,0,
core_C183,8801,2116,0,0,6632,2024,13423168,0,-1,-1,339,1,
core_C888,17903,62157,0,180,3765,3588,13508820,0,-1,170,21,1,
core_C1321,5704,36708,0,0,4583,3036,13913988,0,635,195,309,1,
core_C583,35862,14982,0,90,1932,6100,11785200,0,442,-1,157,0,
core_C1059,66314,74458,0,90,3404,3526,12002504,0,-1,-1,20,1,
core_C313,58770,69426,0,90,2024,6277,12704648,0,-1,149,364,0,
core_C129,23626,99440,0,0,5663,2760,15629880,0,-1,3,472,0,
core_C106,61801,45576,1,0,7284,2760,20103840,0,-1,185,544,0,
core_C952,69129,54032,0,0,6418,2116,13580488,0,-1,-1,122,1,
core_C1142,64750,106780,0,0,3702,3680,13623360,0,-1,519,571,0,
core_C1085,56856,109763,1,90,1955,5151,10070205,0,-1,-1,551,0,
core_C1369,46299,82460,1,90,2875,7231,20789125,0,-1,507,289,0,
core_C905,41652,124691,0,180,4680,2300,10764000,0,411,-1,104,1,
core_C284,53866,83749,1,180,7254,2875,20855250,0,-1,607,614,0,
core_C1306,24178,2852,0,90,2576,5213,13428688,0,69,-1,575,1,
core_C1391,38640,96370,1,0,4680,4485,20989800,0,-1,613,128,0,
core_C1086,29514,101060,0,0,5251,2576,13526576,0,-1,447,561,0,
core_C22,66590,33648,0,270,1932,5855,11311860,0,-1,-1,95,0,
core_C1566,31262,94068,0,180,3419,3404,11638276,0,-1,511,112,0,
core_C789,48921,41893,1,90,2415,7339,17723685,0,-1,-1,426,0,
core_C368,14427,60514,1,90,2645,5570,14732650,0,-1,368,76,1,
core_C700,13524,105213,0,180,6221,1932,12018972,0,-1,197,535,0,
core_C141,60794,52186,0,0,6120,2024,12386880,0,-1,20,395,0,
core_C1068,73140,80933,1,90,2530,7654,19364620,0,-1,609,428,0,
core_C173,64594,0,0,90,2484,5003,12427452,0,431,-1,557,1,
core_C138,0,17404,0,90,2116,5751,12169116,0,-1,40,470,0,
core_C664,13721,33273,0,180,5054,2484,12554136,0,-1,-1,333,0,
core_C470,68522,106780,0,90,2024,6224,12597376,0,555,244,588,1,
core_C1097,54556,74302,1,270,3105,6342,19691910,0,-1,-1,210,1,
core_C1134,7452,91724,0,0,4931,3220,15877820,0,582,396,403,1,
core_C1418,41147,100855,1,90,2530,7818,19779540,0,180,-1,143,1,
core_C222,37150,119060,0,0,6251,2024,12652024,0,-1,104,361,0,
core_C1041,11451,115293,1,0,7835,2530,19822550,0,-1,-1,501,0,
core_C1606,68522,113004,0,90,2024,6279,12708696,0,250,-1,238,0,
core_C66,60907,119639,1,180,7419,2760,20476440,0,-1,-1,107,1,
core_C1398,19052,44343,0,270,2484,5308,13185072,0,-1,-1,515,1,
core_C992,44878,35646,0,180,5191,2576,13372016,0,-1,27,301,0,
core_C505,38885,42353,0,90,1380,4476,6176880,0,-1,-1,331,1,
core_C1294,70001,36352,0,0,5341,2576,13758416,0,-1,-1,353,1,
core_C916,70546,86297,0,90,2300,5864,13487200,0,53,167,244,1,
core_C176,68706,34420,0,180,6012,1932,11615184,0,-1,-1,171,0,
core_C342,8137,119492,0,0,3464,3312,11472768,0,-1,-1,117,0,
core_C586,29146,49781,0,90,2208,5599,12362592,0,-1,634,550,0,
core_C271,70546,63140,0,90,2024,6128,12403072,0,38,136,555,0,
core_C327,51336,71542,1,0,7324,2760,20214240,0,632,210,556,0,
core_C1293,14720,25157,0,270,3496,3608,12613568,0,130,-1,377,0,
core_C1081,15714,112757,0,270,2024,6239,12627736,0,86,-1,67,0,
core_C1361,13967,38333,0,180,4550,2852,12976600,0,325,-1,527,0,
core_C840,46534,2024,0,90,2024,6431,13016344,0,281,-1,17,1,
core_C1374,51336,80805,1,90,2530,7854,19870620,0,75,-1,210,0,
core_C953,69883,80026,1,90,2530,8078,20437340,0,-1,-1,174,1,
core_C849,18740,73105,0,90,2024,6336,12824064,0,-1,-1,96,1,
core_C1532,59961,19813,1,90,3105,6470,20089350,0,294,573,369,0,
core_C1328,38466,64551,0,90,2208,5827,12866016,0,-1,-1,137,0,
core_C1319,20148,7888,1,180,7412,2875,21309500,0,327,8,296,1,
core_C1527,19078,85245,0,90,2300,5797,13333100,0,-1,-1,560,0,
core_C838,41014,62112,0,90,2576,5221,13449296,0,-1,147,491,0,
core_C317,184,79810,1,0,5719,3680,21045920,0,94,486,26,0,
core_C778,57966,64978,1,90,3220,6564,21136080,0,-1,-1,556,1,
core_C329,35926,86020,1,0,7358,2875,21154250,0,-1,598,534,1,
core_C76,29146,40581,0,180,4786,3036,14530296,0,55,123,31,1,
core_C1463,20148,52163,1,90,4715,4847,22853605,0,127,554,306,0,
core_C520,54814,108402,0,180,5302,1656,8780112,0,-1,175,284,0,
core_C214,56010,52406,0,90,2024,6117,12380808,0,-1,153,363,0,
core_C1052,23626,33825,0,0,4361,2852,12437572,0,405,28,18,0,
core_C1524,42854,81733,0,90,2024,6213,12575112,0,301,-1,324,1,
core_C1004,54234,105478,1,90,2530,7770,19658100,0,-1,645,454,0,
core_C5,64501,121307,0,0,6384,2024,12921216,0,-1,-1,584,0,
core_C442,41014,103095,0,90,3588,3601,12920388,0,-1,-1,429,0,
core_C250,60794,77946,0,180,3605,3588,12934740,0,-1,44,20,0,
core_C1246,48558,2576,0,0,6240,2024,12629760,0,172,-1,259,1,
core_C885,68500,65662,1,180,4523,4370,19765510,0,-1,-1,37,0,
core_C1694,33194,52067,0,180,6427,2024,13008248,0,-1,436,643,0,
core_C921,54814,105918,0,0,5181,2484,12869604,0,-1,273,10,0,
core_C1656,8809,72461,1,90,3105,6562,20375010,0,61,618,145,0,
core_C12,46299,31477,1,90,2530,7855,19873150,0,-1,-1,637,1,
core_C164,11523,90430,1,90,3680,5543,20398240,0,-1,495,485,0,
core_C205,8809,50966,1,0,5586,3680,20556480,0,54,317,90,0,
core_C290,46299,77867,1,270,4370,4593,20071410,0,-1,222,473,0,
core_C132,1748,62414,0,90,2208,5982,13208256,0,-1,99,158,0,
core_C715,32718,34924,0,270,3680,3697,13604960,0,66,-1,79,1,
core_C1296,61893,70366,1,180,4643,4600,21357800,0,-1,452,591,0,
core_C1649,39445,48990,1,90,2530,8240,20847200,0,-1,-1,9,1,
core_C1517,63066,14593,1,90,2875,7283,20938625,0,-1,477,263,1,
core_C1082,0,55411,0,90,1748,5737,10028276,0,158,-1,304,0,
core_C730,17618,15998,1,90,2530,8294,20983820,0,265,468,83,0,
core_C275,13524,100613,0,0,5836,2300,13422800,0,-1,535,52,1,
core_C1559,1748,75480,0,90,3588,3741,13422708,0,-1,448,78,0,
core_C567,66930,92216,1,90,2645,7958,21048910,0,64,414,422,0,
core_C557,43769,55176,1,90,4485,4693,21048105,0,-1,72,651,0,
core_C1383,44878,31676,0,90,3772,3793,14307196,0,13,247,276,1,
core_C515,14628,82495,1,180,5266,3450,18167700,0,-1,-1,336,0,
core_C397,70546,14253,0,180,4041,3956,15986196,0,-1,-1,163,0,
core_C604,0,52007,0,180,3502,3404,11920808,0,394,295,587,0,
core_C736,33194,70831,0,90,1932,6318,12206376,0,30,-1,548,0,
core_C1498,20148,47793,1,180,4494,4370,19638780,0,-1,272,8,0,
core_C816,38269,0,1,180,8003,2530,20247590,0,569,-1,321,1,
core_C873,72500,101139,0,90,2852,4542,12953784,0,-1,-1,451,1,
core_C609,3680,36708,0,90,2024,6420,12994080,0,213,179,354,0,
core_C1423,13974,92425,0,0,5104,2484,12678336,0,560,409,315,1,
core_C782,35126,99259,0,90,2024,6435,13024440,0,427,356,516,0,
core_C21,69884,58356,0,180,5906,2208,13040448,0,-1,-1,164,0,
core_C507,54798,9191,0,90,2024,6513,13182312,0,-1,183,172,0,
core_C1157,56010,33488,0,90,2024,6353,12858472,0,-1,-1,319,1,
core_C1096,9476,94944,0,0,4498,2944,13242112,0,310,89,396,1,
core_C724,3680,7912,0,0,5336,2484,13254624,0,-1,19,339,0,
core_C352,8809,55339,1,0,8189,2530,20718170,0,-1,329,288,0,
core_C1136,23626,86581,0,90,2024,6577,13311848,0,340,472,487,0,
core_C491,52422,38130,0,90,3588,3718,13340184,0,314,-1,567,1,
core_C1377,16907,85945,1,90,2875,7261,20875375,0,-1,-1,98,1,
core_C435,29975,0,1,0,8294,2645,21937630,0,307,-1,327,1,
core_C1291,50490,78613,0,270,3128,4729,14792312,0,-1,36,379,0,
core_C1012,71300,99643,1,90,1840,5528,10171520,0,366,-1,500,1,
core_C918,41014,81733,0,90,1840,5602,10307680,0,276,35,201,0,
core_C1705,18517,38333,0,90,1840,6010,11058400,0,-1,-1,258,1,
core_C1102,33286,77149,0,90,1840,6053,11137520,0,-1,-1,433,1,
core_C792,27560,0,1,90,2415,7355,17762325,0,321,-1,265,1,
core_C1153,54234,94904,1,180,7087,2645,18745115,0,-1,454,493,0,
core_C1706,8809,57869,1,180,7103,2645,18787435,0,-1,400,317,0,
core_C763,46902,89374,0,90,1932,6230,12036360,0,73,496,187,0,
core_C1008,36861,42353,0,90,2024,6126,12399024,0,248,549,643,1,
core_C1000,12066,41185,0,180,6373,2024,12898952,0,-1,-1,195,1,
core_C1461,13721,30789,0,180,5192,2484,12896928,0,-1,237,480,1,
core_C1060,17021,93206,1,90,2530,7772,19663160,0,-1,-1,488,1,
core_C1104,67863,25441,1,90,2530,8032,20320960,0,440,-1,573,1,
core_C363,14628,78815,1,180,5528,3680,20343040,0,-1,302,541,0,
core_C550,12383,55668,0,90,2208,5750,12696000,0,151,21,582,0,
core_C965,61801,52016,1,180,8058,2530,20386740,0,469,589,185,0,
core_C9,3680,5428,0,0,5121,2484,12720564,0,211,316,158,1,
core_C1003,25650,86581,0,180,5121,2484,12720564,0,-1,490,318,1,
core_C1554,11500,100613,0,90,2024,6320,12791680,0,-1,52,198,0,
core_C746,34410,42142,0,90,2024,6327,12805848,0,-1,-1,123,1,
core_C870,70546,94645,0,90,2024,6494,13143856,0,381,604,167,0,
core_C626,59298,111806,0,90,2484,5291,13142844,0,540,139,641,1,
core_C1541,29146,106212,0,180,5806,2208,12819648,0,-1,424,3,1,
core_C1631,24863,54304,1,0,5620,3565,20035300,0,-1,-1,127,0,
core_C1362,73140,102065,1,90,2530,8129,20566370,0,-1,-1,609,0,
core_C88,15714,107145,0,180,3671,3588,13171548,0,-1,67,601,1,
core_C786,43769,44291,1,180,4590,4370,20058300,0,-1,651,503,0,
core_C1168,54142,86624,1,0,7468,2760,20611680,0,-1,627,605,1,
core_C186,54814,120454,0,0,6523,2024,13202552,0,-1,-1,177,0,
core_C38,20424,100074,1,180,7368,2875,21183000,0,-1,471,608,1,
core_C508,66314,39503,0,0,3687,3588,13228956,0,249,-1,373,1,
core_C950,3680,34132,0,0,5219,2576,13444144,0,-1,309,19,0,
core_C1166,72923,11143,1,90,2645,7995,21146775,0,-1,-1,440,1,
core_C404,35126,105694,0,90,1748,5419,9472412,0,-1,-1,311,0,
core_C539,24094,0,1,90,3450,6916,23860200,0,-1,-1,441,1,
core_C1397,25650,91549,0,90,1840,5656,10407040,0,68,-1,490,0,
core_C1513,72065,58136,1,90,2415,7526,18175290,0,-1,-1,37,1,
core_C633,21694,8014,0,90,1932,6146,11874072,0,410,-1,575,0,
core_C1604,37150,105975,0,90,1932,6327,12223764,0,498,242,162,0,
core_C1426,48921,26763,1,90,2415,7947,19192005,0,25,426,380,0,
core_C1338,56010,46229,0,90,2024,6177,12502248,0,557,274,5,1,
core_C263,58770,63111,0,90,1932,6315,12200580,0,-1,216,526,0,
core_C1324,13029,119981,0,180,6376,2024,12905024,0,467,-1,506,1,
core_C1572,73140,65662,1,90,2530,7970,20164100,0,-1,428,323,1,
core_C167,18342,7728,0,90,2024,6389,12931336,0,-1,-1,150,1,
core_C693,14427,66084,1,90,3105,6523,20253915,0,-1,-1,231,0,
core_C1521,59961,11798,1,90,2530,8015,20277950,0,580,263,25,1,
core_C503,8809,44871,1,0,7826,2530,19799780,0,-1,90,14,0,
core_C1626,50766,88862,0,90,2024,6445,13044680,0,57,-1,73,1,
core_C861,64750,77984,0,180,5134,2484,12752856,0,164,23,552,1,
core_C354,64290,19931,0,90,2024,6495,13145880,0,353,-1,141,0,
core_C975,16996,58477,0,180,3684,3680,13557120,0,-1,-1,478,0,
core_C1536,38051,39675,1,180,5614,3680,20659520,0,-1,525,124,1,
core_C1702,70546,74604,0,0,4514,2944,13289216,0,-1,542,119,0,
core_C622,14720,22857,0,0,5809,2300,13360700,0,-1,256,63,0,
core_C1225,55138,11798,1,270,3680,5826,21439680,0,-1,-1,59,1,
core_C1515,50490,75853,0,180,4182,2760,11542320,0,-1,322,536,0,
core_C1412,48921,19043,1,90,2415,7720,18643800,0,-1,362,93,0,
core_C115,72570,94645,0,90,2484,4979,12367836,0,-1,-1,343,1,
core_C1062,43038,2484,0,90,2484,4995,12407580,0,190,-1,499,1,
core_C166,58770,32040,0,90,2024,6152,12451648,0,1,131,520,0,
core_C341,61801,28813,1,180,5676,3565,20234940,0,-1,412,476,1,
core_C1077,12383,85893,0,0,5865,2208,12949920,0,-1,48,21,0,
core_C196,41014,54874,0,180,3609,3588,12949092,0,-1,491,531,0,
core_C1115,9200,28765,0,180,6240,2024,12629760,0,-1,480,6,0,
core_C643,37428,37919,0,90,2852,4434,12645768,0,-1,-1,55,1,
core_C1538,0,6351,0,90,2852,4556,12993712,0,196,470,457,0,
core_C821,36110,99416,1,90,2530,8026,20305780,0,-1,-1,482,0,
core_C852,65021,0,1,90,2530,7880,19936400,0,435,-1,580,1,
core_C545,61801,113429,1,0,6590,3105,20461950,0,492,-1,619,0,
core_C438,11523,79023,1,90,3105,6590,20461950,0,541,485,620,1,
core_C832,3502,2576,0,0,4478,2852,12771256,0,-1,-1,304,1,
core_C1480,60794,50162,0,0,6311,2024,12773464,0,122,233,1,0,
core_C1477,7452,94944,0,90,2024,6477,13109448,0,315,437,240,0,
core_C109,56764,116534,1,180,6618,3105,20548890,0,-1,-1,617,0,
core_C941,61893,106191,1,90,3105,6633,20595465,0,-1,-1,558,0,
core_C962,13524,113474,0,90,2116,6507,13768812,0,601,-1,197,0,
core_C630,8809,60514,1,90,4485,4702,21088470,0,-1,76,329,0,
core_C1529,30820,90328,1,180,4702,4600,21629200,0,-1,622,47,0,
core_C801,36018,88895,1,0,7572,2875,21769500,0,-1,600,598,1,
core_C881,5704,91724,0,90,1748,5794,10127912,0,240,-1,22,0,
core_C807,48650,28336,0,90,2852,4366,12451832,0,-1,624,13,0,
core_C1601,27987,34233,0,0,4381,2852,12494612,0,-1,-1,275,1,
core_C552,20424,105709,1,90,2530,7734,19567020,0,-1,629,471,0,
core_C1238,61801,56961,1,90,3105,6505,20198025,0,70,619,589,0,
core_C1120,54487,8233,1,180,5545,3565,19767925,0,-1,-1,208,0,
core_C612,13974,94909,0,180,5747,2208,12689376,0,-1,184,310,0,
core_C382,23626,8065,0,180,6471,2024,13097304,0,-1,18,360,1,
core_C269,46332,124691,0,0,5799,2208,12804192,0,134,-1,223,1,
core_C1534,61801,32378,1,270,3105,6620,20555100,0,56,544,384,0,
core_C143,17618,32223,1,90,2530,8142,20599260,0,-1,192,468,0,
core_C1202,66930,100174,1,90,3680,5604,20622720,0,-1,71,299,0,
core_C790,8901,86946,1,90,2530,8160,20644800,0,620,-1,566,0,
core_C1422,60794,95061,0,90,2944,4487,13209728,0,-1,-1,149,1,
core_C911,28014,100074,1,90,2530,8169,20667570,0,11,173,154,1,
core_C1318,54142,123385,1,0,5797,3680,21332960,0,420,-1,107,0,
core_C1098,19762,97354,0,180,3746,3588,13440648,0,-1,423,630,0,
core_C1597,59939,123385,1,0,4698,4485,21070530,0,-1,-1,418,1,
core_C610,55320,20850,0,90,2116,6392,13525472,0,-1,181,461,1,
core_C104,66930,88421,1,180,5713,3795,21680835,0,-1,299,623,1,
core_C1460,19762,100942,0,0,3778,3772,14250616,0,-1,483,419,0,
core_C624,29146,111113,0,0,6709,2116,14196244,0,-1,88,345,0,
core_C379,73232,96488,1,90,1840,5577,10261680,0,-1,-1,518,0,
core_C1522,48921,34710,1,90,2300,7183,16520900,0,-1,230,362,0,
core_C478,37150,99259,0,180,3347,3220,10777340,0,-1,162,311,1,
core_C1341,73140,73632,1,90,2415,7301,17631915,0,-1,234,366,0,
core_C6,41014,97131,0,90,1932,5964,11522448,0,539,279,109,0,
core_C377,70454,51272,0,180,4355,2760,12019800,0,-1,-1,182,0,
core_C1339,67078,0,0,270,3496,3547,12400312,0,32,-1,235,1,
core_C489,39082,115012,0,180,6147,2024,12441528,0,-1,449,649,0,
core_C1487,31262,77149,0,90,2024,6155,12457720,0,326,445,110,0,
core_C920,70546,80032,0,90,2024,6265,12680360,0,-1,-1,542,0,
core_C189,67551,0,1,90,2530,8038,20336140,0,-1,455,391,1,
core_C956,33194,54091,0,0,6458,2024,13070992,0,-1,129,283,0,
core_C1164,7452,104137,0,90,2852,4481,12779812,0,-1,513,396,0,
core_C42,184,117699,1,0,8162,2530,20649860,0,494,-1,446,0,
core_C1402,67091,40803,1,0,5787,3680,21296160,0,209,-1,202,1,
core_C1378,70393,11143,1,90,2530,8224,20806720,0,355,113,335,1,
core_C488,17618,0,1,0,6476,3220,20852720,0,357,193,541,1,
core_C703,37794,27561,0,90,2300,5801,13342300,0,-1,-1,214,1,
core_C399,0,32932,0,90,2024,6615,13388760,0,-1,523,105,0,
core_C656,44878,85694,0,90,2024,6614,13386736,0,187,65,4,0,
core_C854,31262,83304,0,180,3755,3588,13472940,0,-1,628,433,0,
core_C768,184,114824,1,180,7347,2875,21122625,0,-1,438,537,0,
core_C125,29514,103636,0,0,5253,2576,13531728,0,-1,-1,227,0,
core_C281,1748,79221,0,0,3803,3772,14344916,0,-1,206,298,0,
core_C696,39082,117036,0,0,6397,2024,12947528,0,-1,-1,432,0,
core_C1483,0,43712,0,270,2576,3895,10033520,0,-1,587,523,0,
core_C865,70752,101139,0,90,1748,5351,9353548,0,308,-1,584,1,
core_C556,61893,74966,1,0,7995,2530,20227350,0,-1,116,292,0,
core_C1408,30342,26036,0,0,5183,2484,12874572,0,-1,-1,2,0,
core_C632,54234,97549,1,90,2530,7929,20060370,0,-1,277,328,0,
core_C1542,67551,8038,1,180,6327,3105,19645335,0,-1,-1,435,0,
core_C836,44878,98931,0,0,6523,2024,13202552,0,45,-1,65,0,
core_C872,0,0,0,90,2024,6351,12854424,0,-1,389,-1,0,
core_C361,67105,67948,0,90,2024,6510,13176240,0,-1,-1,189,0,
core_C570,0,0,1,0,7851,2530,19863030,0,-1,621,-1,0,
core_C233,70062,70032,1,90,2530,7824,19794720,0,-1,-1,116,1,
core_C675,53204,28336,0,90,2116,6355,13447180,0,421,-1,624,1,
core_C456,51842,2875,1,270,2645,6832,18070640,0,208,-1,590,1,
core_C1703,1748,124075,0,0,6166,2300,14181800,0,-1,510,0,0,
core_C1216,61893,63466,1,0,5705,3795,21650475,0,-1,591,619,1,
core_C702,46207,2875,1,90,2875,7271,20904125,0,590,-1,180,1,
core_C1320,61893,82671,1,180,6485,3220,20881700,0,-1,530,174,0,
core_C392,19405,119360,0,90,2576,5304,13663104,0,-1,-1,365,1,
core_C298,17618,24292,1,90,2530,7931,20065430,0,-1,413,296,0,
core_C1428,69859,50866,1,270,2760,7270,20065200,0,-1,-1,338,1,
core_C463,0,10907,0,90,2024,6497,13149928,0,-1,236,389,0,
core_C240,20424,102949,1,0,7420,2760,20479200,0,-1,406,352,0,
core_C524,23626,93158,0,90,2024,6282,12714768,0,-1,217,318,0,
core_C396,46299,69817,1,90,2530,8050,20366500,0,612,289,204,1,
core_C62,51336,64978,1,180,6559,3105,20365695,0,-1,556,108,0,
core_C434,33194,60623,0,0,5236,2484,13006224,0,-1,479,41,0,
core_C1591,59271,102034,1,90,2530,7818,19779540,0,384,-1,551,1,
core_C564,63066,21876,1,180,5682,3565,20256330,0,-1,-1,294,0,
core_C311,16996,55625,0,180,4546,2852,12965192,0,-1,374,570,0,
core_C391,33194,63107,0,0,3601,3588,12920388,0,581,548,475,0,
core_C1537,9200,30789,0,180,4521,2852,12893892,0,333,-1,387,0,
core_C1128,1748,96843,0,180,3581,3496,12519176,0,-1,0,188,0,
core_C1314,36110,91770,1,90,2530,7646,19344380,0,128,390,600,1,
core_C1586,19762,104714,0,0,3289,3220,10590580,0,-1,85,423,0,
core_C1608,30139,58876,0,90,3036,4779,14509044,0,-1,-1,487,1,
core_C194,11523,85945,1,0,4677,4485,20976345,0,-1,287,393,0,
core_C67,184,83490,1,0,5615,3680,20663200,0,-1,650,268,0,
core_C1510,23626,84557,0,0,6513,2024,13182312,0,484,318,31,0,
core_C814,11431,103908,1,180,5590,3680,20571200,0,334,199,98,0,
core_C874,56764,97549,1,0,4587,4485,20572695,0,-1,617,645,1,
core_C735,25650,89065,0,0,5148,2484,12787632,0,155,358,340,0,
core_C898,41014,58462,0,90,3496,3650,12760400,0,-1,267,386,0,
core_C1355,68391,119902,1,0,7333,2760,20239080,0,-1,-1,392,1,
core_C1073,54234,92144,1,0,6918,2760,19093680,0,-1,328,595,1,
core_C1675,8346,111719,1,90,3105,6482,20126610,0,568,-1,438,1,
core_C1567,11523,95973,1,180,4477,4370,19564490,0,-1,-1,287,0,
core_C687,46902,95604,0,180,4361,2852,12437572,0,77,-1,330,0,
core_C754,64423,98490,1,90,2415,7669,18520635,0,623,-1,558,1,
core_C805,39082,105975,0,90,1932,6093,11771676,0,499,649,361,1,
core_C1474,41014,2484,0,90,2024,5456,11042944,0,382,17,498,1,
core_C722,69460,105778,1,90,1840,6112,11246080,0,323,62,71,1,
core_C107,11451,112648,1,0,7950,2645,21027750,0,-1,243,568,0,
core_C40,11224,48400,0,0,6360,2116,13457760,0,-1,-1,583,0,
core_C859,43769,39613,1,90,4485,4678,20980830,0,-1,349,637,0,
core_C670,32202,0,0,0,5764,2300,13257200,0,148,-1,578,1,
core_C1479,37794,14802,0,90,2024,6495,13145880,0,-1,160,101,0,
core_C447,7268,114432,0,180,5761,2208,12720288,0,365,-1,0,1,
core_C1636,46299,89691,1,0,7299,2415,17627085,0,-1,-1,222,0,
core_C839,64290,5003,0,90,2300,4714,10842200,0,91,579,16,1,
core_C1344,8223,0,0,180,6738,2116,14257608,0,-1,-1,196,1,
core_C1575,1748,126375,0,0,6389,2116,13519124,0,117,-1,463,0,
core_C1156,31262,97472,0,0,3744,3588,13433472,0,-1,-1,229,0,
core_C835,60794,87977,0,0,3680,3496,12865280,0,-1,640,44,0,
core_C1663,7452,108618,0,270,2208,5814,12837312,0,-1,-1,437,0,
core_C1671,14720,16141,0,180,5293,2484,13147812,0,-1,200,120,0,
core_C595,13800,44343,0,180,5252,2484,13045968,0,246,-1,583,1,
core_C1615,35126,97051,0,0,5719,2208,12627552,0,-1,311,186,0,
core_C221,50398,35646,0,0,5084,2484,12628656,0,-1,-1,27,1,
core_C800,73232,88587,1,90,2415,7901,19080915,0,-1,425,609,1,
core_C54,64750,110460,0,90,1932,6294,12160008,0,588,-1,220,0,
core_C798,58770,25760,0,90,1932,6280,12132960,0,-1,383,16,0,
core_C314,22954,110309,1,90,2415,7804,18846660,0,154,-1,34,0,
core_C1616,31354,28520,0,90,2484,4971,12347964,0,586,-1,43,1,
core_C986,0,39547,0,270,1564,4165,6514060,0,-1,450,443,0,
core_C1325,57011,122478,0,180,6132,1932,11847024,0,33,-1,626,1,
core_C851,38051,43355,1,180,5135,1955,10038925,0,-1,39,375,0,
core_C452,58770,57275,0,90,1932,5836,11275152,0,-1,364,118,0,
core_C1395,13967,35757,0,0,5413,2576,13943888,0,97,258,635,1,
core_C659,184,106544,1,0,7995,2645,21146775,0,-1,106,625,0,
core_C1336,58770,44420,0,90,2024,6604,13366496,0,-1,118,131,0,
core_C31,61893,85891,1,0,7987,2530,20207110,0,-1,82,466,0,
core_C521,41014,49829,0,90,2484,5045,12531780,0,-1,386,203,0,
core_C86,36018,113273,1,180,6935,2760,19140600,0,-1,-1,600,0,
core_C751,43677,77917,1,90,2415,7646,18465090,0,-1,7,610,0,
core_C1063,33626,99298,1,90,2300,7606,17493800,0,270,-1,597,1,
core_C150,13524,102913,0,180,6172,2300,14195600,0,-1,232,297,0,
core_C823,50490,72909,0,0,4453,2944,13109632,0,642,379,102,0,
core_C741,184,111719,1,180,6420,3105,19934100,0,-1,446,106,0,
core_C1241,68011,33473,1,90,2415,7330,17701950,0,-1,-1,56,1,
core_C634,42946,97131,0,270,1840,5947,10942480,0,-1,-1,429,1,
core_C389,61782,108521,0,90,2208,5647,12468576,0,-1,-1,344,1,
core_C39,14628,72607,1,90,2990,6208,18561920,0,441,336,393,1,
core_C776,70546,77548,0,0,5158,2484,12812472,0,-1,434,376,0,
core_C1038,50490,86102,0,180,4152,2760,11459520,0,-1,-1,36,0,
core_C1360,61801,38998,1,90,3105,6578,20424690,0,202,218,412,0,
core_C1346,6049,99682,1,90,3565,5393,19226045,0,-1,-1,644,0,
core_C423,35862,2300,0,90,1932,6335,12239220,0,81,157,586,1,
core_C280,30728,116033,1,0,7920,2530,20037600,0,-1,-1,611,0,
core_C1669,33194,68347,0,0,5272,2484,13095648,0,137,305,479,0,
core_C1330,36861,48479,0,180,3606,3588,12938328,0,-1,-1,331,0,
core_C63,29146,46101,0,0,3699,3680,13612320,0,-1,253,123,0,
core_C1342,56856,102034,1,90,2415,7729,18665535,0,476,221,617,1,
core_C1236,62818,81534,0,90,1932,6045,11678940,0,372,-1,44,1,
core_C641,21694,0,0,180,4514,2852,12873928,0,578,575,630,1,
core_C523,20148,57869,1,0,7977,2645,21099165,0,-1,606,272,0,
core_C871,70546,60564,0,180,5196,2576,13384896,0,-1,254,238,1,
core_C1410,51336,68083,1,0,6630,3220,21348600,0,269,255,474,0,
core_C1207,58034,0,0,0,6560,2024,13277440,0,235,-1,363,1,
core_C1259,61893,98490,1,90,2530,7701,19483530,0,497,398,156,0,
core_C353,62491,11143,1,180,5444,3450,18781800,0,-1,-1,580,0,
core_C909,19078,79441,0,90,2300,5804,13349200,0,-1,266,310,1,
core_C1690,29514,91549,0,90,1748,5388,9418224,0,110,227,68,1,
core_C1337,57017,0,1,270,2530,7824,19794720,0,-1,-1,208,1,
core_C1617,70730,29106,0,90,2484,5314,13199976,0,-1,-1,194,0,
core_C204,30912,99298,1,90,2530,7768,19653040,0,-1,168,574,0,
core_C312,43769,25186,1,90,3105,6291,19533555,0,-1,637,42,0,
core_C136,8901,79023,1,90,2415,7923,19134045,0,-1,415,618,1,
core_C1535,50398,38130,0,90,2024,6075,12295800,0,319,74,4,1,
core_C219,11451,110003,1,0,8015,2645,21199675,0,-1,501,494,1,
core_C390,46272,0,1,0,7355,2875,21145625,0,-1,-1,307,1,
core_C1465,16996,50516,0,90,2484,5109,12690756,0,121,478,191,1,
core_C1262,64750,104204,0,180,5182,2576,13348832,0,-1,220,23,0,
core_C1121,70546,5297,0,180,5265,2576,13562640,0,-1,163,92,1,
core_C549,59961,26283,1,180,7902,2530,19992060,0,335,-1,263,0,
core_C697,30912,94928,1,180,4486,4370,19603820,0,-1,564,622,1,
core_C1674,21694,2852,0,90,2484,5162,12822408,0,225,360,553,0,
core_C713,52081,0,0,0,5239,2576,13495664,0,-1,-1,190,1,
core_C409,92,2530,1,180,6347,3105,19707435,0,125,15,621,1,
core_C437,26208,0,0,0,5994,1840,11028960,0,504,-1,553,1,
core_C24,64290,9717,0,90,2024,6265,12680360,0,-1,141,508,0,
core_C766,62491,0,1,90,2530,7838,19830140,0,391,559,369,1,
core_C1,36795,63107,0,90,1656,5240,8677440,0,-1,-1,479,1,
core_C635,12383,52816,0,180,4374,2852,12474648,0,-1,337,240,1,
core_C771,11224,43209,0,90,2576,5191,13372016,0,515,502,29,1,
core_C1179,64501,119283,0,0,6251,2024,12652024,0,451,278,640,1,
core_C1632,43603,106696,0,90,2024,6554,13265296,0,24,-1,649,1,
core_C1657,33838,28520,0,90,2024,6404,12961696,0,546,-1,522,1,
core_C112,0,47607,0,90,2852,4400,12548800,0,-1,304,450,0,
core_C127,66682,110460,0,90,1840,5892,10841280,0,238,-1,519,1,
core_C793,61801,54546,1,180,7413,2415,17902395,0,-1,407,338,0,
core_C1507,49082,2875,1,90,2760,7256,20026560,0,462,-1,465,1,
core_C71,61893,67261,1,0,6607,3105,20514735,0,37,292,464,0,
core_C1359,36287,118563,1,180,5631,3680,20722080,0,-1,-1,173,1,
core_C1036,53866,83565,1,90,115,92,10580,0,-1,614,75,0,
core_C1240,20240,100074,1,0,92,115,10580,0,608,-1,631,0,
core_C1628,54142,92144,1,0,92,115,10580,0,493,107,627,0,
core_C1061,92,42780,1,0,92,115,10580,0,26,-1,15,0,
core_C473,33534,99298,1,0,92,115,10580,0,534,-1,599,1,
core_C1110,35926,88895,1,0,92,115,10580,0,402,-1,270,0,
core_C1147,33442,99298,1,0,92,115,10580,0,597,-1,168,1,
core_C1200,36018,91770,1,0,92,115,10580,0,482,532,402,0,
core_C1501,15640,107145,0,0,74,92,6808,0,348,-1,399,1,
core_C1650,30636,44965,1,0,92,115,10580,0,611,-1,124,0,
core_C994,53958,86624,1,0,92,115,10580,0,605,-1,607,1,
core_C982,70546,101139,0,270,92,74,6808,0,-1,-1,343,0,
core_C946,54050,86624,1,180,92,115,10580,0,350,-1,603,1,
core_C652,20148,60514,1,0,92,115,10580,0,12,-1,554,0,
core_C674,53866,86624,1,0,92,115,10580,0,603,-1,224,0,
core_C26,20332,100074,1,0,92,115,10580,0,352,-1,594,1,
core_C743,73140,88587,1,0,92,115,10580,0,518,347,234,0,
core_C843,43677,10335,1,0,92,115,10580,0,80,533,180,0,
core_C819,30728,44965,1,180,92,115,10580,0,135,547,602,1,
core_C806,48829,13900,1,0,92,115,10580,0,93,-1,473,1,
core_C1494,38640,100855,1,0,92,115,10580,0,143,144,226,0,
core_C1434,53866,83657,1,90,115,92,10580,0,-1,224,593,0,
core_C1416,184,92230,1,90,115,92,10580,0,114,625,638,0,
core_C169,30544,42550,1,0,92,115,10580,0,124,-1,51,0,
core_C267,56764,102034,1,0,92,115,10580,0,551,397,489,0,
core_C93,8809,79023,1,0,92,115,10580,0,566,-1,285,0,
core_C297,61801,63466,1,0,92,115,10580,0,464,392,407,0,
core_C1281,11431,79023,1,0,92,115,10580,0,393,98,415,1,
core_C1277,0,2530,1,0,92,115,10580,0,577,-1,459,0,
core_C140,30820,94928,1,0,92,115,10580,0,574,-1,401,0,
core_C1253,66838,88421,1,0,92,115,10580,0,422,-1,497,1,
core_C1316,48650,32702,0,0,4554,2944,13406976,0,461,-1,404,0,
core_C878,184,98624,1,90,2530,7920,20037600,0,-1,528,615,0,
core_C1014,54803,122478,0,90,2208,5574,12307392,0,524,-1,77,1,
core_C307,54142,89384,1,180,7195,2760,19858200,0,-1,595,350,0,
core_C241,31262,86892,0,0,3712,3588,13318656,0,-1,112,445,0,
core_C1545,20424,113443,1,90,2530,7728,19551840,0,34,-1,406,0,
core_C381,19762,91042,0,90,1932,6312,12194784,0,553,419,86,1,
core_C87,20240,97544,1,180,8126,2530,20558780,0,-1,594,12,0,
core_C50,58660,71542,1,90,2530,7906,20002180,0,-1,-1,255,1,
core_C385,1748,86581,0,90,2300,5767,13264100,0,-1,188,206,0,
core_C249,29146,55380,0,0,3588,3496,12543648,0,-1,-1,253,0,
core_C97,10287,35757,0,180,3680,3496,12865280,0,527,-1,213,1,
core_C619,3680,49525,0,90,2024,6352,12856448,0,-1,169,179,0,
core_C747,43769,31477,1,90,2530,8136,20584080,0,286,503,565,0,
core_C223,184,89700,1,0,8213,2530,20778890,0,-1,615,650,0,
core_C1440,60334,99548,0,0,3573,3496,12491208,0,-1,-1,10,1,
core_C1305,60794,91473,0,180,3707,3588,13300716,0,584,-1,512,0,
core_C783,54814,111806,0,0,4484,2944,13200896,0,344,176,175,0,
core_C407,54943,69965,0,270,3496,3580,12515680,0,-1,-1,536,1,
core_C846,33194,48469,0,0,3667,3588,13157196,0,331,283,110,1,
core_C926,6049,92230,1,90,2760,7452,20567520,0,145,545,646,1,
core_C1593,54234,113248,1,90,2530,7952,20118560,0,489,-1,277,0,
core_C575,3404,92230,1,90,2645,8033,21247285,0,644,-1,114,1,
core_C588,70393,25739,1,270,4485,4601,20635485,0,-1,-1,113,0,
core_C848,54901,59408,1,90,3680,5570,20497600,0,-1,-1,108,1,
core_C1209,39082,112068,0,0,4521,2944,13309824,0,585,432,498,0,
core_C1245,184,87170,1,0,7993,2530,20222290,0,-1,638,486,0,
core_C1040,43769,48661,1,90,3105,6515,20229075,0,-1,300,349,0,
Wirelength: 5.14663e+09
layer(tree) info:
layer: 0 ,width: 75811 ,height: 128491 ,area: 9741031201 ,blocks_area: 7564609196, filling_rate: 0.776572, utilizatio_rate: 0.772509
layer: 1 ,width: 75753 ,height: 129136 ,area: 9782439408 ,blocks_area: 7418075690, filling_rate: 0.758305, utilizatio_rate: 0.757544
random seed: 7
alpha: 0
gamma: 1
best wirelength: 5.14663e+09
initial_num_perturbs: 19560
iter: 0
best_iter: 0
best_cost: 0.142044
reject_time: 0
accept_inferior_time: 0
update_best_time: 1771
adjustLegalOutline_fail_times: 0
outline_adjust_time: 123.13
initial_wirelength: 1.18457e+10
initial_average_wirelength: 8.33946e+10
1.18457e+10,initial_iter: 19560
initial_time: 241.256
total time cost: 601.136
