name,x,y,layer,rotated_angle,width,height,area,exceed_outline_area,left,right,parent,is_from_left,
macro_C124171,11352,4431,0,270,5709,6369,36360621,0,-1,-1,87,1,
macro_C124172,24717,0,0,270,5709,6369,36360621,0,2,-1,12,1,
macro_C124173,30426,0,0,90,7524,5676,42706224,0,-1,-1,1,1,
macro_C124174,0,4422,0,180,5676,7524,42706224,0,-1,98,48,0,
macro_C124175,16589,0,1,180,12288,6144,75497472,0,-1,-1,49,1,
macro_C124176,8316,15417,0,90,4290,8613,36949770,0,41,95,103,0,
macro_C124177,32568,5676,0,0,5445,7854,42765030,0,-1,24,51,1,
macro_C124178,28926,0,1,180,7776,11232,87340032,0,-1,-1,109,1,
macro_C124179,1452,11946,0,180,5412,7854,42505848,0,80,33,98,1,
macro_C124180,4992,2304,1,90,11232,7728,86800896,0,13,105,123,0,
macro_C124181,28245,33174,0,180,5412,7854,42505848,0,25,-1,18,1,
macro_C124182,29045,31128,1,270,11232,7728,86800896,0,-1,-1,120,0,
macro_C124183,19305,0,0,180,5412,7854,42505848,0,1,-1,96,1,
macro_C124184,16224,6144,1,270,11232,7728,86800896,0,-1,-1,9,1,
macro_C124185,23988,19611,0,0,6369,5709,36360621,0,-1,83,104,0,
macro_C124186,30918,24684,0,90,7524,5676,42706224,0,-1,-1,17,1,
macro_C124187,18642,7854,0,90,4290,8613,36949770,0,68,-1,64,1,
macro_C124188,25473,25320,0,180,5445,7854,42765030,0,15,-1,83,1,
macro_C124189,22833,33174,0,180,5412,7854,42505848,0,10,-1,30,1,
macro_C124190,17280,13872,1,0,9072,8160,74027520,0,-1,86,21,1,
macro_C124191,0,33043,0,90,7524,5676,42706224,0,61,-1,121,0,
macro_C124192,4992,20400,1,180,12288,6144,75497472,0,19,110,31,0,
macro_C124193,16797,33170,0,0,5445,7854,42765030,0,-1,-1,32,1,
macro_C124194,17280,24096,1,90,11232,7728,86800896,0,-1,-1,86,0,
macro_C124195,32568,13530,0,0,6369,5709,36360621,0,-1,-1,6,0,
macro_C124196,33657,30360,0,0,5676,7524,42706224,0,-1,-1,10,1,
macro_C124197,12606,15069,0,90,4290,8613,36949770,0,101,-1,41,0,
macro_C124198,30357,19239,0,270,7854,5445,42765030,0,-1,-1,84,0,
macro_C124199,29045,15768,1,90,11232,7728,86800896,0,-1,53,82,0,
macro_C124200,23988,12450,0,0,6369,5709,36360621,0,84,104,56,0,
macro_C124201,17157,19518,0,180,5676,7524,42706224,0,18,-1,55,0,
macro_C124202,4992,14256,1,180,12288,6144,75497472,0,-1,21,76,0,
macro_C124203,11352,24030,0,0,5445,7854,42765030,0,22,-1,37,1,
macro_C124204,1452,19800,0,180,5412,7854,42505848,0,66,92,8,0,
core_C1,7056,30912,1,270,3696,3769,13930224,0,113,-1,108,1,
core_C3,29045,25992,1,180,5289,2592,13709088,0,-1,120,53,0,
core_C4,24480,31824,1,180,4565,2976,13585440,0,82,114,85,1,
core_C5,9801,24030,0,270,1551,4690,7274190,0,32,-1,95,1,
core_C6,29697,6369,0,90,1452,4491,6520932,0,51,-1,102,1,
core_C7,0,1353,0,180,4053,1617,6553701,0,-1,48,46,0,
core_C11,25506,6369,0,270,1485,4493,6672105,0,71,78,56,1,
core_C13,12606,10800,0,180,3132,2046,6408072,0,75,26,5,1,
core_C14,7524,36141,0,0,4374,1452,6351048,0,107,-1,115,0,
core_C15,16599,0,0,270,1254,3858,4837932,0,96,-1,116,1,
core_C16,8316,2508,0,90,2541,2549,6477009,0,122,93,118,0,
core_C18,13728,0,0,270,1452,4356,6324912,0,116,-1,99,1,
core_C19,0,0,0,180,4133,1353,5591949,0,-1,39,-1,0,
core_C22,2736,0,1,270,2256,5770,13017120,0,123,62,58,1,
core_C23,0,2970,0,180,4436,1452,6441072,0,117,3,39,0,
core_C24,10824,0,1,180,5765,2304,13282560,0,4,-1,123,1,
core_C26,15168,35055,1,0,4519,2928,13231632,0,-1,-1,59,0,
core_C28,31149,5676,0,270,1419,4308,6113052,0,6,-1,38,1,
core_C30,19833,28527,0,270,1386,4325,5994450,0,65,-1,60,1,
core_C31,29045,23496,1,180,5085,2496,12692160,0,-1,35,28,0,
core_C32,6864,13210,0,90,1452,4444,6452688,0,-1,74,91,0,
core_C33,17157,16467,0,270,1980,3051,6040980,0,-1,30,70,0,
core_C34,23988,7854,0,90,1518,4596,6976728,0,40,29,68,1,
core_C35,10752,37983,1,180,6357,2064,13120848,0,-1,-1,113,0,
core_C36,0,6353,1,270,2736,4218,11540448,0,47,-1,67,0,
core_C37,15168,28944,1,90,1488,4581,6816528,0,79,50,63,1,
core_C38,18348,28527,0,270,1485,4643,6894855,0,52,-1,111,0,
core_C41,7524,33303,0,0,4549,1452,6605148,0,77,115,20,1,
core_C42,2736,5770,1,270,2112,6439,13599168,0,-1,89,47,0,
core_C43,12864,28944,1,270,2304,5846,13469184,0,59,-1,113,1,
core_C45,17157,4538,0,90,1485,4472,6640920,0,16,70,75,1,
core_C47,21219,28527,0,270,1518,4563,6926634,0,-1,-1,52,1,
core_C48,6864,31591,0,0,4392,1452,6377184,0,-1,-1,33,1,
core_C49,0,0,1,90,2064,6353,13112592,0,-1,58,-1,0,
core_C50,22932,7854,0,270,1056,3201,3380256,0,56,-1,16,1,
core_C51,6864,30172,0,0,4445,1419,6307455,0,88,-1,74,0,
core_C54,17157,9010,0,270,1452,4363,6335076,0,-1,55,64,0,
core_C55,26991,6369,0,270,1254,3905,4896870,0,102,-1,40,1,
core_C56,2736,24963,1,270,2064,6446,13304544,0,-1,106,81,0,
core_C57,8316,9497,0,90,1452,4501,6535452,0,87,103,93,0,
core_C58,6864,28720,0,0,4483,1452,6509316,0,-1,69,54,0,
core_C59,15738,10800,0,270,1419,4269,6057711,0,64,-1,41,1,
core_C60,4992,12144,1,180,6468,2112,13660416,0,-1,31,105,0,
core_C61,12073,33303,0,180,4482,1452,6507864,0,-1,-1,61,1,
core_C62,25506,10888,0,0,4402,1452,6391704,0,-1,-1,40,0,
core_C64,16656,31824,1,90,3216,3231,10390896,0,100,-1,59,1,
core_C65,6864,0,0,90,1452,4381,6361212,0,118,94,8,1,
core_C66,2736,18534,1,90,2112,6429,13578048,0,-1,72,89,0,
core_C67,29045,11232,1,90,3024,4536,13716864,0,-1,28,36,1,
core_C68,23988,25320,0,270,1485,4527,6722595,0,17,-1,14,0,
core_C72,30357,10860,0,90,1386,4165,5772690,0,-1,27,29,1,
core_C74,22416,31824,1,90,2064,6394,13197216,0,36,-1,100,1,
core_C75,17280,22032,1,180,5172,2064,10675008,0,109,23,19,0,
core_C77,9768,5057,0,90,1584,4051,6416784,0,0,-1,73,1,
core_C78,11309,31884,0,0,4417,1419,6267723,0,-1,-1,69,1,
core_C79,2736,12209,1,90,2064,6325,13054800,0,-1,81,62,0,
core_C80,11898,36174,0,0,3691,1782,6577362,0,-1,-1,107,0,
core_C81,6864,8778,0,270,1452,4432,6435264,0,-1,54,94,0,
core_C82,1452,27654,0,0,4464,1452,6481728,0,-1,-1,33,0,
core_C83,8316,5057,0,270,1452,4440,6446880,0,-1,73,44,0,
core_C84,6864,4381,0,270,1452,4397,6384444,0,-1,91,80,0,
core_C85,8316,24030,0,270,1485,4569,6784965,0,37,-1,5,0,
core_C86,17853,0,0,270,1452,4538,6589176,0,12,-1,43,1,
core_C87,12104,26544,1,0,4881,2400,11714400,0,-1,-1,110,1,
core_C88,0,11946,0,90,1452,4512,6551424,0,8,119,3,0,
core_C89,12276,0,0,90,1452,4357,6326364,0,45,-1,122,1,
core_C90,19872,31824,1,270,2544,3929,9995376,0,85,-1,79,1,
core_C91,16896,27042,0,270,1452,4403,6393156,0,111,-1,26,1,
core_C92,28245,6369,0,270,1452,4519,6561588,0,38,-1,71,1,
core_C93,8316,13998,0,0,4275,1419,6066225,0,-1,5,73,0,
core_C94,23988,18159,0,0,4387,1452,6369924,0,-1,14,29,0,
core_C96,4992,10032,1,0,6546,2112,13825152,0,-1,76,9,0,
core_C98,2736,31409,1,90,2064,6426,13263264,0,-1,-1,72,0,
core_C101,11898,34755,0,180,4454,1419,6320226,0,-1,90,42,1,
core_C102,4992,30912,1,270,2064,6357,13120848,0,34,-1,112,0,
core_C104,22452,22032,1,0,6474,2064,13362336,0,7,-1,86,1,
core_C107,4992,26544,1,180,7112,2304,16386048,0,97,112,21,0,
core_C108,18348,27042,0,0,4467,1485,6633495,0,-1,60,101,1,
core_C109,4992,28848,1,180,6450,2064,13312800,0,-1,108,110,0,
core_C110,10752,30912,1,90,2112,6425,13569600,0,63,57,34,1,
core_C111,24480,34800,1,0,4480,2928,13117440,0,-1,-1,36,0,
core_C112,7524,34755,0,0,4213,1386,5839218,0,-1,42,61,0,
core_C113,15180,0,0,90,1419,4359,6185421,0,43,-1,45,1,
core_C114,4436,0,0,270,1452,4392,6377184,0,-1,-1,48,1,
core_C116,8316,0,0,0,2524,2508,6330192,0,-1,44,80,1,
core_C117,0,29106,0,0,4398,1452,6385896,0,-1,121,98,0,
core_C118,29045,28584,1,0,5127,2544,13043088,0,-1,11,35,0,
core_C119,0,30558,0,0,4453,1452,6465756,0,-1,20,119,0,
core_C120,10857,0,0,270,1419,4431,6287589,0,99,-1,44,1,
core_C121,4992,0,1,0,5832,2304,13436928,0,49,9,47,1,
Wirelength: 1.48131e+08
layer(tree) info:
layer: 0 ,width: 39333 ,height: 41028 ,area: 1613754324 ,blocks_area: 1334975895, filling_rate: 0.827249, utilizatio_rate: 0.798457
layer: 1 ,width: 40277 ,height: 40047 ,area: 1612973019 ,blocks_area: 1246696512, filling_rate: 0.772918, utilizatio_rate: 0.745656
random seed: 8
alpha: 0
gamma: 1
best wirelength: 1.48131e+08
initial_num_perturbs: 3720
iter: 0
best_iter: 0
best_cost: 0.435773
reject_time: 0
accept_inferior_time: 0
update_best_time: 761
adjustLegalOutline_fail_times: 0
outline_adjust_time: 4.221
initial_wirelength: 8.33931e+08
initial_average_wirelength: 1.91368e+09
8.33931e+08,initial_iter: 3720
initial_time: 6.145
total time cost: 100.002
