name,x,y,layer,rotated_angle,width,height,area,exceed_outline_area,left,right,parent,is_from_left,
macro_C8466,8349,16467,0,180,6369,5709,36360621,0,85,16,9,0,
macro_C8467,4311,14544,1,180,9072,8160,74027520,0,-1,-1,29,0,
macro_C16429,24192,23561,1,0,8112,10752,87220224,0,103,-1,75,1,
macro_C16430,29494,35706,0,90,7524,5676,42706224,0,-1,-1,39,1,
macro_C32011,29832,31416,0,0,8613,4290,36949770,0,-1,-1,62,0,
macro_C32012,24000,34313,1,0,12288,6144,75497472,0,-1,-1,51,1,
macro_C39784,18716,18711,0,90,7854,5445,42765030,0,91,-1,32,0,
macro_C39785,17127,27027,0,90,7854,5445,42765030,0,48,24,53,1,
macro_C55552,0,0,0,180,5412,7854,42505848,0,111,105,-1,0,
macro_C55553,8349,8613,0,0,5412,7854,42505848,0,95,0,72,0,
macro_C63404,0,29007,0,90,7854,5412,42505848,0,36,17,114,0,
macro_C63405,7854,27918,0,90,7854,5412,42505848,0,53,27,17,1,
macro_C71293,10752,24432,1,270,11232,7728,86800896,0,75,-1,30,1,
macro_C71294,19807,4128,1,0,7728,11232,86800896,0,-1,-1,104,1,
macro_C86866,0,21879,0,180,6369,5709,36360621,0,57,114,15,0,
macro_C86867,0,16203,0,270,7524,5676,42706224,0,-1,14,18,0,
macro_C86868,8349,22176,0,180,8613,4290,36949770,0,109,-1,0,0,
macro_C86869,0,34419,0,270,7854,5445,42765030,0,11,-1,10,0,
macro_C86870,0,10791,0,270,7854,5412,42505848,0,-1,15,106,0,
macro_C94576,13383,15360,1,270,8160,9072,74027520,0,78,-1,102,0,
macro_C94577,34339,0,0,0,5676,7524,42706224,0,-1,-1,34,1,
macro_C94578,34133,6405,1,270,6144,12288,75497472,0,-1,54,26,1,
macro_C94579,24387,0,0,180,5445,7854,42765030,0,92,-1,69,1,
macro_C94580,34322,7524,0,0,5412,7854,42505848,0,-1,-1,113,1,
macro_C102137,17127,32472,0,180,6369,5709,36360621,0,-1,-1,7,0,
macro_C102138,0,32784,1,90,10752,8112,87220224,0,28,-1,30,0,
macro_C102139,27989,6857,1,90,6144,12288,75497472,0,21,73,61,0,
macro_C102140,7854,33330,0,270,7854,5445,42765030,0,86,-1,11,0,
macro_C102141,10752,32160,1,270,11232,7728,86800896,0,51,-1,25,1,
macro_C109812,4311,6384,1,180,9072,8160,74027520,0,70,1,68,1,
macro_C109813,0,24672,1,270,10752,8112,87220224,0,12,25,84,0,
macro_C109814,11220,0,0,90,4290,8613,36949770,0,79,-1,108,1,
macro_C109815,18716,13266,0,270,7854,5445,42765030,0,-1,6,119,1,
macro_C109816,20064,7854,0,90,7854,5412,42505848,0,94,-1,66,0,
core_C1,29832,4224,0,0,4507,1485,6692895,0,20,113,97,0,
core_C3,12349,26466,0,0,4536,1452,6586272,0,-1,-1,36,1,
core_C4,7854,26466,0,180,4495,1452,6526740,0,35,-1,10,1,
core_C5,30101,0,1,270,2208,6857,15140256,0,115,-1,61,1,
core_C6,21543,17424,1,180,5891,2304,13572864,0,98,-1,78,0,
core_C7,24981,25608,0,0,4513,1452,6552876,0,3,-1,48,0,
core_C11,18249,0,0,90,1815,3676,6671940,0,66,-1,74,1,
core_C13,29832,21417,0,180,4413,1452,6407676,0,-1,116,64,0,
core_C14,34277,0,1,90,2064,6405,13219920,0,-1,-1,115,1,
core_C15,29832,12870,0,180,3858,1254,4837932,0,-1,93,118,0,
core_C16,29832,15576,0,180,4462,1452,6478824,0,-1,99,93,0,
core_C18,35723,19770,0,180,3091,2046,6324186,0,-1,-1,117,0,
core_C19,34370,15378,0,270,1353,4133,5591949,0,117,-1,96,1,
core_C22,26570,20419,0,180,3106,2013,6252378,0,-1,-1,49,0,
core_C23,24981,24156,0,180,4436,1452,6441072,0,-1,39,7,1,
core_C24,26570,18373,0,180,3119,2046,6381474,0,-1,47,91,0,
core_C26,14718,17548,0,90,1452,4378,6356856,0,-1,-1,85,0,
core_C28,21984,25437,1,270,2016,6311,12722976,0,5,-1,28,1,
core_C30,0,8016,1,90,2880,4333,12479040,0,-1,84,68,0,
core_C31,15708,27918,0,270,1419,4297,6097443,0,7,-1,11,1,
core_C32,34133,18693,1,270,2544,5280,13432320,0,-1,-1,21,0,
core_C33,32304,26181,1,180,4366,2880,12574080,0,-1,-1,103,0,
core_C34,13383,4128,1,0,6051,2400,14522400,0,-1,71,101,0,
core_C35,6369,21879,0,90,1419,4442,6303198,0,-1,-1,14,1,
core_C36,29832,28611,0,0,4098,1353,5544594,0,-1,62,89,0,
core_C37,34332,26355,0,180,2255,1452,3274260,0,-1,100,62,1,
core_C38,16797,6529,0,180,3265,2112,6895680,0,-1,-1,112,0,
core_C41,27989,0,1,90,2112,6509,13747008,0,37,26,78,1,
core_C42,29832,29964,0,180,4500,1452,6534000,0,59,4,58,0,
core_C43,21516,0,0,270,1452,4457,6471564,0,69,110,66,1,
core_C45,29832,19932,0,180,4472,1485,6640920,0,-1,41,96,0,
core_C47,0,0,1,180,6675,2160,14418000,0,-1,77,-1,0,
core_C48,20064,0,0,90,1452,4392,6377184,0,63,33,40,1,
core_C49,29832,8580,0,0,4440,1419,6300360,0,-1,122,107,0,
core_C50,0,6384,1,0,4311,1632,7035552,0,29,52,83,0,
core_C51,22968,0,0,90,1419,4445,6307455,0,22,-1,63,1,
core_C54,13383,0,1,0,6389,2064,13186896,0,-1,101,29,1,
core_C55,13383,6528,1,180,5589,1824,10194336,0,-1,104,56,0,
core_C56,8349,0,0,90,1452,4402,6391704,0,108,9,81,1,
core_C57,27989,19145,1,180,5903,2304,13600512,0,-1,-1,26,0,
core_C58,16797,0,0,270,1452,4483,6509316,0,40,112,79,1,
core_C59,21984,19728,1,90,2208,5709,12605472,0,2,-1,12,1,
core_C60,34251,21816,0,90,1617,4058,6561786,0,82,-1,89,1,
core_C61,0,2160,1,180,6415,2112,13548480,0,-1,83,65,0,
core_C62,21543,15360,1,0,6446,2064,13304544,0,61,38,19,1,
core_C64,15510,0,0,90,1287,3879,4992273,0,74,121,31,1,
core_C65,29832,24288,0,0,4381,1452,6361212,0,-1,87,116,0,
core_C66,6897,0,0,90,1452,4492,6522384,0,72,-1,111,1,
core_C67,35868,21816,0,90,1452,4539,6590628,0,-1,-1,76,1,
core_C68,0,4272,1,0,6625,2112,13992000,0,-1,68,77,0,
core_C72,0,22704,1,180,6107,1968,12018576,0,-1,30,52,0,
core_C74,14718,13182,0,90,1452,4366,6339432,0,119,50,0,1,
core_C75,15708,32215,0,270,1287,3985,5128695,0,-1,-1,27,1,
core_C77,29832,25740,0,180,4419,1452,6416388,0,-1,89,80,0,
core_C78,29832,1452,0,0,4417,1419,6267723,0,-1,97,92,0,
core_C79,29832,27192,0,180,4419,1419,6270561,0,76,58,87,0,
core_C80,19831,0,1,0,5283,2592,13693536,0,-1,-1,101,1,
core_C81,26570,16327,0,180,3145,2046,6434670,0,-1,49,6,1,
core_C82,29832,0,0,180,4464,1452,6481728,0,-1,88,22,1,
core_C83,29832,14124,0,180,4440,1452,6446880,0,-1,44,43,0,
core_C84,27918,7854,0,90,1452,4397,6384444,0,-1,123,33,1,
core_C85,13761,8613,0,270,1485,4569,6784965,0,-1,-1,9,1,
core_C86,29832,18480,0,180,4538,1452,6589176,0,46,64,99,0,
core_C87,29832,2871,0,180,4160,1353,5628480,0,-1,34,88,0,
core_C88,27434,21449,1,180,6456,2112,13635072,0,-1,-1,38,1,
core_C89,29832,17028,0,0,4357,1452,6326364,0,-1,96,44,0,
core_C90,34332,27807,0,270,1518,3163,4801434,0,-1,-1,59,0,
core_C91,13383,2064,1,180,6448,2064,13308672,0,90,56,70,0,
core_C92,13383,10416,1,90,2976,4589,13656864,0,-1,19,104,0,
core_C93,32304,23973,1,0,5719,2208,12627552,0,-1,55,2,1,
core_C94,13383,8352,1,180,6424,2064,13259136,0,13,102,71,0,
core_C96,0,7854,0,180,4473,1485,6642405,0,-1,106,8,0,
core_C98,0,9339,0,0,4388,1452,6371376,0,-1,18,105,0,
core_C101,29832,7161,0,180,4454,1419,6320226,0,-1,67,113,0,
core_C102,9801,0,0,270,1419,4442,6303198,0,31,-1,72,1,
core_C104,16962,24156,0,0,4421,1452,6419292,0,-1,120,16,1,
core_C107,21516,4457,0,0,2806,2805,7870830,0,-1,-1,63,0,
core_C108,5412,0,0,90,1485,4467,6633495,0,81,-1,8,1,
core_C109,16797,4483,0,0,3126,2046,6395796,0,-1,60,74,0,
core_C110,29832,5709,0,0,4490,1452,6519480,0,23,107,34,0,
core_C111,0,27588,0,180,4441,1419,6301779,0,-1,10,14,0,
core_C112,32309,0,1,270,1968,6176,12154368,0,42,-1,37,1,
core_C113,29832,22869,0,180,4359,1419,6185421,0,-1,80,41,0,
core_C114,35723,15378,0,90,1452,4392,6377184,0,-1,45,46,1,
core_C116,29832,11418,0,180,4361,1452,6332172,0,-1,43,122,0,
core_C117,16170,10093,0,0,2546,2508,6385368,0,32,-1,85,1,
core_C118,16962,25608,0,180,4416,1419,6266304,0,-1,-1,109,0,
core_C119,15510,8641,0,180,4453,1452,6465756,0,-1,-1,79,0,
core_C120,29832,9999,0,180,4431,1419,6287589,0,-1,118,67,0,
core_C121,27918,12251,0,90,1584,4076,6456384,0,-1,-1,94,0,
Wirelength: 1.08265e+08
layer(tree) info:
layer: 0 ,width: 40015 ,height: 41382 ,area: 1655900730 ,blocks_area: 1303794987, filling_rate: 0.787363, utilizatio_rate: 0.779807
layer: 1 ,width: 40277 ,height: 40896 ,area: 1647168192 ,blocks_area: 1308288768, filling_rate: 0.794265, utilizatio_rate: 0.782495
random seed: 16
alpha: 0
gamma: 1
best wirelength: 1.08265e+08
initial_num_perturbs: 15376
iter: 0
best_iter: 0
best_cost: 0.260442
reject_time: 0
accept_inferior_time: 0
update_best_time: 0
adjustLegalOutline_fail_times: 0
outline_adjust_time: 7.86
initial_wirelength: 5.87276e+08
initial_average_wirelength: 2.25492e+09
5.87276e+08,initial_iter: 15376
initial_time: 18.608
total time cost: 100.189
