name,x,y,layer,rotated_angle,width,height,area,exceed_outline_area,left,right,parent,is_from_left,
macro_C415824,39266,39185,0,0,5520,23736,131022720,0,-1,102,269,0,
macro_C393731,23718,11040,0,0,5520,23736,131022720,0,219,309,178,0,
macro_C396425,33194,71315,0,0,5520,23736,131022720,0,282,479,326,1,
macro_C399323,184,8510,1,0,8625,37030,319383750,0,508,618,327,0,
macro_C401933,276,54395,1,0,8625,37030,319383750,0,432,534,530,0,
macro_C404827,43038,100685,0,0,5520,23736,131022720,0,-1,-1,403,0,
macro_C407516,61218,45095,0,0,5520,23736,131022720,0,-1,114,89,0,
macro_C410398,39266,65405,0,0,5520,23736,131022720,0,-1,164,102,0,
macro_C413082,12673,70901,1,0,8625,37030,319383750,0,-1,599,416,0,
macro_C40987,62506,14281,0,0,5520,23736,131022720,0,546,-1,94,1,
macro_C418718,50306,0,0,0,5520,23736,131022720,0,459,538,90,1,
macro_C421703,0,33396,0,0,5520,23736,131022720,0,-1,82,26,0,
macro_C424481,44786,40877,0,0,5520,23736,131022720,0,-1,591,403,1,
macro_C427156,61218,99807,0,0,5520,23736,131022720,0,497,-1,556,0,
macro_C429952,39266,10757,0,0,5520,23736,131022720,0,605,374,342,1,
macro_C432667,50306,29602,0,0,5520,23736,131022720,0,334,458,538,0,
macro_C38059,44786,67097,0,0,5520,23736,131022720,0,-1,280,591,0,
macro_C78506,8096,17480,0,0,5520,23736,131022720,0,69,21,498,1,
macro_C390724,55606,69371,0,0,5520,23736,131022720,0,-1,253,229,0,
macro_C43597,56097,69111,1,0,8625,37030,319383750,0,-1,600,195,0,
macro_C46411,27582,40219,0,0,5520,23736,131022720,0,271,68,119,0,
macro_C48981,8096,41216,0,0,5520,23736,131022720,0,-1,373,17,0,
macro_C51791,0,69736,0,0,5520,23736,131022720,0,70,180,127,0,
macro_C54384,10028,67160,0,0,5520,23736,131022720,0,572,630,428,1,
macro_C57054,13892,90896,0,0,5520,23736,131022720,0,429,117,520,1,
macro_C62277,50306,104542,0,0,5520,23736,131022720,0,281,-1,621,0,
macro_C65066,0,9660,0,0,5520,23736,131022720,0,555,11,444,0,
macro_C67838,49312,13911,1,0,8625,37030,319383750,0,257,514,433,0,
macro_C70493,13338,11040,1,0,8625,37030,319383750,0,-1,-1,189,1,
macro_C73067,22747,17993,1,0,8625,37030,319383750,0,-1,602,354,0,
macro_C75793,41676,91721,1,0,8625,37030,319383750,0,456,-1,84,0,
macro_C59667,27669,58588,1,0,8625,37030,319383750,0,305,595,145,0,
core_C930,27669,120642,1,180,8149,2530,20616970,0,-1,-1,595,0,
core_C1124,17664,61894,0,180,3688,3680,13571840,0,-1,-1,572,1,
core_C1270,6164,13800,0,0,3690,3680,13579200,0,394,498,124,1,
core_C1382,7636,115230,1,90,2530,7977,20181810,0,567,-1,448,0,
core_C1112,65082,84626,0,90,1932,6165,11910780,0,-1,-1,379,0,
core_C126,67934,38017,0,180,4319,2852,12317788,0,526,-1,122,1,
core_C1684,25650,90496,0,90,2944,4427,13033088,0,-1,183,462,0,
core_C1556,42262,9890,1,90,3105,6572,20406060,0,640,-1,222,1,
core_C599,70510,61727,0,90,2208,5673,12525984,0,651,-1,645,1,
core_C919,39001,2530,1,180,5662,3680,20836160,0,109,371,443,1,
core_C1502,55826,35806,0,90,2024,6480,13115520,0,-1,55,287,0,
core_C356,20217,116027,1,0,7153,2760,19742280,0,-1,-1,396,0,
core_C1322,37421,56659,1,180,6572,3105,20406060,0,-1,648,203,0,
core_C1329,60467,27163,1,90,2530,8139,20591670,0,-1,-1,328,0,
core_C1044,47685,0,0,90,2116,6413,13569908,0,-1,-1,317,1,
core_C318,70107,43522,1,90,2415,7590,18329850,0,587,-1,290,1,
core_C1681,49312,55426,1,90,2530,7998,20234940,0,398,592,514,0,
core_C1652,24539,124707,0,180,6234,1932,12044088,0,324,-1,573,1,
core_C667,40738,6548,0,0,6645,2116,14060820,0,-1,-1,282,1,
core_C285,18206,0,0,0,5805,2300,13351500,0,536,265,60,1,
core_C15,37421,48034,1,0,7945,2530,20100850,0,-1,430,258,0,
core_C925,62109,54295,1,90,2530,8033,20323490,0,-1,-1,582,0,
core_C1409,69958,76161,0,0,5814,2208,12837312,0,-1,-1,411,0,
core_C562,55826,42286,0,90,2392,5147,12311624,0,-1,376,42,0,
core_C168,3612,93472,0,90,2024,6097,12340328,0,457,-1,180,1,
core_C458,64639,8120,1,270,2875,7240,20815000,0,580,268,582,1,
core_C1109,22839,55023,1,180,4646,4600,21371600,0,-1,255,602,1,
core_C943,72022,12658,0,90,2208,5872,12965376,0,-1,-1,323,1,
core_C1583,12924,6385,0,0,5282,2484,13120488,0,51,140,279,0,
core_C100,50380,57938,0,90,1380,4600,6348000,0,598,-1,621,1,
core_C1141,21620,92585,0,0,3681,3680,13546080,0,-1,165,405,0,
core_C879,65780,77690,1,0,8167,2530,20662510,0,-1,423,161,0,
core_C355,71062,40869,0,90,1840,5935,10920400,0,406,-1,134,1,
core_C387,57439,54122,1,0,4503,4370,19678110,0,-1,-1,398,1,
core_C647,29422,95812,0,180,3622,3588,12995736,0,-1,-1,103,0,
core_C439,9807,103767,0,180,3794,1748,6631912,0,-1,-1,436,1,
core_C721,27582,63955,0,0,5290,2484,13140360,0,-1,549,20,0,
core_C239,13616,53823,0,270,2944,4483,13197952,0,533,-1,17,1,
core_C1333,5520,4600,0,0,4507,2944,13268608,0,-1,475,22,1,
core_C266,69406,100209,0,180,3539,3496,12372344,0,-1,303,466,0,
core_C951,68609,100847,1,180,7313,2875,21024875,307625,-1,646,647,0,
core_C406,68246,8606,0,90,1932,6005,11601660,0,-1,-1,528,0,
core_C259,21620,84630,0,90,2944,4459,13127296,0,-1,405,636,0,
core_C522,43637,0,0,90,2024,6502,13160048,0,317,-1,153,1,
core_C1618,31966,31665,0,90,2024,6530,13216720,0,542,642,119,1,
core_C875,22839,73617,1,0,4430,4370,19359100,0,-1,208,141,0,
core_C841,37421,87458,1,90,2645,7935,20988075,0,-1,-1,540,0,
core_C1299,33102,60223,0,90,2484,5027,12487068,0,593,431,188,0,
core_C44,67198,99653,0,90,2024,6396,12945504,0,322,147,149,0,
core_C1017,37207,21010,1,0,5566,3565,19842790,0,-1,-1,144,1,
core_C1331,0,57132,0,180,5124,2484,12728016,0,-1,264,11,0,
core_C98,30733,5060,1,270,3105,6608,20517840,0,-1,-1,443,0,
core_C330,41676,86072,1,270,3680,5649,20788320,0,266,30,351,0,
core_C358,62270,8184,0,90,2024,6097,12340328,0,581,-1,404,1,
core_C210,17756,119416,0,90,2024,6603,13364472,0,539,-1,499,1,
core_C996,8839,111173,0,270,2668,4203,11213604,0,-1,-1,296,1,
core_C780,72991,48504,1,90,2530,7988,20209640,0,-1,-1,128,1,
core_C1441,61218,40004,0,90,2484,5091,12646044,0,442,6,101,1,
core_C576,46810,90833,0,90,3496,3621,12659016,0,10,437,280,1,
core_C1456,22747,8280,1,90,2645,6929,18327205,0,-1,354,175,0,
core_C309,65780,105402,1,90,2760,7469,20614440,0,-1,-1,623,0,
core_C57,65596,112871,1,0,7468,2760,20611680,0,-1,-1,604,0,
core_C1493,59286,36657,0,90,3220,3347,10777340,0,9,361,154,1,
core_C1295,66922,50070,0,90,2116,6350,13436600,0,306,560,419,0,
core_C1113,51842,62786,1,0,5717,3680,21038560,0,339,482,335,0,
core_C1022,39266,116455,0,90,2024,6166,12479984,0,450,-1,519,0,
core_C34,52831,102523,1,90,3105,6287,19521135,0,-1,460,495,0,
core_C1287,52238,23736,0,180,6271,2024,12692504,0,-1,-1,538,1,
core_C729,69406,107661,0,180,3431,3312,11363472,0,-1,202,303,0,
core_C1070,59286,46331,0,90,1932,6052,11692464,0,89,-1,361,0,
core_C820,39266,62921,0,180,5256,2484,13055904,0,-1,7,0,0,
core_C1151,29422,90505,0,270,2484,5307,13182588,0,-1,66,359,0,
core_C1685,65504,60050,1,0,8194,2530,20730820,0,-1,615,128,0,
core_C929,20117,50163,0,180,3515,3404,11965060,0,-1,453,256,0,
core_C1114,0,4508,0,0,5190,2576,13369440,0,-1,444,395,0,
core_C1484,73454,120476,0,90,1748,5406,9449688,0,-1,-1,635,0,
core_C1084,61042,38982,1,90,2530,7631,19306430,0,-1,-1,522,1,
core_C1197,44663,0,1,90,2530,7640,19329200,0,563,-1,41,1,
core_C1135,33102,50525,0,90,2760,4370,12061200,0,321,188,624,0,
core_C934,22839,103133,1,0,4702,4485,21088470,0,-1,625,524,0,
core_C845,37421,74665,1,90,3105,6519,20241495,0,-1,540,451,0,
core_C206,19780,113193,0,0,6251,2024,12652024,0,308,133,539,0,
core_C33,61218,68831,0,90,2484,5111,12695724,0,-1,152,6,0,
core_C302,59322,6907,0,90,1932,5260,10162320,0,-1,547,569,0,
core_C589,30489,0,0,90,2024,6529,13214696,0,377,-1,536,1,
core_C158,13892,114632,0,180,5599,2208,12362592,0,-1,139,24,0,
core_C414,51760,63348,0,90,1932,6251,12076932,0,607,608,162,0,
core_C1116,27582,36800,0,180,4384,2852,12503168,0,76,20,462,1,
core_C1033,69406,91837,0,180,5044,2484,12529296,0,-1,156,147,1,
core_C1170,60674,113846,1,90,2300,7385,16985500,0,261,-1,576,0,
core_C376,65726,38017,0,90,2208,5701,12587808,0,37,-1,442,1,
core_C1265,32513,21235,0,270,2208,5922,13075776,0,-1,-1,467,0,
core_C613,4232,105720,0,90,1932,5926,11449032,0,34,-1,489,1,
core_C459,64941,18005,1,0,5635,3680,20736800,0,511,-1,643,1,
core_C238,10783,48070,1,180,7917,2415,19119555,0,-1,-1,297,0,
core_C506,0,67160,0,0,5204,2576,13405504,0,-1,22,142,0,
core_C46,65504,57175,1,0,7487,2875,21525125,0,88,104,506,0,
core_C1232,44390,64019,1,90,2415,7814,18870810,0,518,368,617,1,
core_C187,70576,25940,1,90,3220,6813,21937860,0,-1,-1,511,0,
core_C450,19781,118787,1,180,4510,4370,19708700,0,192,-1,574,1,
core_C494,68670,115160,0,90,2024,6268,12686432,0,-1,-1,497,1,
core_C915,19780,115217,0,90,2484,5119,12715596,0,491,-1,113,0,
core_C1043,69038,40869,0,90,2024,6447,13048728,0,64,-1,419,1,
core_C449,61218,95299,0,0,5772,2208,12744576,0,-1,556,585,0,
core_C10,5779,120414,0,0,5790,2208,12784320,0,191,286,537,1,
core_C178,19412,84571,0,90,2024,6504,13164096,0,-1,487,365,0,
core_C1045,70362,6228,0,90,2116,6430,13605880,0,-1,-1,559,0,
core_C1298,13892,116840,0,0,5287,2576,13619312,0,-1,298,117,0,
core_C1488,12924,8869,0,180,5178,2576,13338528,0,-1,-1,60,0,
core_C1587,22839,71432,1,0,4419,2185,9655515,0,-1,77,415,0,
core_C1285,0,64584,0,0,5339,2576,13753264,0,-1,127,367,0,
core_C1313,25981,106607,0,270,2392,5036,12046112,0,-1,-1,275,1,
core_C1249,32407,98263,1,180,4800,4600,22080000,0,81,207,606,1,
core_C1067,27669,55023,1,180,5348,3565,19065620,0,206,31,232,1,
core_C922,21620,109697,0,180,3586,3496,12536656,0,-1,-1,275,0,
core_C1050,67198,106049,0,90,2208,5835,12883680,0,120,-1,80,0,
core_C306,6899,5750,1,180,7151,2760,19736760,0,-1,-1,327,1,
core_C228,67198,93397,0,90,2024,6256,12662144,0,215,80,348,0,
core_C28,73071,32753,1,90,2530,8032,20320960,0,-1,-1,213,1,
core_C326,51760,74821,0,0,3646,3588,13081848,0,-1,336,490,0,
core_C443,61218,73942,0,180,3650,3588,13096200,0,-1,532,114,0,
core_C156,38482,0,0,0,5155,2484,12805020,0,75,-1,542,1,
core_C1159,57538,59756,0,90,1748,5559,9717132,0,94,-1,229,1,
core_C446,35126,99467,0,0,3738,3588,13411944,0,-1,217,507,1,
core_C1155,69406,94321,0,180,3762,3588,13498056,0,-1,466,120,0,
core_C1548,23718,72138,0,90,1932,6347,12262404,0,462,230,372,0,
core_C1326,39266,104965,0,180,3531,3404,12019524,0,-1,170,249,0,
core_C740,55826,111302,0,0,4976,2484,12360384,0,-1,626,281,0,
core_C27,50306,55822,0,0,5719,2116,12101404,0,-1,621,458,0,
core_C133,65780,75045,1,0,8342,2645,22064590,0,-1,63,571,0,
core_C350,51760,60864,0,180,5060,2484,12569040,0,-1,118,476,0,
core_C616,63601,0,0,180,5848,2208,12912384,0,-1,-1,486,1,
core_C1605,39266,89141,0,0,5245,2484,13028580,0,-1,485,7,0,
core_C254,21620,96265,0,0,3635,3496,12707960,0,-1,194,62,0,
core_C574,28568,117439,0,0,5914,2208,13058112,0,-1,349,318,0,
core_C191,0,116366,0,180,6459,2024,13073016,0,-1,353,196,0,
core_C1019,0,101304,0,0,5818,2208,12846144,0,-1,505,381,0,
core_C244,6539,115376,0,180,4494,2944,13230336,0,-1,-1,196,1,
core_C591,39266,108369,0,0,3691,3680,13582880,0,-1,519,158,0,
core_C200,35126,113360,0,90,2576,5169,13315344,0,-1,-1,439,0,
core_C972,18206,21012,0,180,5198,2576,13390048,0,-1,463,584,0,
core_C74,18206,7592,0,90,2024,6614,13386736,0,-1,380,265,0,
core_C1261,65780,87005,1,0,5742,3680,21130560,0,-1,623,589,0,
core_C978,22747,5175,1,180,4918,3105,15270390,0,438,91,446,0,
core_C627,37421,34580,1,180,5441,3565,19397165,0,231,445,291,0,
core_C748,27582,80990,0,180,3572,3496,12487712,0,-1,325,503,0,
core_C373,23718,9016,0,0,6388,2024,12929312,0,-1,1,363,0,
core_C1009,39146,62869,1,90,2530,8001,20242530,0,597,-1,525,1,
core_C108,0,93472,0,180,3612,3496,12627552,0,56,381,22,0,
core_C380,23718,36800,0,90,2484,5089,12641076,0,-1,638,309,0,
core_C555,32513,13086,0,180,5827,2208,12866016,0,-1,467,378,0,
core_C1030,25650,94923,0,180,3656,3496,12781376,0,-1,633,38,0,
core_C1455,14050,60514,0,0,4229,1380,5836020,0,-1,-1,590,0,
core_C537,39224,126445,0,0,5288,2484,13135392,0,-1,-1,245,1,
core_C1284,18837,0,1,90,2530,8133,20576490,0,-1,-1,629,1,
core_C1089,65504,39010,1,90,2530,8160,20644800,0,386,290,402,0,
core_C1356,33102,54895,0,90,2484,5328,13234752,0,331,79,110,0,
core_C476,10693,23561,1,90,2645,8041,21268445,0,28,383,631,1,
core_C1688,11613,97208,0,90,2024,6559,13275416,0,-1,-1,223,1,
core_C959,11569,110716,0,90,2024,6559,13275416,0,-1,-1,136,1,
core_C1037,24291,118787,1,90,2875,7283,20938625,0,-1,-1,131,1,
core_C289,5106,95105,1,0,4668,4600,21472800,0,-1,492,631,0,
core_C1691,21620,99761,0,180,3740,3588,13419120,0,-1,512,165,0,
core_C753,56097,66466,1,0,7957,2645,21046265,0,-1,19,221,1,
core_C1140,0,114250,0,0,6539,2116,13836524,0,169,167,389,0,
core_C431,70274,18530,0,90,3496,3497,12225512,0,-1,-1,323,0,
core_C153,0,122990,0,0,5440,2668,14513920,0,-1,537,550,0,
core_C954,52831,119127,1,180,7840,2415,18933600,0,-1,-1,477,1,
core_C654,12581,58596,1,180,7754,2530,19617620,0,-1,238,234,0,
core_C422,57348,0,1,90,2530,7780,19683400,0,-1,-1,649,1,
core_C649,69406,110973,0,90,1564,4187,6548468,0,263,-1,100,0,
core_C1185,37421,53554,1,180,6571,3105,20402955,0,-1,44,430,0,
core_C1450,29785,98263,1,90,2530,8100,20493000,0,606,-1,500,1,
core_C1250,57937,35302,1,0,5574,3680,20512320,0,-1,522,545,0,
core_C1288,33017,19388,1,270,2530,8118,20538540,0,-1,262,145,1,
core_C1076,32407,102863,1,90,2300,7543,17348900,0,344,-1,144,0,
core_C1698,22839,77987,1,180,4644,4485,20828340,0,-1,564,77,0,
core_C1620,65082,68831,0,90,1840,5912,10878080,0,419,387,583,1,
core_C1303,49220,8161,1,0,6503,3220,20939660,0,478,594,649,0,
core_C183,44878,27261,0,180,3741,3588,13422708,0,-1,-1,313,0,
core_C888,44298,50564,1,0,4709,4485,21119865,0,-1,420,409,1,
core_C1321,65504,32915,1,180,7567,2875,21755125,0,150,402,632,0,
core_C583,39266,94201,0,180,3462,3404,11784648,0,-1,292,485,0,
core_C1059,69222,87053,0,180,5018,2392,12003056,0,-1,-1,149,1,
core_C313,57937,45195,1,90,3105,6397,19862685,0,-1,-1,522,0,
core_C129,35126,103055,0,0,4045,3864,15629880,0,-1,439,155,0,
core_C106,92,0,1,180,6474,3105,20101770,0,-1,622,601,1,
core_C952,29238,11040,0,90,2944,4612,13577728,0,-1,-1,1,1,
core_C1142,66922,71837,0,0,6439,2116,13624924,0,541,-1,410,0,
core_C1085,54372,66466,1,90,1725,5838,10070550,0,195,-1,482,1,
core_C1369,35806,9890,1,0,6456,3220,20788320,0,39,-1,565,1,
core_C905,9773,97208,0,90,1840,5850,10764000,0,190,-1,384,1,
core_C284,44390,81012,1,0,8243,2530,20854790,0,-1,586,535,0,
core_C1306,27582,73814,0,180,3742,3588,13426296,0,-1,503,332,0,
core_C1391,44878,10757,0,90,2024,6634,13427216,0,-1,472,605,1,
core_C1086,27853,95618,1,180,7995,2645,21146775,0,-1,614,613,1,
core_C22,51760,94320,0,270,2116,5346,11312136,0,-1,644,488,0,
core_C1566,55606,63348,0,90,1932,6023,11636436,0,154,18,588,1,
core_C789,23718,78485,0,90,1932,5868,11336976,0,-1,-1,157,0,
core_C368,42862,41291,1,90,2185,6743,14733455,0,301,-1,176,1,
core_C700,25254,95352,1,90,2415,7781,18791115,0,145,-1,524,1,
core_C141,65504,118276,1,90,3105,6237,19365885,0,-1,-1,330,0,
core_C1068,12581,54165,1,270,4370,4431,19363470,0,333,200,567,1,
core_C173,44817,20142,1,90,2530,7681,19432930,0,-1,548,291,1,
core_C138,59322,24754,0,90,2116,5751,12169116,0,-1,-1,388,0,
core_C664,65596,68950,1,180,5505,3565,19625325,0,-1,604,529,0,
core_C470,12581,61126,1,180,5524,3565,19693060,0,-1,553,200,0,
core_C1097,28568,122499,0,0,5706,2208,12598848,0,-1,-1,349,0,
core_C1134,15548,68304,0,270,2300,6904,15879200,0,-1,274,572,0,
core_C1418,69866,67400,0,90,2852,4437,12654324,0,-1,-1,410,1,
core_C222,70081,62580,1,90,3105,6370,19778850,0,568,-1,529,1,
core_C1041,33990,34517,0,180,3627,3496,12679992,0,-1,-1,542,0,
core_C1606,70970,114649,0,90,2024,6279,12708696,0,-1,385,263,0,
core_C66,34775,118529,0,0,4449,2944,13097856,0,185,-1,324,1,
core_C1398,33017,42059,1,90,2530,8148,20614440,0,-1,259,273,0,
core_C992,7636,106030,1,0,4661,4485,20904585,0,-1,448,397,1,
core_C505,27945,106363,1,90,1955,4937,9651835,0,-1,-1,500,0,
core_C1294,39266,101285,0,0,3739,3680,13759520,0,-1,158,292,0,
core_C916,45673,34437,0,0,4581,2944,13486464,0,-1,434,285,0,
core_C176,73129,82197,0,270,2392,4856,11615552,0,-1,-1,650,1,
core_C342,184,99279,1,90,2990,5999,17937010,0,-1,-1,618,0,
core_C586,55606,93107,0,90,2208,5599,12362592,0,382,-1,18,0,
core_C271,67934,73953,0,90,2024,6128,12403072,0,411,-1,387,1,
core_C327,22839,59623,1,90,2760,7324,20214240,0,-1,415,58,0,
core_C1293,20117,46555,0,90,3496,3608,12613568,0,-1,105,504,1,
core_C1081,57937,11266,1,90,2530,7803,19741590,0,399,545,27,1,
core_C1361,37421,42839,1,270,4485,4522,20281170,0,-1,52,445,0,
core_C840,33017,50207,1,90,2760,7373,20349480,0,-1,-1,246,0,
core_C1374,2576,91425,1,90,2530,7854,19870620,0,631,-1,534,1,
core_C953,62974,113846,1,90,2530,8078,20437340,0,632,-1,121,1,
core_C849,33017,27506,1,90,2530,7923,20045190,0,-1,273,206,0,
core_C1532,70970,110973,0,90,3496,3676,12851296,0,-1,244,202,1,
core_C1328,0,59616,0,0,5179,2484,12864636,0,-1,367,82,0,
core_C1319,18206,2300,0,90,2576,5292,13632192,0,-1,173,51,0,
core_C1527,45356,86072,1,0,7249,2875,20840875,0,-1,-1,84,1,
core_C838,21436,71922,0,90,2116,6356,13449296,0,-1,-1,337,1,
core_C317,64639,15360,1,0,7957,2645,21046265,0,-1,-1,57,0,
core_C778,39266,36609,0,180,5249,2576,13521424,0,-1,0,374,0,
core_C329,51760,101966,0,0,5254,2576,13534304,0,412,-1,644,0,
core_C76,33102,40219,0,90,3036,4786,14530296,0,554,449,20,1,
core_C1463,57537,98706,0,90,3036,4816,14621376,0,-1,-1,644,1,
core_C520,33017,35429,1,90,2070,6630,13724100,0,-1,246,262,0,
core_C214,15548,75208,0,180,3541,3496,12379336,0,-1,307,240,0,
core_C1052,21620,106845,0,180,4361,2852,12437572,0,143,146,512,0,
core_C1524,12765,107931,1,90,2530,7769,19655570,0,302,329,599,1,
core_C1004,37329,95393,1,90,2530,7770,19658100,0,-1,-1,612,0,
core_C5,11312,105515,0,90,2484,5201,12919284,0,-1,-1,627,1,
core_C442,12924,0,0,90,2024,6385,12923240,0,-1,60,338,1,
core_C250,44786,90833,0,90,2024,6390,12933360,0,90,422,16,0,
core_C1246,55826,108818,0,180,5085,2484,12631140,0,366,159,25,1,
core_C885,38714,2484,0,90,2024,6249,12647976,0,50,-1,2,1,
core_C1694,19412,68334,0,0,3625,3588,13006500,0,-1,337,429,0,
core_C921,39046,8733,0,0,6359,2024,12870616,0,-1,-1,479,1,
core_C1656,45673,30849,0,180,3633,3588,13035204,0,-1,250,374,1,
core_C12,5779,122622,0,0,6283,2024,12716792,0,-1,-1,136,0,
core_C164,55826,29359,0,90,2024,6447,13048728,0,-1,42,334,0,
core_C205,5106,106030,1,90,2530,8125,20556250,0,-1,397,345,0,
core_C290,50873,0,1,270,3565,5631,20074515,0,-1,-1,563,1,
core_C132,65504,47170,1,0,4603,4485,20644455,0,47,340,187,0,
core_C715,37421,31705,1,0,7396,2875,21263500,0,235,176,612,1,
core_C1296,39266,97605,0,180,3713,3680,13663840,0,-1,249,214,0,
core_C1649,25650,102007,0,0,6590,2024,13338160,0,-1,-1,633,0,
core_C1517,23718,48513,0,270,2024,6619,13396856,0,-1,557,638,0,
core_C1082,6164,91682,0,180,3206,3128,10028368,0,-1,454,435,0,
core_C730,2208,112226,0,0,6631,2024,13421144,0,87,-1,489,0,
core_C275,10783,39292,1,90,2530,8293,20981290,0,-1,126,492,1,
core_C1559,13892,119416,0,90,2024,6632,13423168,0,499,-1,139,0,
core_C567,12390,50485,1,180,5720,3680,21049600,0,304,-1,448,1,
core_C557,44298,59534,1,180,4693,4485,21048105,0,-1,617,420,0,
core_C1383,45047,41291,1,90,3335,6705,22361175,0,-1,-1,231,1,
core_C515,15295,107931,1,90,2415,7523,18168045,0,611,574,276,1,
core_C397,69406,103705,0,0,4041,3956,15986196,0,-1,100,71,0,
core_C604,18110,50485,1,180,4379,4255,18632645,0,-1,-1,299,1,
core_C736,36294,13110,1,90,2415,7900,19078500,0,-1,-1,31,1,
core_C1498,69038,47316,0,180,3594,3496,12564624,0,543,407,95,1,
core_C816,15548,78704,0,90,2024,6399,12951576,0,-1,-1,274,0,
core_C873,26031,111643,0,180,4542,2852,12953784,0,-1,-1,113,1,
core_C609,23718,34776,0,0,6420,2024,12994080,0,509,181,1,0,
core_C1423,18206,36343,0,180,5104,2484,12678336,0,-1,392,515,0,
core_C782,52831,87387,1,90,2530,8047,20358910,0,-1,495,562,0,
core_C21,23718,58720,0,0,3634,3588,13038792,0,-1,346,557,0,
core_C507,44878,23673,0,180,3674,3588,13182312,0,-1,211,472,0,
core_C1157,71254,90685,1,90,4370,4599,20097630,0,-1,-1,551,1,
core_C1096,56198,53999,0,270,2300,5757,13241100,0,561,-1,476,1,
core_C724,53891,51592,1,0,8188,2530,20715640,0,-1,-1,514,1,
core_C352,45661,0,0,90,2024,6548,13253152,0,46,-1,75,1,
core_C1136,28568,114495,0,0,4521,2944,13309824,0,-1,166,491,1,
core_C491,21058,27268,0,90,2024,6591,13340184,0,-1,-1,513,1,
core_C1377,15916,126019,0,0,6599,2024,13356376,0,573,-1,499,0,
core_C435,35862,50525,0,90,2116,6633,14035428,0,-1,-1,110,1,
core_C1291,69222,89445,0,0,6185,2392,14794520,0,-1,-1,80,1,
core_C1012,70274,12658,0,90,1748,3724,6509552,0,59,197,424,1,
core_C918,30773,124707,0,0,4002,2576,10309152,0,245,-1,49,1,
core_C1705,27582,84486,0,90,1840,6010,11058400,0,359,-1,177,0,
core_C1102,31354,71315,0,90,1840,6053,11137520,0,2,-1,516,0,
core_C792,184,5750,1,180,6715,2645,17761175,0,148,3,464,0,
core_C1153,60467,19401,1,90,2415,7762,18745230,0,-1,45,399,0,
core_C1706,12765,119853,1,180,6283,2990,18786170,0,-1,-1,276,0,
core_C763,65504,115631,1,180,7111,2645,18808595,0,-1,233,615,0,
core_C1008,35586,57158,0,90,2024,6126,12399024,0,-1,-1,188,1,
core_C1000,27582,69291,0,270,2852,4523,12899596,0,-1,225,549,0,
core_C1461,16951,54740,1,0,5655,3565,20160075,0,-1,-1,234,1,
core_C1060,55826,25760,0,90,3496,3599,12582104,0,569,287,15,1,
core_C1104,51842,59106,1,0,5522,3680,20320960,0,-1,96,398,0,
core_C363,51760,78409,0,90,2484,5239,13013676,0,-1,355,151,0,
core_C550,19412,71922,0,90,2024,6273,12696552,0,267,365,283,0,
core_C965,10716,0,0,90,2208,5907,13042656,0,279,-1,555,1,
core_C9,57559,58492,1,180,4550,4370,19883500,0,582,619,96,1,
core_C1003,65504,51655,1,0,7205,2760,19885800,0,-1,506,290,0,
core_C1554,71982,28377,0,270,2208,5793,12790944,0,-1,-1,531,1,
core_C746,37242,106919,0,90,2024,6327,12805848,0,14,-1,439,1,
core_C870,30138,29457,0,180,5953,2208,13144224,0,-1,-1,509,0,
core_C626,34707,102863,1,90,2530,8119,20541070,0,502,641,207,1,
core_C1541,5106,103270,1,0,7260,2760,20037600,0,-1,288,492,0,
core_C1631,23718,62308,0,90,2024,6334,12820016,0,-1,372,312,0,
core_C1362,55826,116638,0,180,4470,2944,13159680,0,-1,-1,626,0,
core_C88,67198,86889,0,90,2024,6508,13172192,0,-1,149,473,0,
core_C786,28568,119647,0,180,4499,2852,12831148,0,-1,239,166,0,
core_C1168,27853,111300,1,180,5601,3680,20611680,0,-1,465,614,0,
core_C186,41676,70708,1,90,2530,8155,20632150,0,-1,84,597,0,
core_C38,49312,74112,1,0,6579,3220,21184380,0,-1,461,592,0,
core_C508,0,118390,0,0,6536,2024,13228864,0,-1,550,167,0,
core_C950,22747,15348,1,0,7945,2645,21014525,0,-1,29,91,0,
core_C1166,51760,83648,0,180,3771,3588,13530348,0,-1,481,336,0,
core_C404,58489,109361,1,90,2185,6776,14805560,0,576,-1,527,0,
core_C539,34345,117192,1,0,6916,3450,23860200,0,-1,-1,465,1,
core_C1397,64474,2208,0,90,1840,5656,10407040,0,364,-1,390,1,
core_C1513,29422,84486,0,90,1932,6019,11628708,0,516,103,325,1,
core_C633,65964,90685,1,90,2645,7016,18557320,0,551,558,603,1,
core_C1604,59286,40004,0,90,1932,6327,12223764,0,-1,101,94,0,
core_C1426,44817,35908,1,90,3565,5383,19190395,0,-1,-1,548,0,
core_C1338,23718,6992,0,0,6177,2024,12502248,0,-1,178,596,1,
core_C263,66314,2208,0,90,1932,6315,12200580,0,528,-1,358,1,
core_C1324,19412,78195,0,90,2024,6376,12905024,0,-1,137,337,0,
core_C1572,60911,123543,0,0,3596,3588,12902448,0,493,-1,281,1,
core_C167,0,62100,0,0,5206,2484,12931704,0,-1,142,264,0,
core_C693,44390,71920,1,0,4516,4485,20254260,0,-1,535,129,0,
core_C1521,41290,124421,0,0,6410,2024,12973840,0,-1,-1,450,0,
core_C503,18206,41771,0,0,5100,2484,12668400,0,-1,-1,392,0,
core_C1626,39001,6210,1,0,5541,3680,20390880,0,-1,-1,41,0,
core_C861,23718,68642,0,180,3648,3496,12753408,0,-1,157,346,0,
core_C354,8096,64952,0,0,5954,2208,13146432,0,590,428,21,0,
core_C975,39266,34493,0,0,6407,2116,13557212,0,285,269,14,0,
core_C1536,24011,4048,0,0,4490,2944,13218560,0,-1,-1,575,0,
core_C1702,55826,47433,0,90,2024,6566,13289584,0,-1,-1,55,0,
core_C622,32513,0,0,90,2024,6602,13362448,0,-1,378,116,1,
core_C1225,32513,6602,0,270,2116,6484,13720144,0,425,182,377,0,
core_C1515,65082,79171,0,90,2116,5455,11542780,0,501,36,387,0,
core_C1412,18206,14206,0,90,2760,4322,11928720,0,-1,584,173,0,
core_C115,0,96968,0,90,2852,4336,12366272,0,-1,168,180,0,
core_C1062,57814,93107,0,90,2484,4995,12407580,0,-1,-1,253,1,
core_C166,10693,31602,1,90,2530,7690,19455700,0,-1,-1,189,0,
core_C341,6164,83674,0,180,3609,3588,12949092,0,223,435,579,0,
core_C1077,70970,120928,0,90,2484,5213,12949092,0,635,-1,244,0,
core_C196,68034,39010,1,90,4485,4512,20236320,0,-1,-1,187,1,
core_C1115,65082,74743,0,90,2852,4428,12628656,0,254,379,209,0,
core_C643,59322,18506,0,90,2024,6248,12645952,0,-1,236,547,0,
core_C1538,0,105720,0,90,2208,5885,12994080,0,489,196,505,0,
core_C821,62266,2300,0,90,2208,5884,12991872,0,358,-1,569,1,
core_C852,11946,11445,0,180,5777,2208,12755616,0,447,-1,475,1,
core_C545,18206,38827,0,0,4447,2944,13091968,0,-1,370,310,0,
core_C438,6164,73002,0,180,3649,3588,13092612,0,-1,421,498,0,
core_C832,9854,13800,0,0,4478,2852,12771256,0,401,-1,34,1,
core_C1480,0,2024,0,0,5142,2484,12772728,0,-1,106,544,0,
core_C1477,20217,107931,1,90,2530,8096,20482880,0,471,43,552,1,
core_C109,5106,114155,1,90,2530,8122,20548660,0,247,-1,288,0,
core_C941,51842,55426,1,0,5597,3680,20596960,0,65,335,48,1,
core_C962,60467,11266,1,90,2645,8135,21517075,0,408,328,257,1,
core_C630,276,48645,1,0,6550,3220,21091000,0,-1,530,414,0,
core_C1529,14332,46555,0,180,3761,3680,13840480,0,504,637,394,1,
core_C801,65504,35790,1,0,6760,3220,21767200,0,-1,187,213,0,
core_C881,43038,94201,0,90,1748,5794,10127912,0,12,5,450,1,
core_C807,60246,30505,0,90,2024,6152,12451648,0,85,-1,561,1,
core_C1601,21620,89089,0,180,3574,3496,12494704,0,-1,62,74,0,
core_C552,72902,38396,0,90,2024,6187,12522488,0,-1,634,64,1,
core_C1238,69038,50812,0,90,2208,5854,12925632,0,-1,-1,306,0,
core_C1120,63112,0,1,270,2530,7813,19766890,0,470,-1,399,1,
core_C612,41768,62869,1,90,2530,7839,19832670,0,212,-1,597,1,
core_C382,66922,66714,0,90,2944,4449,13097856,0,241,220,620,0,
core_C269,69958,73953,0,180,5799,2208,12804192,0,-1,54,254,1,
core_C1534,57014,103522,0,270,2484,5296,13155264,0,-1,-1,270,1,
core_C143,6164,100624,0,90,2944,4477,13180288,0,-1,436,454,0,
core_C1202,276,45540,1,180,6642,3105,20623410,0,-1,400,618,1,
core_C790,22839,66947,1,180,4603,4485,20644455,0,-1,141,255,0,
core_C1422,12673,67796,1,0,6649,3105,20645145,0,517,8,616,1,
core_C911,30842,0,1,0,8169,2530,20667570,0,-1,-1,471,1,
core_C1318,68609,106597,1,0,6625,3220,21332500,0,-1,-1,646,0,
core_C1098,66922,43718,0,90,2116,6352,13440832,0,134,95,209,1,
core_C1597,44298,55049,1,0,4698,4485,21070530,0,-1,300,212,0,
core_C610,6164,76590,0,0,3770,3588,13526760,0,-1,579,393,0,
core_C104,44786,98109,0,0,5385,2576,13871760,0,-1,-1,280,0,
core_C1460,65780,80220,1,0,8420,2645,22270900,0,-1,589,63,0,
core_C624,68158,14611,0,90,2116,6709,14196244,0,323,-1,577,1,
core_C379,34629,0,0,0,3244,2024,6565856,0,-1,-1,378,1,
core_C1522,22839,91327,1,0,4104,4025,16518600,0,-1,524,480,0,
core_C478,68172,0,1,90,2300,7323,16842900,0,-1,-1,470,1,
core_C1341,8096,67160,0,90,1932,5842,11286744,0,23,-1,373,0,
core_C6,19412,65574,0,180,4174,2760,11520240,0,-1,283,24,1,
core_C377,37421,50564,1,180,6282,2990,18783180,0,-1,203,52,0,
core_C1339,33102,65768,0,0,3547,3496,12400312,0,-1,-1,79,0,
core_C489,8901,15875,1,90,2530,7686,19445580,0,-1,-1,4,1,
core_C1487,49312,11381,1,180,7694,2530,19465820,0,-1,27,594,1,
core_C920,45673,37381,0,0,3627,3496,12679992,0,-1,-1,250,0,
core_C189,6164,87262,0,90,2944,4420,13012480,0,-1,295,384,0,
core_C956,6164,105101,0,180,3643,3588,13071084,0,67,627,413,0,
core_C1164,46810,94454,0,90,3496,3655,12777880,0,-1,-1,90,0,
core_C42,27665,11668,1,0,5611,3680,20648480,0,565,-1,175,1,
core_C1402,35126,106919,0,90,2116,6441,13629156,0,342,171,217,0,
core_C1378,66738,121428,0,180,3711,3588,13315068,0,-1,-1,497,0,
core_C488,46902,8664,0,90,2024,6594,13346256,0,-1,-1,472,1,
core_C703,63702,38017,0,90,2024,6593,13344232,0,122,-1,89,1,
core_C399,30733,2530,1,180,8268,2530,20918040,0,41,83,446,1,
core_C656,0,7084,0,0,5196,2576,13384896,0,-1,26,106,0,
core_C854,37421,38145,1,270,4485,4694,21052590,0,-1,258,176,0,
core_C768,22747,2530,1,0,7986,2645,21122970,0,443,175,471,0,
core_C125,17723,44255,0,0,5883,2300,13530900,0,-1,-1,391,1,
core_C281,7636,110515,1,0,4754,4715,22415110,0,299,35,247,0,
core_C696,33102,45465,0,0,5212,2484,12946608,0,-1,624,271,0,
core_C1483,41290,116455,0,90,1748,5740,10033520,0,403,369,97,1,
core_C865,37421,70870,1,180,3850,3795,14610750,0,-1,112,525,0,
core_C556,33194,97259,0,0,5863,2208,12945504,0,-1,507,479,0,
core_C1408,20117,53567,0,0,3588,3588,12873744,0,-1,-1,105,0,
core_C632,6164,94810,0,90,2208,5814,12837312,0,-1,413,295,0,
core_C1542,68946,56666,0,90,2484,5061,12571524,0,496,-1,560,1,
core_C836,50301,88947,1,90,2530,8155,20632150,0,562,477,30,1,
core_C872,5636,11592,0,0,5821,2208,12852768,0,-1,-1,56,1,
core_C361,50306,53338,0,0,5304,2484,13175136,0,-1,160,15,0,
core_C570,55826,0,0,90,2024,6280,12710720,0,486,-1,10,1,
core_C233,52831,108810,1,90,3105,6375,19794375,0,-1,484,98,0,
core_C675,49312,77332,1,180,5710,3680,21012800,0,-1,-1,352,0,
core_C456,25650,72138,0,90,1932,5986,11564952,0,119,38,157,1,
core_C1703,18206,23588,0,180,3853,3680,14179040,0,-1,513,172,0,
core_C1216,184,3105,1,0,8185,2645,21649325,0,-1,327,622,1,
core_C702,27853,114980,1,0,6492,3220,20904240,0,357,-1,350,0,
core_C1320,69406,97909,0,0,5811,2300,13365300,0,-1,71,156,0,
core_C392,32513,15294,0,90,2300,5941,13664300,0,469,123,182,0,
core_C298,69958,22027,0,90,2024,6344,12840256,0,566,531,546,1,
core_C1428,34813,15294,0,270,2024,6344,12840256,0,-1,-1,467,1,
core_C463,65642,0,1,90,2530,8120,20543600,0,427,-1,408,1,
core_C240,22747,0,1,0,8095,2530,20480350,0,417,446,396,1,
core_C524,44878,17391,0,90,2024,6282,12714768,0,441,313,226,0,
core_C396,67198,84405,0,0,5247,2484,13033548,0,-1,348,650,0,
core_C62,42950,16462,1,0,5534,3680,20365120,0,-1,-1,502,1,
core_C434,5520,7544,0,0,6426,2024,13006224,0,391,570,70,0,
core_C1591,51760,58012,0,0,4438,2852,12657176,0,315,162,598,0,
core_C564,50301,97102,1,90,2530,8006,20255180,0,199,-1,456,0,
core_C311,55723,8161,1,180,6524,3105,20257020,0,-1,-1,210,1,
core_C391,33194,95051,0,180,5852,2208,12921216,0,284,452,2,0,
core_C1537,22839,86842,1,180,4491,4485,20142135,0,-1,426,564,0,
core_C1128,51760,87236,0,0,3581,3496,12519176,0,-1,488,355,0,
core_C1314,51842,66466,1,90,2530,7646,19344380,0,221,-1,96,0,
core_C1586,56189,106141,1,90,2300,7195,16548500,0,527,-1,600,1,
core_C1608,52831,116137,1,0,7580,2990,22664200,0,-1,-1,460,0,
core_C194,39266,91625,0,0,5212,2576,13426112,0,-1,214,164,0,
core_C67,57850,0,0,0,5751,2300,13227300,0,163,-1,459,1,
core_C1510,19412,91075,0,90,2024,6513,13182312,0,-1,-1,137,0,
core_C814,51760,90732,0,180,3670,3588,13167960,0,-1,228,481,0,
core_C874,2208,105720,0,90,2024,6506,13168144,0,124,296,389,1,
core_C735,51760,69673,0,90,2484,5148,12787632,0,-1,151,608,0,
core_C898,22264,115217,0,0,6304,2024,12759296,0,318,-1,133,1,
core_C1355,5106,99705,1,0,5677,3565,20238505,0,297,345,193,0,
core_C1073,64507,125016,0,90,3404,3590,12220360,0,-1,-1,366,1,
core_C1675,61218,90791,0,0,5834,2208,12881472,0,-1,585,578,0,
core_C1567,52831,95434,1,90,2760,7089,19565640,0,-1,98,311,0,
core_C687,71430,56713,0,90,2484,5007,12437388,0,-1,-1,455,1,
core_C754,66738,111884,0,90,1932,6135,11852820,0,132,440,13,1,
core_C805,6164,17480,0,90,1932,6093,11771676,0,17,393,34,0,
core_C1474,15916,119416,0,90,1840,6002,11043680,0,86,320,298,1,
core_C722,27945,98263,1,90,1840,6112,11246080,0,204,248,614,1,
core_C107,67198,80081,0,180,6361,2116,13459876,0,-1,650,379,1,
core_C40,37237,24575,1,0,5713,3680,21023840,0,474,521,344,1,
core_C859,27582,77402,0,0,3743,3588,13429884,0,-1,177,225,0,
core_C670,18093,46555,0,90,2024,6550,13257200,0,256,-1,401,1,
core_C1479,0,103512,0,180,5953,2208,13144224,0,-1,389,168,0,
core_C447,65504,54415,1,180,7201,2760,19874760,0,-1,128,340,0,
core_C1636,33194,99467,0,90,1932,5840,11282880,0,155,-1,452,0,
core_C839,8809,8510,1,90,2300,7365,16939500,0,629,-1,3,1,
core_C1344,30138,27157,0,0,6199,2300,14257700,0,-1,343,309,1,
core_C1575,25300,104031,0,180,5248,2576,13518848,0,-1,-1,512,1,
core_C1156,70576,18005,1,270,2645,7935,20988075,0,-1,130,125,1,
core_C835,21620,103349,0,0,3680,3496,12865280,0,510,275,194,0,
core_C1663,18206,27268,0,90,2852,4501,12836852,0,319,515,463,0,
core_C1671,49312,50941,1,180,4579,4485,20536815,0,316,48,27,0,
core_C595,18206,33859,0,0,5252,2484,13045968,0,-1,310,513,0,
core_C1615,31354,69291,0,0,6239,2024,12627736,0,-1,326,359,1,
core_C221,19322,61126,1,90,3105,6353,19726065,0,-1,-1,416,1,
core_C800,46805,64019,1,90,2415,7901,19080915,0,649,-1,129,1,
core_C54,39266,112049,0,90,2760,4406,12160560,0,-1,97,170,0,
core_C798,11960,90896,0,90,1932,6280,12132960,0,24,-1,630,1,
core_C314,37237,28255,1,180,5463,3450,18847350,0,-1,609,502,0,
core_C1616,57937,38982,1,270,3105,6213,19291365,0,108,216,205,0,
core_C986,35678,63284,0,180,2623,2484,6515532,0,-1,-1,593,1,
core_C1325,22839,95352,1,90,2415,7662,18503730,0,232,111,426,0,
core_C851,37421,62869,1,90,1725,5819,10037775,0,179,451,648,0,
core_C452,72253,34170,0,90,2668,4226,11274968,0,-1,-1,37,1,
core_C1395,58489,106141,1,0,6765,3220,21783300,0,-1,356,483,1,
core_C659,68246,2208,0,90,2116,6398,13538168,0,559,73,364,1,
core_C1336,65596,62580,1,90,4485,4655,20877675,0,242,237,615,1,
core_C31,276,51865,1,180,7987,2530,20207110,0,-1,4,400,0,
core_C521,69958,28371,0,90,2024,6192,12532608,0,341,-1,468,0,
core_C86,61218,77530,0,180,3505,3496,12253480,0,-1,578,152,0,
core_C751,16560,53823,0,90,2760,4284,11823840,0,-1,-1,69,1,
core_C1063,276,91425,1,90,2300,7606,17493800,0,260,-1,4,0,
core_C150,44390,76405,1,180,4821,4600,22176600,0,-1,224,368,0,
core_C823,24011,0,0,0,6478,2024,13111472,0,116,575,51,1,
core_C741,0,125658,0,0,5779,2208,12760032,0,136,-1,198,0,
core_C1241,50306,23736,0,90,1932,5866,11333112,0,99,15,10,0,
core_C634,19780,97588,0,90,1840,5947,10942480,0,636,113,86,1,
core_C389,37421,81184,1,90,3105,6274,19480770,0,-1,78,112,0,
core_C39,73361,67666,0,90,2392,4968,11883456,0,-1,-1,220,1,
core_C776,33990,31665,0,180,4492,2852,12811184,0,153,243,76,1,
core_C1038,72632,50781,0,270,1932,5932,11460624,0,-1,-1,306,1,
core_C1360,0,0,0,0,6462,2024,13079088,0,-1,395,-1,0,
core_C1346,57937,19069,1,90,2530,7599,19225470,0,-1,205,257,0,
core_C423,68026,21320,0,90,1932,6335,12239220,0,468,-1,9,1,
core_C280,59322,12167,0,90,2024,6339,12830136,0,-1,388,115,0,
core_C1669,44817,27823,1,90,2530,8085,20455050,0,-1,362,235,0,
core_C1330,27582,66439,0,0,4537,2852,12939524,0,-1,332,68,0,
core_C63,0,120414,0,0,5285,2576,13614160,0,-1,198,353,0,
core_C1342,68609,90685,1,90,2645,7057,18665765,0,314,647,360,1,
core_C1236,17802,107931,1,90,2415,7552,18238080,0,396,-1,611,1,
core_C641,12581,64691,1,0,6474,3105,20101770,0,-1,616,238,0,
core_C523,36138,40219,0,90,2576,5246,13513696,0,-1,-1,271,1,
core_C871,5520,2024,0,0,5196,2576,13384896,0,338,-1,26,1,
core_C1410,61218,97507,0,0,5946,2300,13675800,0,-1,13,135,0,
core_C1207,23718,55132,0,0,3700,3588,13275600,0,-1,312,294,0,
core_C1259,65964,97701,1,90,2530,7701,19483530,0,-1,-1,360,0,
core_C353,70362,0,0,90,1932,6228,12032496,0,-1,138,528,1,
core_C909,66922,56420,0,90,2024,6596,13350304,0,455,645,95,0,
core_C1690,58498,30505,0,90,1748,5388,9418224,0,404,-1,315,1,
core_C1337,52831,81012,1,90,3105,6375,19794375,0,-1,311,456,1,
core_C1617,47193,0,1,270,3680,5596,20593280,0,289,-1,109,1,
core_C204,22839,82472,1,180,4497,4370,19651890,0,-1,480,208,0,
core_C312,33276,11668,1,90,2530,7720,19531600,0,222,-1,438,1,
core_C136,71982,22027,0,90,1932,6350,12268200,0,-1,-1,468,1,
core_C1535,10166,115230,1,90,2415,7939,19172685,0,234,-1,35,1,
core_C219,73186,62580,1,90,2645,8015,21199675,128240,-1,-1,242,1,
core_C390,59322,2300,0,270,2944,4607,13563008,0,390,115,334,1,
core_C1465,5520,9568,0,0,6271,2024,12692504,0,-1,-1,475,0,
core_C1262,65780,72515,1,180,8224,2530,20806720,0,-1,161,610,1,
core_C1121,15548,61894,0,90,2116,6410,13563560,0,33,240,23,1,
core_C549,22515,117241,0,90,2024,6338,12828112,0,49,-1,320,1,
core_C697,15295,115483,1,180,4486,4370,19603820,0,131,-1,302,0,
core_C1674,24011,2024,0,0,6335,2024,12822040,0,-1,375,536,0,
core_C713,60674,109361,1,180,4689,4485,21030165,0,628,121,356,1,
core_C409,65950,8523,0,90,2208,5727,12645216,0,424,-1,581,1,
core_C437,61218,81026,0,90,1840,5994,11028960,0,583,494,532,0,
core_C24,6164,80178,0,180,3627,3496,12679992,0,-1,384,421,0,
core_C766,67514,8120,1,270,3565,5562,19828530,0,-1,-1,57,1,
core_C1,64294,8184,0,90,1656,5240,8677440,0,577,-1,85,1,
core_C635,62109,46613,1,90,2530,7682,19435460,0,57,53,339,1,
core_C771,63058,81026,0,90,2024,6607,13372568,0,209,-1,578,1,
core_C1179,18206,18528,0,180,5093,2484,12651012,0,-1,172,380,0,
core_C1632,61218,92999,0,180,5768,2300,13266400,0,-1,135,494,0,
core_C1657,44390,83542,1,0,7977,2530,20181810,0,-1,-1,224,0,
core_C112,72522,40785,1,90,2530,7719,19529070,0,-1,-1,47,1,
core_C127,53766,63348,0,90,1840,5892,10841280,0,229,-1,607,1,
core_C793,65780,82865,1,180,4324,4140,17901360,0,-1,174,423,0,
core_C1507,14050,58306,0,180,5831,2208,12874848,0,-1,184,373,1,
core_C71,44786,64613,0,0,5310,2484,13190040,0,-1,16,12,0,
core_C1359,49312,63424,1,90,2530,8190,20720700,0,-1,352,48,0,
core_C1036,35586,63284,0,270,92,74,6808,0,523,-1,79,1,
core_C1240,49220,11381,1,0,92,115,10580,0,433,-1,210,0,
core_C1628,27669,95618,1,0,92,115,10580,0,613,32,31,0,
core_C1061,23644,57155,0,180,74,92,6808,0,363,-1,636,1,
core_C473,41676,62869,1,0,92,115,10580,0,409,351,179,1,
core_C1110,51760,57938,0,270,92,74,6808,0,-1,476,61,1,
core_C1147,12673,107931,1,0,92,115,10580,0,276,-1,8,0,
core_C1200,56097,106141,1,0,92,115,10580,0,483,-1,19,0,
core_C1501,0,0,1,180,92,115,10580,0,218,-1,-1,0,
core_C1650,22747,55023,1,0,92,115,10580,0,58,-1,29,0,
core_C994,65872,90685,1,0,92,115,10580,0,360,-1,623,1,
core_C982,65596,72515,1,180,92,115,10580,0,610,93,237,0,
core_C946,44786,10757,0,90,92,74,6808,0,226,-1,14,1,
core_C652,32315,98263,1,0,92,115,10580,0,144,-1,204,1,
core_C674,53692,63348,0,180,74,92,6808,0,588,-1,118,1,
core_C26,51760,69599,0,270,92,74,6808,0,-1,490,118,0,
core_C743,37237,31705,1,0,92,115,10580,0,612,-1,521,0,
core_C843,65688,72515,1,0,92,115,10580,0,571,-1,604,1,
core_C819,17710,107931,1,0,92,115,10580,0,552,-1,302,1,
core_C806,37329,31705,1,0,92,115,10580,0,291,277,609,1,
core_C1494,27761,95618,1,0,92,115,10580,0,227,-1,595,1,
core_C1434,27853,98263,1,0,92,115,10580,0,500,350,227,0,
core_C1416,65504,62580,1,0,92,115,10580,0,529,330,104,0,
core_C169,12581,67796,1,0,92,115,10580,0,416,-1,553,0,
core_C267,44298,64019,1,0,92,115,10580,0,129,-1,300,0,
core_C93,184,45540,1,0,92,115,10580,0,414,252,3,0,
core_C297,57559,62862,1,0,92,115,10580,0,-1,643,339,0,
core_C1281,66922,66640,0,90,92,74,6808,0,-1,410,645,0,
core_C1277,50306,57938,0,180,74,92,6808,0,61,25,160,0,
core_C140,92,3105,1,0,92,115,10580,0,464,-1,218,0,
core_C1253,65780,90685,1,0,92,115,10580,0,603,92,174,0,
core_C1316,33102,47949,0,0,5205,2576,13408080,0,-1,110,449,0,
core_C878,22839,107618,1,0,4585,4370,20036450,0,-1,-1,111,0,
core_C1014,55826,113786,0,180,4315,2852,12306380,0,-1,347,159,0,
core_C307,6164,108689,0,0,5148,2484,12787632,0,278,-1,436,0,
core_C241,65363,21685,1,90,3680,5620,20681600,0,-1,-1,576,1,
core_C1545,11109,8510,1,0,7728,2530,19551840,0,186,-1,508,1,
core_C381,10028,90896,0,90,1932,6312,12194784,0,520,-1,23,0,
core_C87,5106,91425,1,0,5587,3680,20560160,0,189,193,260,1,
core_C50,65504,27305,1,90,3565,5610,19999650,0,-1,213,261,1,
core_C385,25650,98419,0,180,3696,3588,13261248,0,-1,293,183,0,
core_C249,72902,44583,0,90,2024,6198,12544752,0,-1,-1,406,0,
core_C97,73454,114649,0,90,2208,5827,12866016,0,-1,107,385,1,
core_C619,21620,78278,0,90,2024,6352,12856448,0,596,74,539,1,
core_C747,14332,50235,0,180,3700,3588,13275600,0,-1,-1,401,0,
core_C223,23718,41889,0,90,2024,6624,13406976,0,-1,294,181,0,
core_C1440,34707,114087,1,0,6234,3105,19356570,0,-1,-1,641,0,
core_C1305,45367,7640,1,90,2530,8146,20609380,0,-1,-1,39,1,
core_C783,34707,110982,1,180,6585,3105,20446425,0,-1,639,344,0,
core_C407,31966,38195,0,180,6184,2024,12516416,0,-1,-1,76,0,
core_C846,57559,62977,1,0,7382,2760,20374320,0,125,-1,619,0,
core_C926,51760,99666,0,0,5777,2300,13287100,0,272,270,228,0,
core_C1593,66922,63016,0,90,3588,3624,13002912,0,40,620,560,0,
core_C575,68609,103722,1,0,7391,2875,21249125,531875,-1,418,72,0,
core_C588,68609,97742,1,0,6646,3105,20635830,0,-1,72,551,0,
core_C848,37421,59764,1,0,6601,3105,20496105,0,-1,525,44,0,
core_C1209,49220,5631,1,0,8128,2530,20563840,0,201,210,518,1,
core_C1245,67198,82197,0,0,5931,2208,13095648,0,251,473,501,0,
core_C1040,72718,61720,0,90,2208,5946,13128768,0,-1,-1,40,1,
Wirelength: 5.33117e+09
layer(tree) info:
layer: 0 ,width: 75772 ,height: 128929 ,area: 9769208188 ,blocks_area: 7593031308, filling_rate: 0.777241, utilizatio_rate: 0.775411
layer: 1 ,width: 76000 ,height: 128751 ,area: 9785076000 ,blocks_area: 7374145920, filling_rate: 0.753612, utilizatio_rate: 0.753058
random seed: 3
alpha: 0
gamma: 1
best wirelength: 5.33117e+09
initial_num_perturbs: 19560
iter: 0
best_iter: 0
best_cost: 0.181137
reject_time: 0
accept_inferior_time: 0
update_best_time: 0
adjustLegalOutline_fail_times: 0
outline_adjust_time: 176.104
initial_wirelength: 1.18484e+10
initial_average_wirelength: 6.54114e+10
1.18484e+10,initial_iter: 19560
initial_time: 262.974
total time cost: 601.029
