name,x,y,layer,rotated_angle,width,height,area,exceed_outline_area,left,right,parent,is_from_left,
macro_C2790,0,0,0,270,33,142,4686,0,-1,1,-1,0,
macro_C2791,0,142,0,270,33,308,10164,0,-1,3,0,0,
macro_C2792,7590,3168,1,90,33,384,12672,0,10,12,13,0,
macro_C2793,0,450,0,270,33,90,2970,0,-1,-1,1,0,
macro_C2794,10907,4041,1,180,142,33,4686,0,-1,-1,9,0,
macro_C2795,7590,9042,1,90,33,109,3597,0,-1,-1,12,0,
core_C0,3102,0,1,270,2211,4550,10060050,0,8,7,11,1,
core_C1,3102,4594,1,180,4084,2673,10916532,0,-1,-1,6,0,
core_C4,5313,0,1,90,2277,4594,10460538,0,13,-1,6,1,
core_C7,10907,0,1,270,2673,4041,10801593,0,-1,4,10,1,
core_C9,7623,3168,1,180,3284,3267,10728828,0,9,-1,2,1,
core_C11,0,0,1,270,3102,3159,9799218,0,6,-1,-1,0,
core_C12,7590,6435,1,180,3995,2607,10414965,0,-1,5,2,0,
core_C13,7590,0,1,0,3229,3168,10229472,0,-1,2,8,1,
Wirelength: 3.29304e+20
layer(tree) info:
layer: 0 ,width: 33 ,height: 540 ,area: 17820 ,blocks_area: 17820, filling_rate: 1, utilizatio_rate: 4.0778e-05
layer: 1 ,width: 13580 ,height: 9151 ,area: 124270580 ,blocks_area: 83432151, filling_rate: 0.671375, utilizatio_rate: 0.19092
random seed: 9
alpha: 0
gamma: 1
best wirelength: 3.29304e+20
initial_num_perturbs: 420
iter: 0
best_iter: 0
best_cost: 0.730486
reject_time: 0
accept_inferior_time: 0
update_best_time: 0
adjustLegalOutline_fail_times: 0
outline_adjust_time: 0.001
initial_wirelength: 5.99518e+20
initial_average_wirelength: 5.82389e+20
5.53573e+20,initial_iter: 420
initial_time: 0.038
total time cost: 0.423
