name,x,y,layer,rotated_angle,width,height,area,exceed_outline_area,left,right,parent,is_from_left,
macro_C8466,16031,22091,1,90,8160,9072,74027520,0,98,-1,31,0,
macro_C8467,19914,25905,0,180,6369,5709,36360621,0,-1,-1,68,1,
macro_C16429,17721,12771,0,90,7524,5676,42706224,0,102,-1,29,1,
macro_C16430,17457,5247,0,180,5676,7524,42706224,0,74,-1,8,1,
macro_C32011,0,33650,0,180,8613,4290,36949770,0,46,72,10,0,
macro_C32012,7776,18192,1,270,6144,12288,75497472,0,91,-1,27,1,
macro_C39784,0,0,0,180,5445,7854,42765030,0,-1,11,-1,0,
macro_C39785,10536,5232,1,90,11232,7776,87340032,0,24,57,122,0,
macro_C55552,9603,7945,0,90,7854,5412,42505848,0,3,-1,42,1,
macro_C55553,16467,31614,0,180,5412,7854,42505848,0,22,-1,13,1,
macro_C63404,0,28238,0,90,7854,5412,42505848,0,-1,4,50,0,
macro_C63405,0,7854,0,0,5412,7854,42505848,0,-1,52,6,0,
macro_C71293,34958,0,0,0,5412,7854,42505848,0,-1,-1,55,1,
macro_C71294,8613,31879,0,90,7854,5412,42505848,0,9,-1,46,0,
macro_C86866,27421,20603,0,270,5709,6369,36360621,0,-1,32,19,0,
macro_C86867,3571,18206,0,180,5676,7524,42706224,0,81,56,101,1,
macro_C86868,0,34601,1,0,12288,6144,75497472,0,-1,-1,70,0,
macro_C86869,28809,9449,0,270,7854,5445,42765030,0,-1,-1,102,1,
macro_C86870,33790,18479,0,0,5412,7854,42505848,0,-1,-1,36,0,
macro_C94576,27421,14894,0,180,6369,5709,36360621,0,36,14,119,1,
macro_C94577,27421,34925,0,270,7524,5676,42706224,0,23,-1,41,0,
macro_C94578,22674,33491,1,180,12288,6144,75497472,0,67,-1,37,1,
macro_C94579,21879,31614,0,180,5445,7854,42765030,0,-1,75,9,1,
macro_C94580,34945,32417,0,180,5412,7854,42505848,0,-1,-1,20,1,
macro_C102137,21768,5243,1,180,9072,8160,74027520,0,-1,107,7,1,
macro_C102138,18132,20229,0,90,7524,5676,42706224,0,119,68,49,1,
macro_C102139,9280,21508,0,0,8613,4290,36949770,0,77,-1,79,1,
macro_C102140,0,13968,1,180,7776,11232,87340032,0,5,105,100,0,
macro_C102141,9603,2533,0,270,7854,5412,42505848,0,93,-1,115,1,
macro_C109812,12012,13357,0,90,5709,6369,36360621,0,2,-1,43,1,
macro_C109813,23421,0,0,180,5676,7524,42706224,0,110,-1,106,1,
macro_C109814,16031,15947,1,0,12288,6144,75497472,0,71,0,91,1,
macro_C109815,27421,26972,0,90,7854,5445,42765030,0,-1,41,14,0,
macro_C109816,30997,5095,1,180,7728,11232,86800896,0,-1,84,59,0,
core_C0,14567,0,0,90,3498,1786,6247428,0,47,-1,80,1,
core_C1,28319,23613,1,0,6324,2016,12749184,0,54,85,62,0,
core_C2,33790,14894,0,90,1782,3585,6388470,0,-1,18,19,1,
core_C3,17484,31163,1,0,5190,2592,13452480,0,21,-1,48,1,
core_C5,0,2592,1,0,5175,2544,13165200,0,-1,118,114,0,
core_C6,6039,8700,0,270,3498,1806,6317388,0,43,78,42,0,
core_C7,0,27346,1,90,3600,3655,13158000,0,-1,70,105,0,
core_C8,27421,32417,0,90,2508,2508,6290064,0,-1,20,32,0,
core_C9,6039,6909,0,90,3564,1791,6383124,0,8,39,61,0,
core_C10,9537,13357,0,90,2475,2507,6204825,0,29,94,39,1,
core_C12,2508,39359,0,180,3596,1782,6408072,0,-1,-1,89,0,
core_C13,36130,18871,1,270,3600,3678,13240800,0,-1,-1,95,1,
core_C14,8613,27547,0,90,2508,2569,6443052,0,66,13,4,1,
core_C15,18065,0,0,90,1749,3579,6259671,0,106,-1,34,1,
core_C16,11292,31163,1,90,6192,2160,13374720,0,37,-1,104,1,
core_C17,14634,25798,0,90,3498,1796,6282408,0,25,64,92,1,
core_C19,0,24991,0,0,2521,2508,6322668,0,-1,10,69,0,
core_C20,7933,3600,1,0,2603,5088,13244064,0,122,-1,103,1,
core_C23,0,15708,0,90,3564,1784,6358176,0,73,101,11,0,
core_C24,28319,29797,1,90,3648,3694,13475712,0,-1,-1,85,0,
core_C25,34643,22549,1,180,2602,5184,13488768,0,-1,-1,35,1,
core_C26,33505,0,0,0,1453,4257,6185421,0,12,-1,117,1,
core_C27,3571,25730,0,0,2558,2508,6415464,0,-1,-1,15,0,
core_C28,10536,13008,1,0,2609,5184,13525056,0,-1,-1,7,0,
core_C29,0,19955,0,180,2524,2475,6246900,0,-1,69,101,0,
core_C31,30997,0,1,90,2544,5095,12961680,0,90,33,109,1,
core_C32,29097,4466,0,0,2511,2508,6297588,0,-1,-1,110,0,
core_C33,6039,4341,0,90,2541,2568,6525288,0,-1,42,115,0,
core_C35,28319,18525,1,0,2584,5088,13147392,0,95,35,71,0,
core_C37,8514,0,0,0,3578,1749,6257922,0,80,-1,121,1,
core_C38,14634,29495,0,90,4356,1456,6342336,0,-1,-1,49,0,
core_C39,15649,0,1,90,2544,5232,13310208,0,96,-1,88,1,
core_C41,11121,29362,0,90,2508,2517,6312636,0,-1,-1,46,1,
core_C42,34962,27733,1,0,2630,5088,13381440,0,-1,-1,21,1,
core_C43,18132,25905,0,90,1782,3590,6397380,0,1,-1,25,0,
core_C46,0,22430,0,90,2508,2561,6422988,0,-1,50,58,0,
core_C47,0,31001,1,180,3624,3600,13046400,0,-1,16,40,0,
core_C48,28319,13403,1,90,2544,5122,13030368,0,-1,62,31,1,
core_C49,0,37940,0,270,2508,2538,6365304,0,89,-1,4,0,
core_C50,3564,15708,0,90,2475,2498,6182550,0,121,-1,52,1,
core_C51,23133,7524,0,180,3619,1749,6329631,0,116,-1,3,1,
core_C53,21879,39468,0,180,3607,1749,6308643,0,-1,-1,22,0,
core_C54,23343,0,1,270,2544,5243,13338192,0,111,-1,113,1,
core_C56,17893,18447,0,0,3617,1782,6445494,0,-1,-1,26,1,
core_C57,6039,10506,0,0,1789,3564,6375996,0,79,99,39,0,
core_C58,7828,10506,0,90,1452,4359,6329268,0,26,-1,78,1,
core_C60,12092,0,0,270,2475,2533,6269175,0,34,-1,63,1,
core_C61,9247,25798,0,0,3600,1749,6296400,0,92,-1,15,1,
core_C65,6861,37940,0,180,2536,2475,6276600,0,-1,-1,89,1,
core_C67,30582,0,0,180,1471,4257,6262047,0,117,-1,110,1,
core_C69,30997,16327,1,180,5176,2544,13167744,0,-1,-1,33,0,
core_C70,28319,27733,1,0,6385,2064,13178640,0,-1,53,35,0,
core_C71,25245,11118,0,180,1813,3498,6341874,0,-1,-1,102,0,
core_C74,30373,6974,0,0,2536,2475,6276600,0,-1,-1,116,1,
core_C75,13032,0,1,0,2617,5088,13315296,0,65,-1,122,1,
core_C76,2508,37940,0,0,4353,1419,6176907,0,82,44,72,1,
core_C77,33541,0,1,0,2620,5088,13330560,0,-1,-1,59,1,
core_C78,13920,13008,1,0,2111,6192,13071312,0,31,-1,5,1,
core_C79,12847,25798,0,0,1787,3564,6368868,0,49,-1,81,1,
core_C80,17457,3579,0,90,3300,1668,5504400,0,-1,-1,28,1,
core_C81,9537,15864,0,180,1794,3564,6393816,0,97,-1,43,0,
core_C82,30903,18871,1,0,5227,2544,13297488,0,45,-1,62,1,
core_C84,18193,0,1,0,2606,5088,13259328,0,113,-1,65,1,
core_C85,11331,19726,0,180,3608,1782,6429456,0,-1,-1,94,1,
core_C87,24191,22091,1,270,3600,3669,13208400,0,-1,-1,0,1,
core_C88,6039,14865,0,0,2504,2475,6197400,0,-1,-1,78,0,
core_C89,0,10272,1,180,3698,3696,13667808,0,-1,27,120,0,
core_C92,0,18206,0,180,3571,1749,6245679,0,15,58,52,0,
core_C93,25245,9306,0,90,3564,1812,6457968,0,17,86,2,1,
core_C95,5349,3600,1,0,2584,5088,13147392,0,51,112,118,1,
core_C96,6192,30480,1,0,5100,2544,12974400,0,48,-1,105,1,
core_C97,0,25200,1,90,6192,2146,13288032,0,104,40,27,0,
core_C99,19814,0,0,180,3607,1749,6308643,0,30,-1,47,1,
core_C100,21768,13403,1,180,5133,2544,13058352,0,-1,-1,24,0,
core_C103,5279,0,1,0,3612,3600,13003200,0,-1,-1,114,1,
core_C104,28431,0,1,180,2566,4992,12809472,0,59,-1,111,1,
core_C106,29097,0,0,90,1485,4466,6632010,0,83,60,30,1,
core_C108,25887,0,1,90,2544,5135,13063440,0,109,-1,76,1,
core_C110,5349,8688,1,180,2625,5088,13356000,0,-1,-1,103,0,
core_C112,20799,0,1,90,2544,5217,13272048,0,76,-1,96,1,
core_C113,0,0,1,180,5279,2592,13683168,0,108,38,-1,0,
core_C114,6039,2528,0,90,3564,1813,6461532,0,28,61,121,0,
core_C115,26752,7524,0,180,3621,1782,6452622,0,87,-1,74,1,
core_C116,32053,0,0,90,1452,4387,6369924,0,55,-1,83,1,
core_C118,0,5136,1,180,5349,2592,13864608,0,103,120,38,0,
core_C119,25656,14616,0,0,1765,3498,6173970,0,19,-1,25,1,
core_C120,0,7728,1,0,5177,2544,13170288,0,-1,100,118,0,
core_C121,6039,0,0,90,2475,2528,6256800,0,63,115,73,1,
core_C122,10536,0,1,90,2496,5170,12904320,0,88,7,51,1,
Wirelength: 1.05127e+09
layer(tree) info:
layer: 0 ,width: 40370 ,height: 41217 ,area: 1663930290, filling_rate: 0.808322, utilizatio_rate: 0.804447
layer: 1 ,width: 39730 ,height: 40745 ,area: 1618798850, filling_rate: 0.758406, utilizatio_rate: 0.734299
random seed: 4
alpha: 0
gamma: 1
best wirelength: 1.05127e+09
initial_num_perturbs: 15129
iter: 0
best_iter: 0
best_cost: 0.319327
reject_time: 805
accept_inferior_time: 311080
update_best_time: 0
adjustLegalOutline_fail_times: 0
initial_wirelength: 1.66853e+09
initial_average_wirelength: 3.29214e+09
1.40352e+09,initial_iter: 15129
initial_time: 23.276
total time cost: 1000
