name,x,y,layer,rotated_angle,width,height,area,exceed_outline_area,left,right,parent,is_from_left,
core_C90,14157,0,0,270,1254,3829,4801566,0,93,112,104,1,
core_C67,8949,0,1,0,6496,2112,13719552,0,121,-1,29,1,
core_C34,25377,4444,0,180,3252,2145,6975540,0,-1,41,46,0,
core_C16,29535,0,0,90,1452,4462,6478824,0,45,-1,80,1,
core_C18,0,36164,1,180,6378,2064,13164192,0,82,-1,62,0,
core_C22,7854,34485,0,180,4032,1551,6253632,0,-1,-1,114,1,
core_C56,19404,31593,1,0,6446,2064,13304544,0,-1,-1,10,0,
core_C110,24000,20074,1,270,2112,6425,13569600,0,100,-1,55,0,
core_C118,21319,17232,1,270,2256,5781,13041936,0,-1,-1,26,1,
core_C60,21888,23013,1,270,2112,6468,13660416,0,108,-1,14,1,
core_C68,19404,29481,1,180,6625,2112,13992000,0,103,6,109,1,
core_C35,25278,32764,0,180,3604,1749,6303396,0,102,-1,122,1,
core_C114,0,0,1,270,2544,5217,13272048,0,29,13,-1,0,
core_C48,0,5217,1,90,2928,4533,13272624,0,-1,33,12,0,
core_C4,19776,23013,1,270,2112,6433,13586496,0,9,-1,18,1,
core_C98,14157,26466,0,0,4388,1452,6371376,0,-1,17,112,0,
core_C107,15408,21456,1,90,2304,7112,16386048,0,18,-1,89,1,
core_C6,14157,27918,0,0,4491,1452,6520932,0,-1,75,15,0,
core_C78,17712,21456,1,270,2064,6321,13046544,0,14,-1,16,1,
core_C33,2937,31058,0,180,4257,1419,6040683,0,-1,-1,110,0,
core_C50,2112,28436,1,180,3758,1872,7034976,0,-1,59,86,0,
core_C119,4128,21312,1,270,2976,4522,13457472,0,31,-1,35,0,
core_C65,0,21219,0,0,2536,2508,6360288,0,-1,61,68,0,
core_C84,0,15643,1,270,2976,4465,13287840,0,-1,27,33,0,
core_C92,11184,19296,1,270,2112,6467,13658304,0,89,-1,53,1,
core_C26,11946,19575,0,90,1452,4378,6356856,0,-1,-1,34,0,
core_C42,14880,19344,1,0,6439,2112,13599168,0,8,-1,73,0,
core_C108,0,20108,1,90,2112,6538,13808256,0,28,62,23,0,
core_C93,2112,20108,1,90,2016,6264,12628224,0,120,86,27,1,
core_C14,2544,0,1,180,6405,2064,13219920,0,1,-1,12,1,
core_C91,0,14355,0,180,2549,2508,6392892,0,-1,69,90,0,
core_C55,7104,21312,1,270,2016,5056,10192896,0,53,-1,21,1,
core_C88,8349,23100,0,0,3151,2079,6550929,0,-1,83,63,0,
core_C66,0,9750,1,90,2304,5893,13577472,0,-1,23,13,0,
core_C5,11946,15708,0,90,1881,3867,7273827,0,-1,25,96,1,
core_C28,4128,19296,1,0,6311,2016,12722976,0,-1,21,97,0,
core_C62,19701,11875,0,0,4402,1452,6391704,0,-1,95,87,0,
core_C75,2937,21917,0,180,3985,1287,5128695,0,-1,110,74,0,
core_C80,21087,26593,0,0,4530,1452,6577560,0,-1,-1,57,0,
core_C54,28215,6589,0,90,1452,4363,6335076,0,49,-1,48,1,
core_C117,0,4290,0,180,4398,1452,6385896,0,-1,90,92,0,
core_C112,25377,6589,0,90,1386,4213,5839218,0,48,-1,2,0,
core_C1,1452,23727,0,270,1485,4507,6692895,0,74,-1,61,1,
core_C104,29766,8944,0,90,1452,4421,6419292,0,-1,51,79,1,
core_C96,25214,10984,0,180,4473,1485,6642405,0,-1,-1,67,1,
core_C51,30987,0,0,90,1419,4445,6307455,0,117,-1,3,1,
core_C32,25377,0,0,270,1452,4444,6452688,0,64,2,72,1,
core_C116,21054,7486,0,0,3997,1584,6331248,0,-1,67,56,0,
core_C24,26763,6589,0,270,1452,4395,6381540,0,39,-1,41,1,
core_C61,29667,4462,0,90,1452,4482,6507864,0,-1,-1,39,1,
core_C109,19569,29090,0,0,4405,1452,6396060,0,-1,122,65,0,
core_C111,29766,13365,0,90,1584,3979,6302736,0,105,-1,43,0,
core_C102,17759,29370,0,90,1749,3604,6303396,0,-1,-1,77,1,
core_C89,9120,21312,1,270,2064,6379,13166256,0,24,-1,31,1,
core_C7,24000,11232,1,0,5920,2304,13639680,0,-1,55,108,0,
core_C85,24000,13536,1,270,2160,6538,14122080,0,-1,7,54,0,
core_C36,21054,6133,0,180,4098,1353,5544594,0,-1,47,81,0,
core_C3,21087,25141,0,180,4536,1452,6586272,0,118,38,65,1,
core_C79,9612,27691,1,270,2064,6325,13054800,0,109,-1,76,1,
core_C47,2112,30308,1,180,3802,3792,14417184,0,76,-1,20,0,
core_C41,21054,0,0,90,1452,4549,6605148,0,88,81,71,1,
core_C94,0,23727,0,90,1452,4387,6369924,0,42,114,22,0,
core_C101,0,34100,1,0,6374,2064,13155936,0,-1,4,27,0,
core_C31,8349,21384,0,180,3553,1716,6096948,0,-1,32,110,1,
core_C64,26829,0,0,270,1287,3879,4992273,0,80,-1,46,1,
core_C30,19569,25141,0,270,1518,3949,5994582,0,57,50,112,1,
core_C37,2715,14355,0,90,1122,2919,3275118,0,-1,-1,68,1,
core_C87,21054,9070,0,180,4160,1353,5628480,0,44,-1,47,0,
core_C15,0,19437,0,180,2715,1782,4838130,0,66,22,69,0,
core_C11,0,16863,0,180,2592,2574,6671808,0,-1,68,30,0,
core_C72,15411,8613,0,180,4165,1386,5772690,0,-1,91,93,0,
core_C19,19701,0,0,270,1353,4133,5591949,0,60,87,93,1,
core_C113,23958,0,0,90,1419,4359,6185421,0,46,-1,88,1,
core_C58,14880,17232,1,180,6416,2112,13550592,0,-1,26,119,0,
core_C38,2937,17274,0,270,1485,4643,6894855,0,94,37,42,1,
core_C59,14157,29370,0,0,3530,1716,6057480,0,-1,77,17,0,
core_C82,5914,28436,1,180,3698,3648,13490304,0,58,-1,59,1,
core_C49,14157,31086,0,180,3602,1749,6299898,0,52,-1,75,0,
core_C83,28164,28771,0,0,2570,2508,6445560,0,-1,-1,85,1,
core_C43,28314,12469,0,270,1452,4457,6471564,0,43,-1,95,1,
core_C120,28116,0,0,270,1419,4431,6287589,0,3,-1,64,1,
core_C74,21054,4549,0,180,4002,1584,6339168,0,-1,56,60,0,
core_C23,6378,34016,1,0,5268,2544,13401792,0,-1,-1,4,1,
core_C57,8349,25179,0,0,4501,1452,6535452,0,-1,111,32,0,
core_C81,25623,31312,0,0,4432,1452,6435264,0,-1,-1,85,0,
core_C121,25623,28771,0,90,2541,2541,6456681,0,78,84,118,0,
core_C13,2112,26372,1,180,6460,2064,13333440,0,-1,20,28,0,
core_C77,19701,10423,0,180,4419,1452,6416388,0,-1,36,71,0,
core_C86,22506,0,0,90,1452,4538,6589176,0,72,-1,60,1,
core_C45,13296,21456,1,90,2112,6543,13818816,0,16,-1,24,1,
macro_C124176,0,5742,0,270,4290,8613,36949770,0,-1,30,40,0,
macro_C124187,15411,9999,0,90,4290,8613,36949770,0,-1,-1,70,0,
macro_C124192,0,0,0,0,8613,4290,36949770,0,-1,40,-1,0,
macro_C124197,15411,0,0,270,4290,8613,36949770,0,71,70,0,1,
macro_C124175,4422,4290,0,270,4290,8613,36949770,0,104,96,74,1,
macro_C124202,19701,13327,0,180,8613,4290,36949770,0,79,101,36,0,
macro_C124174,4422,15708,0,270,7524,5676,42706224,0,34,-1,94,0,
macro_C124201,4128,11184,1,90,10752,8112,87220224,0,119,35,120,0,
macro_C124196,31728,0,1,0,8112,10752,87220224,0,-1,106,108,1,
macro_C124186,33231,17226,0,0,5676,7524,42706224,0,-1,-1,107,1,
macro_C124173,26112,21984,1,90,10752,8112,87220224,0,-1,-1,7,1,
macro_C124191,19701,17617,0,0,5676,7524,42706224,0,107,-1,95,0,
macro_C124198,28882,32764,0,270,7854,5445,42765030,0,-1,-1,11,1,
macro_C124188,26029,30096,1,270,11232,7776,87340032,0,-1,-1,10,1,
macro_C124203,8712,0,0,180,5445,7854,42765030,0,0,113,94,1,
macro_C124178,31350,5412,0,270,7854,5445,42765030,0,-1,123,51,1,
macro_C124193,31728,10752,1,180,7776,11232,87340032,0,-1,-1,98,0,
macro_C124177,25377,17617,0,270,7854,5445,42765030,0,99,-1,101,1,
macro_C124189,24000,0,1,0,7728,11232,86800896,0,98,54,9,1,
macro_C124179,11676,28568,1,0,7728,11232,86800896,0,10,-1,58,1,
macro_C124180,2937,23204,0,180,5412,7854,42505848,0,63,19,37,0,
macro_C124181,8349,26631,0,0,5412,7854,42505848,0,115,-1,83,0,
macro_C124182,14157,18612,0,0,5412,7854,42505848,0,65,15,0,0,
macro_C124183,8712,7854,0,0,5412,7854,42505848,0,-1,-1,104,0,
macro_C124184,0,32477,0,270,7854,5412,42505848,0,5,-1,61,0,
macro_C124194,13761,32974,0,0,5412,7854,42505848,0,-1,-1,111,1,
macro_C124199,31992,24750,0,0,5412,7854,42505848,0,-1,-1,118,1,
macro_C124204,32406,0,0,90,7854,5412,42505848,0,-1,-1,45,1,
macro_C124185,25623,23062,0,180,6369,5709,36360621,0,116,85,57,1,
macro_C124190,14880,9072,1,180,9072,8160,74027520,0,-1,73,97,1,
macro_C124195,4128,2112,1,90,8160,9072,74027520,0,-1,97,28,1,
macro_C124200,15445,0,1,90,8160,9072,74027520,0,-1,-1,1,1,
macro_C124172,19569,30542,0,270,5709,6369,36360621,0,11,-1,50,0,
macro_C124171,31350,10857,0,270,5709,6369,36360621,0,-1,-1,105,0,
Wirelength: 1.38056e+08
layer(tree) info:
layer: 0 ,width: 40260 ,height: 40828 ,area: 1643735280 ,blocks_area: 1317464940, filling_rate: 0.801507, utilizatio_rate: 0.787983
layer: 1 ,width: 39840 ,height: 39800 ,area: 1585632000 ,blocks_area: 1282379472, filling_rate: 0.80875, utilizatio_rate: 0.766999
random seed: 18
alpha: 0
gamma: 1
best wirelength: 1.38056e+08
initial_num_perturbs: 3720
iter: 0
best_iter: 0
best_cost: 0.244474
reject_time: 0
accept_inferior_time: 0
update_best_time: 0
adjustLegalOutline_fail_times: 0
outline_adjust_time: 4.428
initial_wirelength: 6.95889e+08
initial_average_wirelength: 2.84647e+09
6.95889e+08,initial_iter: 3720
initial_time: 7.974
total time cost: 50.198
