name,x,y,layer,rotated_angle,width,height,area,exceed_outline_area,left,right,parent,is_from_left,
macro_C8466,20005,34855,0,180,6369,5709,36360621,0,-1,-1,48,0,
macro_C8467,20064,21984,1,0,9072,8160,74027520,0,30,31,3,0,
macro_C16429,10593,35443,0,90,7524,5676,42706224,0,-1,-1,64,0,
macro_C16430,20064,11232,1,0,8112,10752,87220224,0,12,1,18,0,
macro_C32011,7776,26941,1,180,12288,6144,75497472,0,-1,5,24,0,
macro_C32012,7776,33085,1,180,12288,6144,75497472,0,18,-1,4,0,
macro_C39784,4491,0,0,90,7854,5445,42765030,0,-1,-1,38,1,
macro_C39785,0,11232,1,180,7776,11232,87340032,0,23,28,8,0,
macro_C55552,0,0,1,0,7728,11232,86800896,0,-1,7,-1,0,
macro_C55553,13167,0,0,0,5412,7854,42505848,0,22,90,59,1,
macro_C63404,34372,32211,0,0,5412,7854,42505848,0,-1,-1,114,1,
macro_C63405,32352,27072,1,0,7728,11232,86800896,0,-1,-1,31,1,
macro_C71293,28176,11232,1,90,11232,7728,86800896,0,-1,-1,3,1,
macro_C71294,28842,11385,0,0,5412,7854,42505848,0,33,-1,70,1,
macro_C86866,24552,5676,0,0,6369,5709,36360621,0,-1,52,118,1,
macro_C86867,24552,0,0,90,7524,5676,42706224,0,32,-1,77,1,
macro_C86868,7776,7728,1,0,12288,6144,75497472,0,-1,84,23,0,
macro_C86869,27792,0,1,0,7776,11232,87340032,0,-1,-1,18,1,
macro_C86870,20064,0,1,180,7728,11232,86800896,0,17,3,5,1,
macro_C94576,7392,9735,0,270,5709,6369,36360621,0,-1,26,75,1,
macro_C94577,17881,7854,0,0,5676,7524,42706224,0,-1,-1,83,1,
macro_C94578,4521,5445,0,0,8613,4290,36949770,0,-1,115,86,1,
macro_C94579,18579,0,0,0,5445,7854,42765030,0,-1,-1,9,1,
macro_C94580,7776,0,1,90,11232,7728,86800896,0,-1,16,7,1,
macro_C102137,7776,18781,1,0,9072,8160,74027520,0,-1,4,84,0,
macro_C102138,27390,24951,0,90,7524,5676,42706224,0,-1,123,79,0,
macro_C102139,7392,16104,0,90,4290,8613,36949770,0,42,67,19,0,
macro_C102140,1782,31192,0,0,5445,7854,42765030,0,-1,-1,98,0,
macro_C102141,0,22464,1,0,7728,11232,86800896,0,-1,-1,7,0,
macro_C109812,28776,19239,0,0,6369,5709,36360621,0,95,-1,79,1,
macro_C109813,29136,18960,1,90,10752,8112,87220224,0,-1,-1,1,1,
macro_C109814,20064,30144,1,0,12288,6144,75497472,0,11,-1,1,0,
macro_C109815,32076,0,0,180,5445,7854,42765030,0,-1,-1,15,1,
macro_C109816,34254,7854,0,0,5412,7854,42505848,0,-1,-1,13,1,
core_C1,13167,23298,0,90,2112,3168,6690816,0,-1,39,73,0,
core_C3,1782,25204,0,90,1452,4536,6586272,0,86,98,120,0,
core_C4,29931,30627,0,270,1452,4495,6526740,0,85,114,62,1,
core_C5,13167,9306,0,180,2721,2673,7273233,0,-1,65,90,0,
core_C6,0,17350,0,180,4491,1452,6520932,0,6,51,108,0,
core_C7,13167,26466,0,270,1782,3677,6552414,0,-1,43,34,0,
core_C11,19833,15378,0,0,4493,1485,6672105,0,-1,-1,55,1,
core_C13,16507,30892,0,90,2046,3132,6408072,0,80,-1,44,1,
core_C14,11682,16104,0,270,1452,4374,6351048,0,-1,107,26,1,
core_C15,13167,30143,0,90,2178,2221,4837338,0,63,-1,39,0,
core_C16,12045,32364,0,0,4462,1452,6478824,0,41,-1,59,0,
core_C18,8811,27968,0,180,4356,1452,6324912,0,-1,54,76,0,
core_C19,21747,29011,0,90,1353,4133,5591949,0,118,-1,117,1,
core_C22,15065,34024,0,180,4407,1419,6253533,0,-1,-1,64,1,
core_C23,20005,33403,0,0,4436,1452,6441072,0,-1,0,80,1,
core_C24,24552,30173,0,90,1584,4028,6380352,0,-1,-1,91,0,
core_C26,31383,32211,0,270,2046,3107,6356922,0,-1,-1,85,0,
core_C28,0,18802,0,0,4308,1419,6113052,0,-1,121,38,0,
core_C30,24552,11385,0,90,1386,4325,5994450,0,104,91,14,0,
core_C31,8811,24932,0,0,4297,1419,6097443,0,-1,76,116,1,
core_C32,8811,29420,0,90,1782,3621,6452622,0,96,-1,45,0,
core_C33,17391,18125,0,90,2442,2473,6039066,0,40,88,63,1,
core_C34,19866,16863,0,0,4596,1518,6976728,0,-1,-1,88,1,
core_C35,35385,24760,0,90,1419,4442,6303198,0,-1,-1,85,1,
core_C36,17391,23130,0,180,2897,1914,5544858,0,-1,99,88,0,
core_C37,12045,29420,0,90,1122,2919,3275118,0,9,44,96,1,
core_C38,20295,23533,0,270,1848,3731,6894888,0,110,94,103,0,
core_C41,13167,14124,0,180,4549,1452,6605148,0,-1,112,65,0,
core_C42,27390,35372,0,270,2541,2571,6532911,0,36,-1,100,0,
core_C43,15345,23298,0,90,2046,3163,6471498,0,55,122,43,1,
core_C45,10593,33958,0,0,4472,1485,6640920,0,47,2,96,0,
core_C47,13167,11979,0,180,3229,2145,6926205,0,83,61,37,0,
core_C48,25938,21349,0,90,1452,4392,6377184,0,79,-1,69,0,
core_C49,7392,24717,0,90,1419,4440,6300360,0,-1,116,26,0,
core_C50,25938,17554,0,180,2626,1287,3379662,0,-1,69,71,0,
core_C51,25938,18841,0,0,2515,2508,6307620,0,-1,66,68,0,
core_C54,27390,11385,0,90,1452,4363,6335076,0,13,-1,104,1,
core_C55,25938,15772,0,0,2748,1782,4896936,0,-1,68,104,0,
core_C56,0,8506,0,90,1452,4402,6391704,0,-1,108,81,0,
core_C57,13167,21714,0,0,4126,1584,6535584,0,-1,34,97,0,
core_C58,35145,20277,0,90,1452,4483,6509316,0,-1,-1,95,0,
core_C59,5973,19389,0,90,1419,4269,6057711,0,19,-1,119,1,
core_C60,8811,26351,0,0,4058,1617,6561786,0,-1,45,53,0,
core_C61,22011,19998,0,270,2541,2561,6507501,0,15,-1,103,1,
core_C62,4521,15803,0,270,1782,3586,6390252,0,-1,119,105,0,
core_C64,27390,21349,0,90,1386,3602,4992372,0,29,25,66,1,
core_C65,18553,29484,0,90,1452,4381,6361212,0,48,-1,41,1,
core_C66,0,4388,0,270,1584,4118,6522912,0,-1,72,106,0,
core_C67,7392,35562,0,180,3170,2079,6590430,0,-1,89,87,0,
core_C68,16396,9306,0,90,1485,4527,6722595,0,20,-1,65,1,
core_C72,7776,13872,1,270,2448,4909,12017232,0,-1,24,16,0,
core_C74,31383,30627,0,180,4002,1584,6339168,0,57,50,36,1,
core_C75,3234,25204,0,90,1287,3985,5128695,0,21,-1,35,1,
core_C77,7392,33516,0,180,3136,2046,6416256,0,-1,82,116,0,
core_C78,17391,20598,0,270,2475,2532,6266700,0,56,58,55,0,
core_C79,7392,37641,0,0,3115,2013,6270495,0,-1,-1,82,0,
core_C80,13167,7854,0,0,4530,1452,6577560,0,-1,37,9,0,
core_C81,24552,25741,0,90,1452,4432,6435264,0,-1,49,52,0,
core_C82,36630,15708,0,270,1452,4464,6481728,0,-1,-1,95,1,
core_C83,18843,25044,0,90,1452,4440,6446880,0,111,-1,99,1,
core_C84,20295,27427,0,0,4030,1584,6383520,0,-1,117,60,0,
core_C85,35145,15708,0,90,1485,4569,6784965,0,92,74,29,1,
core_C86,10593,29420,0,90,1452,4538,6589176,0,59,64,54,1,
core_C87,13167,20361,0,0,4160,1353,5628480,0,-1,73,113,0,
core_C88,1782,29740,0,0,4512,1452,6551424,0,-1,27,35,0,
core_C89,17391,25044,0,90,1452,4357,6326364,0,93,-1,58,0,
core_C90,27390,33168,0,270,2178,2204,4800312,0,-1,62,123,0,
core_C91,17283,15576,0,90,2508,2549,6392892,0,-1,-1,113,1,
core_C92,13167,17160,0,180,4058,1617,6561786,0,-1,113,112,0,
core_C93,20295,19998,0,270,1716,3535,6066060,0,77,60,111,0,
core_C94,25938,11385,0,90,1452,4387,6369924,0,70,71,52,1,
core_C96,4521,12144,0,90,1815,3659,6641085,0,-1,78,115,0,
core_C98,0,0,0,270,1452,4388,6371376,0,-1,81,-1,0,
core_C101,11682,20478,0,90,1419,4454,6320226,0,-1,-1,42,0,
core_C102,0,12908,0,270,1419,4442,6303198,0,-1,38,72,0,
core_C104,1782,20221,0,180,2559,2508,6417972,0,-1,120,121,1,
core_C107,22143,22559,0,90,1617,4868,7871556,0,-1,-1,60,1,
core_C108,20295,18381,0,0,4102,1617,6632934,0,-1,103,93,1,
core_C109,13167,15576,0,0,4038,1584,6396192,0,-1,102,61,0,
core_C110,13167,18777,0,0,4116,1584,6519744,0,101,97,102,0,
core_C111,29931,35318,0,0,4441,1419,6301779,0,10,-1,36,0,
core_C112,4521,9735,0,0,2424,2409,5839416,0,-1,105,21,0,
core_C113,7392,29157,0,90,1419,4359,6185421,0,53,87,67,0,
core_C114,20295,29011,0,90,1452,4392,6377184,0,46,-1,94,0,
core_C116,23100,29011,0,90,1452,4361,6332172,0,14,-1,46,1,
core_C117,4521,19389,0,90,1452,4398,6385896,0,75,-1,78,0,
core_C118,1782,22729,0,180,2531,2475,6264225,0,-1,35,109,0,
core_C119,0,20221,0,270,1782,3628,6465096,0,109,-1,51,0,
core_C120,15345,26461,0,90,1419,4431,6287589,0,-1,-1,63,0,
core_C121,27390,30627,0,0,2541,2541,6456681,0,-1,100,25,0,
Wirelength: 7.58455e+07
layer(tree) info:
layer: 0 ,width: 39784 ,height: 41119 ,area: 1635878296 ,blocks_area: 1289292675, filling_rate: 0.788135, utilizatio_rate: 0.771133
layer: 1 ,width: 40080 ,height: 39229 ,area: 1572298320 ,blocks_area: 1331988048, filling_rate: 0.84716, utilizatio_rate: 0.79667
random seed: 6
alpha: 0
gamma: 1
best wirelength: 7.58455e+07
initial_num_perturbs: 3720
iter: 0
best_iter: 0
best_cost: 0.182105
reject_time: 0
accept_inferior_time: 0
update_best_time: 0
adjustLegalOutline_fail_times: 0
outline_adjust_time: 1.497
initial_wirelength: 3.59537e+08
initial_average_wirelength: 1.97434e+09
3.59537e+08,initial_iter: 3720
initial_time: 4.043
total time cost: 176.685
