name,x,y,layer,rotated_angle,width,height,area,exceed_outline_area,left,right,parent,is_from_left,
macro_C415824,0,102232,0,0,5520,23736,131022720,0,283,-1,316,0,
macro_C393731,53268,0,0,0,5520,23736,131022720,0,448,167,389,1,
macro_C396425,53268,31826,0,0,5520,23736,131022720,0,46,152,650,0,
macro_C399323,11983,54395,1,0,8625,37030,319383750,0,-1,605,585,1,
macro_C401933,27784,93175,0,0,5520,23736,131022720,0,-1,-1,191,0,
macro_C404827,26427,46562,1,0,8625,37030,319383750,0,-1,367,534,1,
macro_C407516,41400,102222,0,0,5520,23736,131022720,0,24,-1,644,0,
macro_C410398,11960,19780,0,0,5520,23736,131022720,0,329,451,505,1,
macro_C413082,42366,61742,1,0,8625,37030,319383750,0,-1,293,402,0,
macro_C40987,6348,59567,0,0,5520,23736,131022720,0,114,182,12,0,
macro_C418718,31740,39103,0,0,5520,23736,131022720,0,344,510,290,1,
macro_C421703,39560,29169,0,0,5520,23736,131022720,0,229,15,110,1,
macro_C424481,6348,35831,0,0,5520,23736,131022720,0,549,9,568,0,
macro_C427156,0,48990,1,0,8625,37030,319383750,0,-1,592,240,0,
macro_C429952,6348,91307,0,0,5520,23736,131022720,0,109,257,350,0,
macro_C432667,39560,52905,0,0,5520,23736,131022720,0,273,311,11,0,
macro_C38059,60904,42151,0,0,5520,23736,131022720,0,264,232,222,0,
macro_C78506,21712,9274,1,0,8625,37030,319383750,0,651,58,52,1,
macro_C390724,29716,15367,0,0,5520,23736,131022720,0,36,82,145,1,
macro_C43597,47288,19927,0,0,5520,23736,131022720,0,-1,453,49,1,
macro_C46411,2024,0,0,0,5520,23736,131022720,0,422,33,470,1,
macro_C48981,60904,70946,0,0,5520,23736,131022720,0,120,150,232,0,
macro_C51791,51083,10120,1,0,8625,37030,319383750,0,-1,603,286,0,
macro_C54384,29992,91886,1,0,8625,37030,319383750,0,591,-1,635,0,
macro_C57054,46920,105013,0,0,5520,23736,131022720,0,-1,-1,6,1,
macro_C62277,53268,102595,0,0,5520,23736,131022720,0,43,386,508,0,
macro_C65066,35236,13557,1,0,8625,37030,319383750,0,378,140,511,0,
macro_C67838,0,4370,1,0,8625,37030,319383750,0,-1,218,159,0,
macro_C70493,9453,17365,1,0,8625,37030,319383750,0,560,585,234,0,
macro_C73067,13708,43516,0,0,5520,23736,131022720,0,216,582,451,1,
macro_C75793,55292,55562,0,0,5520,23736,131022720,0,-1,256,504,1,
macro_C59667,47288,56340,0,0,5520,23736,131022720,0,-1,102,464,0,
core_C930,0,89724,0,90,2208,5960,13159680,0,230,316,433,0,
core_C1124,2024,23736,0,0,5269,2576,13572944,0,-1,125,20,0,
core_C1270,22890,0,0,90,2944,4612,13577728,0,-1,458,226,1,
core_C1382,69902,102967,0,90,2024,6366,12884784,0,538,643,410,1,
core_C1112,35236,0,0,90,2392,4979,11909768,0,388,633,18,1,
core_C126,69276,22253,0,90,2024,6087,12320088,0,326,331,203,1,
core_C1684,19561,77556,0,90,3588,3632,13031616,0,-1,478,502,0,
core_C1556,68977,96666,1,0,6572,3105,20406060,0,-1,-1,184,1,
core_C599,48088,25801,1,90,2760,7105,19609800,0,-1,-1,48,1,
core_C919,47434,120969,1,0,5662,3680,20836160,0,-1,-1,352,1,
core_C1502,9361,2530,1,180,6611,3105,20527155,0,-1,623,601,1,
core_C356,58788,121592,0,90,2484,5078,12613752,0,-1,-1,25,1,
core_C1322,9269,84307,1,90,2530,8066,20406980,0,-1,537,601,0,
core_C1329,19780,107633,0,0,5959,2208,13157472,0,-1,74,259,0,
core_C1044,58788,30088,0,90,2116,6413,13569908,0,340,225,2,1,
core_C318,51175,57961,1,180,5313,3450,18329850,0,-1,475,620,0,
core_C1681,40756,56337,1,0,7332,2760,20236320,0,40,-1,50,0,
core_C1652,45356,93688,0,90,1932,6234,12044088,0,19,-1,276,1,
core_C667,40756,53117,1,0,6832,3220,21999040,0,-1,48,364,1,
core_C285,18078,23532,1,90,2530,8257,20890210,0,-1,371,560,0,
core_C15,19182,103500,1,90,2530,7945,20100850,0,17,250,492,1,
core_C925,19780,120832,0,0,5883,2208,12989664,0,-1,-1,68,0,
core_C1409,21712,107563,1,0,5633,3565,20081645,0,446,-1,165,0,
core_C562,15732,100053,0,90,2024,6083,12311992,0,272,277,260,1,
core_C168,21489,91606,0,90,2484,4968,12340512,0,333,-1,294,1,
core_C458,8052,121453,1,0,6464,3220,20814080,0,-1,-1,343,0,
core_C1109,21712,46304,1,90,2645,8081,21374245,0,-1,107,17,0,
core_C943,2024,47010,0,180,3613,3588,12963444,0,-1,561,501,0,
core_C1583,53268,74833,0,90,2024,6483,13121592,0,-1,508,89,0,
core_C100,2530,97565,1,90,1725,5758,9932550,0,355,335,108,1,
core_C1141,43332,90007,0,90,3680,3681,13546080,0,-1,276,579,0,
core_C879,25760,100239,0,90,2024,6525,13206600,0,-1,188,396,0,
core_C355,39560,92737,0,90,1840,5935,10920400,0,91,297,558,0,
core_C387,38180,2484,0,90,3496,3598,12578608,0,-1,244,633,1,
core_C647,19358,66556,0,90,2484,5233,12998772,0,-1,-1,582,1,
core_C439,9361,70376,1,90,1840,5637,10372080,0,-1,503,623,0,
core_C721,19780,118624,0,0,5951,2208,13139808,0,-1,53,73,0,
core_C239,0,82550,0,270,3588,3678,13196664,0,383,433,306,0,
core_C1333,9453,5635,1,0,7220,2875,20757500,0,146,299,623,1,
core_C266,13708,69460,0,0,4981,2484,12372804,0,-1,454,582,0,
core_C951,67344,62490,1,180,5713,3680,21023840,0,210,609,208,0,
core_C406,19780,116508,0,180,5482,2116,11599912,0,-1,68,341,0,
core_C259,19780,109841,0,90,2944,4459,13127296,0,201,341,45,0,
core_C522,23711,33864,0,180,3667,3588,13157196,0,-1,-1,328,0,
core_C1618,7544,15956,0,90,3588,3683,13214604,0,-1,479,385,0,
core_C875,70058,75788,1,180,5431,3565,19361515,0,-1,604,98,1,
core_C841,73692,0,0,90,2024,6628,13415072,0,-1,-1,539,1,
core_C1299,13892,3606,0,90,2024,6170,12488080,0,289,-1,114,1,
core_C44,26809,6567,1,180,8003,2530,20247590,0,-1,-1,84,1,
core_C1017,58880,116486,0,90,2484,5106,12683304,0,190,-1,607,0,
core_C1331,29716,39103,0,90,2024,6288,12726912,0,-1,290,18,0,
core_C98,66761,46542,0,90,2024,6481,13117544,0,-1,-1,103,0,
core_C330,21160,5594,1,0,5649,3680,20788320,0,80,-1,287,1,
core_C358,65320,0,0,90,2484,4968,12340512,0,452,-1,233,1,
core_C210,71024,52286,1,90,3680,5680,20902400,0,-1,-1,268,1,
core_C996,44896,113492,1,90,3335,5260,17542100,0,647,-1,480,0,
core_C780,30337,22152,1,270,2760,7323,20211480,0,-1,512,483,0,
core_C1441,53268,68584,0,90,2024,6249,12647976,0,590,60,504,0,
core_C576,55660,74959,1,90,4370,4531,19800470,0,-1,649,332,0,
core_C1456,41400,92737,0,90,1932,6065,11717580,0,579,644,64,1,
core_C309,50784,14215,0,90,2484,5305,13177620,0,-1,-1,447,0,
core_C57,57960,95999,1,0,8147,2530,20611910,0,-1,368,220,0,
core_C1493,27784,87655,0,180,3347,3220,10777340,0,-1,191,546,0,
core_C1295,62675,120924,1,0,6527,3220,21016940,0,-1,-1,154,0,
core_C1113,0,62858,0,0,5222,2576,13451872,0,-1,598,235,0,
core_C1022,72588,45433,0,90,2024,6166,12479984,0,-1,516,403,1,
core_C34,67528,75788,1,90,2530,7716,19521480,0,77,-1,596,1,
core_C1287,35604,99380,0,0,3630,3496,12690480,0,-1,381,584,0,
core_C729,33672,83867,0,90,1932,5882,11364024,0,254,445,126,1,
core_C1070,62836,101103,0,90,1932,6052,11692464,0,138,-1,158,1,
core_C820,47288,80076,0,0,3638,3588,13053144,0,205,119,31,0,
core_C1151,66761,40029,0,90,2024,6513,13182312,0,214,83,275,1,
core_C1685,25760,123538,0,0,6549,2024,13255176,0,407,-1,314,0,
core_C929,55292,90163,0,90,1932,6194,11966808,0,199,321,374,0,
core_C1114,47288,49477,0,0,5813,2300,13369900,0,-1,464,453,0,
core_C1484,21712,54385,1,180,3895,3795,14781525,0,-1,129,58,0,
core_C1084,0,112887,1,90,2530,7631,19306430,0,61,255,627,0,
core_C1197,11868,9878,0,90,2208,5597,12358176,0,393,-1,14,1,
core_C1135,37628,93129,0,90,1932,6242,12059544,0,11,-1,584,1,
core_C934,15732,109893,0,0,3758,3588,13483704,0,390,175,277,0,
core_C845,64952,7930,0,90,2024,6395,12943480,0,586,-1,179,1,
core_C206,60904,14327,0,0,5730,2208,12651840,0,-1,-1,340,0,
core_C33,11868,3606,0,90,2024,6272,12694528,0,79,-1,9,1,
core_C302,30337,34074,1,90,2300,6911,15895300,0,-1,425,512,0,
core_C589,17756,95194,0,90,2944,4488,13212672,0,-1,173,294,0,
core_C158,38548,25633,0,270,3496,3536,12361856,0,309,-1,583,1,
core_C414,19228,56664,0,90,3404,3548,12077392,0,-1,469,398,0,
core_C1116,47288,83664,0,90,2484,5033,12501972,0,-1,327,102,0,
core_C1033,66424,70946,0,0,6191,2024,12530584,0,514,527,21,1,
core_C1170,37766,64020,1,90,3335,5093,16985155,0,-1,207,241,0,
core_C376,27784,63257,0,90,2852,4413,12585876,0,-1,634,460,0,
core_C1265,23266,80408,0,0,4441,2944,13074304,0,-1,-1,616,1,
core_C613,19148,3588,0,0,3457,3312,11449584,0,-1,387,226,0,
core_C459,2024,26312,0,0,4504,2944,13259776,0,-1,572,33,0,
core_C238,31740,83867,0,90,1932,6329,12227628,0,100,-1,550,0,
core_C506,35788,107212,0,0,3736,3588,13404768,0,-1,-1,445,1,
core_C46,21804,102958,0,90,2944,4675,13763200,0,-1,-1,594,0,
core_C1232,21712,58180,1,90,2415,7814,18870810,0,534,421,107,0,
core_C187,35832,115900,0,90,2576,5446,14028896,0,-1,189,370,0,
core_C450,27784,116911,0,90,2852,4419,12602988,0,444,-1,188,1,
core_C494,23312,54117,0,90,2208,5746,12687168,0,-1,535,320,0,
core_C915,67988,16494,0,90,2208,5759,12715872,0,-1,-1,437,1,
core_C1043,50324,51777,0,90,2944,4432,13047808,0,-1,-1,464,1,
core_C449,70840,56682,0,90,2208,5772,12744576,0,589,523,403,0,
core_C10,67160,105982,1,90,2530,7903,19994590,0,476,-1,613,0,
core_C178,24422,0,1,90,3680,5594,20585920,0,227,-1,146,1,
core_C1045,64768,99001,0,90,2576,5282,13606432,0,626,270,101,1,
core_C1298,55660,64954,1,0,5788,3680,21299840,0,-1,319,581,1,
core_C1488,35236,50587,1,0,8243,2530,20854790,0,-1,280,26,0,
core_C1587,64860,115985,1,90,1955,4939,9655745,0,493,-1,209,0,
core_C1285,71392,75270,0,90,2300,5979,13751700,0,-1,-1,228,1,
core_C1313,21804,96574,0,90,1932,6235,12046020,0,278,594,259,1,
core_C1249,4439,100473,1,0,4800,4600,22080000,0,486,518,614,1,
core_C1067,27784,27327,0,90,1932,6312,12194784,0,18,460,507,0,
core_C922,16673,2530,1,180,7749,2530,19604970,0,137,-1,70,1,
core_C1050,66424,57534,0,90,2024,6365,12882760,0,-1,-1,264,0,
core_C306,25360,125562,0,180,5082,2484,12623688,0,-1,-1,172,1,
core_C228,25760,113377,0,90,2024,6256,12662144,0,-1,314,595,0,
core_C28,60904,94682,0,90,2024,6421,12996104,0,304,608,21,0,
core_C326,50991,99795,1,0,5559,3680,20457120,0,-1,528,621,0,
core_C443,53268,55562,0,90,2024,6472,13099328,0,-1,504,2,0,
core_C156,19228,49580,0,180,3662,3496,12802352,0,-1,398,408,0,
core_C1159,62675,111695,1,90,2185,6953,15192305,0,209,95,325,1,
core_C446,71789,86034,1,90,2875,7295,20973125,0,-1,-1,580,1,
core_C1155,57960,105715,1,0,7341,2875,21105375,0,-1,262,439,0,
core_C1548,71300,30806,0,90,2208,5554,12263232,0,-1,-1,331,1,
core_C1326,60904,101177,0,90,1932,6221,12018972,0,101,629,608,0,
core_C740,0,0,1,180,4422,4370,19324140,0,-1,27,-1,0,
core_C27,64308,65887,0,90,2392,5059,12101128,0,215,-1,232,1,
core_C133,35604,79931,0,180,3834,3680,14109120,0,-1,530,583,0,
core_C350,39560,81149,0,270,2852,4407,12568764,0,334,556,417,0,
core_C616,49220,96425,0,90,2024,6380,12913120,0,389,-1,559,1,
core_C1605,13708,100434,0,90,2024,6438,13030512,0,540,260,315,0,
core_C254,21712,105033,1,0,7854,2530,19870620,0,-1,54,239,0,
core_C574,13708,89457,0,90,2944,4435,13056640,0,-1,315,176,0,
core_C191,53268,23736,0,90,2944,4440,13071360,0,-1,650,1,0,
core_C1019,60904,16535,0,0,4504,2852,12845408,0,253,174,450,1,
core_C244,32242,10458,0,90,2944,4494,13230336,0,-1,-1,472,1,
core_C591,43748,8546,0,90,2116,6420,13584720,0,424,-1,181,0,
core_C200,64952,126413,0,0,5790,2300,13317000,0,-1,-1,449,0,
core_C972,20162,125524,0,0,5198,2576,13390048,0,148,-1,312,1,
core_C74,17756,99682,0,90,2024,6614,13386736,0,259,-1,116,0,
core_C1261,60904,19387,0,90,3588,3767,13515996,0,437,183,168,0,
core_C978,15732,113481,0,180,3217,3036,9766812,0,-1,308,111,0,
core_C627,13708,85961,0,180,3548,3496,12403808,0,555,166,211,0,
core_C748,64768,118317,0,180,5027,2484,12487068,0,-1,212,359,0,
core_C373,4324,40622,0,90,2024,6388,12929312,0,568,-1,501,1,
core_C1009,62928,7930,0,90,2024,6397,12947528,0,112,-1,340,1,
core_C108,25336,67391,0,90,2024,6239,12627736,0,-1,-1,442,1,
core_C380,43748,2300,0,90,2024,6246,12641904,0,645,170,496,1,
core_C555,6348,83303,0,0,5180,2484,12867120,0,-1,569,9,0,
core_C1030,60904,23154,0,90,2852,4482,12782664,0,570,323,174,0,
core_C1455,67252,96666,1,90,1725,5291,9126975,0,39,217,580,0,
core_C537,47288,92837,0,180,3660,3588,13132080,0,-1,559,536,0,
core_C1284,0,53082,0,180,3668,3588,13160784,0,-1,265,470,0,
core_C1089,21252,43968,0,0,3680,3588,13203840,0,-1,-1,575,0,
core_C1356,25760,106764,0,90,2024,6539,13234936,0,131,595,63,0,
core_C476,35832,121346,0,0,3696,3680,13601280,0,-1,-1,130,0,
core_C1688,61364,124389,0,90,3588,3700,13275600,0,449,-1,81,1,
core_C959,27784,90875,0,0,5772,2300,13275600,0,-1,4,94,0,
core_C1037,10163,121282,0,180,5198,2576,13390048,0,-1,-1,624,0,
core_C289,40066,107012,1,180,4668,4600,21472800,0,-1,648,499,0,
core_C1691,62836,4986,0,0,4558,2944,13418752,0,-1,-1,233,0,
core_C753,13708,73968,0,0,5853,2300,13461900,0,502,619,454,0,
core_C1140,22572,86204,0,0,4557,3036,13835052,0,-1,-1,272,1,
core_C431,57960,116180,1,90,2415,7916,19117140,0,325,-1,488,0,
core_C153,50991,0,1,0,8579,2645,22691455,0,292,564,647,1,
core_C954,57224,90163,0,90,1932,6268,12109776,0,450,-1,105,1,
core_C654,69552,87740,0,90,2024,6200,12548800,0,485,473,626,1,
core_C422,22724,109841,0,90,2852,4415,12591580,0,-1,-1,74,1,
core_C649,7544,6556,0,90,1564,4187,6548468,0,-1,385,422,0,
core_C1185,67252,25789,0,90,2024,6448,13050752,0,37,-1,570,1,
core_C1450,12075,115387,1,0,6600,3105,20493000,0,-1,302,349,0,
core_C1250,50926,80076,0,90,2024,6484,13123616,0,-1,-1,102,1,
core_C1288,41843,17563,0,90,2208,5949,13135392,0,-1,-1,213,1,
core_C1076,37766,69113,1,90,2300,7543,17348900,0,499,-1,121,0,
core_C1698,67344,58005,1,0,4644,4485,20828340,0,-1,72,268,0,
core_C1620,64860,108590,1,90,2300,7395,17008500,0,562,141,154,1,
core_C1303,73057,57966,1,90,2530,8277,20940810,0,-1,-1,72,1,
core_C183,13708,81402,0,90,2944,4559,13421696,0,-1,176,637,0,
core_C888,64768,120801,0,180,3765,3588,13508820,0,-1,-1,177,0,
core_C1321,37260,22597,0,0,4583,3036,13913988,0,206,-1,557,0,
core_C583,68785,40029,0,90,1932,6100,11785200,0,354,-1,103,1,
core_C1059,66700,63899,0,90,2116,5673,12004068,0,285,-1,160,1,
core_C313,19228,41116,0,90,2024,6277,12704648,0,575,408,29,1,
core_C129,67252,101957,1,0,6071,4025,24435775,0,-1,-1,184,0,
core_C106,0,41400,1,0,5639,3565,20103035,0,-1,240,27,0,
core_C952,66059,32237,0,90,2116,6418,13580488,0,498,-1,342,1,
core_C1142,57960,92779,1,0,6614,3220,21297080,0,-1,93,529,0,
core_C1085,12167,97060,1,90,1725,5838,10070550,0,404,456,438,0,
core_C1369,60904,36192,0,90,2300,5781,13296300,0,275,16,415,0,
core_C905,55660,83170,1,90,2300,7317,16829100,0,571,-1,649,0,
core_C284,42719,0,0,0,5800,2300,13340000,0,-1,-1,388,1,
core_C1306,58788,36501,0,90,2024,6634,13427216,0,-1,-1,46,0,
core_C1391,19148,0,0,0,3742,3588,13426296,0,34,124,631,1,
core_C1086,28102,0,1,90,3220,6567,21145740,0,-1,-1,137,1,
core_C22,69460,81885,0,90,1932,5855,11311860,0,142,-1,484,1,
core_C1566,45080,24187,0,90,1932,6023,11636436,0,632,-1,11,1,
core_C789,2208,89724,0,90,1932,5868,11336976,0,-1,-1,32,1,
core_C368,19280,84776,0,270,2484,3794,9424296,0,-1,-1,555,1,
core_C700,60904,65887,0,90,3404,3531,12019524,0,160,21,16,0,
core_C141,62836,0,0,90,2484,4986,12385224,0,85,194,519,1,
core_C1068,9453,12995,1,180,4431,4370,19363470,0,-1,28,299,0,
core_C173,0,60374,0,180,5003,2484,12427452,0,-1,96,265,0,
core_C138,73600,81249,0,90,1932,6299,12169668,0,-1,-1,485,1,
core_C664,13708,76342,0,180,5054,2484,12554136,0,-1,637,619,0,
core_C470,27784,11871,0,180,3603,3496,12596088,0,-1,533,472,0,
core_C1097,21712,98691,1,90,3105,6342,19691910,0,521,165,300,0,
core_C1134,0,44965,1,0,6168,4025,24826200,0,330,13,218,0,
core_C1418,37766,59494,1,90,4370,4526,19778620,0,-1,121,364,0,
core_C222,9453,62558,1,90,2530,7818,19779540,0,-1,-1,585,0,
core_C1041,55631,5750,1,180,6384,3105,19822320,0,574,-1,286,1,
core_C1606,38180,6082,0,180,4456,2852,12708512,0,-1,-1,65,0,
core_C66,7289,30311,0,0,4449,2944,13097856,0,-1,-1,401,0,
core_C1398,35236,67221,1,90,2530,8148,20614440,0,-1,477,500,0,
core_C992,50876,43663,0,90,2300,5814,13372200,0,-1,-1,453,1,
core_C505,13892,99820,1,90,1725,5596,9653100,0,287,-1,404,0,
core_C1294,50991,116349,1,180,5845,3680,21509600,0,-1,-1,351,0,
core_C916,19182,111445,1,0,7971,2645,21083295,0,-1,373,52,0,
core_C176,0,0,0,90,1932,6012,11615184,0,-1,470,-1,0,
core_C342,67436,71648,1,180,4332,4140,17934480,0,-1,596,382,0,
core_C586,65408,16535,0,90,2208,5599,12362592,0,-1,-1,168,1,
core_C271,35604,69261,0,90,2024,6128,12403072,0,-1,583,100,1,
core_C327,0,120518,1,0,7990,2530,20214700,0,-1,563,108,0,
core_C1293,55292,79298,0,90,2208,5713,12614304,0,-1,461,30,0,
core_C1081,6348,115043,0,90,2024,6239,12627736,0,505,-1,14,0,
core_C1361,57986,55396,1,180,6532,3105,20281860,0,-1,-1,471,0,
core_C840,19780,99682,0,90,2024,6431,13016344,0,143,45,173,1,
core_C1374,13708,106872,0,90,2024,6282,12714768,0,55,-1,164,0,
core_C953,67436,83504,1,180,8078,2530,20437340,0,-1,432,596,0,
core_C849,57960,108590,1,0,6455,3105,20042775,0,-1,488,156,0,
core_C1532,23312,73984,0,180,3676,3496,12851296,0,-1,-1,442,0,
core_C1328,66424,53023,0,90,2852,4511,12865372,0,-1,147,16,1,
core_C1319,0,56670,0,90,3680,3704,13630720,0,296,235,186,0,
core_C1527,31740,65139,0,180,6587,2024,13332088,0,-1,612,510,0,
core_C838,51175,84056,1,90,4485,4687,21021195,0,-1,362,642,0,
core_C317,67344,52286,1,90,3680,5719,21045920,0,86,208,606,1,
core_C778,31740,76419,0,90,3588,3768,13519584,0,-1,550,375,0,
core_C329,64768,104283,0,90,2116,6396,13533936,0,318,359,138,0,
core_C76,51175,50025,1,0,6811,3335,22714685,0,471,577,317,0,
core_C1463,17756,88570,0,0,4816,3036,14621376,0,196,294,55,1,
core_C520,45080,30210,0,90,1656,5302,8780112,0,-1,-1,15,1,
core_C214,21503,17791,0,270,3496,3541,12379336,0,419,406,423,1,
core_C1052,63204,38655,0,180,3557,3496,12435272,0,103,-1,222,1,
core_C1524,43332,93688,0,90,2024,6213,12575112,0,49,-1,62,0,
core_C1004,15732,106296,0,90,3496,3597,12575112,0,-1,111,55,0,
core_C5,23736,96574,0,90,2024,6384,12921216,0,396,-1,143,1,
core_C442,2024,31832,0,90,2484,5202,12921768,0,-1,489,572,0,
core_C250,35236,53117,1,90,2530,7992,20219760,0,364,500,140,0,
core_C1246,29716,51917,0,90,2024,6240,12629760,0,-1,-1,290,0,
core_C885,62615,88256,1,90,4370,4523,19765510,0,-1,-1,495,0,
core_C1694,5520,124134,0,180,5237,2484,13008708,0,-1,467,0,1,
core_C921,31740,67237,0,0,6359,2024,12870616,0,-1,600,612,0,
core_C1656,68816,57534,0,90,2024,6441,13036584,0,426,416,215,1,
core_C12,51083,5750,1,180,4548,4370,19874760,0,243,22,621,1,
core_C164,15617,99820,1,0,5543,3680,20398240,0,84,492,248,1,
core_C205,39738,0,1,0,5586,3680,20556480,0,517,-1,313,1,
core_C290,15916,10396,0,0,5816,2208,12841728,0,-1,347,79,1,
core_C132,29716,45391,0,90,2024,6526,13208624,0,10,281,82,0,
core_C715,71407,19238,0,90,2576,5282,13606432,0,-1,-1,526,0,
core_C1296,59570,0,1,90,4600,4643,21357800,0,-1,-1,198,1,
core_C1649,42366,98772,1,90,2530,8240,20847200,0,301,-1,8,0,
core_C1517,17756,91606,0,180,3733,3588,13394004,0,56,116,272,0,
core_C1082,73858,93769,0,90,1748,5737,10028276,0,-1,-1,430,0,
core_C730,3680,53082,0,90,2024,6631,13421144,0,-1,-1,265,1,
core_C275,39560,125958,0,0,6631,2024,13421144,0,-1,-1,64,0,
core_C1559,32614,83592,1,90,2530,8294,20983820,0,313,-1,597,1,
core_C567,9453,8510,1,0,4693,4485,21048105,0,646,234,70,0,
core_C557,21712,96046,1,0,7957,2645,21046265,0,-1,239,421,0,
core_C1383,44896,98772,1,0,5892,3795,22360140,0,-1,554,293,1,
core_C515,12075,118492,1,180,6868,2645,18165860,0,-1,-1,204,0,
core_C397,70725,26130,1,90,2875,8691,24986625,0,-1,-1,562,1,
core_C604,62928,94682,0,90,2760,4319,11920440,0,484,-1,150,1,
core_C736,18078,39849,1,90,2415,7900,19078500,0,-1,-1,371,0,
core_C1498,0,79698,0,180,4406,2852,12565912,0,-1,69,565,0,
core_C816,51175,68738,1,90,4485,4514,20245290,0,-1,372,395,0,
core_C873,15732,116517,0,0,3610,3588,12952680,0,-1,360,175,0,
core_C609,42044,23512,0,90,2484,5231,12993804,0,638,-1,117,1,
core_C1423,24127,89261,1,180,5557,3565,19810705,0,-1,-1,534,0,
core_C782,39560,76641,0,0,6435,2024,13024440,0,-1,417,15,0,
core_C21,15732,125524,0,180,4430,2944,13041920,0,172,-1,360,0,
core_C507,35144,0,1,180,4594,4485,20604090,0,288,400,298,1,
core_C1157,25760,121330,0,0,5823,2208,12857184,0,-1,104,149,0,
core_C1096,13708,93892,0,90,2024,6542,13241008,0,-1,164,166,0,
core_C724,0,95684,0,90,2024,6548,13253152,0,420,0,32,0,
core_C352,51175,47150,1,0,7206,2875,20717250,0,576,271,603,1,
core_C1136,66884,104283,0,90,2576,5167,13310192,0,-1,610,270,1,
core_C491,55660,68634,1,0,6476,3220,20852720,0,497,332,139,0,
core_C1377,23312,49580,0,90,2944,4537,13356928,0,-1,132,502,1,
core_C435,55292,96431,0,0,5448,2576,14034048,0,-1,-1,105,0,
core_C1291,0,91651,1,90,3910,5914,23123740,0,482,578,592,0,
core_C1012,60904,27636,0,180,2620,2484,6508080,0,-1,342,183,0,
core_C918,35604,90001,0,180,3295,3128,10306760,0,-1,584,530,0,
core_C1705,60375,116180,1,90,2300,7515,17284500,0,154,436,197,1,
core_C1102,71300,24520,0,90,1840,6053,11137520,0,339,-1,37,1,
core_C792,47288,88697,0,0,5882,1932,11364024,0,-1,536,119,0,
core_C1153,23711,28197,0,90,2116,5667,11991372,0,-1,75,474,1,
core_C1706,17480,25059,0,180,3531,3404,12019524,0,542,-1,7,1,
core_C763,6168,41400,1,90,2990,6290,18807100,0,-1,-1,240,1,
core_C1008,69276,28340,0,90,2024,6126,12399024,0,157,-1,37,0,
core_C1000,55660,71854,1,0,6493,3105,20160765,0,532,90,319,0,
core_C1461,23973,89240,0,90,2852,4522,12896744,0,-1,-1,56,1,
core_C1060,42412,81149,0,90,2852,4412,12583024,0,-1,-1,162,1,
core_C1104,2530,115871,1,0,5522,3680,20320960,0,343,-1,61,0,
core_C363,22890,9087,0,90,3588,3627,13013676,0,-1,-1,458,0,
core_C550,51083,96690,1,180,6389,3105,19837845,0,-1,-1,603,0,
core_C965,39915,11027,1,0,8058,2530,20386740,0,384,-1,348,0,
core_C9,73140,24520,0,90,2024,6286,12722864,0,-1,-1,326,1,
core_C1003,60904,7930,0,90,2024,6285,12720840,0,179,113,46,1,
core_C1554,19780,114300,0,0,5793,2208,12790944,0,-1,73,74,0,
core_C746,60904,30120,0,0,5155,2484,12805020,0,219,415,323,0,
core_C870,8052,115871,1,90,3680,5582,20541760,0,-1,57,335,1,
core_C626,37260,9484,0,0,4464,2944,13142016,0,496,392,10,1,
core_C1541,14146,12190,1,0,6453,3105,20036565,0,-1,-1,646,0,
core_C1631,69782,46666,1,90,3565,5620,20035300,0,-1,-1,513,0,
core_C1362,15916,12604,0,0,3667,3588,13157196,0,377,-1,289,0,
core_C88,39915,8050,1,0,7459,2760,20586840,0,427,338,511,1,
core_C786,12075,112282,1,0,6460,3105,20058300,0,-1,204,615,0,
core_C1168,6348,88363,0,180,4479,2944,13186176,0,-1,14,569,0,
core_C186,50991,113244,1,0,6645,3105,20632725,0,-1,249,435,0,
core_C38,40066,119039,1,0,7368,2875,21183000,0,41,-1,648,0,
core_C508,67436,66243,1,0,7192,2875,20677000,0,-1,382,609,1,
core_C950,70717,36360,0,90,2116,6353,13442948,0,397,-1,214,1,
core_C1166,4255,90390,1,0,4715,4485,21146775,0,-1,394,61,1,
core_C404,47973,19025,1,90,2185,6776,14805560,0,-1,-1,384,0,
core_C539,69782,37466,1,180,4940,4830,23860200,0,-1,513,506,1,
core_C1397,37628,83611,0,90,1840,5656,10407040,0,-1,-1,530,1,
core_C1513,64768,110679,0,90,1932,6019,11628708,0,-1,177,270,0,
core_C633,15732,120105,0,180,3488,3404,11873152,0,-1,312,308,0,
core_C1604,17725,21563,0,0,3496,3496,12222016,0,-1,-1,423,0,
core_C1426,51175,88743,1,90,2415,7947,19192005,0,581,-1,267,0,
core_C1338,32328,6075,0,90,2852,4383,12500316,0,-1,-1,465,1,
core_C263,37766,53117,1,90,2990,6377,19067230,0,50,241,280,1,
core_C1324,66976,9954,0,270,3588,3596,12902448,0,-1,515,586,0,
core_C1572,67190,0,1,270,4485,4496,20164560,0,-1,-1,379,1,
core_C167,26427,83592,1,90,3565,5669,20209985,0,635,-1,5,0,
core_C693,57960,98529,1,0,8005,2530,20252650,0,-1,439,93,0,
core_C1521,73523,12828,0,90,2024,6410,12973840,0,-1,-1,526,1,
core_C503,35832,110800,0,90,2484,5100,12668400,0,-1,130,444,1,
core_C1626,18078,31789,1,90,2530,8060,20391800,0,-1,305,51,0,
core_C861,51175,73252,1,90,4370,4561,19931570,0,-1,642,307,0,
core_C354,19182,114090,1,180,4581,4485,20545785,0,-1,-1,250,0,
core_C975,55292,87587,0,0,5263,2576,13557488,0,-1,105,461,0,
core_C1536,31740,72831,0,180,3684,3588,13218192,0,-1,269,481,0,
core_C1702,27784,71166,0,90,2024,6566,13289584,0,525,412,634,0,
core_C622,19583,12604,0,90,2576,5187,13361712,0,-1,-1,347,1,
core_C1225,43861,13557,1,90,3220,6659,21441980,0,-1,-1,26,1,
core_C1515,64775,0,1,90,2415,7469,18037635,0,366,-1,574,1,
core_C1412,7544,23227,0,180,3505,3404,11931020,0,-1,-1,479,0,
core_C115,35604,102876,0,90,2852,4336,12366272,0,-1,-1,99,0,
core_C1062,67436,69118,1,180,7665,2530,19392450,0,-1,252,353,0,
core_C166,3588,82550,0,90,2024,6152,12451648,0,-1,-1,69,1,
core_C341,47973,11027,1,90,2530,7998,20234940,0,-1,356,338,1,
core_C1077,7544,10743,0,90,2484,5213,12949092,0,-1,76,202,0,
core_C196,53268,126670,0,180,5865,2208,12949920,0,-1,-1,25,0,
core_C1115,19148,6900,0,180,3613,3496,12631048,0,-1,-1,124,0,
core_C643,37628,0,0,0,5091,2484,12646044,0,224,-1,36,1,
core_C1538,51244,92837,0,90,2024,6420,12994080,0,1,-1,163,1,
core_C821,19490,123040,0,0,5230,2484,12991320,0,-1,-1,111,1,
core_C852,47288,102805,0,0,5777,2208,12755616,0,-1,-1,559,0,
core_C545,37260,12428,0,90,2024,6469,13093256,0,548,557,344,0,
core_C438,14076,16192,0,0,3649,3588,13092612,0,423,-1,109,1,
core_C832,4255,94875,1,90,3565,5598,19956870,0,-1,622,355,0,
core_C1480,51175,64171,1,90,4370,4567,19957790,0,-1,307,475,0,
core_C1477,25760,93762,0,90,2024,6477,13109448,0,399,63,278,1,
core_C109,72833,36360,0,90,2024,6497,13149928,0,-1,-1,354,1,
core_C941,19228,53076,0,180,3673,3588,13178724,0,-1,118,153,0,
core_C962,27784,0,0,90,2576,5345,13768720,0,567,465,396,1,
core_C630,35144,4485,1,0,4702,4485,21088470,0,441,611,313,0,
core_C1529,7289,26631,0,180,3761,3680,13840480,0,-1,245,572,1,
core_C801,42366,59097,1,0,8230,2645,21768350,0,-1,8,499,1,
core_C881,70840,45433,0,90,1748,5794,10127912,0,97,135,426,0,
core_C807,13892,97060,1,0,7050,2760,19458000,0,-1,248,221,1,
core_C1601,23619,23816,0,90,2852,4381,12494612,0,-1,-1,520,1,
core_C552,21503,21332,0,180,5041,2484,12521844,0,-1,520,274,0,
core_C1238,32309,125026,0,180,4532,2852,12925264,0,-1,-1,104,1,
core_C1120,19228,47556,0,180,6250,2024,12650000,0,617,153,216,0,
core_C612,48760,7820,0,90,2024,6270,12690480,0,447,-1,411,1,
core_C382,66958,109450,0,90,2944,4449,13097856,0,35,630,610,1,
core_C269,46552,7820,0,90,2208,5799,12804192,0,409,-1,638,1,
core_C1534,27784,77732,0,180,3666,3588,13153608,0,-1,546,376,0,
core_C143,44896,106247,1,0,5598,3680,20600640,0,602,480,554,0,
core_C1202,35144,85718,1,180,4598,4485,20622030,0,-1,-1,640,0,
core_C790,60904,32604,0,180,3682,3588,13211016,0,-1,222,342,0,
core_C1422,68816,63975,0,90,2024,6527,13210648,0,-1,-1,285,0,
core_C911,39560,78665,0,0,5324,2484,13224816,0,-1,162,311,0,
core_C1318,64095,11746,1,0,5797,3680,21332960,0,-1,524,576,1,
core_C1098,24999,12714,0,90,2300,5844,13441200,0,-1,-1,274,1,
core_C1597,2024,95684,0,0,3758,3588,13483704,0,-1,-1,316,1,
core_C610,21712,92826,1,0,6565,3220,21139300,0,-1,300,129,0,
core_C104,7544,0,0,90,2116,6556,13872496,0,-1,202,20,1,
core_C1460,17725,17791,0,0,3778,3772,14250616,0,274,361,393,1,
core_C624,45864,5244,0,0,5511,2576,14196336,0,-1,-1,170,1,
core_C379,30337,40985,1,90,1840,5577,10261680,0,-1,-1,115,0,
core_C1522,70840,42857,0,180,4104,2576,10571904,0,-1,403,285,1,
core_C478,47374,4370,1,90,2530,6657,16842210,0,-1,-1,348,1,
core_C1341,67252,34821,1,180,6667,2645,17634215,0,-1,506,613,1,
core_C6,29716,81320,0,90,1932,5964,11522448,0,-1,-1,546,1,
core_C377,73858,87548,0,90,1932,6221,12018972,0,-1,295,538,1,
core_C1339,5815,121282,0,180,4348,2852,12400496,0,624,-1,561,1,
core_C489,67436,86034,1,90,3105,6262,19443510,0,-1,-1,261,0,
core_C1487,0,86228,0,180,3563,3496,12456248,0,-1,32,69,0,
core_C920,23174,83352,0,0,4446,2852,12679992,0,-1,-1,616,0,
core_C189,50991,106695,1,90,3105,6549,20334645,0,-1,351,528,0,
core_C956,60375,124144,1,0,7401,2760,20426760,0,-1,-1,325,0,
core_C1164,64492,22134,0,270,3496,3655,12777880,0,133,-1,174,1,
core_C42,12167,93955,1,0,6651,3105,20651355,0,-1,221,615,1,
core_C1402,57960,101059,1,90,4600,4629,21293400,0,466,156,368,0,
core_C1378,4347,112996,1,0,7237,2875,20806375,0,-1,-1,614,0,
core_C488,39846,4370,1,0,5666,3680,20850880,0,-1,-1,400,1,
core_C703,23312,67391,0,90,2024,6593,13344232,0,180,263,531,0,
core_C399,68540,75270,0,90,2024,6615,13388760,0,-1,-1,463,1,
core_C656,30636,116911,0,0,5196,2576,13384896,0,370,-1,131,1,
core_C854,33672,107212,0,90,2116,6368,13474688,0,127,-1,100,0,
core_C768,27345,107563,1,90,2645,7986,21122970,0,-1,494,54,1,
core_C125,50784,7820,0,90,2116,6395,13531820,0,-1,92,409,1,
core_C281,58788,0,0,90,2116,6780,14346480,0,-1,-1,1,1,
core_C696,64952,124389,0,0,6397,2024,12947528,0,-1,171,190,1,
core_C1483,59156,90163,0,90,1748,5740,10033520,0,168,-1,199,1,
core_C865,11960,43516,0,90,1748,5351,9353548,0,29,553,7,0,
core_C556,67804,0,0,90,2024,6396,12945504,0,487,-1,85,1,
core_C1408,47288,43663,0,0,3588,3588,12873744,0,247,106,19,0,
core_C632,13708,71944,0,0,6342,2024,12836208,0,-1,195,71,0,
core_C1542,70150,79353,1,180,5510,3565,19643150,0,-1,-1,604,1,
core_C836,12167,109177,1,0,6645,3105,20632725,0,-1,-1,221,0,
core_C872,9269,99595,1,90,2530,7936,20078080,0,-1,-1,537,0,
core_C361,22890,4612,0,90,2944,4475,13174400,0,-1,336,34,0,
core_C570,67045,23025,1,0,6397,3105,19862685,0,-1,-1,466,1,
core_C233,27784,58157,0,90,2484,5100,12668400,0,-1,122,145,0,
core_C675,55292,85011,0,0,5220,2576,13446720,0,-1,374,256,0,
core_C456,58880,99007,0,90,1932,5986,11564952,0,522,607,590,1,
core_C1703,66424,75270,0,90,2116,6702,14181432,0,443,490,527,0,
core_C1216,47288,51777,0,90,3036,4563,13853268,0,134,31,106,0,
core_C702,27784,6075,0,0,4544,2944,13377536,0,363,472,399,0,
core_C1320,62560,101059,1,90,4485,4656,20882160,0,459,-1,439,1,
core_C392,5520,126618,0,0,6458,2116,13665128,0,-1,-1,283,0,
core_C298,23174,77556,0,180,4502,2852,12839704,0,-1,616,478,1,
core_C1428,19228,60212,0,90,2024,6344,12840256,0,588,-1,118,0,
core_C463,0,6012,0,90,2024,6497,13149928,0,20,186,251,0,
core_C240,57986,50830,1,90,4485,4566,20478510,0,-1,258,271,1,
core_C524,27784,9019,0,0,4458,2852,12714216,0,169,238,465,0,
core_C396,69552,93940,0,90,2484,5247,13033548,0,-1,509,200,0,
core_C62,21503,29549,0,90,2208,5904,13036032,0,328,-1,520,0,
core_C434,51175,61411,1,0,7362,2760,20319120,0,547,395,47,0,
core_C1591,69690,105982,1,270,3565,5548,19778620,0,-1,-1,136,1,
core_C564,35236,76656,1,0,4516,4485,20254260,0,-1,599,246,0,
core_C311,19561,81188,0,180,3613,3588,12963444,0,468,-1,38,0,
core_C391,7544,19639,0,180,3601,3588,12920388,0,-1,380,76,0,
core_C1537,44896,109927,1,0,5651,3565,20145815,0,-1,87,413,0,
core_C1128,31740,69335,0,180,3581,3496,12519176,0,-1,375,600,0,
core_C1314,3910,86020,1,180,4426,4370,19341620,0,-1,-1,322,1,
core_C1586,30337,15612,1,90,2530,6540,16546200,0,-1,88,651,0,
core_C1608,65688,94682,0,270,3772,3846,14507112,0,228,-1,304,1,
core_C194,71576,81249,0,90,2024,6633,13425192,0,236,552,200,1,
core_C67,9239,0,1,0,8168,2530,20665040,0,-1,-1,144,1,
core_C1510,69828,0,0,90,2024,6513,13182312,0,539,-1,452,1,
core_C814,57960,111695,1,0,4587,4485,20572695,0,-1,197,262,0,
core_C874,2024,37034,0,0,3670,3588,13167960,0,-1,501,279,0,
core_C735,66424,81972,0,90,2208,5792,12788736,0,-1,491,463,0,
core_C898,66424,87764,0,90,2024,6304,12759296,0,-1,-1,490,0,
core_C1355,15617,103500,1,90,3565,5677,20238505,0,52,-1,287,0,
core_C1073,66815,115985,1,0,7906,2415,19092990,0,618,-1,141,1,
core_C1675,27345,115549,1,90,2530,7955,20126150,0,-1,-1,446,0,
core_C1567,62615,81167,1,90,2760,7089,19565640,0,-1,282,529,1,
core_C687,41724,8934,0,90,2024,6145,12437480,0,181,-1,344,1,
core_C754,62136,58501,1,90,2645,7002,18520290,0,-1,-1,319,1,
core_C805,68175,34466,0,90,2116,5563,11771308,0,-1,-1,219,1,
core_C1474,40066,69113,1,90,2300,7501,17252300,0,402,193,207,1,
core_C722,35236,61109,1,90,1840,6112,11246080,0,-1,246,280,0,
core_C107,2024,40622,0,90,2300,5852,13459600,0,178,59,489,0,
core_C40,19561,73968,0,180,3751,3588,13458588,0,320,38,195,1,
core_C859,9361,76013,1,90,2530,8294,20983820,0,-1,-1,67,0,
core_C670,53268,62034,0,90,2024,6550,13257200,0,30,89,152,0,
core_C1479,8372,115043,0,270,3588,3663,13142844,0,7,-1,257,1,
core_C447,67252,37466,1,90,2530,7856,19875680,0,357,606,428,0,
core_C1636,27784,21487,0,90,1932,5840,11282880,0,-1,145,533,0,
core_C839,53268,81316,0,90,1840,5892,10841280,0,-1,25,60,0,
core_C1344,69552,99187,0,90,3772,3780,14258160,0,-1,-1,473,0,
core_C1575,31740,62839,0,0,5878,2300,13519400,0,-1,266,10,0,
core_C1156,35236,8970,1,0,4679,4485,20985315,0,348,26,611,1,
core_C835,30337,29475,1,90,4370,4599,20097630,0,-1,115,88,0,
core_C1663,69782,42296,1,180,4589,4370,20053930,0,-1,346,357,0,
core_C1671,72615,65122,0,90,2024,6496,13147904,0,-1,-1,120,1,
core_C595,66976,13550,0,0,4431,2944,13044864,0,526,-1,365,0,
core_C1615,72588,51599,0,90,2484,5083,12626172,0,-1,-1,97,0,
core_C221,45324,0,1,180,4514,4370,19726180,0,-1,-1,288,1,
core_C800,4439,105073,1,90,2415,7901,19080915,0,566,-1,144,0,
core_C54,60904,0,0,90,1932,6294,12160008,0,233,-1,628,1,
core_C798,21503,23816,0,90,2116,5733,12131028,0,405,474,406,0,
core_C314,24817,98691,1,90,4255,4429,18845395,0,-1,-1,239,1,
core_C1616,60812,110894,0,90,2208,5592,12347136,0,-1,-1,462,1,
core_C986,70840,62638,0,180,2623,2484,6515532,0,-1,-1,135,0,
core_C1325,64095,15426,1,90,2415,7662,18503730,0,-1,-1,418,0,
core_C851,29808,71166,0,90,1380,4658,6428040,0,-1,-1,376,1,
core_C452,71407,12828,0,90,2116,5329,11276164,0,369,291,515,1,
core_C1395,66424,72970,0,0,6062,2300,13942600,0,-1,463,120,0,
core_C659,50991,103475,1,0,6567,3220,21145740,0,593,435,151,0,
core_C1336,57960,87809,1,0,4655,4485,20877675,0,495,220,571,0,
core_C31,35604,83611,0,90,2024,6390,12933360,0,358,324,161,0,
core_C521,23312,64539,0,0,4394,2852,12531688,0,-1,442,535,0,
core_C86,62153,65503,1,90,3565,5369,19140485,0,-1,-1,332,1,
core_C751,27784,15367,0,90,1932,6120,11823840,0,-1,507,238,0,
core_C1063,24127,58180,1,90,2300,7606,17493800,0,5,310,129,1,
core_C150,23312,59863,0,270,3036,4676,14196336,0,-1,531,132,0,
core_C823,47288,90629,0,180,5938,2208,13111104,0,-1,185,327,0,
core_C741,9269,92373,1,90,2760,7222,19932720,0,-1,457,44,0,
core_C1241,71926,102967,0,90,1932,5866,11333112,0,430,-1,35,1,
core_C634,71852,0,0,90,1840,5947,10942480,0,78,-1,487,1,
core_C389,15732,93892,0,90,2024,6161,12469864,0,-1,-1,164,1,
core_C39,61248,74959,1,90,2990,6208,18561920,0,573,-1,649,1,
core_C776,21011,37452,0,90,3496,3664,12809344,0,-1,-1,329,1,
core_C1038,0,71304,0,0,3460,3312,11459520,0,551,565,639,0,
core_C1360,46050,124649,1,0,8073,2530,20424690,0,-1,-1,591,1,
core_C1346,66768,15426,1,90,2530,7599,19225470,0,-1,-1,573,1,
core_C423,27784,81320,0,90,1932,6335,12239220,0,429,94,412,0,
core_C280,58537,58501,1,90,3105,6453,20036565,0,-1,-1,475,1,
core_C1669,39284,15079,0,0,5272,2484,13095648,0,-1,-1,392,1,
core_C1330,11868,0,0,90,3588,3606,12938328,0,631,-1,12,1,
core_C63,31740,80187,0,0,3699,3680,13612320,0,-1,126,269,0,
core_C1342,3460,71304,0,90,1932,6186,11951352,0,-1,-1,543,1,
core_C1236,71576,87882,0,90,1932,6045,11678940,0,-1,-1,485,0,
core_C641,11960,113154,0,0,3588,3588,12873744,0,-1,-1,451,0,
core_C523,44896,102567,1,180,5733,3680,21097440,0,-1,413,301,0,
core_C871,17256,81402,0,90,2024,6614,13386736,0,231,-1,176,1,
core_C1410,39560,85561,0,0,3716,3680,13674880,0,-1,558,162,0,
core_C1207,37260,18897,0,90,3588,3700,13275600,0,-1,213,392,0,
core_C1259,39560,89241,0,180,3571,3496,12484216,0,-1,64,556,0,
core_C353,47288,96425,0,90,1932,6228,12032496,0,163,391,185,0,
core_C909,18078,15295,1,90,2530,8237,20839610,0,-1,51,28,1,
core_C1690,2024,50598,0,0,3791,2484,9416844,0,431,-1,59,0,
core_C1337,67160,26130,1,90,3565,5552,19792880,0,303,613,209,1,
core_C1617,0,123048,1,0,7462,2760,20595120,0,-1,-1,255,0,
core_C204,50991,2645,1,0,6330,3105,19654650,0,-1,621,198,0,
core_C312,0,77490,0,180,5670,2208,12519360,0,-1,306,543,0,
core_C136,6854,105073,1,90,2415,7923,19134045,0,601,-1,518,1,
core_C1535,30360,0,0,90,2024,6075,12295800,0,-1,-1,399,1,
core_C219,6348,33255,0,0,5279,2576,13598704,0,-1,12,178,1,
core_C390,6348,85787,0,180,5265,2576,13562640,0,-1,350,182,0,
core_C1465,63756,25789,0,90,3496,3630,12690480,0,203,-1,183,1,
core_C1262,57960,83170,1,90,4485,4639,20805915,0,-1,529,223,1,
core_C1121,2024,29256,0,0,5265,2576,13562640,0,401,279,125,0,
core_C549,64238,70872,1,90,2530,7902,19992060,0,545,-1,541,1,
core_C697,62015,4643,1,90,2760,7103,19604280,0,379,-1,243,1,
core_C1674,21252,41116,0,0,4496,2852,12822592,0,-1,187,216,1,
core_C713,58381,47150,1,180,5714,3680,21027520,0,418,-1,317,1,
core_C409,51175,53360,1,90,4370,4509,19704330,0,-1,620,271,0,
core_C437,0,97565,1,90,2300,7473,17187900,0,-1,627,322,0,
core_C24,43332,85561,0,90,2852,4446,12679992,0,-1,62,91,1,
core_C766,67252,92296,1,180,4537,4370,19826690,0,155,184,606,0,
core_C1,53590,88743,1,90,2070,6533,13523310,0,139,-1,362,1,
core_C635,13708,67252,0,180,5650,2208,12475200,0,66,71,29,0,
core_C771,35604,75389,0,90,2944,4542,13371648,0,117,161,254,0,
core_C1179,35604,93129,0,90,2024,6251,12652024,0,110,99,324,0,
core_C1632,9453,54395,1,90,2530,8163,20652390,0,3,242,28,0,
core_C1657,66976,7930,0,0,6404,2024,12961696,0,587,365,112,1,
core_C112,73380,6628,0,90,2024,6200,12548800,0,-1,-1,586,1,
core_C127,21252,60212,0,90,1840,5892,10841280,0,-1,-1,469,1,
core_C793,73048,56682,0,90,1932,5956,11506992,0,-1,-1,135,1,
core_C1507,55292,99007,0,90,3588,3588,12873744,0,462,-1,89,1,
core_C71,38617,121914,1,0,7433,2760,20515080,0,544,-1,23,1,
core_C1359,0,86020,1,90,3680,5631,20722080,0,-1,322,13,0,
core_C1036,57558,90487,1,0,92,115,10580,0,-1,-1,528,1,
core_C1240,21804,102809,0,90,92,74,6808,0,-1,128,143,0,
core_C1628,25760,113303,0,90,92,74,6808,0,-1,149,188,0,
core_C1061,67436,75788,1,0,92,115,10580,0,98,261,252,0,
core_C473,32522,83592,1,0,92,115,10580,0,298,-1,635,1,
core_C1110,0,65434,0,90,92,74,6808,0,-1,641,96,0,
core_C1147,35236,81141,1,270,115,92,10580,0,-1,-1,477,0,
core_C1200,31740,69261,0,90,92,74,6808,0,-1,481,284,0,
core_C1501,9269,2530,1,0,92,115,10580,0,42,44,566,1,
core_C1650,50494,106247,1,270,115,92,10580,0,-1,-1,413,1,
core_C994,51083,47150,1,0,92,115,10580,0,317,337,22,0,
core_C982,70058,79353,1,0,92,115,10580,0,455,-1,77,0,
core_C946,11983,91425,1,0,92,115,10580,0,625,-1,3,0,
core_C652,67252,45322,1,0,92,115,10580,0,268,580,506,0,
core_C674,58880,104993,0,90,92,74,6808,0,-1,81,462,0,
core_C26,60904,101103,0,90,92,74,6808,0,-1,158,150,0,
core_C743,67344,66170,1,0,92,115,10580,0,353,-1,72,0,
core_C843,66884,109450,0,0,74,92,6808,0,410,-1,318,0,
core_C819,35144,8970,1,0,92,115,10580,0,511,640,400,0,
core_C806,31740,67163,0,90,92,74,6808,0,-1,284,266,0,
core_C1494,67160,31682,1,0,92,115,10580,0,428,136,562,0,
core_C1434,4347,100473,1,0,92,115,10580,0,144,440,622,1,
core_C1416,12075,93955,1,0,92,115,10580,0,438,349,625,0,
core_C169,23174,80408,0,90,92,74,6808,0,123,434,468,0,
core_C267,25478,43968,0,0,74,92,6808,0,-1,-1,408,1,
core_C93,74721,99771,1,180,92,115,10580,0,-1,-1,493,1,
core_C297,13708,76268,0,90,92,74,6808,0,-1,237,195,0,
core_C1281,51175,57869,1,90,115,92,10580,0,-1,47,577,0,
core_C1277,50991,5750,1,0,92,115,10580,0,286,151,564,0,
core_C140,4255,100473,1,0,92,115,10580,0,614,-1,394,0,
core_C1253,9361,5635,1,0,92,115,10580,0,70,67,42,0,
core_C1316,10163,118706,0,0,5205,2576,13408080,0,-1,192,431,1,
core_C878,12075,91425,1,0,7920,2530,20037600,0,-1,615,605,1,
core_C1014,67344,98528,0,90,2208,5574,12307392,0,200,-1,138,1,
core_C307,0,105038,1,90,2530,7849,19857970,0,-1,108,578,0,
core_C241,58880,6780,0,90,2024,6582,13321968,0,519,-1,636,1,
core_C1545,60904,107398,0,180,3602,3496,12592592,0,-1,-1,158,0,
core_C381,66958,113899,0,90,2760,4418,12193680,0,-1,-1,410,0,
core_C87,15456,0,0,0,3692,3588,13246896,0,226,-1,549,1,
core_C50,47012,14090,0,90,2208,5837,12888096,0,-1,-1,229,1,
core_C385,35236,4979,0,90,2944,4505,13262720,0,65,-1,36,0,
core_C249,27784,67670,0,180,3588,3496,12543648,0,-1,376,122,0,
core_C97,29992,83592,1,90,2530,7888,19956640,0,597,23,367,1,
core_C619,56856,23736,0,90,2024,6352,12856448,0,628,-1,650,1,
core_C747,13708,78826,0,0,5154,2576,13276704,0,-1,211,237,0,
core_C223,44528,17563,0,90,2024,6624,13406976,0,411,-1,309,1,
core_C1440,0,69096,0,180,5658,2208,12492864,0,-1,543,641,0,
core_C1305,35144,81233,1,0,4595,4485,20608575,0,-1,414,611,0,
core_C783,0,65508,0,180,3679,3588,13200252,0,-1,639,598,0,
core_C407,51175,77813,1,90,3105,6243,19384515,0,-1,267,372,0,
core_C846,69902,109333,0,90,2208,5958,13155264,0,-1,-1,35,0,
core_C926,41400,99922,0,0,5777,2300,13287100,0,-1,6,91,0,
core_C1593,45772,2300,0,0,4417,2944,13003648,0,-1,-1,181,1,
core_C575,14146,8510,1,0,5774,3680,21248320,0,-1,345,299,1,
core_C588,48231,113492,1,90,2760,7477,20636520,0,198,-1,87,1,
core_C848,40066,111612,1,90,2760,7427,20498520,0,-1,352,193,0,
core_C1209,55660,79490,1,0,5588,3680,20563840,0,541,223,90,0,
core_C1245,53268,28176,0,90,3588,3650,13096200,0,636,2,167,0,
core_C1040,30337,9097,1,90,3105,6515,20229075,0,-1,483,17,1,
Wirelength: 6.98866e+09
layer(tree) info:
layer: 0 ,width: 75790 ,height: 128878 ,area: 9767663620 ,blocks_area: 7656191148, filling_rate: 0.78383, utilizatio_rate: 0.781861
layer: 1 ,width: 75660 ,height: 128916 ,area: 9753784560 ,blocks_area: 7390105045, filling_rate: 0.757665, utilizatio_rate: 0.754688
random seed: 11
alpha: 0
gamma: 1
best wirelength: 6.98866e+09
initial_num_perturbs: 19560
iter: 0
best_iter: 0
best_cost: 0.200964
reject_time: 0
accept_inferior_time: 0
update_best_time: 707
adjustLegalOutline_fail_times: 0
outline_adjust_time: 334.049
initial_wirelength: 1.21682e+10
initial_average_wirelength: 6.05491e+10
1.21682e+10,initial_iter: 19560
initial_time: 443.777
total time cost: 601.185
