name,x,y,layer,rotated_angle,width,height,area,exceed_outline_area,left,right,parent,is_from_left,
macro_C124171,23067,0,0,270,5709,6369,36360621,0,89,-1,59,1,
macro_C124172,8283,12857,0,270,5709,6369,36360621,0,113,64,74,0,
macro_C124173,27620,19549,1,90,10752,8112,87220224,0,-1,7,10,1,
macro_C124174,29636,9984,1,90,10752,8112,87220224,0,-1,-1,53,1,
macro_C124175,35607,5445,0,270,4290,8613,36949770,0,-1,76,28,1,
macro_C124176,35108,16640,0,90,4290,8613,36949770,0,-1,-1,100,1,
macro_C124177,28046,32794,0,180,5445,7854,42765030,0,15,-1,52,0,
macro_C124178,27620,27661,1,90,11232,7776,87340032,0,-1,-1,2,0,
macro_C124179,0,9041,0,270,7854,5412,42505848,0,-1,55,121,0,
macro_C124180,6596,5893,1,0,7728,11232,86800896,0,120,-1,61,1,
macro_C124181,16388,32989,1,270,11232,7728,86800896,0,2,-1,12,0,
macro_C124182,8283,32058,0,180,5412,7854,42505848,0,32,-1,13,1,
macro_C124183,16388,25261,1,90,11232,7728,86800896,0,-1,10,116,0,
macro_C124184,2871,31007,0,0,5412,7854,42505848,0,11,-1,68,0,
macro_C124185,28046,24214,0,0,6369,5709,36360621,0,17,83,51,0,
macro_C124186,33491,33107,0,180,5676,7524,42706224,0,-1,-1,6,1,
macro_C124187,23756,32780,0,90,4290,8613,36949770,0,78,-1,65,1,
macro_C124188,34415,25253,0,0,5445,7854,42765030,0,-1,-1,14,1,
macro_C124189,8112,26135,1,180,7728,11232,86800896,0,-1,-1,30,1,
macro_C124190,0,0,0,90,5709,6369,36360621,0,60,121,-1,0,
macro_C124191,0,18023,1,270,10752,8112,87220224,0,67,30,115,0,
macro_C124192,19140,24200,0,0,8613,4290,36949770,0,-1,26,123,0,
macro_C124193,14476,0,0,270,7854,5445,42765030,0,-1,31,54,1,
macro_C124194,2871,14453,0,180,5412,7854,42505848,0,88,70,50,1,
macro_C124195,20559,9952,0,180,6369,5709,36360621,0,-1,97,34,0,
macro_C124196,27620,0,1,90,10752,8112,87220224,0,-1,86,33,1,
macro_C124197,19140,28490,0,0,8613,4290,36949770,0,28,73,21,0,
macro_C124198,30195,0,0,270,7854,5445,42765030,0,-1,111,89,1,
macro_C124199,27753,9945,0,270,7854,5412,42505848,0,4,63,26,1,
macro_C124200,8283,3584,0,270,5709,6369,36360621,0,-1,92,88,0,
macro_C124201,0,26135,1,180,8112,10752,87220224,0,18,-1,20,0,
macro_C124202,14476,5445,0,90,4290,8613,36949770,0,-1,-1,22,0,
macro_C124203,13695,28232,0,0,5445,7854,42765030,0,69,-1,11,1,
macro_C124204,16388,9517,1,270,11232,7728,86800896,0,25,43,35,0,
core_C1,20559,5445,0,90,1485,4507,6692895,0,59,24,69,1,
core_C3,16388,7405,1,180,6491,2112,13708992,0,-1,33,37,0,
core_C4,12048,27938,0,90,1584,4120,6526080,0,93,-1,66,1,
core_C5,16388,5197,1,0,6857,2208,15140256,0,-1,35,42,0,
core_C6,23586,17014,0,180,4117,1584,6521328,0,-1,49,123,1,
core_C7,17688,14058,0,90,1452,4513,6552876,0,-1,-1,110,1,
core_C11,2871,25277,0,180,4493,1485,6672105,0,-1,71,56,0,
core_C13,13992,18926,0,180,4413,1452,6407676,0,-1,44,113,0,
core_C14,16388,0,1,90,2544,5197,13221168,0,-1,37,120,1,
core_C15,16388,17245,1,180,5520,1824,10068480,0,-1,117,33,0,
core_C16,13992,20378,0,0,4462,1452,6478824,0,-1,-1,41,0,
core_C18,19140,18367,0,90,1452,4356,6324912,0,80,123,46,0,
core_C19,19140,17014,0,180,4133,1353,5591949,0,-1,45,47,0,
core_C22,19140,9890,0,270,1419,4407,6253533,0,-1,46,69,0,
core_C23,8283,20711,0,0,4436,1452,6441072,0,-1,99,64,0,
core_C24,23586,18598,0,270,1452,4395,6381540,0,-1,-1,38,0,
core_C26,1419,25035,0,270,1452,4378,6356856,0,23,-1,57,0,
core_C28,28046,22795,0,180,4308,1419,6113052,0,-1,14,101,0,
core_C30,28046,31408,0,180,4325,1386,5994450,0,-1,6,83,0,
core_C31,27620,9984,1,270,2016,6296,12692736,0,3,-1,86,0,
core_C32,10032,0,0,180,4444,1452,6452688,0,22,-1,88,1,
core_C33,0,14453,0,90,1980,3051,6040980,0,-1,107,8,0,
core_C34,2871,23759,0,180,4596,1518,6976728,0,-1,40,70,0,
core_C35,1419,20593,0,90,1419,4442,6303198,0,-1,50,114,1,
core_C36,29498,16941,0,90,1353,4098,5544594,0,84,-1,78,1,
core_C37,22044,5445,0,270,1023,3201,3274623,0,0,-1,34,1,
core_C38,5709,0,0,270,1485,4643,6894855,0,-1,119,19,1,
core_C41,4292,12056,1,90,2304,5967,13747968,0,9,-1,115,1,
core_C42,31680,5445,0,270,1452,4500,6534000,0,-1,-1,111,1,
core_C43,27753,15357,0,0,4085,1584,6470640,0,-1,-1,28,0,
core_C45,8283,19226,0,180,4472,1485,6640920,0,94,48,1,0,
core_C47,22238,34232,0,270,1518,4563,6926634,0,16,-1,85,1,
core_C48,7656,29555,0,0,4392,1452,6377184,0,36,-1,95,0,
core_C49,10752,17125,1,270,2064,6353,13112592,0,-1,-1,20,1,
core_C50,2871,28313,0,0,3201,1056,3380256,0,104,13,71,0,
core_C51,19140,5445,0,90,1419,4445,6307455,0,34,47,32,1,
core_C54,2871,22307,0,180,4363,1452,6335076,0,-1,56,23,0,
core_C55,2871,26762,0,0,3157,1551,4896507,0,-1,68,40,0,
core_C56,0,7880,1,180,6446,2064,13304544,0,-1,105,106,0,
core_C57,19140,32780,0,0,4501,1452,6535452,0,-1,77,26,0,
core_C58,8283,11405,0,0,4483,1452,6509316,0,-1,1,92,0,
core_C59,8283,25067,0,0,4269,1419,6057711,0,-1,98,91,0,
core_C60,35607,14058,0,270,2541,2582,6560862,0,-1,-1,4,0,
core_C61,19140,34232,0,180,2561,2541,6507501,0,-1,79,73,0,
core_C62,28046,16941,0,90,1452,4402,6391704,0,58,101,16,1,
core_C64,19140,36773,0,180,2750,1815,4991250,0,-1,85,77,0,
core_C65,20592,18367,0,90,1452,4381,6361212,0,-1,-1,45,1,
core_C66,12910,0,1,270,2304,5893,13577472,0,-1,-1,90,1,
core_C67,32237,15357,0,90,1617,4075,6589275,0,100,-1,84,1,
core_C68,28046,29923,0,180,4527,1485,6722595,0,-1,52,14,0,
core_C72,30851,16941,0,270,1386,4165,5772690,0,82,-1,58,1,
core_C74,19140,38588,0,180,3098,2046,6338508,0,65,-1,79,0,
core_C75,27620,8112,1,180,5703,1872,10676016,0,-1,53,25,0,
core_C77,12795,23282,0,0,3136,2046,6416256,0,96,-1,98,1,
core_C78,8283,0,0,270,1749,3584,6268416,0,54,29,23,1,
core_C79,28776,0,0,270,1419,4419,6270561,0,27,-1,0,1,
core_C80,6426,0,1,0,6484,2112,13694208,0,81,-1,106,1,
core_C81,8283,23615,0,180,4432,1452,6435264,0,-1,75,99,0,
core_C82,8283,9953,0,0,4464,1452,6481728,0,-1,74,29,0,
core_C83,13632,25361,0,180,4440,1452,6446880,0,-1,103,36,1,
core_C84,12755,21830,0,0,4397,1452,6384444,0,-1,-1,64,1,
core_C85,7656,27938,0,0,4196,1617,6784932,0,-1,66,104,1,
core_C86,15931,23282,0,0,3169,2079,6588351,0,-1,-1,87,1,
core_C87,20559,15661,0,180,4160,1353,5628480,0,-1,-1,24,0,
core_C88,8283,26486,0,0,4512,1452,6551424,0,87,-1,75,0,
core_C89,8283,22163,0,180,4357,1452,6326364,0,-1,91,48,0,
core_C90,33854,15357,0,270,1254,3829,4801566,0,5,-1,82,1,
core_C91,28046,21343,0,0,4403,1452,6393156,0,102,51,78,0,
core_C92,32449,19432,0,90,1452,4519,6561588,0,-1,-1,101,1,
core_C93,13632,26813,0,180,4275,1419,6066225,0,-1,-1,93,0,
core_C94,6072,26762,0,270,1584,4021,6369264,0,95,-1,68,1,
core_C96,0,9944,1,180,6546,2112,13825152,0,-1,115,72,0,
core_C98,0,5816,1,0,6426,2064,13263264,0,90,72,108,0,
core_C101,0,17504,0,270,2046,3089,6320094,0,-1,114,55,0,
core_C102,0,0,1,270,2256,5816,13120896,0,-1,106,-1,0,
core_C104,14324,12212,1,90,2064,6474,13362336,0,-1,122,120,0,
core_C107,16071,14058,0,90,1617,4868,7871556,0,39,-1,113,1,
core_C108,30195,5445,0,270,1485,4467,6633495,0,62,-1,27,0,
core_C109,22819,17245,1,0,5778,2304,13312512,0,-1,-1,117,1,
core_C110,13992,14058,0,270,2079,3136,6519744,0,110,41,1,1,
core_C111,0,20593,0,270,1419,4441,6301779,0,57,-1,107,0,
core_C112,0,12056,1,0,4292,2832,12154944,0,61,20,105,0,
core_C113,16388,23197,1,180,6237,2064,12873168,0,-1,12,118,0,
core_C114,16388,19069,1,180,6431,2064,13273584,0,112,118,43,0,
core_C116,16388,21133,1,180,6384,2064,13176576,0,-1,116,117,0,
core_C117,5709,4643,0,270,1452,4398,6385896,0,-1,-1,60,0,
core_C118,14324,5893,1,270,2064,6319,13042416,0,42,109,9,1,
core_C119,0,6369,0,180,4453,1452,6465756,0,-1,8,19,0,
core_C120,14324,18686,1,270,2064,6339,13083696,0,-1,-1,109,0,
core_C121,19140,22748,0,180,4446,1452,6455592,0,38,21,45,0,
Wirelength: 1.41747e+08
layer(tree) info:
layer: 0 ,width: 39897 ,height: 41393 ,area: 1651456521 ,blocks_area: 1334655333, filling_rate: 0.808169, utilizatio_rate: 0.798265
layer: 1 ,width: 40388 ,height: 40717 ,area: 1644478196 ,blocks_area: 1244878608, filling_rate: 0.757005, utilizatio_rate: 0.744569
random seed: 5
alpha: 0
gamma: 1
best wirelength: 1.41747e+08
initial_num_perturbs: 3720
iter: 0
best_iter: 0
best_cost: 0.419564
reject_time: 0
accept_inferior_time: 0
update_best_time: 664
adjustLegalOutline_fail_times: 0
outline_adjust_time: 7.038
initial_wirelength: 6.64679e+08
initial_average_wirelength: 1.58421e+09
6.64679e+08,initial_iter: 3720
initial_time: 49.602
total time cost: 100.001
