name,x,y,layer,rotated_angle,width,height,area,exceed_outline_area,left,right,parent,is_from_left,
macro_C8466,29856,22464,1,270,8160,9072,74027520,0,-1,1,22,0,
macro_C8467,29856,31536,1,180,9072,8160,74027520,0,-1,-1,0,0,
macro_C16429,34223,33321,0,0,5676,7524,42706224,0,-1,-1,8,1,
macro_C16430,34619,25797,0,0,5676,7524,42706224,0,-1,-1,54,0,
macro_C32011,2064,34704,1,0,12288,6144,75497472,0,15,-1,31,0,
macro_C32012,14883,26609,0,90,4290,8613,36949770,0,-1,-1,32,1,
macro_C39784,32804,7854,0,0,5445,7854,42765030,0,-1,-1,13,1,
macro_C39785,32474,0,0,180,5445,7854,42765030,0,-1,-1,20,1,
macro_C55552,26369,35782,0,90,7854,5412,42505848,0,2,-1,118,0,
macro_C55553,22128,30144,1,0,7728,11232,86800896,0,22,-1,17,1,
macro_C63404,12573,0,0,0,5412,7854,42505848,0,25,111,97,1,
macro_C63405,2079,0,0,270,7854,5412,42505848,0,-1,-1,36,1,
macro_C71293,14352,22416,1,270,11232,7728,86800896,0,-1,17,21,0,
macro_C71294,24950,14982,0,90,7854,5412,42505848,0,6,104,38,0,
macro_C86866,14352,8112,1,180,9072,8160,74027520,0,-1,21,15,0,
macro_C86867,14352,0,1,90,10752,8112,87220224,0,28,14,4,1,
macro_C86868,2064,14304,1,0,12288,6144,75497472,0,-1,30,26,0,
macro_C86869,14352,30144,1,180,7776,11232,87340032,0,9,-1,12,0,
macro_C86870,0,14441,0,90,7854,5412,42505848,0,-1,69,27,0,
macro_C94576,18315,7524,0,0,6369,5709,36360621,0,-1,42,90,1,
macro_C94577,24950,0,0,90,7524,5676,42706224,0,7,23,105,1,
macro_C94578,14352,16272,1,0,12288,6144,75497472,0,-1,12,14,0,
macro_C94579,29856,11232,1,0,7776,11232,87340032,0,-1,0,9,1,
macro_C94580,24950,5676,0,180,5412,7854,42505848,0,51,38,20,0,
macro_C102137,2064,0,1,0,9072,8160,74027520,0,-1,26,85,1,
macro_C102138,17985,0,0,180,5676,7524,42706224,0,-1,-1,10,1,
macro_C102139,2064,8160,1,0,12288,6144,75497472,0,-1,16,24,0,
macro_C102140,0,8996,0,270,7854,5445,42765030,0,-1,18,79,0,
macro_C102141,25104,0,1,180,7728,11232,86800896,0,-1,-1,15,1,
macro_C109812,1419,24336,0,180,6369,5709,36360621,0,-1,33,92,0,
macro_C109813,2064,20448,1,90,10752,8112,87220224,0,-1,31,16,0,
macro_C109814,2064,28560,1,0,12288,6144,75497472,0,-1,4,30,0,
macro_C109815,9438,27965,0,0,5445,7854,42765030,0,5,-1,89,0,
macro_C109816,1419,30045,0,90,7854,5412,42505848,0,-1,-1,29,0,
core_C1,12573,18134,0,270,1617,4139,6692763,0,-1,76,52,0,
core_C3,7953,11128,0,180,4073,1617,6586041,0,-1,112,120,0,
core_C4,0,0,0,270,2079,3139,6525981,0,11,50,-1,0,
core_C5,17985,14685,0,0,4690,1551,7274190,0,-1,68,83,1,
core_C6,24950,13530,0,0,4491,1452,6520932,0,-1,13,23,0,
core_C7,24950,31426,0,0,4513,1452,6552876,0,-1,67,96,0,
core_C11,19239,18744,0,180,4126,1617,6671742,0,56,70,71,1,
core_C13,31418,27688,0,270,1782,3596,6408072,0,-1,80,46,1,
core_C14,18315,13233,0,180,4374,1452,6351048,0,115,-1,19,0,
core_C15,24950,25502,0,90,1254,3858,4837932,0,116,96,48,0,
core_C16,22376,27058,0,0,2549,2541,6477009,0,-1,123,93,0,
core_C18,27623,28225,0,0,3616,1749,6324384,0,-1,-1,87,0,
core_C19,29075,25839,0,270,2343,2386,5590398,0,41,-1,117,0,
core_C22,33200,24367,0,270,1419,4407,6253533,0,-1,122,55,0,
core_C23,24950,22934,0,270,2508,2568,6440544,0,-1,43,104,0,
core_C24,22376,32140,0,0,2544,2508,6380352,0,-1,106,123,0,
core_C26,0,3139,0,90,2046,3107,6356922,0,114,79,36,0,
core_C28,30362,7854,0,90,2442,2503,6112326,0,-1,102,23,1,
core_C30,12573,13652,0,90,1386,4325,5994450,0,77,34,65,0,
core_C31,7953,5412,0,270,1419,4297,6097443,0,-1,120,100,1,
core_C32,34619,21296,0,90,1452,4444,6452688,0,73,3,75,0,
core_C33,33200,20110,0,90,1419,4257,6040683,0,-1,47,80,1,
core_C34,23365,17446,0,90,1518,4596,6976728,0,-1,-1,40,1,
core_C35,1815,6996,0,0,3604,1749,6303396,0,-1,-1,79,1,
core_C36,5346,19853,0,90,1353,4098,5544594,0,100,-1,59,1,
core_C37,4323,19853,0,90,1023,3201,3274623,0,58,-1,74,1,
core_C38,19239,21945,0,0,2645,2607,6895515,0,-1,103,70,0,
core_C41,17985,17292,0,180,4549,1452,6605148,0,-1,71,68,0,
core_C42,7953,18850,0,90,1452,4500,6534000,0,-1,95,110,0,
core_C43,7953,15649,0,0,4457,1452,6471564,0,-1,110,101,0,
core_C45,27623,21846,0,0,4472,1485,6640920,0,-1,87,98,0,
core_C47,12573,11045,0,0,2657,2607,6926799,0,-1,52,111,0,
core_C48,9438,18850,0,270,1782,3578,6375996,0,97,89,95,1,
core_C49,24950,32878,0,90,1419,4440,6300360,0,94,-1,39,0,
core_C50,17985,16236,0,180,3201,1056,3380256,0,-1,61,37,0,
core_C51,0,19853,0,90,1419,4445,6307455,0,92,-1,18,0,
core_C54,19239,20361,0,180,4000,1584,6336000,0,-1,60,40,0,
core_C55,17985,18744,0,90,1254,3905,4896870,0,40,-1,61,0,
core_C56,19239,32637,0,180,3124,2046,6391704,0,-1,81,108,0,
core_C57,36071,21296,0,90,1452,4501,6535452,0,-1,-1,54,1,
core_C58,2871,19853,0,270,1452,4483,6509316,0,59,-1,92,1,
core_C59,34619,17391,0,270,1551,3905,6056655,0,-1,54,122,1,
core_C60,12573,22273,0,0,4058,1617,6561786,0,119,82,34,0,
core_C61,13959,13652,0,90,1452,4482,6507864,0,86,-1,52,1,
core_C62,33069,15708,0,270,1452,4402,6391704,0,84,-1,99,1,
core_C64,0,6246,0,90,1815,2750,4991250,0,57,27,50,0,
core_C65,31418,31284,0,90,1782,3570,6361740,0,55,-1,41,0,
core_C66,19239,34683,0,180,3137,2079,6521823,0,91,-1,72,0,
core_C67,12573,23890,0,90,1617,4075,6589275,0,121,-1,76,0,
core_C68,15411,14232,0,270,2574,2611,6720714,0,37,113,109,0,
core_C72,34521,15708,0,0,3430,1683,5772690,0,-1,-1,78,1,
core_C74,0,0,1,270,2064,6394,13197216,0,24,-1,-1,0,
core_C75,15411,7854,0,0,2775,1848,5128200,0,-1,109,77,1,
core_C77,27623,23331,0,90,1452,4419,6416388,0,117,45,64,0,
core_C78,19239,26532,0,180,3114,2013,6268482,0,-1,107,103,0,
core_C79,9438,23010,0,180,3115,2013,6270495,0,-1,32,66,0,
core_C80,16863,9702,0,90,1452,4530,6577560,0,19,-1,109,1,
core_C81,22376,22042,0,0,2566,2508,6435528,0,-1,93,81,1,
core_C82,1419,19853,0,90,1452,4464,6481728,0,74,29,69,1,
core_C83,22376,24550,0,180,2570,2508,6445560,0,-1,44,91,0,
core_C84,26369,32878,0,180,4397,1452,6384444,0,-1,118,67,1,
core_C85,7953,23350,0,90,1485,4569,6784965,0,66,-1,62,0,
core_C86,24950,29974,0,180,4538,1452,6589176,0,-1,39,43,0,
core_C87,11220,18850,0,90,1353,4160,5628480,0,10,-1,66,1,
core_C88,27623,20394,0,0,4512,1452,6551424,0,-1,64,116,1,
core_C89,31617,23331,0,90,1452,4357,6326364,0,78,-1,117,1,
core_C90,6699,19853,0,90,1254,3829,4801566,0,53,-1,58,1,
core_C91,7953,14197,0,180,4403,1452,6393156,0,-1,63,112,0,
core_C92,30362,10357,0,90,1452,4519,6561588,0,-1,-1,51,0,
core_C93,19239,24552,0,180,3064,1980,6066720,0,-1,88,60,0,
core_C94,24950,20394,0,90,2508,2540,6370320,0,-1,48,13,0,
core_C96,22376,37156,0,90,2574,2580,6640920,0,20,-1,106,0,
core_C98,22376,34648,0,180,2540,2508,6370320,0,-1,105,49,0,
core_C101,19239,28545,0,0,3089,2046,6320094,0,-1,108,88,0,
core_C102,19239,30591,0,0,3081,2046,6303726,0,-1,72,107,0,
core_C104,15411,9702,0,90,1452,4421,6419292,0,90,83,86,0,
core_C107,7953,17101,0,0,4500,1749,7870500,0,-1,62,63,0,
core_C108,12573,7854,0,270,2079,3191,6634089,0,-1,65,10,0,
core_C109,7953,12745,0,0,4405,1452,6396060,0,-1,101,35,0,
core_C110,15411,16843,0,90,1782,3658,6518556,0,-1,-1,83,0,
core_C111,2046,5412,0,180,3979,1584,6302736,0,-1,-1,50,1,
core_C112,22689,13233,0,90,1386,4213,5839218,0,-1,-1,42,1,
core_C113,26204,25502,0,90,1419,4359,6185421,0,98,-1,43,1,
core_C114,29075,23331,0,180,2542,2508,6375336,0,99,46,87,1,
core_C116,26369,34330,0,180,4361,1452,6332172,0,-1,8,94,0,
core_C117,16631,22649,0,180,2546,2508,6385368,0,-1,-1,76,1,
core_C118,7953,9709,0,0,4416,1419,6266304,0,-1,35,53,0,
core_C119,14190,25157,0,0,4453,1452,6465756,0,-1,-1,82,1,
core_C120,33200,28774,0,90,1419,4431,6287589,0,75,-1,47,0,
core_C121,22376,29599,0,0,2541,2541,6456681,0,-1,49,44,0,
Wirelength: 6.4926e+07
layer(tree) info:
layer: 0 ,width: 40295 ,height: 41194 ,area: 1659912230 ,blocks_area: 1306573752, filling_rate: 0.787134, utilizatio_rate: 0.781469
layer: 1 ,width: 38928 ,height: 41376 ,area: 1610684928 ,blocks_area: 1296317856, filling_rate: 0.804824, utilizatio_rate: 0.775335
random seed: 9
alpha: 0
gamma: 1
best wirelength: 6.4926e+07
initial_num_perturbs: 3720
iter: 0
best_iter: 0
best_cost: 0.187837
reject_time: 0
accept_inferior_time: 0
update_best_time: 0
adjustLegalOutline_fail_times: 0
outline_adjust_time: 0.967
initial_wirelength: 4.01599e+08
initial_average_wirelength: 2.13801e+09
4.01599e+08,initial_iter: 3720
initial_time: 3.594
total time cost: 300.649
