name,x,y,layer,rotated_angle,width,height,area,exceed_outline_area,left,right,parent,is_from_left,
macro_C8466,1481,18199,0,180,6369,5709,36360621,0,-1,19,29,0,
macro_C8467,30868,5229,1,270,8160,9072,74027520,0,-1,-1,98,1,
macro_C16429,32241,18744,0,90,7524,5676,42706224,0,-1,-1,80,1,
macro_C16430,31012,14301,1,0,8112,10752,87220224,0,-1,-1,77,1,
macro_C32011,31706,14454,0,0,8613,4290,36949770,0,-1,-1,94,1,
macro_C32012,0,0,1,0,12288,6144,75497472,0,84,51,-1,0,
macro_C39784,31539,5445,0,270,7854,5445,42765030,0,-1,-1,7,0,
macro_C39785,31539,0,0,90,7854,5445,42765030,0,-1,6,8,1,
macro_C55552,23685,0,0,90,7854,5412,42505848,0,7,82,32,1,
macro_C55553,15492,7934,0,270,7854,5412,42505848,0,120,62,66,0,
macro_C63404,7850,11184,0,180,5412,7854,42505848,0,-1,37,30,0,
macro_C63405,6144,11581,1,270,11232,7728,86800896,0,76,22,60,0,
macro_C71293,0,35293,0,90,7854,5412,42505848,0,13,-1,20,0,
macro_C71294,7854,32452,0,180,5412,7854,42505848,0,-1,-1,12,1,
macro_C86866,28286,25053,1,180,9072,8160,74027520,0,-1,-1,83,1,
macro_C86867,30092,29865,0,90,7524,5676,42706224,0,-1,-1,24,1,
macro_C86868,23696,25316,0,0,8613,4290,36949770,0,17,-1,35,1,
macro_C86869,32309,24420,0,90,7854,5445,42765030,0,-1,-1,16,1,
macro_C86870,24383,35975,0,90,7854,5412,42505848,0,-1,-1,24,0,
macro_C94576,1481,23908,0,180,6369,5709,36360621,0,30,-1,0,0,
macro_C94577,0,29617,0,90,7524,5676,42706224,0,-1,12,69,0,
macro_C94578,8750,27085,1,90,6144,12288,75497472,0,25,-1,104,1,
macro_C94579,6144,19309,1,90,11232,7776,87340032,0,-1,40,11,0,
macro_C94580,7850,24598,0,0,5412,7854,42505848,0,-1,-1,90,0,
macro_C102137,24383,29606,0,270,5709,6369,36360621,0,15,18,28,1,
macro_C102138,14894,27085,1,0,8112,10752,87220224,0,83,-1,21,1,
macro_C102139,13526,24823,0,180,8613,4290,36949770,0,-1,109,61,0,
macro_C102140,13526,30565,0,0,5445,7854,42765030,0,28,-1,109,0,
macro_C102141,18971,32843,0,180,5412,7854,42505848,0,24,-1,27,1,
macro_C109812,1481,12490,0,180,6369,5709,36360621,0,-1,0,57,0,
macro_C109813,7850,3660,0,180,5676,7524,42706224,0,91,10,19,1,
macro_C109814,0,18020,1,90,6144,12288,75497472,0,60,71,68,0,
macro_C109815,18240,0,0,180,5445,7854,42765030,0,8,-1,59,1,
macro_C109816,15988,0,1,180,7728,11232,86800896,0,102,-1,88,1,
core_C1,17501,20104,0,0,4507,1485,6692895,0,-1,-1,110,1,
core_C3,22244,25036,0,90,1452,4536,6586272,0,16,86,53,1,
core_C4,5075,7174,0,0,1831,3564,6525684,0,72,-1,50,1,
core_C5,7850,19038,0,90,3762,1933,7271946,0,-1,42,10,0,
core_C6,26308,0,1,270,2592,5237,13574304,0,78,-1,102,1,
core_C7,31483,10890,0,0,1838,3564,6550632,0,-1,-1,118,1,
core_C11,6144,27085,1,270,2592,5358,13887936,0,-1,104,22,0,
core_C13,30038,5412,0,180,1471,4356,6407676,0,-1,-1,64,1,
core_C14,7850,20971,0,0,3564,1782,6351048,0,-1,90,37,0,
core_C15,23685,21686,0,90,3102,1559,4836018,0,-1,-1,101,0,
core_C16,23685,16993,0,0,4462,1452,6478824,0,116,117,45,0,
core_C18,23685,15541,0,180,4356,1452,6324912,0,46,44,48,0,
core_C19,28041,12569,0,90,1650,3389,5591850,0,-1,-1,45,1,
core_C22,19765,18355,0,180,3575,1749,6252675,0,-1,-1,123,0,
core_C23,23685,13759,0,180,3614,1782,6440148,0,-1,45,49,0,
core_C24,23685,12294,0,270,4356,1465,6381540,0,-1,48,87,0,
core_C26,3293,7174,0,90,1782,3567,6356394,0,36,-1,85,1,
core_C28,0,6144,1,180,5098,2496,12724608,0,-1,79,5,0,
core_C30,23716,18209,1,270,4992,2500,12480000,0,-1,-1,73,0,
core_C31,17947,29113,0,0,4297,1419,6097443,0,35,-1,109,1,
core_C32,23716,10306,1,270,2544,5280,13432320,0,103,73,55,0,
core_C33,23716,5269,1,90,2496,5037,12572352,0,-1,54,102,0,
core_C34,0,13440,1,270,5376,2701,14520576,0,-1,68,119,0,
core_C35,1481,10741,0,0,3604,1749,6303396,0,-1,29,85,0,
core_C36,19158,14864,0,90,3300,1680,5544000,0,-1,-1,100,0,
core_C37,16986,0,0,270,1254,2611,3274194,0,32,-1,74,1,
core_C38,6144,6144,1,90,2640,5437,14353680,0,107,11,31,1,
core_C41,13526,20309,0,180,1819,3630,6602970,0,113,26,110,0,
core_C42,15492,13346,0,180,3666,1782,6532812,0,100,67,9,0,
core_C43,15308,16877,0,180,4457,1452,6471564,0,123,-1,91,1,
core_C45,28223,5412,0,270,1815,3659,6641085,0,41,99,96,1,
core_C47,22560,20709,1,180,5461,2640,14417040,0,-1,-1,76,1,
core_C48,15492,4356,0,90,1782,3578,6375996,0,-1,9,74,0,
core_C49,15492,15128,0,180,3602,1749,6299898,0,-1,-1,62,0,
core_C50,0,16141,1,270,3744,1879,7034976,0,-1,31,56,0,
core_C51,0,0,0,180,1481,4257,6304617,0,92,20,-1,0,
core_C54,0,37531,1,180,6389,2064,13186896,0,-1,-1,71,0,
core_C55,0,30308,1,180,4518,2256,10192608,0,-1,70,31,0,
core_C56,6906,1815,0,90,3564,1793,6390252,0,81,-1,36,1,
core_C57,23716,15586,1,90,5184,2623,13597632,0,77,52,54,0,
core_C58,15492,0,0,180,1494,4356,6507864,0,59,66,105,1,
core_C59,28276,10498,1,0,2525,4992,12604800,0,-1,-1,98,0,
core_C60,17376,11232,1,90,5184,2635,13659840,0,65,-1,11,1,
core_C61,28900,15490,1,90,2112,6415,13548480,0,3,-1,73,1,
core_C62,28900,0,1,270,2544,5229,13302576,0,-1,-1,38,1,
core_C64,0,8640,1,0,4606,2256,10391136,0,-1,119,51,0,
core_C65,28671,21205,0,0,3570,1782,6361740,0,2,-1,111,1,
core_C66,10470,0,0,90,1782,3660,6522120,0,108,-1,72,1,
core_C67,23685,5412,0,180,1815,3630,6588450,0,93,96,8,0,
core_C68,23006,23349,1,90,5280,2650,13992000,0,14,-1,25,1,
core_C72,12288,0,1,270,2448,4909,12017232,0,-1,-1,5,1,
core_C74,1481,7174,0,0,1812,3498,6338376,0,50,57,114,0,
core_C75,22244,29606,0,270,1584,3237,5127408,0,-1,-1,35,0,
core_C77,23685,10494,0,90,3564,1800,6415200,0,-1,49,96,0,
core_C78,13924,4909,1,90,2064,6321,13046544,0,33,-1,121,1,
core_C79,14001,4455,0,270,1419,4419,6270561,0,-1,-1,105,0,
core_C80,7850,22753,0,270,3564,1845,6575580,0,115,23,42,0,
core_C81,13526,8874,0,270,1782,3611,6434802,0,63,110,30,1,
core_C82,1481,0,0,270,1782,3637,6481134,0,-1,106,69,1,
core_C83,25500,5412,0,90,1782,3618,6447276,0,-1,-1,82,1,
core_C84,29915,14454,0,180,1791,3564,6383124,0,4,-1,116,1,
core_C85,5084,0,0,180,3738,1815,6784470,0,-1,-1,114,1,
core_C86,23685,9042,0,180,4538,1452,6589176,0,64,87,82,0,
core_C87,19003,21589,0,180,4160,1353,5628480,0,-1,-1,113,1,
core_C88,28276,5237,1,90,2592,5261,13636512,0,1,75,103,1,
core_C89,28223,9071,0,180,1808,3498,6324384,0,118,-1,64,0,
core_C90,19158,13346,0,0,3163,1518,4801434,0,-1,58,62,1,
core_C91,23685,20234,0,0,4403,1452,6393156,0,122,43,117,0,
core_C92,23716,0,1,90,2592,5269,13657248,0,38,55,33,1,
core_C93,26260,5269,1,90,2016,6264,12628224,0,98,-1,54,1,
core_C94,6144,32443,1,180,2606,5088,13259328,0,21,-1,40,0,
core_C96,14001,0,0,180,1491,4455,6642405,0,74,89,108,1,
core_C98,1481,3637,0,90,3564,1788,6372432,0,-1,114,92,0,
core_C101,8784,6144,1,90,2544,5172,13157568,0,121,-1,60,1,
core_C102,12252,0,0,90,1749,3604,6303396,0,105,-1,81,1,
core_C104,13526,29113,0,180,4421,1452,6419292,0,53,27,26,0,
core_C107,13526,18329,0,0,3975,1980,7870500,0,34,61,91,0,
core_C108,26844,21686,0,0,1827,3630,6632010,0,80,-1,120,1,
core_C109,15345,23371,0,180,4405,1452,6396060,0,-1,-1,113,0,
core_C110,15345,21589,0,180,3658,1782,6518556,0,97,112,61,1,
core_C111,1481,5425,0,0,3603,1749,6301647,0,95,85,106,0,
core_C112,11414,20971,0,180,1734,3366,5836644,0,-1,-1,90,1,
core_C113,28147,15958,0,180,1768,3498,6184464,0,94,-1,44,1,
core_C114,23685,18445,0,90,3564,1789,6375996,0,-1,101,44,0,
core_C116,30031,9768,0,90,1452,4361,6332172,0,39,-1,99,1,
core_C117,0,10896,1,180,5225,2544,13292400,0,-1,56,79,0,
core_C118,23346,23245,0,270,3498,1791,6264918,0,111,-1,9,1,
core_C119,11328,6144,1,0,2596,5184,13457664,0,88,-1,107,1,
core_C120,28088,19456,0,180,3594,1749,6285906,0,-1,-1,101,1,
core_C121,19765,16544,0,270,3564,1811,6454404,0,-1,47,63,1,
Wirelength: 9.22422e+07
layer(tree) info:
layer: 0 ,width: 40319 ,height: 41387 ,area: 1668682453 ,blocks_area: 1371040902, filling_rate: 0.821631, utilizatio_rate: 0.820027
layer: 1 ,width: 39124 ,height: 39595 ,area: 1549114780 ,blocks_area: 1171556208, filling_rate: 0.756275, utilizatio_rate: 0.700715
random seed: 5
alpha: 0
gamma: 1
best wirelength: 9.22422e+07
initial_num_perturbs: 15376
iter: 0
best_iter: 0
best_cost: 0.309744
reject_time: 0
accept_inferior_time: 0
update_best_time: 0
adjustLegalOutline_fail_times: 0
outline_adjust_time: 0.472
initial_wirelength: 1.15016e+09
initial_average_wirelength: 2.66353e+09
1.08111e+09,initial_iter: 15376
initial_time: 11.71
total time cost: 165.675
