name,x,y,layer,rotated_angle,width,height,area,exceed_outline_area,left,right,parent,is_from_left,
core_C90,30096,0,1,90,1824,5480,9995520,0,-1,21,117,1,
core_C67,8983,2496,1,180,6496,2112,13719552,0,-1,-1,28,0,
core_C34,16800,15456,1,180,5403,2688,14523264,0,-1,113,116,0,
core_C16,31181,10659,0,270,1452,4462,6478824,0,74,-1,48,1,
core_C18,27834,39318,0,0,4356,1452,6324912,0,-1,-1,38,1,
core_C22,31350,32024,0,90,2475,2526,6251850,0,-1,59,82,0,
core_C56,28083,37866,0,0,4402,1452,6391704,0,-1,-1,58,0,
core_C110,32502,36398,0,180,4116,1584,6519744,0,-1,-1,58,1,
core_C118,6439,0,1,270,2544,5127,13043088,0,28,-1,26,1,
core_C60,16934,18612,0,90,1452,4520,6563040,0,-1,-1,47,1,
core_C68,12573,38609,0,0,4527,1485,6722595,0,-1,-1,57,0,
core_C35,26499,32721,0,270,1584,3980,6304320,0,16,-1,78,0,
core_C114,0,29818,1,180,6431,2064,13273584,0,-1,-1,111,0,
core_C48,6897,15378,0,180,3117,2046,6377382,0,-1,101,99,0,
core_C4,0,0,1,90,2592,5242,13587264,0,53,26,-1,0,
core_C98,1452,20687,0,180,4023,1584,6372432,0,77,83,65,0,
core_C107,28083,28281,0,90,1980,3975,7870500,0,63,89,11,1,
core_C6,0,25274,0,0,4491,1452,6520932,0,-1,71,52,0,
core_C78,7728,17367,1,0,6321,2064,13046544,0,-1,107,120,0,
core_C33,36927,15708,0,90,1716,3520,6040320,0,33,69,30,1,
core_C50,29729,15121,0,90,1815,1862,3379530,0,-1,-1,48,0,
core_C119,30096,5480,1,270,2592,5193,13460256,0,-1,-1,0,0,
core_C65,31665,0,0,0,3109,2046,6361014,0,102,-1,23,1,
core_C84,28083,0,0,0,3582,1782,6383124,0,22,-1,94,1,
core_C92,0,0,0,90,1452,4519,6561588,0,105,52,-1,0,
core_C26,7728,7143,1,180,6411,2064,13232304,0,-1,120,35,0,
core_C42,0,5242,1,180,6439,2112,13599168,0,8,109,14,0,
core_C108,1452,7854,0,0,4467,1485,6633495,0,-1,104,105,0,
core_C93,8983,0,1,0,5059,2496,12627264,0,-1,1,8,1,
core_C14,31350,22120,0,0,4010,1584,6351840,0,-1,66,61,0,
core_C91,35475,15708,0,270,1452,4403,6393156,0,19,-1,32,1,
core_C55,25245,28281,0,90,1254,3905,4896870,0,78,38,73,0,
core_C88,33858,26311,0,90,1617,4052,6552084,0,30,62,82,1,
core_C66,38643,15708,0,90,1452,4492,6522384,0,-1,-1,19,1,
core_C5,28376,18236,0,90,1683,4322,7273926,0,-1,75,67,0,
core_C28,7728,5127,1,0,6311,2016,12722976,0,-1,25,111,1,
core_C62,19470,31135,0,180,4035,1584,6391440,0,-1,76,91,0,
core_C75,30063,20536,0,90,1287,3985,5128695,0,61,-1,63,0,
core_C80,25245,36701,0,180,2589,2541,6578649,0,4,-1,31,0,
core_C54,28083,1782,0,90,1452,4363,6335076,0,-1,-1,93,1,
core_C117,2386,29069,0,0,4398,1452,6385896,0,-1,-1,56,0,
core_C112,22341,16104,0,90,1518,3847,5839746,0,92,-1,96,0,
core_C1,23859,24717,0,180,4507,1485,6692895,0,-1,70,92,0,
core_C104,28149,6145,0,90,1584,4052,6418368,0,90,64,92,1,
core_C96,14322,17127,0,0,4473,1485,6642405,0,-1,-1,81,1,
core_C51,19470,8580,0,180,2515,2508,6307620,0,-1,49,93,0,
core_C32,20889,18078,0,90,1452,4444,6452688,0,-1,-1,72,1,
core_C116,12573,20752,0,180,4361,1452,6332172,0,9,79,81,0,
core_C24,29729,10659,0,90,1452,4395,6381540,0,3,20,67,1,
core_C61,19470,11088,0,90,1452,4482,6507864,0,80,87,45,0,
core_C109,12573,35705,0,180,4405,1452,6396060,0,-1,57,85,0,
core_C111,31350,24727,0,180,3979,1584,6302736,0,-1,84,66,0,
core_C102,0,23855,0,0,4442,1419,6303198,0,-1,17,24,0,
core_C89,2592,0,1,90,2544,5175,13165200,0,-1,-1,14,1,
core_C7,19470,34171,0,180,4513,1452,6552876,0,-1,-1,76,0,
core_C85,28083,34335,0,0,3212,2112,6783744,0,-1,58,89,0,
core_C36,2386,26726,0,0,2366,2343,5543538,0,-1,40,71,1,
core_C3,12573,37157,0,180,4536,1452,6586272,0,-1,10,50,0,
core_C79,28083,36447,0,180,4419,1419,6270561,0,7,6,55,0,
core_C47,31350,34550,0,0,3748,1848,6926304,0,-1,-1,5,0,
core_C41,12573,26399,0,90,1452,4549,6605148,0,103,85,88,0,
core_C94,31350,20536,0,0,4021,1584,6369264,0,-1,29,37,1,
core_C101,33858,30363,0,90,1749,3614,6320886,0,95,-1,32,0,
core_C31,30063,16983,0,270,1716,3553,6096948,0,-1,37,16,1,
core_C64,28149,10197,0,90,1287,3879,4992273,0,-1,-1,43,0,
core_C30,1452,17193,0,90,1716,3494,5995704,0,-1,15,104,0,
core_C37,31350,23704,0,0,3201,1023,3274623,0,-1,51,29,0,
core_C87,28376,14076,0,90,1353,4160,5628480,0,48,34,73,1,
core_C15,5578,21633,0,90,1254,3858,4837932,0,-1,-1,83,1,
core_C11,36927,19228,0,270,1617,4126,6671742,0,-1,-1,19,0,
core_C72,23859,26202,0,90,1386,4165,5772690,0,73,-1,42,0,
core_C19,0,26726,0,0,2386,2343,5590398,0,56,121,17,0,
core_C113,19470,18078,0,90,1419,4359,6185421,0,46,91,87,0,
core_C58,25245,26202,0,0,3131,2079,6509349,0,67,31,70,1,
core_C38,32633,15708,0,90,1485,4643,6894855,0,-1,-1,3,1,
core_C59,28376,22558,0,90,1419,4269,6057711,0,-1,-1,34,0,
core_C82,19470,32719,0,180,4464,1452,6481728,0,-1,54,36,0,
core_C49,5475,17193,0,90,1419,4440,6300360,0,-1,-1,15,1,
core_C83,26499,28281,0,90,1452,4440,6446880,0,-1,11,31,1,
core_C43,12573,23132,0,0,4457,1452,6471564,0,-1,88,47,0,
core_C120,20922,11088,0,90,1419,4431,6287589,0,96,-1,49,1,
core_C74,12573,17127,0,270,1749,3625,6340125,0,44,47,122,0,
core_C23,31350,29456,0,90,2508,2568,6440544,0,32,5,84,0,
core_C57,1452,22271,0,0,4126,1584,6535584,0,68,-1,15,0,
core_C81,31350,26311,0,90,2046,3145,6434670,0,-1,82,51,0,
core_C121,12573,34253,0,0,4446,1452,6455592,0,-1,50,60,0,
core_C13,16800,0,1,90,2064,6460,13333440,0,117,116,119,1,
core_C77,19470,15570,0,0,2558,2508,6415464,0,-1,72,49,0,
core_C86,12573,24584,0,0,3630,1815,6588450,0,-1,60,79,0,
core_C45,28083,32256,0,0,3194,2079,6640326,0,-1,55,16,0,
macro_C124176,29733,2046,0,90,4290,8613,36949770,0,115,-1,43,1,
macro_C124187,19470,22522,0,90,4290,8613,36949770,0,-1,36,72,0,
macro_C124192,23859,16104,0,90,4290,8613,36949770,0,43,42,41,1,
macro_C124197,19470,4290,0,0,8613,4290,36949770,0,39,45,94,0,
macro_C124175,19470,0,0,0,8613,4290,36949770,0,23,93,103,1,
macro_C124202,35607,23354,0,90,4290,8613,36949770,0,-1,-1,62,1,
macro_C124174,22341,8580,0,0,5676,7524,42706224,0,-1,41,80,1,
macro_C124201,28032,10673,1,90,10752,8112,87220224,0,-1,-1,116,1,
macro_C124196,6897,32802,0,0,5676,7524,42706224,0,118,-1,108,0,
macro_C124186,6897,7854,0,0,5676,7524,42706224,0,-1,13,106,0,
macro_C124173,24528,30017,1,180,8112,10752,87220224,0,110,-1,112,0,
macro_C124191,6897,17424,0,0,5676,7524,42706224,0,-1,108,13,0,
macro_C124198,34774,0,0,0,5445,7854,42765030,0,-1,-1,22,1,
macro_C124188,14025,26399,0,0,5445,7854,42765030,0,94,-1,60,1,
macro_C124203,1452,9339,0,0,5445,7854,42765030,0,106,65,27,0,
macro_C124178,1452,0,0,0,5445,7854,42765030,0,-1,27,24,1,
macro_C124193,6897,0,0,0,5445,7854,42765030,0,-1,99,104,1,
macro_C124177,7728,19431,1,0,7776,11232,87340032,0,-1,119,18,0,
macro_C124189,6897,24948,0,0,5412,7854,42505848,0,-1,98,101,0,
macro_C124179,0,7354,1,0,7728,11232,86800896,0,-1,111,26,0,
macro_C124180,32640,18785,1,0,7728,11232,86800896,0,-1,-1,100,1,
macro_C124181,0,18586,1,0,7728,11232,86800896,0,35,12,109,0,
macro_C124182,24528,18785,1,180,7728,11232,86800896,0,-1,100,114,1,
macro_C124183,16800,18144,1,0,7728,11232,86800896,0,-1,114,2,0,
macro_C124184,16800,29376,1,0,7728,11232,86800896,0,112,-1,113,0,
macro_C124194,34023,7854,0,0,5412,7854,42505848,0,-1,-1,90,1,
macro_C124199,16800,7728,1,90,11232,7728,86800896,0,97,2,86,0,
macro_C124204,18864,0,1,90,11232,7728,86800896,0,0,-1,86,1,
macro_C124185,12573,0,0,180,6369,5709,36360621,0,-1,123,98,1,
macro_C124190,7728,30663,1,180,9072,8160,74027520,0,86,-1,107,0,
macro_C124195,7728,9207,1,180,9072,8160,74027520,0,-1,18,25,0,
macro_C124200,0,30521,0,180,6369,5709,36360621,0,-1,-1,71,0,
macro_C124172,12573,11418,0,180,6369,5709,36360621,0,-1,81,123,0,
macro_C124171,12573,5709,0,180,6369,5709,36360621,0,-1,122,118,0,
Wirelength: 1.64714e+08
layer(tree) info:
layer: 0 ,width: 40219 ,height: 40770 ,area: 1639728630 ,blocks_area: 1312553055, filling_rate: 0.80047, utilizatio_rate: 0.785046
layer: 1 ,width: 40368 ,height: 40769 ,area: 1645762992 ,blocks_area: 1287572112, filling_rate: 0.782356, utilizatio_rate: 0.770104
random seed: 15
alpha: 0
gamma: 1
best wirelength: 1.64714e+08
initial_num_perturbs: 3720
iter: 0
best_iter: 0
best_cost: 0.276871
reject_time: 0
accept_inferior_time: 0
update_best_time: 0
adjustLegalOutline_fail_times: 0
outline_adjust_time: 0.673
initial_wirelength: 5.7602e+08
initial_average_wirelength: 2.08046e+09
5.7602e+08,initial_iter: 3720
initial_time: 2.987
total time cost: 50.213
