name,x,y,layer,rotated_angle,width,height,area,exceed_outline_area,left,right,parent,is_from_left,
macro_C8466,2548,18876,0,0,6369,5709,36360621,0,46,-1,5,0,
macro_C8467,5243,16272,1,0,9072,8160,74027520,0,72,105,44,1,
macro_C16429,29798,20126,0,90,7524,5676,42706224,0,81,45,118,1,
macro_C16430,22322,11808,1,0,8112,10752,87220224,0,75,-1,110,1,
macro_C32011,28662,15774,0,0,8613,4290,36949770,0,66,-1,10,1,
macro_C32012,2548,14586,0,0,8613,4290,36949770,0,15,0,53,1,
macro_C39784,0,26976,1,0,7776,11232,87340032,0,117,121,44,0,
macro_C39785,31583,25802,0,90,7854,5445,42765030,0,-1,-1,45,1,
macro_C55552,18715,35805,0,90,7854,5412,42505848,0,-1,-1,43,1,
macro_C55553,11469,8151,0,0,5412,7854,42505848,0,19,56,11,1,
macro_C63404,23250,15048,0,0,5412,7854,42505848,0,4,-1,19,1,
macro_C63405,3615,7425,0,90,7854,5412,42505848,0,9,47,39,0,
macro_C71293,33638,31247,0,180,5412,7854,42505848,0,-1,-1,18,1,
macro_C71294,2535,24585,0,0,5412,7854,42505848,0,62,63,107,1,
macro_C86866,0,8112,1,0,9072,8160,74027520,0,74,44,25,0,
macro_C86867,11161,18513,0,0,5676,7524,42706224,0,73,58,5,1,
macro_C86868,16995,4290,0,0,8613,4290,36949770,0,34,26,31,0,
macro_C86869,20372,30360,0,90,7854,5445,42765030,0,18,-1,73,1,
macro_C86870,28226,31247,0,0,5412,7854,42505848,0,12,-1,17,1,
macro_C94576,16881,12870,0,0,6369,5709,36360621,0,10,29,9,1,
macro_C94577,32215,23520,1,0,8112,10752,87220224,0,-1,51,96,0,
macro_C94578,35998,0,0,90,4290,8613,36949770,0,-1,-1,52,1,
macro_C94579,25608,0,0,270,7854,5445,42765030,0,52,32,31,1,
macro_C94580,30434,8688,1,0,7728,11232,86800896,0,-1,-1,75,0,
macro_C102137,16998,0,1,0,9072,8160,74027520,0,57,77,64,1,
macro_C102138,0,0,1,90,10752,8112,87220224,0,55,14,-1,0,
macro_C102139,16995,8580,0,0,8613,4290,36949770,0,-1,-1,16,0,
macro_C102140,6827,32439,0,0,5445,7854,42765030,0,-1,-1,89,1,
macro_C102141,19356,24948,0,90,7854,5412,42505848,0,118,-1,82,1,
macro_C109812,16881,18579,0,90,5709,6369,36360621,0,116,82,19,0,
macro_C109813,6134,0,0,90,7524,5676,42706224,0,93,101,39,1,
macro_C109814,16995,0,0,0,8613,4290,36949770,0,22,16,93,1,
macro_C109815,25608,5445,0,180,5445,7854,42765030,0,-1,-1,22,0,
macro_C109816,31698,8613,0,90,7854,5412,42505848,0,-1,-1,104,1,
core_C0,25608,13299,0,0,3572,1749,6247428,0,104,-1,16,1,
core_C1,32006,36816,1,0,3589,3552,12748128,0,-1,-1,59,1,
core_C2,19523,27696,1,0,5227,2544,13297488,0,50,-1,72,1,
core_C3,14281,34584,0,0,3627,1782,6463314,0,-1,-1,83,1,
core_C5,9696,30294,0,0,3617,1749,6326133,0,97,-1,62,1,
core_C6,3615,0,0,0,2519,2508,6317652,0,30,11,40,1,
core_C7,0,0,0,0,3615,1749,6322635,0,39,88,-1,0,
core_C8,5120,38784,1,0,5148,2544,13096512,0,-1,-1,121,1,
core_C9,36501,0,1,0,3691,3600,13287600,0,-1,-1,92,1,
core_C10,16208,32109,0,0,2507,2475,6204825,0,8,-1,120,1,
core_C12,0,16272,1,0,5243,2544,13338192,0,1,6,14,0,
core_C13,29798,25802,0,0,1785,3564,6361740,0,7,-1,2,0,
core_C14,8917,18876,0,90,1782,3615,6441930,0,83,-1,0,1,
core_C15,3615,12837,0,0,3579,1749,6259671,0,87,-1,11,0,
core_C16,14027,16005,0,0,2561,2508,6422988,0,-1,-1,56,1,
core_C17,37275,16533,0,90,1749,3593,6284157,0,-1,-1,66,0,
core_C19,24750,33936,1,0,3655,3600,13158000,0,59,-1,36,1,
core_C20,32215,34272,1,0,5206,2544,13244064,0,-1,-1,20,0,
core_C23,33462,0,0,0,2536,2508,6360288,0,21,-1,22,1,
core_C24,0,4299,0,0,2548,2541,6474468,0,5,115,88,0,
core_C25,0,36017,0,0,2550,2541,6479550,0,90,-1,108,0,
core_C26,10752,0,1,0,2579,4992,12874368,0,64,65,25,1,
core_C27,11469,16005,0,0,2558,2508,6415464,0,48,-1,9,0,
core_C28,26070,0,1,0,5218,2592,13525056,0,92,-1,24,1,
core_C29,11161,26037,0,0,2524,2475,6246900,0,120,-1,15,0,
core_C31,28405,32496,1,0,3601,3600,12963600,0,35,-1,50,1,
core_C32,24875,28848,1,0,2576,5088,13106688,0,68,-1,103,1,
core_C33,15984,16944,1,0,3723,3648,13581504,0,102,-1,65,1,
core_C35,7947,24585,0,90,1749,3612,6317388,0,38,-1,13,1,
core_C37,2535,32439,0,90,1749,3578,6257922,0,-1,-1,13,0,
core_C38,13331,0,1,0,3667,3600,13201200,0,24,69,55,1,
core_C39,10752,10848,1,0,5232,2544,13310208,0,61,-1,55,0,
core_C41,37275,14025,0,0,2517,2508,6312636,0,-1,49,4,1,
core_C42,25919,8160,1,0,3668,3648,13380864,0,-1,-1,94,1,
core_C43,27451,28848,1,0,3651,3648,13318848,0,-1,-1,60,1,
core_C46,13331,3600,1,0,3665,3648,13369920,0,110,79,64,0,
core_C47,10466,24432,1,0,3624,3600,13046400,0,76,-1,105,1,
core_C48,7776,31632,1,0,3619,3600,13028400,0,95,119,117,0,
core_C49,14315,20592,1,0,5208,2544,13249152,0,36,85,1,1,
core_C50,16837,30360,0,0,3535,1749,6182715,0,17,-1,15,1,
core_C51,9072,13392,1,0,5178,2544,13172832,0,-1,-1,14,1,
core_C53,30434,5088,1,0,3648,3600,13132800,0,99,23,3,1,
core_C54,14090,30336,1,0,3656,3648,13337088,0,112,-1,70,1,
core_C56,16998,8160,1,0,5273,2544,13414512,0,94,-1,24,0,
core_C57,17976,30240,1,0,3687,3600,13273200,0,-1,113,85,1,
core_C58,13331,7248,1,0,3659,3600,13172400,0,98,-1,69,0,
core_C60,24893,22560,1,0,3624,3600,13046400,0,100,114,102,1,
core_C61,37322,20126,0,90,1749,3600,6296400,0,-1,-1,2,1,
core_C65,16881,24948,0,90,2475,2536,6276600,0,28,-1,29,0,
core_C67,10699,28545,0,0,3582,1749,6264918,0,37,-1,46,1,
core_C69,9705,5676,0,0,3617,1749,6326133,0,91,-1,101,1,
core_C70,14315,23136,1,0,3661,3600,13179600,0,78,111,72,0,
core_C71,31288,2544,1,0,5190,2544,13203360,0,-1,-1,92,0,
core_C74,7194,12837,0,0,3590,1749,6278910,0,-1,-1,47,1,
core_C75,0,1749,0,90,2508,2550,6395400,0,-1,53,40,0,
core_C76,4332,35937,0,0,2495,2475,6175125,0,27,-1,122,0,
core_C77,2550,36017,0,90,1782,3594,6404508,0,122,-1,54,1,
core_C78,13322,5676,0,0,2538,2475,6281550,0,-1,-1,84,1,
core_C79,31288,0,1,0,5213,2544,13261872,0,42,86,57,1,
core_C80,13658,0,0,0,3337,1650,5506050,0,31,-1,30,1,
core_C81,22271,8160,1,0,3648,3648,13307904,0,67,-1,77,1,
core_C82,11395,37536,1,0,5227,2544,13297488,0,-1,-1,71,1,
core_C84,32215,19920,1,0,3683,3600,13258800,0,106,20,100,1,
core_C85,13313,36366,0,0,3608,1782,6429456,0,-1,-1,38,1,
core_C87,16990,14400,1,0,5193,2544,13210992,0,-1,-1,79,1,
core_C88,34082,5088,1,0,3632,3552,12900864,0,-1,-1,75,1,
core_C89,28517,22560,1,0,3698,3696,13667808,0,96,-1,80,1,
core_C92,6134,5676,0,0,3571,1749,6245679,0,84,-1,30,0,
core_C93,19707,22560,1,0,5186,2592,13442112,0,80,103,61,1,
core_C95,19707,25152,1,0,5168,2544,13147392,0,60,-1,102,0,
core_C96,29180,13299,0,0,2518,2475,6232050,0,33,-1,34,1,
core_C97,5243,24432,1,0,5223,2544,13287312,0,70,-1,1,0,
core_C99,35898,19920,1,0,3648,3600,13132800,0,-1,-1,96,1,
core_C100,0,9381,0,0,2535,2475,6274125,0,13,108,115,0,
core_C103,0,11856,0,0,2524,2475,6246900,0,-1,54,107,0,
core_C104,11459,33984,1,0,3607,3552,12812064,0,-1,-1,117,1,
core_C106,16996,11808,1,0,5326,2592,13804992,0,3,-1,69,1,
core_C108,14315,26736,1,0,3629,3600,13064400,0,-1,-1,85,0,
core_C110,17746,36384,1,0,3662,3648,13358976,0,-1,-1,76,1,
core_C112,17976,33840,1,0,5217,2544,13272048,0,-1,-1,78,0,
core_C113,24893,26256,1,0,5279,2592,13683168,0,-1,-1,80,0,
core_C114,0,6840,0,0,2543,2541,6461763,0,-1,107,53,0,
core_C115,22590,22902,0,0,3621,1782,6452622,0,-1,-1,29,1,
core_C116,7776,28032,1,0,3683,3600,13258800,0,109,71,6,1,
core_C118,27210,22902,0,0,2588,2574,6661512,0,2,-1,28,1,
core_C119,7776,35232,1,0,3619,3552,12854688,0,-1,-1,71,0,
core_C120,13685,26037,0,0,2523,2508,6327684,0,43,-1,58,1,
core_C121,0,38208,1,0,5120,2544,13025280,0,41,-1,6,0,
core_C122,4332,32439,0,0,1772,3498,6198456,0,-1,89,90,1,
Wirelength: 1.05677e+09
layer(tree) info:
layer: 0 ,width: 40288 ,height: 41217 ,area: 1660550496, filling_rate: 0.787518, utilizatio_rate: 0.78215
layer: 1 ,width: 40327 ,height: 41328 ,area: 1666634256, filling_rate: 0.783611, utilizatio_rate: 0.781122
random seed: 1
alpha: 0
gamma: 1
best wirelength: 1.05677e+09
initial_num_perturbs: 15129
iter: 0
best_iter: 0
best_cost: 0.258804
reject_time: 64056
accept_inferior_time: 268433
update_best_time: 0
adjustLegalOutline_fail_times: 0
initial_wirelength: 1.66853e+09
initial_average_wirelength: 4.08328e+09
1.60884e+09,initial_iter: 15129
initial_time: 25.097
total time cost: 1000
