name,x,y,layer,rotated_angle,width,height,area,exceed_outline_area,left,right,parent,is_from_left,
macro_C2790,0,6409,1,90,8580,11319,97117020,0,4,-1,6,0,
macro_C2791,8448,8448,0,180,11319,8580,97117020,0,-1,-1,2,1,
macro_C2792,0,5743,0,270,8448,11616,98131968,0,1,-1,13,0,
macro_C2793,9468,0,0,180,11616,8448,98131968,0,-1,-1,11,1,
macro_C2794,8580,8679,1,180,11352,8679,98524008,0,-1,-1,0,1,
macro_C2795,9376,0,1,0,11352,8679,98524008,0,-1,-1,12,1,
core_C0,0,4594,1,180,5542,1815,10058730,0,-1,0,7,0,
core_C1,0,0,1,0,5251,2079,10916829,0,8,6,-1,0,
core_C4,5251,0,1,270,2277,4594,10460538,0,12,-1,7,1,
core_C7,3924,0,0,90,1881,5743,10802583,0,10,-1,13,1,
core_C9,5805,0,0,90,1881,5704,10729224,0,11,-1,9,1,
core_C11,7686,0,0,270,1782,5500,9801000,0,3,-1,10,1,
core_C12,7528,0,1,270,1848,5636,10415328,0,5,-1,8,1,
core_C13,0,0,0,180,3924,2607,10229868,0,9,2,-1,0,
Wirelength: 1.83265e+07
layer(tree) info:
layer: 0 ,width: 21084 ,height: 17359 ,area: 365997156 ,blocks_area: 334943631, filling_rate: 0.915154, utilizatio_rate: 0.766461
layer: 1 ,width: 20728 ,height: 17728 ,area: 367465984 ,blocks_area: 336016461, filling_rate: 0.914415, utilizatio_rate: 0.768916
random seed: 19
alpha: 0
gamma: 1
best wirelength: 1.83265e+07
initial_num_perturbs: 420
iter: 0
best_iter: 0
best_cost: 0.591994
reject_time: 0
accept_inferior_time: 0
update_best_time: 0
adjustLegalOutline_fail_times: 0
outline_adjust_time: 0.018
initial_wirelength: 5.01298e+07
initial_average_wirelength: 8.43227e+07
4.99185e+07,initial_iter: 420
initial_time: 0.059
total time cost: 0.629
