name,x,y,layer,rotated_angle,width,height,area,exceed_outline_area,left,right,parent,is_from_left,
macro_C8466,22737,15225,0,0,6369,5709,36360621,0,-1,3,68,1,
macro_C8467,24000,33216,1,180,9072,8160,74027520,0,31,-1,8,0,
macro_C16429,15888,22464,1,180,8112,10752,87220224,0,23,-1,13,0,
macro_C16430,22737,20934,0,90,7524,5676,42706224,0,66,43,0,0,
macro_C32011,1419,32571,0,90,4290,8613,36949770,0,100,-1,82,0,
macro_C32012,7776,17376,1,90,6144,12288,75497472,0,-1,15,27,0,
macro_C39784,5709,12375,0,0,5445,7854,42765030,0,35,-1,34,0,
macro_C39785,0,6144,1,0,7776,11232,87340032,0,27,-1,26,0,
macro_C55552,24000,21984,1,0,7728,11232,86800896,0,-1,1,30,0,
macro_C55553,23991,26610,0,0,5412,7854,42505848,0,60,-1,43,1,
macro_C63404,32112,11232,1,180,7728,11232,86800896,0,-1,-1,30,1,
macro_C63405,34716,19129,0,0,5412,7854,42505848,0,-1,-1,81,1,
macro_C71293,14223,14190,0,0,5412,7854,42505848,0,-1,80,113,0,
macro_C71294,15888,11232,1,180,7728,11232,86800896,0,-1,2,15,1,
macro_C86866,6864,20229,0,0,6369,5709,36360621,0,-1,117,17,1,
macro_C86867,7776,29664,1,0,8112,10752,87220224,0,13,-1,5,0,
macro_C86868,1419,9009,0,90,4290,8613,36949770,0,28,84,51,1,
macro_C86869,1419,20592,0,0,5445,7854,42765030,0,14,101,38,0,
macro_C86870,20262,35961,0,90,7854,5412,42505848,0,-1,-1,55,1,
macro_C94576,14223,0,0,90,5709,6369,36360621,0,112,24,122,1,
macro_C94577,31713,0,0,90,7524,5676,42706224,0,-1,-1,66,1,
macro_C94578,27390,0,0,90,4290,8613,36949770,0,-1,74,29,1,
macro_C94579,15552,0,1,0,7776,11232,87340032,0,-1,-1,27,1,
macro_C94580,24000,0,1,0,7728,11232,86800896,0,33,30,2,1,
macro_C102137,14223,6369,0,270,5709,6369,36360621,0,-1,113,19,0,
macro_C102138,0,0,0,0,5676,7524,42706224,0,-1,111,-1,0,
macro_C102139,0,0,1,0,12288,6144,75497472,0,-1,7,-1,0,
macro_C102140,7776,6144,1,0,7776,11232,87340032,0,22,5,7,1,
macro_C102141,5709,0,0,0,5412,7854,42505848,0,86,120,16,1,
macro_C109812,21681,7404,0,90,5709,6369,36360621,0,21,85,97,1,
macro_C109813,24000,11232,1,180,8112,10752,87220224,0,10,8,23,0,
macro_C109814,33072,22464,1,90,6144,12288,75497472,0,-1,-1,1,1,
macro_C109815,31845,5676,0,180,5445,7854,42765030,0,-1,57,59,1,
macro_C109816,31728,0,1,180,7728,11232,86800896,0,-1,-1,23,1,
core_C1,5709,10890,0,0,4507,1485,6692895,0,-1,6,110,0,
core_C3,11154,9989,0,90,1452,4536,6586272,0,63,78,6,1,
core_C4,33264,17893,0,90,1452,4495,6526740,0,-1,-1,70,0,
core_C5,20328,4038,0,0,4690,1551,7274190,0,115,61,77,1,
core_C6,1419,19008,0,180,4117,1584,6521328,0,-1,17,84,0,
core_C7,6864,27390,0,0,4513,1452,6552876,0,-1,-1,117,0,
core_C11,34716,17512,0,180,4126,1617,6671742,0,-1,-1,69,0,
core_C13,16731,30107,0,0,3596,1782,6408072,0,-1,64,106,1,
core_C14,12408,0,0,90,1452,4374,6351048,0,-1,-1,86,1,
core_C15,22737,26610,0,90,1254,3858,4837932,0,9,-1,3,0,
core_C16,13464,34600,0,0,3166,2046,6477636,0,-1,-1,62,1,
core_C18,16731,26400,0,90,1749,3616,6324384,0,123,-1,118,1,
core_C19,12229,36646,0,0,4133,1353,5591949,0,-1,-1,102,1,
core_C22,20328,22201,0,90,1419,4407,6253533,0,-1,99,56,0,
core_C23,11940,37999,0,0,4436,1452,6441072,0,-1,-1,58,1,
core_C24,9933,28842,0,90,1452,4395,6381540,0,116,-1,52,1,
core_C26,30261,21856,0,90,1452,4378,6356856,0,-1,-1,104,0,
core_C28,0,9009,0,90,1419,4308,6113052,0,16,-1,111,0,
core_C30,8547,28842,0,90,1386,4325,5994450,0,49,102,73,1,
core_C31,11121,7976,0,180,3029,2013,6097377,0,-1,-1,109,0,
core_C32,22176,30468,0,90,1584,4074,6453216,0,-1,-1,56,1,
core_C33,18282,35548,0,270,1980,3051,6040980,0,18,-1,89,1,
core_C34,20328,18426,0,90,1848,3775,6976200,0,54,47,97,0,
core_C35,31845,13530,0,270,1419,4442,6303198,0,-1,71,32,0,
core_C36,9574,35294,0,180,2366,2343,5543538,0,48,76,83,1,
core_C37,30822,33927,0,90,1023,3201,3274623,0,32,-1,103,1,
core_C38,29403,26610,0,270,2112,3265,6895680,0,-1,98,9,1,
core_C41,20328,5589,0,180,3639,1815,6604785,0,-1,97,37,0,
core_C42,11385,30369,0,90,2079,3143,6534297,0,44,-1,116,0,
core_C43,12606,9989,0,90,1452,4457,6471564,0,-1,-1,35,1,
core_C45,16731,31889,0,90,1815,3659,6641085,0,77,89,41,0,
core_C47,6963,35294,0,270,2607,2657,6926799,0,-1,83,73,0,
core_C48,30261,8613,0,90,1452,4392,6377184,0,20,92,3,1,
core_C49,31845,21877,0,90,1419,4440,6300360,0,70,88,71,0,
core_C50,21681,15225,0,90,1056,3201,3380256,0,0,-1,85,0,
core_C51,34716,13530,0,90,1584,3982,6307488,0,114,40,70,1,
core_C54,33264,13530,0,90,1452,4363,6335076,0,69,36,67,1,
core_C55,31845,17972,0,270,1254,3905,4896870,0,-1,67,57,0,
core_C56,35046,31438,0,270,1782,3587,6392034,0,-1,-1,108,0,
core_C57,6963,28842,0,90,1584,4126,6535584,0,52,65,100,1,
core_C58,27390,8613,0,270,1782,3653,6509646,0,-1,95,21,0,
core_C59,11154,17073,0,90,1980,3059,6056820,0,-1,-1,78,0,
core_C60,9574,39451,0,180,4520,1452,6563040,0,-1,-1,58,0,
core_C61,18546,31889,0,90,1782,3652,6507864,0,37,-1,64,1,
core_C62,11154,14525,0,90,2508,2548,6390384,0,-1,75,35,0,
core_C64,35046,26983,0,180,3879,1287,4992273,0,-1,119,121,1,
core_C65,14223,22044,0,180,4381,1452,6361212,0,-1,94,12,0,
core_C66,33264,22388,0,90,1452,4492,6522384,0,11,121,88,1,
core_C67,1419,30954,0,180,4075,1617,6589275,0,-1,4,101,0,
core_C68,6963,37951,0,0,2611,2574,6720714,0,58,-1,65,0,
core_C72,1419,17622,0,0,4165,1386,5772690,0,-1,38,16,0,
core_C74,21681,13773,0,180,4366,1452,6339432,0,-1,68,29,0,
core_C75,11121,0,0,90,1287,3985,5128695,0,42,109,28,1,
core_C77,14223,26400,0,270,2046,3136,6416256,0,-1,118,91,0,
core_C78,31845,26317,0,90,1419,4417,6267723,0,81,-1,67,0,
core_C79,16731,35548,0,90,1551,4043,6270693,0,55,-1,64,0,
core_C80,21516,0,0,270,1782,3691,6577362,0,-1,-1,112,1,
core_C81,14223,24948,0,180,4432,1452,6435264,0,93,87,94,0,
core_C82,30261,13005,0,90,1452,4464,6481728,0,-1,104,66,0,
core_C83,18655,22044,0,90,1452,4440,6446880,0,-1,-1,91,1,
core_C84,14223,23496,0,180,4397,1452,6384444,0,-1,91,80,0,
core_C85,27390,12266,0,0,2636,2574,6785064,0,-1,-1,74,0,
core_C86,20328,30965,0,90,1617,4075,6589275,0,107,-1,99,0,
core_C87,20328,7404,0,90,1353,4160,5628480,0,29,56,61,0,
core_C88,29403,29875,0,90,1617,4052,6552084,0,-1,103,60,0,
core_C89,20328,26608,0,90,1452,4357,6326364,0,-1,96,47,0,
core_C90,5709,28842,0,90,1254,3829,4801566,0,73,-1,4,1,
core_C91,1419,28446,0,180,2549,2508,6392892,0,-1,82,17,0,
core_C92,8547,33512,0,180,3682,1782,6561324,0,46,-1,52,0,
core_C93,29403,33927,0,90,1419,4275,6066225,0,59,-1,98,0,
core_C94,30261,17469,0,90,1452,4387,6369924,0,-1,50,92,0,
core_C96,33264,30611,0,270,1617,4107,6641019,0,-1,-1,121,0,
core_C98,14223,32060,0,270,2508,2540,6370320,0,41,-1,118,0,
core_C101,21945,34542,0,180,4454,1419,6320226,0,-1,-1,96,1,
core_C102,35046,29854,0,180,3979,1584,6302736,0,-1,72,119,0,
core_C104,11121,4374,0,90,1782,3602,6418764,0,-1,53,86,0,
core_C107,5709,9273,0,0,4868,1617,7871556,0,-1,34,120,0,
core_C108,0,7524,0,180,4467,1485,6633495,0,-1,51,25,0,
core_C109,19932,0,0,90,1584,4038,6396192,0,90,-1,19,1,
core_C110,14223,12738,0,180,4490,1452,6519480,0,-1,12,24,0,
core_C111,36300,13530,0,270,1584,3979,6302736,0,-1,-1,69,1,
core_C112,25018,0,0,90,1386,4213,5839218,0,-1,-1,37,1,
core_C113,11385,25938,0,90,1419,4359,6185421,0,122,62,49,1,
core_C114,6864,25938,0,180,4392,1452,6377184,0,-1,39,14,0,
core_C116,14223,29536,0,90,2508,2524,6330192,0,45,106,87,0,
core_C117,35046,28270,0,0,4032,1584,6386688,0,-1,108,79,0,
core_C118,5709,7854,0,180,4416,1419,6266304,0,-1,110,28,0,
core_C119,33264,26983,0,90,1782,3628,6465096,0,79,105,81,0,
core_C120,12804,25938,0,90,1419,4431,6287589,0,19,-1,116,1,
core_C121,18480,26484,0,90,1782,3623,6456186,0,-1,-1,45,1,
Wirelength: 7.40926e+07
layer(tree) info:
layer: 0 ,width: 40128 ,height: 41373 ,area: 1660215744 ,blocks_area: 1325419557, filling_rate: 0.798342, utilizatio_rate: 0.792741
layer: 1 ,width: 39840 ,height: 41376 ,area: 1648419840 ,blocks_area: 1258205184, filling_rate: 0.76328, utilizatio_rate: 0.75254
random seed: 13
alpha: 0
gamma: 1
best wirelength: 7.40926e+07
initial_num_perturbs: 15376
iter: 0
best_iter: 0
best_cost: 0.245807
reject_time: 0
accept_inferior_time: 0
update_best_time: 0
adjustLegalOutline_fail_times: 0
outline_adjust_time: 1.162
initial_wirelength: 6.38237e+08
initial_average_wirelength: 2.59649e+09
6.38237e+08,initial_iter: 15376
initial_time: 11.965
total time cost: 100.192
