name,x,y,layer,rotated_angle,width,height,area,exceed_outline_area,left,right,parent,is_from_left,
macro_C8466,27614,34452,0,180,6369,5709,36360621,0,1,-1,123,1,
macro_C8467,33983,31387,0,270,5709,6369,36360621,0,-1,-1,0,1,
macro_C16429,16401,34893,0,90,7524,5676,42706224,0,-1,-1,47,0,
macro_C16430,23376,27120,1,90,10752,8112,87220224,0,-1,-1,30,0,
macro_C32011,23991,30162,0,0,8613,4290,36949770,0,-1,123,43,0,
macro_C32012,34128,19008,1,90,6144,12288,75497472,0,-1,-1,30,1,
macro_C39784,32400,0,1,0,7776,11232,87340032,0,-1,-1,7,1,
macro_C39785,24624,0,1,180,7776,11232,87340032,0,6,-1,15,1,
macro_C55552,33561,5412,0,0,5412,7854,42505848,0,-1,103,60,1,
macro_C55553,25410,19272,0,0,5412,7854,42505848,0,100,48,76,0,
macro_C63404,6144,20064,1,180,7728,11232,86800896,0,15,24,31,1,
macro_C63405,9003,31708,0,0,5412,7854,42505848,0,-1,-1,36,1,
macro_C71293,31216,0,0,90,7854,5412,42505848,0,-1,-1,78,1,
macro_C71294,22506,3003,0,0,5412,7854,42505848,0,71,81,70,0,
macro_C86866,14304,8112,1,180,9072,8160,74027520,0,32,29,24,1,
macro_C86867,13872,0,1,270,10752,8112,87220224,0,7,-1,10,1,
macro_C86868,0,7776,1,0,12288,6144,75497472,0,-1,21,22,0,
macro_C86869,0,0,0,90,7854,5445,42765030,0,-1,27,-1,0,
macro_C86870,7920,0,0,90,7854,5412,42505848,0,77,101,111,1,
macro_C94576,14304,24432,1,180,9072,8160,74027520,0,30,-1,29,0,
macro_C94577,9405,8440,0,90,7524,5676,42706224,0,56,115,40,0,
macro_C94578,0,13920,1,0,12288,6144,75497472,0,-1,31,16,0,
macro_C94579,0,0,1,90,11232,7776,87340032,0,-1,16,-1,0,
macro_C94580,16401,16791,0,180,5412,7854,42505848,0,-1,47,67,1,
macro_C102137,6144,31296,1,270,8160,9072,74027520,0,14,-1,10,0,
macro_C102138,0,32131,0,270,7524,5676,42706224,0,-1,-1,26,0,
macro_C102139,0,27841,0,0,8613,4290,36949770,0,-1,25,35,0,
macro_C102140,0,5445,0,90,7854,5445,42765030,0,-1,28,17,0,
macro_C102141,0,10890,0,90,7854,5412,42505848,0,-1,90,27,0,
macro_C109812,14304,16272,1,180,9072,8160,74027520,0,-1,19,14,0,
macro_C109813,23376,19008,1,270,10752,8112,87220224,0,5,3,19,1,
macro_C109814,0,20064,1,90,6144,12288,75497472,0,10,-1,21,0,
macro_C109815,23376,11232,1,90,11232,7776,87340032,0,-1,-1,14,1,
macro_C109816,16929,6000,0,0,5412,7854,42505848,0,-1,-1,56,0,
core_C1,12771,17350,0,90,1485,4507,6692895,0,-1,114,66,0,
core_C3,0,23463,0,90,1782,3696,6586272,0,120,26,86,0,
core_C4,6435,23277,0,0,2568,2541,6525288,0,11,-1,69,0,
core_C5,0,17754,0,180,4690,1551,7274190,0,-1,109,90,0,
core_C6,29370,5412,0,0,2566,2541,6520206,0,-1,-1,104,1,
core_C7,17820,33441,0,180,4513,1452,6552876,0,-1,-1,49,0,
core_C11,9405,6930,0,0,4493,1485,6672105,0,-1,20,65,0,
core_C13,17820,24645,0,90,1782,3596,6408072,0,-1,117,47,1,
core_C14,9405,18142,0,90,1452,4374,6351048,0,-1,57,61,0,
core_C15,23991,26058,0,90,1254,3858,4837932,0,94,4,116,0,
core_C16,22506,19274,0,270,1452,4462,6478824,0,-1,64,119,0,
core_C18,19602,30537,0,180,4356,1452,6324912,0,-1,-1,99,0,
core_C19,33561,24159,0,90,1353,4133,5591949,0,-1,118,73,0,
core_C22,16401,24645,0,90,1419,4407,6253533,0,41,2,23,0,
core_C23,25410,27126,0,180,4436,1452,6441072,0,96,-1,9,0,
core_C24,17820,31989,0,180,4395,1452,6381540,0,-1,39,117,0,
core_C26,3531,23463,0,90,1452,4378,6356856,0,112,-1,120,1,
core_C28,22506,0,0,0,4308,1419,6113052,0,78,70,93,1,
core_C30,13968,5412,0,90,1980,3028,5995440,0,-1,-1,65,1,
core_C31,0,20757,0,0,4297,1419,6097443,0,-1,86,109,0,
core_C32,32076,14404,0,90,1452,4444,6452688,0,-1,60,105,0,
core_C33,34980,13266,0,90,1419,4257,6040683,0,-1,-1,103,1,
core_C34,16929,4482,0,180,4596,1518,6976728,0,-1,33,20,1,
core_C35,9405,22516,0,90,1749,3604,6303396,0,110,63,42,0,
core_C36,36465,17778,0,270,1485,3734,5544990,0,-1,-1,98,0,
core_C37,35607,24159,0,180,2255,1452,3274260,0,-1,-1,118,1,
core_C38,32076,18848,0,90,1485,4643,6894855,0,8,-1,54,0,
core_C41,9405,16063,0,0,3177,2079,6604983,0,-1,42,115,0,
core_C42,35013,17523,0,90,1452,4500,6534000,0,98,-1,82,1,
core_C43,9405,26120,0,0,3163,2046,6471498,0,-1,85,57,0,
core_C45,22506,23736,0,90,1485,4472,6640920,0,88,-1,44,0,
core_C47,9405,5412,0,180,4563,1518,6926634,0,52,40,83,1,
core_C48,12771,15568,0,180,3578,1782,6375996,0,-1,34,74,0,
core_C49,14817,25256,0,90,1584,3977,6299568,0,23,-1,97,0,
core_C50,29172,1452,0,90,1056,3201,3380256,0,-1,-1,71,1,
core_C51,6435,20769,0,180,2515,2508,6307620,0,-1,36,111,0,
core_C54,22506,1419,0,0,4000,1584,6336000,0,-1,13,51,0,
core_C55,27918,1452,0,270,1254,3905,4896870,0,68,104,13,1,
core_C56,27918,9744,0,90,1782,3587,6392034,0,84,-1,104,0,
core_C57,33561,22080,0,0,3143,2079,6534297,0,89,46,82,0,
core_C58,12771,14116,0,0,4483,1452,6509316,0,92,66,110,1,
core_C59,29930,14949,0,90,1419,4269,6057711,0,-1,-1,76,1,
core_C60,25410,17820,0,180,4520,1452,6563040,0,75,9,116,1,
core_C61,15774,0,0,90,1452,4482,6507864,0,-1,-1,18,1,
core_C62,26814,0,0,180,4402,1452,6391704,0,12,-1,51,1,
core_C64,23991,17820,0,90,1287,3879,4992273,0,-1,116,91,0,
core_C65,19602,24645,0,90,1452,4381,6361212,0,93,99,117,1,
core_C66,22506,10857,0,270,2541,2567,6522747,0,108,121,13,0,
core_C67,33561,17541,0,270,1452,4539,6590628,0,62,73,103,0,
core_C68,7920,9815,0,90,1485,4527,6722595,0,65,-1,101,0,
core_C72,29700,7953,0,90,1683,3430,5772690,0,-1,-1,72,1,
core_C74,9405,28549,0,180,4366,1452,6339432,0,122,-1,63,0,
core_C75,0,22176,0,180,3985,1287,5128695,0,-1,35,53,0,
core_C77,30822,23491,0,90,1452,4419,6416388,0,-1,-1,100,0,
core_C78,23991,14949,0,0,4417,1419,6267723,0,-1,91,64,1,
core_C79,36704,21512,0,90,2475,2534,6271650,0,-1,-1,73,1,
core_C80,0,16302,0,0,4530,1452,6577560,0,-1,37,28,0,
core_C81,23991,16368,0,0,4432,1452,6435264,0,-1,79,88,0,
core_C82,17254,13854,0,180,4464,1452,6481728,0,-1,95,74,1,
core_C83,21054,24645,0,90,1452,4440,6446880,0,51,-1,80,1,
core_C84,25245,28578,0,180,4030,1584,6383520,0,-1,-1,43,1,
core_C85,17254,15306,0,0,4569,1485,6784965,0,-1,-1,92,0,
core_C86,29846,27910,0,180,3169,2079,6588351,0,-1,-1,48,1,
core_C87,14817,21466,0,90,1485,3790,5628150,0,-1,67,113,0,
core_C88,36465,13266,0,90,1452,4512,6551424,0,-1,58,62,1,
core_C89,19602,29085,0,180,4357,1452,6326364,0,-1,45,80,0,
core_C90,30822,19218,0,90,1254,3829,4801566,0,102,87,9,1,
core_C91,7920,5412,0,90,1452,4403,6393156,0,-1,83,18,0,
core_C92,32076,5412,0,90,1452,4519,6561588,0,-1,105,100,1,
core_C93,33561,13266,0,270,1419,4275,6066225,0,55,82,8,0,
core_C94,27918,5357,0,90,1452,4387,6369924,0,38,72,71,0,
core_C96,32076,9931,0,270,1485,4473,6642405,0,-1,54,102,0,
core_C98,26959,13365,0,180,4023,1584,6372432,0,-1,-1,121,1,
core_C101,12771,25460,0,90,2046,3089,6320094,0,113,-1,114,0,
core_C102,25047,10857,0,0,2513,2508,6302604,0,-1,-1,81,1,
core_C104,0,19305,0,180,4421,1452,6419292,0,-1,53,37,0,
core_C107,11154,18142,0,90,1617,4868,7871556,0,74,-1,57,1,
core_C108,6435,16302,0,270,1485,4467,6633495,0,18,69,112,1,
core_C109,4983,16302,0,270,1452,4405,6396060,0,111,-1,50,1,
core_C110,14817,17350,0,90,1584,4116,6519744,0,-1,97,107,1,
core_C111,12771,21857,0,90,1749,3603,6301647,0,-1,107,34,0,
core_C112,9405,14116,0,0,2999,1947,5839053,0,-1,61,20,0,
core_C113,23991,21699,0,90,1419,4359,6185421,0,76,43,79,0,
core_C114,17820,28241,0,90,1782,3579,6377778,0,80,49,41,0,
core_C116,33561,28292,0,90,2046,3095,6332370,0,59,-1,46,0,
core_C117,22506,14876,0,90,1452,4398,6385896,0,-1,44,121,0,
core_C118,1782,23463,0,90,1749,3582,6264918,0,50,-1,35,1,
core_C119,22506,13424,0,0,4453,1452,6465756,0,106,119,81,0,
core_C120,13771,29233,0,180,2540,2475,6286500,0,-1,-1,85,1,
core_C121,23991,34452,0,0,3623,1782,6456186,0,0,-1,4,0,
Wirelength: 6.73079e+07
layer(tree) info:
layer: 0 ,width: 39692 ,height: 40569 ,area: 1610264748 ,blocks_area: 1306651467, filling_rate: 0.811451, utilizatio_rate: 0.781516
layer: 1 ,width: 40272 ,height: 40368 ,area: 1625700096 ,blocks_area: 1295921664, filling_rate: 0.797147, utilizatio_rate: 0.775098
random seed: 8
alpha: 0
gamma: 1
best wirelength: 6.73079e+07
initial_num_perturbs: 3720
iter: 0
best_iter: 0
best_cost: 0.170108
reject_time: 0
accept_inferior_time: 0
update_best_time: 0
adjustLegalOutline_fail_times: 0
outline_adjust_time: 1.829
initial_wirelength: 3.35513e+08
initial_average_wirelength: 1.9735e+09
3.35707e+08,initial_iter: 3720
initial_time: 4.425
total time cost: 262.337
