name,x,y,layer,rotated_angle,width,height,area,exceed_outline_area,left,right,parent,is_from_left,
macro_C2790,14289,0,0,270,8580,11319,97117020,0,-1,-1,2,1,
macro_C2791,11352,8448,1,180,11319,8580,97117020,0,-1,-1,5,1,
macro_C2792,2673,10461,0,180,11616,8448,98131968,0,0,-1,4,0,
macro_C2793,5804,0,1,0,11616,8448,98131968,0,-1,-1,7,1,
macro_C2794,2673,1782,0,180,11352,8679,98524008,0,-1,2,11,0,
macro_C2795,0,9207,1,180,11352,8679,98524008,0,1,-1,7,0,
core_C0,0,5511,1,180,5542,1815,10058730,0,-1,7,8,0,
core_C1,0,7326,1,180,5804,1881,10917324,0,3,5,6,0,
core_C4,0,3663,1,180,5660,1848,10459680,0,-1,6,12,0,
core_C7,0,5704,0,270,2673,4041,10801593,0,11,-1,10,0,
core_C9,0,0,0,270,1881,5704,10729224,0,-1,9,-1,0,
core_C11,2673,0,0,0,5500,1782,9801000,0,-1,4,9,1,
core_C12,0,1815,1,0,5636,1848,10415328,0,-1,8,13,0,
core_C13,0,0,1,0,5637,1815,10231155,0,-1,12,-1,0,
Wirelength: 2.62482e+07
layer(tree) info:
layer: 0 ,width: 22869 ,height: 18909 ,area: 432429921 ,blocks_area: 325104813, filling_rate: 0.751809, utilizatio_rate: 0.743947
layer: 1 ,width: 22671 ,height: 17886 ,area: 405493506 ,blocks_area: 345855213, filling_rate: 0.852924, utilizatio_rate: 0.791431
random seed: 16
alpha: 0
gamma: 1
best wirelength: 2.62482e+07
initial_num_perturbs: 420
iter: 0
best_iter: 0
best_cost: 0.845131
reject_time: 0
accept_inferior_time: 0
update_best_time: 0
adjustLegalOutline_fail_times: 0
outline_adjust_time: 0.039
initial_wirelength: 7.21459e+07
initial_average_wirelength: 8.5036e+07
7.18665e+07,initial_iter: 420
initial_time: 0.062
total time cost: 0.733
