name,x,y,layer,rotated_angle,width,height,area,exceed_outline_area,left,right,parent,is_from_left,
macro_C124171,1452,35526,0,180,6369,5709,36360621,0,1,-1,116,0,
macro_C124172,7821,35613,0,180,6369,5709,36360621,0,-1,-1,0,1,
macro_C124173,3911,10824,0,90,7524,5676,42706224,0,-1,-1,103,1,
macro_C124174,0,22143,0,180,5676,7524,42706224,0,44,49,58,0,
macro_C124175,0,16500,0,0,8613,4290,36949770,0,75,58,103,0,
macro_C124176,11517,13200,0,90,4290,8613,36949770,0,78,81,24,0,
macro_C124177,11517,0,0,90,7854,5445,42765030,0,28,84,122,1,
macro_C124178,19338,10725,0,180,5445,7854,42765030,0,21,98,55,1,
macro_C124179,8592,29474,1,0,7728,11232,86800896,0,119,-1,87,1,
macro_C124180,8278,30201,0,270,7854,5412,42505848,0,-1,-1,80,1,
macro_C124181,0,0,0,270,7854,5412,42505848,0,-1,11,-1,0,
macro_C124182,0,5412,0,90,7854,5412,42505848,0,38,100,10,0,
macro_C124183,18864,16224,1,0,7728,11232,86800896,0,90,104,119,1,
macro_C124184,16500,28792,0,270,7854,5412,42505848,0,95,32,105,0,
macro_C124185,33231,17611,0,270,5709,6369,36360621,0,-1,-1,77,1,
macro_C124186,32861,11935,0,90,7524,5676,42706224,0,-1,-1,83,1,
macro_C124187,32880,11232,1,270,6144,12288,75497472,0,-1,-1,40,1,
macro_C124188,32256,0,1,0,7776,11232,87340032,0,-1,-1,20,1,
macro_C124189,24783,4290,0,90,7854,5412,42505848,0,120,102,21,0,
macro_C124190,24783,23401,0,0,6369,5709,36360621,0,-1,74,34,0,
macro_C124191,21504,8112,1,90,10752,8112,87220224,0,17,-1,23,1,
macro_C124192,24783,0,0,180,8613,4290,36949770,0,-1,18,7,1,
macro_C124193,29616,23520,1,0,7776,11232,87340032,0,-1,-1,30,1,
macro_C124194,10272,8112,1,270,11232,7728,86800896,0,20,-1,60,1,
macro_C124195,11517,6831,0,90,5709,6369,36360621,0,53,5,84,0,
macro_C124196,18816,0,1,90,10752,8112,87220224,0,-1,-1,26,1,
macro_C124197,6528,0,1,180,12288,6144,75497472,0,25,50,93,1,
macro_C124198,34056,0,0,180,5445,7854,42765030,0,-1,-1,120,1,
macro_C124199,19371,0,0,180,5412,7854,42505848,0,-1,35,6,1,
macro_C124200,31152,25066,0,270,5709,6369,36360621,0,-1,-1,52,0,
macro_C124201,18864,29520,1,270,10752,8112,87220224,0,22,-1,104,0,
macro_C124202,6528,15842,1,0,12288,6144,75497472,0,-1,107,60,0,
macro_C124203,16500,34204,0,270,7854,5445,42765030,0,-1,-1,13,0,
macro_C124204,29106,32227,0,0,5412,7854,42505848,0,-1,-1,66,0,
core_C1,24783,21916,0,180,4507,1485,6692895,0,61,19,112,0,
core_C3,19371,7854,0,180,4536,1452,6586272,0,-1,-1,28,0,
core_C4,0,11050,1,90,2112,6433,13586496,0,-1,56,114,0,
core_C5,26796,13304,0,270,1683,4322,7273926,0,-1,-1,51,1,
core_C6,7854,0,0,270,1452,4491,6520932,0,-1,62,11,1,
core_C7,5676,22396,0,0,4513,1452,6552876,0,-1,48,44,0,
core_C11,30768,16224,1,90,2112,6576,13888512,0,16,-1,70,1,
core_C13,7194,23848,0,270,1452,4413,6407676,0,123,118,99,1,
core_C14,24783,19012,0,0,4374,1452,6351048,0,83,112,115,0,
core_C15,6528,25538,1,0,5520,1824,10068480,0,-1,91,68,0,
core_C16,5676,20944,0,0,4462,1452,6478824,0,-1,39,3,1,
core_C18,0,31119,0,90,1452,4356,6324912,0,116,-1,49,0,
core_C19,2304,29455,1,0,4179,2784,11634336,0,-1,-1,64,0,
core_C22,2871,31119,0,90,1419,4407,6253533,0,94,-1,116,1,
core_C23,5676,23848,0,270,1452,4436,6441072,0,-1,-1,39,0,
core_C24,0,29667,0,180,4395,1452,6381540,0,-1,45,3,0,
core_C26,6528,6144,1,270,2256,5865,13231440,0,-1,60,26,0,
core_C28,24783,14221,0,270,2013,3036,6111468,0,37,115,102,0,
core_C30,31152,20741,0,270,1386,4325,5994450,0,-1,29,77,0,
core_C31,17226,9306,0,180,4297,1419,6097443,0,-1,-1,24,1,
core_C32,10032,16500,0,270,1452,4444,6452688,0,-1,-1,75,1,
core_C33,17919,21281,0,270,1419,4257,6040683,0,7,-1,108,1,
core_C34,0,17483,1,270,2688,5403,14523264,0,-1,96,36,0,
core_C35,4416,11050,1,90,2064,6357,13120848,0,-1,79,64,1,
core_C36,0,20790,0,180,4098,1353,5544594,0,-1,3,4,0,
core_C37,12969,23265,0,270,1023,3201,3274623,0,72,67,117,1,
core_C38,6528,12009,1,90,3744,3833,14350752,0,23,31,50,0,
core_C41,29290,17401,0,90,1452,4549,6605148,0,-1,-1,34,1,
core_C42,7854,4491,0,270,1452,4500,6534000,0,-1,-1,38,0,
core_C43,24783,30694,0,90,1452,4457,6471564,0,92,-1,74,0,
core_C45,2304,22886,1,270,2112,6543,13818816,0,57,46,96,1,
core_C47,32637,8706,0,90,2145,3229,6926205,0,-1,-1,120,0,
core_C48,29106,29110,0,270,2046,3117,6377382,0,77,33,69,1,
core_C49,12969,26466,0,270,1749,3602,6299898,0,106,-1,59,0,
core_C50,6528,24050,1,180,4728,1488,7035264,0,-1,43,107,0,
core_C51,27687,30694,0,90,1419,4445,6307455,0,66,-1,92,1,
core_C54,28704,16224,1,90,2064,6389,13186896,0,40,-1,90,1,
core_C55,0,6394,1,180,3933,2592,10194336,0,-1,114,85,0,
core_C56,13992,23265,0,90,2508,2548,6390384,0,108,-1,59,1,
core_C57,16500,25723,0,180,4501,1452,6535452,0,-1,105,108,0,
core_C58,24783,29110,0,180,4110,1584,6510240,0,-1,63,19,0,
core_C59,8613,16500,0,270,1419,4269,6057711,0,54,-1,4,1,
core_C60,17259,15144,0,90,1617,4058,6561786,0,-1,-1,89,0,
core_C61,31152,17611,0,90,2079,3130,6507270,0,14,52,66,1,
core_C62,15807,13200,0,90,1452,4402,6391704,0,89,82,5,1,
core_C64,4416,17407,1,270,1824,5697,10391328,0,-1,93,57,0,
core_C65,5742,32641,0,180,2536,2508,6360288,0,9,-1,99,0,
core_C66,11517,21813,0,180,4492,1452,6522384,0,-1,117,5,0,
core_C67,15807,19202,0,180,3170,2079,6590430,0,-1,-1,78,0,
core_C68,29157,13804,0,0,3704,1815,6722760,0,15,-1,42,1,
core_C72,11517,5445,0,0,4165,1386,5772690,0,-1,24,6,0,
core_C74,0,0,1,90,2064,6394,13197216,0,-1,71,-1,0,
core_C75,28017,9702,0,90,1848,2775,5128200,0,111,-1,109,1,
core_C77,6528,29474,1,90,2064,6468,13349952,0,8,-1,91,0,
core_C78,15014,21986,1,270,2544,5129,13048176,0,-1,-1,121,1,
core_C79,17259,10725,0,90,1419,4419,6270561,0,-1,76,78,1,
core_C80,26592,16224,1,270,2112,6484,13694208,0,70,-1,12,1,
core_C81,6528,27362,1,180,6342,2112,13394304,0,-1,87,43,0,
core_C82,26235,30694,0,90,1452,4464,6481728,0,69,-1,63,1,
core_C83,4416,23104,1,90,2112,6351,13413312,0,26,-1,79,0,
core_C84,4290,31119,0,90,1452,4397,6384444,0,99,-1,47,1,
core_C85,24354,35158,0,180,4569,1485,6784965,0,-1,-1,13,1,
core_C86,0,22886,1,90,2304,5950,13708800,0,64,-1,56,0,
core_C87,19338,23447,0,0,4160,1353,5628480,0,-1,-1,98,0,
core_C88,19338,18579,0,270,1452,4512,6551424,0,110,97,7,0,
core_C89,5742,28284,0,90,1452,4357,6326364,0,41,80,94,1,
core_C90,0,10824,0,90,1254,3829,4801566,0,-1,103,11,0,
core_C91,29188,15619,0,0,3588,1782,6393816,0,-1,-1,112,1,
core_C92,24783,9702,0,270,1452,4519,6561588,0,109,51,18,0,
core_C93,0,14653,0,180,3911,1551,6065961,0,2,4,100,0,
core_C94,18864,27456,1,180,6424,2064,13259136,0,-1,30,12,0,
core_C96,16500,27175,0,0,4107,1617,6641019,0,-1,13,73,0,
core_C98,14718,25813,0,270,1452,4388,6371376,0,-1,-1,67,1,
core_C101,6528,21986,1,0,6374,2064,13155936,0,121,68,31,0,
core_C102,16500,21281,0,270,1419,4442,6303198,0,55,73,72,1,
core_C104,26235,9702,0,270,1782,3602,6418764,0,86,-1,102,1,
core_C107,20790,18579,0,90,1617,4868,7871556,0,113,-1,98,1,
core_C108,29865,9702,0,90,1617,4102,6632934,0,-1,-1,86,1,
core_C109,24783,20464,0,180,4405,1452,6396060,0,101,34,42,0,
core_C110,22407,18579,0,90,1452,4490,6519480,0,-1,-1,110,1,
core_C111,0,8986,1,0,6355,2064,13116720,0,-1,36,71,0,
core_C112,24783,17626,0,0,4213,1386,5839218,0,-1,42,51,0,
core_C113,1452,31119,0,270,1419,4359,6185421,0,47,0,45,1,
core_C114,11517,23265,0,270,1452,4392,6377184,0,59,-1,81,0,
core_C116,7194,28294,0,0,4361,1452,6332172,0,-1,-1,41,0,
core_C117,16320,27115,1,270,2544,5225,13292400,0,12,-1,8,1,
core_C118,32637,4290,0,270,1419,4416,6266304,0,27,65,18,1,
core_C119,12902,21986,1,270,2112,6373,13459776,0,88,-1,107,1,
core_C120,10098,23848,0,90,1419,4431,6287589,0,6,-1,123,1,
core_C121,8646,23848,0,90,1452,4446,6455592,0,122,-1,41,1,
Wirelength: 1.18058e+08
layer(tree) info:
layer: 0 ,width: 40385 ,height: 41322 ,area: 1668788970 ,blocks_area: 1336235934, filling_rate: 0.800722, utilizatio_rate: 0.79921
layer: 1 ,width: 40032 ,height: 40706 ,area: 1629542592 ,blocks_area: 1242356544, filling_rate: 0.762396, utilizatio_rate: 0.743061
random seed: 7
alpha: 0
gamma: 1
best wirelength: 1.18058e+08
initial_num_perturbs: 3720
iter: 0
best_iter: 0
best_cost: 0.257746
reject_time: 0
accept_inferior_time: 0
update_best_time: 751
adjustLegalOutline_fail_times: 0
outline_adjust_time: 1.553
initial_wirelength: 6.89293e+08
initial_average_wirelength: 2.67431e+09
6.89293e+08,initial_iter: 3720
initial_time: 3.818
total time cost: 100.002
