name,x,y,layer,rotated_angle,width,height,area,exceed_outline_area,left,right,parent,is_from_left,
macro_C8466,22341,11481,0,90,5709,6369,36360621,0,-1,91,28,0,
macro_C8467,12624,11232,1,90,8160,9072,74027520,0,-1,26,20,1,
macro_C16429,12624,26448,1,90,10752,8112,87220224,0,-1,21,26,0,
macro_C16430,34716,23703,0,0,5676,7524,42706224,7524,-1,-1,119,0,
macro_C32011,34419,0,0,270,4290,8613,36949770,0,-1,105,62,1,
macro_C32012,27216,7728,1,180,12288,6144,75497472,0,-1,-1,109,1,
macro_C39784,0,0,1,180,7776,11232,87340032,0,7,86,-1,0,
macro_C39785,7776,0,1,180,7776,11232,87340032,0,27,-1,6,1,
macro_C55552,24912,0,1,270,11232,7728,86800896,0,-1,109,21,1,
macro_C55553,32640,13872,1,0,7728,11232,86800896,0,-1,12,13,1,
macro_C63404,2739,8612,0,0,5412,7854,42505848,0,-1,75,38,0,
macro_C63405,8481,0,0,90,7854,5412,42505848,0,-1,78,65,1,
macro_C71293,32640,25104,1,0,7728,11232,86800896,0,-1,-1,9,0,
macro_C71294,24912,19392,1,0,7728,11232,86800896,0,9,-1,120,0,
macro_C86866,28083,26982,0,0,6369,5709,36360621,0,19,-1,40,0,
macro_C86867,1872,23568,1,90,10752,8112,87220224,0,-1,20,83,0,
macro_C86868,0,33760,0,0,8613,4290,36949770,0,-1,-1,114,0,
macro_C86869,2739,25906,0,0,5445,7854,42765030,0,-1,-1,102,0,
macro_C86870,10032,31500,0,0,5412,7854,42505848,0,-1,-1,69,0,
macro_C94576,34452,31227,0,270,5709,6369,36360621,0,-1,-1,14,1,
macro_C94577,1872,31680,1,90,10752,8112,87220224,0,1,-1,15,0,
macro_C94578,12624,34560,1,0,12288,6144,75497472,0,8,-1,2,0,
macro_C94579,19569,31563,0,180,5445,7854,42765030,0,115,-1,39,0,
macro_C94580,28861,32691,0,0,5412,7854,42505848,0,-1,-1,115,1,
macro_C102137,29502,12144,0,270,5709,6369,36360621,0,31,-1,53,1,
macro_C102138,16665,7854,0,0,5676,7524,42706224,0,-1,74,43,1,
macro_C102139,12624,20304,1,0,12288,6144,75497472,0,-1,2,1,0,
macro_C102140,15552,0,1,0,7776,11232,87340032,0,-1,-1,7,1,
macro_C102141,22341,6069,0,90,7854,5412,42505848,0,100,0,84,0,
macro_C109812,23727,0,0,0,6369,5709,36360621,0,58,-1,84,1,
macro_C109813,1872,11232,1,90,10752,8112,87220224,0,-1,111,86,1,
macro_C109814,35211,10692,0,90,4290,8613,36949770,0,-1,-1,24,1,
macro_C109815,8481,8283,0,90,7854,5445,42765030,0,33,66,51,0,
macro_C109816,16335,0,0,0,5412,7854,42505848,0,-1,-1,32,1,
core_C1,8481,19503,0,180,4507,1485,6692895,0,-1,77,87,0,
core_C3,24912,13872,1,0,4607,2976,13710432,0,-1,120,109,0,
core_C4,2739,0,0,90,1452,4495,6526740,0,-1,38,79,1,
core_C5,8481,27055,0,90,1551,4690,7274190,0,69,-1,118,0,
core_C6,2739,4495,0,270,1584,4117,6521328,0,-1,10,36,0,
core_C7,19569,30111,0,0,4513,1452,6552876,0,-1,22,45,0,
core_C11,28083,24905,0,0,3676,1815,6671940,0,-1,14,107,0,
core_C13,13959,25610,0,270,1584,4045,6407280,0,-1,-1,122,0,
core_C14,11451,27055,0,90,1452,4374,6351048,0,68,-1,69,1,
core_C15,15411,18678,0,90,1254,3858,4837932,0,25,-1,63,1,
core_C16,23760,21084,0,270,2541,2549,6477009,0,67,56,103,1,
core_C18,19569,28527,0,180,3993,1584,6324912,0,-1,39,94,0,
core_C19,19569,20940,0,90,1353,4133,5591949,0,116,123,73,1,
core_C22,23760,25392,0,90,1419,4407,6253533,0,80,-1,56,0,
core_C23,16665,19488,0,0,4436,1452,6441072,0,-1,96,74,0,
core_C24,25179,28501,0,180,2544,2508,6380352,0,-1,90,80,0,
core_C26,0,0,0,90,1584,4013,6356592,0,-1,85,-1,0,
core_C28,8481,6864,0,180,4308,1419,6113052,0,-1,32,78,0,
core_C30,4488,19502,0,90,1386,4325,5994450,0,65,-1,57,1,
core_C31,28083,11481,0,90,1419,4297,6097443,0,24,59,70,1,
core_C32,20064,15378,0,90,1584,4074,6453216,0,-1,-1,95,1,
core_C33,8481,16632,0,180,4257,1419,6040683,0,-1,87,66,0,
core_C34,23760,23742,0,180,4228,1650,6976200,0,-1,47,44,0,
core_C35,2739,19502,0,90,1749,3604,6303396,0,52,102,110,0,
core_C36,30096,0,0,180,3360,1650,5544000,0,-1,89,29,1,
core_C37,28083,15778,0,90,1023,3201,3274623,0,60,107,53,0,
core_C38,29106,18513,0,90,1485,4643,6894855,0,88,-1,59,1,
core_C41,18117,32998,0,270,1452,4549,6605148,0,-1,-1,73,0,
core_C42,32967,1650,0,270,1452,4500,6534000,0,4,-1,82,1,
core_C43,13959,18678,0,90,1452,4457,6471564,0,43,122,68,1,
core_C45,8481,24118,0,0,4472,1485,6640920,0,-1,118,77,0,
core_C47,5874,19502,0,90,2607,2657,6926799,0,11,-1,52,1,
core_C48,8481,13728,0,180,3578,1782,6375996,0,76,55,32,0,
core_C49,26301,19302,0,90,1419,4440,6300360,0,-1,-1,44,1,
core_C50,12903,25603,0,90,1056,3201,3380256,0,63,-1,42,1,
core_C51,10032,27055,0,90,1419,4445,6307455,0,42,18,37,1,
core_C54,26631,31009,0,90,1452,4363,6335076,0,53,-1,90,1,
core_C55,33462,22595,0,90,1254,3905,4896870,0,119,-1,104,1,
core_C56,32967,6150,0,90,1452,4402,6391704,0,-1,-1,108,1,
core_C57,18117,28497,0,270,1452,4501,6535452,0,46,61,113,1,
core_C58,16665,15378,0,90,1584,4110,6510240,0,95,48,25,0,
core_C59,2739,16466,0,180,4269,1419,6057711,0,-1,110,10,0,
core_C60,12059,13728,0,0,4520,1452,6563040,0,-1,98,66,1,
core_C61,8481,20988,0,90,2079,3130,6507270,0,97,64,34,0,
core_C62,8481,5412,0,180,4402,1452,6391704,0,92,51,11,0,
core_C64,1452,4013,0,270,1287,3879,4992273,0,36,-1,85,1,
core_C65,25179,25392,0,270,2046,3109,6361014,0,-1,49,47,1,
core_C66,30195,10692,0,180,4492,1452,6522384,0,-1,-1,100,0,
core_C67,31515,1650,0,90,1452,4539,6590628,0,62,-1,89,1,
core_C68,1872,21456,1,0,6625,2112,13992000,0,-1,15,111,0,
core_C72,22341,0,0,90,1386,4165,5772690,0,29,28,116,1,
core_C74,0,4013,0,90,1452,4366,6339432,0,79,114,50,0,
core_C75,0,11232,1,90,1872,5703,10676016,0,30,-1,6,0,
core_C77,8481,18051,0,0,4419,1452,6416388,0,-1,34,55,0,
core_C78,30591,18513,0,90,1419,4417,6267723,0,121,-1,60,1,
core_C79,30096,1650,0,90,1419,4419,6270561,0,82,-1,58,0,
core_C80,25179,31009,0,90,1452,4530,6577560,0,70,-1,49,0,
core_C81,22341,17850,0,0,4432,1452,6435264,0,-1,93,0,0,
core_C82,12883,5412,0,90,2541,2551,6482091,0,-1,-1,78,1,
core_C83,22341,19302,0,0,3618,1782,6447276,0,-1,103,91,0,
core_C84,19569,26943,0,180,4030,1584,6383520,0,-1,45,123,0,
core_C85,18249,15378,0,90,1815,3738,6784470,0,54,-1,74,1,
core_C86,16665,20940,0,180,2593,2541,6588813,0,-1,99,48,0,
core_C87,10560,20988,0,0,2940,1914,5627160,0,112,-1,77,1,
core_C88,12059,15180,0,0,4512,1452,6551424,0,-1,-1,76,0,
core_C89,16665,23481,0,0,2522,2508,6325176,0,-1,117,96,0,
core_C90,30195,6189,0,90,1353,3549,4801797,0,108,81,28,1,
core_C91,5895,22159,0,0,2549,2508,6392892,0,-1,-1,102,1,
core_C92,2739,23827,0,180,3156,2079,6561324,0,101,17,57,0,
core_C93,22341,21084,0,90,1419,4275,6066225,0,44,-1,93,0,
core_C94,32010,22595,0,90,1452,4387,6369924,0,71,-1,121,0,
core_C96,34419,8613,0,0,3195,2079,6642405,0,-1,-1,4,0,
core_C98,36168,19305,0,90,1782,3576,6372432,0,-1,-1,119,1,
core_C101,28083,23156,0,180,3614,1749,6320886,0,-1,40,59,0,
core_C102,31548,6189,0,90,1419,4442,6303198,0,72,-1,100,1,
core_C104,24912,7728,1,90,2304,5799,13360896,0,5,35,8,0,
core_C107,2739,17885,0,0,4868,1617,7871556,0,-1,57,75,0,
core_C108,1872,19344,1,180,6538,2112,13808256,0,-1,83,30,0,
core_C109,13500,16632,0,180,3126,2046,6395796,0,-1,-1,97,1,
core_C110,16665,28497,0,90,1452,4490,6519480,0,73,-1,117,0,
core_C111,0,8379,0,180,2513,2508,6302604,0,-1,16,85,0,
core_C112,25014,35539,0,0,3847,1518,5839746,0,23,-1,22,1,
core_C113,20922,20940,0,90,1419,4359,6185421,0,84,-1,46,1,
core_C114,16665,25989,0,0,2542,2508,6375336,0,-1,113,99,0,
core_C116,8481,25603,0,180,4361,1452,6332172,0,-1,37,64,0,
core_C117,34716,19305,0,90,1452,4398,6385896,0,106,3,71,1,
core_C118,24912,16848,1,0,5127,2544,13043088,0,-1,13,35,0,
core_C119,32010,18513,0,90,1584,4082,6465888,0,-1,104,88,1,
core_C120,13959,23135,0,180,2540,2475,6286500,0,-1,41,63,0,
core_C121,19569,25359,0,0,4076,1584,6456384,0,-1,94,46,0,
Wirelength: 9.46582e+07
layer(tree) info:
layer: 0 ,width: 40392 ,height: 40545 ,area: 1637693640 ,blocks_area: 1287463881, filling_rate: 0.786145, utilizatio_rate: 0.77004
layer: 1 ,width: 40368 ,height: 40704 ,area: 1643139072 ,blocks_area: 1337215200, filling_rate: 0.813817, utilizatio_rate: 0.799796
random seed: 25
alpha: 0
gamma: 1
best wirelength: 9.46582e+07
initial_num_perturbs: 15376
iter: 0
best_iter: 0
best_cost: 0.14811
reject_time: 0
accept_inferior_time: 0
update_best_time: 0
adjustLegalOutline_fail_times: 0
outline_adjust_time: 0.778
initial_wirelength: 4.00587e+08
initial_average_wirelength: 2.70851e+09
4.01157e+08,initial_iter: 15376
initial_time: 11.526
total time cost: 100.193
