name,x,y,layer,rotated_angle,width,height,area,exceed_outline_area,left,right,parent,is_from_left,
macro_C2791,0,0,1,270,8580,11319,97117020,0,9,-1,-1,0,
macro_C2792,10890,0,1,0,11319,8580,97117020,0,-1,-1,10,1,
macro_C2793,0,0,0,0,11616,8448,98131968,0,5,3,-1,0,
macro_C2794,0,8448,0,0,11616,8448,98131968,0,4,-1,2,0,
macro_C2795,11616,8679,0,180,11352,8679,98524008,0,-1,-1,3,1,
macro_C2796,11616,0,0,0,11352,8679,98524008,0,-1,-1,2,1,
core_C0,8580,9320,1,0,4550,2211,10060050,0,-1,13,10,0,
core_C1,13174,8580,1,270,2310,4726,10917060,0,12,-1,8,1,
core_C4,8580,13775,1,0,4594,2277,10460538,0,7,-1,13,0,
core_C7,8580,0,1,90,2310,4676,10801560,0,-1,10,0,1,
core_C9,8580,4676,1,90,2310,4644,10727640,0,1,6,9,0,
core_C11,15484,11834,1,90,3102,3159,9799218,0,-1,-1,12,0,
core_C12,15484,8580,1,270,3201,3254,10416054,0,-1,11,7,1,
core_C13,8580,11531,1,0,4559,2244,10230396,0,-1,8,6,0,
Wirelength: 6.42821e+06
layer(tree) info:
layer: 0 ,width: 22968 ,height: 17358 ,area: 398678544 ,blocks_area: 393311952, filling_rate: 0.986539, utilizatio_rate: 0.900027
layer: 1 ,width: 22209 ,height: 16052 ,area: 356498868 ,blocks_area: 277646556, filling_rate: 0.778815, utilizatio_rate: 0.635347
random seed: 3
alpha: 0
gamma: 1
best wirelength: 6.42821e+06
initial_num_perturbs: 196
iter: 0
best_iter: 0
best_cost: 0.116351
reject_time: 0
accept_inferior_time: 0
update_best_time: 0
adjustLegalOutline_fail_times: 0
outline_adjust_time: 0
initial_wirelength: 4.64725e+07
initial_average_wirelength: 7.05023e+07
3.07456e+07,initial_iter: 196
initial_time: 0.03
total time cost: 0.43
