name,x,y,layer,rotated_angle,width,height,area,exceed_outline_area,left,right,parent,is_from_left,
macro_C415824,12236,47472,0,0,5520,23736,131022720,0,442,543,61,1,
macro_C393731,13984,91677,0,0,5520,23736,131022720,0,333,146,645,0,
macro_C396425,0,0,1,0,8625,37030,319383750,0,528,110,-1,0,
macro_C399323,63738,83218,0,0,5520,23736,131022720,0,-1,526,583,0,
macro_C401933,27766,52992,0,0,5520,23736,131022720,0,487,313,48,1,
macro_C404827,33930,63787,0,0,5520,23736,131022720,0,-1,310,159,1,
macro_C407516,17848,32844,0,0,5520,23736,131022720,0,-1,221,326,1,
macro_C410398,1472,91063,0,0,5520,23736,131022720,0,625,63,218,0,
macro_C413082,12328,0,0,0,5520,23736,131022720,0,30,457,28,1,
macro_C40987,23902,0,0,0,5520,23736,131022720,0,512,376,398,1,
macro_C418718,39726,40506,0,0,5520,23736,131022720,0,352,109,243,0,
macro_C421703,25829,84065,1,0,8625,37030,319383750,0,220,574,600,1,
macro_C424481,25553,2530,1,0,8625,37030,319383750,0,31,612,534,1,
macro_C427156,25737,39560,1,0,8625,37030,319383750,0,-1,135,597,1,
macro_C429952,56562,83674,0,0,5520,23736,131022720,0,-1,642,403,1,
macro_C432667,37076,58180,1,0,8625,37030,319383750,0,297,463,594,1,
macro_C38059,39726,104027,0,0,5520,23736,131022720,0,440,-1,518,0,
macro_C78506,69810,14827,0,0,5520,23736,131022720,0,-1,-1,303,1,
macro_C390724,25742,29256,0,0,5520,23736,131022720,0,36,48,427,1,
macro_C43597,29790,96255,0,0,5520,23736,131022720,0,461,589,305,0,
macro_C46411,39726,11618,0,0,5520,23736,131022720,0,261,219,157,1,
macro_C48981,6808,23736,0,0,5520,23736,131022720,0,367,569,28,0,
macro_C51791,54814,59938,0,0,5520,23736,131022720,0,185,403,126,1,
macro_C54384,56029,0,0,0,5520,23736,131022720,0,505,286,26,1,
macro_C57054,43774,64242,0,0,5520,23736,131022720,0,459,648,637,1,
macro_C62277,57831,4621,1,0,8625,37030,319383750,0,391,468,292,1,
macro_C65066,50509,18135,0,0,5520,23736,131022720,0,23,561,261,1,
macro_C67838,5957,37030,1,0,8625,37030,319383750,0,-1,425,205,1,
macro_C70493,6808,0,0,0,5520,23736,131022720,0,8,21,67,1,
macro_C73067,67694,50571,0,0,5520,23736,131022720,0,-1,546,56,0,
macro_C75793,17848,0,0,0,5520,23736,131022720,0,-1,-1,8,1,
macro_C59667,34178,0,1,0,8625,37030,319383750,0,308,-1,12,1,
core_C930,49652,15927,0,180,5960,2208,13159680,0,-1,-1,120,1,
core_C1124,49749,13570,1,90,3680,5778,21263040,0,306,474,181,1,
core_C1270,19946,80198,0,0,5271,2576,13578096,0,495,285,171,0,
core_C1382,59179,61668,1,90,3105,6500,20182500,0,68,-1,309,1,
core_C1112,31262,38417,0,90,1932,6165,11910780,0,81,39,18,1,
core_C126,70863,93529,1,90,2760,6989,19289640,0,-1,330,630,0,
core_C1684,6808,50048,0,90,3588,3632,13031616,0,500,41,569,0,
core_C1556,31262,44683,0,90,2024,6440,13034560,0,-1,-1,36,0,
core_C599,13984,85697,0,180,3583,3496,12526168,0,-1,645,520,0,
core_C919,6808,53960,0,180,5168,2576,13312768,0,-1,492,38,0,
core_C1502,10856,88749,0,90,2024,6480,13115520,0,-1,374,248,0,
core_C356,20378,32703,1,90,3105,6358,19741590,0,-1,75,541,0,
core_C1322,14371,3680,1,90,2530,8066,20406980,0,490,353,66,0,
core_C1329,92,63658,1,0,5595,3680,20589600,0,-1,576,592,0,
core_C1044,21231,109250,0,0,4609,2944,13568896,0,122,339,477,1,
core_C318,20470,70299,1,90,3450,5313,18329850,0,-1,128,193,0,
core_C1681,25742,52992,0,90,2024,6389,12931336,0,4,-1,18,0,
core_C1652,51198,80281,1,90,2990,6303,18845970,0,-1,143,225,0,
core_C667,69626,76515,0,0,5458,2576,14059808,0,-1,60,136,0,
core_C285,39726,88403,0,90,2024,6597,13352328,0,637,579,507,0,
core_C15,69016,11975,0,0,4503,2852,12842556,0,430,-1,536,1,
core_C925,40156,48070,1,90,3105,6545,20322225,0,-1,238,503,1,
core_C1409,67915,72246,1,180,7277,2760,20084520,0,-1,484,578,0,
core_C562,49570,118756,0,0,4317,2852,12312084,0,-1,212,184,0,
core_C168,67694,45603,0,270,2484,4968,12340512,0,385,29,236,1,
core_C458,73519,6221,0,90,2024,6573,13303752,0,-1,-1,430,0,
core_C1109,35862,45627,0,180,3712,3680,13660160,0,-1,145,191,0,
core_C943,65596,88119,1,0,4522,4485,20281170,0,-1,-1,481,1,
core_C1583,69626,79091,0,90,2484,5282,13120488,0,587,104,50,0,
core_C100,10856,56536,0,90,1380,4600,6348000,0,0,387,262,1,
core_C1141,0,52503,1,0,5758,3680,21189440,0,-1,161,510,0,
core_C879,1472,114799,0,0,4486,2944,13206784,0,-1,130,7,0,
core_C355,57923,0,1,90,4025,4244,17082100,0,550,-1,306,1,
core_C387,46184,79515,1,270,3565,5520,19678800,0,-1,566,252,0,
core_C647,14371,0,1,0,5524,3680,20328320,0,83,44,528,1,
core_C439,5336,36213,0,90,1472,4505,6631360,0,28,-1,108,1,
core_C721,62284,61668,1,0,6620,3105,20555100,0,-1,289,35,1,
core_C239,35862,60199,0,180,3678,3588,13196664,0,-1,-1,368,0,
core_C1333,41658,81848,0,90,2024,6555,13267320,0,-1,-1,507,1,
core_C266,34454,74110,1,90,2530,7651,19357030,0,-1,89,628,0,
core_C951,10419,91622,1,0,7313,2875,21024875,0,-1,271,369,1,
core_C406,43774,100660,0,0,5482,2116,11599912,0,467,-1,382,0,
core_C259,51213,6594,0,90,2484,5285,13127940,0,-1,-1,441,0,
core_C522,20378,39061,1,90,2530,8135,20581550,0,203,635,43,0,
core_C1618,34454,48070,1,0,5618,3680,20674240,0,-1,609,222,0,
core_C875,35494,4541,0,90,2852,4340,12377680,0,-1,-1,567,1,
core_C841,20378,22838,1,0,4679,4485,20985315,0,470,541,480,1,
core_C1299,26669,93648,0,90,2852,4378,12486056,0,-1,-1,299,1,
core_C44,34454,123310,1,0,8003,2530,20247590,0,-1,-1,117,0,
core_C1017,33194,38417,0,90,2024,6266,12682384,0,-1,-1,36,1,
core_C1331,59966,47792,0,90,3496,3640,12725440,0,577,-1,395,1,
core_C98,19895,0,1,0,4575,4485,20518875,0,-1,-1,66,1,
core_C330,63738,33820,0,90,2576,5159,13289584,0,-1,156,178,0,
core_C358,0,7906,0,270,2852,4327,12340604,0,131,626,163,0,
core_C210,56166,92445,1,180,4660,4485,20900100,0,-1,-1,346,0,
core_C996,2967,78378,1,90,2415,7264,17542560,0,-1,-1,320,1,
core_C780,56029,44940,0,180,4531,2852,12922412,0,155,-1,545,0,
core_C1441,34454,81761,1,270,2530,7819,19782070,0,-1,443,71,0,
core_C576,68356,112114,1,0,5555,3565,19803575,0,-1,-1,532,0,
core_C1456,15824,41081,0,90,1932,6065,11717580,0,-1,-1,362,1,
core_C309,39726,69217,0,90,2024,6511,13178264,0,415,233,109,0,
core_C57,0,25184,0,90,2208,5969,13179552,0,-1,423,379,0,
core_C1493,70215,68108,1,180,5055,3335,16858425,0,-1,-1,338,0,
core_C1295,21528,104742,0,0,5842,2300,13436600,0,397,133,103,0,
core_C1113,16901,7015,1,0,7954,2645,21038330,0,-1,-1,490,0,
core_C1022,33286,51196,0,90,2024,6166,12479984,0,-1,-1,487,0,
core_C34,31722,83232,0,90,2024,6166,12479984,0,419,159,305,1,
core_C1287,35862,31826,0,0,3630,3496,12690480,0,-1,323,247,0,
core_C729,15433,120026,1,90,2415,7359,17771985,0,480,-1,603,1,
core_C1070,19946,68517,0,90,1932,6052,11692464,0,398,171,365,1,
core_C820,1472,48477,0,180,5256,2484,13055904,0,-1,211,508,0,
core_C1151,21528,102258,0,180,5307,2484,13182588,0,-1,95,190,0,
core_C1685,69626,84373,0,0,5763,2300,13254900,0,-1,245,60,0,
core_C929,51290,95324,1,90,2415,7750,18716250,0,295,-1,611,1,
core_C1114,52882,56994,0,0,4541,2944,13368704,0,307,229,283,0,
core_C1484,53434,89468,0,90,1748,5406,9449688,0,488,-1,494,1,
core_C1084,3312,42377,0,90,2024,6100,12346400,0,67,-1,508,1,
core_C1197,39726,64242,0,90,2484,4975,12357900,0,-1,92,10,0,
core_C1135,0,37030,1,90,4255,4433,18862415,0,-1,354,2,0,
core_C934,63738,46375,0,90,3588,3758,13483704,0,237,201,189,0,
core_C845,70771,82366,1,90,3565,5677,20238505,0,-1,608,482,0,
core_C206,66548,20403,1,90,2530,7821,19787130,0,-1,-1,496,0,
core_C33,7889,74060,1,0,6394,3105,19853370,0,-1,378,617,1,
core_C302,14371,21081,1,90,2300,6911,15895300,0,-1,-1,454,0,
core_C589,47687,107288,1,90,2530,8169,20667570,0,-1,-1,564,1,
core_C158,34454,119745,1,180,5423,3565,19332995,0,-1,80,173,0,
core_C414,35862,37070,0,0,3548,3404,12077392,0,-1,191,323,0,
core_C1116,45246,119566,0,90,2852,4384,12503168,0,-1,-1,400,0,
core_C1033,47628,17509,0,90,2024,6191,12530584,0,32,-1,166,1,
core_C1170,45798,93958,0,90,1840,5903,10861520,0,497,-1,396,0,
core_C376,25840,109250,0,0,3600,3496,12585600,0,-1,-1,46,1,
core_C1265,59617,28244,0,90,2484,5264,13075776,0,-1,-1,554,1,
core_C613,53429,4370,1,90,2645,6770,17906650,0,-1,416,306,0,
core_C459,37556,87523,0,90,2024,6552,13261248,0,-1,-1,310,1,
core_C238,52882,71829,0,90,1932,6329,12227628,0,22,-1,230,0,
core_C506,61622,124026,0,0,4553,2944,13404032,0,-1,-1,624,0,
core_C46,20470,75612,1,0,4679,4600,21523400,0,-1,381,47,0,
core_C1232,57201,115511,1,270,2990,6311,18869890,0,555,-1,469,0,
core_C187,1472,117743,0,0,6630,2116,14029080,0,-1,290,63,0,
core_C450,2852,7906,0,90,2024,6228,12605472,0,-1,562,85,1,
core_C494,63641,113885,1,90,2530,7841,19837730,0,175,-1,501,0,
core_C915,21528,107042,0,0,5759,2208,12715872,0,-1,-1,95,0,
core_C1043,29790,125947,0,0,4432,2944,13047808,0,278,-1,589,0,
core_C449,25737,76590,1,0,7877,2530,19928810,0,-1,273,13,0,
core_C10,69626,74307,0,180,5790,2208,12784320,0,-1,50,546,1,
core_C178,31440,76728,0,90,2024,6504,13164096,0,-1,-1,313,1,
core_C1045,6808,62935,0,180,3697,3680,13604960,0,-1,334,492,0,
core_C1298,48796,44973,0,0,4626,2944,13618944,0,-1,-1,472,1,
core_C1488,0,34189,0,180,6590,2024,13338160,0,-1,240,423,0,
core_C1587,56562,112838,0,90,1380,4476,6176880,0,325,-1,504,0,
core_C1285,0,45143,1,0,5843,3680,21502240,0,-1,510,354,0,
core_C1313,51198,86584,1,180,4426,4255,18832630,0,-1,267,49,0,
core_C1249,69216,20712,1,90,3795,5819,22083105,0,-1,466,391,1,
core_C1067,35862,49307,0,90,1932,6312,12194784,0,157,368,58,0,
core_C922,13984,115413,0,180,4395,2852,12534540,0,477,537,1,0,
core_C1050,63373,6495,0,90,3588,3590,12880920,0,360,-1,438,1,
core_C306,44129,0,0,90,2208,5717,12623136,0,291,-1,345,1,
core_C228,23253,114699,1,90,2530,7826,19799780,0,-1,317,534,0,
core_C28,27766,80390,0,180,3622,3588,12995736,0,-1,431,621,0,
core_C326,58053,38476,0,90,2024,6464,13083136,0,-1,-1,478,0,
core_C443,48453,11879,0,0,6472,2024,13099328,0,-1,254,227,1,
core_C156,10511,101052,1,90,2530,7913,20019890,0,279,575,464,0,
core_C1159,56166,76835,1,90,2185,6953,15192305,0,-1,346,570,0,
core_C446,60560,38476,0,90,2024,6628,13415072,0,-1,-1,88,1,
core_C1155,63738,38979,0,180,6379,2116,13497964,0,-1,189,84,0,
core_C1548,37794,49307,0,90,1932,6347,12262404,0,20,-1,145,1,
core_C1326,61226,87419,1,90,2645,7106,18795370,0,-1,407,481,0,
core_C740,31722,89398,0,90,2208,5598,12360384,0,5,-1,98,0,
core_C27,30199,121095,1,90,4255,4447,18921985,0,250,-1,574,1,
core_C133,0,56183,1,0,5814,3795,22064130,0,-1,605,62,0,
core_C350,69247,42873,1,180,6330,3105,19654650,0,-1,-1,606,1,
core_C616,0,5882,0,180,6380,2024,12913120,0,-1,85,327,0,
core_C1605,46184,59232,1,180,4542,4485,20370870,0,-1,341,281,0,
core_C254,49294,67640,0,90,2484,5116,12708144,0,-1,344,228,0,
core_C574,45604,17509,0,90,2024,6451,13056824,0,120,-1,640,1,
core_C191,31446,0,0,90,2944,4440,13071360,0,386,452,512,1,
core_C1019,35414,111121,0,90,2852,4504,12845408,0,-1,646,584,0,
core_C244,51106,115574,1,0,5621,3680,20685280,0,-1,580,568,0,
core_C591,69626,91912,0,0,3691,3680,13582880,0,-1,182,245,0,
core_C200,19946,75029,0,270,2576,5169,13315344,0,-1,34,101,0,
core_C972,0,39433,0,0,4548,2944,13389312,0,-1,523,240,0,
core_C74,34454,106014,1,90,2530,8273,20930690,0,-1,117,375,0,
core_C1261,1472,65674,0,0,5248,2576,13518848,0,-1,208,389,0,
core_C978,66171,113885,1,90,2185,6989,15270965,0,532,-1,132,1,
core_C627,15225,30522,1,90,2530,7666,19394980,0,-1,-1,204,1,
core_C748,27517,112746,0,90,2208,5656,12488448,0,-1,-1,339,1,
core_C373,63738,27432,0,90,2024,6388,12929312,0,632,84,636,0,
core_C1009,61226,78458,1,180,4513,4485,20240805,0,641,481,473,0,
core_C108,42803,23126,1,90,2760,7154,19745040,0,-1,355,522,0,
core_C380,46184,49318,1,90,3565,5544,19764360,0,33,281,200,0,
core_C555,69626,95592,0,0,5180,2484,12867120,0,-1,456,170,0,
core_C1030,29422,6356,0,90,2024,6316,12783584,0,-1,277,512,0,
core_C1455,49570,102285,0,90,1380,4229,5836020,0,251,55,497,1,
core_C537,60334,59594,0,90,2208,5949,13135392,0,-1,275,22,1,
core_C1284,5348,81679,0,90,2944,4471,13162624,0,301,-1,272,1,
core_C1089,67374,43119,0,0,5315,2484,13202460,0,-1,-1,515,1,
core_C1356,23902,25760,0,0,5328,2484,13234752,0,517,427,376,0,
core_C476,63738,41095,0,90,2576,5280,13601280,0,-1,111,156,0,
core_C1688,21528,100234,0,0,6559,2024,13275416,0,-1,103,270,0,
core_C959,35862,40474,0,90,2576,5153,13274128,0,-1,58,118,0,
core_C1037,17756,30544,0,0,5822,2300,13390600,0,-1,-1,442,0,
core_C289,20470,65699,1,0,4668,4600,21472800,0,-1,47,581,0,
core_C1691,56074,56493,1,0,8293,2530,20981290,0,-1,302,502,0,
core_C753,20378,53624,1,180,4693,4485,21048105,0,-1,599,635,0,
core_C1140,34454,42320,1,0,7524,2875,21631500,0,-1,222,250,0,
core_C431,5267,113630,1,270,4370,4374,19114380,0,-1,-1,493,1,
core_C153,35862,15483,0,90,3772,3848,14514656,0,345,530,377,0,
core_C954,50250,91014,0,90,1932,6268,12109776,0,-1,235,396,1,
core_C654,46184,41564,1,90,2530,7754,19617620,0,-1,181,371,0,
core_C422,63738,50133,0,180,3601,3496,12589096,0,-1,234,111,0,
core_C649,44344,97855,1,90,1840,5563,10235920,0,263,-1,214,1,
core_C1185,22908,39061,1,90,2530,8065,20404450,0,-1,-1,75,1,
core_C1450,8625,30522,1,0,6600,3105,20493000,0,176,216,404,0,
core_C1250,2852,104263,1,90,3105,6607,20514735,0,27,390,348,1,
core_C1288,20470,89399,1,180,4579,4485,20536815,0,-1,565,525,0,
core_C1076,13041,115426,1,90,2300,7543,17348900,0,422,-1,357,0,
core_C1698,1472,68250,0,90,2300,5793,13323900,0,370,293,174,0,
core_C1620,63641,104300,1,90,3335,5100,17008500,0,-1,501,533,1,
core_C1303,10856,101636,0,90,2944,4550,13395200,0,-1,553,374,0,
core_C183,1472,50961,0,180,5211,2576,13423536,0,-1,239,102,0,
core_C888,49570,123820,0,180,6385,2116,13510660,0,-1,-1,55,0,
core_C1321,10856,118808,0,90,2576,5402,13915552,0,-1,446,619,0,
core_C583,41929,100845,1,90,2415,7630,18426450,0,202,-1,616,1,
core_C1059,49281,0,0,90,1932,6213,12003516,0,441,-1,291,1,
core_C313,8625,33627,1,0,6397,3105,19862685,0,-1,-1,204,0,
core_C129,13041,105537,1,90,4830,5059,24434970,0,-1,357,279,0,
core_C106,1472,89039,0,180,6353,2024,12858472,0,-1,7,272,0,
core_C952,39726,35354,0,0,4612,2944,13577728,0,472,243,20,0,
core_C1142,34454,37030,1,0,8052,2645,21297540,0,-1,-1,11,1,
core_C1085,17848,56580,0,180,2593,2484,6441012,0,-1,318,6,0,
core_C1369,34454,45195,1,0,7231,2875,20789125,0,-1,76,196,0,
core_C905,33470,4541,0,90,1840,5850,10764000,0,-1,567,452,1,
core_C284,25737,81190,1,0,7254,2875,20855250,0,-1,600,273,0,
core_C1306,51198,75796,1,180,4680,4485,20989800,0,-1,49,639,0,
core_C1391,72183,0,1,90,2645,7936,20990720,0,-1,-1,506,1,
core_C1086,46337,11117,0,90,2116,6392,13525472,0,152,-1,514,0,
core_C22,49294,64328,0,180,3415,3312,11310480,0,-1,165,596,0,
core_C1566,52882,59938,0,90,1932,6023,11636436,0,-1,230,106,0,
core_C789,52882,65961,0,90,1932,5868,11336976,0,-1,126,229,0,
core_C368,23230,80212,1,90,2185,6743,14733455,0,-1,-1,381,1,
core_C700,35414,119305,0,90,1932,6221,12018972,0,462,-1,646,0,
core_C141,39726,75728,0,90,2024,6120,12386880,0,-1,507,92,0,
core_C1068,63738,53629,0,0,3543,3496,12386328,0,-1,644,201,0,
core_C173,50250,97282,0,90,2484,5003,12427452,0,-1,-1,199,0,
core_C138,65762,72341,0,90,1932,6299,12169668,0,56,-1,634,1,
core_C664,67326,41095,0,0,6203,2024,12554872,0,-1,-1,111,1,
core_C470,40156,54615,1,180,5524,3565,19693060,0,-1,-1,53,0,
core_C1097,1472,53537,0,90,2484,5072,12598848,0,-1,420,211,0,
core_C1134,0,36213,0,180,4931,3220,15877820,0,-1,172,140,0,
core_C1418,45157,107288,1,90,2530,7818,19779540,0,-1,564,540,0,
core_C222,63738,68722,0,270,3496,3619,12652024,0,-1,634,372,0,
core_C1041,39726,38298,0,0,5743,2208,12680544,0,-1,10,219,0,
core_C1606,68640,112692,0,0,6279,2024,12708696,0,-1,-1,460,0,
core_C66,69626,86673,0,90,3588,3651,13099788,0,435,170,104,0,
core_C1398,56074,96930,1,0,4596,4485,20613060,0,-1,265,620,0,
core_C992,35862,26635,0,90,2576,5191,13372016,0,-1,99,266,0,
core_C505,10856,86725,0,180,3052,2024,6177248,0,-1,42,387,0,
core_C1294,51198,44303,1,0,4676,4600,21509600,0,-1,590,428,0,
core_C916,34454,39675,1,0,7971,2645,21083295,0,328,196,160,1,
core_C176,50950,102285,0,90,1932,6012,11615184,0,479,410,184,1,
core_C342,46184,75375,1,180,4332,4140,17934480,0,-1,65,429,0,
core_C586,23644,98026,0,180,5599,2208,12362592,0,-1,-1,270,1,
core_C271,48453,13903,0,0,6128,2024,12403072,0,-1,-1,152,0,
core_C327,47362,47917,0,0,5205,2484,12929220,0,-1,-1,352,1,
core_C1293,32842,33994,0,90,2852,4423,12614396,0,-1,-1,322,0,
core_C1081,55982,50513,1,180,7153,2760,19742280,0,548,595,650,0,
core_C1361,56074,106015,1,0,4522,4485,20281170,0,-1,-1,265,0,
core_C840,73674,101664,0,90,2024,6431,13016344,0,-1,-1,347,1,
core_C1374,37426,94075,0,90,2024,6282,12714768,0,-1,-1,461,1,
core_C953,45246,23960,0,0,5263,2484,13073292,0,26,-1,20,1,
core_C849,8832,56536,0,90,2024,6336,12824064,0,61,-1,492,1,
core_C1532,46184,10465,1,0,6470,3105,20089350,0,-1,539,202,1,
core_C1328,51198,57873,1,180,4602,4370,20110740,0,-1,448,399,0,
core_C1319,56074,101415,1,180,4632,4600,21307200,0,-1,258,246,0,
core_C1527,35862,22919,0,270,3588,3716,13333008,0,-1,247,530,0,
core_C838,51198,90839,1,0,4687,4485,21021195,0,-1,611,143,0,
core_C317,6992,95695,0,180,3752,3588,13462176,0,-1,-1,625,0,
core_C778,69078,12722,1,90,2645,7990,21133550,0,-1,-1,496,1,
core_C329,21528,89134,0,90,2116,6396,13533936,0,253,190,333,1,
core_C76,10419,94497,1,0,6811,3335,22714685,0,-1,607,72,0,
core_C1463,1472,85267,0,180,3876,3772,14620272,0,186,218,585,0,
core_C520,25737,79120,1,180,6630,2070,13724100,0,-1,224,135,0,
core_C214,23902,59381,0,90,2208,5607,12380256,0,-1,582,427,0,
core_C1052,60334,65543,0,90,2024,6145,12437480,0,-1,547,185,0,
core_C1524,34454,58167,1,90,2530,7769,19655570,0,-1,628,503,0,
core_C1004,29422,12672,0,90,2208,5695,12574560,0,-1,-1,183,0,
core_C5,34222,125526,0,0,5201,2484,12919284,0,-1,-1,134,1,
core_C442,13041,101052,1,180,4503,4485,20195955,0,-1,217,153,1,
core_C250,62577,47286,1,0,6512,3105,20219760,0,-1,-1,436,0,
core_C1246,46184,54862,1,0,4518,4370,19743660,0,-1,164,181,0,
core_C885,45246,110887,0,90,2484,5091,12646044,0,-1,400,563,0,
core_C1694,52882,51757,0,90,2484,5237,13008708,0,-1,106,479,0,
core_C921,66961,6146,0,270,2208,5829,12870432,0,-1,-1,360,0,
core_C1656,19946,82774,0,90,2944,4428,13036032,0,288,-1,34,0,
core_C12,56029,23736,0,0,5759,2208,12715872,0,-1,557,23,0,
core_C164,42803,4485,1,0,6570,3105,20399850,0,-1,342,308,0,
core_C205,22890,82774,0,90,3588,3665,13150020,0,-1,-1,285,1,
core_C290,62284,64773,1,0,5631,3565,20074515,0,578,-1,68,0,
core_C132,1472,119859,0,0,5982,2208,13208256,0,-1,-1,130,0,
core_C715,46337,0,0,90,2944,4621,13604224,0,215,514,148,1,
core_C1296,51198,31423,1,0,6633,3220,21358260,0,25,414,511,0,
core_C1649,1472,74043,0,180,3717,3588,13336596,0,647,455,208,0,
core_C1517,69166,117200,0,180,5200,2576,13395200,0,-1,-1,556,1,
core_C1082,53705,95324,1,90,2185,7174,15675190,0,601,-1,105,1,
core_C730,37168,108475,1,0,6516,3220,20981520,0,-1,591,622,0,
core_C275,45701,7590,1,0,7298,2875,20981750,0,-1,-1,15,1,
core_C1559,92,74698,1,0,5702,3680,20983360,0,-1,320,439,0,
core_C567,24093,86439,0,90,2576,5227,13464752,0,79,315,304,1,
core_C557,12236,73324,0,0,5228,2576,13467328,0,-1,450,543,0,
core_C1383,8292,73051,0,90,2116,6761,14306276,0,-1,408,186,1,
core_C515,56074,59023,1,180,6868,2645,18165860,0,-1,309,194,0,
core_C397,66590,17659,0,90,3220,4964,15984080,0,17,-1,636,1,
core_C604,17922,87202,0,0,6171,1932,11922372,0,299,-1,365,0,
core_C736,29790,87474,0,90,1932,6318,12206376,0,98,19,405,1,
core_C1498,53429,0,1,180,4494,4370,19638780,0,64,124,33,1,
core_C816,57423,51445,0,90,2852,4541,12950932,0,586,447,106,1,
core_C873,42803,0,1,180,5678,3565,20242070,0,453,287,31,1,
core_C609,56074,61668,1,90,3105,6542,20312910,0,35,559,302,0,
core_C1423,33930,87523,0,180,3626,3496,12676496,0,125,475,5,0,
core_C782,50474,77220,0,90,2024,6435,13024440,0,-1,-1,424,1,
core_C21,32842,20851,0,90,2024,6443,13040632,0,-1,322,517,1,
core_C507,27766,76728,0,180,3674,3588,13182312,0,137,621,4,0,
core_C1157,66760,77996,1,90,3565,5638,20099470,0,-1,-1,473,1,
core_C1096,24093,91666,0,90,2300,5757,13241100,0,-1,-1,299,0,
core_C724,63738,109254,0,0,4502,2944,13253888,0,336,643,526,0,
core_C352,23253,125581,1,0,8189,2530,20718170,0,-1,-1,149,0,
core_C1136,17848,59064,0,0,5787,2300,13310100,0,-1,445,221,0,
core_C491,39634,6440,0,90,2576,5178,13338528,0,-1,-1,489,0,
core_C1377,92,78378,1,90,2875,7261,20875375,0,87,359,298,0,
core_C435,20378,114988,1,90,2645,8294,21937630,0,-1,-1,599,0,
core_C1291,32842,27294,0,90,2208,6700,14793600,0,-1,256,312,0,
core_C1012,35862,35322,0,180,3724,1748,6509552,0,-1,118,99,0,
core_C918,46184,21001,1,90,3220,5002,16106440,0,-1,499,539,0,
core_C1705,57942,112838,0,90,1840,6010,11058400,0,358,519,141,1,
core_C1102,16008,75900,0,90,1840,6053,11137520,0,6,-1,549,1,
core_C792,0,0,0,90,1932,5882,11364024,0,-1,163,-1,0,
core_C1153,42425,39675,1,90,2415,7762,18745230,0,-1,-1,250,1,
core_C1706,48599,85035,1,90,2415,7779,18786285,0,571,-1,566,1,
core_C763,70863,100518,1,90,2645,7111,18808595,0,-1,486,37,0,
core_C1008,45246,46912,0,90,2024,6126,12399024,0,-1,-1,352,0,
core_C1000,61226,100735,1,0,5655,3565,20160075,0,-1,533,411,0,
core_C1461,19504,89134,0,270,2024,6373,12898952,0,270,458,1,1,
core_C1060,6808,66615,0,90,2852,4412,12583024,0,-1,-1,138,0,
core_C1104,54671,119254,1,90,2530,8032,20320960,0,469,-1,580,1,
core_C363,68240,114716,0,0,5239,2484,13013676,0,-1,-1,316,1,
core_C550,37168,115375,1,180,4540,4370,19839800,0,-1,-1,591,0,
core_C965,70215,60379,1,90,2760,7387,20388120,0,551,94,578,1,
core_C9,21231,112746,0,0,6286,2024,12722864,0,177,-1,46,0,
core_C1003,53545,41871,0,90,2024,6285,12720840,0,-1,-1,561,1,
core_C1554,46184,63717,1,90,3105,6439,19993095,0,-1,429,164,0,
core_C746,42803,7590,1,90,2530,7911,20014830,0,-1,522,287,0,
core_C870,11454,80385,1,90,2760,7442,20539920,0,-1,-1,513,1,
core_C626,49294,72756,0,90,2944,4464,13142016,0,-1,-1,165,0,
core_C1541,39634,0,0,0,4495,2852,12819740,0,148,489,198,1,
core_C1631,56166,83788,1,90,2530,7919,20035070,0,361,86,154,0,
core_C1362,71650,101664,0,90,2024,6501,13158024,0,259,588,366,0,
core_C88,92,104263,1,90,2760,7459,20586840,0,205,401,651,0,
core_C786,92,97133,1,0,5626,3565,20056690,0,-1,651,649,0,
core_C1168,66548,0,1,90,2530,8147,20611910,0,506,573,550,1,
core_C186,92,121536,1,180,8155,2530,20632150,0,-1,-1,401,0,
core_C38,45246,40506,0,90,2116,6406,13555096,0,255,331,10,1,
core_C508,14371,11746,1,0,7192,2875,20677000,0,432,454,44,0,
core_C950,0,41463,1,0,5710,3680,21012800,0,-1,142,110,0,
core_C1166,42803,30280,1,90,2645,7995,21146775,0,-1,-1,180,0,
core_C404,37352,100845,1,90,2185,6776,14805560,0,483,-1,524,0,
core_C539,13041,110596,1,0,4940,4830,23860200,0,413,207,217,0,
core_C1397,59782,112838,0,90,1840,5656,10407040,0,527,-1,325,1,
core_C1513,92,85642,1,90,2990,6079,18176210,0,388,649,320,0,
core_C633,66961,0,0,90,1932,6146,11874072,0,-1,284,147,1,
core_C1604,58696,76835,1,90,2415,7909,19100235,0,-1,558,346,1,
core_C1426,12328,41081,0,90,3496,3512,12277952,0,91,-1,384,0,
core_C1338,68693,55908,1,90,4370,4471,19538270,0,-1,-1,548,1,
core_C263,20838,107093,1,90,2415,7895,19066425,0,534,-1,437,0,
core_C1324,17922,68517,0,90,2024,6376,12905024,0,101,304,623,1,
core_C1572,71650,98076,0,180,3596,3588,12902448,0,-1,347,456,1,
core_C167,12328,35009,0,180,5206,2484,12931704,0,-1,384,21,1,
core_C693,35862,55654,0,270,2852,4545,12962340,0,-1,69,145,0,
core_C1521,7889,99450,1,90,2530,8015,20277950,0,72,-1,491,0,
core_C503,3772,71027,0,180,6259,2024,12668216,0,-1,-1,208,1,
core_C1626,46184,33504,1,90,2530,8060,20391800,0,-1,200,499,0,
core_C861,63738,65226,0,180,3648,3496,12753408,0,-1,242,515,0,
core_C354,12328,27968,0,90,2944,4465,13144960,0,-1,529,417,0,
core_C975,10856,95229,0,90,2116,6407,13557212,0,-1,210,42,0,
core_C1536,34454,97848,1,90,2530,8166,20659980,0,-1,173,443,0,
core_C1702,23902,23736,0,0,6566,2024,13289584,0,516,188,9,0,
core_C622,35862,8881,0,90,2024,6602,13362448,0,-1,198,419,1,
core_C1225,7889,77165,1,0,6659,3220,21441980,0,409,513,114,0,
core_C1515,0,23252,0,180,5974,1932,11541768,0,-1,93,626,0,
core_C1412,42742,111695,1,90,2415,7720,18643800,0,540,-1,591,1,
core_C115,20470,80212,1,90,2760,7002,19325520,0,231,525,128,0,
core_C1062,43774,94530,0,90,2024,6130,12407120,0,-1,73,648,0,
core_C166,73030,43119,0,90,2024,6152,12451648,0,-1,-1,385,1,
core_C341,12328,37493,0,180,3609,3588,12949092,0,-1,362,367,0,
core_C1077,70178,45603,0,90,2852,4540,12948080,0,383,-1,56,1,
core_C196,34390,0,0,90,2852,4541,12950932,0,-1,-1,167,1,
core_C1115,10856,81640,0,90,2484,5085,12631140,0,-1,248,61,0,
core_C643,3082,85642,1,90,2530,7811,19761830,0,-1,-1,359,1,
core_C1538,1472,63190,0,0,5231,2484,12993804,0,-1,174,420,0,
core_C821,2852,110870,1,0,7357,2760,20305320,0,-1,493,205,0,
core_C852,66456,28224,1,90,2760,7223,19935480,0,144,-1,25,1,
core_C545,61622,117494,0,0,4447,2944,13091968,0,-1,624,527,0,
core_C438,69216,34785,1,90,2530,8088,20462640,0,-1,-1,466,0,
core_C832,56029,32010,0,90,2024,6311,12773464,0,-1,545,554,0,
core_C1480,56470,47792,0,270,3496,3653,12770888,0,82,-1,479,1,
core_C1477,45798,91014,0,180,4452,2944,13106688,0,199,121,424,0,
core_C109,27370,102258,0,90,2024,6497,13149928,0,-1,-1,95,1,
core_C941,21878,68517,0,90,2024,6512,13180288,0,9,-1,101,1,
core_C962,51198,53273,1,0,4677,4600,21514200,0,-1,264,590,0,
core_C630,45246,115978,0,180,3761,3588,13494468,0,-1,119,282,0,
core_C1529,92,111722,1,90,2645,8178,21630810,0,-1,351,348,0,
core_C801,20470,58109,1,0,4732,4600,21767200,0,-1,581,599,1,
core_C881,54814,83674,0,90,1748,5794,10127912,0,14,-1,22,0,
core_C807,8625,27992,1,180,7691,2530,19458230,0,-1,204,528,0,
core_C1601,27766,87474,0,90,2024,6174,12496176,0,305,-1,431,0,
core_C552,10856,112547,0,90,2024,6187,12522488,0,602,619,553,0,
core_C1238,61226,94525,1,180,6505,3105,20198025,0,-1,411,158,0,
core_C1120,8292,79812,0,90,2024,6250,12650000,0,-1,552,301,0,
core_C612,14548,74060,1,90,2760,7186,19833360,0,-1,444,378,1,
core_C382,50950,108297,0,270,2484,5273,13098132,0,-1,494,251,0,
core_C269,61226,97630,1,0,6443,3105,20005515,0,-1,332,407,0,
core_C1534,49294,54037,0,90,2484,5296,13155264,0,-1,498,459,0,
core_C143,17981,14621,1,90,2530,8142,20599260,0,531,-1,357,1,
core_C1202,51198,34643,1,0,5604,3680,20622720,0,-1,449,292,0,
core_C790,41750,69217,0,90,2024,6528,13212672,0,-1,-1,92,1,
core_C1422,53429,11140,1,90,2530,8160,20644800,0,-1,-1,124,0,
core_C911,12328,25944,0,180,6534,2024,13224816,0,-1,373,457,0,
core_C1318,17848,65941,0,0,5300,2576,13652800,0,-1,623,445,0,
core_C1098,33746,57362,0,90,2116,6352,13440832,0,377,-1,98,1,
core_C1597,1472,58609,0,90,2944,4581,13486464,0,560,389,239,0,
core_C610,51106,103074,1,180,4713,4485,21137805,0,-1,568,598,0,
core_C104,15341,115426,1,0,4713,4600,21679800,0,-1,603,207,1,
core_C1460,0,31153,0,0,4694,3036,14250984,0,-1,140,93,0,
core_C624,45798,87978,0,0,4676,3036,14196336,0,311,396,648,1,
core_C379,5957,74060,1,90,1840,5577,10261680,0,617,-1,27,0,
core_C1522,69155,45978,1,180,6530,2530,16520900,0,-1,544,606,0,
core_C478,23902,28244,0,90,1840,5858,10778720,0,18,274,188,0,
core_C1341,51198,41428,1,180,6133,2875,17632375,0,-1,249,449,0,
core_C6,46184,70156,1,90,3450,5219,18005550,0,-1,252,341,0,
core_C377,73519,0,0,90,1932,6221,12018972,0,-1,57,52,1,
core_C1339,27766,83978,0,180,3547,3496,12400312,0,-1,405,150,0,
core_C489,21563,9660,1,90,2530,7686,19445580,0,-1,-1,353,1,
core_C1487,35414,102610,0,90,2484,5015,12457260,0,-1,584,631,1,
core_C920,7889,86011,1,90,3565,5558,19814270,0,509,491,513,0,
core_C189,73214,86673,0,90,2484,5239,13013676,0,-1,-1,245,1,
core_C956,62577,44181,1,0,6578,3105,20424690,0,606,280,471,1,
core_C1164,20838,102723,1,0,4569,4370,19966530,0,-1,364,618,1,
core_C42,58053,33508,0,0,5320,2484,13214880,0,147,478,545,1,
core_C1402,92,71018,1,0,5787,3680,21296160,0,-1,298,576,0,
core_C1378,45246,102776,0,90,2944,4523,13315712,0,-1,563,16,1,
core_C488,51213,0,0,90,2024,6594,13346256,0,-1,74,215,1,
core_C703,17756,27968,0,0,5180,2576,13343680,0,-1,192,0,1,
core_C399,34454,89580,1,90,2530,8268,20918040,0,594,375,89,0,
core_C656,14548,81246,1,90,3220,6496,20917120,0,-1,-1,409,0,
core_C854,17848,61364,0,270,2944,4577,13474688,0,-1,418,318,0,
core_C768,10856,124210,0,0,6387,2116,13514892,0,485,-1,213,0,
core_C125,57423,56650,0,0,4596,2944,13530624,0,-1,-1,307,0,
core_C281,51198,62243,1,90,4715,4754,22415110,0,-1,521,264,0,
core_C696,51198,38323,1,180,6515,3105,20229075,0,-1,428,414,0,
core_C1483,12236,75900,0,90,1748,5740,10033520,0,549,-1,300,0,
core_C865,34454,51842,1,180,5524,2645,14610980,0,-1,503,609,0,
core_C556,31446,4440,0,90,2024,6396,12945504,0,223,-1,167,0,
core_C1408,48481,0,1,0,4485,4485,20115225,0,-1,-1,308,1,
core_C632,14371,14621,1,90,3105,6460,20058300,0,-1,115,353,0,
core_C1542,1472,77631,0,180,6212,2024,12573088,0,-1,465,293,0,
core_C836,69626,98076,0,90,2024,6523,13202552,0,366,-1,182,0,
core_C872,12328,23736,0,0,5821,2208,12852768,0,-1,417,8,0,
core_C361,19504,95507,0,90,2024,6510,13176240,0,-1,-1,333,0,
core_C570,49294,50401,0,90,3496,3636,12711456,0,-1,412,24,1,
core_C233,68640,106954,0,90,2208,5738,12669504,0,-1,244,526,1,
core_C675,35310,96255,0,90,2116,6355,13447180,0,260,-1,19,1,
core_C456,37346,119305,0,90,1932,5986,11564952,0,-1,-1,232,1,
core_C1703,37076,95210,1,0,8375,2645,22151875,0,-1,593,15,0,
core_C1216,10511,97832,1,0,6724,3220,21651280,0,-1,153,607,1,
core_C702,1472,79655,0,0,6610,2024,13378640,0,-1,585,455,0,
core_C1320,69216,26531,1,90,2530,8254,20882620,0,-1,393,144,0,
core_C392,49256,125936,0,0,5941,2300,13664300,0,633,-1,73,1,
core_C298,57831,41651,1,0,7931,2530,20065430,0,-1,-1,25,0,
core_C1428,57201,111946,1,0,5628,3565,20063820,0,-1,129,335,1,
core_C463,25057,0,1,0,8120,2530,20543600,0,-1,-1,78,1,
core_C240,55982,44303,1,0,6595,3105,20477475,0,436,650,601,1,
core_C524,44338,35354,0,0,4458,2852,12714216,0,139,-1,219,1,
core_C396,61226,74778,1,0,5534,3680,20365120,0,314,179,558,1,
core_C62,49749,19348,1,0,8050,2530,20366500,0,-1,-1,33,0,
core_C434,33930,91019,0,90,2484,5236,13006224,0,-1,-1,310,0,
core_C1591,51014,25098,1,180,6370,3105,19778850,0,-1,615,571,0,
core_C564,18379,115413,0,90,2852,4546,12965192,0,46,-1,146,1,
core_C311,58053,35992,0,180,5219,2484,12963996,0,-1,151,438,0,
core_C391,52882,48156,0,270,3588,3601,12920388,0,395,283,251,1,
core_C1537,17848,120026,1,90,2530,7962,20143860,0,78,-1,100,1,
core_C1128,61226,82943,1,90,4370,4476,19560120,0,59,158,179,0,
core_C1314,70771,77996,1,180,4426,4370,19341620,0,-1,112,532,1,
core_C1586,39537,100845,1,90,2300,7195,16548500,0,616,-1,356,1,
core_C1608,67915,75006,1,180,7580,2990,22664200,0,-1,-1,54,0,
core_C194,17243,119959,0,0,6633,2024,13425192,0,-1,-1,446,1,
core_C67,70863,107629,1,0,4607,4485,20662395,0,-1,-1,330,0,
core_C1510,33286,44683,0,90,2024,6513,13182312,0,-1,97,4,1,
core_C814,55182,117314,0,90,2024,6506,13168144,0,-1,-1,107,1,
core_C874,39634,2852,0,180,3670,3588,13167960,0,640,319,345,0,
core_C735,16901,4485,1,0,7897,2530,19979410,0,-1,96,44,1,
core_C898,7889,91569,1,90,2530,7881,19938930,0,-1,369,434,0,
core_C1355,6808,56536,0,90,2024,6399,12951576,0,262,138,41,0,
core_C1073,2852,113630,1,90,2415,7906,19092990,0,197,-1,390,0,
core_C1675,50950,113570,0,90,2484,5186,12882024,0,107,-1,410,0,
core_C1567,25217,68484,0,90,2208,5672,12523776,0,-1,-1,34,1,
core_C687,66548,12722,1,90,2530,7681,19432930,0,269,113,573,0,
core_C754,47638,93958,0,90,1932,6135,11852820,0,184,-1,121,1,
core_C805,49294,59333,0,90,2392,4921,11771032,0,-1,596,412,0,
core_C1474,46184,26003,1,90,2300,7501,17252300,0,-1,371,324,0,
core_C722,10396,50048,0,90,1840,3912,7198080,0,-1,-1,38,1,
core_C107,63641,109400,1,0,4688,4485,21025680,0,538,132,209,0,
core_C40,56074,53273,1,0,6529,3220,21023380,0,-1,194,595,1,
core_C859,34454,54487,1,0,5702,3680,20983360,0,53,276,451,0,
core_C670,56562,109894,0,0,4503,2944,13256832,0,-1,141,642,0,
core_C1479,61549,0,0,270,2024,6495,13145880,0,-1,-1,23,1,
core_C447,69078,0,1,90,3105,6401,19875105,0,226,-1,350,1,
core_C1636,39726,81848,0,90,1932,5840,11282880,0,70,51,233,0,
core_C839,1472,42377,0,90,1840,5892,10841280,0,108,102,523,1,
core_C1344,11454,87827,1,0,5869,3795,22272855,0,-1,-1,434,1,
core_C1575,0,48823,1,0,5739,3680,21119520,0,-1,62,142,0,
core_C1156,51198,28203,1,0,6518,3220,20987960,0,-1,292,598,1,
core_C835,29422,0,0,90,2024,6356,12864544,0,167,183,9,1,
core_C1663,7889,80385,1,90,3565,5626,20056690,0,343,434,378,0,
core_C1671,46337,4621,0,90,2024,6496,13147904,0,-1,227,291,0,
core_C595,63738,61638,0,180,3636,3588,13045968,0,187,372,644,0,
core_C1615,30468,18367,0,0,5083,2484,12626172,0,-1,-1,376,1,
core_C221,29230,25760,0,0,3612,3496,12627552,0,312,-1,188,1,
core_C800,39726,98496,0,90,2208,5531,12212448,0,-1,16,579,0,
core_C54,57942,118848,0,90,2760,4406,12160560,0,-1,-1,325,0,
core_C798,13984,82293,0,180,3564,3404,12131856,0,-1,40,549,0,
core_C314,51198,66997,1,90,4255,4429,18845395,0,-1,639,448,0,
core_C1616,42803,15501,1,90,2530,7625,19291250,0,-1,180,342,0,
core_C986,0,42377,0,90,1472,4426,6515072,0,508,-1,172,0,
core_C1325,37352,97855,1,180,6189,2990,18505110,0,-1,356,613,1,
core_C851,20470,87214,1,180,4594,2185,10037890,0,-1,206,381,0,
core_C452,63738,106954,0,180,4902,2300,11274600,0,460,316,3,0,
core_C1395,61622,107410,0,90,2116,6589,13942324,0,536,392,358,1,
core_C659,8625,0,1,0,5746,3680,21145280,0,66,404,2,1,
core_C1336,12328,32433,0,0,5189,2576,13366864,0,-1,-1,373,0,
core_C31,35862,19331,0,180,3605,3588,12934740,0,-1,266,198,0,
core_C521,20511,17346,1,90,3565,5492,19578980,0,-1,-1,413,1,
core_C86,68356,99934,1,90,2415,7926,19141290,0,482,90,175,1,
core_C751,61226,104300,1,90,2415,7646,18465090,0,209,-1,332,0,
core_C1063,23253,107093,1,90,2300,7606,17493800,0,12,149,364,1,
core_C150,60693,68338,1,180,6887,3220,22176140,0,-1,638,570,1,
core_C823,63738,15175,0,0,5278,2484,13110552,0,52,572,527,1,
core_C741,13984,118265,0,90,2484,5137,12760308,0,-1,-1,146,0,
core_C1241,68329,92604,1,90,2415,7330,17701950,0,-1,-1,501,1,
core_C634,46184,13570,1,90,2300,7431,17091300,0,-1,324,263,0,
core_C389,45157,103723,1,180,5464,3565,19479160,0,-1,241,380,1,
core_C39,20378,27323,1,90,3450,5380,18561000,0,-1,43,78,0,
core_C776,20470,98353,1,180,4578,4370,20005860,0,-1,604,565,0,
core_C1038,12236,71208,0,180,5416,2116,11460256,0,-1,300,0,0,
core_C1360,69155,48508,1,90,2760,7400,20424000,0,-1,-1,426,0,
core_C1346,56029,38321,0,90,2024,6082,12309968,0,438,88,394,0,
core_C423,67694,74307,0,90,1932,6335,12239220,0,136,-1,29,0,
core_C280,60334,71688,0,90,2024,6339,12830136,0,-1,-1,275,0,
core_C1669,63135,50391,1,180,5558,3680,20453440,0,363,-1,257,1,
core_C1330,13984,75900,0,90,2024,6393,12939432,0,326,520,450,1,
core_C63,61948,0,1,90,4600,4621,21256600,0,350,-1,64,1,
core_C1342,72975,60379,1,90,2415,7729,18665535,0,-1,-1,338,1,
core_C1236,8292,86062,0,90,1932,6045,11678940,0,-1,-1,408,0,
core_C641,10856,106186,0,90,2024,6361,12874664,0,-1,406,210,0,
core_C523,56029,28244,0,270,3588,3766,13512408,0,123,394,557,0,
core_C871,60191,115511,1,90,2875,7270,20901250,0,-1,-1,129,1,
core_C1410,66222,117200,0,270,2944,4645,13674880,0,294,-1,643,1,
core_C1207,56029,25944,0,180,5773,2300,13277900,0,-1,554,286,0,
core_C1259,58696,84744,1,90,2530,7701,19483530,0,473,-1,361,0,
core_C353,56074,68210,1,180,4414,4255,18781570,0,-1,620,309,0,
core_C909,4416,53537,0,90,2024,6596,13350304,0,-1,-1,420,1,
core_C1690,50509,41871,0,90,3036,3102,9417672,0,340,-1,26,0,
core_C1337,2852,14134,0,90,2024,6266,12682384,0,-1,-1,131,0,
core_C1617,45246,107299,0,180,3679,3588,13200252,0,-1,282,440,0,
core_C204,45157,115106,1,90,2530,7768,19653040,0,116,-1,241,0,
core_C312,20470,93884,1,90,4370,4469,19529530,0,-1,542,206,0,
core_C136,46184,85035,1,90,2415,7923,19134045,0,329,629,65,0,
core_C1535,33470,10391,0,90,2024,6075,12295800,0,77,-1,223,0,
core_C219,51106,107559,1,90,2645,8015,21199675,0,-1,169,421,0,
core_C390,6808,47472,0,0,5265,2576,13562640,0,-1,38,21,0,
core_C1465,56166,72465,1,180,4527,4370,19782990,0,535,154,620,1,
core_C1262,51014,21878,1,0,6462,3220,20807640,0,-1,476,329,1,
core_C1121,63738,17659,0,90,2576,5265,13562640,0,-1,636,536,0,
core_C549,66548,8147,1,90,4370,4575,19992750,0,-1,496,350,0,
core_C697,25829,121095,1,90,4370,4486,19603820,0,160,-1,11,0,
core_C1674,10511,122969,1,180,4572,4370,19979640,0,-1,-1,153,0,
core_C713,92,67338,1,0,5714,3680,21027520,0,-1,439,45,0,
core_C409,63462,10085,0,90,2484,5090,12643560,0,-1,-1,82,1,
core_C437,67915,64773,1,90,2300,7473,17187900,0,338,54,289,1,
core_C24,39726,95000,0,0,3627,3496,12679992,0,-1,518,51,0,
core_C766,51106,119254,1,90,3565,5562,19828530,0,335,-1,169,0,
core_C1,20470,62709,1,180,4523,2990,13523770,0,-1,193,402,0,
core_C635,23902,64988,0,180,3568,3496,12473728,0,-1,-1,274,0,
core_C771,63738,80642,0,180,5191,2576,13372016,0,-1,3,634,0,
core_C1179,35414,107625,0,0,3619,3496,12652024,0,-1,168,433,0,
core_C1632,1472,81679,0,180,3697,3588,13264836,0,-1,272,465,0,
core_C1657,60275,51432,0,90,2484,5218,12961512,0,-1,-1,307,1,
core_C112,72110,79091,0,90,2484,5052,12549168,0,-1,-1,60,1,
core_C127,71650,108165,0,180,4063,2668,10840084,0,-1,-1,347,0,
core_C793,29790,119991,0,90,1932,5956,11506992,0,631,134,19,0,
core_C1507,51198,48903,1,0,4582,4370,20023340,0,-1,399,249,0,
core_C71,37168,111695,1,0,5574,3680,20512320,0,380,337,296,0,
core_C1359,92,59978,1,0,5631,3680,20722080,0,-1,45,605,1,
core_C1036,37076,97855,1,0,92,115,10580,0,622,-1,463,0,
core_C1240,36984,58167,1,0,92,115,10580,0,15,-1,443,1,
core_C1628,55982,53273,1,0,92,115,10580,0,502,-1,257,0,
core_C1061,49294,64254,0,90,92,74,6808,0,-1,228,498,0,
core_C473,25645,39560,1,0,92,115,10580,0,13,-1,612,1,
core_C1110,51106,28203,1,0,92,115,10580,0,511,421,615,1,
core_C1147,20378,58109,1,180,92,115,10580,0,402,321,195,0,
core_C1200,25737,84065,1,0,92,115,10580,0,11,-1,224,0,
core_C1501,55890,66997,1,0,92,115,10580,0,471,-1,295,1,
core_C1650,12880,106186,0,90,92,74,6808,0,-1,-1,406,1,
core_C994,15341,120026,1,0,92,115,10580,0,100,-1,422,0,
core_C982,20470,102723,1,0,92,115,10580,0,614,-1,542,0,
core_C946,0,59978,1,0,92,115,10580,0,592,-1,161,0,
core_C652,69155,42873,1,0,92,115,10580,0,162,426,436,1,
core_C674,10419,97832,1,0,92,115,10580,0,464,-1,271,0,
core_C26,70771,88043,1,0,92,115,10580,0,630,-1,112,0,
core_C743,34454,51750,1,90,115,92,10580,0,-1,451,76,0,
core_C843,20654,102723,1,0,92,115,10580,0,618,-1,614,1,
core_C819,51198,95324,1,180,92,115,10580,0,105,-1,267,0,
core_C806,25553,39560,1,0,92,115,10580,0,597,-1,12,0,
core_C1494,37260,97855,1,0,92,115,10580,0,524,-1,622,1,
core_C1434,20562,102723,1,180,92,115,10580,0,610,-1,604,1,
core_C1416,51014,28203,1,0,92,115,10580,0,598,-1,476,0,
core_C169,41837,100845,1,0,92,115,10580,0,214,-1,483,1,
core_C267,7797,74060,1,0,92,115,10580,0,114,-1,425,1,
core_C93,20746,102723,1,0,92,115,10580,0,437,-1,610,1,
core_C297,10856,118734,0,270,92,74,6808,0,-1,213,406,0,
core_C1281,56074,72465,1,0,92,115,10580,0,570,246,559,0,
core_C1277,27766,80316,0,270,92,74,6808,0,-1,150,313,0,
core_C140,37168,97855,1,0,92,115,10580,0,613,296,593,1,
core_C1253,17848,68517,0,0,74,92,6808,0,365,-1,418,0,
core_C1316,61622,120438,0,180,3737,3588,13408356,0,-1,127,392,0,
core_C878,6992,92107,0,180,3595,3588,12898860,0,-1,268,7,1,
core_C1014,0,20400,0,180,4315,2852,12306380,0,-1,379,85,0,
core_C307,46184,97328,1,90,3105,6395,19856475,0,-1,-1,629,0,
core_C241,34454,65936,1,90,2530,8174,20680220,0,-1,71,276,0,
core_C1545,46184,92958,1,180,4474,4370,19551380,0,-1,627,566,0,
core_C381,70863,88043,1,90,3450,5486,18926700,0,-1,37,608,1,
core_C87,31722,119991,0,180,3692,3588,13246896,0,433,-1,589,1,
core_C50,65762,27432,0,90,2024,6368,12888832,0,-1,-1,178,1,
core_C385,55197,125936,0,0,5339,2484,13262076,0,-1,-1,467,1,
core_C249,63738,72341,0,90,2024,6198,12544752,0,236,583,242,0,
core_C97,20378,47196,1,90,3105,6428,19958940,0,-1,195,75,0,
core_C619,63738,22924,0,90,2852,4508,12856816,0,303,178,572,0,
core_C747,41750,88403,0,90,2024,6560,13277440,0,24,-1,51,1,
core_C223,60693,71558,1,0,6453,3220,20778660,0,-1,-1,535,0,
core_C1440,51198,71426,1,180,4429,4370,19354730,0,-1,225,521,0,
core_C1305,43304,5717,0,90,2300,5783,13300900,0,166,-1,489,1,
core_C783,65739,83634,1,180,4559,4485,20447115,0,-1,-1,179,1,
core_C407,56562,107410,0,180,5039,2484,12516876,0,-1,504,14,0,
core_C846,63738,112198,0,90,2484,5296,13155264,0,556,-1,316,0,
core_C926,63738,57125,0,90,2944,4513,13286272,0,-1,515,234,0,
core_C1593,13984,89193,0,0,5235,2484,13003740,0,-1,1,40,0,
core_C575,35414,115625,0,180,3733,3680,13737440,0,-1,232,168,0,
core_C588,5189,73051,0,90,2944,4533,13345152,0,-1,-1,293,1,
core_C848,43774,87978,0,90,2024,6552,13261248,0,424,382,24,0,
core_C1209,92,93453,1,0,5588,3680,20563840,0,-1,349,359,0,
core_C1245,55982,47408,1,0,6513,3105,20222865,0,-1,257,471,0,
core_C1040,92,100698,1,180,5674,3565,20227810,0,-1,348,349,0,
Wirelength: 6.24444e+09
layer(tree) info:
layer: 0 ,width: 75713 ,height: 128891 ,area: 9758724283 ,blocks_area: 7339492372, filling_rate: 0.752095, utilizatio_rate: 0.749519
layer: 1 ,width: 75685 ,height: 128111 ,area: 9696081035 ,blocks_area: 7655886720, filling_rate: 0.789586, utilizatio_rate: 0.78183
random seed: 18
alpha: 0
gamma: 1
best wirelength: 6.24444e+09
initial_num_perturbs: 19560
iter: 0
best_iter: 0
best_cost: 0.19975
reject_time: 0
accept_inferior_time: 0
update_best_time: 1049
adjustLegalOutline_fail_times: 0
outline_adjust_time: 257.762
initial_wirelength: 1.25249e+10
initial_average_wirelength: 6.27029e+10
1.25249e+10,initial_iter: 19560
initial_time: 346.809
total time cost: 601.193
