name,x,y,layer,rotated_angle,width,height,area,exceed_outline_area,left,right,parent,is_from_left,
macro_C8466,11232,16512,1,0,9072,8160,74027520,0,-1,59,53,0,
macro_C8467,20031,0,0,270,5709,6369,36360621,0,-1,113,64,1,
macro_C16429,20928,6144,1,0,8112,10752,87220224,0,20,32,4,1,
macro_C16430,30101,13233,0,270,7524,5676,42706224,0,-1,74,49,1,
macro_C32011,14784,24672,1,90,6144,12288,75497472,0,2,-1,114,1,
macro_C32012,35711,24618,0,90,4290,8613,36949770,0,-1,-1,106,1,
macro_C39784,14487,28911,0,0,5445,7854,42765030,0,-1,31,28,0,
macro_C39785,0,16431,0,0,5445,7854,42765030,0,-1,102,77,0,
macro_C55552,29040,19344,1,270,11232,7728,86800896,0,-1,-1,22,0,
macro_C55553,32807,33451,0,0,5412,7854,42505848,0,-1,-1,81,0,
macro_C63404,0,31968,1,90,11232,7728,86800896,0,16,-1,57,0,
macro_C63405,0,30191,0,0,5412,7854,42505848,0,26,-1,107,0,
macro_C71293,20928,28128,1,0,7728,11232,86800896,0,13,-1,32,0,
macro_C71294,28656,28128,1,0,7728,11232,86800896,0,-1,-1,12,1,
macro_C86866,0,7728,1,180,9072,8160,74027520,0,-1,25,18,0,
macro_C86867,10051,0,0,0,5676,7524,42706224,0,-1,-1,34,1,
macro_C86868,11232,0,1,0,12288,6144,75497472,0,-1,24,10,1,
macro_C86869,0,0,0,0,5445,7854,42765030,0,-1,111,-1,0,
macro_C86870,0,0,1,90,11232,7728,86800896,0,-1,14,-1,0,
macro_C94576,34391,0,0,90,5709,6369,36360621,0,-1,-1,21,1,
macro_C94577,29040,0,1,90,10752,8112,87220224,0,-1,22,2,1,
macro_C94578,25778,0,0,0,8613,4290,36949770,0,19,61,56,1,
macro_C94579,29040,8112,1,0,7776,11232,87340032,0,-1,8,20,0,
macro_C94580,32525,7821,0,90,7854,5412,42505848,0,-1,-1,115,1,
macro_C102137,11232,6144,1,0,9072,8160,74027520,0,-1,53,16,0,
macro_C102138,0,15888,1,270,10752,8112,87220224,0,-1,36,14,0,
macro_C102139,5412,30595,0,0,8613,4290,36949770,0,-1,-1,11,1,
macro_C102140,5544,8521,0,90,7854,5445,42765030,0,110,98,34,0,
macro_C102141,14487,21057,0,0,5412,7854,42505848,0,-1,6,87,0,
macro_C109812,31553,18909,0,0,6369,5709,36360621,0,-1,105,74,1,
macro_C109813,20031,22237,0,0,5676,7524,42706224,0,-1,108,95,0,
macro_C109814,14487,36765,0,0,8613,4290,36949770,0,40,-1,6,0,
macro_C109815,20928,16896,1,0,7776,11232,87340032,0,-1,12,2,0,
macro_C109816,25778,24507,0,0,5412,7854,42505848,0,-1,104,91,0,
core_C1,5544,7036,0,0,4507,1485,6692895,0,15,27,101,0,
core_C3,17094,10736,0,90,1452,4536,6586272,0,94,-1,112,0,
core_C4,0,24000,1,0,4565,2976,13585440,0,-1,85,25,0,
core_C5,28649,5742,0,180,4322,1683,7273926,0,42,80,45,1,
core_C6,11187,20428,0,90,1584,4117,6521328,0,-1,62,44,0,
core_C7,20031,17848,0,0,4513,1452,6552876,0,-1,48,117,0,
core_C11,23100,36382,0,180,4493,1485,6672105,0,-1,68,31,1,
core_C13,20031,14350,0,0,3132,2046,6408072,0,96,117,63,0,
core_C14,32971,6369,0,0,4374,1452,6351048,0,-1,-1,37,1,
core_C15,14487,12392,0,90,1254,3858,4837932,0,83,87,60,1,
core_C16,11187,18382,0,0,3166,2046,6477636,0,-1,38,82,1,
core_C18,27197,5742,0,90,1452,4356,6324912,0,37,-1,122,1,
core_C19,17160,15272,0,90,1353,4133,5591949,0,-1,-1,86,1,
core_C22,25778,17787,0,90,1749,3575,6252675,0,-1,91,99,0,
core_C23,20031,19300,0,180,4436,1452,6441072,0,-1,95,39,0,
core_C24,28649,11806,0,90,1452,4395,6381540,0,3,-1,80,0,
core_C26,4092,25737,0,90,1452,4378,6356856,0,65,-1,100,1,
core_C28,4102,7854,0,270,1419,4308,6113052,0,-1,75,111,1,
core_C30,5544,4198,0,180,4325,1386,5994450,0,-1,101,65,0,
core_C31,11232,14304,1,180,5748,2208,12691584,0,-1,0,24,0,
core_C32,8382,18322,0,90,2046,3154,6453084,0,-1,66,73,0,
core_C33,6963,16870,0,90,1419,4257,6040683,0,-1,89,109,0,
core_C34,24260,29761,0,90,1518,4596,6976728,0,21,-1,119,1,
core_C35,0,29904,1,180,6357,2064,13120848,0,-1,10,85,0,
core_C36,8382,24593,0,90,1353,4098,5544594,0,82,76,66,0,
core_C37,11232,24672,1,90,1488,4581,6816528,0,114,-1,0,0,
core_C38,12639,24545,0,270,1848,3731,6894888,0,43,-1,62,1,
core_C41,25778,4290,0,180,4549,1452,6605148,0,-1,122,21,0,
core_C42,11187,24545,0,90,1452,4500,6534000,0,60,-1,38,0,
core_C43,20031,11809,0,0,2547,2541,6471927,0,93,41,123,0,
core_C45,18546,15133,0,90,1485,4472,6640920,0,1,-1,94,0,
core_C47,5544,0,0,270,1650,4198,6926700,0,-1,52,50,1,
core_C48,8382,21476,0,90,2046,3117,6377382,0,-1,58,54,0,
core_C49,27527,16201,0,90,1419,4440,6300360,0,-1,-1,99,1,
core_C50,23100,37867,0,0,3201,1056,3380256,0,-1,-1,40,0,
core_C51,34259,24618,0,90,1419,4445,6307455,0,-1,106,81,1,
core_C54,21714,34357,0,180,4000,1584,6336000,0,-1,-1,119,0,
core_C55,31553,28725,0,90,1254,3905,4896870,0,81,-1,105,0,
core_C56,27362,32630,0,0,4402,1452,6391704,0,-1,-1,104,1,
core_C57,8382,16870,0,0,4501,1452,6535452,0,120,54,89,1,
core_C58,30101,18909,0,90,1452,4483,6509316,0,29,-1,3,0,
core_C59,4102,12162,0,270,1419,4269,6057711,0,-1,-1,51,0,
core_C60,8382,29132,0,180,4520,1452,6563040,0,-1,-1,58,0,
core_C61,0,9471,0,180,3652,1782,6507864,0,-1,7,111,0,
core_C62,5544,25546,0,180,2548,2508,6390384,0,-1,121,103,0,
core_C64,4507,26976,1,180,4606,2256,10391136,0,-1,-1,85,1,
core_C65,28649,7425,0,90,1452,4381,6361212,0,115,49,37,0,
core_C66,32807,28725,0,270,1452,4492,6522384,0,69,9,71,1,
core_C67,9735,24593,0,270,1452,4539,6590628,0,44,-1,58,1,
core_C68,15741,0,0,90,1617,4157,6721869,0,-1,97,43,1,
core_C72,20031,31345,0,90,1683,3430,5772690,0,119,-1,108,0,
core_C74,0,26976,1,0,4507,2928,13196496,0,79,57,36,0,
core_C75,15741,15272,0,90,1419,3614,5128266,0,46,-1,97,0,
core_C77,14487,19605,0,0,4419,1452,6416388,0,-1,28,43,0,
core_C78,1419,25737,0,90,1419,4417,6267723,0,100,-1,107,1,
core_C79,6963,21127,0,90,1419,4419,6270561,0,73,-1,55,0,
core_C80,17094,4157,0,0,2589,2541,6578649,0,-1,112,97,1,
core_C81,25778,21362,0,270,2046,3145,6434670,0,92,33,47,0,
core_C82,27824,20641,0,270,1782,3637,6481134,0,-1,-1,91,1,
core_C83,22578,11809,0,180,3151,2046,6446946,0,-1,-1,63,1,
core_C84,18546,10736,0,90,1452,4397,6384444,0,-1,64,35,1,
core_C85,20031,20752,0,0,4569,1485,6784965,0,-1,30,48,0,
core_C86,23163,13855,0,0,2593,2541,6588813,0,-1,-1,41,1,
core_C87,15741,4157,0,90,1353,4160,5628480,0,90,86,83,0,
core_C88,5544,13966,0,0,4512,1452,6551424,0,-1,103,27,0,
core_C89,25778,14170,0,90,1749,3617,6326133,0,67,47,118,0,
core_C90,2838,25737,0,90,1254,3829,4801566,0,50,-1,88,1,
core_C91,5544,5584,0,180,4403,1452,6393156,0,-1,34,52,0,
core_C92,0,24285,0,0,4519,1452,6561588,0,-1,107,7,0,
core_C93,5544,15418,0,90,1419,4275,6066225,0,109,78,98,0,
core_C94,25778,32361,0,270,1584,4021,6369264,0,72,-1,33,0,
core_C96,31553,24618,0,90,1617,4107,6641019,0,-1,71,29,0,
core_C98,34259,29063,0,270,1452,4388,6371376,0,5,-1,69,0,
core_C101,0,25737,0,90,1419,4454,6320226,0,88,11,102,0,
core_C102,20031,29761,0,180,3979,1584,6302736,0,-1,84,30,0,
core_C104,6963,15418,0,0,4421,1452,6419292,0,-1,55,103,1,
core_C107,13398,7524,0,90,1617,4868,7871556,0,-1,-1,27,1,
core_C108,0,7854,0,0,4102,1617,6632934,0,51,77,17,0,
core_C109,17094,6698,0,90,1584,4038,6396192,0,-1,35,90,0,
core_C110,20031,6369,0,90,1782,3658,6518556,0,116,123,1,0,
core_C111,12720,24672,1,90,2064,6355,13116720,0,4,-1,59,1,
core_C112,30101,7425,0,0,2424,2409,5839416,0,23,-1,80,1,
core_C113,21813,6369,0,90,1551,3988,6185388,0,-1,-1,113,1,
core_C114,20031,16396,0,0,4392,1452,6377184,0,-1,39,41,0,
core_C116,25778,10173,0,270,1584,3997,6331248,0,-1,99,122,0,
core_C117,21714,31345,0,180,2546,2508,6385368,0,56,70,84,1,
core_C118,12883,13966,0,90,1419,4416,6266304,0,-1,-1,73,1,
core_C119,5544,28054,0,180,2544,2541,6464304,0,-1,-1,78,0,
core_C120,25778,5742,0,90,1419,4431,6287589,0,45,118,61,0,
core_C121,20031,10357,0,0,4446,1452,6455592,0,-1,63,113,0,
Wirelength: 8.37262e+07
layer(tree) info:
layer: 0 ,width: 40379 ,height: 41305 ,area: 1667854595 ,blocks_area: 1292577495, filling_rate: 0.774994, utilizatio_rate: 0.773098
layer: 1 ,width: 40272 ,height: 39696 ,area: 1598637312 ,blocks_area: 1326341472, filling_rate: 0.82967, utilizatio_rate: 0.793293
random seed: 19
alpha: 0
gamma: 1
best wirelength: 8.37262e+07
initial_num_perturbs: 15376
iter: 0
best_iter: 0
best_cost: 0.143473
reject_time: 0
accept_inferior_time: 0
update_best_time: 0
adjustLegalOutline_fail_times: 0
outline_adjust_time: 0.77
initial_wirelength: 3.6378e+08
initial_average_wirelength: 2.53552e+09
3.6378e+08,initial_iter: 15376
initial_time: 11.517
total time cost: 100.19
