name,x,y,layer,rotated_angle,width,height,area,exceed_outline_area,left,right,parent,is_from_left,
macro_C415824,69884,63620,0,0,5520,23736,131022720,0,-1,427,641,0,
macro_C393731,20157,0,0,0,5520,23736,131022720,0,480,-1,35,1,
macro_C396425,65780,10695,1,0,8625,37030,319383750,0,-1,68,546,1,
macro_C399323,30820,0,0,0,5520,23736,131022720,0,-1,-1,228,1,
macro_C401933,53894,37278,0,0,5520,23736,131022720,0,188,45,384,0,
macro_C404827,48006,99951,0,0,5520,23736,131022720,0,120,-1,407,0,
macro_C407516,51870,2650,0,0,5520,23736,131022720,0,-1,219,598,0,
macro_C410398,0,62342,0,0,5520,23736,131022720,0,-1,276,584,0,
macro_C413082,29774,101128,0,0,5520,23736,131022720,0,400,-1,297,0,
macro_C40987,36219,56708,1,0,8625,37030,319383750,0,-1,-1,534,1,
macro_C418718,29072,33461,0,0,5520,23736,131022720,0,-1,388,50,0,
macro_C421703,5704,50416,0,0,5520,23736,131022720,0,524,464,34,0,
macro_C424481,44050,64568,0,0,5520,23736,131022720,0,-1,441,107,1,
macro_C427156,42302,0,0,0,5520,23736,131022720,0,448,371,15,1,
macro_C429952,57850,90662,0,0,5520,23736,131022720,0,474,538,22,0,
macro_C432667,36782,0,0,0,5520,23736,131022720,0,13,419,118,1,
macro_C38059,23184,55835,0,0,5520,23736,131022720,0,228,106,223,1,
macro_C78506,47495,12880,1,0,8625,37030,319383750,0,514,31,32,0,
macro_C390724,17664,95496,0,0,5520,23736,131022720,0,495,403,457,0,
macro_C43597,5704,23736,0,0,5520,23736,131022720,0,94,34,29,0,
macro_C46411,32936,63132,0,0,5520,23736,131022720,0,306,58,594,0,
macro_C48981,17664,43056,0,0,5520,23736,131022720,0,644,26,321,0,
macro_C51791,57850,66926,0,0,5520,23736,131022720,0,333,14,503,1,
macro_C54384,42302,35236,0,0,5520,23736,131022720,0,478,277,251,1,
macro_C57054,25921,42644,1,0,8625,37030,319383750,0,201,404,374,0,
macro_C62277,5704,81236,0,0,5520,23736,131022720,0,477,492,650,0,
macro_C65066,17664,66792,0,0,5520,23736,131022720,0,-1,76,21,0,
macro_C67838,15616,3220,1,0,8625,37030,319383750,0,-1,348,198,1,
macro_C70493,59646,0,0,0,5520,23736,131022720,0,-1,587,353,1,
macro_C73067,5704,0,0,0,5520,23736,131022720,0,278,19,508,1,
macro_C75793,14467,53068,1,0,8625,37030,319383750,0,73,500,144,0,
macro_C59667,47495,49910,1,0,8625,37030,319383750,0,585,362,17,0,
core_C930,47495,8395,1,0,4597,4485,20617545,0,140,17,141,1,
core_C1124,51870,76570,0,90,2300,5901,13572300,0,-1,-1,331,0,
core_C1270,5704,47472,0,0,4612,2944,13577728,0,352,11,19,0,
core_C1382,15640,25576,0,0,4517,2852,12882484,0,1,586,283,0,
core_C1112,0,52687,0,180,3499,3404,11910596,0,184,584,46,0,
core_C126,49267,23713,0,90,2208,5579,12318432,0,-1,-1,498,1,
core_C1684,32892,28071,0,90,2944,4427,13033088,0,-1,-1,253,0,
core_C1556,69805,67146,1,0,5545,3680,20405600,0,-1,428,618,1,
core_C599,4830,42917,1,90,2530,7751,19610030,0,-1,432,63,0,
core_C919,1932,16669,0,0,3710,3588,13311480,0,-1,631,332,0,
core_C1502,65344,13368,0,90,2024,6480,13115520,0,365,-1,314,0,
core_C356,61900,46577,0,90,2024,6233,12615592,0,221,-1,248,1,
core_C1322,31096,93492,0,0,6443,2024,13040632,0,114,-1,560,0,
core_C1329,53894,61014,0,0,6501,2024,13158024,0,266,346,4,0,
core_C1044,0,49743,0,0,4609,2944,13568896,0,-1,36,185,0,
core_C318,32188,79674,1,90,2990,6131,18331690,0,-1,-1,404,1,
core_C1681,34850,48653,0,0,5206,2484,12931704,0,380,250,575,0,
core_C1652,53894,70336,0,90,1932,6234,12044088,0,503,-1,243,0,
core_C667,29072,29781,0,0,3820,3680,14057600,0,253,10,305,1,
core_C285,0,88286,0,180,5183,2576,13351408,0,179,241,276,0,
core_C15,55775,102001,1,0,6473,3105,20098665,0,-1,247,600,1,
core_C925,56971,88767,1,0,6545,3105,20322225,0,-1,-1,303,0,
core_C1409,15456,0,0,270,2208,5814,12837312,0,-1,-1,381,1,
core_C562,0,39163,0,180,3521,3496,12309416,0,-1,89,420,0,
core_C168,33828,125385,1,180,5414,3565,19300910,0,-1,-1,542,1,
core_C458,25921,89909,1,0,6464,3220,20814080,0,465,147,270,0,
core_C1109,32936,86868,0,180,3712,3680,13660160,0,165,-1,20,0,
core_C943,56971,40852,1,90,2760,7348,20280480,0,579,218,382,0,
core_C1583,73380,101971,0,90,2024,6483,13121592,0,-1,-1,581,1,
core_C100,39008,103168,1,90,1725,5758,9932550,0,520,-1,206,1,
core_C1141,0,120581,1,0,8012,2645,21191740,0,320,-1,92,0,
core_C879,4830,34750,1,90,2530,8167,20662510,0,-1,40,224,0,
core_C355,33010,57197,0,90,1840,5935,10920400,0,118,-1,594,1,
core_C387,36294,115495,1,0,5520,3565,19678800,0,540,-1,109,0,
core_C647,9637,61951,1,180,4533,4485,20330505,0,590,-1,174,0,
core_C439,71724,93752,0,180,3794,1748,6631912,0,-1,410,163,0,
core_C721,65780,47725,1,0,8124,2530,20553720,0,-1,601,2,0,
core_C239,62878,91872,1,90,2530,8161,20647330,0,-1,-1,502,1,
core_C1333,26562,83067,0,90,2024,6555,13267320,0,-1,-1,209,1,
core_C266,1932,8100,0,90,2484,4981,12372804,0,-1,332,356,0,
core_C951,49846,93235,0,0,5844,2300,13441200,0,-1,-1,264,0,
core_C406,23092,53068,1,90,2645,6861,18147345,0,-1,-1,30,1,
core_C259,15640,47666,0,90,2024,6487,13129688,0,-1,202,537,0,
core_C522,51870,47094,0,90,2024,6502,13160048,0,-1,331,121,0,
core_C1618,17664,90528,0,0,5320,2484,13214880,0,-1,457,26,0,
core_C875,36782,30852,0,0,3540,3496,12375840,0,-1,497,385,0,
core_C841,7360,90779,1,0,5703,3680,20987040,0,476,-1,193,0,
core_C1299,73210,0,1,90,2530,7721,19534130,0,-1,-1,336,1,
core_C44,73748,87356,0,90,2024,6396,12945504,0,-1,-1,163,1,
core_C1017,3669,26053,0,90,2024,6266,12682384,0,-1,-1,573,1,
core_C1331,11224,68504,0,180,3640,3496,12725440,0,-1,269,208,0,
core_C98,67878,36543,0,0,5281,2484,13118004,0,-1,-1,317,0,
core_C330,29072,83923,0,90,2024,6566,13289584,0,325,-1,547,0,
core_C358,29072,69464,0,90,2484,4968,12340512,0,-1,568,151,0,
core_C210,67768,113658,0,180,6603,2024,13364472,0,-1,444,455,0,
core_C996,0,14625,1,180,6102,2875,17543250,0,433,402,458,0,
core_C780,15180,125026,0,270,3588,3601,12920388,0,-1,-1,647,1,
core_C1441,0,42659,0,180,3617,3496,12645032,0,-1,185,55,0,
core_C576,11224,6384,0,90,3496,3621,12659016,0,-1,559,278,0,
core_C1456,71264,107211,0,90,1932,6065,11717580,0,-1,-1,406,1,
core_C309,0,117408,1,0,7469,2760,20614440,0,536,62,426,0,
core_C57,12052,47035,1,0,8147,2530,20611910,0,-1,518,462,1,
core_C1493,11224,16233,0,90,1840,5858,10778720,0,-1,527,19,1,
core_C1295,36478,96268,1,0,5711,3680,21016480,0,-1,210,605,1,
core_C1113,5980,107011,1,0,6534,3220,21039480,0,-1,-1,211,1,
core_C1022,65670,94111,0,90,2024,6166,12479984,0,-1,606,515,0,
core_C34,7452,72646,1,180,6287,3105,19521135,0,-1,635,366,0,
core_C1287,42302,103475,0,90,3496,3630,12690480,0,-1,-1,176,0,
core_C729,15640,90909,0,90,1932,5882,11364024,0,-1,629,390,0,
core_C1070,25921,116436,1,90,2415,7573,18288795,0,-1,542,342,0,
core_C820,65964,65844,1,90,2530,8071,20419630,0,338,256,599,0,
core_C1151,65670,55441,0,180,3674,3588,13182312,0,-1,112,523,0,
core_C1685,38456,66067,0,90,2024,6549,13255176,0,-1,-1,306,0,
core_C929,25208,94498,0,90,1932,6194,11966808,0,305,649,634,1,
core_C1114,23184,79571,0,90,2024,6606,13370544,0,334,209,16,0,
core_C1484,42302,64568,0,90,1748,5406,9449688,0,12,176,177,0,
core_C1084,11635,82672,0,90,2208,5591,12344928,0,-1,216,164,0,
core_C1197,36294,111930,1,180,5422,3565,19329430,0,-1,65,607,0,
core_C1135,55775,108326,1,90,2415,7812,18865980,0,502,-1,247,0,
core_C934,47822,5377,0,90,2116,6373,13485268,0,-1,-1,448,0,
core_C845,65670,59029,0,90,3588,3607,12941916,0,-1,548,103,0,
core_C206,63646,119384,0,90,2024,6251,12652024,0,577,-1,160,1,
core_C33,37539,93267,0,180,4451,2852,12694252,0,-1,-1,44,1,
core_C302,56120,16560,1,270,2300,6911,15895300,0,-1,576,514,0,
core_C589,15640,34832,0,90,2024,6529,13214696,0,-1,537,586,0,
core_C158,38889,105030,0,90,2484,4977,12362868,0,-1,-1,625,1,
core_C414,34850,32498,0,90,1932,6251,12076932,0,15,249,64,1,
core_C1116,27697,15906,0,90,2484,5033,12501972,0,-1,-1,644,1,
core_C1033,53526,97467,0,90,2024,6191,12530584,0,-1,-1,5,1,
core_C1170,51870,41728,0,90,2024,5366,10860784,0,353,75,409,0,
core_C376,6102,11325,1,90,2530,7781,19685930,0,-1,-1,433,0,
core_C1265,25848,2852,0,0,4441,2944,13074304,0,-1,217,416,1,
core_C613,13248,55369,0,90,1932,5926,11449032,0,-1,-1,208,1,
core_C459,34137,18666,1,0,6440,3220,20736800,0,401,-1,591,1,
core_C238,18952,115518,1,90,2415,7917,19119555,0,570,-1,212,0,
core_C506,5704,107824,0,0,5204,2576,13405504,0,555,422,492,0,
core_C46,33388,26774,1,90,2645,8138,21525010,0,-1,-1,640,1,
core_C1232,42981,96268,1,90,2415,7814,18870810,0,-1,-1,210,1,
core_C187,47822,43483,0,180,3812,3680,14028160,0,-1,200,181,0,
core_C450,25780,118320,0,90,2852,4419,12602988,0,-1,-1,408,1,
core_C494,62397,66277,1,90,2530,7841,19837730,0,-1,-1,398,0,
core_C915,17664,28428,0,0,4458,2852,12714216,0,293,335,390,1,
core_C1043,4830,101261,1,180,8065,2530,20404450,0,-1,-1,438,0,
core_C449,65670,78971,0,90,2852,4468,12742736,0,-1,574,215,0,
core_C10,59646,30056,0,180,4482,2852,12782664,0,-1,-1,587,0,
core_C178,58389,63038,0,0,4471,2944,13162624,0,350,-1,346,1,
core_C1045,17664,36800,0,0,3697,3680,13604960,0,416,321,298,0,
core_C1298,52228,116138,1,0,5788,3680,21299840,0,-1,-1,556,1,
core_C1488,52092,8395,1,0,5667,3680,20854560,0,543,-1,32,1,
core_C1587,45770,8165,1,90,1725,5598,9656550,0,32,-1,610,1,
core_C1285,51870,0,0,0,5339,2576,13753264,0,-1,598,549,1,
core_C1313,65670,28815,0,180,5036,2392,12046112,0,-1,182,467,0,
core_C1249,14467,49565,1,0,7681,2875,22082875,0,-1,30,518,1,
core_C1067,69805,91808,1,90,2760,6908,19066080,0,-1,372,558,0,
core_C922,72491,50255,1,90,2530,7749,19604970,0,-1,-1,279,1,
core_C1050,25921,93129,1,180,5650,3565,20142250,0,-1,619,57,0,
core_C306,47822,35441,0,90,3496,3610,12620560,0,-1,181,478,0,
core_C228,68196,0,0,0,6256,2024,12662144,0,-1,-1,363,1,
core_C28,4830,74860,1,90,2530,8032,20320960,0,-1,521,466,0,
core_C326,29072,65876,0,0,3646,3588,13081848,0,-1,85,487,0,
core_C443,37215,21886,1,0,4566,4485,20478510,0,171,369,344,1,
core_C156,59414,54184,0,90,2852,4489,12802628,0,-1,-1,248,0,
core_C1159,38672,87127,0,180,3200,3036,9715200,0,-1,231,637,0,
core_C446,55826,83194,0,90,2024,6628,13415072,0,-1,456,329,0,
core_C1155,25921,29649,1,0,7341,2875,21105375,0,-1,640,597,1,
core_C1548,68154,49634,0,90,3496,3507,12260472,0,630,-1,383,0,
core_C1326,16307,105743,1,90,2645,7106,18795370,0,423,-1,475,0,
core_C740,71599,106829,1,90,2760,7002,19325520,0,-1,-1,338,1,
core_C27,61714,119384,0,90,1932,6264,12102048,0,113,-1,233,0,
core_C133,60720,115916,1,90,2645,8342,22064590,0,546,-1,496,1,
core_C350,0,23845,0,180,5693,2208,12570144,0,-1,573,493,0,
core_C616,71724,87356,0,90,2024,6380,12913120,0,80,67,427,1,
core_C1605,11635,79084,0,0,3631,3588,13028028,0,557,108,650,1,
core_C254,36648,86868,0,90,2024,6278,12706672,0,199,-1,58,1,
core_C574,0,2875,1,90,2530,8070,20417100,0,-1,458,190,0,
core_C191,62397,50730,1,90,2760,7406,20440560,0,-1,398,482,1,
core_C1019,40067,26371,1,90,3565,5635,20088775,0,-1,389,201,1,
core_C244,47822,54340,0,90,2944,4494,13230336,0,-1,-1,489,0,
core_C591,41999,25760,0,180,5273,2576,13583248,0,-1,316,419,1,
core_C200,41781,17108,1,90,2530,8229,20819370,0,-1,-1,152,1,
core_C972,13616,107916,0,90,2024,6615,13388760,0,504,-1,242,1,
core_C74,60699,8165,1,90,2530,8273,20930690,0,-1,642,604,0,
core_C1261,9637,57466,1,180,4712,4485,21133320,0,-1,66,462,0,
core_C978,0,105654,0,180,3932,2484,9767088,0,-1,287,627,0,
core_C627,42302,97856,0,90,2208,5619,12406752,0,-1,99,107,0,
core_C748,42302,60996,0,270,3496,3572,12487712,0,434,107,277,0,
core_C373,65780,117008,1,270,3105,6512,20219760,0,-1,-1,530,0,
core_C1009,5183,119440,0,180,4540,2852,12948080,0,268,471,51,1,
core_C108,4830,90696,1,90,2530,7805,19746650,0,616,438,521,0,
core_C380,47822,39051,0,90,2852,4432,12640064,0,-1,130,148,0,
core_C555,65670,31207,0,90,2024,6357,12866568,0,-1,535,143,0,
core_C1030,69805,84678,1,180,5606,3565,19985390,0,-1,558,379,0,
core_C1455,3499,52687,0,90,1932,3020,5834640,0,-1,-1,36,1,
core_C537,0,46155,0,0,3660,3588,13132080,0,397,46,89,0,
core_C1284,7452,84454,1,0,6627,3105,20576835,0,-1,-1,472,0,
core_C1089,40067,38545,1,270,4485,4603,20644455,0,-1,252,389,0,
core_C1356,59414,37278,0,90,2024,6539,13234936,0,-1,304,4,1,
core_C476,0,115422,0,90,2944,4620,13601280,0,-1,-1,387,0,
core_C1688,0,0,1,0,7220,2875,20757500,0,-1,166,-1,0,
core_C959,22875,31730,0,90,2576,5153,13274128,0,-1,-1,519,0,
core_C1037,56971,77676,1,0,5689,3680,20935520,0,446,303,358,0,
core_C289,7360,87559,1,0,6669,3220,21474180,0,-1,78,616,0,
core_C1691,55683,98781,1,0,6516,3220,20981520,0,-1,617,620,1,
core_C753,56971,62548,1,90,3680,5719,21045920,0,-1,415,482,0,
core_C1140,25737,8403,1,0,7524,2875,21631500,0,240,205,570,1,
core_C431,15640,19780,0,180,4287,2852,12226524,0,-1,283,230,0,
core_C153,9637,43145,1,0,5979,3795,22690305,0,27,462,505,0,
core_C954,38672,72616,0,90,2116,5723,12109868,0,-1,364,165,1,
core_C654,47822,47163,0,270,3496,3589,12547144,0,-1,489,130,0,
core_C422,34546,41457,1,180,5521,3565,19682365,0,168,311,24,1,
core_C649,15640,54153,0,90,1472,4449,6548928,0,-1,494,74,0,
core_C1185,15640,71545,0,90,2024,6448,13050752,0,-1,288,440,0,
core_C1450,56897,0,1,0,6600,3105,20493000,0,-1,-1,310,1,
core_C1250,25737,11278,1,270,4485,4574,20514390,0,479,608,196,0,
core_C1288,36478,103168,1,90,2530,8118,20538540,0,61,-1,210,0,
core_C1076,2024,56091,0,0,3350,3312,11095200,0,-1,-1,584,1,
core_C1698,11224,61921,0,90,2024,6583,13323992,0,124,82,648,0,
core_C1620,23184,86177,0,180,3378,3220,10877160,0,70,225,106,0,
core_C1303,36478,99948,1,180,6503,3220,20939660,0,129,206,95,0,
core_C183,2300,107011,1,90,3680,5703,20987040,0,96,445,373,0,
core_C888,18952,112298,1,0,6560,3220,21123200,0,-1,126,376,0,
core_C1321,47679,101522,1,0,7567,2875,21755125,0,-1,-1,393,0,
core_C583,71650,48007,0,270,2392,4927,11785384,0,-1,-1,630,0,
core_C1059,65670,75445,0,90,3404,3526,12002504,0,-1,135,375,0,
core_C313,11635,88263,0,90,2484,5114,12703176,0,-1,-1,108,0,
core_C129,25848,5796,0,90,2760,5663,15629880,0,-1,392,123,0,
core_C106,56971,48200,1,180,7946,2530,20103380,0,-1,529,59,0,
core_C952,51870,26386,0,0,4612,2944,13577728,0,450,254,6,0,
core_C1142,16307,95508,1,180,6614,3220,21297080,0,-1,299,357,0,
core_C1085,63924,35760,0,90,1380,4668,6441840,0,-1,-1,43,1,
core_C1369,45982,123687,0,0,4517,2944,13298048,0,412,-1,468,0,
core_C905,21344,119232,0,90,1840,5850,10764000,0,16,408,229,1,
core_C284,4830,31875,1,0,7254,2875,20855250,0,-1,63,490,0,
core_C1306,23184,89622,0,0,5213,2576,13428688,0,-1,461,209,0,
core_C1391,34850,57603,0,180,4561,2944,13427584,0,-1,281,623,0,
core_C1086,55826,120264,0,90,2944,4594,13524736,0,-1,-1,456,0,
core_C22,28704,20939,0,90,2116,5346,11312136,0,3,274,16,1,
core_C1566,19412,119232,0,90,1932,6023,11636436,0,223,-1,403,1,
core_C789,15640,13912,0,90,1932,5868,11336976,0,-1,197,504,0,
core_C368,38672,90163,0,270,3036,3104,9423744,0,-1,-1,154,0,
core_C700,59782,114472,0,90,1932,6221,12018972,0,233,-1,615,0,
core_C141,61714,114398,0,90,2484,4986,12385224,0,-1,160,232,1,
core_C1068,5183,125236,0,180,4344,2852,12389088,0,-1,-1,471,0,
core_C173,11224,99541,0,180,3555,3496,12428280,0,-1,-1,324,0,
core_C138,12299,17560,1,90,2415,7878,19025370,0,-1,528,452,0,
core_C664,0,0,0,180,5686,2208,12554688,0,-1,493,-1,0,
core_C470,3660,38816,0,90,2024,6224,12597376,0,-1,-1,397,0,
core_C1097,2300,29115,1,90,2530,7783,19690990,0,490,436,501,0,
core_C1134,33261,3335,1,0,6168,4025,24826200,0,442,-1,196,1,
core_C1418,0,90862,0,180,3619,3496,12652024,0,-1,463,51,0,
core_C222,11592,107916,0,90,2024,6251,12652024,0,172,647,539,1,
core_C1041,53894,65890,0,90,2852,4446,12679992,0,-1,49,346,0,
core_C1606,36202,93738,1,0,7852,2530,19865560,0,-1,621,595,1,
core_C66,12667,118251,0,90,2484,5273,13098132,0,-1,-1,268,1,
core_C1398,28792,5796,0,90,2024,6515,13186360,0,-1,-1,392,1,
core_C992,55775,105106,1,0,6492,3220,20904240,0,-1,110,52,0,
core_C505,59414,51700,0,0,2486,2484,6175224,0,43,153,532,0,
core_C1294,34850,40483,0,270,2944,4674,13760256,0,-1,575,118,0,
core_C916,34850,51137,0,90,2116,6374,13487384,0,377,623,48,0,
core_C176,40370,35236,0,90,1932,6012,11615184,0,23,-1,313,0,
core_C342,40067,43148,1,90,2415,7427,17936205,0,449,-1,187,0,
core_C586,32892,23736,0,90,2852,4335,12363420,0,-1,38,50,1,
core_C271,51870,29330,0,90,2024,6128,12403072,0,-1,409,219,0,
core_C327,0,29549,0,90,2208,5856,12930048,0,-1,420,573,0,
core_C1293,65964,73915,1,90,2530,7794,19718820,0,-1,-1,102,0,
core_C1081,22246,46710,1,90,3105,6358,19741590,0,-1,-1,454,0,
core_C1361,29774,95516,0,0,3616,3588,12974208,0,481,297,354,1,
core_C840,69805,74966,1,0,5529,3680,20346720,0,-1,379,428,0,
core_C1374,70362,31207,0,90,2852,4458,12714216,0,-1,-1,317,1,
core_C953,29064,124864,0,0,5263,2484,13073292,0,-1,-1,282,1,
core_C849,65780,81709,1,90,2530,7923,20045190,0,-1,530,601,0,
core_C1532,70760,13368,0,90,2024,6350,12852400,0,-1,-1,577,1,
core_C1328,49846,91027,0,0,5827,2208,12866016,0,-1,72,510,0,
core_C1319,73582,37149,0,90,2116,6442,13631272,0,-1,-1,630,1,
core_C1527,60395,58673,0,180,4529,2944,13333376,0,-1,-1,45,1,
core_C838,68889,53141,0,0,5847,2300,13448100,0,-1,-1,523,1,
core_C317,9723,119440,0,90,2944,4572,13459968,0,245,-1,179,1,
core_C778,11224,72000,0,0,3768,3588,13519584,0,-1,-1,82,0,
core_C329,25921,87264,1,0,7998,2645,21154710,0,534,57,554,0,
core_C76,50222,3680,1,0,4817,4715,22712155,0,-1,-1,312,1,
core_C1463,7452,34750,1,180,4847,4715,22853605,0,550,561,616,1,
core_C520,38714,34348,0,90,1656,5302,8780112,0,473,437,497,1,
core_C214,28704,26285,0,180,3541,3496,12379336,0,-1,-1,228,0,
core_C1052,65670,66224,0,90,2208,5633,12437664,0,-1,375,548,0,
core_C1524,0,86078,0,180,5695,2208,12574560,0,-1,51,7,0,
core_C1004,42302,58972,0,180,6213,2024,12575112,0,-1,177,23,0,
core_C5,11224,0,0,90,2024,6384,12921216,0,381,90,29,1,
core_C442,67988,50255,1,0,4503,4485,20195955,0,146,507,323,1,
core_C250,60814,5635,1,0,7992,2530,20219760,0,-1,-1,604,1,
core_C1246,34850,60547,0,0,6240,2024,12629760,0,-1,-1,226,0,
core_C885,26856,112592,0,90,2208,5728,12647424,0,261,-1,513,1,
core_C1694,15640,22632,0,180,4419,2944,13009536,0,-1,35,197,0,
core_C921,25829,15852,1,0,7288,2760,20114880,0,592,291,608,1,
core_C1656,60699,3105,1,0,8053,2530,20374090,0,-1,604,514,1,
core_C12,69350,24356,0,90,2852,4459,12717068,0,294,-1,467,1,
core_C164,0,108138,0,90,2944,4432,13047808,0,-1,387,175,0,
core_C205,15640,77993,0,90,2024,6497,13149928,0,-1,390,203,0,
core_C290,35294,123342,0,0,5170,2484,12842280,0,-1,-1,469,0,
core_C132,4830,58354,1,90,2530,8160,20644800,0,-1,593,432,0,
core_C715,25829,18612,1,0,5778,3680,21263040,0,591,486,284,0,
core_C1296,28543,112083,1,0,4643,4600,21357800,0,-1,651,345,0,
core_C1649,22122,23736,0,0,3717,3588,13336596,0,-1,-1,133,1,
core_C1517,72202,24356,0,90,2024,6619,13396856,0,-1,-1,286,1,
core_C1082,72368,55441,0,90,3128,3206,10028368,0,-1,-1,645,1,
core_C730,25921,35284,1,0,4678,4485,20980830,0,344,374,640,0,
core_C275,29774,99104,0,0,6631,2024,13421144,0,418,8,258,0,
core_C1559,17664,34224,0,0,5211,2576,13423536,0,519,138,335,0,
core_C567,16307,98728,1,0,4693,4485,21048105,0,571,475,220,0,
core_C557,35294,119202,0,180,6365,2116,13468340,0,511,469,625,0,
core_C1383,55591,92686,1,0,6705,3335,22361175,0,-1,459,326,1,
core_C515,23184,42771,0,180,4211,2760,11622360,0,-1,-1,644,0,
core_C397,56971,85662,1,0,8047,3105,24985935,0,-1,53,192,0,
core_C604,59414,43817,0,0,4319,2760,11920440,0,-1,532,188,0,
core_C736,27140,94498,0,90,1932,6318,12206376,0,50,-1,105,1,
core_C1498,38456,62571,0,180,3594,3496,12564624,0,563,104,20,1,
core_C816,67768,122296,0,270,3588,3610,12952680,0,-1,-1,444,0,
core_C873,71167,6683,0,90,2024,6400,12953600,0,636,-1,314,1,
core_C609,56120,31422,1,0,7360,2760,20313600,0,-1,-1,576,0,
core_C1423,51340,0,1,180,5557,3565,19810705,0,204,-1,624,1,
core_C782,34546,45022,1,90,4485,4539,20357415,0,-1,516,201,0,
core_C21,45678,3680,1,180,4544,4485,20379840,0,271,610,624,0,
core_C507,40370,33028,0,0,5970,2208,13181760,0,-1,251,473,0,
core_C1157,65344,11160,0,180,5823,2208,12857184,0,308,42,413,0,
core_C1096,43148,104082,1,90,2530,8181,20697930,0,624,-1,520,1,
core_C724,41999,28336,0,0,5336,2484,13254624,0,498,-1,170,0,
core_C352,67878,31207,0,90,2484,5336,13254624,0,260,83,340,1,
core_C1136,63370,79208,0,90,2300,5787,13310100,0,-1,-1,474,0,
core_C491,65670,22332,0,0,6591,2024,13340184,0,-1,467,577,0,
core_C1377,8012,122031,1,0,8251,2530,20875030,0,-1,-1,62,1,
core_C435,17664,40480,0,180,5448,2576,14034048,0,-1,21,138,0,
core_C1291,32442,0,1,0,6934,3335,23124890,0,-1,-1,337,1,
core_C1012,66148,50255,1,90,1840,5528,10171520,0,279,-1,603,1,
core_C918,11224,96965,0,0,4002,2576,10309152,0,-1,235,477,0,
core_C1705,31096,83923,0,90,1840,6010,11058400,0,594,560,84,1,
core_C1102,53291,92686,1,90,2300,7569,17408700,0,301,-1,569,0,
core_C792,73191,14606,0,90,1932,5882,11364024,0,-1,-1,330,0,
core_C1153,48006,95535,0,0,6207,1932,11991924,0,-1,407,578,0,
core_C1706,55826,76972,0,90,1932,6222,12020904,0,-1,155,503,0,
core_C763,73191,8376,0,90,1932,6230,12036360,0,-1,327,636,0,
core_C1008,51870,53596,0,90,2024,6126,12399024,0,-1,33,75,0,
core_C1000,1932,13081,0,180,3595,3588,12898860,0,-1,41,71,0,
core_C1461,63370,66926,0,90,2208,5841,12896928,0,-1,-1,22,1,
core_C1060,25208,79571,0,0,3599,3496,12582104,0,-1,-1,106,1,
core_C1104,17664,31280,0,0,4416,2944,13000704,0,-1,298,133,0,
core_C363,65170,8165,1,180,8040,2530,20341200,0,79,-1,567,1,
core_C550,25254,0,1,0,7188,2760,19838880,0,322,-1,517,1,
core_C965,68494,105937,1,90,3105,6566,20387430,0,159,-1,102,1,
core_C9,42304,4649,1,90,2530,7859,19883270,0,-1,-1,483,1,
core_C1003,65670,44273,0,90,2208,5761,12720288,0,317,425,535,0,
core_C1554,61670,23736,0,90,2024,6320,12791680,0,-1,-1,587,1,
core_C746,25921,108525,1,90,2530,7911,20014830,0,-1,101,619,0,
core_C870,5704,116956,0,0,5291,2484,13142844,0,-1,-1,422,0,
core_C626,30599,35284,1,0,6616,3105,20542680,0,152,-1,296,1,
core_C1541,28543,108518,1,0,5620,3565,20035300,0,-1,292,395,0,
core_C1631,53894,63038,0,0,4495,2852,12819740,0,137,243,45,0,
core_C1362,50531,94070,1,90,2760,7452,20567520,0,569,-1,596,1,
core_C88,15616,40250,1,0,6630,3105,20586150,0,454,417,27,0,
core_C786,23184,50499,0,180,4499,2852,12831148,0,-1,488,411,0,
core_C1168,62860,61617,0,90,2484,5309,13187556,0,363,-1,137,1,
core_C186,25208,106704,0,180,4484,2944,13200896,0,-1,354,638,0,
core_C38,10316,47472,0,0,4604,2944,13554176,0,-1,-1,34,1,
core_C508,53894,30930,0,0,5752,2300,13229600,0,28,391,121,1,
core_C950,25208,109648,0,0,4566,2944,13442304,0,258,-1,351,0,
core_C1166,26013,96694,1,0,5746,3680,21145280,0,-1,414,619,1,
core_C404,1932,2208,0,90,1932,4903,9472596,0,508,71,493,1,
core_C539,16307,90098,1,0,4940,4830,23860200,0,551,220,500,1,
core_C1397,56971,74916,1,180,5894,2760,16267440,0,-1,192,415,0,
core_C1513,40056,54809,0,90,2116,5496,11629536,0,-1,-1,380,0,
core_C633,72473,58004,1,90,2415,7684,18556860,0,-1,-1,564,1,
core_C1604,11224,28680,0,90,2208,5536,12223488,0,-1,-1,527,0,
core_C1426,47495,86940,1,180,5383,3565,19190395,0,-1,612,31,0,
core_C1338,65344,0,0,90,2852,4383,12500316,0,149,447,350,1,
core_C263,38672,78339,0,270,2852,4278,12200856,0,-1,637,199,0,
core_C1324,67368,13368,0,90,2024,6376,12905024,0,-1,-1,42,1,
core_C1572,7452,69541,1,0,6494,3105,20163870,0,-1,98,628,0,
core_C167,6988,24630,1,180,4506,4485,20209410,0,-1,-1,501,1,
core_C693,65670,86935,0,180,3612,3588,12959856,0,-1,515,574,0,
core_C1521,37215,26371,1,90,2760,7347,20277720,0,-1,531,152,0,
core_C503,12299,3220,1,90,2530,7826,19799780,0,-1,452,550,0,
core_C1626,42302,23736,0,0,6445,2024,13044680,0,431,-1,13,0,
core_C861,69805,98716,1,90,2760,7221,19929960,0,565,-1,145,0,
core_C354,2300,44971,1,90,2530,8121,20546130,0,439,211,436,0,
core_C975,25921,39769,1,0,7370,2875,21188750,0,-1,24,296,0,
core_C1536,65670,71857,0,0,3684,3588,13218192,0,-1,215,275,0,
core_C1702,18952,109078,1,0,6451,3220,20772220,0,-1,212,423,0,
core_C622,36966,51137,0,90,2300,5809,13360700,0,-1,-1,250,1,
core_C1225,67768,102113,0,90,2116,6484,13720144,0,-1,455,406,0,
core_C1515,69805,78646,1,270,2990,6032,18035680,0,-1,183,259,0,
core_C1412,40056,48634,0,90,1932,6175,11930100,0,-1,359,48,1,
core_C115,13248,0,0,90,2208,5601,12367008,0,54,-1,278,1,
core_C1062,56971,37287,1,180,5439,3565,19390035,0,567,59,569,1,
core_C166,68154,45268,0,270,2852,4366,12451832,0,-1,157,639,0,
core_C341,53894,35254,0,0,6398,2024,12949552,0,460,4,391,0,
core_C1077,36782,26312,0,90,2852,4540,12948080,0,-1,77,419,0,
core_C196,59501,50730,1,90,2530,8000,20240000,0,-1,-1,529,1,
core_C1115,0,112570,0,0,4428,2852,12628656,0,-1,189,287,0,
core_C643,29072,57197,0,90,2484,5091,12646044,0,-1,487,10,0,
core_C1538,40067,32006,1,90,3105,6539,20303595,0,-1,187,168,0,
core_C821,15640,84490,0,90,2024,6419,12992056,0,133,100,288,0,
core_C852,53894,33230,0,0,6303,2024,12757272,0,-1,384,353,0,
core_C545,25848,11459,0,90,2944,4447,13091968,0,246,-1,217,0,
core_C438,47679,94070,1,90,2760,7414,20462640,0,596,213,611,1,
core_C832,6785,110231,1,0,5598,3565,19956870,0,-1,582,445,1,
core_C1480,28543,105758,1,0,7231,2760,19957560,0,-1,345,421,0,
core_C1477,42048,117727,1,0,7421,2760,20481960,0,399,-1,424,1,
core_C109,3660,32319,0,90,2024,6497,13149928,0,-1,238,185,1,
core_C941,62397,58136,1,90,2530,8141,20596730,0,-1,132,167,0,
core_C962,49469,116472,1,90,2645,8135,21517075,0,-1,-1,396,1,
core_C630,35294,105423,0,90,3588,3761,13494468,0,541,435,8,1,
core_C1529,40577,12508,1,0,4702,4600,21629200,0,-1,-1,125,1,
core_C801,0,17500,1,180,4732,4600,21767200,0,-1,485,87,0,
core_C881,17664,119232,0,90,1748,5794,10127912,0,229,-1,18,0,
core_C807,25921,79674,1,0,6267,3105,19459035,0,47,554,24,0,
core_C1601,73498,30975,0,90,2024,6174,12496176,0,-1,-1,509,1,
core_C552,67768,98531,0,90,3496,3582,12522672,0,91,378,451,0,
core_C1238,48006,97467,0,180,5203,2484,12924252,0,-1,5,328,0,
core_C1120,21344,125082,0,0,4436,2852,12651472,0,131,-1,223,0,
core_C612,51870,35458,0,90,2024,6270,12690480,0,-1,121,254,0,
core_C382,71724,95500,0,90,2024,6471,13097304,0,-1,581,67,0,
core_C269,23184,48015,0,0,5154,2484,12802536,0,-1,349,495,0,
core_C1534,50499,123687,0,0,5296,2484,13155264,0,-1,572,222,1,
core_C143,65344,6683,0,90,2944,4477,13180288,0,-1,314,447,0,
core_C1202,26013,100374,1,90,2530,8151,20622030,0,421,-1,355,0,
core_C790,56971,68267,1,90,3105,6649,20645145,0,-1,358,195,0,
core_C1422,21361,36883,0,0,4487,2944,13209728,0,123,-1,138,1,
core_C911,15616,43355,1,0,5616,3680,20666880,0,-1,-1,348,0,
core_C1318,36405,98971,0,90,2116,6452,13652432,0,-1,-1,297,1,
core_C1098,36782,23736,0,0,5217,2576,13438992,0,170,385,15,0,
core_C1597,0,35405,0,90,3588,3758,13483704,0,-1,55,255,0,
core_C610,28543,100374,1,0,4713,4485,21137805,0,588,395,414,1,
core_C104,5704,110400,0,90,2116,6556,13872496,0,552,343,127,0,
core_C1460,18952,105743,1,0,6677,3335,22267795,0,-1,376,158,1,
core_C624,36202,119060,1,0,5846,3795,22185570,0,396,-1,621,0,
core_C379,65670,50034,0,90,2484,2643,6565212,0,509,523,340,0,
core_C1522,0,24630,1,90,2300,7183,16520900,0,501,92,485,0,
core_C478,69884,87356,0,90,1840,5858,10778720,0,163,-1,0,0,
core_C1341,69805,70826,1,0,4259,4140,17632260,0,-1,259,39,0,
core_C6,44050,91892,0,90,1932,5964,11522448,0,468,-1,441,0,
core_C377,33695,112083,1,90,2415,7778,18783870,0,595,-1,614,1,
core_C1339,48747,11750,0,90,2024,6127,12401048,0,-1,526,371,1,
core_C489,4830,50668,1,90,2530,7686,19445580,0,-1,290,40,0,
core_C1487,6102,5865,1,90,3565,5460,19464900,0,-1,122,87,1,
core_C920,45798,60996,0,180,4446,2852,12679992,0,-1,-1,177,1,
core_C189,35294,109184,0,90,2024,6430,13014320,0,-1,625,400,0,
core_C956,2300,36898,1,90,2530,8073,20424690,0,-1,373,239,0,
core_C1164,38714,41248,0,90,3496,3655,12777880,0,-1,443,273,0,
core_C42,4830,98501,1,0,7482,2760,20650320,0,-1,134,180,0,
core_C1402,4830,103791,1,180,6613,3220,21293860,0,-1,-1,373,1,
core_C1378,15640,64966,0,90,2024,6579,13315896,0,-1,203,494,0,
core_C488,44050,88304,0,180,3719,3588,13343772,0,-1,429,12,0,
core_C703,39429,0,1,270,4485,4649,20850765,0,-1,483,240,1,
core_C399,38714,44903,0,90,3588,3731,13386828,0,544,-1,437,0,
core_C656,67768,115682,0,90,2024,6614,13386736,0,-1,307,86,0,
core_C854,2300,112714,1,90,4485,4694,21052590,0,394,-1,211,0,
core_C768,62660,77676,1,90,2645,7986,21122970,0,-1,-1,192,1,
core_C125,65344,4383,0,0,5883,2300,13530900,0,-1,413,363,0,
core_C281,47822,0,0,90,2668,5377,14345836,0,-1,111,13,1,
core_C696,42482,43148,1,90,2530,7996,20229880,0,-1,-1,252,1,
core_C1483,56482,26386,0,90,2208,4544,10033152,0,-1,-1,219,1,
core_C865,67768,94111,0,90,2116,4420,9352720,0,645,406,491,1,
core_C556,12299,11046,1,90,3105,6514,20225970,0,-1,236,370,0,
core_C1408,25351,2760,1,90,3565,5643,20117295,0,-1,-1,454,1,
core_C632,22246,40250,1,90,3105,6460,20058300,0,453,257,348,1,
core_C1542,67768,108597,0,90,2484,5061,12571524,0,-1,86,378,0,
core_C836,55826,89822,0,90,2024,6523,13202552,0,-1,227,155,0,
core_C872,17664,93012,0,0,5174,2484,12852216,0,-1,18,76,0,
core_C361,0,10945,1,180,5595,3680,20589600,0,626,87,166,0,
core_C570,55591,96021,1,180,7197,2760,19863720,0,-1,609,301,0,
core_C233,60292,32908,0,180,4442,2852,12668584,0,-1,-1,384,1,
core_C675,23184,92198,0,0,5846,2300,13445800,0,-1,634,225,0,
core_C456,9637,46940,1,90,2415,7483,18071445,0,93,174,198,0,
core_C1703,0,94358,0,90,2576,5505,14180880,0,-1,627,241,0,
core_C1216,5704,74152,0,0,5378,2576,13853728,0,-1,646,11,0,
core_C702,32385,93411,1,90,3680,5680,20902400,0,-1,-1,57,1,
core_C1320,4830,66606,1,90,2530,8254,20882620,0,-1,150,593,0,
core_C392,65670,24356,0,90,3680,3713,13663840,0,286,143,319,0,
core_C298,45982,91892,0,90,2024,6344,12840256,0,578,222,429,1,
core_C1428,35294,121318,0,180,6344,2024,12840256,0,-1,289,300,0,
core_C463,35885,10405,1,270,4485,4581,20545785,0,-1,-1,479,1,
core_C240,5183,122292,0,0,4452,2944,13106688,0,-1,234,179,0,
core_C524,7452,81349,1,0,6398,3105,19865790,0,-1,186,635,0,
core_C396,40370,30820,0,0,5903,2208,13033824,0,-1,313,273,1,
core_C62,63370,72767,0,90,2024,6441,13036584,0,-1,318,14,1,
core_C434,16307,103213,1,0,8032,2530,20320960,0,-1,158,299,0,
core_C1591,13063,118466,1,180,5548,3565,19778620,0,-1,-1,78,1,
core_C564,11224,93377,0,180,3613,3588,12963444,0,-1,324,25,1,
core_C311,47822,31853,0,0,3613,3588,12963444,0,-1,148,23,1,
core_C391,30222,11278,1,0,5663,3565,20188595,0,470,-1,205,1,
core_C1537,25677,0,0,0,4521,2852,12893892,0,-1,-1,1,1,
core_C1128,33390,96119,0,0,4390,2852,12520280,0,589,-1,258,1,
core_C1314,56971,58983,1,180,5426,3565,19343690,0,167,195,529,0,
core_C1586,39429,4649,1,90,2875,5756,16548500,0,339,-1,442,0,
core_C1608,49846,86059,0,180,5438,2668,14508584,0,-1,510,533,0,
core_C194,0,22100,1,0,8292,2530,20978760,0,-1,426,402,0,
core_C67,25829,22292,1,180,5615,3680,20663200,0,-1,583,291,0,
core_C1510,29072,62288,0,0,3674,3588,13182312,0,-1,151,388,0,
core_C814,23184,53351,0,0,5301,2484,13167684,0,-1,-1,349,0,
core_C874,47822,50752,0,180,3670,3588,13167960,0,-1,169,200,0,
core_C735,4830,29115,1,0,7239,2760,19979640,0,-1,224,239,1,
core_C898,65744,100277,0,90,2024,6304,12759296,0,451,-1,606,1,
core_C1355,5704,104972,0,0,4541,2852,12950932,0,-1,127,25,0,
core_C1073,0,2208,0,90,1932,6325,12219900,0,356,162,237,0,
core_C1675,15640,58602,0,90,2024,6364,12880736,0,-1,440,202,0,
core_C1567,23184,45531,0,180,5042,2484,12524328,0,-1,411,18,1,
core_C687,58190,115916,1,90,2530,7681,19432930,0,161,-1,553,0,
core_C754,36782,34348,0,90,1932,6135,11852820,0,273,-1,77,0,
core_C805,47335,25760,0,90,1932,6093,11771676,0,37,-1,316,1,
core_C1474,37306,51144,1,180,6001,2875,17252875,0,-1,-1,516,1,
core_C722,14467,90098,1,90,1840,6112,11246080,0,357,-1,30,0,
core_C107,2300,24630,1,180,4688,4485,21025680,0,367,239,426,1,
core_C40,58190,108326,1,0,4688,4485,21025680,0,69,553,110,1,
core_C859,55826,70336,0,90,2024,6636,13431264,0,22,329,49,1,
core_C670,15640,10968,0,0,4503,2944,13256832,0,-1,230,172,1,
core_C1479,9637,39465,1,0,5580,3680,20534400,0,-1,198,561,1,
core_C447,31073,116683,1,90,2530,7856,19875680,0,614,-1,651,1,
core_C1636,67988,54740,1,90,3335,5285,17625475,0,-1,525,279,0,
core_C839,3864,2208,0,90,1840,5892,10841280,0,29,-1,356,1,
core_C1344,68154,39027,0,0,5344,2668,14257792,0,405,639,425,1,
core_C1575,49846,88727,0,0,5878,2300,13519400,0,-1,264,484,0,
core_C1156,41659,114338,0,180,3744,3588,13433472,0,-1,-1,300,1,
core_C835,72565,98885,1,90,2530,7944,20098320,0,-1,-1,565,0,
core_C1663,23184,112592,0,180,3672,3496,12837312,0,282,-1,562,0,
core_C1671,56120,12075,1,0,4579,4485,20536815,0,285,115,17,1,
core_C595,65670,90523,0,180,3636,3588,13045968,0,-1,97,368,0,
core_C1615,34546,49561,1,90,2760,7147,19725720,0,499,-1,311,0,
core_C221,18901,0,1,180,6353,3105,19726065,0,337,-1,550,1,
core_C800,12052,49565,1,90,2415,7901,19080915,0,144,-1,93,0,
core_C54,22875,27324,0,90,2760,4406,12160560,0,-1,191,298,1,
core_C798,40733,104082,1,90,2415,7848,18952920,0,315,-1,61,1,
core_C314,4830,82892,1,90,2415,7804,18846660,0,-1,180,150,0,
core_C1616,45678,113367,1,180,6213,3105,19291365,0,-1,-1,610,0,
core_C986,65670,53141,0,180,3219,2024,6515256,0,267,103,425,0,
core_C1325,11224,50416,0,90,2392,4953,11847576,0,-1,648,11,1,
core_C851,67988,60025,1,90,1725,5819,10037775,0,564,-1,507,0,
core_C452,48747,17877,0,90,1932,5836,11275152,0,-1,-1,431,0,
core_C1395,11224,22091,0,90,2116,6589,13942324,0,-1,361,94,0,
core_C659,12299,25438,1,90,2645,7995,21146775,0,-1,-1,236,0,
core_C1336,56971,50730,1,90,2530,8253,20880090,0,386,482,218,0,
core_C31,65780,112503,1,90,4485,4505,20204925,0,-1,178,262,0,
core_C521,37215,33718,1,270,2530,7739,19579670,0,-1,-1,369,0,
core_C86,59414,46577,0,90,2392,5123,12254216,0,-1,248,304,0,
core_C751,49846,70241,0,90,1932,6120,11823840,0,633,484,549,0,
core_C1063,33919,85805,1,90,2300,7606,17493800,0,9,-1,270,1,
core_C150,65670,37564,0,90,2116,6709,14196244,0,-1,340,182,0,
core_C823,7469,116901,1,180,5565,3680,20479200,0,-1,-1,92,1,
core_C741,15640,41361,0,90,2024,6305,12761320,0,-1,74,116,0,
core_C1241,57850,114398,0,90,1932,5866,11333112,0,615,-1,14,0,
core_C634,9752,110400,0,90,1840,5947,10942480,0,242,-1,552,1,
core_C389,41814,112263,1,90,3565,5464,19479160,0,-1,-1,65,1,
core_C39,38882,98879,0,90,1932,6151,11883732,0,-1,-1,400,1,
core_C776,25921,124679,1,180,7907,2530,20004710,0,56,-1,101,0,
core_C1038,57759,3105,1,90,2415,7410,17895150,0,-1,-1,140,1,
core_C1360,42302,107105,0,90,3588,3645,13078260,0,-1,-1,443,1,
core_C1346,52124,123597,1,180,7599,2530,19225470,0,-1,-1,580,1,
core_C423,63365,115916,1,90,2415,7914,19112310,0,2,-1,161,1,
core_C280,29072,78112,0,90,2208,5811,12830688,0,-1,84,568,0,
core_C1669,65670,62636,0,180,3650,3588,13096200,0,-1,275,112,0,
core_C1330,49846,63848,0,90,2024,6393,12939432,0,142,533,578,1,
core_C63,12299,0,1,0,6602,3220,21258440,0,517,370,272,1,
core_C1342,21247,90098,1,90,3450,5410,18664500,0,-1,-1,357,1,
core_C1236,7820,110400,0,90,1932,6045,11678940,0,539,-1,422,1,
core_C641,58190,112811,1,0,6474,3105,20101770,0,-1,496,502,0,
core_C523,25921,82779,1,0,4704,4485,21097440,0,-1,270,404,0,
core_C871,10908,104972,0,0,4547,2944,13386368,0,-1,-1,127,1,
core_C1410,47587,104397,1,0,4641,4600,21348600,0,139,580,611,0,
core_C1207,15266,5814,0,90,2576,5154,13276704,0,-1,-1,164,1,
core_C1259,69805,88243,1,180,5465,3565,19482725,0,-1,145,183,0,
core_C353,11224,10005,0,90,1932,6228,12032496,0,-1,-1,90,0,
core_C909,31096,90548,0,0,4535,2944,13351040,0,-1,44,325,0,
core_C1690,7452,39465,1,90,2185,6727,14698495,0,505,628,272,0,
core_C1337,23184,100696,0,90,2024,6266,12682384,0,-1,513,634,0,
core_C1617,42050,110750,0,0,3679,3588,13200252,0,-1,-1,306,1,
core_C204,69713,60025,1,90,2760,7121,19653960,0,360,618,525,1,
core_C312,72565,91808,1,90,2760,7077,19532520,0,-1,512,372,1,
core_C136,11677,75588,0,0,3509,3496,12267464,0,-1,-1,646,1,
core_C1535,62410,37287,1,90,2760,6947,19173720,0,336,-1,382,1,
core_C219,29072,74432,0,0,3695,3680,13597600,0,-1,547,85,0,
core_C390,53291,86940,1,90,3680,5746,21145280,0,382,326,347,1,
core_C1465,21367,115518,1,90,4370,4527,19782990,0,196,-1,126,1,
core_C1262,21000,98728,1,180,4639,4485,20805915,0,-1,-1,299,1,
core_C1121,50499,126171,0,0,4607,2944,13563008,0,-1,-1,412,0,
core_C549,0,26053,0,180,3669,3496,12826824,0,81,255,162,0,
core_C697,65670,83439,0,180,3598,3496,12578608,0,-1,368,135,0,
core_C1674,34850,45157,0,180,3667,3496,12819832,0,-1,48,249,0,
core_C713,56120,23471,1,90,2645,7951,21030395,0,-1,309,115,0,
core_C409,65670,19848,0,0,5090,2484,12643560,0,263,319,113,1,
core_C437,48006,88304,0,90,1840,5994,11028960,0,549,328,468,1,
core_C24,59731,44234,1,0,5542,3565,19757230,0,-1,-1,59,1,
core_C766,47587,108997,1,180,4537,4370,19826690,0,545,-1,556,0,
core_C1,71724,101971,0,90,1656,5240,8677440,0,60,-1,410,0,
core_C635,6785,113796,1,0,6259,3105,19434195,0,-1,-1,394,0,
core_C771,25829,26774,1,0,7245,2875,20829375,0,-1,597,486,0,
core_C1179,0,56091,0,90,2024,6251,12652024,0,207,7,36,0,
core_C1632,56120,34182,1,0,6652,3105,20654460,0,-1,-1,31,1,
core_C1657,15640,28428,0,90,2024,6404,12961696,0,-1,116,35,0,
core_C112,59646,23736,0,90,2024,6200,12548800,0,341,136,28,0,
core_C127,33256,99091,1,90,2530,6667,16867510,0,-1,-1,421,1,
core_C793,37780,96119,0,180,4169,2760,11506440,0,-1,-1,481,1,
core_C1507,14170,112849,1,90,3565,5617,20024605,0,602,-1,66,1,
core_C71,31607,18666,1,90,2530,8108,20513240,0,125,-1,291,1,
core_C1359,33117,14986,1,0,5631,3680,20722080,0,-1,-1,284,1,
core_C1036,4830,66514,1,270,115,92,10580,0,-1,466,290,0,
core_C1240,32936,57197,0,0,74,92,6808,0,64,20,325,1,
core_C1628,36110,93411,1,180,92,115,10580,0,244,643,430,1,
core_C1061,50439,94070,1,0,92,115,10580,0,347,-1,393,1,
core_C473,25829,29649,1,0,92,115,10580,0,156,-1,583,0,
core_C1110,51870,2576,0,270,92,74,6808,0,-1,6,142,0,
core_C1147,65964,50255,1,0,92,115,10580,0,603,102,613,1,
core_C1200,55683,102116,1,0,92,115,10580,0,52,-1,617,0,
core_C1501,65780,50255,1,0,92,115,10580,0,613,262,68,0,
core_C1650,17735,112849,1,90,115,92,10580,0,-1,-1,590,1,
core_C994,66056,50255,1,0,92,115,10580,0,323,-1,599,1,
core_C982,60699,5635,1,90,115,92,10580,0,280,173,285,0,
core_C946,36386,96268,1,180,92,115,10580,0,95,-1,607,1,
core_C652,65670,100277,0,0,74,92,6808,0,491,-1,97,0,
core_C674,36294,96268,1,0,92,115,10580,0,605,109,621,1,
core_C26,25737,15852,1,0,92,115,10580,0,284,-1,205,0,
core_C743,55591,98781,1,0,92,115,10580,0,-1,620,459,0,
core_C843,45678,8165,1,0,92,115,10580,0,141,522,312,0,
core_C819,47587,94070,1,0,92,115,10580,0,393,556,632,0,
core_C806,47495,90505,1,180,92,115,10580,0,-1,622,362,0,
core_C1494,65872,50255,1,0,92,115,10580,0,599,-1,601,1,
core_C1434,33603,112083,1,0,92,115,10580,0,430,-1,506,1,
core_C1416,59782,114398,0,90,92,74,6808,0,-1,232,538,1,
core_C169,7360,34750,1,0,92,115,10580,0,272,193,180,1,
core_C267,55683,102001,1,180,92,115,10580,0,-1,600,194,0,
core_C93,69713,67146,1,0,92,115,10580,0,39,-1,564,0,
core_C297,25921,96694,1,0,92,115,10580,0,355,342,147,0,
core_C1281,55591,98896,1,0,92,115,10580,0,194,-1,609,0,
core_C1277,36202,96268,1,0,92,115,10580,0,607,424,244,0,
core_C140,47495,90620,1,0,92,115,10580,0,632,-1,612,0,
core_C1253,34850,57511,0,180,74,92,6808,0,-1,226,250,0,
core_C1316,45678,0,1,0,5662,3680,20836160,0,310,312,315,1,
core_C878,35294,115614,0,0,3595,3588,12898860,0,117,300,435,0,
core_C1014,5595,2875,1,0,6392,2990,19112080,0,-1,-1,458,1,
core_C307,0,99863,0,90,2208,5791,12786528,0,-1,175,463,0,
core_C241,7452,66436,1,180,6660,3105,20679300,0,-1,366,561,0,
core_C1545,15640,96791,0,90,2024,6222,12593328,0,-1,-1,100,0,
core_C381,71650,41695,0,90,1932,6312,12194784,0,265,214,157,1,
core_C87,1932,20257,0,0,3692,3588,13246896,0,-1,-1,41,0,
core_C50,47587,90505,1,180,5610,3565,19999650,0,-1,611,622,1,
core_C385,51778,82471,0,0,3696,3588,13261248,0,-1,-1,533,1,
core_C249,23184,94498,0,90,2024,6198,12544752,0,105,562,461,0,
core_C97,7452,75751,1,90,3565,5598,19956870,0,-1,472,98,0,
core_C619,73191,2024,0,90,2024,6352,12856448,0,-1,330,308,1,
core_C747,38672,82617,0,90,2944,4510,13277440,0,-1,154,364,0,
core_C223,25208,103760,0,0,4554,2944,13406976,0,-1,351,649,0,
core_C1440,68154,41695,0,90,3496,3573,12491208,0,-1,383,509,0,
core_C1305,25921,32524,1,0,7467,2760,20608920,0,128,296,156,0,
core_C783,69884,60676,0,180,4484,2944,13200896,0,-1,0,645,0,
core_C407,60699,16438,1,90,2530,7662,19384860,0,-1,-1,173,0,
core_C846,36110,122855,1,0,8054,2530,20376620,0,-1,-1,595,0,
core_C926,23184,39827,0,0,4513,2944,13286272,0,119,302,21,1,
core_C1593,69884,55441,0,90,2484,5235,13003740,0,295,641,451,1,
core_C575,5704,76728,0,0,5973,2300,13737900,0,566,650,464,0,
core_C588,11592,114531,0,90,3588,3720,13347360,0,88,-1,242,0,
core_C848,11224,55369,0,90,2024,6552,13261248,0,-1,208,524,0,
core_C1209,25208,100816,0,0,4521,2944,13309824,0,-1,638,105,0,
core_C1245,5704,79028,0,0,5931,2208,13095648,0,164,25,646,0,
core_C1040,28543,116683,1,90,2530,7996,20229880,0,506,-1,292,0,
Wirelength: 6.52287e+09
layer(tree) info:
layer: 0 ,width: 75772 ,height: 129115 ,area: 9783301780 ,blocks_area: 7626418752, filling_rate: 0.779534, utilizatio_rate: 0.778821
layer: 1 ,width: 75740 ,height: 128950 ,area: 9766673000 ,blocks_area: 7093080170, filling_rate: 0.726253, utilizatio_rate: 0.724355
random seed: 17
alpha: 0
gamma: 1
best wirelength: 6.52287e+09
initial_num_perturbs: 19560
iter: 0
best_iter: 0
best_cost: 0.154426
reject_time: 0
accept_inferior_time: 0
update_best_time: 1055
adjustLegalOutline_fail_times: 0
outline_adjust_time: 238.53
initial_wirelength: 1.17887e+10
initial_average_wirelength: 7.63391e+10
1.17887e+10,initial_iter: 19560
initial_time: 364.544
total time cost: 601.19
