name,x,y,layer,rotated_angle,width,height,area,exceed_outline_area,left,right,parent,is_from_left,
macro_C415824,17848,0,1,0,8625,37030,319383750,0,173,-1,4,1,
macro_C393731,2264,37194,0,0,5520,23736,131022720,0,-1,470,62,1,
macro_C396425,2264,63138,0,0,5520,23736,131022720,0,-1,-1,470,0,
macro_C399323,60674,24028,1,0,8625,37030,319383750,0,364,510,622,1,
macro_C401933,9223,39790,1,0,8625,37030,319383750,0,0,404,61,1,
macro_C404827,14372,56880,0,0,5520,23736,131022720,0,532,520,208,0,
macro_C407516,2172,99174,0,0,5520,23736,131022720,0,200,442,457,0,
macro_C410398,54062,61657,0,0,5520,23736,131022720,0,-1,-1,49,1,
macro_C413082,32220,87586,0,0,5520,23736,131022720,0,604,101,411,0,
macro_C40987,39680,3565,1,0,8625,37030,319383750,0,11,-1,269,1,
macro_C418718,61404,68362,0,0,5520,23736,131022720,0,-1,28,451,0,
macro_C421703,48305,0,1,0,8625,37030,319383750,0,-1,-1,9,1,
macro_C424481,55884,93591,0,0,5520,23736,131022720,0,82,612,499,1,
macro_C427156,42212,6816,0,0,5520,23736,131022720,0,-1,603,301,0,
macro_C429952,69408,4230,0,0,5520,23736,131022720,0,-1,216,487,1,
macro_C432667,42286,30552,0,180,5520,23736,131022720,0,354,305,603,1,
macro_C38059,14372,41884,0,90,23736,5520,131022720,0,368,32,79,1,
macro_C78506,48082,93112,0,0,5520,23736,131022720,0,-1,228,118,1,
macro_C390724,49390,14185,0,0,5520,23736,131022720,0,215,291,168,1,
macro_C43597,46150,69376,0,0,5520,23736,131022720,0,49,118,541,1,
macro_C46411,148,13458,0,0,5520,23736,131022720,0,152,313,55,0,
macro_C48981,69408,47674,0,0,5520,23736,131022720,0,-1,528,260,0,
macro_C51791,61404,40670,0,0,5520,23736,131022720,0,397,217,429,1,
macro_C54384,16396,85676,0,0,5520,23736,131022720,0,-1,158,348,0,
macro_C57054,53301,37921,0,0,5520,23736,131022720,0,547,-1,447,1,
macro_C62277,54073,81319,1,0,8625,37030,319383750,0,-1,-1,597,0,
macro_C65066,30107,63772,1,0,8625,37030,319383750,0,645,419,96,0,
macro_C67838,10250,36364,0,90,23736,5520,131022720,0,320,423,369,1,
macro_C70493,61404,92098,0,0,5520,23736,131022720,0,567,72,10,0,
macro_C73067,8226,5336,0,0,5520,23736,131022720,0,562,352,394,0,
macro_C75793,7406,0,1,0,8625,37030,319383750,0,-1,459,605,1,
macro_C59667,19757,66131,1,0,8625,37030,319383750,0,321,403,609,1,
core_C930,14372,47404,0,0,6501,2024,13158024,0,-1,78,16,0,
core_C1124,69408,123028,0,270,2576,5269,13572944,0,373,-1,492,0,
core_C1270,2829,63442,1,0,5782,3680,21277760,0,-1,204,581,0,
core_C1382,20135,49428,0,90,2024,6366,12884784,0,-1,-1,104,1,
core_C1112,63089,69108,1,180,7053,2645,18655185,0,358,464,643,0,
core_C126,72168,75691,1,90,3105,6212,19288260,0,-1,-1,517,1,
core_C1684,24308,81283,0,180,3632,3588,13031616,0,-1,-1,522,0,
core_C1556,14372,120053,0,180,5247,2484,13033548,0,160,-1,336,0,
core_C599,45727,99363,0,90,2208,5673,12525984,0,-1,-1,47,1,
core_C919,44436,75507,1,270,3680,5662,20836160,0,-1,214,202,1,
core_C1502,39429,0,0,270,2024,6480,13115520,0,-1,259,94,1,
core_C356,0,0,1,90,2530,7804,19744120,0,-1,475,-1,0,
core_C1322,22284,108264,0,180,5250,2484,13041000,0,-1,180,170,0,
core_C1329,17135,102925,1,90,2530,8139,20591670,0,150,-1,632,1,
core_C1044,3220,3588,0,0,4609,2944,13568896,0,-1,-1,303,1,
core_C318,42286,81203,0,180,3441,3404,11713164,0,40,109,154,0,
core_C1681,49039,106877,1,90,2530,7998,20234940,0,-1,-1,633,1,
core_C1652,51670,64316,0,270,2392,5035,12043720,0,7,275,19,1,
core_C667,9315,102174,1,0,4782,4600,21997200,0,381,535,591,0,
core_C285,51773,70105,1,180,5676,3680,20887680,0,-1,578,453,0,
core_C15,34226,117729,0,90,2024,6346,12844304,0,-1,-1,374,0,
core_C925,34108,67276,0,90,2024,6418,12990032,0,277,-1,418,1,
core_C1409,2300,88282,1,180,6468,3105,20083140,0,-1,-1,323,1,
core_C562,148,11434,0,180,6083,2024,12311992,0,-1,20,263,0,
core_C168,65021,97168,1,0,5414,3565,19300910,0,-1,210,174,0,
core_C458,43379,40595,1,90,2530,8227,20814310,0,460,-1,239,1,
core_C1109,22158,37030,1,0,4646,4600,21371600,0,-1,330,479,1,
core_C943,44436,85424,1,180,4522,4485,20281170,0,-1,637,214,0,
core_C1583,25466,55488,1,90,2530,8113,20525890,0,110,-1,556,1,
core_C100,7498,39790,1,90,1725,5758,9932550,0,4,-1,607,1,
core_C1141,148,43707,0,90,2116,6402,13546632,0,1,151,313,0,
core_C879,24702,113409,1,90,3680,5615,20663200,0,69,-1,651,1,
core_C355,36342,111322,0,90,1840,5935,10920400,0,357,393,374,1,
core_C387,22284,50072,0,90,2024,6215,12579160,0,-1,477,322,0,
core_C647,34680,44775,1,180,5524,3680,20328320,0,279,138,183,1,
core_C439,69138,107173,1,90,1840,5637,10372080,0,209,-1,523,1,
core_C721,22150,22124,0,90,2024,6492,13139808,0,421,378,582,0,
core_C239,28382,39370,1,0,8161,2530,20647330,0,-1,501,63,1,
core_C1333,6128,86874,0,90,2024,6555,13267320,0,608,-1,371,1,
core_C266,56561,11517,0,90,2208,5604,12373632,0,249,433,508,1,
core_C951,61404,115834,0,0,5844,2300,13441200,0,-1,391,28,0,
core_C406,73438,92754,0,90,2116,5482,11599912,0,-1,472,253,1,
core_C259,63089,113938,1,0,5581,3680,20538080,0,-1,-1,593,0,
core_C522,9315,115859,1,90,2530,8135,20581550,0,185,-1,414,0,
core_C1618,14008,86710,1,0,5618,3680,20674240,0,-1,-1,628,0,
core_C875,70557,29195,1,90,2530,7653,19362090,0,-1,-1,335,0,
core_C841,14372,49428,0,0,5208,2576,13415808,0,-1,104,32,0,
core_C1299,12348,63423,0,90,2024,6170,12488080,0,16,-1,613,1,
core_C44,19485,33788,0,0,6396,2024,12945504,0,125,-1,84,1,
core_C1017,69408,96342,0,90,2208,5744,12682752,0,-1,193,438,0,
core_C1331,61404,38646,0,180,6288,2024,12726912,0,-1,-1,12,1,
core_C98,69408,81622,0,180,5281,2484,13118004,0,-1,85,184,0,
core_C330,14326,33788,0,0,5159,2576,13289584,0,80,-1,130,1,
core_C358,69408,84106,0,180,4327,2852,12340604,0,507,86,83,0,
core_C210,69408,86958,0,180,3724,3588,13361712,0,-1,337,85,0,
core_C996,73370,93966,1,90,2415,7264,17542560,0,-1,124,620,1,
core_C780,49473,61135,1,180,7323,2760,20211480,0,-1,534,502,0,
core_C1441,34262,12826,1,270,4370,4526,19778620,0,-1,-1,577,1,
core_C576,10250,54715,0,0,3621,3496,12659016,0,-1,179,483,0,
core_C1456,60674,63703,1,90,2415,7589,18327435,0,140,-1,510,0,
core_C309,25290,124817,0,0,6511,2024,13178264,0,-1,-1,198,1,
core_C57,40114,126008,0,0,4477,2944,13180288,0,-1,-1,579,0,
core_C1493,37589,0,0,90,1840,5858,10778720,0,42,262,189,1,
core_C1295,49312,47220,1,0,7946,2645,21017170,0,-1,-1,452,1,
core_C1113,30107,60092,1,0,5717,3680,21038560,0,353,26,571,0,
core_C1022,299,64935,1,90,2530,7716,19521480,0,-1,-1,390,0,
core_C34,14037,122537,0,0,5652,2208,12479616,0,-1,-1,289,1,
core_C1287,33986,26821,0,270,2852,4450,12691400,0,-1,347,320,0,
core_C729,49473,93197,1,90,3335,5329,17772215,0,299,-1,455,0,
core_C1070,32220,111322,0,90,1932,6052,11692464,0,621,-1,8,0,
core_C820,37333,53302,0,0,4434,2944,13053696,0,-1,-1,570,0,
core_C1151,50014,123371,0,90,2484,5307,13182588,0,-1,-1,456,0,
core_C1685,14372,52004,0,0,5763,2300,13254900,0,35,208,78,0,
core_C929,72672,67941,1,90,2415,7750,18716250,0,-1,-1,358,1,
core_C1114,24308,53660,0,0,3726,3588,13368888,0,361,443,164,0,
core_C1484,65113,107173,1,90,2185,6765,14781525,0,523,-1,596,1,
core_C1084,7692,112852,0,180,4329,2852,12346308,0,-1,289,346,0,
core_C1197,42286,84607,0,270,2024,6106,12358544,0,-1,232,47,0,
core_C1135,27996,25323,1,90,4255,4433,18862415,0,542,-1,60,1,
core_C934,22284,112956,0,180,5863,2300,13484900,0,-1,244,180,0,
core_C845,22930,10853,0,90,2024,6395,12943480,0,-1,-1,316,1,
core_C206,61404,124523,0,180,5730,2208,12651840,0,-1,-1,391,0,
core_C33,28382,32976,1,90,3105,6394,19853370,0,332,-1,321,0,
core_C302,148,103599,0,90,1840,5523,10162320,0,-1,280,631,0,
core_C589,19618,0,0,90,2024,6529,13214696,0,546,261,512,1,
core_C158,0,15836,1,180,5423,3565,19332995,0,-1,432,475,0,
core_C414,46150,93112,0,90,1932,6251,12076932,0,17,-1,19,0,
core_C1116,42138,107336,0,90,2484,5033,12501972,0,139,-1,370,1,
core_C1033,19757,109026,1,180,5497,3565,19596805,0,-1,551,211,0,
core_C1170,24308,59824,0,90,1840,5903,10861520,0,476,446,443,0,
core_C376,15570,31764,0,180,6219,2024,12587256,0,-1,-1,288,0,
core_C1265,14136,98440,1,180,4559,4485,20447115,0,-1,-1,511,0,
core_C613,73370,101230,1,90,2415,7415,17907225,0,-1,-1,87,0,
core_C459,25881,33524,0,0,5339,2484,13262076,0,-1,-1,80,1,
core_C238,66924,47167,0,90,1932,6329,12227628,0,-1,-1,397,0,
core_C506,12273,103544,0,90,2024,6623,13404952,0,-1,558,308,0,
core_C46,9315,87515,1,180,4679,4600,21523400,0,-1,195,615,1,
core_C1232,60885,14080,0,270,2392,5045,12067640,0,-1,-1,249,1,
core_C187,8226,32752,0,0,6100,2300,14030000,0,84,369,352,0,
core_C450,54910,30742,0,90,2024,6228,12605472,0,-1,-1,215,0,
core_C494,65503,5788,0,90,2024,6268,12686432,0,-1,-1,437,0,
core_C915,38108,42404,0,90,2852,4458,12714216,0,-1,398,368,0,
core_C1043,22284,69073,0,90,2024,6447,13048728,0,-1,283,163,0,
core_C449,24584,93429,0,90,3496,3645,12742920,0,-1,-1,557,0,
core_C10,36991,0,1,0,5609,3565,19996085,0,-1,-1,245,1,
core_C178,32734,64792,0,0,5299,2484,13162716,0,461,-1,503,1,
core_C1045,34680,48455,1,0,4625,4600,21275000,0,566,307,66,0,
core_C1298,44622,107336,0,90,2116,6437,13620692,0,-1,-1,119,1,
core_C1488,63089,63703,1,0,7254,2875,20855250,0,-1,643,91,1,
core_C1587,54257,73785,1,90,1725,5598,9656550,0,229,-1,595,1,
core_C1285,28554,0,0,0,5339,2576,13753264,0,189,167,586,1,
core_C1313,55884,117401,0,180,5036,2392,12046112,0,-1,498,612,0,
core_C1249,50809,45268,0,90,2116,6673,14120068,0,-1,264,319,1,
core_C1067,38182,101386,0,90,1932,6312,12194784,0,-1,328,334,0,
core_C922,73640,36359,0,90,2024,6194,12536656,0,-1,-1,585,1,
core_C1050,19892,62136,0,90,2024,6365,12882760,0,-1,482,532,0,
core_C306,30196,85102,0,90,2024,6237,12623688,0,411,-1,484,0,
core_C228,35407,75810,0,0,6256,2024,12662144,0,-1,388,298,1,
core_C28,19665,45080,1,0,8032,2530,20320960,0,410,203,45,1,
core_C326,148,86874,0,180,3646,3588,13081848,0,-1,224,62,0,
core_C443,5668,13458,0,90,2024,6472,13099328,0,-1,242,20,1,
core_C156,28172,113225,0,180,3662,3496,12802352,0,-1,169,399,0,
core_C1159,42286,60606,0,90,1748,5559,9717132,0,-1,47,305,0,
core_C446,207,77012,1,180,8289,2530,20971170,0,-1,190,444,0,
core_C1155,69408,34243,0,0,6379,2116,13497964,0,-1,359,216,0,
core_C1548,39997,109657,1,90,2415,7939,19172685,0,382,-1,197,1,
core_C1326,16396,109412,0,90,1932,6221,12018972,0,564,-1,23,0,
core_C740,33986,35741,0,90,2024,6107,12360568,0,-1,-1,347,0,
core_C27,19619,119130,0,180,3555,3404,12101220,0,198,-1,39,1,
core_C133,9223,123994,1,0,6852,3220,22063440,0,549,-1,615,0,
core_C350,8152,89208,0,90,2852,4407,12568764,0,-1,-1,497,0,
core_C616,22284,62693,0,90,2024,6380,12913120,0,-1,134,477,0,
core_C1605,24308,50072,0,0,3631,3588,13028028,0,225,106,181,1,
core_C254,50681,6370,0,270,3496,3635,12707960,0,642,-1,424,1,
core_C574,35195,33285,1,90,3680,5548,20416640,0,-1,-1,269,0,
core_C191,28554,2576,0,0,3643,3588,13071084,0,-1,255,142,0,
core_C1019,44218,54288,0,0,5172,2484,12847248,0,18,319,305,1,
core_C244,28172,116721,0,0,3687,3588,13228956,0,-1,318,153,0,
core_C591,22284,105688,0,180,5273,2576,13583248,0,-1,44,199,0,
core_C200,34090,3680,0,90,2024,6579,13315896,0,-1,-1,630,1,
core_C972,60460,27338,0,90,2300,5821,13388300,0,-1,-1,192,1,
core_C74,26473,0,1,0,5688,3680,20931840,0,223,314,0,1,
core_C1261,65021,93948,1,0,6563,3220,21132860,0,377,56,351,0,
core_C978,58397,30804,1,90,2185,6989,15270965,0,622,-1,356,0,
core_C627,5668,26181,0,90,2024,6129,12405096,0,-1,-1,242,0,
core_C748,24676,97074,0,90,3496,3572,12487712,0,-1,495,199,1,
core_C373,27118,21312,0,0,5205,2484,12929220,0,365,587,421,1,
core_C1009,10250,58211,0,90,2484,5212,12946608,0,-1,601,90,0,
core_C108,22284,110748,0,0,5719,2208,12627552,0,-1,111,44,0,
core_C380,22284,88393,0,90,2024,6246,12641904,0,164,445,515,0,
core_C555,63181,81183,1,180,7288,2760,20114880,0,-1,425,286,0,
core_C1030,30107,49260,1,0,4573,4370,19984010,0,66,571,248,1,
core_C1455,69408,80242,0,180,4229,1380,5836020,0,-1,83,396,0,
core_C537,11845,115859,1,90,2530,8116,20533480,0,632,-1,75,1,
core_C1284,9223,83030,1,0,4588,4485,20577180,0,-1,615,270,0,
core_C1089,28172,105896,0,0,3680,3588,13203840,0,-1,399,311,0,
core_C1356,31760,61848,0,0,4495,2944,13233280,0,624,-1,355,1,
core_C476,33893,0,0,180,3696,3680,13601280,0,94,-1,142,1,
core_C1688,207,79542,1,0,5640,3680,20755200,0,-1,309,155,0,
core_C959,63089,75548,1,0,8205,2530,20758650,0,-1,593,464,0,
core_C1037,58436,27338,0,90,2024,6616,13390784,0,172,-1,215,1,
core_C289,69408,102086,0,0,3732,3680,13733760,0,-1,518,81,0,
core_C1691,40114,116303,0,0,6631,2024,13421144,0,-1,222,363,0,
core_C753,9315,92115,1,0,4693,4485,21048105,0,628,591,128,0,
core_C1140,16075,120320,1,0,5700,3795,21631500,0,-1,-1,549,0,
core_C431,37582,109657,1,90,2415,7916,19117140,0,157,343,521,1,
core_C153,23174,118891,0,90,2116,6859,14513644,0,92,-1,160,1,
core_C954,22284,100498,0,90,2392,5062,12108304,0,177,170,445,0,
core_C654,7692,95639,0,180,4400,2852,12548800,0,-1,427,6,1,
core_C422,17594,28473,0,180,4415,2852,12591580,0,344,-1,641,0,
core_C649,42596,75507,1,90,1840,5563,10235920,0,41,-1,600,1,
core_C1185,19665,47610,1,0,5544,3680,20401920,0,-1,422,150,0,
core_C1450,2829,67122,1,180,5569,3680,20493920,0,-1,435,34,0,
core_C1250,60927,0,1,90,2760,7432,20512320,0,238,-1,408,1,
core_C1288,11909,29072,0,180,3661,3588,13135668,0,288,-1,352,1,
core_C1076,54044,123251,0,90,3312,3350,11095200,0,-1,-1,499,0,
core_C1698,14372,54304,0,180,5172,2576,13323072,0,-1,5,104,0,
core_C1620,70978,107173,1,90,2300,7395,17008500,0,620,441,67,1,
core_C1303,65021,100733,1,0,6503,3220,20939660,0,-1,265,56,0,
core_C183,19757,105346,1,0,5703,3680,20987040,0,287,120,403,0,
core_C888,10250,73637,0,0,3765,3588,13508820,0,-1,516,478,0,
core_C1321,30107,106552,1,0,5733,3795,21756735,0,342,574,638,0,
core_C583,44436,81169,1,180,4330,4255,18424150,0,-1,59,41,0,
core_C1059,54910,27338,0,180,3526,3404,12002504,0,192,131,18,1,
core_C313,69408,27966,0,90,2024,6277,12704648,0,243,156,14,0,
core_C129,61404,64406,0,0,7079,2208,15630432,0,-1,451,22,0,
core_C106,31530,51544,0,90,2484,5176,12857184,0,-1,-1,647,0,
core_C952,16396,80616,0,0,5271,2576,13578096,0,-1,348,531,1,
core_C1142,28382,45580,1,180,5787,3680,21296160,0,-1,248,501,0,
core_C1085,32323,23146,0,180,4668,1380,6441840,0,525,-1,365,0,
core_C1369,40114,118327,0,0,5162,2576,13297312,0,-1,579,194,0,
core_C905,32161,0,1,90,2300,7317,16829100,0,245,-1,173,1,
core_C284,148,90462,0,90,2024,6591,13340184,0,-1,631,151,0,
core_C1306,27939,47404,0,90,3588,3742,13426296,0,588,-1,164,1,
core_C1391,40114,101386,0,90,2024,6634,13427216,0,618,370,328,1,
core_C1086,115,27087,1,90,2645,7995,21146775,0,-1,345,611,1,
core_C22,48082,116848,0,90,1932,5855,11311860,0,456,380,17,0,
core_C1566,55982,73785,1,90,2415,7534,18194610,0,408,-1,141,1,
core_C789,73456,27966,0,90,1932,5868,11336976,0,-1,-1,243,1,
core_C368,10250,45656,0,90,2116,4454,9424664,0,-1,483,423,0,
core_C700,42286,90713,0,270,3404,3531,12019524,0,-1,533,109,0,
core_C141,58769,20328,0,90,2484,4986,12385224,0,-1,-1,249,0,
core_C1068,71432,116926,0,0,4344,2852,12389088,0,-1,-1,492,1,
core_C173,36930,26821,0,270,3496,3555,12428280,0,-1,392,347,1,
core_C138,25439,47610,1,90,2415,7878,19025370,0,-1,-1,646,1,
core_C664,115,41637,1,180,4491,4370,19625670,0,-1,406,527,0,
core_C470,63687,0,1,90,2760,7135,19692600,0,-1,-1,205,1,
core_C1097,40274,40595,1,90,3105,6342,19691910,0,57,-1,327,1,
core_C1134,54044,90361,0,180,4931,3220,15877820,0,405,499,266,0,
core_C1418,3335,97946,1,180,5548,3565,19778620,0,-1,-1,473,0,
core_C222,5668,19930,0,90,2024,6251,12652024,0,-1,176,152,0,
core_C1041,71432,27966,0,90,2024,6265,12680360,0,230,-1,216,1,
core_C1606,22284,115256,0,90,3496,3635,12707960,0,-1,-1,111,0,
core_C66,34461,0,1,90,2530,8094,20477820,0,136,402,223,1,
core_C1398,65020,14023,1,0,7469,2760,20614440,0,-1,627,649,1,
core_C992,30196,80410,0,0,5191,2576,13372016,0,-1,484,298,0,
core_C505,28382,49260,1,90,1725,5596,9653100,0,183,616,220,0,
core_C1294,58769,13826,0,90,2116,6502,13758232,0,129,233,71,1,
core_C916,32182,17352,1,90,2645,7971,21083295,0,505,-1,410,1,
core_C176,37814,80686,0,180,4208,2760,11614080,0,-1,-1,604,1,
core_C342,43217,65071,1,90,2990,5999,17937010,0,-1,-1,468,0,
core_C586,71414,105766,0,90,2024,6108,12362592,0,73,-1,606,1,
core_C271,18328,112908,0,90,2024,6128,12403072,0,329,-1,564,0,
core_C327,28554,6164,0,0,3604,3588,12931152,0,630,491,167,0,
core_C1293,56561,25314,0,180,6232,2024,12613568,0,-1,-1,433,0,
core_C1081,19665,63601,1,0,7803,2530,19741590,0,-1,609,556,0,
core_C1361,115,50377,1,90,3105,6532,20281860,0,-1,617,406,0,
core_C840,39429,6480,0,90,2024,6431,13016344,0,-1,325,42,0,
core_C1374,69408,42378,0,270,2484,5118,12713112,0,340,21,359,0,
core_C953,19618,6529,0,0,6459,2024,13073016,0,514,-1,116,0,
core_C849,37589,18921,0,90,2852,4496,12822592,0,-1,-1,94,0,
core_C1532,148,8552,0,180,5174,2484,12852216,0,526,55,602,1,
core_C1328,50809,51941,0,90,2024,6357,12866568,0,-1,-1,144,0,
core_C1319,65021,103953,1,180,6618,3220,21309960,0,-1,596,210,0,
core_C1527,54044,87417,0,0,4529,2944,13333376,0,-1,240,462,1,
core_C838,49473,49865,1,180,7312,2875,21022000,0,-1,272,384,1,
core_C317,11900,124745,0,0,6362,2116,13461992,0,467,-1,555,1,
core_C778,35195,28573,1,90,4485,4712,21133320,0,9,166,321,1,
core_C329,9223,79350,1,0,5749,3680,21156320,0,-1,186,404,0,
core_C76,22172,120587,1,0,7597,2990,22715030,0,-1,590,651,0,
core_C1463,49473,52740,1,0,4847,4715,22853605,0,-1,502,267,0,
core_C520,19892,74618,0,90,1656,5302,8780112,0,-1,-1,482,0,
core_C214,11634,85804,0,90,2484,4984,12380256,0,-1,-1,497,1,
core_C1052,51670,69351,0,270,2024,6145,12437480,0,-1,589,49,0,
core_C1524,60999,36438,0,0,5695,2208,12574560,0,-1,-1,405,1,
core_C1004,36132,68482,0,180,5695,2208,12574560,0,-1,592,53,1,
core_C5,4899,49415,1,90,3105,6504,20194920,0,-1,306,430,0,
core_C442,40204,48822,1,0,7318,2760,20197680,0,-1,-1,66,1,
core_C250,148,109122,0,90,2024,6390,12933360,0,-1,412,115,0,
core_C1246,69711,0,1,90,2530,7803,19741590,0,-1,-1,550,1,
core_C885,42598,120903,0,180,5091,2484,12646044,0,-1,-1,579,1,
core_C1694,22284,75520,0,90,2024,6427,13008248,0,-1,515,134,0,
core_C921,28172,122609,0,0,5829,2208,12870432,0,-1,-1,318,0,
core_C1656,28172,77834,0,90,2024,6441,13036584,0,298,474,625,0,
core_C12,63181,78078,1,180,6400,3105,19872000,0,-1,182,593,1,
core_C164,25460,105346,1,90,2530,8063,20399390,0,-1,-1,211,1,
core_C205,15570,25267,0,90,2024,6497,13149928,0,512,122,206,1,
core_C290,7692,116335,0,0,6345,2024,12842280,0,98,-1,108,0,
core_C132,48669,37030,1,0,8160,2530,20644800,0,-1,-1,460,1,
core_C715,49390,37921,0,90,3680,3697,13604960,0,-1,650,18,0,
core_C1296,37413,100802,1,0,4643,4600,21357800,0,-1,-1,419,1,
core_C1649,43164,114875,1,180,6474,3220,20846280,0,-1,-1,343,1,
core_C1517,54947,39560,1,90,3220,6502,20936440,0,-1,-1,504,1,
core_C1082,26473,14154,1,90,3220,4868,15674960,0,-1,-1,577,0,
core_C730,58397,7813,1,180,8294,2530,20983820,0,-1,387,408,0,
core_C275,69408,75734,0,0,5836,2300,13422800,0,-1,396,565,0,
core_C1559,30196,77834,0,0,5211,2576,13423536,0,149,247,285,1,
core_C567,52808,118349,1,180,7322,2875,21050750,0,-1,-1,100,1,
core_C557,38732,66936,1,90,2645,7957,21046265,0,-1,339,645,0,
core_C1383,42212,2576,0,180,3793,3772,14307196,0,424,13,618,1,
core_C515,63428,118134,0,90,1932,6016,11622912,0,367,-1,391,1,
core_C397,0,3588,0,90,3220,4964,15984080,0,46,614,486,0,
core_C604,38182,87310,0,180,3502,3404,11920808,0,-1,636,357,0,
core_C736,42286,54288,0,90,1932,6318,12206376,0,168,154,15,0,
core_C1498,4899,55919,1,90,3565,5509,19639585,0,-1,-1,278,0,
core_C816,34680,53055,1,90,3105,6521,20247705,0,-1,-1,138,0,
core_C873,12273,97144,0,90,2024,6400,12953600,0,-1,127,362,0,
core_C609,207,83222,1,0,8029,2530,20313370,0,-1,-1,190,0,
core_C1423,51151,0,0,90,2024,6264,12678336,0,480,-1,509,1,
core_C782,28172,99263,0,90,2024,6435,13024440,0,485,187,341,0,
core_C21,13746,5106,0,90,2024,6443,13040632,0,-1,465,562,0,
core_C507,148,37194,0,90,2024,6513,13182312,0,-1,62,20,0,
core_C1157,26473,3680,1,90,2530,7944,20098320,0,-1,577,173,0,
core_C1096,28172,72795,0,0,5331,2484,13242204,0,400,625,543,0,
core_C724,17594,10853,0,0,5336,2484,13254624,0,112,537,560,0,
core_C352,59421,7278,0,90,2024,6548,13253152,0,331,-1,584,0,
core_C1136,28172,120309,0,0,5787,2300,13310100,0,-1,284,169,0,
core_C491,44218,56772,0,0,6591,2024,13340184,0,144,466,168,0,
core_C1377,33986,24797,0,0,6599,2024,13356376,0,-1,99,27,1,
core_C435,28382,29756,1,0,6813,3220,21937860,0,269,114,31,1,
core_C1291,22284,47404,0,0,5545,2668,14794060,0,-1,65,329,1,
core_C1012,115,88282,1,90,2185,4655,10171175,0,54,439,640,0,
core_C918,44218,69376,0,90,1840,5602,10307680,0,-1,619,385,0,
core_C1705,39429,12911,0,90,1840,6010,11058400,0,-1,-1,259,0,
core_C1102,51773,81258,1,90,2300,7569,17408700,0,-1,-1,578,0,
core_C792,34096,41900,1,180,6178,2875,17761750,0,239,-1,501,1,
core_C1153,38182,107698,0,90,1932,6207,11991924,0,226,-1,145,0,
core_C1706,20352,112908,0,90,1932,6222,12020904,0,322,-1,254,1,
core_C763,22158,41630,1,180,5451,3450,18805950,0,-1,-1,58,0,
core_C1008,61445,12056,0,180,6126,2024,12399024,0,-1,-1,317,1,
core_C1000,31487,32976,1,90,3565,5655,20160075,0,-1,-1,114,1,
core_C1461,31557,28740,0,90,2024,6373,12898952,0,-1,-1,366,1,
core_C1060,38182,97890,0,180,3599,3496,12582104,0,-1,145,572,0,
core_C1104,70557,24710,1,180,4530,4485,20317050,0,-1,77,440,1,
core_C363,14372,115633,0,90,2944,4420,13012480,0,-1,39,372,0,
core_C550,69408,90546,0,180,5750,2208,12696000,0,-1,438,86,0,
core_C965,73438,110482,0,90,2024,6444,13042656,0,-1,-1,488,0,
core_C9,38732,74893,1,90,2530,7859,19883270,0,-1,-1,300,0,
core_C1003,71892,42553,0,90,2484,5121,12720564,0,-1,-1,260,1,
core_C1554,28172,95767,0,180,3659,3496,12791864,0,-1,311,474,0,
core_C746,35840,106552,1,0,6446,3105,20014830,0,-1,-1,213,1,
core_C870,37582,117596,1,180,5582,3680,20541760,0,293,-1,197,0,
core_C626,22009,31316,0,0,5952,2208,13142016,0,366,-1,201,1,
core_C1541,115,35082,1,0,7260,2760,20037600,0,-1,527,227,0,
core_C1631,7692,107691,0,90,2484,5161,12819924,0,-1,108,420,0,
core_C1362,33986,31271,0,90,2944,4470,13159680,0,235,159,99,0,
core_C88,16396,83192,0,0,5303,2484,13172652,0,-1,23,219,0,
core_C786,8226,41462,0,270,2024,6340,12832160,0,-1,417,369,0,
core_C1168,51670,81452,0,90,2024,6516,13188384,0,-1,539,589,0,
core_C186,65021,90268,1,0,5606,3680,20630080,0,-1,174,634,0,
core_C38,8226,29072,0,180,3683,3680,13553440,0,206,130,29,0,
core_C508,35824,59576,1,0,7192,2875,20677000,0,-1,-1,96,1,
core_C950,47806,6816,0,90,2116,6353,13442948,0,450,-1,15,1,
core_C1166,28172,61848,0,90,3588,3771,13530348,0,188,503,506,1,
core_C404,58397,24028,1,90,2185,6776,14805560,0,-1,175,401,0,
core_C539,38182,83446,0,180,3951,3864,15266664,0,554,304,64,1,
core_C1397,70142,69108,1,90,2530,6430,16267900,0,105,-1,36,1,
core_C1513,69408,36359,0,90,1932,6019,11628708,0,585,260,156,0,
core_C633,56661,6478,0,90,2760,4302,11873520,0,584,-1,642,1,
core_C1604,28034,51146,0,0,3496,3496,12222016,0,647,-1,106,1,
core_C1426,12273,90788,0,90,1932,6356,12279792,0,-1,308,420,1,
core_C1338,40114,114279,0,0,6177,2024,12502248,0,-1,194,370,0,
core_C263,69299,36848,1,270,2415,7895,19066425,0,379,409,3,1,
core_C1324,32323,18621,0,90,2852,4525,12905300,0,-1,221,178,1,
core_C1572,27961,28740,0,180,3596,3588,12902448,0,333,-1,344,1,
core_C167,65360,118134,0,90,2024,6389,12931336,0,487,-1,302,1,
core_C693,38108,37859,0,90,2852,4545,12962340,0,-1,133,16,1,
core_C1521,8226,35052,0,90,2024,6410,12973840,0,27,349,130,0,
core_C503,40114,108020,0,90,2024,6259,12668216,0,119,363,226,0,
core_C1626,4104,86874,0,90,2024,6445,13044680,0,70,530,559,1,
core_C861,14372,93088,0,90,2024,6302,12755248,0,-1,336,531,0,
core_C354,71984,119778,0,90,2484,5292,13145328,0,-1,-1,33,1,
core_C975,34226,111322,0,90,2116,6407,13557212,0,64,52,621,1,
core_C1536,115,101511,1,180,8166,2530,20659980,0,-1,-1,439,0,
core_C1702,74,125854,0,0,5159,2576,13289584,0,-1,-1,602,0,
core_C622,71584,86703,1,90,2875,7263,20881125,0,-1,-1,174,1,
core_C1225,22150,28740,0,0,5326,2576,13719776,0,-1,-1,68,0,
core_C1515,71714,36848,1,90,2415,7469,18037635,0,-1,635,364,1,
core_C1412,48082,122703,0,90,1932,6175,11930100,0,-1,-1,228,0,
core_C115,14097,90390,1,180,5421,3565,19325865,0,-1,-1,50,1,
core_C1062,42412,71070,1,90,4370,4437,19389690,0,452,594,157,1,
core_C166,29505,56720,0,180,5013,2484,12452292,0,-1,-1,443,1,
core_C341,46943,94394,1,90,2530,7998,20234940,0,267,529,538,1,
core_C1077,44218,67352,0,0,6398,2024,12949552,0,-1,324,458,0,
core_C196,34634,51544,0,90,2024,6398,12949552,0,576,-1,544,1,
core_C1115,58397,10343,1,180,5537,3565,19739405,0,550,471,296,0,
core_C643,35407,77834,0,0,4434,2852,12645768,0,-1,-1,149,0,
core_C1538,17594,19642,0,0,4556,2852,12993712,0,586,641,537,0,
core_C821,299,56909,1,90,2530,8026,20305780,0,581,97,599,1,
core_C852,61404,118134,0,90,2024,6303,12757272,0,302,113,72,0,
core_C545,36930,30376,0,270,2944,4447,13091968,0,-1,463,235,0,
core_C438,36342,117257,0,0,3649,3588,13092612,0,-1,-1,64,0,
core_C832,8226,2484,0,180,4478,2852,12771256,0,-1,29,608,1,
core_C1480,51773,63895,1,180,6427,3105,19955835,0,-1,453,534,1,
core_C1477,69408,78034,0,0,5937,2208,13108896,0,-1,184,297,0,
core_C109,66924,40670,0,90,2024,6497,13149928,0,-1,126,22,1,
core_C941,38108,46862,0,0,3673,3588,13178724,0,-1,-1,133,0,
core_C962,28172,109484,0,90,3680,3741,13766880,0,-1,153,187,0,
core_C630,33503,73694,0,0,6378,2116,13495848,0,-1,-1,315,1,
core_C1529,58397,20233,1,0,5699,3795,21627705,0,440,356,649,0,
core_C801,34461,8094,1,270,4600,4732,21767200,0,-1,-1,245,0,
core_C881,19757,103161,1,0,7244,2185,15828140,0,-1,211,31,0,
core_C807,9223,76820,1,0,7691,2530,19458230,0,-1,270,4,0,
core_C1601,58975,87417,0,90,2024,6174,12496176,0,276,-1,240,1,
core_C552,115,46007,1,0,4478,4370,19568860,0,-1,258,237,0,
core_C1238,7692,101159,0,0,3602,3588,12923976,0,-1,420,427,0,
core_C1120,58397,0,1,90,2530,7813,19766890,0,205,296,229,1,
core_C612,69299,52205,1,90,2530,7839,19832670,0,-1,-1,364,0,
core_C382,27697,19022,1,270,4485,4563,20465055,0,250,-1,150,1,
core_C269,32220,85102,0,0,5154,2484,12802536,0,-1,8,148,1,
core_C1534,148,115512,0,90,2024,6500,13156000,0,559,-1,280,0,
core_C143,32637,113107,1,90,2530,8142,20599260,0,521,-1,436,1,
core_C1202,9315,111374,1,180,4598,4485,20622030,0,-1,75,535,0,
core_C790,28554,15328,0,90,2208,5984,13212672,0,-1,-1,491,0,
core_C1422,44218,62384,0,0,4487,2944,13209728,0,447,458,466,0,
core_C911,8226,47802,0,90,2024,6534,13224816,0,575,-1,349,0,
core_C1318,28172,68563,0,180,5936,2300,13652800,0,53,543,503,0,
core_C1098,30107,100802,1,0,7306,2875,21004750,0,292,638,26,0,
core_C1597,7692,104747,0,180,4581,2944,13486464,0,362,346,407,0,
core_C610,24174,22124,0,90,2944,4594,13524736,0,178,-1,68,1,
core_C104,19665,51290,1,0,5713,3795,21680835,0,-1,646,203,0,
core_C1460,10250,41884,0,0,3778,3772,14250616,0,-1,231,27,0,
core_C624,46005,3780,0,0,4676,3036,14196336,0,165,-1,301,1,
core_C379,63181,83943,1,90,1840,5577,10261680,0,517,-1,182,0,
core_C1522,42286,97717,0,270,1840,5746,10572640,0,-1,644,533,0,
core_C478,7692,98491,0,180,4040,2668,10778720,0,-1,407,200,0,
core_C1341,70379,0,0,90,2668,4230,11285640,0,-1,-1,500,1,
core_C6,59288,119793,0,90,2116,5445,11521620,0,22,548,498,1,
core_C377,4899,41637,1,90,2415,7778,18783870,0,605,278,581,1,
core_C1339,49312,39560,1,90,2530,7660,19379800,0,504,-1,540,1,
core_C489,0,19401,1,90,2530,7686,19445580,0,-1,611,117,0,
core_C1487,56561,17121,0,90,2024,6155,12457720,0,-1,256,71,0,
core_C920,43217,51582,1,90,3565,5558,19814270,0,540,468,645,1,
core_C189,2829,70802,1,180,5526,3680,20335680,0,-1,-1,204,0,
core_C956,30107,113107,1,90,2530,8073,20424690,0,413,-1,574,0,
core_C1164,65503,0,0,90,2208,5788,12779904,0,500,132,629,1,
core_C42,69408,92754,0,180,3683,3588,13214604,0,-1,81,337,0,
core_C1402,115,92937,1,90,3220,6613,21293860,0,473,375,323,0,
core_C1378,64096,20348,1,0,6461,3220,20804420,0,335,-1,401,1,
core_C488,70978,114568,1,180,4649,4485,20850765,0,-1,-1,209,0,
core_C703,2172,122910,0,0,4532,2944,13342208,0,555,-1,6,0,
core_C399,24308,57248,0,0,5197,2576,13387472,0,383,121,106,0,
core_C656,207,74482,1,0,8268,2530,20918040,0,-1,155,599,0,
core_C854,22284,94639,0,90,2300,5859,13475700,0,519,199,181,0,
core_C768,24308,72363,0,90,2944,4591,13515904,0,-1,522,121,0,
core_C125,48705,61372,0,0,4596,2944,13530624,0,24,-1,416,1,
core_C281,38033,64710,0,180,3803,3772,14344916,0,-1,-1,461,0,
core_C696,53970,85393,0,180,6397,2024,12947528,0,-1,-1,539,1,
core_C1483,49922,10005,0,90,2576,3895,10033520,0,508,-1,354,1,
core_C865,61404,66614,0,180,5351,1748,9353548,0,-1,10,217,0,
core_C556,46782,59282,1,90,2530,7995,20227350,0,95,494,382,1,
core_C1408,51773,67000,1,0,6479,3105,20117295,0,-1,51,395,0,
core_C632,63986,19188,0,90,2024,6342,12836208,0,580,561,493,0,
core_C1542,49473,88827,1,180,4495,4370,19643150,0,-1,100,534,0,
core_C836,50014,116848,0,90,2024,6523,13202552,0,623,103,228,1,
core_C872,2172,96690,0,0,5174,2484,12852216,0,-1,6,559,0,
core_C361,44218,65328,0,0,6510,2024,13176240,0,-1,385,416,0,
core_C570,7406,37030,1,180,7197,2760,19863720,0,-1,607,30,0,
core_C233,45909,40595,1,90,2760,7172,19794720,0,290,-1,57,1,
core_C675,38033,61122,0,180,3748,3588,13447824,0,-1,448,137,1,
core_C456,52112,116848,0,90,1932,5986,11564952,0,266,-1,623,1,
core_C1703,36930,34823,0,180,4671,3036,14181156,0,-1,-1,392,0,
core_C1216,63089,71753,1,0,5705,3795,21650475,0,-1,191,36,0,
core_C702,13746,11549,0,90,2024,6610,13378640,0,-1,553,312,0,
core_C1320,44218,58796,0,0,3725,3588,13365300,0,569,416,319,0,
core_C392,18262,125750,0,0,5304,2576,13663104,0,-1,-1,268,1,
core_C298,43217,57140,1,90,2530,7931,20065430,0,-1,252,434,0,
core_C1428,42412,111724,1,180,6462,3105,20064510,0,-1,-1,633,0,
core_C463,2264,60930,0,0,5956,2208,13150848,0,-1,2,1,0,
core_C240,58397,14023,1,0,6595,3105,20477475,0,-1,649,387,0,
core_C524,73438,98236,0,90,2024,6282,12714768,0,-1,488,73,0,
core_C396,3335,91387,1,90,3105,6559,20365695,0,-1,241,439,1,
core_C62,28172,91339,0,270,2944,4428,13036032,0,-1,341,285,0,
core_C434,0,7804,1,90,2530,8032,20320960,0,-1,117,43,0,
core_C1591,26148,59824,0,90,2024,6254,12658096,0,544,506,121,1,
core_C564,22284,56287,0,90,2024,6406,12965744,0,-1,163,65,0,
core_C311,10250,70049,0,180,3613,3588,12963444,0,-1,212,648,0,
core_C391,19628,37030,1,90,2530,7979,20186870,0,58,-1,628,1,
core_C1537,53175,0,0,90,2024,6370,12892880,0,536,-1,310,1,
core_C1128,3686,0,0,180,5040,2484,12519360,0,-1,-1,486,1,
core_C1314,19892,68501,0,90,2024,6117,12380808,0,-1,273,147,0,
core_C1586,10250,50110,0,270,2300,4605,10591500,0,-1,90,231,0,
core_C1608,30196,82986,0,0,6856,2116,14507296,0,-1,148,247,0,
core_C194,30196,99263,0,90,2024,6633,13425192,0,-1,-1,311,1,
core_C67,0,0,0,0,3686,3588,13225368,0,481,303,-1,0,
core_C1510,67384,71754,0,90,2024,6513,13182312,0,14,-1,367,1,
core_C814,73438,104518,0,90,2208,5964,13168512,0,-1,338,472,0,
core_C874,57223,0,0,90,2944,4473,13168512,0,639,-1,536,1,
core_C735,71143,60044,1,90,2530,7897,19979410,0,-1,-1,643,1,
core_C898,28554,12476,0,0,4474,2852,12759848,0,496,415,255,0,
core_C1355,69408,116629,0,90,2024,6399,12951576,0,234,33,583,0,
core_C1073,63986,14080,0,90,2392,5108,12218336,0,-1,454,547,1,
core_C1675,46782,67277,1,90,2530,7955,20126150,0,-1,-1,452,0,
core_C1567,24676,100646,0,90,2484,5042,12524328,0,-1,-1,177,0,
core_C687,33028,12476,0,90,2024,6145,12437480,0,-1,-1,491,1,
core_C754,8152,85804,0,180,3482,3404,11852728,0,274,162,608,0,
core_C805,55884,119793,0,270,3404,3458,11771032,0,429,-1,143,0,
core_C1474,54044,93581,0,90,1840,6002,11043680,0,12,207,240,0,
core_C722,67711,0,0,90,2668,2698,7198264,0,428,-1,437,1,
core_C107,28382,41900,1,0,5714,3680,21027520,0,327,220,69,0,
core_C40,49473,57455,1,0,5713,3680,21023840,0,573,88,272,0,
core_C859,28172,65619,0,0,4562,2944,13430528,0,137,418,355,0,
core_C670,51842,39560,1,90,3105,6670,20710350,0,294,-1,431,1,
core_C1479,34827,17352,1,90,2530,8116,20533480,0,-1,-1,250,1,
core_C447,26148,66078,0,90,2024,6285,12720840,0,355,-1,476,0,
core_C1636,73735,84106,0,90,1932,5840,11282880,0,-1,-1,85,1,
core_C839,52498,11517,0,180,4063,2668,10840084,0,71,-1,450,1,
core_C1344,47379,0,0,90,3772,3780,14258160,0,310,-1,554,1,
core_C1575,60674,61058,1,0,7986,2645,21122970,0,-1,91,3,0,
core_C1156,14136,93955,1,0,4679,4485,20985315,0,-1,123,535,1,
core_C835,17594,0,0,90,2024,6356,12864544,0,116,560,288,1,
core_C1663,70590,16783,1,90,2530,7927,20055310,0,-1,-1,627,1,
core_C1671,26077,1932,0,90,2024,6496,13147904,0,-1,-1,261,1,
core_C595,22284,81947,0,90,2024,6446,13046704,0,-1,181,283,0,
core_C1615,10250,77225,0,90,2484,5083,12626172,0,-1,-1,212,0,
core_C221,65021,83943,1,180,7147,2760,19725720,0,37,634,425,1,
core_C800,69408,105766,0,90,1932,6321,12212172,0,606,583,193,0,
core_C54,24584,84871,0,180,3572,3404,12159088,0,-1,557,445,1,
core_C798,14372,80616,0,90,1932,6280,12132960,0,-1,531,5,0,
core_C314,35167,113107,1,90,2415,7804,18846660,0,197,-1,413,1,
core_C1616,24308,76954,0,90,2852,4329,12346308,0,-1,38,446,0,
core_C986,67298,107173,1,90,1840,5532,10178880,0,67,-1,107,1,
core_C1325,60582,71292,1,90,2415,7662,18503730,0,-1,-1,622,0,
core_C851,36991,23417,0,180,4658,1380,6428040,0,-1,-1,221,1,
core_C452,5322,6532,0,90,2300,4902,11274600,0,-1,-1,263,1,
core_C1395,115,37842,1,0,5740,3795,21783300,0,-1,237,345,0,
core_C659,69408,71410,0,0,6398,2116,13538168,0,-1,565,21,0,
core_C1336,46943,102392,1,0,4655,4485,20877675,0,545,-1,384,0,
core_C31,4104,93615,0,0,6390,2024,12933360,0,-1,-1,371,0,
core_C521,14372,86896,0,90,2024,6192,12532608,0,219,372,520,0,
core_C86,19892,55794,0,90,1932,6342,12252744,0,-1,147,5,1,
core_C751,42286,94244,0,90,3404,3473,11822092,0,-1,426,232,0,
core_C1063,49473,63895,1,90,2300,7606,17493800,0,395,455,88,0,
core_C150,9315,106774,1,0,4821,4600,22176600,0,511,414,50,0,
core_C823,55199,0,0,90,2024,6478,13111472,0,489,-1,480,1,
core_C741,17594,13337,0,90,2024,6305,12761320,0,-1,389,316,0,
core_C1241,44528,94394,1,90,2415,7330,17701950,0,384,-1,610,1,
core_C634,51670,87968,0,90,2300,4757,10941100,0,449,-1,350,0,
core_C389,46782,51582,1,90,2530,7700,19481000,0,431,-1,434,1,
core_C39,44218,75052,0,90,1932,6151,11883732,0,19,-1,619,0,
core_C776,32251,25468,1,180,6443,3105,20005515,0,-1,-1,110,1,
core_C1038,28172,70863,0,180,5932,1932,11460624,0,-1,315,418,0,
core_C1360,28172,59824,0,0,6462,2024,13079088,0,386,-1,476,1,
core_C1346,51598,121224,1,90,2760,6966,19226160,0,-1,-1,529,1,
core_C423,21642,0,0,180,6335,1932,12239220,0,-1,-1,116,1,
core_C280,58821,33954,0,0,5165,2484,12829860,0,493,-1,24,1,
core_C1669,59288,126731,0,0,6470,2024,13095280,0,-1,-1,429,0,
core_C1330,16075,111064,1,90,3565,5668,20206420,0,-1,196,161,1,
core_C63,63934,10343,1,180,5777,3680,21259360,0,281,-1,387,1,
core_C1342,19757,112591,1,90,2415,7729,18665535,0,651,-1,120,0,
core_C1236,42504,101724,1,90,2645,6895,18237275,0,-1,-1,600,0,
core_C641,13746,18159,0,0,3588,3588,12873744,0,-1,626,465,0,
core_C523,42133,0,0,0,5246,2576,13513696,0,509,-1,357,1,
core_C871,6704,122910,0,0,5196,2576,13384896,0,268,-1,442,1,
core_C1410,19665,58765,1,0,5801,3680,21347680,0,60,257,646,0,
core_C1207,24584,88275,0,90,2576,5154,13276704,0,-1,135,519,0,
core_C1259,12273,110167,0,90,2024,6168,12484032,0,-1,-1,127,0,
core_C353,2172,90462,0,90,1932,6228,12032496,0,371,457,412,1,
core_C909,17594,8553,0,180,5804,2300,13349200,0,-1,316,512,0,
core_C1690,63986,25530,0,270,1932,4875,9418500,0,-1,-1,454,0,
core_C1337,13746,0,0,90,2484,5106,12683304,0,-1,312,29,1,
core_C1617,30087,121276,1,0,8140,2530,20594200,0,-1,-1,590,1,
core_C204,18328,109412,0,180,3603,3496,12596088,0,-1,254,158,1,
core_C312,69408,73526,0,0,5670,2208,12519360,0,-1,297,528,0,
core_C136,39305,51582,1,90,2415,7923,19134045,0,-1,-1,138,1,
core_C1535,66924,66614,0,90,2392,5140,12294880,0,-1,-1,28,1,
core_C219,27118,26624,0,180,6426,2116,13597416,0,-1,-1,598,0,
core_C390,47943,58796,0,0,5265,2576,13562640,0,-1,-1,466,1,
core_C1465,37333,50450,0,180,4450,2852,12691400,0,-1,102,647,1,
core_C1262,30107,53630,1,90,3220,6462,20807640,0,-1,96,183,0,
core_C1121,38182,94210,0,180,3685,3680,13560800,0,-1,334,636,0,
core_C549,55186,52740,1,90,2530,7902,19992060,0,-1,-1,502,1,
core_C697,30107,110347,1,180,7103,2760,19604280,0,-1,436,213,0,
core_C1674,10250,82308,0,180,3667,3496,12819832,0,-1,-1,417,1,
core_C713,36658,56246,0,0,5239,2576,13495664,0,-1,-1,386,1,
core_C409,26473,11624,1,180,7789,2530,19706170,0,89,295,314,0,
core_C437,51773,73785,1,90,2300,7473,17187900,0,597,326,51,0,
core_C24,40114,120903,0,90,2484,5105,12680820,0,282,93,222,0,
core_C766,66010,19188,0,90,2024,6288,12726912,0,-1,-1,454,1,
core_C1,2829,56909,1,90,2070,6533,13523310,0,430,34,390,1,
core_C635,22150,19272,0,0,4374,2852,12474648,0,-1,68,586,0,
core_C771,69408,112087,0,90,2944,4542,13371648,0,-1,492,518,0,
core_C1179,59421,5070,0,0,5730,2208,12651840,0,-1,317,360,1,
core_C1632,71340,36359,0,90,2300,5768,13266400,0,146,-1,359,1,
core_C1657,22150,17248,0,0,6404,2024,12961696,0,142,582,389,1,
core_C112,27118,24526,0,180,6200,2024,12548800,0,-1,598,178,0,
core_C127,31527,47404,0,180,5892,1840,10841280,0,-1,-1,225,1,
core_C793,51670,75496,0,90,1932,5956,11506992,0,-1,350,275,0,
core_C1507,22172,123577,1,0,7915,2530,20024950,0,563,-1,271,0,
core_C71,9315,96600,1,90,3680,5574,20512320,0,-1,50,195,0,
core_C1359,36132,70690,0,180,5175,2576,13330800,0,-1,-1,277,0,
core_C1036,63089,78078,1,0,92,115,10580,0,286,74,191,0,
core_C1240,42412,75507,1,0,92,115,10580,0,600,633,382,0,
core_C1628,54165,73785,1,0,92,115,10580,0,141,-1,597,1,
core_C1061,65021,107173,1,0,92,115,10580,0,107,-1,265,0,
core_C473,54073,73785,1,0,92,115,10580,0,595,25,578,1,
core_C1110,27118,26550,0,90,92,74,6808,0,-1,568,587,0,
core_C1147,207,56909,1,0,92,115,10580,0,390,444,617,1,
core_C1200,42504,75507,1,0,92,115,10580,0,202,552,594,1,
core_C1501,10250,63423,0,90,92,74,6808,0,-1,648,179,0,
core_C1650,74,8552,0,0,74,92,6808,0,263,376,614,1,
core_C994,42212,30552,0,0,74,92,6808,0,15,-1,13,0,
core_C982,37740,80686,0,0,74,92,6808,0,251,-1,8,1,
core_C946,7314,37842,1,0,92,115,10580,0,30,-1,430,1,
core_C652,71340,105766,0,0,74,92,6808,0,253,-1,518,1,
core_C674,7406,39790,1,0,92,115,10580,0,61,-1,459,0,
core_C26,8152,63138,0,0,74,92,6808,0,394,497,70,1,
core_C743,19665,66131,1,0,92,115,10580,0,31,-1,257,0,
core_C843,44436,94394,1,0,92,115,10580,0,538,-1,637,0,
core_C819,0,27087,1,270,115,92,10580,0,227,-1,432,0,
core_C806,55884,117327,0,90,92,74,6808,0,-1,143,12,0,
core_C1494,12274,63423,0,0,74,92,6808,0,79,-1,648,1,
core_C1434,0,8552,0,180,74,92,6808,0,602,-1,303,0,
core_C1416,9223,87515,1,0,92,115,10580,0,128,161,186,0,
core_C169,28382,54856,1,90,115,92,10580,0,-1,-1,248,0,
core_C267,115,56909,1,0,92,115,10580,0,599,640,258,0,
core_C93,42138,2576,0,0,74,92,6808,0,301,-1,226,1,
core_C297,44218,74978,0,90,92,74,6808,0,-1,541,324,0,
core_C1281,73278,93966,1,0,92,115,10580,0,87,-1,209,1,
core_C1277,34152,111322,0,0,74,92,6808,0,374,-1,101,1,
core_C140,60582,24028,1,0,92,115,10580,0,3,524,175,1,
core_C1253,52038,116848,0,0,74,92,6808,0,462,-1,456,1,
core_C1316,36255,58822,0,0,5830,2300,13409000,0,-1,-1,188,1,
core_C878,28172,75810,0,0,6374,2024,12900976,0,-1,285,315,0,
core_C1014,13746,21747,0,90,3496,3520,12305920,0,-1,-1,553,0,
core_C307,65020,16783,1,180,5570,3565,19857050,0,513,-1,246,0,
core_C241,14008,83030,1,0,5620,3680,20681600,0,479,76,195,1,
core_C1545,63019,0,0,90,2484,5070,12593880,0,437,-1,639,1,
core_C381,32158,6164,0,90,1932,6312,12194784,0,171,-1,255,1,
core_C87,148,97053,0,90,2024,6546,13249104,0,-1,115,224,0,
core_C50,14375,102925,1,90,2760,7247,20001720,0,45,-1,185,1,
core_C385,42412,108619,1,0,6627,3105,20576835,0,48,469,594,0,
core_C249,65021,86703,1,180,5458,3565,19457770,0,-1,351,517,0,
core_C97,71714,44317,1,90,2530,7888,19956640,0,-1,-1,379,0,
core_C619,38182,90714,0,180,3677,3496,12854792,0,-1,572,304,0,
core_C747,44436,89909,1,0,4589,4485,20581665,0,-1,610,59,0,
core_C223,30107,103677,1,0,7227,2875,20777625,0,-1,213,419,0,
core_C1440,60167,0,0,90,2852,4380,12491760,0,629,-1,489,1,
core_C1305,115,85752,1,0,8146,2530,20609380,0,-1,323,617,0,
core_C783,17594,22494,0,90,2208,5979,13201632,0,-1,201,389,0,
core_C407,54177,6478,0,270,2484,5039,12516876,0,360,-1,165,1,
core_C846,63089,66578,1,0,8054,2530,20376620,0,490,36,140,0,
core_C926,42286,105036,0,0,5777,2300,13287100,0,-1,-1,426,0,
core_C1593,38732,62451,1,0,4485,4485,20115225,0,434,300,26,1,
core_C575,19665,55085,1,180,5774,3680,21248320,0,236,556,422,0,
core_C588,31530,49244,0,0,5803,2300,13346900,0,570,218,361,1,
core_C848,10250,63497,0,90,2024,6552,13261248,0,613,478,601,0,
core_C1209,58397,17128,1,0,6623,3105,20564415,0,246,401,471,0,
core_C1245,49390,41618,0,90,3588,3650,13096200,0,-1,-1,291,0,
core_C1040,22172,112591,1,90,2530,7996,20229880,0,63,271,551,1,
Wirelength: 6.12546e+09
layer(tree) info:
layer: 0 ,width: 75806 ,height: 128952 ,area: 9775335312 ,blocks_area: 7706138500, filling_rate: 0.788325, utilizatio_rate: 0.786962
layer: 1 ,width: 75785 ,height: 128190 ,area: 9714879150 ,blocks_area: 7197435655, filling_rate: 0.740867, utilizatio_rate: 0.735012
random seed: 16
alpha: 0
gamma: 1
best wirelength: 6.12546e+09
initial_num_perturbs: 19560
iter: 0
best_iter: 0
best_cost: 0.155777
reject_time: 0
accept_inferior_time: 0
update_best_time: 1231
adjustLegalOutline_fail_times: 0
outline_adjust_time: 233.045
initial_wirelength: 1.19886e+10
initial_average_wirelength: 7.69599e+10
1.19886e+10,initial_iter: 19560
initial_time: 346.088
total time cost: 601.09
