name,x,y,layer,rotated_angle,width,height,area,exceed_outline_area,left,right,parent,is_from_left,
macro_C8466,25968,31990,1,180,9072,8160,74027520,0,-1,-1,18,1,
macro_C8467,16896,20552,1,180,9072,8160,74027520,0,82,-1,65,1,
macro_C16429,27468,26491,0,90,7524,5676,42706224,0,-1,-1,47,1,
macro_C16430,25968,23878,1,90,10752,8112,87220224,0,-1,-1,82,0,
macro_C32011,28080,17734,1,180,12288,6144,75497472,0,-1,-1,82,1,
macro_C32012,29106,22077,0,180,8613,4290,36949770,0,-1,-1,122,1,
macro_C39784,34815,7854,0,0,5445,7854,42765030,0,-1,-1,73,1,
macro_C39785,18579,0,0,90,7854,5445,42765030,0,-1,25,110,1,
macro_C55552,4323,0,0,0,5412,7854,42505848,0,84,105,81,1,
macro_C55553,3504,19488,1,90,11232,7728,86800896,0,23,-1,107,0,
macro_C63404,0,21569,0,90,7854,5412,42505848,0,15,11,29,0,
macro_C63405,0,26981,0,90,7854,5412,42505848,0,74,95,10,0,
macro_C71293,27123,0,0,90,7854,5412,42505848,0,13,-1,103,1,
macro_C71294,34977,0,0,0,5412,7854,42505848,0,-1,-1,12,1,
macro_C86866,5742,9339,0,0,6369,5709,36360621,0,-1,-1,57,1,
macro_C86867,7854,22560,0,90,7524,5676,42706224,0,-1,17,10,1,
macro_C86868,0,33360,1,0,12288,6144,75497472,0,-1,-1,31,0,
macro_C86869,7854,28236,0,90,7854,5445,42765030,0,-1,-1,15,0,
macro_C86870,14736,31352,1,90,11232,7728,86800896,0,0,-1,83,0,
macro_C94576,0,0,1,90,8160,9072,74027520,0,21,115,-1,0,
macro_C94577,27687,5412,0,180,5676,7524,42706224,0,38,76,43,1,
macro_C94578,8160,0,1,90,6144,12288,75497472,0,-1,-1,19,1,
macro_C94579,12573,0,0,0,5445,7854,42765030,0,-1,106,102,1,
macro_C94580,14736,0,1,180,7728,11232,86800896,0,26,37,9,1,
macro_C102137,32131,15708,0,270,5709,6369,36360621,0,-1,-1,54,1,
macro_C102138,18579,5445,0,90,7524,5676,42706224,0,-1,98,7,0,
macro_C102139,22464,0,1,90,6144,12288,75497472,0,40,-1,23,1,
macro_C102140,26928,32167,0,0,5445,7854,42765030,0,-1,-1,28,1,
macro_C102141,21516,29619,0,0,5412,7854,42505848,0,27,-1,32,1,
macro_C109812,0,15200,0,90,5709,6369,36360621,0,79,10,114,0,
macro_C109813,10395,33681,0,180,5676,7524,42706224,0,46,-1,74,1,
macro_C109814,0,27216,1,180,12288,6144,75497472,0,77,16,52,0,
macro_C109815,16071,32674,0,0,5445,7854,42765030,0,28,-1,66,0,
macro_C109816,0,33878,0,90,7854,5412,42505848,0,-1,-1,95,0,
core_C1,14025,13694,0,90,1485,4507,6692895,0,-1,-1,72,1,
core_C3,23562,13992,0,270,1452,4536,6586272,0,67,-1,41,1,
core_C4,5709,18927,0,0,3139,2079,6525981,0,63,-1,79,0,
core_C5,14736,11232,1,0,5534,2736,15141024,0,-1,101,23,0,
core_C6,33363,5412,0,90,1452,4491,6520932,0,-1,73,20,1,
core_C7,27687,18908,0,90,2079,3152,6553008,0,-1,122,54,0,
core_C11,28608,0,1,270,2592,5358,13887936,0,70,56,26,1,
core_C13,21054,16731,0,270,2508,2555,6407940,0,35,96,120,1,
core_C14,12529,12288,1,90,2064,6405,13219920,0,-1,-1,119,1,
core_C15,26433,13992,0,90,1254,3858,4837932,0,20,-1,67,1,
core_C16,22473,20940,0,180,4462,1452,6478824,0,-1,123,116,1,
core_C18,19970,25296,0,180,3091,2046,6324186,0,117,-1,118,1,
core_C19,16071,27446,0,180,3389,1650,5591850,0,53,66,30,1,
core_C22,23061,26748,0,180,4407,1419,6253533,0,2,-1,117,0,
core_C23,14025,18201,0,90,1584,4066,6440544,0,97,-1,92,1,
core_C24,22473,23844,0,0,4395,1452,6381540,0,-1,-1,123,0,
core_C26,1419,4366,0,270,1452,4378,6356856,0,81,-1,69,1,
core_C28,14025,7854,0,180,4308,1419,6113052,0,-1,78,106,1,
core_C30,0,17424,1,90,3504,3561,12477744,0,107,31,60,0,
core_C31,19460,27446,0,180,3553,1716,6096948,0,80,-1,46,1,
core_C32,27687,17456,0,0,4444,1452,6452688,0,24,39,76,0,
core_C33,29139,12936,0,270,1419,4257,6040683,0,-1,-1,76,1,
core_C34,28608,5358,1,90,2400,6051,14522400,0,68,89,40,0,
core_C35,4323,9339,0,90,1419,4442,6303198,0,14,-1,105,0,
core_C36,30672,11409,1,270,1920,6011,11541120,0,104,-1,89,1,
core_C37,21245,18384,1,180,4581,1488,6816528,0,-1,-1,61,1,
core_C38,0,15264,1,180,6645,2160,14353200,0,-1,52,71,0,
core_C41,14736,18440,1,0,6509,2112,13747008,0,59,65,101,0,
core_C42,23192,12288,1,90,2592,5247,13600224,0,-1,-1,100,1,
core_C43,8848,19480,0,180,3631,1782,6470442,0,-1,-1,36,1,
core_C45,19198,19262,0,270,1815,3659,6641085,0,-1,-1,112,1,
core_C47,14736,20552,1,90,2160,6675,14418000,0,1,83,61,0,
core_C48,16071,29096,0,270,1782,3578,6375996,0,-1,32,46,0,
core_C49,25014,13992,0,90,1419,4440,6300360,0,43,-1,35,1,
core_C50,31008,6389,1,90,1488,4728,7035264,0,-1,-1,56,1,
core_C51,0,4366,0,270,1419,4445,6307455,0,50,114,85,0,
core_C54,31200,0,1,90,2064,6389,13186896,0,-1,-1,40,1,
core_C55,0,13344,1,0,5589,1824,10194336,0,-1,60,90,0,
core_C56,12573,13694,0,90,1452,4402,6391704,0,34,92,113,0,
core_C57,33363,9903,0,90,1452,4501,6535452,0,6,-1,38,0,
core_C58,7854,33681,0,270,2541,2562,6510042,0,30,-1,11,1,
core_C59,18579,12573,0,0,4269,1419,6057711,0,103,109,98,0,
core_C60,27687,12936,0,90,1452,4520,6563040,0,55,54,20,0,
core_C61,12288,27216,1,90,2304,5880,13547520,0,-1,-1,31,1,
core_C62,14025,9273,0,180,4402,1452,6391704,0,-1,-1,51,0,
core_C64,5709,15048,0,270,1287,3879,4992273,0,108,36,29,1,
core_C65,23013,28167,0,180,4381,1452,6361212,0,-1,-1,53,1,
core_C66,2871,0,0,270,1452,4492,6522384,0,8,-1,50,1,
core_C67,25968,12288,1,90,2112,6496,13719552,0,4,3,1,1,
core_C68,14736,28712,1,180,5300,2640,13992000,0,-1,18,65,0,
core_C72,9735,0,0,90,1386,4165,5772690,0,102,-1,8,1,
core_C74,0,0,0,270,1452,4366,6339432,0,-1,69,-1,0,
core_C75,18579,15444,0,180,3985,1287,5128695,0,-1,120,109,0,
core_C77,15609,23090,0,180,4419,1452,6416388,0,-1,99,93,0,
core_C78,9042,15048,0,270,1419,4417,6267723,0,91,-1,108,1,
core_C79,28608,11409,1,90,2064,6325,13054800,0,58,-1,56,0,
core_C80,0,11040,1,180,5943,2304,13692672,0,121,71,115,0,
core_C81,10461,15048,0,270,1452,4432,6435264,0,-1,-1,88,1,
core_C82,12573,18096,0,90,1452,4464,6481728,0,48,-1,72,0,
core_C83,15609,21044,0,0,3151,2046,6446946,0,-1,87,112,0,
core_C84,25129,18432,0,180,2545,2508,6382860,0,-1,-1,96,1,
core_C85,0,32393,0,0,4569,1485,6784965,0,-1,33,11,0,
core_C86,21054,19286,0,180,4075,1617,6589275,0,94,116,41,0,
core_C87,15609,13694,0,90,1353,4160,5628480,0,110,112,48,1,
core_C88,18579,11121,0,180,4512,1452,6551424,0,-1,75,25,0,
core_C89,15609,24542,0,180,4357,1452,6326364,0,-1,118,87,0,
core_C90,17712,13968,1,180,5480,1824,9995520,0,62,111,101,1,
core_C91,14736,13968,1,270,2976,4472,13308672,0,100,61,37,0,
core_C92,11121,0,0,90,1452,4519,6561588,0,22,-1,84,1,
core_C93,22848,12573,0,0,4275,1419,6066225,0,12,-1,75,1,
core_C94,32592,6389,1,90,2064,6424,13259136,0,-1,-1,58,1,
core_C96,4323,7854,0,180,4473,1485,6642405,0,-1,57,8,0,
core_C98,12573,7854,0,270,1452,4388,6371376,0,51,113,22,0,
core_C101,3504,17424,1,180,6374,2064,13155936,0,-1,9,52,1,
core_C102,6996,15048,0,90,2046,3081,6303726,0,88,-1,79,1,
core_C104,18579,13992,0,0,4421,1452,6419292,0,-1,86,75,0,
core_C107,16962,13694,0,90,1617,4868,7871556,0,7,-1,97,1,
core_C108,17712,15792,1,180,5327,2592,13807584,0,-1,-1,100,0,
core_C109,15609,19262,0,180,3589,1782,6395598,0,64,93,97,0,
core_C110,12573,12242,0,0,4490,1452,6519480,0,-1,72,106,0,
core_C111,0,13781,0,180,4441,1419,6301779,0,-1,29,69,0,
core_C112,0,9072,1,180,6176,1968,12154368,0,-1,90,19,0,
core_C113,21054,20903,0,90,1419,4359,6185421,0,44,-1,96,0,
core_C114,23061,25296,0,0,4392,1452,6377184,0,-1,47,45,1,
core_C116,15609,25994,0,0,4361,1452,6332172,0,45,-1,99,0,
core_C117,10465,12288,1,90,2064,6440,13292160,0,42,-1,121,1,
core_C118,18579,16731,0,270,2475,2531,6264225,0,41,-1,86,0,
core_C119,5943,12288,1,180,4522,2976,13457472,0,119,-1,90,1,
core_C120,27687,22060,0,90,1419,4431,6287589,0,5,-1,39,0,
core_C121,22473,22392,0,180,4446,1452,6455592,0,-1,49,44,0,
Wirelength: 9.71269e+07
layer(tree) info:
layer: 0 ,width: 40389 ,height: 41205 ,area: 1664228745 ,blocks_area: 1311981033, filling_rate: 0.788342, utilizatio_rate: 0.784703
layer: 1 ,width: 40368 ,height: 40150 ,area: 1620775200 ,blocks_area: 1291771824, filling_rate: 0.797009, utilizatio_rate: 0.772616
random seed: 1
alpha: 0
gamma: 1
best wirelength: 9.71269e+07
initial_num_perturbs: 3720
iter: 0
best_iter: 0
best_cost: 0.310429
reject_time: 0
accept_inferior_time: 0
update_best_time: 0
adjustLegalOutline_fail_times: 0
outline_adjust_time: 4.508
initial_wirelength: 7.11115e+08
initial_average_wirelength: 2.28087e+09
7.08047e+08,initial_iter: 3720
initial_time: 7.153
total time cost: 214.096
