name,x,y,layer,rotated_angle,width,height,area,exceed_outline_area,left,right,parent,is_from_left,
macro_C124171,8657,29800,0,180,6369,5709,36360621,0,87,3,102,1,
macro_C124172,33825,27621,0,0,6369,5709,36360621,0,-1,-1,48,1,
macro_C124173,17589,35655,0,90,7524,5676,42706224,0,-1,-1,40,1,
macro_C124174,8657,35509,0,90,7524,5676,42706224,0,-1,-1,0,0,
macro_C124175,22275,26628,0,270,4290,8613,36949770,0,93,-1,41,1,
macro_C124176,0,9696,1,180,12288,6144,75497472,0,25,69,26,0,
macro_C124177,28017,33197,0,0,5445,7854,42765030,0,-1,-1,94,0,
macro_C124178,26736,24984,1,0,7776,11232,87340032,0,-1,-1,32,1,
macro_C124179,6039,0,0,0,5412,7854,42505848,0,106,29,108,1,
macro_C124180,18315,2871,0,90,7854,5412,42505848,0,-1,17,81,0,
macro_C124181,0,0,0,180,5412,7854,42505848,0,-1,57,-1,0,
macro_C124182,0,33393,0,0,5412,7854,42505848,0,-1,-1,38,0,
macro_C124183,11748,7854,0,180,5412,7854,42505848,0,-1,-1,29,1,
macro_C124184,4620,22572,0,90,7854,5412,42505848,0,70,-1,119,0,
macro_C124185,23040,0,1,0,9072,8160,74027520,0,21,112,20,1,
macro_C124186,28050,5445,0,0,5676,7524,42706224,0,19,-1,61,1,
macro_C124187,33759,11154,0,270,4290,8613,36949770,0,-1,27,31,1,
macro_C124188,18315,8283,0,90,7854,5445,42765030,0,-1,37,9,0,
macro_C124189,30384,12288,1,0,7728,11232,86800896,0,-1,-1,113,1,
macro_C124190,33726,5445,0,0,6369,5709,36360621,0,-1,-1,15,1,
macro_C124191,12288,0,1,270,10752,8112,87220224,0,14,-1,26,1,
macro_C124192,32112,0,1,270,6144,12288,75497472,0,-1,-1,14,1,
macro_C124193,28358,0,0,90,7854,5445,42765030,0,-1,-1,90,1,
macro_C124194,12903,0,0,0,5412,7854,42505848,0,81,-1,106,1,
macro_C124195,8842,18240,1,180,9072,8160,74027520,0,-1,-1,66,1,
macro_C124196,12288,8112,1,90,10752,8112,87220224,0,-1,53,5,1,
macro_C124197,0,3552,1,180,12288,6144,75497472,0,20,5,89,0,
macro_C124198,33759,19767,0,180,5445,7854,42765030,0,-1,-1,16,0,
macro_C124199,18315,21216,0,270,7854,5412,42505848,0,111,68,116,0,
macro_C124200,6039,7854,0,90,5709,6369,36360621,0,12,-1,8,0,
macro_C124201,6528,28040,1,180,8112,10752,87220224,0,55,-1,103,1,
macro_C124202,29469,17532,0,270,4290,8613,36949770,0,16,118,99,1,
macro_C124203,18960,24984,1,0,7776,11232,87340032,0,7,-1,86,0,
macro_C124204,4620,15708,0,270,7854,5412,42505848,0,72,119,121,0,
core_C1,23088,22872,1,0,6596,2112,13930752,0,-1,-1,35,0,
core_C3,23088,20760,1,180,6491,2112,13708992,0,-1,34,120,0,
core_C4,0,16662,0,0,4495,1452,6526740,0,-1,56,85,0,
core_C5,18315,13728,0,0,4690,1551,7274190,0,101,43,17,0,
core_C6,0,29403,0,0,4491,1452,6520932,0,107,11,114,0,
core_C7,30921,27729,0,270,1452,4513,6552876,0,48,-1,117,1,
core_C11,16104,18216,0,270,1485,4493,6672105,0,2,-1,104,1,
core_C13,20823,26628,0,90,1452,4413,6407676,0,4,-1,96,1,
core_C14,15378,15708,0,180,2532,2508,6350256,0,47,-1,91,1,
core_C15,18315,15279,0,270,1782,2715,4838130,0,-1,80,37,0,
core_C16,12474,26995,0,180,4462,1452,6478824,0,-1,46,60,0,
core_C18,26565,29801,0,90,1452,4356,6324912,0,94,-1,93,0,
core_C19,12474,28447,0,0,4133,1353,5591949,0,-1,-1,44,0,
core_C22,17910,29829,0,90,1419,4407,6253533,0,123,75,42,1,
core_C23,32373,27729,0,270,1452,4436,6441072,0,1,-1,39,1,
core_C24,27654,20862,0,90,1782,3581,6381342,0,65,-1,67,0,
core_C26,1419,19632,0,90,1782,3567,6356394,0,88,71,114,1,
core_C28,3634,27984,0,180,4308,1419,6113052,0,78,-1,71,1,
core_C30,30954,12969,0,90,1386,4325,5994450,0,-1,-1,65,1,
core_C31,12288,16224,1,0,6296,2016,12692736,0,-1,-1,25,0,
core_C32,0,28032,1,180,6360,2112,13432320,0,-1,76,98,0,
core_C33,14640,26400,1,90,2208,5694,12572352,0,73,-1,30,1,
core_C34,0,18114,0,0,4596,1518,6976728,0,-1,79,36,0,
core_C35,0,7854,0,90,1419,4442,6303198,0,-1,85,10,0,
core_C36,0,24000,1,0,6011,1920,11541120,0,-1,98,100,0,
core_C37,0,0,1,0,4581,1488,6816528,0,-1,89,-1,0,
core_C38,12474,23264,0,90,1848,3731,6894888,0,104,44,70,0,
core_C41,26598,4530,0,90,1452,4549,6605148,0,15,115,84,1,
core_C42,6538,21601,1,90,2112,6439,13599168,0,-1,-1,66,0,
core_C43,23088,12528,1,90,3648,3692,13468416,0,113,97,109,1,
core_C45,26169,20889,0,90,1485,4472,6640920,0,-1,-1,111,0,
core_C47,29436,12969,0,90,1518,4563,6926634,0,52,-1,49,1,
core_C48,6538,15840,1,90,2304,5761,13273344,0,24,62,95,1,
core_C49,27654,16422,0,270,1419,4440,6300360,0,-1,49,111,1,
core_C50,18315,26628,0,270,1056,3201,3380256,0,96,-1,28,0,
core_C51,0,15840,1,0,6361,2064,13129104,0,-1,95,5,0,
core_C54,12474,18832,0,270,1452,4363,6335076,0,91,60,13,1,
core_C55,1419,24049,0,180,2215,2211,4897365,0,51,-1,50,0,
core_C56,12474,15708,0,270,2046,3124,6391704,0,-1,-1,33,1,
core_C57,16848,26400,1,90,2112,6440,13601280,0,86,-1,55,1,
core_C58,0,34368,1,270,3648,3714,13548672,0,103,-1,82,0,
core_C59,17910,34236,0,0,4269,1419,6057711,0,-1,-1,47,0,
core_C60,0,30144,1,180,6468,2112,13660416,0,-1,82,54,0,
core_C61,26598,13292,0,90,2079,3130,6507270,0,-1,-1,115,0,
core_C62,7942,27984,0,180,4402,1452,6391704,0,-1,-1,51,1,
core_C64,0,19632,0,90,1386,3602,4992372,0,-1,114,56,0,
core_C65,18315,17994,0,0,4016,1584,6361344,0,-1,116,43,0,
core_C66,18315,0,0,0,4118,1584,6522912,0,105,9,23,1,
core_C67,0,32256,1,0,6496,2112,13719552,0,-1,74,76,0,
core_C68,22674,15510,0,180,3183,2112,6722496,0,-1,122,116,1,
core_C72,22433,1485,0,0,4165,1386,5772690,0,61,-1,105,0,
core_C74,0,12296,0,90,1452,4366,6339432,0,-1,36,57,0,
core_C75,18960,16224,1,90,2064,5172,10675008,0,109,32,73,1,
core_C77,15026,29800,0,0,2558,2508,6415464,0,-1,-1,0,1,
core_C78,3201,19632,0,90,1419,4417,6267723,0,108,-1,50,1,
core_C79,0,1488,1,0,6325,2064,13054800,0,-1,26,59,0,
core_C80,26906,0,0,90,1452,4530,6577560,0,22,-1,105,1,
core_C81,13926,18832,0,270,1452,4432,6435264,0,42,-1,70,1,
core_C82,0,20064,1,180,6389,2112,13493568,0,-1,100,95,0,
core_C83,26565,25361,0,270,1452,4440,6446880,0,99,45,4,1,
core_C84,28017,28800,0,270,1452,4397,6384444,0,117,6,45,1,
core_C85,0,17904,1,0,6538,2160,14122080,0,66,92,69,0,
core_C86,19371,26628,0,90,1452,4538,6589176,0,41,-1,68,1,
core_C87,23088,16248,1,0,5953,1968,11715504,0,-1,120,63,0,
core_C88,0,25920,1,0,6456,2112,13635072,0,-1,54,58,0,
core_C89,28017,24443,0,270,1452,4357,6326364,0,31,-1,93,1,
core_C90,0,22176,1,180,5480,1824,9995520,0,-1,58,92,0,
core_C91,23005,13728,0,0,3588,1782,6393816,0,-1,-1,37,1,
core_C92,6075,29436,0,180,2582,2541,6560862,0,0,-1,107,1,
core_C93,3648,34368,1,90,2880,4384,12625920,0,30,-1,74,1,
core_C94,14322,23264,0,270,1782,3575,6370650,0,40,-1,60,1,
core_C96,22433,0,0,180,4473,1485,6642405,0,90,84,81,1,
core_C98,11451,0,0,90,1452,4388,6371376,0,23,-1,8,1,
core_C101,4491,29403,0,270,1584,3990,6320160,0,102,-1,38,1,
core_C102,4620,7854,0,90,1419,4442,6303198,0,8,121,88,1,
core_C104,21024,16224,1,90,2064,6474,13362336,0,63,-1,86,1,
core_C107,23040,10224,1,0,7112,2304,16386048,0,-1,-1,112,0,
core_C108,26169,16422,0,90,1485,4467,6633495,0,67,64,28,1,
core_C109,23040,8160,1,180,6450,2064,13312800,0,-1,110,14,0,
core_C110,26736,12528,1,90,3648,3720,13570560,0,18,-1,63,1,
core_C111,0,23234,0,270,1419,4441,6301779,0,50,38,79,0,
core_C112,26598,9079,0,270,1386,4213,5839218,0,-1,77,61,0,
core_C113,18315,19578,0,180,4359,1419,6185421,0,83,28,80,0,
core_C114,29469,27729,0,270,1452,4392,6377184,0,39,-1,94,1,
core_C116,29469,26145,0,0,3997,1584,6331248,0,-1,-1,31,0,
core_C117,4620,21120,0,0,4398,1452,6385896,0,-1,13,33,0,
core_C118,23088,18216,1,180,5127,2544,13043088,0,-1,35,97,0,
core_C119,4620,14223,0,180,4453,1452,6465756,0,-1,33,108,0,
core_C120,22674,17622,0,90,1749,3594,6285906,0,-1,-1,83,0,
core_C121,19329,31166,0,90,2541,2541,6456681,0,-1,-1,47,1,
Wirelength: 1.04324e+08
layer(tree) info:
layer: 0 ,width: 40194 ,height: 41331 ,area: 1661258214 ,blocks_area: 1328089785, filling_rate: 0.799448, utilizatio_rate: 0.794338
layer: 1 ,width: 38256 ,height: 38792 ,area: 1484026752 ,blocks_area: 1259376144, filling_rate: 0.848621, utilizatio_rate: 0.75324
random seed: 10
alpha: 0
gamma: 1
best wirelength: 1.04324e+08
initial_num_perturbs: 3720
iter: 0
best_iter: 0
best_cost: 0.326817
reject_time: 0
accept_inferior_time: 0
update_best_time: 880
adjustLegalOutline_fail_times: 0
outline_adjust_time: 3.807
initial_wirelength: 7.50806e+08
initial_average_wirelength: 2.29733e+09
7.50806e+08,initial_iter: 3720
initial_time: 5.918
total time cost: 100.001
