name,x,y,layer,rotated_angle,width,height,area,exceed_outline_area,left,right,parent,is_from_left,
macro_C38059,28428,95493,0,0,5520,23736,131022720,0,458,-1,504,0,
macro_C40987,14076,102654,0,0,5520,23736,131022720,0,-1,-1,496,0,
macro_C43597,92,3680,1,0,8625,37030,319383750,0,406,321,451,0,
macro_C46411,7636,80040,1,0,8625,37030,319383750,0,-1,271,276,0,
macro_C48981,20424,27634,0,0,5520,23736,131022720,0,449,16,40,1,
macro_C51791,67528,64830,0,0,5520,23736,131022720,0,96,170,235,0,
macro_C54384,38548,49744,0,0,5520,23736,131022720,0,-1,91,598,1,
macro_C57054,49082,51104,1,0,8625,37030,319383750,0,-1,408,303,0,
macro_C59667,67528,30690,0,0,5520,23736,131022720,0,423,113,588,1,
macro_C62277,10120,23736,0,0,5520,23736,131022720,0,512,495,370,1,
macro_C65066,35328,4140,1,0,8625,37030,319383750,0,261,383,277,0,
macro_C67838,6072,0,0,0,5520,23736,131022720,0,345,415,45,1,
macro_C70493,16261,14357,1,0,8625,37030,319383750,0,246,620,273,0,
macro_C73067,8096,100634,0,0,5520,23736,131022720,0,-1,-1,253,0,
macro_C75793,46644,0,0,0,5520,23736,131022720,0,-1,146,256,1,
macro_C78506,46644,57224,0,0,5520,23736,131022720,0,-1,566,30,0,
macro_C390724,20424,51370,0,0,5520,23736,131022720,0,132,101,4,0,
macro_C393731,26128,68491,1,0,8625,37030,319383750,0,-1,438,63,0,
macro_C396425,37835,41170,1,0,8625,37030,319383750,0,-1,26,305,1,
macro_C399323,36360,2944,0,0,5520,23736,131022720,0,645,76,67,1,
macro_C401933,58236,73784,0,0,5520,23736,131022720,0,-1,544,195,1,
macro_C404827,56396,23736,0,0,5520,23736,131022720,0,60,23,129,1,
macro_C407516,52532,0,0,0,5520,23736,131022720,0,216,636,317,1,
macro_C410398,56396,47472,0,0,5520,23736,131022720,0,505,156,21,0,
macro_C413082,12052,56396,0,0,5520,23736,131022720,0,623,278,71,0,
macro_C415824,22356,88078,0,0,5520,23736,131022720,0,357,562,181,0,
macro_C418718,37835,78200,1,0,8625,37030,319383750,0,635,380,18,0,
macro_C421703,50600,95950,0,0,5520,23736,131022720,0,371,35,274,0,
macro_C424481,24945,0,0,0,5520,23736,131022720,0,565,-1,523,1,
macro_C427156,49082,3680,1,0,8625,37030,319383750,0,527,647,441,1,
macro_C429952,46644,33488,0,0,5520,23736,131022720,0,-1,15,83,0,
macro_C432667,30636,71757,0,0,5520,23736,131022720,0,640,-1,320,0,
core_C1,71208,113186,0,90,1656,5240,8677440,0,492,-1,77,0,
core_C5,61916,25853,0,90,2484,5201,12919284,0,-1,346,582,0,
core_C6,72938,113186,0,90,1932,5964,11522448,0,-1,-1,492,1,
core_C9,50600,119686,0,180,5121,2484,12720564,0,-1,472,27,0,
core_C10,28142,50416,0,90,2208,5790,12784320,0,51,192,89,0,
core_C12,21298,54607,1,0,6400,3105,19872000,0,225,194,137,0,
core_C15,25944,37904,0,0,5817,2208,12843936,0,-1,-1,535,0,
core_C21,0,109759,1,90,2530,8055,20379150,0,-1,72,427,0,
core_C22,18124,84624,0,90,2300,4918,11311400,0,4,568,421,1,
core_C24,42708,31976,0,0,3627,3496,12679992,0,-1,-1,549,1,
core_C26,24117,18515,0,0,74,92,6808,0,-1,-1,552,1,
core_C27,71975,54426,0,90,1932,6264,12102048,0,212,-1,403,1,
core_C28,20974,0,1,90,2530,8032,20320960,0,567,-1,448,1,
core_C31,4048,49574,0,90,2024,6390,12933360,0,11,386,353,1,
core_C33,65780,83540,1,90,4370,4543,19852910,0,-1,-1,537,0,
core_C34,38857,46775,0,0,5024,2484,12479616,0,-1,-1,342,1,
core_C38,15288,3036,0,90,3680,3683,13553440,0,474,183,211,1,
core_C39,58052,16044,0,90,2392,4968,11883456,0,-1,-1,606,0,
core_C40,73416,84966,0,90,2116,6360,13457760,0,-1,385,272,1,
core_C42,30350,50416,0,90,3588,3683,13214604,0,-1,-1,36,1,
core_C44,44620,63149,0,90,2024,6396,12945504,0,-1,574,542,0,
core_C46,69184,11724,0,90,3680,3740,13763200,0,202,-1,599,1,
core_C50,9424,24177,1,90,2760,7247,20001720,0,133,203,162,0,
core_C54,58305,76290,1,90,2415,7865,18993975,0,304,328,508,0,
core_C57,63848,108570,0,0,3673,3588,13178724,0,-1,419,144,0,
core_C62,69184,108267,0,90,2024,6441,13036584,0,-1,548,387,0,
core_C63,27775,50436,1,180,4621,4600,21256600,0,131,-1,137,1,
core_C66,71116,88566,0,90,2024,6472,13099328,0,624,-1,605,1,
core_C67,61916,5060,0,0,3686,3588,13225368,0,168,-1,21,1,
core_C71,30465,10269,0,0,4480,2944,13189120,0,-1,154,326,0,
core_C74,48668,124654,0,0,6614,2024,13386736,0,-1,-1,152,0,
core_C76,26128,64696,1,0,5985,3795,22713075,0,130,17,452,1,
core_C86,52532,30206,0,90,1932,6342,12252744,0,129,252,636,0,
core_C87,31837,41280,0,0,3692,3588,13246896,0,100,69,114,1,
core_C88,184,59110,1,0,6630,3105,20586150,0,-1,281,453,0,
core_C93,36286,15421,0,0,74,92,6808,0,19,493,279,1,
core_C97,29632,26680,0,0,4511,2852,12865372,0,-1,248,258,0,
core_C98,31837,44868,0,180,6481,2024,13117544,0,-1,-1,65,0,
core_C100,3588,0,0,90,1380,4600,6348000,0,-1,218,521,1,
core_C104,12052,52624,0,0,4569,3036,13871484,0,348,24,651,1,
core_C106,0,117814,1,0,6474,3105,20101770,0,-1,368,39,0,
core_C107,58236,101262,0,0,3751,3588,13458588,0,-1,529,544,0,
core_C108,65895,38861,1,90,4370,4518,19743660,0,469,-1,145,1,
core_C109,32511,37631,1,90,2530,8122,20548660,0,-1,643,131,1,
core_C112,36360,26680,0,0,5683,2208,12548064,0,-1,-1,19,0,
core_C115,71208,109690,0,180,3537,3496,12365352,0,-1,32,158,0,
core_C125,29441,123369,0,180,3771,3588,13530348,0,-1,-1,204,1,
core_C126,65649,3104,0,0,4319,2852,12317788,0,188,-1,505,1,
core_C127,44620,80607,0,90,1840,5892,10841280,0,-1,-1,546,0,
core_C129,14076,84624,0,0,4045,3864,15629880,0,-1,92,160,1,
core_C132,22356,122044,0,0,3681,3588,13207428,0,204,-1,97,0,
core_C133,46644,29808,0,0,3834,3680,14109120,0,644,30,262,0,
core_C136,63135,62708,1,90,2760,6932,19132320,0,-1,462,157,0,
core_C138,92,100257,1,180,7193,2645,19025485,0,-1,-1,584,0,
core_C140,35328,49010,1,0,92,115,10580,0,305,-1,383,0,
core_C141,58305,94783,1,90,2760,7017,19366920,0,-1,-1,222,0,
core_C143,58121,115236,1,0,5598,3680,20600640,0,579,436,298,0,
core_C150,28142,47380,0,0,4676,3036,14196336,0,-1,36,597,0,
core_C153,33948,120998,0,0,4780,3036,14512080,0,-1,110,329,0,
core_C156,38548,73480,0,90,2024,6326,12803824,0,405,466,6,0,
core_C158,14076,88488,0,180,3536,3496,12361856,0,-1,125,81,0,
core_C164,51796,110975,1,0,5543,3680,20398240,0,-1,-1,300,0,
core_C166,15640,38937,0,90,3496,3561,12449256,0,-1,-1,524,0,
core_C167,24886,25888,1,0,5669,3565,20209985,0,163,243,246,0,
core_C168,73048,64830,0,90,2484,4968,12340512,0,-1,264,5,1,
core_C169,22356,121970,0,90,92,74,6808,0,-1,82,480,0,
core_C173,2530,102902,1,90,2530,7681,19432930,0,-1,-1,427,1,
core_C176,54464,36521,0,90,1932,6012,11615184,0,-1,-1,129,0,
core_C178,35529,41280,0,0,4471,2944,13162624,0,331,-1,65,1,
core_C183,20424,75106,0,0,4559,2944,13421696,0,-1,229,16,0,
core_C186,63135,56038,1,0,6645,3105,20632725,0,178,157,631,0,
core_C187,5244,69230,1,0,8294,2645,21937630,0,382,467,312,1,
core_C189,10120,50416,0,0,5894,2208,13013952,0,-1,651,495,0,
core_C191,21528,87414,1,0,4557,4485,20438145,0,-1,464,614,1,
core_C194,49082,100714,1,90,2530,8292,20978760,0,-1,-1,408,0,
core_C196,69968,6440,0,180,3609,3588,12949092,0,-1,-1,188,0,
core_C200,30009,9105,1,180,4642,4485,20819370,0,-1,-1,534,0,
core_C204,70254,123567,0,90,2852,4417,12597284,0,610,-1,283,1,
core_C205,33948,124034,0,0,4467,2944,13150848,0,309,-1,90,0,
core_C206,61916,12236,0,90,2208,5730,12651840,0,-1,601,505,0,
core_C210,72772,22400,0,90,2944,4539,13362816,0,-1,-1,161,1,
core_C214,67528,54426,0,180,4341,2852,12380532,0,-1,403,8,0,
core_C219,28142,40112,0,0,3695,3680,13597600,0,65,597,488,1,
core_C221,4048,112533,0,90,2208,5719,12627552,0,-1,-1,343,1,
core_C222,38426,111706,0,90,2024,6251,12652024,0,583,-1,458,1,
core_C223,0,53095,0,90,2300,5829,13406700,0,-1,143,237,0,
core_C228,28142,61743,0,90,2024,6256,12662144,0,-1,525,192,0,
core_C233,57707,10993,1,180,6375,3105,19794375,0,-1,-1,341,0,
core_C238,65470,121607,0,90,1932,6329,12227628,0,283,-1,220,1,
core_C239,33143,115517,1,180,4603,4485,20644455,0,-1,392,185,0,
core_C240,42714,110202,0,180,4452,2944,13106688,0,-1,530,169,1,
core_C241,63135,88083,1,0,7193,2875,20679875,0,-1,578,136,0,
core_C244,3588,9496,0,90,2024,6537,13230888,0,-1,-1,153,1,
core_C249,14076,91984,0,90,2852,4399,12545948,0,-1,496,92,0,
core_C250,24886,40431,1,0,7326,2760,20219760,0,615,177,414,0,
core_C254,40572,79646,0,90,2024,6278,12706672,0,-1,-1,466,1,
core_C259,51704,96184,1,0,5581,3680,20538080,0,-1,210,461,0,
core_C263,54464,30206,0,90,1932,6315,12200580,0,21,99,64,1,
core_C266,32113,61246,1,90,3105,6234,19356570,0,-1,-1,63,1,
core_C267,32396,37631,1,90,115,92,10580,0,75,-1,58,1,
core_C269,25944,32476,0,0,5154,2484,12802536,0,340,535,16,1,
core_C271,12184,23881,1,90,2530,7665,19392450,0,-1,-1,54,1,
core_C275,58236,113888,0,0,5210,2576,13420960,0,220,285,556,0,
core_C280,0,41202,0,0,5811,2208,12830688,0,-1,476,215,0,
core_C281,63135,78955,1,90,2645,8475,22416375,0,537,123,182,0,
core_C284,21298,51387,1,0,6477,3220,20855940,0,58,37,319,1,
core_C285,67837,17418,0,90,2024,6597,13352328,0,-1,-1,351,1,
core_C289,42474,117842,0,180,3732,3680,13733760,0,-1,-1,583,1,
core_C290,66745,0,1,0,7273,2760,20073480,0,-1,429,563,1,
core_C297,58213,36331,1,0,92,115,10580,0,586,450,298,1,
core_C298,184,64745,1,90,3565,5628,20063820,0,-1,619,281,0,
core_C302,0,58924,0,90,1840,5523,10162320,0,-1,617,117,0,
core_C306,63848,104144,0,90,2852,4426,12622952,0,287,56,573,1,
core_C307,63135,38861,1,90,2760,7195,19858200,0,74,267,516,0,
core_C309,46644,23736,0,0,5305,2484,13177620,0,-1,262,14,0,
core_C311,29223,13590,1,180,5682,3565,20256330,0,-1,558,236,1,
core_C312,66186,13653,1,90,3565,5479,19532635,0,-1,-1,506,0,
core_C313,38548,99847,0,0,5114,2484,12703176,0,-1,-1,417,0,
core_C314,28428,108741,1,90,2415,7804,18846660,0,422,-1,551,0,
core_C317,12300,49141,1,90,2875,7321,21047875,0,-1,-1,456,1,
core_C318,48668,90508,0,90,1932,6063,11713716,0,317,62,315,0,
core_C326,0,9496,0,90,3588,3646,13081848,0,124,499,254,0,
core_C327,30465,13213,0,0,5856,2208,12930048,0,-1,310,61,0,
core_C329,11866,94238,0,90,2116,6396,13533936,0,-1,-1,253,1,
core_C330,56396,71208,0,0,5159,2576,13289584,0,-1,195,23,0,
core_C341,63135,59143,1,180,5676,3565,20234940,0,-1,84,102,0,
core_C342,71208,106378,0,180,3464,3312,11472768,0,-1,77,272,0,
core_C350,46575,123691,1,90,4370,4497,19651890,0,-1,-1,381,0,
core_C352,12052,83242,0,90,2024,6548,13253152,0,81,-1,454,0,
core_C353,70840,20761,0,90,1932,6228,12032496,0,112,296,447,0,
core_C354,9424,16056,1,90,2530,8121,20546130,0,-1,54,483,0,
core_C355,30555,25888,1,180,4244,4025,17082100,0,-1,-1,95,1,
core_C356,13800,17734,0,90,2208,5713,12614304,0,621,-1,336,1,
core_C358,58052,18468,1,90,3105,6215,19297575,0,-1,627,575,0,
core_C361,50600,90522,0,0,5304,2484,13175136,0,-1,274,317,0,
core_C363,4048,59644,0,90,2944,4420,13012480,0,-1,266,386,0,
core_C368,65602,0,0,90,3036,3104,9423744,0,501,-1,60,1,
core_C373,40690,108695,0,90,2024,6388,12929312,0,122,-1,640,1,
core_C376,67528,88566,0,90,3496,3600,12585600,0,-1,515,5,0,
core_C377,3082,94178,1,180,4414,4255,18781570,0,-1,-1,584,1,
core_C379,54096,99864,1,90,1840,5577,10261680,0,390,323,265,1,
core_C380,64768,12236,0,90,2208,5725,12640800,0,628,-1,601,1,
core_C381,60720,47376,1,90,2415,7837,18926355,0,516,-1,402,1,
core_C382,52532,48418,0,90,2024,6471,13097304,0,-1,354,252,0,
core_C385,36353,0,0,0,4505,2944,13262720,0,445,-1,440,1,
core_C387,24886,43191,1,180,5520,3565,19678800,0,-1,409,126,0,
core_C389,69780,51773,1,90,2530,7700,19481000,0,-1,186,102,1,
core_C390,68121,26552,1,0,7355,2875,21145625,0,-1,190,330,0,
core_C391,52344,122821,1,270,3565,5663,20188595,0,-1,-1,577,0,
core_C392,22356,85502,0,0,5304,2576,13663104,0,-1,25,189,1,
core_C396,63135,75850,1,180,6559,3105,20365695,0,366,136,344,0,
core_C397,15288,6719,0,0,4964,3220,15984080,0,257,302,48,0,
core_C399,4991,64745,1,0,4664,4485,20918040,0,456,-1,619,1,
core_C404,33143,108741,1,90,2185,6776,14805560,0,277,121,422,1,
core_C406,69780,59473,1,270,2415,7514,18146310,0,-1,291,178,0,
core_C407,16261,112152,1,90,4370,4436,19385320,0,-1,-1,391,0,
core_C409,69968,2944,0,0,3617,3496,12645032,0,-1,107,79,1,
core_C414,20424,85502,0,90,1932,6251,12076932,0,181,207,538,0,
core_C422,68121,29427,1,180,5521,3565,19682365,0,-1,-1,179,0,
core_C423,0,69692,0,90,1932,6335,12239220,0,-1,602,617,0,
core_C431,28142,56206,0,90,2208,5537,12225696,0,-1,118,36,0,
core_C434,24380,111814,0,90,2024,6426,13006224,0,539,-1,562,1,
core_C435,21298,58141,1,0,6813,3220,21937860,0,625,557,37,0,
core_C437,56396,73784,0,90,1840,5994,11028960,0,20,559,156,0,
core_C438,4913,45195,1,0,4562,4485,20460570,0,485,247,514,1,
core_C439,2714,87390,1,90,3220,3221,10371620,0,-1,-1,244,0,
core_C442,23504,6022,1,0,6505,3105,20198025,0,534,236,567,0,
core_C443,42689,17273,0,90,3588,3650,13096200,0,-1,560,533,1,
core_C446,69009,118110,1,90,4485,4676,20971860,0,-1,-1,398,1,
core_C447,38548,86322,0,90,2852,4460,12719920,0,-1,275,466,0,
core_C449,72864,10028,0,90,2024,6297,12745128,0,-1,-1,53,1,
core_C450,9424,31546,1,0,6348,3105,19710540,0,-1,-1,54,0,
core_C452,26037,123369,0,180,3404,3312,11274048,0,78,-1,82,1,
core_C456,44458,38324,0,90,1932,5986,11564952,0,-1,-1,364,1,
core_C458,49082,45354,1,0,8227,2530,20814310,0,-1,303,647,0,
core_C459,20424,125632,0,0,5339,2484,13262076,0,-1,-1,189,0,
core_C463,58213,106170,1,90,4485,4581,20545785,0,-1,334,450,0,
core_C470,72887,119150,0,90,2852,4417,12597284,0,-1,-1,548,1,
core_C473,51704,99864,1,0,92,115,10580,0,265,486,128,0,
core_C476,11592,6601,0,0,3696,3680,13601280,0,48,374,611,0,
core_C478,73907,35622,0,90,1840,5858,10778720,0,-1,-1,43,1,
core_C488,2024,105541,0,0,3719,3588,13343772,0,-1,418,443,0,
core_C489,43953,9581,1,90,3105,6262,19443510,0,-1,-1,261,0,
core_C491,0,38902,0,0,5800,2300,13340000,0,-1,135,571,0,
core_C494,58052,0,0,90,2024,6268,12686432,0,437,650,22,1,
core_C503,17572,62926,0,90,2024,6259,12668216,0,-1,249,623,0,
core_C505,3588,4600,0,90,2484,2486,6175224,0,-1,-1,70,0,
core_C506,27844,119650,1,90,2875,7292,20964500,0,-1,-1,478,1,
core_C507,63446,121607,0,90,2024,6513,13182312,0,120,-1,134,1,
core_C508,72136,104648,1,90,2530,8172,20675160,0,-1,-1,238,1,
core_C515,58305,88707,1,90,2990,6076,18167240,0,-1,87,328,0,
core_C520,67528,100468,0,90,1656,5302,8780112,0,605,-1,432,0,
core_C521,9475,45576,1,0,5492,3565,19578980,0,-1,-1,500,0,
core_C522,27698,55036,1,0,6628,3105,20579940,0,-1,-1,37,1,
core_C523,43694,107258,0,0,4590,2944,13512960,0,-1,-1,630,0,
core_C524,32568,63661,0,0,5758,2208,12713664,0,-1,433,585,0,
core_C537,0,115709,0,0,3660,3588,13132080,0,-1,-1,337,0,
core_C539,20424,78050,0,0,3951,3864,15266664,0,488,538,101,0,
core_C545,30465,19189,0,90,2944,4447,13091968,0,-1,-1,310,0,
core_C549,0,30816,0,90,2852,4498,12828296,0,-1,571,593,0,
core_C550,33582,37649,0,90,3496,3631,12693976,0,-1,-1,240,0,
core_C552,67696,115580,1,180,7734,2530,19567020,0,-1,-1,260,0,
core_C555,18883,109047,1,0,6478,3105,20114190,0,-1,-1,531,0,
core_C556,67528,62622,0,0,5863,2208,12945504,0,-1,5,616,0,
core_C557,23504,9127,1,0,5719,3680,21045920,0,147,-1,198,0,
core_C562,0,49574,0,90,3496,3521,12309416,0,-1,117,519,0,
core_C564,67620,105298,1,0,4516,4485,20254260,0,221,-1,416,1,
core_C567,41880,5796,0,0,3753,3588,13465764,0,-1,407,645,0,
core_C570,33582,35441,0,0,5757,2208,12711456,0,-1,232,491,0,
core_C574,3663,20338,0,90,2024,6451,13056824,0,-1,431,571,1,
core_C575,70881,13653,1,90,2875,7391,21249125,0,-1,-1,330,1,
core_C576,24886,29453,1,90,3105,6378,19803690,0,-1,414,95,0,
core_C583,2714,83135,1,180,4330,4255,18424150,0,-1,197,312,0,
core_C586,40000,41176,0,90,2208,5599,12362592,0,-1,-1,364,0,
core_C588,24886,22783,1,0,6646,3105,20635830,0,-1,95,12,1,
core_C589,4913,49680,1,0,7189,2875,20668375,0,-1,-1,196,0,
core_C591,29632,29532,0,0,4614,2944,13583616,0,428,-1,68,0,
core_C595,17572,69185,0,90,2024,6446,13046704,0,-1,251,217,0,
core_C599,9475,38331,1,0,5501,3565,19611065,0,-1,500,485,0,
core_C604,17572,75631,0,90,2760,4319,11920440,0,-1,-1,249,0,
core_C609,52532,42533,0,90,2208,5885,12994080,0,-1,175,64,0,
core_C610,8096,94238,0,180,3770,3588,13526760,0,155,13,404,0,
core_C612,0,7288,0,0,5747,2208,12689376,0,-1,153,521,0,
core_C613,63319,93718,1,90,2415,7415,17907225,0,295,-1,471,1,
core_C616,44620,44310,0,90,2024,6380,12913120,0,14,322,604,1,
core_C619,20252,5980,0,0,3677,3496,12854792,0,-1,-1,183,1,
core_C622,29632,23736,0,0,4538,2944,13359872,0,279,68,449,1,
core_C624,7636,117162,1,0,7717,2875,22186375,0,-1,528,271,0,
core_C626,67696,112820,1,0,7443,2760,20542680,0,-1,233,347,1,
core_C627,43953,4140,1,90,3565,5441,19397165,0,-1,214,10,1,
core_C630,46644,26220,0,180,3761,3588,13494468,0,-1,83,146,0,
core_C632,26097,116545,1,0,6460,3105,20058300,0,-1,-1,464,1,
core_C633,73048,69798,0,90,1932,6146,11874072,0,-1,517,96,0,
core_C634,51796,99864,1,90,2300,7431,17091300,0,172,300,210,1,
core_C635,4048,64064,0,180,3568,3496,12473728,0,-1,473,167,0,
core_C641,63135,46056,1,0,6474,3105,20101770,0,-1,608,145,0,
core_C643,2024,88056,0,90,2208,5727,12645216,0,455,444,642,0,
core_C647,4048,71148,0,90,3588,3622,12995736,0,-1,564,473,0,
core_C649,40020,119715,1,90,1840,5563,10235920,0,569,-1,430,1,
core_C652,7636,117070,1,90,115,92,10580,0,-1,259,3,0,
core_C654,71208,100694,0,90,2208,5684,12550272,0,50,158,301,0,
core_C656,16261,11137,1,0,6496,3220,20917120,0,-1,12,369,0,
core_C659,50600,93006,0,0,4598,2944,13536512,0,626,27,166,0,
core_C664,38548,91138,0,180,4402,2852,12554504,0,-1,288,201,0,
core_C667,7636,75440,1,0,4782,4600,21997200,0,-1,3,327,1,
core_C670,35328,0,1,0,5628,3680,20711040,0,410,10,185,1,
core_C674,12052,80132,0,90,92,74,6808,0,-1,454,24,0,
core_C675,34170,21566,0,90,2116,6355,13447180,0,67,-1,258,1,
core_C687,34053,15421,0,90,2024,6145,12437480,0,-1,-1,310,1,
core_C693,184,62215,1,0,8005,2530,20252650,0,-1,142,66,0,
core_C696,68816,24015,0,90,2024,6397,12947528,0,447,-1,287,1,
core_C697,67402,122106,0,90,2852,4411,12580172,0,109,-1,120,1,
core_C700,7636,124296,1,90,4255,4416,18790080,0,294,-1,528,0,
core_C702,58236,116464,0,0,4544,2944,13377536,0,-1,498,134,0,
core_C703,62506,19855,1,90,3680,5666,20850880,0,-1,603,389,0,
core_C713,66700,24312,0,90,2116,6378,13495848,0,282,-1,144,1,
core_C715,38548,93990,0,0,5916,2300,13606800,0,395,417,275,0,
core_C721,63227,90958,1,0,7447,2760,20553720,0,-1,471,578,1,
core_C722,68241,93718,1,90,1840,6112,11246080,0,335,-1,394,1,
core_C724,69780,66987,1,0,5629,3680,20714720,0,-1,-1,186,0,
core_C729,25944,27416,0,90,2300,4941,11364300,0,-1,-1,449,0,
core_C730,0,82347,0,90,2024,6631,13421144,0,353,629,602,0,
core_C735,11891,120037,1,90,4370,4572,19979640,0,448,446,284,1,
core_C736,65734,93718,1,90,2415,7900,19078500,0,394,-1,255,1,
core_C740,70840,26989,0,90,3496,3535,12358360,0,-1,-1,161,0,
core_C741,52532,58429,0,90,2208,5779,12760032,0,-1,-1,354,0,
core_C743,58121,36331,1,0,92,115,10580,0,141,88,390,1,
core_C746,54579,0,1,0,7911,2530,20014830,0,308,-1,372,1,
core_C747,51796,107295,1,0,5593,3680,20582240,0,-1,93,265,0,
core_C748,71208,95038,0,90,2208,5656,12488448,0,-1,272,387,1,
core_C751,15288,9939,0,90,2392,4943,11823656,0,-1,-1,183,0,
core_C753,49082,47884,1,180,6536,3220,21045920,0,-1,7,206,0,
core_C754,60720,76290,1,90,2415,7669,18520635,0,-1,-1,55,1,
core_C763,35420,49010,1,90,2415,7788,18808020,0,18,-1,86,1,
core_C766,16365,121268,1,0,4537,4370,19826690,0,426,-1,507,0,
core_C768,71105,32992,1,90,3680,5740,21123200,0,-1,-1,516,1,
core_C771,62490,0,1,90,2530,8233,20829490,0,563,-1,299,1,
core_C776,38415,124034,0,0,4492,2852,12811184,0,470,-1,110,1,
core_C778,30465,15421,0,90,3588,3768,13519584,0,280,230,154,0,
core_C780,19320,9939,0,0,3601,3588,12920388,0,523,-1,512,1,
core_C782,2714,75088,1,90,2530,8047,20358910,0,103,244,612,1,
core_C783,21528,96269,1,90,4485,4559,20447115,0,-1,-1,464,0,
core_C786,70081,101083,1,0,5626,3565,20056690,0,-1,-1,335,0,
core_C789,48668,84640,0,90,1932,5868,11336976,0,-1,152,591,0,
core_C790,0,0,0,90,3588,3682,13211016,0,-1,521,-1,0,
core_C792,50600,84640,0,90,1932,5882,11364024,0,22,166,152,1,
core_C793,58052,32881,1,180,5189,3450,17902050,0,-1,-1,627,0,
core_C798,18883,75081,1,90,2415,7848,18952920,0,137,388,397,1,
core_C800,30636,63921,0,90,1932,6321,12212172,0,585,31,632,0,
core_C801,92,40710,1,0,4732,4600,21767200,0,333,338,2,0,
core_C805,44620,50690,0,90,1932,6093,11771676,0,-1,-1,256,0,
core_C806,54096,105441,1,0,92,115,10580,0,-1,-1,172,0,
core_C807,63135,52381,1,0,5458,3565,19457770,0,-1,631,608,0,
core_C814,16261,56920,1,0,4587,4485,20572695,0,-1,613,620,0,
core_C816,30465,3870,0,90,2024,6399,12951576,0,-1,61,457,0,
core_C819,7544,75440,1,0,92,115,10580,0,276,-1,550,0,
core_C820,58305,84155,1,90,4485,4552,20415720,0,-1,222,55,0,
core_C821,33948,118146,0,180,4555,2852,12990860,0,-1,90,554,0,
core_C823,68121,19132,1,90,2760,7420,20479200,0,242,179,356,1,
core_C832,40000,35472,0,0,4478,2852,12771256,0,-1,364,100,1,
core_C835,46644,87333,0,90,2024,6356,12864544,0,591,-1,566,0,
core_C836,4824,40710,1,180,4600,4485,20631000,0,483,-1,321,1,
core_C838,58213,110751,1,180,4687,4485,21021195,0,-1,-1,208,0,
core_C839,70081,93718,1,90,2300,7365,16939500,0,399,314,290,1,
core_C840,11592,17734,0,90,2208,5895,13016160,0,164,-1,532,0,
core_C841,0,94818,0,90,2024,6628,13415072,0,343,228,629,0,
core_C843,92,45310,1,0,92,115,10580,0,514,401,321,0,
core_C845,16261,70596,1,180,4513,4485,20240805,0,-1,391,460,0,
core_C846,31098,32476,0,90,2484,5296,13155264,0,491,-1,132,1,
core_C848,57707,8233,1,0,7427,2760,20498520,0,-1,119,527,0,
core_C849,34361,46892,0,0,4496,2852,12822592,0,47,-1,513,1,
core_C851,2024,112533,0,90,2024,3176,6428224,0,115,-1,337,1,
core_C852,63135,72745,1,0,6420,3105,19934100,0,-1,182,462,0,
core_C854,11592,0,0,90,2944,4577,13474688,0,545,611,11,1,
core_C859,61916,31054,0,90,2024,6636,13431264,0,-1,424,33,0,
core_C861,63135,109789,1,0,4561,4370,19931570,0,260,-1,416,0,
core_C865,16621,50324,0,180,3765,2484,9352260,0,349,489,71,1,
core_C870,20386,24690,0,0,4464,2944,13142016,0,-1,-1,348,1,
core_C871,11954,8253,1,90,2530,8261,20900330,0,-1,646,483,1,
core_C872,65813,17961,0,90,2024,6351,12854424,0,138,-1,502,1,
core_C873,14791,47472,0,0,4542,2852,12953784,0,555,-1,495,1,
core_C874,2024,69692,0,90,2024,6506,13168144,0,45,526,293,1,
core_C875,52532,54889,0,90,3496,3540,12375840,0,-1,297,175,0,
core_C878,70265,42541,1,90,4370,4585,20036450,0,-1,590,469,0,
core_C879,62506,29201,1,0,5615,3680,20663200,0,330,-1,603,0,
core_C881,27876,84582,0,90,1932,5242,10127544,0,-1,-1,25,1,
core_C885,57174,125011,1,0,5544,3565,19764360,0,-1,-1,595,1,
core_C888,58305,40816,1,90,3220,6560,21123200,0,-1,402,586,0,
core_C898,29502,29913,1,90,2530,7881,19938930,0,-1,-1,414,1,
core_C905,63848,115757,0,90,1840,5850,10764000,0,588,-1,419,0,
core_C909,0,20338,0,90,2576,5182,13348832,0,-1,593,510,0,
core_C911,16609,80132,0,90,2944,4492,13224448,0,580,-1,454,1,
core_C915,40000,38324,0,0,4458,2852,12714216,0,205,245,331,0,
core_C916,58305,63893,1,90,2645,7971,21083295,0,-1,508,484,0,
core_C918,69694,70667,1,90,2760,5836,16107360,0,487,-1,182,1,
core_C919,18124,95290,0,90,2024,6578,13313872,0,-1,-1,568,0,
core_C920,0,120919,1,0,5558,3565,19814270,0,-1,-1,72,0,
core_C921,16261,8032,1,0,6478,3105,20114190,0,-1,273,448,0,
core_C922,8096,34825,0,90,2024,6194,12536656,0,9,404,600,1,
core_C925,56120,125388,0,0,5229,2484,12988836,0,-1,-1,27,1,
core_C926,48990,0,1,0,5589,3680,20567520,0,299,-1,635,1,
core_C929,59892,6268,0,90,1932,6194,11966808,0,-1,-1,650,1,
core_C930,11592,10281,0,90,2944,4470,13159680,0,-1,532,211,0,
core_C934,22356,118290,0,0,3758,3588,13483704,0,547,480,562,0,
core_C941,21298,78218,1,90,4485,4592,20595120,0,-1,-1,379,0,
core_C943,19333,18515,0,90,2852,4546,12965192,0,552,-1,555,0,
core_C946,18883,95381,1,90,115,92,10580,0,-1,435,614,0,
core_C950,21298,72508,1,90,3680,5710,21012800,0,-1,376,557,0,
core_C951,37835,115230,1,0,4688,4485,21025680,0,-1,430,26,0,
core_C952,46575,120011,1,0,5769,3680,21229920,0,577,159,400,0,
core_C953,13538,56462,1,90,2530,8078,20437340,0,-1,-1,103,1,
core_C954,35328,41170,1,90,2415,7840,18933600,0,-1,86,10,0,
core_C956,58121,122481,1,0,8073,2530,20424690,0,-1,-1,436,0,
core_C959,73416,91326,0,90,2300,5772,13275600,0,-1,-1,50,0,
core_C962,4048,55964,0,0,3741,3680,13766880,0,-1,167,45,0,
core_C965,69184,101823,0,90,2024,6444,13042656,0,301,57,605,0,
core_C972,18883,82929,1,0,4667,4485,20931495,0,-1,614,319,0,
core_C975,62506,14098,1,90,3680,5757,21185760,0,506,286,575,1,
core_C978,55936,99864,1,90,2185,6989,15270965,0,298,-1,172,1,
core_C982,16261,75081,1,0,92,115,10580,0,397,187,339,0,
core_C986,33143,120002,1,90,1840,5532,10178880,0,-1,-1,121,0,
core_C992,32568,68813,0,0,4542,2944,13371648,0,-1,-1,433,0,
core_C994,68149,93718,1,0,92,115,10580,0,290,-1,295,1,
core_C996,44464,98702,0,180,4203,2668,11213604,0,-1,-1,288,1,
core_C1000,46575,109006,1,180,4495,4485,20160075,0,-1,400,518,0,
core_C1003,16353,75081,1,90,2530,7860,19885800,0,319,-1,391,1,
core_C1004,66479,118110,1,90,2530,7770,19658100,0,200,-1,579,1,
core_C1008,72381,86384,1,90,2530,7660,19379800,0,-1,-1,335,1,
core_C1009,46575,113491,1,90,3105,6520,20244600,0,-1,381,396,0,
core_C1012,92,90902,1,90,3105,3276,10171980,0,-1,584,338,0,
core_C1014,58305,47376,1,90,2415,7914,19112310,0,174,463,359,0,
core_C1017,67528,57278,0,0,4447,2852,12682844,0,43,616,113,0,
core_C1019,8096,41019,0,90,2024,6347,12846328,0,-1,253,370,0,
core_C1022,40572,73480,0,90,2024,6166,12479984,0,604,-1,91,1,
core_C1030,8717,3680,1,90,4370,4573,19984010,0,465,-1,2,1,
core_C1033,41880,9384,0,90,2852,4393,12528836,0,-1,522,239,0,
core_C1036,49082,88134,1,0,92,115,10580,0,572,106,7,0,
core_C1037,24886,46756,1,0,5689,3680,20935520,0,-1,-1,177,0,
core_C1038,40956,0,1,180,4323,4140,17897220,0,-1,-1,277,1,
core_C1040,184,75088,1,90,2530,7996,20229880,0,-1,612,619,0,
core_C1041,42689,28349,0,90,3496,3627,12679992,0,-1,-1,649,0,
core_C1043,43694,101370,0,0,4432,2944,13047808,0,-1,630,633,1,
core_C1044,24886,35831,1,0,4616,4600,21233600,0,360,126,243,0,
core_C1045,6072,23736,0,90,2576,5282,13606432,0,-1,638,11,0,
core_C1050,63135,105298,1,90,4485,4491,20142135,0,238,347,439,0,
core_C1052,38548,96290,0,90,3496,3557,12435272,0,-1,149,288,0,
core_C1059,2024,109129,0,180,3526,3404,12002504,0,-1,-1,213,0,
core_C1060,63848,112158,0,90,3496,3599,12582104,0,-1,361,56,0,
core_C1061,0,0,1,0,92,115,10580,0,451,427,-1,0,
core_C1062,16100,96383,0,90,2024,6130,12407120,0,40,-1,496,1,
core_C1063,30843,108741,1,90,2300,7606,17493800,0,185,-1,150,1,
core_C1067,73048,30524,0,90,2392,5098,12194416,0,-1,-1,8,1,
core_C1068,61916,37690,0,90,2852,4344,12389088,0,-1,589,346,0,
core_C1070,28142,74265,0,90,1932,6052,11692464,0,-1,-1,525,0,
core_C1073,20902,116637,1,90,3565,5356,19094140,0,-1,-1,306,1,
core_C1076,0,102902,1,90,2530,6857,17348210,0,98,39,420,0,
core_C1077,34246,28888,0,90,3588,3609,12949092,0,-1,-1,248,1,
core_C1081,66745,2760,1,0,7153,2760,19742280,0,-1,-1,140,0,
core_C1082,37835,119715,1,90,2185,7174,15675190,0,270,-1,380,0,
core_C1084,3663,26789,0,90,2024,6100,12346400,0,-1,-1,241,0,
core_C1085,67528,95800,0,90,1380,4668,6441840,0,-1,223,515,0,
core_C1086,32568,65869,0,0,4594,2944,13524736,0,434,393,227,0,
core_C1089,37162,102331,0,90,2024,6523,13202552,0,639,-1,433,1,
core_C1096,18883,95473,1,90,2530,8181,20697930,0,-1,531,378,0,
core_C1097,58121,118916,1,180,5523,3565,19689495,0,-1,384,88,0,
core_C1098,60076,0,0,0,5217,2576,13438992,0,-1,618,216,1,
core_C1102,26128,105521,1,90,2300,7569,17408700,0,551,-1,17,0,
core_C1104,63135,101618,1,180,5522,3680,20320960,0,-1,416,578,0,
core_C1109,34237,0,0,90,2116,6457,13663012,0,176,-1,565,1,
core_C1110,48990,3680,1,0,92,115,10580,0,29,-1,518,1,
core_C1112,36524,56078,0,90,1932,6165,11910780,0,-1,-1,598,0,
core_C1113,2024,102597,0,0,4569,2944,13451136,0,596,213,468,0,
core_C1114,2024,93783,0,90,2024,6606,13370544,0,607,468,268,0,
core_C1115,40858,0,0,0,4428,2852,12628656,0,-1,-1,176,1,
core_C1116,11891,124609,1,180,4474,4370,19551380,0,507,-1,294,0,
core_C1120,70840,16325,0,90,2852,4436,12651472,0,594,161,282,1,
core_C1121,16261,3220,1,0,4713,4485,21137805,0,44,369,294,1,
core_C1124,25944,23736,0,0,3688,3680,13571840,0,258,292,4,1,
core_C1128,58213,101800,1,0,4476,4370,19560120,0,-1,208,141,0,
core_C1134,92,0,1,0,7196,3450,24826200,0,503,2,420,1,
core_C1135,23713,64696,1,90,2415,7812,18865980,0,63,-1,543,0,
core_C1136,184,55430,1,0,6462,3220,20807640,0,541,66,576,0,
core_C1140,12052,80206,0,0,4557,3036,13835052,0,363,160,278,0,
core_C1141,4232,88056,0,90,2944,4602,13548288,0,-1,-1,268,1,
core_C1142,9655,59110,1,90,2645,8052,21297540,0,151,-1,184,1,
core_C1147,30465,3778,0,180,74,92,6808,0,-1,326,565,0,
core_C1151,33948,111706,0,0,4478,2944,13183232,0,116,554,0,1,
core_C1153,45448,93689,0,90,2392,5013,11991096,0,-1,-1,587,1,
core_C1155,16261,65890,1,90,4485,4706,21106410,0,-1,339,613,0,
core_C1156,51704,92504,1,0,5703,3680,20987040,0,-1,128,648,1,
core_C1157,63135,69640,1,0,6473,3105,20098665,0,-1,344,84,0,
core_C1159,58305,55290,1,90,3795,4003,15191385,0,-1,484,402,0,
core_C1164,21528,91899,1,0,4569,4370,19966530,0,263,313,105,0,
core_C1166,13087,0,1,0,6567,3220,21145740,0,-1,-1,406,1,
core_C1168,38548,79806,0,90,2024,6516,13188384,0,127,201,91,0,
core_C1170,5244,71875,1,90,2300,7385,16985500,0,550,-1,103,0,
core_C1179,2024,100389,0,0,5730,2208,12651840,0,-1,443,444,0,
core_C1185,70265,38861,1,180,5544,3680,20401920,0,-1,355,74,1,
core_C1197,42907,121522,0,90,2024,6106,12358544,0,634,-1,309,1,
core_C1200,63227,93718,1,0,92,115,10580,0,255,-1,289,0,
core_C1202,50600,122170,0,0,5313,2484,13197492,0,-1,-1,35,0,
core_C1207,4048,67560,0,180,3700,3588,13275600,0,-1,269,266,0,
core_C1209,18968,3036,0,180,4521,2944,13309824,0,-1,-1,48,1,
core_C1216,2024,80696,0,0,5378,2576,13853728,0,-1,479,526,0,
core_C1225,0,43410,0,0,3728,3680,13719040,0,-1,519,135,0,
core_C1232,44160,115230,1,90,2415,7814,18870810,0,518,-1,569,1,
core_C1236,25429,119650,1,90,2415,7552,18238080,0,219,-1,637,1,
core_C1238,2024,83272,0,0,5203,2484,12924252,0,-1,642,475,0,
core_C1240,22356,121878,0,0,74,92,6808,0,-1,97,375,0,
core_C1241,60168,104850,0,90,1932,5866,11333112,0,502,-1,529,1,
core_C1245,10120,89790,0,90,2944,4448,13094912,0,-1,-1,651,0,
core_C1246,9424,8253,1,90,2530,7803,19741590,0,350,162,333,1,
core_C1249,58305,59293,1,0,4800,4600,22080000,0,-1,365,463,0,
core_C1250,9475,34651,1,0,5574,3680,20512320,0,-1,250,196,1,
core_C1253,51704,99979,1,0,92,115,10580,0,-1,-1,210,0,
core_C1259,72454,70667,1,90,2530,7701,19483530,0,-1,536,366,1,
core_C1261,24375,78050,0,0,3767,3588,13515996,0,114,490,229,1,
core_C1262,16621,52808,0,0,3720,3588,13347360,0,-1,-1,348,0,
core_C1265,24375,81638,0,180,4441,2944,13074304,0,-1,-1,488,0,
core_C1270,33582,32497,0,0,4612,2944,13577728,0,533,240,340,1,
core_C1277,72864,113186,0,0,74,92,6808,0,34,-1,32,1,
core_C1281,36286,15513,0,0,74,92,6808,0,-1,-1,67,0,
core_C1284,69291,5520,1,90,2530,8133,20576490,0,561,-1,506,1,
core_C1285,10120,47472,0,0,4671,2944,13751424,0,352,104,9,0,
core_C1287,14076,96383,0,90,2024,6271,12692504,0,421,1,125,0,
core_C1288,27299,0,1,180,4579,4485,20536815,0,-1,-1,567,1,
core_C1291,58236,119408,0,0,4729,3128,14792312,0,-1,-1,285,0,
core_C1293,0,13142,0,90,3496,3608,12613568,0,-1,510,153,0,
core_C1294,9475,41896,1,0,5845,3680,21509600,0,-1,224,250,0,
core_C1295,68638,0,0,0,4564,2944,13436416,0,-1,-1,168,1,
core_C1296,62100,97520,0,0,3713,3680,13663840,0,351,641,481,1,
core_C1298,7288,0,1,0,5788,3680,21299840,0,-1,-1,451,1,
core_C1299,28428,89824,0,90,2208,5655,12486240,0,513,0,539,1,
core_C1303,61916,8648,0,0,3733,3588,13394004,0,79,111,23,1,
core_C1305,66186,5520,1,90,3105,6637,20607885,0,494,148,389,1,
core_C1306,16365,116588,1,90,4485,4680,20989800,0,637,306,446,1,
core_C1313,58305,71864,1,90,4255,4426,18832630,0,-1,55,365,0,
core_C1314,15640,28837,0,180,3541,3496,12379336,0,-1,524,512,0,
core_C1316,0,16750,0,0,3737,3588,13408356,0,-1,362,499,0,
core_C1318,26404,119229,0,0,6452,2116,13652432,0,-1,-1,539,0,
core_C1319,15640,25133,0,90,3680,3704,13630720,0,311,509,9,1,
core_C1320,30636,54099,0,180,3725,3588,13365300,0,342,632,504,1,
core_C1321,184,45310,1,0,4729,4600,21753400,0,196,576,338,1,
core_C1322,67528,92166,0,90,3588,3634,13038792,0,-1,432,170,0,
core_C1324,63135,36331,1,0,7970,2530,20164100,0,307,145,174,1,
core_C1325,73048,75944,0,90,2760,4292,11845920,0,-1,-1,264,0,
core_C1326,46575,23770,1,90,2415,7783,18795945,0,441,396,477,1,
core_C1328,0,47090,0,0,5179,2484,12864636,0,-1,237,476,0,
core_C1329,19128,0,0,0,4469,2944,13156736,0,-1,-1,545,1,
core_C1330,0,3682,0,90,3588,3606,12938328,0,70,254,316,0,
core_C1331,41880,13777,0,0,3640,3496,12725440,0,-1,-1,407,0,
core_C1333,22921,9476,0,90,2024,6555,13267320,0,28,-1,311,1,
core_C1336,15640,32333,0,90,2024,6604,13366496,0,-1,94,509,0,
core_C1337,28142,67999,0,90,2024,6266,12682384,0,-1,425,118,0,
core_C1338,2024,78212,0,180,5033,2484,12501972,0,-1,475,353,0,
core_C1339,57707,2530,1,90,4370,4434,19376580,0,-1,341,29,1,
core_C1341,7636,120037,1,90,4140,4259,17632260,0,-1,284,259,0,
core_C1342,58236,104850,0,90,1932,6186,11951352,0,481,556,73,0,
core_C1344,42714,113146,0,90,3036,4696,14257056,0,-1,-1,122,0,
core_C1346,18883,103654,1,90,3565,5393,19226045,0,-1,234,435,0,
core_C1355,11592,14882,0,0,4541,2852,12950932,0,581,336,374,0,
core_C1356,38194,28888,0,0,4495,2944,13233280,0,199,553,491,1,
core_C1359,30009,4485,1,90,4485,4620,20720700,0,-1,108,198,1,
core_C1360,25944,34960,0,0,4443,2944,13080192,0,-1,38,132,0,
core_C1361,72454,78368,1,90,2530,8016,20280480,0,-1,-1,487,0,
core_C1362,65780,78955,1,90,4485,4585,20563725,0,-1,46,136,1,
core_C1369,20424,81914,0,0,3706,3588,13297128,0,-1,189,229,0,
core_C1374,26404,111814,0,90,2024,6282,12714768,0,504,511,193,1,
core_C1377,32788,17155,1,90,2530,8251,20875030,0,-1,-1,558,1,
core_C1378,6646,55430,1,0,5654,3680,20806720,0,-1,-1,453,1,
core_C1382,44620,56783,0,90,2024,6366,12884784,0,-1,52,570,1,
core_C1383,23713,61361,1,0,6705,3335,22361175,0,-1,452,557,1,
core_C1391,58236,97520,0,90,3588,3742,13426296,0,-1,73,20,0,
core_C1395,14536,0,0,0,4592,3036,13941312,0,520,-1,345,1,
core_C1397,44620,74951,0,90,1840,5656,10407040,0,-1,80,574,0,
core_C1398,26114,121345,0,0,6515,2024,13186360,0,-1,-1,375,1,
core_C1402,69184,118426,0,0,3703,3680,13627040,0,209,-1,57,0,
core_C1408,38194,31976,0,0,4514,2852,12873928,0,41,-1,553,0,
core_C1409,7544,71875,1,0,5633,3565,20081645,0,-1,327,467,1,
core_C1410,28428,105521,1,0,6630,3220,21348600,0,-1,150,438,1,
core_C1412,22185,18515,0,90,1932,6175,11930100,0,42,-1,377,1,
core_C1416,38194,31832,0,180,74,92,6808,0,-1,549,533,0,
core_C1418,33948,114650,0,0,3619,3496,12652024,0,-1,329,458,0,
core_C1422,19333,16031,0,0,5318,2484,13209912,0,-1,377,352,1,
core_C1423,58236,111036,0,0,4445,2852,12677140,0,-1,134,529,0,
core_C1426,21298,61361,1,90,2415,7947,19192005,0,543,379,194,0,
core_C1428,29223,17155,1,90,3565,5628,20063820,0,540,-1,147,0,
core_C1434,56396,79778,0,90,92,74,6808,0,-1,592,195,0,
core_C1440,42689,20923,0,90,3496,3573,12491208,0,-1,649,199,0,
core_C1441,71821,5520,1,90,3105,6371,19781955,0,-1,-1,494,1,
core_C1450,22356,111814,0,90,2024,6476,13107424,0,193,375,25,0,
core_C1455,65020,0,1,90,1725,5291,9126975,0,140,-1,308,1,
core_C1456,4048,74770,0,90,3404,3442,11716568,0,-1,-1,269,0,
core_C1460,30465,0,0,90,3772,3778,14250616,0,440,457,28,1,
core_C1461,46644,80960,0,90,2024,6373,12898952,0,-1,332,15,0,
core_C1463,23504,0,1,90,3795,6022,22853490,0,497,198,44,1,
core_C1465,18124,89542,0,90,2208,5748,12691584,0,-1,367,40,0,
core_C1474,41860,119715,1,90,2300,7501,17252300,0,477,-1,270,1,
core_C1477,42596,80112,0,90,2024,6477,13109448,0,542,587,604,0,
core_C1479,0,35314,0,0,3663,3588,13142844,0,241,215,231,0,
core_C1480,49174,88134,1,180,4567,4370,19957790,0,-1,648,408,1,
core_C1483,62100,104144,0,90,1748,5740,10033520,0,144,-1,641,0,
core_C1484,44620,69545,0,90,1748,5406,9449688,0,-1,546,52,0,
core_C1487,58052,14098,1,180,4454,4370,19463980,0,389,165,609,1,
core_C1488,184,52555,1,0,7254,2875,20855250,0,-1,453,514,0,
core_C1493,52344,114655,1,90,2300,7329,16856700,0,595,180,381,1,
core_C1494,63135,90958,1,0,92,115,10580,0,289,439,123,0,
core_C1498,63719,114159,1,90,2760,7117,19642920,0,398,-1,88,1,
core_C1501,19553,79950,0,0,74,92,6808,0,-1,-1,363,1,
core_C1502,16133,14882,0,90,2484,5280,13115520,0,-1,-1,532,1,
core_C1507,61916,22265,0,0,3588,3588,12873744,0,-1,33,601,0,
core_C1510,40450,115083,0,90,2024,6513,13182312,0,139,-1,116,1,
core_C1513,92,94178,1,90,2990,6079,18176210,0,171,85,401,0,
core_C1515,32568,57687,0,90,1932,5974,11541768,0,622,227,320,1,
core_C1517,58305,36331,1,180,4668,4485,20935980,0,-1,359,141,1,
core_C1521,42596,86589,0,90,2852,4549,12973748,0,459,-1,570,0,
core_C1522,65688,115757,0,90,1840,5746,10572640,0,8,-1,361,1,
core_C1524,61916,42034,0,90,2024,6213,12575112,0,-1,-1,424,0,
core_C1527,70265,47126,1,270,4485,4647,20841795,0,-1,-1,355,0,
core_C1529,48668,80960,0,180,3761,3680,13840480,0,-1,315,332,1,
core_C1532,56396,122536,0,0,4506,2852,12851112,0,-1,-1,559,0,
core_C1534,0,25520,0,90,2484,5296,13155264,0,-1,231,362,0,
core_C1535,73692,16325,0,90,2024,6075,12295800,0,-1,-1,447,1,
core_C1536,54644,114655,1,90,2530,8166,20659980,0,358,-1,577,1,
core_C1537,6593,124370,0,0,4521,2852,12893892,0,-1,-1,443,1,
core_C1538,28142,43792,0,0,3621,3588,12992148,0,-1,89,114,0,
core_C1541,36524,49744,0,90,2024,6334,12820016,0,6,442,622,1,
core_C1542,66976,11724,0,90,2208,5694,12572352,0,53,-1,628,0,
core_C1545,6072,34825,0,90,2024,6222,12593328,0,370,-1,638,0,
core_C1548,61916,17966,0,90,2852,4299,12260748,0,173,582,111,0,
core_C1554,0,76027,0,90,2024,6320,12791680,0,-1,293,191,0,
core_C1556,62506,25521,1,180,5545,3680,20405600,0,-1,356,286,0,
core_C1559,42596,73480,0,90,2024,6632,13423168,0,256,570,405,1,
core_C1566,69184,95800,0,90,1932,6023,11636436,0,59,387,223,1,
core_C1567,58052,12462,0,90,3496,3582,12522672,0,-1,49,650,0,
core_C1572,4048,93783,0,90,3588,3596,12902448,0,-1,-1,444,1,
core_C1575,63135,49161,1,0,6559,3220,21119980,0,-1,324,267,0,
core_C1583,53567,40710,1,90,4485,4577,20527845,0,575,-1,647,1,
core_C1586,73106,123567,0,90,2300,4605,10591500,0,-1,-1,109,1,
core_C1587,11592,4577,0,180,3052,2024,6177248,0,-1,211,345,0,
core_C1591,184,83084,1,90,2530,7818,19779540,0,312,-1,411,0,
core_C1593,16261,61405,1,0,4485,4485,20115225,0,-1,460,325,0,
core_C1597,18883,87414,1,90,2645,7967,21072715,0,105,378,388,0,
core_C1601,32212,29913,1,90,2530,7718,19526540,0,-1,-1,126,1,
core_C1604,67528,60690,0,180,6327,1932,12223764,0,-1,235,403,0,
core_C1605,0,64447,0,90,2484,5245,13028580,0,-1,191,143,0,
core_C1606,60076,2576,0,0,5116,2484,12708144,0,-1,-1,437,0,
core_C1608,184,70373,1,0,4807,4715,22665005,0,184,411,142,0,
core_C1615,16261,51387,1,90,3565,5533,19725145,0,-1,325,12,0,
core_C1616,16008,20162,0,90,2484,4971,12347964,0,-1,-1,164,1,
core_C1617,34500,49744,0,90,2024,6522,13200528,0,598,-1,585,1,
core_C1618,17572,56396,0,90,2024,6530,13216720,0,-1,217,24,1,
core_C1620,73140,80236,0,90,2300,4730,10879000,0,-1,-1,59,1,
core_C1626,28111,58141,1,0,6567,3105,20390535,0,-1,-1,194,1,
core_C1628,55198,93006,0,0,74,92,6808,0,-1,-1,274,1,
core_C1631,58052,24683,1,90,2530,7919,20035070,0,-1,318,165,0,
core_C1632,66976,5956,0,90,2300,5768,13266400,0,-1,599,173,1,
core_C1636,0,88978,0,90,1932,5840,11282880,0,-1,337,293,0,
core_C1649,43694,104314,0,0,4531,2944,13339264,0,-1,226,413,0,
core_C1650,63135,55946,1,270,115,92,10580,0,-1,102,324,0,
core_C1652,30636,57687,0,90,1932,6234,12044088,0,-1,320,513,0,
core_C1656,41210,102331,0,90,2484,5248,13036032,0,413,-1,639,1,
core_C1657,44931,121522,0,90,2024,6404,12961696,0,-1,-1,470,1,
core_C1663,46460,15843,1,90,2530,7927,20055310,0,372,-1,26,1,
core_C1669,52532,23736,0,90,2024,6470,13095280,0,-1,64,22,0,
core_C1671,20850,112152,1,0,4579,4485,20536815,0,478,-1,507,1,
core_C1674,6072,29018,0,90,2208,5807,12821856,0,-1,600,415,0,
core_C1675,39186,102331,0,90,2024,6364,12880736,0,633,-1,434,1,
core_C1681,36156,108854,0,0,4534,2852,12930968,0,169,-1,31,1,
core_C1684,62100,101200,0,0,4427,2944,13033088,0,-1,573,502,0,
core_C1685,2024,85756,0,0,5763,2300,13254900,0,-1,268,479,0,
core_C1688,32511,45753,1,90,2530,8205,20758650,0,-1,-1,75,0,
core_C1690,50478,26220,0,90,1748,5388,9418224,0,-1,-1,83,1,
core_C1691,41880,2852,0,0,4558,2944,13418752,0,-1,239,19,1,
core_C1694,11954,16514,1,90,2760,7367,20332920,0,-1,-1,350,0,
core_C1698,49082,40710,1,90,4485,4644,20828340,0,609,206,29,0,
core_C1702,49174,92504,1,90,2530,8210,20771300,0,461,-1,572,0,
core_C1703,42689,24496,0,90,3680,3853,14179040,0,-1,412,560,0,
core_C1705,58052,6268,0,90,1840,6010,11058400,0,373,606,216,0,
core_C1706,10120,52624,0,90,1932,6222,12020904,0,71,482,104,0,
Wirelength: 9.47401e+09
layer(tree) info:
layer: 0 ,width: 75808 ,height: 128172 ,area: 9716462976 ,blocks_area: 7387844168, filling_rate: 0.760343, utilizatio_rate: 0.754457
layer: 1 ,width: 75809 ,height: 128979 ,area: 9777769011 ,blocks_area: 7694267280, filling_rate: 0.786914, utilizatio_rate: 0.785749
random seed: 1
alpha: 0
gamma: 1
best wirelength: 9.47401e+09
initial_num_perturbs: 19560
iter: 0
best_iter: 0
best_cost: 0.158691
reject_time: 0
accept_inferior_time: 0
update_best_time: 330
adjustLegalOutline_fail_times: 0
outline_adjust_time: 136.831
initial_wirelength: 1.25535e+10
initial_average_wirelength: 7.91068e+10
1.25535e+10,initial_iter: 19560
initial_time: 254.009
total time cost: 300.009
