name,x,y,layer,rotated_angle,width,height,area,exceed_outline_area,left,right,parent,is_from_left,
macro_C2791,0,8448,1,180,11319,8580,97117020,0,-1,-1,2,0,
macro_C2792,11352,8448,0,180,11319,8580,97117020,0,-1,-1,4,1,
macro_C2793,0,0,1,0,11616,8448,98131968,0,5,0,-1,0,
macro_C2794,11031,0,0,180,11616,8448,98131968,0,-1,-1,11,1,
macro_C2795,0,8448,0,180,11352,8679,98524008,0,1,-1,7,0,
macro_C2796,11616,0,1,270,8679,11352,98524008,0,-1,-1,2,1,
core_C0,0,4746,0,90,8877,1133,10057641,0,-1,12,9,0,
core_C1,0,7052,0,90,8910,1225,10914750,0,11,4,12,0,
core_C4,0,2356,0,270,8877,1178,10457106,0,-1,9,10,0,
core_C7,0,3534,0,90,8910,1212,10798920,0,-1,6,8,0,
core_C9,0,1152,0,270,8910,1204,10727640,0,-1,8,13,0,
core_C11,8910,0,0,0,2121,4620,9799020,0,3,-1,7,1,
core_C12,0,5879,0,270,8877,1173,10412721,0,-1,7,6,0,
core_C13,0,0,0,90,8877,1152,10226304,0,-1,10,-1,0,
Wirelength: 4.71892e+06
layer(tree) info:
layer: 0 ,width: 22671 ,height: 17127 ,area: 388286217, filling_rate: 0.971364
layer: 1 ,width: 20295 ,height: 17028 ,area: 345583260, filling_rate: 0.850079
random seed: 3
alpha: 0
gamma: 1
best wirelength: 4.71892e+06
initial_num_perturbs: 196
iter: 5880
best_iter: 1764
best_cost: 0.0355076
reject_time: 212744
accept_inferior_time: 181003
update_best_time: 13
adjustLegalOutline_fail_times: 4
initial_wirelength: 7.81238e+07
initial_average_wirelength: 1.32899e+08
6.83346e+07,initial_iter: 196
initial_time: 0.045
total time cost: 128.733
