name,x,y,layer,rotated_angle,width,height,area,exceed_outline_area,left,right,parent,is_from_left,
macro_C8466,8958,18282,0,90,5709,6369,36360621,0,87,96,99,1,
macro_C8467,14853,22425,0,270,5709,6369,36360621,0,-1,-1,46,1,
macro_C16429,25211,25311,0,180,5676,7524,42706224,0,28,-1,26,1,
macro_C16430,26911,30624,1,0,8112,10752,87220224,0,-1,-1,20,1,
macro_C32011,3871,27216,1,0,12288,6144,75497472,0,-1,21,100,0,
macro_C32012,1782,7227,0,270,4290,8613,36949770,0,69,118,74,0,
macro_C39784,17259,29553,0,90,7854,5445,42765030,0,7,-1,42,1,
macro_C39785,25113,32835,0,180,5445,7854,42765030,0,-1,-1,6,1,
macro_C55552,9678,0,0,90,7854,5412,42505848,0,105,-1,69,1,
macro_C55553,21116,5676,0,180,5412,7854,42505848,0,107,72,119,1,
macro_C63404,32532,16091,0,270,7854,5412,42505848,0,-1,25,53,1,
macro_C63405,34790,0,0,0,5412,7854,42505848,0,-1,83,14,1,
macro_C71293,21280,6144,1,90,11232,7728,86800896,0,27,56,54,1,
macro_C71294,17532,15528,0,90,7854,5412,42505848,0,35,-1,119,0,
macro_C86866,28421,0,0,180,6369,5709,36360621,0,11,-1,65,1,
macro_C86867,19023,0,0,270,7524,5676,42706224,0,65,-1,105,1,
macro_C86868,20266,0,1,0,12288,6144,75497472,0,17,-1,102,1,
macro_C86869,32554,0,1,0,7776,11232,87340032,0,-1,-1,16,1,
macro_C86870,26547,5709,0,90,7854,5412,42505848,0,-1,101,65,0,
macro_C94576,14751,34998,0,180,6369,5709,36360621,0,-1,-1,42,0,
macro_C94577,16159,32267,1,90,10752,8112,87220224,0,3,-1,21,1,
macro_C94578,3871,33360,1,0,12288,6144,75497472,0,20,-1,4,0,
macro_C94579,3567,30526,0,90,7854,5445,42765030,0,90,-1,117,0,
macro_C94580,3531,35971,0,270,7854,5412,42505848,0,115,-1,45,1,
macro_C102137,26459,22464,1,180,9072,8160,74027520,0,-1,-1,51,1,
macro_C102138,32532,21503,0,90,7524,5676,42706224,0,-1,-1,10,0,
macro_C102139,20921,20940,0,270,4290,8613,36949770,0,2,-1,64,1,
macro_C102140,32512,11232,1,180,7776,11232,87340032,0,-1,-1,12,1,
macro_C102141,30887,27179,0,0,5412,7854,42505848,0,-1,-1,2,1,
macro_C109812,3871,16464,1,180,9072,8160,74027520,0,76,100,82,0,
macro_C109813,10734,5412,0,180,5676,7524,42706224,0,-1,81,113,1,
macro_C109814,3871,7728,1,0,12288,6144,75497472,0,38,82,103,0,
macro_C109815,1782,0,0,90,7854,5445,42765030,0,-1,74,92,1,
macro_C109816,6400,0,1,90,11232,7728,86800896,0,102,-1,103,1,
core_C1,6072,7194,0,180,1502,4455,6691410,0,110,47,69,0,
core_C3,25386,18183,0,0,1848,3564,6586272,0,120,112,13,1,
core_C4,30199,14639,0,180,4495,1452,6526740,0,-1,-1,57,0,
core_C5,10876,26466,0,180,1933,3762,7271946,0,-1,-1,44,1,
core_C6,16159,29675,1,0,5237,2592,13574304,0,78,-1,31,1,
core_C7,3567,26887,0,0,3677,1782,6552414,0,61,117,80,1,
core_C11,26683,13872,1,180,5358,2592,13887936,0,-1,-1,56,1,
core_C13,6137,24379,0,180,2555,2508,6407940,0,-1,-1,94,1,
core_C14,14751,32358,0,270,2508,2532,6350256,0,6,19,115,1,
core_C15,5341,17845,0,0,3119,1551,4837569,0,-1,99,66,0,
core_C16,9059,26466,0,0,1817,3564,6475788,0,37,-1,61,1,
core_C18,1782,26525,0,90,1749,3616,6324384,0,23,-1,123,0,
core_C19,13203,24651,0,90,1650,3389,5591850,0,1,48,90,1,
core_C22,6072,11649,0,90,1419,4407,6253533,0,-1,-1,34,0,
core_C23,13203,28794,0,0,3614,1782,6440148,0,-1,63,46,0,
core_C24,3592,21145,0,0,3581,1782,6381342,0,-1,93,122,0,
core_C26,34790,11484,0,90,1452,4378,6356856,0,85,-1,83,0,
core_C28,23910,21696,1,180,2549,4992,12724608,0,24,-1,98,1,
core_C30,30135,11121,0,0,3494,1716,5995704,0,-1,-1,101,1,
core_C31,30816,19746,0,90,1716,3553,6096948,0,10,-1,120,1,
core_C32,17632,20956,1,90,3648,3682,13431936,0,12,55,62,0,
core_C33,17632,24638,1,90,2496,5037,12572352,0,-1,-1,54,0,
core_C34,21280,13872,1,0,5403,2688,14523264,0,40,104,12,0,
core_C35,30199,12837,0,270,3498,1802,6303396,0,-1,36,77,1,
core_C36,1868,0,1,0,2003,5760,11537280,0,103,-1,59,1,
core_C37,0,0,1,0,1868,3648,6814464,0,58,-1,-1,0,
core_C38,17632,10272,1,90,2640,5437,14353680,0,-1,62,89,0,
core_C41,7244,26887,0,270,1815,3639,6604785,0,44,-1,39,1,
core_C42,17632,15709,1,270,2592,5247,13600224,0,-1,54,60,0,
core_C43,13203,30576,0,180,3631,1782,6470442,0,-1,-1,48,0,
core_C45,16449,20940,0,0,4472,1485,6640920,0,26,-1,87,1,
core_C47,26547,0,0,180,1874,3696,6926304,0,14,18,15,1,
core_C48,5341,16056,0,270,3564,1789,6375996,0,113,43,122,1,
core_C49,10734,14718,0,0,1801,3498,6299898,0,97,-1,81,0,
core_C50,26368,19104,1,90,3744,1879,7034976,0,-1,-1,70,1,
core_C51,6072,5445,0,0,3606,1749,6306894,0,8,34,5,1,
core_C54,21280,19104,1,90,5088,2592,13188096,0,68,98,104,0,
core_C55,26492,16560,1,180,4518,2256,10192608,0,-1,-1,104,1,
core_C56,21116,13530,0,180,3587,1782,6392034,0,-1,-1,9,0,
core_C57,8398,24624,1,180,5247,2592,13600224,0,75,-1,100,1,
core_C58,1782,5445,0,0,3653,1782,6509646,0,-1,5,32,0,
core_C59,13645,20340,1,270,2016,6252,12604032,0,-1,-1,73,1,
core_C60,12943,13872,1,90,2112,6468,13660416,0,-1,-1,29,1,
core_C61,26547,12903,0,0,3652,1782,6507864,0,57,-1,101,0,
core_C62,21396,26880,1,180,2614,5088,13300032,0,84,-1,38,1,
core_C64,28335,14685,0,90,1551,3218,4991118,0,111,-1,107,1,
core_C65,1782,19338,0,180,1785,3564,6361740,0,39,123,118,0,
core_C66,10734,12936,0,180,3660,1782,6522120,0,-1,67,30,0,
core_C67,3871,13872,1,0,5293,2592,13719456,0,-1,29,31,0,
core_C68,34790,7854,0,0,1852,3630,6722760,0,114,50,11,0,
core_C72,24010,26688,1,90,2448,4909,12017232,0,-1,-1,78,1,
core_C74,36242,11484,0,180,1812,3498,6338376,0,-1,-1,50,1,
core_C75,27234,21495,0,0,3237,1584,5127408,0,-1,-1,120,0,
core_C77,14667,18282,0,90,1782,3601,6416982,0,64,-1,0,1,
core_C78,17532,10118,0,0,1792,3498,6268416,0,121,119,106,0,
core_C79,17632,5184,1,180,2565,5088,13050720,0,-1,60,102,0,
core_C80,11421,30228,0,270,1782,3691,6577362,0,46,-1,22,1,
core_C81,14240,14718,0,180,1805,3564,6433020,0,-1,-1,97,1,
core_C82,0,4569,0,90,1782,3637,6481134,0,32,-1,95,0,
core_C83,3592,22927,0,0,4440,1452,6446880,0,-1,94,49,0,
core_C84,3592,24379,0,0,2545,2508,6382860,0,41,-1,93,0,
core_C85,0,0,0,90,1485,4569,6784965,0,-1,92,-1,0,
core_C86,8958,24651,0,90,3630,1815,6588450,0,-1,-1,0,0,
core_C87,12535,14718,0,180,1705,3300,5626500,0,91,-1,67,1,
core_C88,21280,21696,1,0,2630,5184,13633920,0,51,-1,70,0,
core_C89,5341,19396,0,180,3617,1749,6326133,0,0,-1,43,0,
core_C90,3871,24624,1,0,4527,2208,9995616,0,73,4,29,0,
core_C91,26547,11121,0,180,3588,1782,6393816,0,52,77,18,0,
core_C92,17632,0,1,180,2634,5184,13654656,0,16,89,33,1,
core_C93,3871,0,1,0,2529,4992,12624768,0,33,31,58,1,
core_C94,21280,16560,1,0,5212,2544,13259328,0,71,70,56,0,
core_C96,17532,0,0,180,1491,4455,6642405,0,15,106,8,1,
core_C98,17532,5676,0,90,1782,3576,6372432,0,108,88,105,0,
core_C101,26528,14685,0,180,1807,3498,6320886,0,79,-1,9,1,
core_C102,19314,5676,0,90,1419,4442,6303198,0,-1,-1,106,1,
core_C104,27180,23299,0,180,4421,1452,6419292,0,-1,-1,112,1,
core_C107,7574,7194,0,180,1987,3960,7868520,0,-1,-1,34,1,
core_C108,29886,16091,0,270,1815,3655,6633825,0,-1,-1,79,1,
core_C109,25386,21747,0,180,1794,3564,6393816,0,109,-1,35,0,
core_C110,8905,11154,0,180,1829,3564,6518556,0,30,116,66,1,
core_C111,36642,7854,0,90,1749,3603,6301647,0,-1,-1,83,1,
core_C112,11385,35971,0,90,3366,1734,5836644,0,42,-1,23,1,
core_C113,8905,14718,0,90,1749,3536,6184464,0,-1,-1,113,0,
core_C114,3567,28669,0,180,3579,1782,6377778,0,-1,22,39,0,
core_C116,1782,15840,0,0,1810,3498,6331380,0,122,80,5,0,
core_C117,17532,13746,0,180,3584,1782,6386688,0,9,13,88,0,
core_C118,27234,19746,0,180,3582,1749,6264918,0,53,86,35,1,
core_C119,19324,10118,0,90,1782,3628,6465096,0,-1,-1,88,1,
core_C120,3592,15840,0,90,1749,3594,6285906,0,66,49,118,1,
core_C121,1782,22902,0,90,1782,3623,6456186,0,-1,45,80,0,
Wirelength: 8.33086e+07
layer(tree) info:
layer: 0 ,width: 40386 ,height: 41383 ,area: 1671293838 ,blocks_area: 1314906780, filling_rate: 0.78676, utilizatio_rate: 0.786453
layer: 1 ,width: 40330 ,height: 41376 ,area: 1668694080 ,blocks_area: 1285323360, filling_rate: 0.770257, utilizatio_rate: 0.768759
random seed: 9
alpha: 0
gamma: 1
best wirelength: 8.33086e+07
initial_num_perturbs: 15376
iter: 0
best_iter: 0
best_cost: 0.16724
reject_time: 0
accept_inferior_time: 0
update_best_time: 0
adjustLegalOutline_fail_times: 0
outline_adjust_time: 2.859
initial_wirelength: 1.15016e+09
initial_average_wirelength: 3.56081e+09
1.03744e+09,initial_iter: 15376
initial_time: 14.188
total time cost: 206.211
