name,x,y,layer,rotated_angle,width,height,area,exceed_outline_area,left,right,parent,is_from_left,
macro_C2791,0,8580,1,0,11319,8580,97117020,0,2,-1,1,0,
macro_C2792,0,0,1,0,11319,8580,97117020,0,-1,0,-1,0,
macro_C2793,11319,0,1,180,11616,8448,98131968,0,-1,3,0,1,
macro_C2794,11319,8448,1,180,11616,8448,98131968,0,-1,-1,2,0,
macro_C2795,14280,0,0,270,8679,11352,98524008,0,-1,-1,7,1,
macro_C2796,5066,6958,0,270,8679,11352,98524008,0,-1,-1,13,0,
core_C0,5066,2277,0,90,4422,2275,10060050,0,-1,13,12,0,
core_C1,11917,2338,0,0,2363,4620,10917060,0,4,-1,8,1,
core_C4,9640,2338,0,90,2277,4594,10460538,0,7,-1,9,0,
core_C7,9640,0,0,90,4620,2338,10801560,0,-1,8,12,1,
core_C9,0,0,0,180,3284,3267,10728828,0,11,-1,-1,0,
core_C11,3284,0,0,270,1782,5500,9801000,0,12,-1,10,1,
core_C12,5066,0,0,180,4574,2277,10414998,0,9,6,11,1,
core_C13,5066,4552,0,180,4559,2244,10230396,0,-1,5,6,0,
Wirelength: 5.7778e+06
layer(tree) info:
layer: 0 ,width: 22959 ,height: 18310 ,area: 420379290 ,blocks_area: 280462446, filling_rate: 0.667165, utilizatio_rate: 0.64179
layer: 1 ,width: 22935 ,height: 17160 ,area: 393564600 ,blocks_area: 390497976, filling_rate: 0.992208, utilizatio_rate: 0.893588
random seed: 13
alpha: 0
gamma: 1
best wirelength: 5.7778e+06
initial_num_perturbs: 196
iter: 0
best_iter: 0
best_cost: 0.113803
reject_time: 0
accept_inferior_time: 0
update_best_time: 0
adjustLegalOutline_fail_times: 0
outline_adjust_time: 0.007
initial_wirelength: 4.64725e+07
initial_average_wirelength: 6.67143e+07
1.15406e+07,initial_iter: 196
initial_time: 0.125
total time cost: 0.561
