name,x,y,layer,rotated_angle,width,height,area,exceed_outline_area,left,right,parent,is_from_left,
macro_C2790,33,526,1,90,33,142,4686,0,-1,-1,4,0,
macro_C2791,0,109,1,270,33,308,10164,0,-1,3,5,0,
macro_C2792,33,0,1,270,33,384,12672,0,-1,4,3,1,
macro_C2793,0,417,1,270,33,90,2970,0,2,-1,1,0,
macro_C2794,33,384,1,270,33,142,4686,0,-1,0,2,0,
macro_C2795,0,0,1,270,33,109,3597,0,-1,1,-1,0,
core_C0,0,4125,0,180,5542,1815,10058730,0,-1,9,13,0,
core_C1,4644,0,0,0,4726,2310,10917060,0,-1,-1,10,1,
core_C4,5637,2310,0,0,3234,3234,10458756,0,-1,-1,13,1,
core_C7,0,5940,0,180,4676,2310,10801560,0,11,-1,6,0,
core_C9,0,0,0,0,4644,2310,10727640,0,7,13,-1,0,
core_C11,4676,5940,0,0,4433,2211,9801363,0,12,-1,9,1,
core_C12,9109,2310,0,180,3254,3201,10416054,0,-1,-1,11,1,
core_C13,0,2310,0,0,5637,1815,10231155,0,8,6,10,0,
Wirelength: 1.54492e+20
layer(tree) info:
layer: 0 ,width: 12363 ,height: 8250 ,area: 101994750 ,blocks_area: 83412318, filling_rate: 0.81781, utilizatio_rate: 0.190875
layer: 1 ,width: 66 ,height: 668 ,area: 44088 ,blocks_area: 38775, filling_rate: 0.879491, utilizatio_rate: 8.873e-05
random seed: 4
alpha: 0
gamma: 1
best wirelength: 1.54492e+20
initial_num_perturbs: 420
iter: 0
best_iter: 0
best_cost: 0.430453
reject_time: 0
accept_inferior_time: 0
update_best_time: 0
adjustLegalOutline_fail_times: 0
outline_adjust_time: 0
initial_wirelength: 9.29517e+20
initial_average_wirelength: 8.93696e+20
5.80582e+20,initial_iter: 420
initial_time: 0.04
total time cost: 0.72
