name,x,y,layer,rotated_angle,width,height,area,exceed_outline_area,left,right,parent,is_from_left,
macro_C124171,21870,35263,0,180,6369,5709,36360621,0,33,-1,6,0,
macro_C124172,33651,35409,0,180,6369,5709,36360621,0,-1,-1,33,1,
macro_C124173,34161,27885,0,0,5676,7524,42706224,0,-1,-1,95,1,
macro_C124174,15616,28811,0,180,5676,7524,42706224,0,-1,-1,115,0,
macro_C124175,24672,0,1,90,6144,12288,75497472,0,-1,65,84,1,
macro_C124176,29592,7854,0,0,8613,4290,36949770,0,-1,18,32,0,
macro_C124177,21870,27409,0,0,5445,7854,42765030,0,-1,0,78,0,
macro_C124178,18454,16269,0,180,5445,7854,42765030,0,-1,-1,113,1,
macro_C124179,23470,0,0,0,5412,7854,42505848,0,-1,-1,23,1,
macro_C124180,14666,0,0,90,7854,5412,42505848,0,-1,-1,20,1,
macro_C124181,0,0,0,270,7854,5412,42505848,0,-1,42,-1,0,
macro_C124182,0,29205,0,90,7854,5412,42505848,0,50,79,57,0,
macro_C124183,10204,32604,0,0,5412,7854,42505848,0,-1,-1,13,0,
macro_C124184,10204,24750,0,0,5412,7854,42505848,0,23,12,24,1,
macro_C124185,7854,9768,0,90,5709,6369,36360621,0,-1,-1,28,1,
macro_C124186,23916,15378,0,180,5676,7524,42706224,0,32,34,30,0,
macro_C124187,9312,13344,1,90,6144,12288,75497472,0,-1,111,81,0,
macro_C124188,15616,10824,0,90,7854,5445,42765030,0,-1,37,23,0,
macro_C124189,29592,12144,0,90,7854,5412,42505848,0,-1,66,5,0,
macro_C124190,0,0,1,0,9072,8160,74027520,0,-1,106,-1,0,
macro_C124191,8990,0,0,180,5676,7524,42706224,0,9,-1,61,1,
macro_C124192,0,22077,0,0,8613,4290,36949770,0,26,120,112,0,
macro_C124193,9312,0,1,0,7776,11232,87340032,0,108,81,71,1,
macro_C124194,15616,5412,0,90,7854,5412,42505848,0,8,17,13,1,
macro_C124195,4495,34617,0,270,5709,6369,36360621,0,13,-1,36,1,
macro_C124196,0,10224,1,0,8112,10752,87220224,0,-1,53,106,0,
macro_C124197,8613,16137,0,90,4290,8613,36949770,0,-1,-1,21,1,
macro_C124198,0,9768,0,90,7854,5445,42765030,0,-1,28,114,0,
macro_C124199,0,15213,0,90,7854,5412,42505848,0,14,112,27,0,
macro_C124200,33984,17556,0,0,6369,5709,36360621,0,-1,-1,66,1,
macro_C124201,23916,7854,0,0,5676,7524,42706224,0,-1,15,78,1,
macro_C124202,29592,23595,0,0,8613,4290,36949770,0,-1,95,74,0,
macro_C124203,29592,0,0,180,5445,7854,42765030,0,-1,5,15,1,
macro_C124204,28239,29370,0,0,5412,7854,42505848,0,1,-1,0,1,
core_C1,23916,22902,0,90,1485,4507,6692895,0,-1,-1,15,0,
core_C3,0,22992,1,180,6491,2112,13708992,0,121,109,53,0,
core_C4,0,37356,0,0,4495,1452,6526740,0,24,-1,85,0,
core_C5,15616,16269,0,180,2721,2673,7273233,0,-1,97,17,0,
core_C6,17088,13185,1,0,5237,2592,13574304,0,82,77,83,0,
core_C7,17088,33894,1,0,6458,2112,13639296,0,93,-1,91,0,
core_C11,0,32871,1,90,2592,5358,13887936,0,60,-1,68,0,
core_C13,28320,24422,1,90,2064,6460,13333440,0,87,-1,69,0,
core_C14,0,5412,0,180,4374,1452,6351048,0,-1,90,10,0,
core_C15,34062,20093,1,180,5520,1824,10068480,0,-1,98,54,0,
core_C16,34062,33434,1,180,3697,3648,13486656,0,117,-1,49,0,
core_C18,37759,34732,1,90,2064,6378,13164192,0,-1,-1,117,0,
core_C19,34062,25655,1,90,2784,4179,11634336,0,-1,49,98,0,
core_C22,34062,15533,1,180,5770,2256,13017120,0,-1,54,100,0,
core_C23,21216,31782,1,0,6346,2112,13402752,0,-1,-1,116,0,
core_C24,34062,29834,1,0,3689,3600,13280400,0,-1,44,46,0,
core_C26,7854,26367,0,270,1452,4378,6356856,0,-1,-1,11,1,
core_C28,17002,25775,0,0,4308,1419,6113052,0,-1,110,113,0,
core_C30,14484,25632,1,90,2016,6190,12479040,0,-1,-1,107,1,
core_C31,0,20976,1,0,6296,2016,12692736,0,-1,35,25,0,
core_C32,34062,17789,1,0,5830,2304,13432320,0,-1,43,47,0,
core_C33,29592,19008,0,180,4257,1419,6040683,0,-1,92,66,0,
core_C34,8695,36192,1,0,6051,2400,14522400,0,-1,-1,70,0,
core_C35,0,27786,0,180,4442,1419,6303198,0,-1,11,120,0,
core_C36,28320,12288,1,0,5464,2112,11539968,0,-1,76,59,1,
core_C37,26832,12288,1,90,1488,4581,6816528,0,58,-1,65,1,
core_C38,2592,33789,1,0,6103,2352,14354256,0,70,-1,40,1,
core_C41,4441,8316,0,180,4549,1452,6605148,0,20,-1,114,1,
core_C42,34062,6325,1,270,3648,3728,13599744,0,-1,100,89,0,
core_C43,17088,23601,1,90,2112,6378,13470336,0,75,91,101,0,
core_C45,21216,23430,1,0,6543,2112,13818816,0,-1,102,84,0,
core_C47,24672,12288,1,90,2160,6675,14418000,0,59,73,4,0,
core_C48,29592,17556,0,180,4392,1452,6377184,0,29,55,18,0,
core_C49,17088,17889,1,0,6353,2064,13112592,0,-1,101,77,0,
core_C50,0,27168,1,90,1488,4728,7035264,0,86,40,109,0,
core_C51,28320,21878,1,180,5161,2544,13129584,0,-1,41,103,0,
core_C54,8695,34128,1,180,6389,2064,13186896,0,-1,56,60,1,
core_C55,7488,27349,1,90,1824,5589,10194336,0,22,-1,119,1,
core_C56,19152,0,1,90,2064,6446,13304544,0,-1,-1,108,1,
core_C57,24672,18963,1,90,3648,3728,13599744,0,122,-1,65,0,
core_C58,29592,22011,0,180,4110,1584,6510240,0,-1,31,92,0,
core_C59,19200,23601,1,90,2016,6252,12604032,0,84,-1,63,1,
core_C60,28320,14400,1,270,2592,5270,13659840,0,-1,103,58,0,
core_C61,17088,15777,1,0,6415,2112,13548480,0,-1,67,38,0,
core_C62,21870,24123,0,270,2046,3124,6391704,0,30,6,110,1,
core_C64,0,34617,0,180,3879,1287,4992273,0,-1,85,11,0,
core_C65,30384,33359,1,0,3678,3600,13240800,0,89,-1,96,0,
core_C66,9312,11232,1,180,6429,2112,13578048,0,-1,16,22,0,
core_C67,22325,8558,1,90,2112,6496,13719552,0,-1,-1,38,1,
core_C68,17088,8558,1,90,3024,4627,13992048,0,-1,38,105,0,
core_C72,21216,19953,1,270,3456,3477,12016512,0,4,64,75,1,
core_C74,0,35904,0,0,4366,1452,6339432,0,-1,36,79,0,
core_C75,1488,27168,1,90,1872,5703,10676016,0,88,-1,68,1,
core_C77,30384,24422,1,180,3659,3648,13348032,0,-1,96,41,1,
core_C78,3360,27168,1,90,2064,6321,13046544,0,119,-1,86,1,
core_C79,34062,0,1,90,2064,6325,13054800,0,-1,62,80,1,
core_C80,0,6864,0,0,4530,1452,6577560,0,-1,114,42,0,
core_C81,17088,29979,1,180,3671,3648,13391808,0,-1,39,63,0,
core_C82,29592,20427,0,0,4092,1584,6481728,0,-1,74,55,0,
core_C83,23546,33894,1,270,2544,5273,13414512,0,94,-1,39,1,
core_C84,26090,33894,1,90,2064,6438,13288032,0,-1,-1,93,1,
core_C85,29592,27885,0,0,4569,1485,6784965,0,2,-1,31,0,
core_C86,30384,28070,1,90,2592,5289,13709088,0,-1,80,87,0,
core_C87,15616,18942,0,0,2402,2343,5627886,0,-1,115,37,0,
core_C88,34062,21917,1,90,3648,3738,13636224,0,118,46,43,0,
core_C89,21216,27654,1,0,6379,2064,13166256,0,-1,116,102,0,
core_C90,34062,10053,1,90,1824,5480,9995520,0,-1,47,62,0,
core_C91,17088,19953,1,0,3648,3648,13307904,0,-1,63,67,0,
core_C92,21216,25542,1,180,6467,2112,13658304,0,-1,99,64,0,
core_C93,28320,19670,1,180,5719,2208,12627552,0,-1,69,76,0,
core_C94,9312,28656,1,180,4528,2928,13257984,0,-1,107,111,0,
core_C96,17088,6446,1,0,6546,2112,13825152,0,-1,83,108,0,
core_C98,0,8160,1,180,6426,2064,13263264,0,-1,25,19,0,
core_C101,9312,31584,1,0,5172,2544,13157568,0,52,-1,104,0,
core_C102,17088,0,1,270,2064,6357,13120848,0,72,105,22,1,
core_C104,0,25104,1,0,6474,2064,13362336,0,-1,68,35,0,
core_C107,17002,27194,0,0,4868,1617,7871556,0,78,-1,51,0,
core_C108,9312,25632,1,180,4566,3024,13807584,0,-1,104,16,0,
core_C109,0,20625,0,180,4405,1452,6396060,0,-1,21,28,0,
core_C110,17002,21285,0,270,1452,4490,6519480,0,7,51,115,1,
core_C111,0,8316,0,0,4441,1419,6301779,0,61,27,90,0,
core_C112,15616,21285,0,90,1386,4213,5839218,0,113,3,97,0,
core_C113,21216,29718,1,180,6237,2064,12873168,0,-1,48,99,0,
core_C114,37759,28301,1,90,2064,6431,13273584,0,-1,45,44,1,
core_C116,37710,21917,1,90,2064,6384,13176576,0,-1,-1,98,1,
core_C117,5424,27349,1,270,2064,6440,13292160,0,71,-1,88,1,
core_C118,0,26367,0,180,4416,1419,6266304,0,-1,57,21,0,
core_C119,6491,20976,1,90,2112,6373,13459776,0,-1,-1,35,1,
core_C120,28320,30882,1,90,2064,6339,13083696,0,-1,123,73,1,
core_C121,28320,37221,1,0,6362,2112,13436544,0,-1,-1,122,0,
Wirelength: 1.26178e+08
layer(tree) info:
layer: 0 ,width: 40353 ,height: 41118 ,area: 1659234654 ,blocks_area: 1335557157, filling_rate: 0.804924, utilizatio_rate: 0.798804
layer: 1 ,width: 39892 ,height: 41110 ,area: 1639960120 ,blocks_area: 1253557872, filling_rate: 0.764383, utilizatio_rate: 0.74976
random seed: 9
alpha: 0
gamma: 1
best wirelength: 1.26178e+08
initial_num_perturbs: 3720
iter: 0
best_iter: 0
best_cost: 0.24749
reject_time: 0
accept_inferior_time: 0
update_best_time: 784
adjustLegalOutline_fail_times: 0
outline_adjust_time: 0.983
initial_wirelength: 7.14237e+08
initial_average_wirelength: 2.88592e+09
7.14237e+08,initial_iter: 3720
initial_time: 2.929
total time cost: 100.002
