name,x,y,layer,rotated_angle,width,height,area,exceed_outline_area,left,right,parent,is_from_left,
macro_C2791,13563,5016,0,90,8580,11319,97117020,0,-1,-1,4,1,
macro_C2792,2211,0,0,0,11319,8580,97117020,0,13,4,6,1,
macro_C2793,2338,10329,1,180,11616,8448,98131968,0,7,-1,3,0,
macro_C2794,2338,1881,1,0,11616,8448,98131968,0,-1,2,10,0,
macro_C2795,2211,8580,0,0,11352,8679,98524008,0,0,-1,1,0,
macro_C2796,13954,5500,1,90,8679,11352,98524008,0,-1,-1,12,0,
core_C0,0,0,0,270,2211,4550,10060050,0,1,-1,-1,0,
core_C1,13954,0,1,90,4620,2363,10917060,0,11,12,2,1,
core_C4,13530,3168,0,0,5660,1848,10459680,0,-1,-1,13,0,
core_C7,0,0,1,180,2338,4620,10801560,0,10,-1,-1,0,
core_C9,2338,0,1,0,5704,1881,10729224,0,-1,3,9,1,
core_C11,18574,0,1,90,1782,5500,9801000,0,-1,-1,7,1,
core_C12,13954,2363,1,0,4574,2277,10414998,0,-1,5,7,0,
core_C13,13530,0,0,0,3229,3168,10229472,0,-1,8,1,1,
Wirelength: 3.67026e+07
layer(tree) info:
layer: 0 ,width: 22143 ,height: 17259 ,area: 382166037 ,blocks_area: 323507250, filling_rate: 0.84651, utilizatio_rate: 0.740291
layer: 1 ,width: 22633 ,height: 18777 ,area: 424979841 ,blocks_area: 347451786, filling_rate: 0.817572, utilizatio_rate: 0.795084
random seed: 4
alpha: 0
gamma: 1
best wirelength: 3.67026e+07
initial_num_perturbs: 196
iter: 0
best_iter: 0
best_cost: 0.682207
reject_time: 0
accept_inferior_time: 0
update_best_time: 0
adjustLegalOutline_fail_times: 0
outline_adjust_time: 0.605
initial_wirelength: 4.98657e+07
initial_average_wirelength: 7.36883e+07
5.02707e+07,initial_iter: 196
initial_time: 0.631
total time cost: 1.191
