name,x,y,layer,rotated_angle,width,height,area,exceed_outline_area,left,right,parent,is_from_left,
macro_C415824,552,58151,1,0,8625,37030,319383750,0,-1,-1,509,0,
macro_C393731,25576,46048,0,0,5520,23736,131022720,0,390,333,26,1,
macro_C396425,16008,97131,0,0,5520,23736,131022720,0,51,441,105,0,
macro_C399323,4048,60595,0,0,5520,23736,131022720,0,-1,236,313,1,
macro_C401933,47748,0,0,0,5520,23736,131022720,0,-1,581,160,1,
macro_C404827,34362,47515,1,0,8625,37030,319383750,0,485,144,464,1,
macro_C407516,59018,9430,1,0,8625,37030,319383750,0,642,-1,378,0,
macro_C410398,46023,15557,1,0,8625,37030,319383750,0,455,544,623,1,
macro_C413082,37812,0,0,0,5520,23736,131022720,0,585,511,359,1,
macro_C40987,5980,96544,0,0,5520,23736,131022720,0,436,-1,538,0,
macro_C418718,0,0,0,0,5520,23736,131022720,0,229,650,-1,0,
macro_C421703,34247,7955,1,0,8625,37030,319383750,0,-1,57,15,1,
macro_C424481,25622,4830,1,0,8625,37030,319383750,0,210,15,227,0,
macro_C427156,47748,102269,0,0,5520,23736,131022720,0,44,-1,22,0,
macro_C429952,60904,0,0,0,5520,23736,131022720,0,82,-1,30,1,
macro_C432667,25622,41860,1,0,8625,37030,319383750,0,11,96,12,0,
macro_C38059,14076,39905,1,0,8625,37030,319383750,0,-1,81,424,0,
macro_C78506,59064,103698,0,0,5520,23736,131022720,0,29,-1,73,1,
macro_C390724,2024,30787,0,0,5520,23736,131022720,0,199,314,203,0,
macro_C43597,49404,40217,0,0,5520,23736,131022720,0,204,128,505,0,
macro_C46411,30084,76308,0,0,5520,23736,131022720,0,253,-1,158,0,
macro_C48981,5267,5611,1,0,8625,37030,319383750,0,-1,207,362,1,
macro_C51791,47748,78533,0,0,5520,23736,131022720,0,121,13,397,0,
macro_C54384,41768,43718,0,0,5520,23736,131022720,0,-1,35,110,1,
macro_C57054,11960,4968,0,0,5520,23736,131022720,0,641,321,293,1,
macro_C62277,14076,0,1,0,8625,37030,319383750,0,-1,424,539,1,
macro_C65066,20056,66691,0,0,5520,23736,131022720,0,1,113,517,1,
macro_C67838,13984,39459,0,0,5520,23736,131022720,0,169,324,489,0,
macro_C70493,22080,99070,0,0,5520,23736,131022720,0,205,-1,275,0,
macro_C73067,64584,91458,0,0,5520,23736,131022720,0,580,636,17,1,
macro_C75793,55384,0,0,0,5520,23736,131022720,0,14,266,353,1,
macro_C59667,9269,87038,1,0,8625,37030,319383750,0,503,-1,554,0,
core_C930,32708,123514,0,180,3667,3588,13157196,0,197,-1,409,1,
core_C1124,64422,49351,1,0,5778,3680,21263040,0,-1,85,141,0,
core_C1270,35604,32715,0,90,2116,6417,13578372,0,-1,-1,429,1,
core_C1382,41768,67454,0,0,5835,2208,12883680,0,-1,164,23,0,
core_C1112,22080,90427,0,90,1932,6165,11910780,0,311,275,113,1,
core_C126,13984,81120,0,90,2024,6087,12320088,0,173,-1,294,0,
core_C1684,45344,107092,0,90,2024,6440,13034560,0,-1,481,524,1,
core_C1556,70104,90590,0,180,5247,2484,13033548,0,-1,130,346,0,
core_C599,62715,32469,0,90,2852,4392,12525984,0,246,574,487,1,
core_C919,37812,35606,0,90,2576,5168,13312768,0,591,415,147,0,
core_C1502,72036,0,0,90,2024,6480,13115520,0,-1,536,310,1,
core_C356,42300,40487,0,180,5078,2484,12613752,0,-1,-1,415,1,
core_C1322,53268,118851,0,180,3634,3588,13038792,0,115,330,13,1,
core_C1329,7912,84331,0,90,2024,6501,13158024,0,63,289,157,1,
core_C1044,53153,78210,1,0,4616,4600,21233600,0,-1,578,154,0,
core_C318,21573,56289,0,0,3441,3404,11713164,0,-1,434,477,0,
core_C1681,70104,114652,0,90,2852,4534,12930968,0,263,127,483,0,
core_C1652,35581,105410,1,180,4429,4255,18845395,0,-1,597,316,1,
core_C667,71944,110972,0,180,3820,3680,14057600,0,-1,-1,560,0,
core_C285,21528,122806,0,0,5805,2300,13351500,0,-1,-1,2,1,
core_C15,45344,119718,0,90,2024,6346,12844304,0,-1,-1,481,0,
core_C925,70566,7728,1,90,2530,8033,20323490,0,-1,-1,629,0,
core_C1409,58839,81747,0,180,5168,2484,12837312,0,-1,244,431,1,
core_C562,35880,49910,0,90,2392,5147,12311624,0,-1,220,359,0,
core_C168,21573,45497,0,270,3496,3529,12337384,0,-1,410,240,0,
core_C458,34247,44985,1,0,8227,2530,20814310,0,-1,-1,11,0,
core_C1109,9269,56739,1,180,4646,4600,21371600,0,-1,619,71,0,
core_C943,9361,73393,1,180,4522,4485,20281170,0,-1,-1,589,0,
core_C1583,64584,120254,0,270,2484,5282,13120488,0,252,171,62,0,
core_C100,7452,47999,1,90,1725,5758,9932550,0,621,-1,295,1,
core_C1141,64584,117678,0,180,5259,2576,13547184,0,-1,60,636,0,
core_C879,9936,2024,0,0,4486,2944,13206784,0,573,293,45,1,
core_C355,30751,101615,1,90,2300,7427,17082100,0,301,-1,608,1,
core_C387,35604,87438,0,180,4411,2852,12580172,0,-1,-1,253,0,
core_C647,67482,95085,1,90,2530,8035,20328550,0,382,-1,264,0,
core_C439,43654,15275,1,90,1840,5637,10372080,0,-1,306,107,0,
core_C721,72128,70770,0,90,2944,4463,13139072,0,-1,-1,70,1,
core_C239,53268,112871,0,0,5313,2484,13197492,0,-1,282,121,0,
core_C1333,69828,70770,0,90,2300,5769,13268700,0,68,-1,351,1,
core_C266,9269,52369,1,180,4429,4370,19354730,0,-1,58,496,0,
core_C951,46023,69032,1,90,4485,4688,21025680,0,-1,167,479,0,
core_C406,57132,106589,0,90,1932,6005,11601660,0,17,-1,472,1,
core_C259,67591,15442,0,0,5285,2484,13127940,0,-1,-1,216,0,
core_C522,58696,54704,0,90,2024,6502,13160048,0,-1,-1,133,1,
core_C1618,62178,72778,1,180,5618,3680,20674240,0,116,-1,108,0,
core_C875,11500,100400,0,0,4340,2852,12377680,0,-1,386,436,0,
core_C841,30567,93105,1,0,6518,3220,20987960,0,-1,161,467,0,
core_C1299,49404,27777,0,90,2024,6170,12488080,0,423,505,303,0,
core_C44,184,109764,1,180,8003,2530,20247590,0,-1,219,576,0,
core_C1017,14076,76935,1,0,7843,2530,19842790,0,-1,101,16,0,
core_C1331,66424,0,0,90,2024,6288,12726912,0,-1,-1,14,1,
core_C98,68239,43775,1,270,3680,5576,20519680,0,-1,-1,141,1,
core_C330,28060,102068,0,180,5778,2300,13289400,0,520,-1,363,0,
core_C358,64422,53031,1,180,6215,3105,19297575,0,540,-1,33,0,
core_C210,368,95181,1,0,5680,3680,20902400,0,124,-1,611,0,
core_C996,64952,48756,0,90,1932,5805,11215260,0,425,-1,356,1,
core_C780,37812,27324,0,180,5852,2208,12921216,0,-1,367,511,0,
core_C1441,11868,67344,0,90,2024,6249,12647976,0,-1,-1,543,1,
core_C576,21573,41173,0,180,6255,2024,12660120,0,-1,240,369,0,
core_C1456,9936,62446,0,90,2392,4898,11716016,0,-1,543,344,0,
core_C309,61578,99222,0,90,2944,4476,13177344,0,-1,-1,339,1,
core_C57,31257,111544,0,0,5969,2208,13179552,0,553,291,318,0,
core_C1493,43023,104424,0,180,4040,2668,10778720,0,-1,-1,438,0,
core_C1295,48265,95790,1,180,4686,4485,21016710,0,-1,-1,628,1,
core_C1113,25622,78890,1,0,7954,2645,21038330,0,-1,267,15,0,
core_C1022,53429,95460,1,0,7073,2760,19521480,0,-1,598,174,0,
core_C34,33120,46048,0,90,2024,6166,12479984,0,-1,-1,390,1,
core_C1287,51279,0,1,270,2760,7192,19849920,0,630,-1,485,1,
core_C729,17480,17378,0,90,1932,5882,11364024,0,-1,-1,641,0,
core_C1070,14076,79465,1,90,2415,7573,18288795,0,525,-1,81,0,
core_C820,61364,63560,0,180,4434,2944,13053696,0,-1,478,649,0,
core_C1151,51428,30445,0,90,2484,5307,13182588,0,224,-1,423,0,
core_C1685,9936,53461,0,90,3588,3694,13254072,0,-1,344,414,0,
core_C929,16008,92129,0,90,2392,5002,11964784,0,-1,2,567,0,
core_C1114,27400,17618,0,0,4541,2944,13368704,0,347,357,440,1,
core_C1484,43654,8510,1,90,2185,6765,14781525,0,195,67,622,1,
core_C1084,62178,65147,1,90,2530,7631,19306430,0,368,76,265,1,
core_C1197,68245,15761,1,90,3105,6225,19328625,0,-1,-1,624,1,
core_C1135,39836,43718,0,90,1932,6242,12059544,0,23,-1,531,1,
core_C934,61050,61467,1,0,5731,3680,21090080,0,484,-1,192,1,
core_C845,59340,61206,0,90,2024,6395,12943480,0,209,255,187,1,
core_C206,20056,90427,0,90,2024,6251,12652024,0,36,-1,26,0,
core_C33,55690,15138,1,90,2530,7847,19852910,0,-1,337,428,0,
core_C302,56902,115355,0,90,1840,5523,10162320,0,-1,-1,44,1,
core_C589,67796,69987,1,90,3105,6656,20666880,0,179,-1,76,1,
core_C158,52348,35752,0,180,3536,3496,12361856,0,-1,-1,505,1,
core_C414,32016,58065,0,90,1932,6251,12076932,0,566,548,158,1,
core_C1116,12207,117043,0,0,3576,3496,12501696,0,-1,645,138,1,
core_C1033,47462,126005,0,180,6191,2024,12530584,0,475,-1,273,1,
core_C1170,53268,106589,0,90,1840,5903,10861520,0,472,69,22,1,
core_C376,45839,11385,1,180,5522,3565,19685930,0,-1,601,195,0,
core_C1265,54245,103645,0,0,4441,2944,13074304,0,-1,-1,397,1,
core_C613,6048,95181,1,90,2645,6770,17906650,0,-1,-1,86,1,
core_C459,53084,64158,0,270,3588,3696,13261248,0,133,-1,128,1,
core_C238,62445,76458,1,90,2415,7917,19119555,0,242,156,607,1,
core_C506,70104,119186,0,90,2024,6623,13404952,0,460,-1,48,0,
core_C46,49404,63953,0,270,3680,3740,13763200,0,125,370,19,0,
core_C1232,43562,5060,1,180,5470,3450,18871500,0,-1,622,612,1,
core_C187,70104,93074,0,180,5446,2576,14028896,0,-1,579,39,0,
core_C450,368,10193,1,90,3105,6348,19710540,0,-1,262,213,0,
core_C494,18032,85861,0,90,2024,6268,12686432,0,-1,-1,643,0,
core_C915,56672,64158,0,90,2024,6283,12716792,0,75,-1,125,1,
core_C1043,55292,70441,0,90,2024,6447,13048728,0,187,230,223,1,
core_C449,48843,103582,1,90,2530,7877,19928810,0,445,298,355,1,
core_C10,48323,90181,1,90,3565,5609,19996085,0,-1,-1,457,0,
core_C178,65885,79066,0,90,2024,6504,13164096,0,364,-1,649,1,
core_C1045,7585,122304,0,0,4622,2944,13607168,0,119,-1,381,1,
core_C1298,38203,109665,1,90,2645,8053,21300185,0,277,-1,279,1,
core_C1488,72542,90715,1,90,2530,8243,20854790,0,-1,-1,382,1,
core_C1587,64422,46460,1,180,3817,2530,9657010,0,83,33,283,1,
core_C1285,21573,17526,0,90,2116,6499,13751884,0,440,328,175,0,
core_C1313,24149,34232,0,180,5036,2392,12046112,0,290,-1,644,1,
core_C1249,34362,84545,1,180,5819,3795,22083105,0,-1,-1,5,0,
core_C1067,60812,92910,0,90,1932,6312,12194784,0,-1,-1,634,1,
core_C922,55292,101621,0,0,6194,2024,12536656,0,-1,-1,339,0,
core_C1050,37812,32016,0,90,3588,3590,12880920,0,427,41,367,0,
core_C306,60779,56925,1,270,4370,4516,19734920,0,498,-1,174,1,
core_C228,67643,35788,1,90,2530,7826,19799780,0,530,-1,166,0,
core_C28,17894,116864,1,0,4531,4485,20321535,0,-1,-1,503,0,
core_C326,65463,88514,0,0,4444,2944,13083136,0,-1,-1,398,1,
core_C443,33942,117350,0,0,6472,2024,13099328,0,-1,516,454,1,
core_C156,38568,69744,0,90,2484,5155,12805020,0,524,326,557,1,
core_C1159,53153,74207,1,90,3795,4003,15191385,0,-1,46,474,1,
core_C446,31941,27001,0,90,2576,5207,13413232,0,281,-1,280,0,
core_C1155,62445,84375,1,0,4706,4485,21106410,0,-1,-1,126,0,
core_C1548,5980,84331,0,90,1932,6347,12262404,0,45,538,236,1,
core_C1326,30084,69784,0,90,1932,6221,12018972,0,118,20,513,1,
core_C740,31096,52467,0,90,2208,5598,12360384,0,-1,-1,390,0,
core_C27,45816,82540,0,90,1932,6264,12102048,0,4,-1,320,1,
core_C133,30567,96325,1,0,8342,2645,22064590,0,-1,401,78,0,
core_C350,9936,80664,0,0,3595,3496,12568120,0,-1,453,214,0,
core_C616,2024,103585,0,90,2024,6380,12913120,0,381,418,315,0,
core_C1605,41768,69662,0,180,3631,3588,13028028,0,439,312,35,0,
core_C254,59340,75297,0,0,6278,2024,12706672,0,373,-1,255,0,
core_C574,67643,30240,1,90,3680,5548,20416640,0,-1,149,642,0,
core_C191,46023,73720,1,0,4557,4485,20438145,0,-1,325,72,0,
core_C1019,73766,43381,0,90,2024,6347,12846328,0,-1,-1,442,0,
core_C244,19504,39459,0,90,2024,6537,13230888,0,495,-1,27,1,
core_C591,72588,100964,0,90,2116,6420,13584720,0,-1,-1,563,0,
core_C200,64584,125809,0,0,5790,2300,13317000,0,-1,-1,60,0,
core_C972,18458,32844,0,90,2024,6615,13388760,0,-1,-1,537,1,
core_C74,16008,126387,0,0,5196,2576,13384896,0,-1,-1,37,1,
core_C1261,53429,92585,1,0,7350,2875,21131250,0,148,97,616,1,
core_C978,21573,13102,0,90,2208,4424,9768192,0,626,142,482,1,
core_C627,43562,94575,1,90,3105,6247,19396935,0,-1,-1,622,0,
core_C748,44436,76884,0,90,2208,5656,12488448,0,-1,-1,605,1,
core_C373,30589,37176,0,90,2024,6388,12929312,0,-1,334,247,1,
core_C1009,70901,71764,1,90,4485,4513,20240805,0,-1,-1,116,1,
core_C108,37108,105012,0,0,3612,3496,12627552,0,-1,-1,502,1,
core_C380,26036,88382,0,90,2024,6246,12641904,0,513,-1,311,1,
core_C555,18032,66691,0,90,2024,6357,12866568,0,-1,618,482,0,
core_C1030,57408,41272,0,180,6316,2024,12783584,0,-1,393,582,0,
core_C1455,68356,30767,0,90,1380,4229,5836020,0,600,193,258,0,
core_C537,56770,26312,0,270,3588,3660,13132080,0,-1,-1,423,1,
core_C1284,17028,124068,1,0,8133,2530,20576490,0,-1,-1,459,1,
core_C1089,57316,70441,0,90,2024,6523,13202552,0,112,261,134,1,
core_C1356,51428,67854,0,90,2024,6539,13234936,0,223,-1,370,1,
core_C476,18216,82685,1,180,5779,3680,21266720,0,-1,211,422,0,
core_C1688,18308,109849,1,0,8205,2530,20758650,0,-1,-1,419,0,
core_C959,38943,91445,1,90,3680,5641,20758880,0,-1,631,301,1,
core_C1037,55361,98220,1,0,5689,3680,20935520,0,111,528,323,1,
core_C289,68356,45584,0,0,5331,2576,13732656,0,-1,305,184,0,
core_C1691,65567,36697,0,90,2024,6631,13421144,0,435,-1,574,1,
core_C753,45839,8510,1,0,7321,2875,21047875,0,565,122,107,1,
core_C1140,67482,76643,1,0,8179,2645,21633455,0,-1,587,617,1,
core_C431,36375,123514,0,180,5111,2392,12225512,0,486,-1,32,1,
core_C153,70012,102750,1,90,3335,6804,22691340,0,-1,232,382,0,
core_C954,7544,30787,0,90,1932,6268,12109776,0,-1,-1,18,1,
core_C654,52903,57998,1,180,5503,3565,19618195,0,-1,-1,463,1,
core_C422,61824,70092,0,90,2484,5069,12591396,0,-1,-1,255,1,
core_C649,25576,74306,0,90,2024,3235,6547640,0,-1,519,333,0,
core_C1185,2024,26220,0,180,4433,2944,13050752,0,233,18,389,1,
core_C1450,54924,39248,0,90,2484,5276,13105584,0,487,317,19,1,
core_C1250,27600,104368,0,0,3657,3588,13121316,0,502,350,28,1,
core_C1288,39652,0,1,0,8118,2530,20538540,0,-1,-1,494,1,
core_C1076,5267,42641,1,90,3335,5202,17348670,0,361,295,21,0,
core_C1698,40814,117963,0,180,4526,2944,13324544,0,-1,-1,553,1,
core_C1620,61364,54704,0,90,1840,5912,10878080,0,356,649,112,1,
core_C1303,34247,0,1,90,2875,7284,20941500,0,494,-1,12,1,
core_C183,18216,86365,1,0,6518,3220,20987960,0,-1,465,189,0,
core_C888,552,35250,1,0,4709,4485,21119865,0,-1,508,217,0,
core_C1321,368,5593,1,0,4729,4600,21753400,0,542,131,593,1,
core_C583,9936,77260,0,180,3462,3404,11784648,0,-1,162,575,0,
core_C1059,57546,114205,1,90,2415,7771,18766965,0,499,-1,480,0,
core_C313,67591,12958,0,0,5114,2484,12703176,0,-1,74,310,0,
core_C129,552,29179,1,90,4025,6071,24435775,0,-1,212,595,1,
core_C106,57316,79529,0,0,6353,2024,12858472,0,523,-1,261,0,
core_C952,184,112294,1,0,7384,2875,21229000,0,-1,-1,80,0,
core_C1142,35880,55057,0,0,5289,2576,13624464,0,309,452,55,0,
core_C1085,2024,67209,0,90,1380,4668,6441840,0,-1,529,555,0,
core_C1369,69810,37479,0,270,2944,4517,13298048,0,-1,-1,514,0,
core_C905,53452,67854,0,90,1840,5850,10764000,0,134,-1,188,1,
core_C284,53912,30445,0,90,2576,5178,13338528,0,599,-1,103,1,
core_C1306,30659,113598,1,270,3680,5704,20990720,0,-1,271,608,0,
core_C1391,62261,97945,1,90,4485,4680,20989800,0,545,558,609,0,
core_C1086,25622,2185,1,0,7995,2645,21146775,0,-1,12,610,1,
core_C22,71951,79288,1,90,3335,5302,17682170,0,-1,-1,587,1,
core_C1566,5520,0,0,90,1932,6023,11636436,0,338,497,10,1,
core_C789,55292,76888,0,90,1932,5868,11336976,0,-1,431,134,0,
core_C368,66884,69704,0,270,1932,4878,9424296,0,-1,351,425,0,
core_C700,70012,109554,1,180,4416,4255,18790080,0,-1,365,198,0,
core_C141,6457,12158,0,90,2484,4986,12385224,0,-1,518,203,1,
core_C1068,73140,49728,0,90,2024,6121,12388904,0,-1,-1,532,1,
core_C173,35581,119001,1,0,5451,3565,19432815,0,-1,-1,597,0,
core_C138,4048,84331,0,90,1932,6299,12169668,0,157,376,3,0,
core_C664,58897,53360,1,180,5505,3565,19625325,0,-1,-1,283,0,
core_C470,72404,24166,0,90,2024,6224,12597376,0,-1,-1,297,1,
core_C1097,25438,91845,1,90,3565,5523,19689495,0,416,329,614,0,
core_C1134,21573,43197,0,0,6904,2300,15879200,0,-1,56,90,0,
core_C1418,18920,2024,0,180,4437,2852,12654324,0,327,456,573,1,
core_C222,64860,76458,1,90,2530,7818,19779540,0,617,-1,126,1,
core_C1041,23505,24025,0,90,2208,5743,12680544,0,-1,-1,328,1,
core_C1606,58839,84231,0,90,2208,5756,12709248,0,379,-1,54,0,
core_C66,28060,91774,0,90,2024,6472,13099328,0,-1,363,340,0,
core_C1398,65567,30182,0,90,2024,6515,13186360,0,310,-1,40,1,
core_C992,28013,37176,0,90,2576,5191,13372016,0,178,-1,488,1,
core_C505,14168,92808,0,90,1564,3949,6176236,0,-1,-1,526,1,
core_C1294,22572,112379,1,180,5845,3680,21509600,0,-1,377,503,1,
core_C916,57316,90794,0,0,6374,2116,13487384,0,-1,634,490,1,
core_C176,25622,84180,1,90,2415,7518,18155970,0,254,-1,267,0,
core_C342,67068,120254,0,270,2760,4157,11473320,0,-1,-1,60,1,
core_C586,35604,76308,0,270,2852,4335,12363420,0,-1,65,20,1,
core_C271,28037,84180,1,90,2530,7665,19392450,0,464,-1,251,1,
core_C327,59340,70092,0,90,2484,5205,12929220,0,201,165,112,0,
core_C1293,54924,57189,0,180,3608,3496,12613568,0,-1,533,274,0,
core_C1081,56948,52220,0,0,5083,2484,12626172,0,-1,-1,317,1,
core_C1361,68356,24356,0,90,2024,6411,12975864,0,297,184,425,1,
core_C840,11960,37074,0,90,2024,6431,13016344,0,-1,632,476,0,
core_C1374,25576,82624,0,90,2208,5758,12713664,0,-1,-1,519,0,
core_C953,57316,77321,0,0,5921,2208,13073568,0,-1,218,187,0,
core_C849,368,16541,1,90,2530,7923,20045190,0,-1,448,131,0,
core_C1532,72956,114652,0,90,2484,5174,12852216,0,-1,-1,48,1,
core_C1328,67482,90715,1,180,4602,4370,20110740,0,-1,66,396,0,
core_C1319,57546,105120,1,180,4632,4600,21307200,0,108,480,403,1,
core_C1527,55384,23736,0,0,5176,2576,13333376,0,469,-1,30,0,
core_C838,25622,81535,1,0,7948,2645,21022460,0,-1,251,96,0,
core_C317,55361,121976,1,0,7321,2875,21047875,0,287,-1,403,0,
core_C778,54648,46460,1,0,6564,3220,21136080,0,-1,-1,455,0,
core_C329,37834,108508,0,90,2576,5254,13534304,0,-1,-1,318,1,
core_C76,30659,119302,1,0,4817,4715,22712155,0,-1,-1,225,0,
core_C1463,6457,25971,0,270,3036,4816,14621376,0,-1,-1,336,0,
core_C520,43792,89139,0,0,3670,2392,8778640,0,120,-1,320,0,
core_C214,54924,51072,0,90,2024,6117,12380808,0,-1,256,317,0,
core_C1052,22080,96862,0,180,5633,2208,12437664,0,-1,28,36,0,
core_C1524,46023,55117,1,0,6330,3105,19654650,0,-1,586,544,0,
core_C1004,40848,101571,1,90,2530,7770,19658100,0,613,569,139,1,
core_C5,68599,56136,1,90,3105,6504,20194920,0,550,-1,498,1,
core_C442,35673,109665,1,90,2530,7983,20196990,0,139,-1,597,1,
core_C250,31941,20611,0,90,2024,6390,12933360,0,449,155,349,0,
core_C1246,34517,26475,0,90,2024,6240,12629760,0,-1,-1,155,1,
core_C885,53268,115355,0,0,3617,3496,12645032,0,-1,-1,69,0,
core_C1694,58897,49680,1,180,5525,3680,20332000,0,141,237,421,1,
core_C921,9177,126598,1,0,7951,2530,20116030,0,-1,-1,459,0,
core_C1656,24380,5370,0,270,2484,5248,13036032,0,592,-1,495,1,
core_C12,53360,6536,0,90,2024,6283,12716792,0,-1,307,353,0,
core_C164,62682,106995,1,90,3680,5543,20398240,0,493,-1,268,1,
core_C205,25473,0,0,180,3665,3588,13150020,0,408,-1,327,1,
core_C290,7912,90832,0,90,2852,4502,12839704,0,400,-1,45,0,
core_C132,29185,34232,0,180,4487,2944,13209728,0,429,-1,143,1,
core_C715,31257,113752,0,180,5916,2300,13606800,0,-1,-1,93,0,
core_C1296,552,47682,1,0,4643,4600,21357800,0,-1,509,508,0,
core_C1649,9936,4968,0,90,2024,6590,13338160,0,24,414,63,0,
core_C1517,13984,74501,0,90,2024,6619,13396856,0,567,37,412,0,
core_C1082,5267,47843,1,90,2185,7174,15675190,0,61,-1,207,0,
core_C730,37633,60117,0,90,2024,6631,13421144,0,-1,-1,572,1,
core_C275,70380,24352,0,90,2024,6631,13421144,0,238,-1,258,1,
core_C1559,48843,111459,1,0,6516,3220,20981520,0,-1,-1,135,0,
core_C567,69736,41996,0,180,3753,3588,13465764,0,-1,-1,600,0,
core_C557,57408,46240,0,180,4575,2944,13468800,0,-1,535,393,0,
core_C1383,33051,101615,1,0,5892,3795,22360140,0,191,316,64,1,
core_C515,68356,66300,0,180,3414,3404,11621256,0,372,-1,638,0,
core_C397,49404,23736,0,90,3956,4041,15986196,0,353,79,581,1,
core_C604,72910,61640,0,90,2116,5634,11921544,0,-1,-1,638,1,
core_C736,68356,48160,0,90,1932,6318,12206376,0,-1,639,193,0,
core_C1498,43654,85720,1,180,4494,4370,19638780,0,-1,628,67,0,
core_C816,53360,12819,0,90,2024,6399,12951576,0,-1,-1,286,0,
core_C873,62353,88860,1,180,4514,4485,20245290,0,-1,399,607,0,
core_C609,41169,98628,0,180,5885,2208,12994080,0,-1,-1,220,1,
core_C1423,67591,6288,0,0,4445,2852,12677140,0,42,216,246,1,
core_C782,24012,90427,0,90,2024,6435,13024440,0,181,-1,36,1,
core_C21,41768,73250,0,90,3588,3634,13038792,0,-1,637,164,0,
core_C507,2024,78481,0,90,2024,6513,13182312,0,3,358,529,0,
core_C1157,2024,54523,0,0,6353,2024,12858472,0,-1,383,18,0,
core_C1096,2024,97043,0,90,2024,6542,13241008,0,-1,163,549,0,
core_C724,33051,105410,1,90,2530,8188,20715640,0,49,-1,301,0,
core_C352,54924,44524,0,90,2024,6548,13253152,0,257,274,204,0,
core_C1136,31257,109520,0,0,6577,2024,13311848,0,270,93,411,0,
core_C491,27600,122676,0,0,3718,3588,13340184,0,-1,-1,409,0,
core_C1377,43792,82540,0,90,2024,6599,13356376,0,160,273,417,1,
core_C435,11960,28704,0,0,6633,2116,14035428,0,-1,476,24,0,
core_C1291,18308,103639,1,0,6934,3335,23124890,0,-1,419,394,0,
core_C1012,53521,98220,1,90,1840,5528,10171520,0,192,-1,598,1,
core_C918,13984,63195,0,270,2576,4002,10309152,0,-1,556,27,0,
core_C1705,46023,78205,1,90,2300,7515,17284500,0,534,-1,167,0,
core_C1102,38568,74899,0,90,1840,6053,11137520,0,-1,651,153,0,
core_C792,23357,0,0,90,2116,5370,11362920,0,288,-1,241,1,
core_C1153,21573,24025,0,90,1932,6207,11991924,0,243,644,142,0,
core_C1706,25438,97368,1,90,3450,5445,18785250,0,-1,-1,239,0,
core_C763,53268,122439,0,0,5688,2116,12035808,0,-1,-1,44,0,
core_C1008,32016,66800,0,180,4347,2852,12397644,0,501,385,548,0,
core_C1000,41091,107092,0,90,2852,4523,12899596,0,-1,-1,430,0,
core_C1461,25576,69784,0,90,2852,4522,12896744,0,-1,202,1,0,
core_C1060,30589,43564,0,0,5066,2484,12583944,0,-1,-1,178,0,
core_C1104,53153,89825,1,0,7362,2760,20319120,0,-1,604,421,0,
core_C363,6457,20732,0,90,2484,5239,13013676,0,-1,272,518,0,
core_C550,55690,22985,1,90,2530,7842,19840260,0,-1,521,114,0,
core_C965,7452,0,0,0,6444,2024,13042656,0,342,348,229,1,
core_C9,55292,99597,0,0,6286,2024,12722864,0,92,146,405,0,
core_C1003,28060,85489,0,90,2024,6285,12720840,0,-1,245,513,0,
core_C1554,43378,101686,1,90,2760,7244,19993440,0,512,-1,613,0,
core_C746,13896,0,0,0,6327,2024,12805848,0,-1,-1,338,1,
core_C870,27400,26094,0,90,2208,5953,13144224,0,-1,406,357,0,
core_C626,9936,57155,0,90,2484,5291,13142844,0,-1,91,104,0,
core_C1541,59018,0,1,90,3565,5620,20035300,0,407,378,455,1,
core_C1631,70104,86095,0,90,2852,4495,12819740,0,-1,39,580,0,
core_C1362,31941,9867,0,90,2208,5960,13159680,0,-1,640,106,1,
core_C88,7452,2024,0,90,2024,6508,13172192,0,-1,-1,338,0,
core_C786,31941,18127,0,0,5166,2484,12832344,0,-1,280,640,0,
core_C1168,27600,107956,0,90,2208,5973,13188384,0,-1,541,205,0,
core_C186,66884,74582,0,90,2944,4484,13200896,0,70,-1,231,0,
core_C38,62084,45812,0,0,4604,2944,13554176,0,-1,-1,535,1,
core_C508,53360,0,0,90,2024,6536,13228864,0,30,286,303,1,
core_C950,43332,11942,0,180,3747,3588,13444236,0,-1,470,561,0,
core_C1166,40848,111986,1,0,7995,2645,21146775,0,135,433,569,0,
core_C404,63204,48756,0,90,1748,5419,9472412,0,87,571,209,1,
core_C539,27400,20562,0,90,2760,5532,15268320,0,-1,343,106,0,
core_C1397,2024,84994,0,90,1840,5656,10407040,0,-1,549,313,0,
core_C1513,35880,39132,0,90,1932,6019,11628708,0,8,55,566,1,
core_C633,45698,33963,0,90,1932,6146,11874072,0,-1,-1,591,1,
core_C1604,8602,42641,1,270,3565,5358,19101270,0,-1,-1,207,1,
core_C1426,2852,39735,1,90,2415,7947,19192005,0,21,-1,508,1,
core_C1338,28060,100044,0,0,6177,2024,12502248,0,527,84,245,0,
core_C263,67909,79066,0,90,1932,6315,12200580,0,584,-1,137,1,
core_C1324,70012,113809,1,90,3105,6494,20163870,0,-1,-1,232,0,
core_C1572,31162,0,0,90,2208,5844,12903552,0,590,-1,408,1,
core_C167,37812,29532,0,0,5206,2484,12931704,0,371,147,88,0,
core_C693,64708,67457,1,0,8005,2530,20252650,0,-1,-1,108,1,
core_C1521,21573,36624,0,90,2852,4549,12973748,0,488,90,644,0,
core_C503,49404,67693,0,90,2024,6259,12668216,0,188,-1,128,0,
core_C1626,43018,29532,0,90,2944,4431,13044864,0,-1,-1,367,1,
core_C861,71770,67274,0,180,3648,3496,12753408,0,-1,-1,302,1,
core_C354,65618,85570,0,180,4465,2944,13144960,0,-1,-1,165,1,
core_C975,8476,125248,0,180,6407,2116,13557212,0,-1,-1,418,1,
core_C1536,61856,43328,0,180,5321,2484,13217364,0,-1,-1,393,1,
core_C1702,4048,120280,0,0,6566,2024,13289584,0,-1,-1,236,0,
core_C622,22572,116059,1,0,5674,3680,20880320,0,-1,-1,249,0,
core_C1225,59018,6210,1,0,6659,3220,21441980,0,-1,6,345,0,
core_C1515,61047,84231,0,270,1932,5974,11541768,0,398,-1,244,1,
core_C1412,50623,64547,1,0,7720,2415,18643800,0,-1,404,534,1,
core_C115,4048,122304,0,180,3537,3496,12365352,0,138,-1,163,1,
core_C1062,70012,95085,1,90,2530,7665,19392450,0,140,198,66,1,
core_C166,2024,56547,0,180,6152,2024,12451648,0,-1,562,314,0,
core_C341,73766,30390,0,90,2024,6398,12949552,0,-1,442,559,1,
core_C1077,32016,69652,0,90,2852,4540,12948080,0,557,510,331,0,
core_C196,11500,103252,0,0,3609,3588,12949092,0,-1,625,77,0,
core_C1115,71731,17926,0,90,2024,6240,12629760,0,-1,-1,568,1,
core_C643,37197,88340,1,0,6365,3105,19763325,0,-1,-1,467,1,
core_C1538,0,32730,0,90,2024,6420,12994080,0,203,-1,458,0,
core_C821,31096,46048,0,90,2024,6419,12992056,0,98,159,1,1,
core_C852,5898,102541,1,90,2760,7223,19935480,0,-1,-1,576,1,
core_C545,72956,77931,0,90,2024,6469,13093256,0,-1,552,580,1,
core_C438,57408,43296,0,180,4448,2944,13094912,0,375,300,183,0,
core_C832,18308,100534,1,0,6428,3105,19958940,0,-1,322,507,0,
core_C1480,10764,90324,0,0,5142,2484,12772728,0,-1,526,400,0,
core_C1477,67482,88185,1,0,8096,2530,20482880,0,-1,264,570,0,
core_C109,47748,76509,0,0,6497,2024,13149928,0,123,22,402,0,
core_C941,62979,84231,0,90,2484,5306,13180104,0,151,-1,379,1,
core_C962,62353,93345,1,0,4677,4600,21514200,0,-1,-1,308,0,
core_C630,10764,87748,0,0,5239,2576,13495664,0,-1,395,289,1,
core_C1529,30567,98970,1,0,8178,2645,21630810,0,-1,596,161,0,
core_C801,47748,74393,0,0,6583,2116,13929628,0,-1,397,581,0,
core_C881,55361,105120,1,90,2185,7244,15828140,0,265,268,528,0,
core_C807,50623,66962,1,0,5458,3565,19457770,0,-1,473,380,0,
core_C1601,55292,97113,0,0,5031,2484,12497004,0,-1,339,490,0,
core_C552,27400,32208,0,0,6187,2024,12522488,0,-1,-1,343,0,
core_C1238,62583,0,1,0,7983,2530,20196990,0,629,624,345,1,
core_C1120,29138,0,0,90,2024,6250,12650000,0,366,577,288,1,
core_C612,27600,120192,0,0,5108,2484,12688272,0,32,319,454,0,
core_C382,21573,49026,0,90,3588,3650,13096200,0,-1,477,56,0,
core_C269,31257,107312,0,180,5799,2208,12804192,0,-1,318,502,0,
core_C1534,13984,70913,0,0,3666,3588,13153608,0,-1,294,556,0,
core_C143,16008,123443,0,180,4477,2944,13180288,0,-1,-1,441,0,
core_C1202,9936,49873,0,180,3678,3588,13196664,0,-1,104,293,0,
core_C790,37812,40774,0,0,4488,2944,13212672,0,43,531,41,0,
core_C1422,29003,124017,1,0,5610,3680,20644800,0,-1,-1,239,1,
core_C911,41768,82038,0,90,2024,6534,13224816,0,320,506,637,0,
core_C1318,2024,125800,0,0,6452,2116,13652432,0,374,-1,163,0,
core_C1098,18308,106974,1,0,7306,2875,21004750,0,504,190,322,0,
core_C1597,68777,120303,1,270,3220,6544,21071680,0,471,-1,493,1,
core_C610,53153,86145,1,0,5744,3680,21137920,0,283,335,578,0,
core_C104,18216,79465,1,0,6733,3220,21680260,0,-1,189,525,1,
core_C1460,51428,27777,0,0,5342,2668,14252456,0,185,103,79,1,
core_C624,14076,37030,1,0,7717,2875,22186375,0,-1,16,25,0,
core_C379,66884,45812,0,90,1472,4460,6565120,0,258,231,87,1,
core_C1522,23138,92805,1,90,2300,7183,16520900,0,450,-1,551,1,
core_C478,41400,33963,0,90,2668,4040,10778720,0,-1,-1,147,1,
core_C1341,55690,7837,1,90,2415,7301,17631915,0,-1,114,565,1,
core_C6,33672,32715,0,90,1932,5964,11522448,0,34,-1,290,1,
core_C377,41091,100836,0,90,1932,6221,12018972,0,438,332,452,1,
core_C1339,55292,82756,0,0,3547,3496,12400312,0,54,583,230,0,
core_C489,70104,100755,0,90,2024,6147,12441528,0,-1,483,579,0,
core_C1487,40848,114631,1,180,4454,4370,19463980,0,588,-1,355,0,
core_C920,21573,59693,0,90,2484,5105,12680820,0,-1,-1,47,0,
core_C189,67591,17926,0,90,2024,6430,13014320,0,568,-1,194,1,
core_C956,11500,96757,0,90,3588,3643,13071084,0,-1,77,9,1,
core_C1164,13984,30820,0,0,6314,2024,12779536,0,-1,537,632,1,
core_C42,43023,100836,0,0,3683,3588,13214604,0,-1,94,430,1,
core_C1402,45399,69662,0,270,2116,6441,13629156,0,-1,-1,164,1,
core_C1378,23689,19183,0,180,3711,3588,13315068,0,106,-1,142,1,
core_C488,16008,120867,0,0,5181,2576,13346256,0,-1,413,2,0,
core_C703,73766,36788,0,90,2024,6593,13344232,0,-1,168,384,0,
core_C399,11500,110428,0,90,2024,6615,13388760,0,-1,-1,625,0,
core_C656,56562,30445,0,0,6614,2024,13386736,0,-1,-1,599,1,
core_C854,51373,103748,1,90,2875,7324,21056500,0,-1,-1,135,1,
core_C768,184,98861,1,0,5740,3680,21123200,0,-1,576,620,0,
core_C125,41768,94857,0,270,3588,3771,13530348,0,462,-1,506,0,
core_C281,368,24464,1,0,4754,4715,22415110,0,-1,611,262,0,
core_C696,33965,20611,0,90,2208,5864,12947712,0,-1,-1,280,1,
core_C1483,25438,0,1,0,7177,2185,15681745,0,-1,614,426,1,
core_C865,27968,74306,0,90,1932,4841,9352812,0,-1,-1,519,1,
core_C556,35880,57633,0,0,5211,2484,12944124,0,430,-1,220,0,
core_C1408,9936,84160,0,0,3588,3588,12873744,0,-1,-1,162,0,
core_C632,27600,118168,0,0,6342,2024,12836208,0,152,409,541,0,
core_C1542,54648,38631,1,90,4370,4495,19643150,0,345,269,7,1,
core_C836,18920,4876,0,90,2024,6523,13202552,0,-1,-1,241,0,
core_C872,48323,85811,1,0,4595,4370,20080150,0,-1,136,534,0,
core_C361,0,26220,0,90,2024,6510,13176240,0,-1,389,650,0,
core_C570,9177,124068,1,0,7851,2530,19863030,0,186,284,621,0,
core_C233,72128,119826,0,90,2852,4442,12668584,0,-1,-1,127,1,
core_C675,33942,121398,0,0,6355,2116,13447180,0,-1,-1,516,0,
core_C456,45356,91531,0,90,1932,5986,11564952,0,-1,-1,447,1,
core_C1703,46023,61327,1,0,6880,3220,22153600,0,200,479,586,0,
core_C1216,30567,84180,1,90,3795,5705,21650475,0,5,467,254,1,
core_C702,18216,89585,1,0,6492,3220,20904240,0,-1,615,211,0,
core_C1320,70173,21986,1,90,2530,8254,20882620,0,-1,-1,642,1,
core_C392,30567,89885,1,0,6630,3220,21348600,0,388,78,464,0,
core_C298,38829,90290,0,90,2024,6344,12840256,0,-1,-1,527,1,
core_C1428,60560,23736,0,90,2024,6344,12840256,0,564,-1,266,1,
core_C463,43332,15530,0,90,2024,6497,13149928,0,-1,-1,354,0,
core_C240,71997,120303,1,90,3105,6595,20477475,0,-1,-1,420,1,
core_C524,55108,106589,0,90,2024,6282,12714768,0,73,-1,121,1,
core_C396,50623,70527,1,180,5534,3680,20365120,0,-1,474,404,0,
core_C62,50623,74207,1,90,2530,8050,20366500,0,154,-1,473,0,
core_C434,53653,124555,0,0,5236,2484,13006224,0,-1,-1,120,1,
core_C1591,11960,30820,0,90,2024,6254,12658096,0,-1,259,321,0,
core_C564,21573,52676,0,270,3588,3613,12963444,0,-1,47,410,0,
core_C311,61364,66504,0,0,3613,3588,12963444,0,-1,-1,102,0,
core_C391,46023,64547,1,180,4501,4485,20186985,0,-1,72,463,0,
core_C1537,57546,109720,1,180,4491,4485,20142135,0,-1,215,265,0,
core_C1128,45344,113532,0,90,2024,6186,12520464,0,-1,52,38,0,
core_C1314,18032,63195,0,180,3541,3496,12379336,0,175,182,567,1,
core_C1586,70104,106902,0,270,1840,5757,10592880,0,560,48,432,0,
core_C1608,66781,63662,1,180,5972,3795,22663740,0,648,-1,111,1,
core_C194,42987,2530,1,0,8292,2530,20978760,0,99,-1,5,1,
core_C67,41486,120907,0,180,3686,3588,13225368,0,-1,-1,197,1,
core_C1510,57408,32469,0,0,5307,2484,13182588,0,40,582,204,1,
core_C814,24425,36624,0,90,3588,3670,13167960,0,247,-1,369,1,
core_C874,13984,35696,0,0,4473,2944,13168512,0,-1,27,537,0,
core_C735,55292,90794,0,90,2024,6319,12789656,0,250,405,583,0,
core_C898,92,0,1,90,3565,5593,19939045,0,-1,603,594,1,
core_C1355,43027,23736,0,180,3610,3588,12952680,0,-1,-1,511,1,
core_C1073,66362,109550,1,90,2415,7906,19092990,0,420,-1,287,1,
core_C1675,37122,0,1,90,2530,7955,20126150,0,206,-1,210,1,
core_C1567,21528,5370,0,90,2852,4391,12523132,0,285,635,169,1,
core_C687,9269,47999,1,180,4447,4370,19433390,0,-1,71,621,1,
core_C754,5520,6023,0,90,1932,6135,11852820,0,-1,-1,229,0,
core_C805,65149,56136,1,90,3450,5331,18391950,0,278,-1,148,1,
core_C1474,59961,114205,1,90,2300,7501,17252300,0,609,-1,215,1,
core_C722,72325,75233,0,90,2668,2698,7198264,0,-1,-1,584,1,
core_C107,36363,66800,0,0,4572,2944,13459968,0,-1,-1,331,1,
core_C40,31257,105012,0,0,5851,2300,13457300,0,180,411,205,1,
core_C859,17894,112379,1,180,4678,4485,20980830,0,249,150,31,1,
core_C670,25614,102813,1,90,3105,6670,20710350,0,-1,-1,419,1,
core_C1479,49404,35752,0,270,2944,4465,13144960,0,117,19,79,0,
core_C447,41768,88572,0,90,2024,6285,12720840,0,-1,447,417,0,
core_C1636,18308,92805,1,90,2415,7299,17627085,0,551,394,615,1,
core_C839,552,39735,1,90,2300,7365,16939500,0,362,292,212,0,
core_C1344,552,52282,1,90,3795,5869,22272855,0,-1,0,292,0,
core_C1575,32016,74192,0,0,6389,2116,13519124,0,-1,-1,385,0,
core_C1156,37812,23736,0,0,5215,2576,13433840,0,492,88,8,0,
core_C835,46138,100822,1,0,7282,2760,20098320,0,-1,-1,341,1,
core_C1663,28060,79147,0,90,2024,6342,12836208,0,158,340,181,1,
core_C1671,69810,30983,0,90,2024,6496,13147904,0,559,222,600,1,
core_C595,64608,23736,0,90,2024,6446,13046704,0,-1,-1,564,1,
core_C1615,33942,119374,0,0,6239,2024,12627736,0,-1,461,152,0,
core_C221,18032,73122,0,90,2024,6239,12627736,0,26,643,618,0,
core_C800,6457,17144,0,90,3404,3588,12213552,0,-1,336,233,0,
core_C54,25576,77541,0,90,2392,5083,12158536,0,451,260,202,0,
core_C798,33838,103080,0,0,6280,1932,12132960,0,-1,-1,84,1,
core_C314,55690,30827,1,90,2415,7804,18846660,0,-1,-1,337,0,
core_C1616,54096,52587,1,90,3565,5411,19290215,0,-1,-1,544,1,
core_C986,63669,77321,0,90,1472,4426,6515072,0,-1,-1,218,1,
core_C1325,41052,111615,0,180,4292,2760,11845920,0,38,647,153,1,
core_C851,16491,79465,1,90,1725,5819,10037775,0,422,-1,101,1,
core_C452,10764,92808,0,180,3404,3312,11274048,0,248,-1,395,0,
core_C1395,34237,100044,0,0,4592,3036,13941312,0,468,-1,363,1,
core_C659,55361,101900,1,0,6567,3220,21145740,0,-1,403,192,0,
core_C1336,2024,71877,0,90,2024,6604,13366496,0,-1,313,221,0,
core_C31,70173,35788,1,90,2530,7987,20207110,0,-1,-1,149,1,
core_C521,37812,43718,0,90,2024,6192,12532608,0,110,-1,415,0,
core_C86,71208,48160,0,90,1932,6342,12252744,0,234,-1,639,1,
core_C751,54924,60685,0,270,3404,3473,11822092,0,-1,-1,256,0,
core_C1063,48323,78205,1,90,2300,7606,17493800,0,380,457,325,1,
core_C150,57408,49184,0,0,4676,3036,14196336,0,352,-1,300,0,
core_C823,72036,6480,0,90,2024,6478,13111472,0,-1,-1,42,0,
core_C741,13984,32844,0,0,4474,2852,12759848,0,172,489,437,0,
core_C1241,5980,90678,0,90,1932,5866,11333112,0,-1,9,157,0,
core_C634,11776,61339,1,90,2300,7431,17091300,0,25,-1,546,1,
core_C389,70637,49351,1,90,3105,6274,19480770,0,-1,-1,85,1,
core_C39,27600,116052,0,180,5616,2116,11883456,0,-1,454,350,0,
core_C776,5097,0,1,90,3565,5611,20003215,0,-1,-1,213,1,
core_C1038,9936,67344,0,90,1932,5932,11460624,0,89,575,91,0,
core_C1360,46023,52587,1,180,8073,2530,20424690,0,522,276,7,0,
core_C1346,66746,103120,1,90,2990,6430,19225700,0,-1,-1,226,1,
core_C423,9361,61339,1,90,2415,7914,19112310,0,539,589,619,1,
core_C280,68356,58858,0,90,2852,4498,12828296,0,627,638,639,0,
core_C1669,32016,64316,0,0,5272,2484,13095648,0,-1,331,118,0,
core_C1330,2024,90650,0,90,2024,6393,12939432,0,-1,315,358,0,
core_C63,71704,55625,1,90,2645,8037,21257865,0,-1,-1,278,1,
core_C1342,20723,92805,1,90,2415,7729,18665535,0,426,-1,507,1,
core_C1236,72956,84400,0,90,1932,6045,11678940,0,-1,-1,392,0,
core_C641,37226,113762,0,90,3588,3588,12873744,0,208,-1,93,1,
core_C523,9269,77878,1,180,4704,4485,21097440,0,-1,31,619,0,
core_C871,2024,60595,0,90,2024,6614,13386736,0,-1,221,562,0,
core_C1410,13984,67197,0,90,3680,3716,13674880,0,-1,412,324,0,
core_C1207,34868,69744,0,0,3700,3588,13275600,0,153,-1,385,1,
core_C1259,62261,102625,1,180,4459,4370,19485830,0,-1,-1,226,0,
core_C353,71834,30983,0,90,1932,6228,12032496,0,384,-1,514,1,
core_C909,71944,107384,0,0,3721,3588,13350948,0,-1,50,483,1,
core_C1690,43332,6554,0,270,1748,5388,9418224,0,-1,354,585,0,
core_C1337,2024,58571,0,0,6266,2024,12682384,0,-1,555,383,0,
core_C1617,72588,95650,0,90,2484,5314,13199976,0,-1,170,579,1,
core_C204,62584,23736,0,90,2024,6224,12597376,0,515,-1,469,1,
core_C312,53160,7837,1,90,2530,7720,19531600,0,428,-1,195,1,
core_C136,33948,52214,0,90,1932,6350,12268200,0,359,572,118,1,
core_C1535,16008,74501,0,90,2024,6075,12295800,0,482,105,294,1,
core_C219,69615,17926,0,90,2116,6426,13597416,0,387,-1,435,1,
core_C390,40848,109341,1,180,7995,2645,21146775,0,-1,355,277,0,
core_C1465,67482,83658,1,90,4370,4527,19782990,0,-1,396,587,0,
core_C1262,63204,54561,0,90,2576,5182,13348832,0,-1,-1,356,0,
core_C1121,33948,60117,0,180,3685,3680,13560800,0,296,-1,566,0,
core_C549,14422,2024,0,0,4498,2852,12828296,0,241,-1,63,1,
core_C697,62715,36861,0,270,2852,4411,12580172,0,194,-1,40,0,
core_C1674,9936,73593,0,90,3496,3667,12819832,0,-1,214,543,0,
core_C713,184,102541,1,0,5714,3680,21027520,0,391,80,446,0,
core_C409,29138,6250,0,90,3496,3617,12645032,0,-1,-1,408,0,
core_C437,53153,82810,1,180,5154,3335,17188590,0,-1,421,46,0,
core_C24,70104,95650,0,90,2484,5105,12680820,0,563,432,130,0,
core_C766,70104,81632,0,270,2852,4463,12728476,0,392,346,29,1,
core_C1,47748,23736,0,90,1656,5240,8677440,0,303,402,4,0,
core_C635,57408,34953,0,270,2024,6164,12475936,0,-1,183,487,0,
core_C771,55292,86252,0,90,2944,4542,13371648,0,-1,490,431,0,
core_C1179,69841,76539,0,270,2484,5093,12651012,0,500,-1,364,1,
core_C1632,43332,0,0,90,2024,6554,13265296,0,-1,561,8,1,
core_C1657,46023,58222,1,0,6500,3105,20182500,0,-1,463,276,0,
core_C112,67482,79288,1,180,4469,4370,19529530,0,228,570,196,0,
core_C127,45302,114679,1,180,5058,3335,16868430,0,633,-1,433,1,
core_C793,9361,69253,1,0,4324,4140,17901360,0,-1,59,546,0,
core_C1507,33370,0,0,90,2024,6361,12874664,0,-1,-1,366,1,
core_C71,40388,38003,0,0,5310,2484,13190040,0,360,-1,41,1,
core_C1359,26864,9867,0,90,2576,5175,13330800,0,-1,-1,285,1,
core_C1036,276,5593,1,0,92,115,10580,0,213,-1,620,1,
core_C1240,0,0,1,0,92,115,10580,0,491,-1,-1,0,
core_C1628,460,29179,1,0,92,115,10580,0,217,-1,611,1,
core_C1061,30567,101615,1,0,92,115,10580,0,608,-1,401,0,
core_C473,35581,109665,1,0,92,115,10580,0,279,235,49,0,
core_C1110,53429,98220,1,0,92,115,10580,0,323,-1,97,0,
core_C1147,56488,30445,0,180,74,92,6808,0,444,-1,224,1,
core_C1200,69736,30767,0,0,74,92,6808,0,514,299,184,1,
core_C1501,45839,14950,1,0,92,115,10580,0,623,-1,122,0,
core_C1650,53245,92585,1,0,92,115,10580,0,-1,606,604,1,
core_C994,92,5593,1,0,92,115,10580,0,620,-1,491,0,
core_C982,53153,92585,1,0,92,115,10580,0,602,-1,335,0,
core_C946,44344,76884,0,90,92,74,6808,0,177,-1,637,1,
core_C652,53245,92700,1,0,92,115,10580,0,616,-1,602,0,
core_C674,62353,76458,1,0,92,115,10580,0,126,308,609,1,
core_C26,30659,101615,1,0,92,115,10580,0,64,225,596,1,
core_C743,62261,76458,1,0,92,115,10580,0,607,226,499,1,
core_C843,25530,2185,1,0,92,115,10580,0,227,-1,614,1,
core_C819,368,29179,1,0,92,115,10580,0,595,86,448,0,
core_C806,43470,101571,1,0,92,115,10580,0,129,-1,613,1,
core_C1494,43378,101571,1,0,92,115,10580,0,612,341,277,1,
core_C1434,25438,2185,1,0,92,115,10580,0,610,239,450,0,
core_C1416,18216,92805,1,0,92,115,10580,0,507,-1,465,0,
core_C169,53337,92585,1,0,92,115,10580,0,174,-1,606,1,
core_C267,67390,76458,1,0,92,115,10580,0,196,-1,242,1,
core_C93,18032,73048,0,90,92,74,6808,0,-1,517,182,0,
core_C297,9269,61339,1,0,92,115,10580,0,546,554,58,0,
core_C1281,184,5593,1,0,92,115,10580,0,593,446,603,1,
core_C1277,9177,47999,1,0,92,115,10580,0,496,459,61,1,
core_C140,43562,8510,1,0,92,115,10580,0,107,176,129,0,
core_C1253,45931,14950,1,0,92,115,10580,0,7,-1,601,1,
core_C1316,62583,2530,1,180,5662,3680,20836160,0,109,-1,407,0,
core_C878,11500,106840,0,180,3595,3588,12898860,0,-1,443,386,0,
core_C1014,23781,13102,0,90,2024,6081,12307944,0,646,-1,175,1,
core_C307,71208,55849,0,90,2208,5791,12786528,0,-1,-1,547,1,
core_C241,43654,90090,1,0,4611,4485,20680335,0,95,-1,306,0,
core_C1545,70566,0,1,90,2530,7728,19551840,0,-1,53,407,1,
core_C381,54039,0,1,90,2415,7837,18926355,0,-1,-1,99,1,
core_C87,38943,97086,1,0,4584,4485,20559240,0,-1,-1,191,0,
core_C50,11960,43505,0,90,2024,6368,12888832,0,437,-1,259,0,
core_C385,50360,114679,1,180,4588,4485,20577180,0,-1,-1,588,1,
core_C249,57316,92910,0,90,3496,3588,12543648,0,145,-1,250,0,
core_C97,21528,10618,0,0,5179,2484,12864636,0,-1,-1,495,0,
core_C619,64584,115194,0,0,5176,2484,12857184,0,-1,62,29,0,
core_C747,41768,76884,0,90,2576,5154,13276704,0,605,417,312,0,
core_C223,68356,63356,0,0,4554,2944,13406976,0,304,302,547,0,
core_C1440,68356,54478,0,90,2852,4380,12491760,0,532,547,305,0,
core_C1305,31941,15827,0,0,5783,2300,13300900,0,-1,349,347,0,
core_C783,17480,11399,0,90,2208,5979,13201632,0,-1,100,24,1,
core_C407,67643,21986,1,90,2530,7662,19384860,0,466,166,6,1,
core_C846,18032,79361,0,90,2024,6500,13156000,0,-1,132,517,0,
core_C926,21573,30232,0,90,2576,5158,13287008,0,143,369,328,0,
core_C1593,12207,120539,0,0,3624,3588,13002912,0,-1,-1,119,0,
core_C575,25805,15042,0,0,5333,2576,13737808,0,-1,-1,626,1,
core_C588,41052,114375,0,180,3720,3588,13347360,0,-1,-1,524,0,
core_C848,72753,63662,1,90,2530,8102,20498060,0,-1,-1,484,1,
core_C1209,61364,60616,0,0,4521,2944,13309824,0,137,102,209,0,
core_C1245,0,23736,0,0,5272,2484,13095648,0,-1,458,10,0,
core_C1040,38568,80952,0,90,2024,6486,13127664,0,-1,-1,326,0,
Wirelength: 6.4988e+09
layer(tree) info:
layer: 0 ,width: 75790 ,height: 128963 ,area: 9774105770 ,blocks_area: 7636800308, filling_rate: 0.78133, utilizatio_rate: 0.779881
layer: 1 ,width: 75661 ,height: 129128 ,area: 9769953608 ,blocks_area: 7536173905, filling_rate: 0.771362, utilizatio_rate: 0.769605
random seed: 15
alpha: 0
gamma: 1
best wirelength: 6.4988e+09
initial_num_perturbs: 19560
iter: 0
best_iter: 0
best_cost: 0.203452
reject_time: 0
accept_inferior_time: 0
update_best_time: 1105
adjustLegalOutline_fail_times: 0
outline_adjust_time: 217.418
initial_wirelength: 1.18711e+10
initial_average_wirelength: 5.83482e+10
1.18711e+10,initial_iter: 19560
initial_time: 345.609
total time cost: 601.215
