name,x,y,layer,rotated_angle,width,height,area,exceed_outline_area,left,right,parent,is_from_left,
macro_C8466,21360,14309,1,0,9072,8160,74027520,0,-1,-1,50,1,
macro_C8467,16320,24293,1,180,9072,8160,74027520,0,-1,3,79,0,
macro_C16429,27072,30240,1,0,8112,10752,87220224,0,-1,-1,85,0,
macro_C16430,16320,32453,1,270,10752,8112,87220224,0,57,-1,1,0,
macro_C32011,18010,37099,0,180,8613,4290,36949770,0,7,-1,100,0,
macro_C32012,21868,28486,0,90,4290,8613,36949770,0,-1,-1,43,1,
macro_C39784,25104,0,1,90,11232,7776,87340032,0,-1,84,51,1,
macro_C39785,26623,5445,0,270,7854,5445,42765030,0,-1,70,4,1,
macro_C55552,31248,7776,1,180,7728,11232,86800896,0,-1,-1,114,1,
macro_C55553,5478,7524,0,90,7854,5412,42505848,0,-1,58,83,0,
macro_C63404,31276,24321,0,0,5412,7854,42505848,0,-1,-1,118,1,
macro_C63405,26623,18348,0,90,7854,5412,42505848,0,26,94,13,0,
macro_C71293,34477,0,0,180,5412,7854,42505848,0,-1,-1,13,1,
macro_C71294,26623,12936,0,90,7854,5412,42505848,0,12,11,70,0,
macro_C86866,0,7728,1,0,9072,8160,74027520,0,-1,23,28,0,
macro_C86867,0,27120,1,180,8112,10752,87220224,0,31,-1,23,0,
macro_C86868,0,28811,0,0,8613,4290,36949770,0,-1,20,42,0,
macro_C86869,0,0,0,270,7854,5445,42765030,0,-1,18,-1,0,
macro_C86870,0,5445,0,180,5412,7854,42505848,0,-1,77,17,0,
macro_C94576,5478,15741,0,180,6369,5709,36360621,0,113,63,101,0,
macro_C94577,0,33101,0,270,7524,5676,42706224,0,-1,-1,16,0,
macro_C94578,9117,25610,0,270,4290,8613,36949770,0,89,30,61,1,
macro_C94579,26623,32513,0,0,5445,7854,42765030,0,-1,-1,45,0,
macro_C94580,0,15888,1,0,7728,11232,86800896,0,92,15,14,0,
macro_C102137,14117,0,1,90,8160,9072,74027520,0,102,75,92,1,
macro_C102138,11921,0,0,0,5676,7524,42706224,0,-1,-1,86,1,
macro_C102139,34477,7854,0,270,4290,8613,36949770,0,-1,32,11,1,
macro_C102140,26291,0,0,90,7854,5445,42765030,0,-1,-1,78,1,
macro_C102141,0,0,1,90,11232,7728,86800896,0,-1,14,-1,0,
macro_C109812,18010,2838,0,0,6369,5709,36360621,0,54,56,120,0,
macro_C109813,9117,34223,0,270,7524,5676,42706224,0,-1,-1,21,0,
macro_C109814,8112,18000,1,90,6144,12288,75497472,0,69,-1,15,1,
macro_C109815,34477,16467,0,0,5445,7854,42765030,0,-1,-1,26,0,
macro_C109816,31579,19008,1,0,7728,11232,86800896,0,-1,-1,85,1,
core_C1,16524,16434,0,90,1485,4507,6692895,0,-1,-1,66,1,
core_C3,18010,13035,0,0,3696,1782,6586272,0,-1,95,71,0,
core_C4,27072,7776,1,90,2112,6433,13586496,0,114,-1,84,1,
core_C5,5074,24717,0,180,3867,1881,7273827,0,-1,-1,52,1,
core_C6,20496,9072,1,90,2592,5237,13574304,0,51,-1,106,1,
core_C7,13407,26763,0,180,4513,1452,6552876,0,-1,59,99,0,
core_C11,1452,13299,0,90,1485,4493,6672105,0,-1,-1,77,1,
core_C13,18010,18414,0,180,3596,1782,6408072,0,-1,88,72,0,
core_C14,0,25707,0,90,2046,3104,6350784,0,111,16,115,0,
core_C15,18010,31119,0,180,3858,1254,4837932,0,5,100,80,0,
core_C16,24827,19028,0,90,1452,4462,6478824,0,-1,-1,67,1,
core_C18,26623,28157,0,90,1452,4356,6324912,0,-1,22,94,0,
core_C19,13407,21021,0,180,4133,1353,5591949,0,-1,48,82,0,
core_C22,23167,11649,0,90,1419,4407,6253533,0,104,-1,68,0,
core_C23,13407,22374,0,180,4436,1452,6441072,0,-1,64,46,0,
core_C24,28075,25806,0,90,1452,4395,6381540,0,118,-1,121,0,
core_C26,18432,17514,1,90,2928,4519,13231632,0,0,-1,106,0,
core_C28,23088,6467,1,90,2016,6311,12722976,0,6,-1,38,1,
core_C30,2046,23592,0,180,3028,1980,5995440,0,37,-1,65,0,
core_C31,18010,0,0,180,4297,1419,6097443,0,-1,120,93,1,
core_C32,24379,0,0,270,1452,4444,6452688,0,-1,-1,29,1,
core_C33,16522,7524,0,90,1419,4257,6040683,0,-1,-1,89,1,
core_C34,18010,8547,0,0,4228,1650,6976200,0,-1,98,29,0,
core_C35,27072,22469,1,180,4481,2928,13120368,0,-1,85,3,1,
core_C36,5478,12936,0,180,4098,1353,5544594,0,-1,101,9,0,
core_C37,13407,28215,0,90,1452,2255,3274260,0,93,62,39,0,
core_C38,21748,17543,0,0,4643,1485,6894855,0,-1,67,119,0,
core_C41,5478,22902,0,0,3639,1815,6604785,0,21,-1,63,0,
core_C42,13407,30470,0,0,4500,1452,6534000,0,-1,-1,59,0,
core_C43,5478,21450,0,180,4457,1452,6471564,0,97,61,19,0,
core_C45,13407,23826,0,180,4472,1485,6640920,0,-1,99,48,0,
core_C47,2046,21447,0,180,3229,2145,6926205,0,-1,52,111,0,
core_C48,13407,16434,0,0,3117,2046,6377382,0,34,82,105,0,
core_C49,21748,19028,0,0,3079,2046,6299634,0,44,107,60,0,
core_C50,23167,10593,0,180,3201,1056,3380256,0,-1,47,78,0,
core_C51,14256,11088,1,90,2064,6361,13129104,0,74,-1,31,1,
core_C54,26623,10890,0,0,3097,2046,6336462,0,-1,13,7,0,
core_C55,18010,11649,0,0,3533,1386,4896738,0,-1,35,98,0,
core_C56,18010,16632,0,180,3587,1782,6392034,0,-1,41,95,0,
core_C57,13407,13497,0,180,4501,1452,6535452,0,-1,105,103,0,
core_C58,16320,11088,1,90,2112,6416,13550592,0,106,79,69,1,
core_C59,14117,9072,1,0,6252,2016,12604032,0,-1,-1,24,0,
core_C60,13407,9537,0,0,2582,2541,6560862,0,-1,103,89,0,
core_C61,0,13299,0,270,1452,4482,6507864,0,40,90,18,0,
core_C62,23167,8547,0,180,3124,2046,6391704,0,27,68,108,1,
core_C64,16320,22469,1,0,5697,1824,10391328,0,-1,1,74,0,
core_C65,18010,29337,0,0,3570,1782,6361740,0,-1,43,87,0,
core_C66,9881,12936,0,0,3137,2079,6521823,0,-1,-1,101,1,
core_C67,13407,18480,0,0,2593,2541,6588813,0,-1,46,66,0,
core_C68,5478,5445,0,0,3704,1815,6722760,0,109,9,110,1,
core_C72,25104,7776,1,270,1968,6107,12018576,0,36,-1,6,0,
core_C74,27072,25397,1,180,4507,2928,13196496,0,33,2,57,0,
core_C75,10634,0,0,90,1287,3985,5128695,0,25,-1,109,1,
core_C77,18010,27291,0,180,3136,2046,6416256,0,-1,80,122,0,
core_C78,18010,20196,0,0,3584,1749,6268416,0,-1,96,41,0,
core_C79,13407,7524,0,0,3115,2013,6270495,0,55,76,21,1,
core_C80,0,17792,0,90,1617,4068,6577956,0,-1,115,77,0,
core_C81,21633,24163,0,180,4432,1452,6435264,0,-1,-1,123,1,
core_C82,7728,15888,1,180,6389,2112,13493568,0,24,-1,23,1,
core_C83,14859,28215,0,180,3151,2046,6446946,0,53,-1,59,1,
core_C84,26623,23760,0,270,1452,4397,6384444,0,121,45,11,0,
core_C85,18010,14817,0,0,3738,1815,6784470,0,108,72,35,0,
core_C86,18010,21945,0,0,3630,1815,6588450,0,-1,123,88,0,
core_C87,9935,21450,0,90,1353,4160,5628480,0,-1,-1,63,1,
core_C88,18010,10197,0,0,4512,1452,6551424,0,-1,71,56,0,
core_C89,13407,25311,0,180,4357,1452,6326364,0,-1,39,64,0,
core_C90,18010,32373,0,0,2694,1782,4800708,0,-1,4,43,0,
core_C91,5478,14289,0,0,4403,1452,6393156,0,81,19,58,0,
core_C92,22277,0,1,90,2112,6467,13658304,0,-1,-1,24,1,
core_C93,13407,12078,0,0,4275,1419,6066225,0,-1,73,76,0,
core_C94,24586,11649,0,90,1452,4387,6369924,0,-1,-1,47,1,
core_C96,13407,14949,0,0,4473,1485,6642405,0,-1,66,73,0,
core_C98,18432,11088,1,270,2064,6426,13263264,0,38,50,74,1,
core_C101,21748,21074,0,90,2046,3089,6320094,0,-1,-1,67,0,
core_C102,21748,11649,0,270,1419,4442,6303198,0,78,119,95,1,
core_C104,9182,0,0,90,1452,4421,6419292,0,86,-1,83,1,
core_C107,3861,13299,0,90,1617,4868,7871556,0,83,-1,111,1,
core_C108,2046,17792,0,270,1815,3655,6633825,0,110,65,42,1,
core_C109,11847,19505,0,90,1452,4405,6396060,0,-1,-1,113,0,
core_C110,11847,15015,0,90,1452,4490,6519480,0,-1,112,19,1,
core_C111,29184,7776,1,90,2064,6355,13116720,0,8,-1,36,1,
core_C112,0,21860,0,270,1518,3847,5839746,0,-1,42,90,0,
core_C113,21604,25615,0,0,4359,1419,6185421,0,-1,117,122,1,
core_C114,21604,27034,0,0,4392,1452,6377184,0,-1,-1,116,0,
core_C116,29527,25806,0,90,1749,3620,6331380,0,10,-1,49,1,
core_C117,21748,16091,0,180,4398,1452,6385896,0,-1,60,108,0,
core_C118,18010,1419,0,0,4416,1419,6266304,0,-1,29,53,0,
core_C119,28075,23760,0,180,3160,2046,6465360,0,-1,49,94,1,
core_C120,18010,25542,0,180,3594,1749,6285906,0,116,87,123,0,
core_C121,18010,23760,0,0,3623,1782,6456186,0,91,122,96,0,
Wirelength: 9.76006e+07
layer(tree) info:
layer: 0 ,width: 39922 ,height: 41389 ,area: 1652331658 ,blocks_area: 1324759722, filling_rate: 0.801752, utilizatio_rate: 0.792346
layer: 1 ,width: 39307 ,height: 40992 ,area: 1611272544 ,blocks_area: 1262469600, filling_rate: 0.783523, utilizatio_rate: 0.75509
random seed: 12
alpha: 0
gamma: 1
best wirelength: 9.76006e+07
initial_num_perturbs: 15376
iter: 0
best_iter: 0
best_cost: 0.255564
reject_time: 0
accept_inferior_time: 0
update_best_time: 0
adjustLegalOutline_fail_times: 0
outline_adjust_time: 3.589
initial_wirelength: 6.02746e+08
initial_average_wirelength: 2.35849e+09
6.02746e+08,initial_iter: 15376
initial_time: 14.279
total time cost: 100.192
