name,x,y,layer,rotated_angle,width,height,area,exceed_outline_area,left,right,parent,is_from_left,
macro_C8466,22968,33326,0,180,6369,5709,36360621,0,75,-1,11,1,
macro_C8467,1848,33224,0,180,6369,5709,36360621,0,3,-1,47,0,
macro_C16429,29337,34975,0,90,7524,5676,42706224,0,-1,-1,102,0,
macro_C16430,8217,31446,0,0,5676,7524,42706224,0,-1,-1,1,1,
macro_C32011,15873,16632,0,0,8613,4290,36949770,0,19,93,21,1,
macro_C32012,21549,5445,0,0,8613,4290,36949770,0,-1,-1,71,0,
macro_C39784,31919,28941,0,90,7854,5445,42765030,0,-1,-1,102,1,
macro_C39785,23727,25472,0,180,5445,7854,42765030,0,-1,-1,43,0,
macro_C55552,7260,20658,0,90,7854,5412,42505848,0,26,-1,21,0,
macro_C55553,1848,7524,0,0,5412,7854,42505848,0,-1,10,25,0,
macro_C63404,1848,15378,0,180,5412,7854,42505848,0,21,99,9,0,
macro_C63405,15114,35942,0,270,7854,5412,42505848,0,0,-1,28,0,
macro_C71293,12936,4290,0,90,7854,5412,42505848,0,-1,68,16,0,
macro_C71294,27177,8160,1,90,11232,7728,86800896,0,-1,-1,89,0,
macro_C86866,29721,0,1,0,9072,8160,74027520,0,-1,-1,89,1,
macro_C86867,30954,0,0,90,7524,5676,42706224,0,-1,18,17,1,
macro_C86868,12936,0,0,0,8613,4290,36949770,0,71,12,23,1,
macro_C86869,23100,0,0,90,7854,5445,42765030,0,15,-1,71,1,
macro_C86870,30954,5676,0,0,5412,7854,42505848,0,-1,-1,15,0,
macro_C94576,24486,9735,0,180,6369,5709,36360621,0,31,78,4,1,
macro_C94577,29475,15888,1,270,10752,8112,87220224,0,-1,-1,69,1,
macro_C94578,7260,16368,0,0,8613,4290,36949770,0,4,8,10,1,
macro_C94579,16599,9735,0,90,7854,5445,42765030,0,-1,42,115,1,
macro_C94580,7524,0,0,180,5412,7854,42505848,0,16,37,25,1,
macro_C102137,22798,31783,1,180,9072,8160,74027520,0,-1,-1,33,0,
macro_C102138,1848,0,0,0,5676,7524,42706224,0,23,9,56,1,
macro_C102139,15114,26240,0,0,8613,4290,36949770,0,43,28,8,1,
macro_C102140,15022,26335,1,0,7776,11232,87340032,0,33,-1,86,1,
macro_C102141,15114,30530,0,90,7854,5412,42505848,0,-1,11,26,0,
macro_C109812,25278,19103,0,270,5709,6369,36360621,0,-1,-1,43,1,
macro_C109813,32439,17820,0,90,7524,5676,42706224,0,-1,-1,84,1,
macro_C109814,30855,13530,0,180,8613,4290,36949770,0,-1,-1,19,1,
macro_C109815,31053,23496,0,90,7854,5445,42765030,0,-1,-1,84,0,
macro_C109816,22798,24055,1,90,11232,7728,86800896,0,-1,24,27,1,
core_C1,16888,9877,1,90,2592,5374,13929408,0,97,-1,60,1,
core_C3,10389,23743,1,0,5289,2592,13709088,0,74,86,67,1,
core_C4,2619,28831,1,0,5242,2592,13587264,0,79,85,50,0,
core_C5,7524,7854,0,0,3867,1881,7273827,0,-1,64,23,0,
core_C6,26268,15444,0,90,1782,3659,6520338,0,-1,-1,78,1,
core_C7,7212,29640,0,180,3677,1782,6552414,0,48,-1,117,0,
core_C11,0,3622,0,90,1815,3676,6671940,0,-1,56,70,0,
core_C13,7524,12804,0,0,3596,1782,6408072,0,-1,91,64,0,
core_C14,16599,15180,0,0,4374,1452,6351048,0,-1,-1,22,0,
core_C15,23727,20922,0,270,1551,3119,4837569,0,29,7,26,1,
core_C16,7212,26070,0,180,3635,1782,6477570,0,80,117,49,1,
core_C18,1848,26466,0,90,3498,1808,6324384,0,-1,123,94,0,
core_C19,17622,24486,0,0,3389,1650,5591850,0,-1,-1,87,0,
core_C22,1848,31475,0,0,3575,1749,6252675,0,-1,1,118,0,
core_C23,10889,29664,0,0,3614,1782,6440148,0,-1,-1,39,1,
core_C24,5430,24684,0,270,1782,3581,6381342,0,44,-1,94,1,
core_C26,2619,26287,1,180,5201,2544,13231344,0,-1,36,57,0,
core_C28,29337,29002,0,0,1781,3432,6112392,0,-1,102,75,0,
core_C30,19371,0,1,90,2496,5000,12480000,0,58,-1,65,1,
core_C31,12229,28639,1,90,2496,5085,12692160,0,-1,-1,114,1,
core_C32,15678,23208,1,0,5280,2544,13432320,0,-1,-1,74,0,
core_C33,22163,11652,1,0,2518,4992,12569856,0,103,-1,100,1,
core_C34,0,7298,0,270,1848,3775,6976200,0,25,-1,40,0,
core_C35,2619,20675,1,0,2579,5088,13121952,0,-1,50,72,0,
core_C36,21867,0,1,90,2400,4808,11539200,0,82,-1,52,1,
core_C37,2619,0,1,0,4581,1488,6816528,0,-1,62,81,1,
core_C38,11451,10427,1,180,5437,2640,14353680,0,34,-1,112,0,
core_C41,10104,10989,0,0,3639,1815,6604785,0,90,-1,64,1,
core_C42,2619,1488,1,270,3648,3728,13599744,0,105,106,59,0,
core_C43,8859,0,1,90,2592,5197,13470624,0,83,-1,105,1,
core_C45,7524,9735,0,180,2580,2574,6640920,0,61,41,37,0,
core_C47,16731,0,1,90,2640,5461,14417040,0,52,77,83,1,
core_C48,13899,18552,1,180,5218,2544,13274592,0,92,-1,120,1,
core_C49,5234,23743,1,0,5155,2544,13114320,0,35,-1,72,1,
core_C50,12936,9702,0,180,2626,1287,3379662,0,-1,-1,12,0,
core_C51,26931,16711,1,270,2544,5161,13129584,0,20,-1,98,1,
core_C54,0,0,0,90,1749,3622,6334878,0,-1,40,-1,0,
core_C55,21549,0,0,90,1551,3157,4896507,0,17,5,16,1,
core_C56,2619,15587,1,0,2615,5088,13305120,0,67,57,108,0,
core_C57,16658,15251,1,0,5247,2592,13600224,0,-1,-1,113,1,
core_C58,15678,21096,1,0,6416,2112,13550592,0,95,54,35,1,
core_C59,29337,25472,0,90,1716,3530,6057480,0,84,51,0,1,
core_C60,24267,5184,1,90,2112,6468,13660416,0,-1,-1,82,0,
core_C61,16731,5461,1,180,5227,2592,13548384,0,-1,-1,65,0,
core_C62,24486,15444,0,270,1782,3586,6390252,0,38,-1,19,0,
core_C64,7861,26287,1,270,1824,5697,10391328,0,114,-1,36,1,
core_C65,10847,26070,0,90,1782,3570,6361740,0,122,-1,44,1,
core_C66,0,0,1,180,2619,5184,13576896,0,59,-1,-1,0,
core_C67,24267,0,1,180,2646,5184,13716864,0,-1,76,58,1,
core_C68,11451,0,1,90,5280,2650,13992000,0,65,101,63,1,
core_C72,31053,17820,0,90,1386,4165,5772690,0,30,32,75,1,
core_C74,2619,31423,1,90,5088,2593,13193184,0,-1,-1,36,0,
core_C75,10389,26335,1,180,4633,2304,10674432,0,27,-1,35,0,
core_C77,17622,22704,0,0,3601,1782,6416982,0,96,46,116,1,
core_C78,8859,9484,1,180,2564,5088,13045632,0,113,-1,121,1,
core_C79,27177,0,1,90,2544,5131,13053264,0,14,13,103,1,
core_C80,13743,10989,0,270,1452,4530,6577560,0,115,-1,61,1,
core_C81,7524,14586,0,0,3611,1782,6434802,0,104,-1,41,0,
core_C82,19117,17843,1,270,5184,2602,13488768,0,98,-1,66,1,
core_C83,15873,20922,0,0,3618,1782,6447276,0,-1,116,4,0,
core_C84,1848,24684,0,0,3582,1782,6383124,0,49,45,99,0,
core_C85,22094,21895,1,180,6538,2160,14122080,0,-1,-1,74,1,
core_C86,21223,20922,0,90,1815,3630,6588450,0,-1,-1,87,1,
core_C87,19480,9877,1,0,2440,4800,11712000,0,-1,-1,34,1,
core_C88,24301,16711,1,180,2630,5184,13633920,0,69,-1,92,1,
core_C89,1848,23232,0,0,4357,1452,6326364,0,-1,94,10,0,
core_C90,16683,8053,1,180,5480,1824,9995520,0,55,-1,101,1,
core_C91,11451,2650,1,0,5232,2544,13310208,0,100,112,83,0,
core_C92,29337,32434,0,180,2582,2541,6560862,0,6,2,51,0,
core_C93,24681,11652,1,270,2496,5059,12627264,0,89,-1,55,1,
core_C94,11135,12804,0,180,1787,3564,6368868,0,-1,-1,91,1,
core_C96,6267,1488,1,90,2592,5333,13823136,0,63,111,62,1,
core_C98,2619,5216,1,90,2544,5214,13264416,0,-1,108,62,0,
core_C101,6267,14677,1,90,2544,5172,13157568,0,119,109,121,0,
core_C102,2619,10430,1,270,2544,5157,13119408,0,-1,72,106,0,
core_C104,6267,21117,1,90,5088,2626,13361088,0,120,-1,107,0,
core_C107,10875,15659,1,90,5664,2893,16385952,0,-1,-1,119,1,
core_C108,6267,6821,1,270,5184,2663,13804992,0,-1,121,105,0,
core_C109,11451,5194,1,270,2544,5233,13312752,0,-1,60,101,0,
core_C110,11423,13067,1,0,5235,2592,13569120,0,73,-1,88,1,
core_C111,9685,28639,1,90,2544,5156,13116864,0,53,-1,79,1,
core_C112,15195,10989,0,0,1404,4158,5837832,0,22,-1,90,1,
core_C113,15873,22704,0,270,1749,3536,6184464,0,87,-1,93,0,
core_C114,7212,27852,0,0,3579,1782,6377778,0,-1,39,44,0,
core_C116,1848,29726,0,180,3620,1749,6331380,0,-1,47,123,0,
core_C117,8811,14677,1,90,2064,6440,13292160,0,110,-1,107,1,
core_C118,11355,18552,1,90,2544,5127,13043088,0,66,-1,109,1,
core_C119,6267,9484,1,90,2592,5193,13460256,0,88,107,111,0,
core_C120,12629,26070,0,90,1749,3594,6285906,0,-1,-1,80,1,
core_C121,1848,28274,0,0,4446,1452,6455592,0,-1,118,45,0,
Wirelength: 1.04933e+08
layer(tree) info:
layer: 0 ,width: 39963 ,height: 41354 ,area: 1652629902 ,blocks_area: 1377732081, filling_rate: 0.83366, utilizatio_rate: 0.82403
layer: 1 ,width: 40227 ,height: 39943 ,area: 1606787061 ,blocks_area: 1163594688, filling_rate: 0.724175, utilizatio_rate: 0.695953
random seed: 1
alpha: 0
gamma: 1
best wirelength: 1.04933e+08
initial_num_perturbs: 15376
iter: 0
best_iter: 0
best_cost: 0.309482
reject_time: 0
accept_inferior_time: 0
update_best_time: 0
adjustLegalOutline_fail_times: 0
outline_adjust_time: 0.238
initial_wirelength: 1.15016e+09
initial_average_wirelength: 2.34599e+09
1.11735e+09,initial_iter: 15376
initial_time: 11.604
total time cost: 144.828
