name,x,y,layer,rotated_angle,width,height,area,exceed_outline_area,left,right,parent,is_from_left,
macro_C2791,0,6897,1,270,8580,11319,97117020,0,6,-1,12,0,
macro_C2792,0,0,0,0,11319,8580,97117020,0,2,3,-1,0,
macro_C2793,11319,0,0,180,11616,8448,98131968,0,-1,-1,1,1,
macro_C2794,0,8580,0,0,11616,8448,98131968,0,5,-1,1,0,
macro_C2795,10791,4644,1,0,11352,8679,98524008,0,-1,-1,6,1,
macro_C2796,11616,8448,0,0,11352,8679,98524008,0,-1,-1,3,1,
core_C0,8580,4644,1,90,2211,4550,10060050,0,4,-1,0,1,
core_C1,0,2310,1,0,4726,2310,10917060,0,8,12,9,0,
core_C4,4726,2211,1,0,2297,4554,10460538,0,-1,-1,7,1,
core_C7,0,0,1,0,4676,2310,10801560,0,11,7,-1,0,
core_C9,9109,0,1,90,2310,4644,10727640,0,13,-1,11,1,
core_C11,4676,0,1,180,4433,2211,9801363,0,10,-1,9,1,
core_C12,0,4620,1,0,4574,2277,10414998,0,-1,0,7,0,
core_C13,11419,0,1,270,2244,4559,10230396,0,-1,-1,10,1,
Wirelength: 5.99496e+06
layer(tree) info:
layer: 0 ,width: 22968 ,height: 17127 ,area: 393372936 ,blocks_area: 391904964, filling_rate: 0.996268, utilizatio_rate: 0.896808
layer: 1 ,width: 22143 ,height: 18216 ,area: 403356888 ,blocks_area: 279054633, filling_rate: 0.691831, utilizatio_rate: 0.638569
random seed: 18
alpha: 0
gamma: 1
best wirelength: 5.99496e+06
initial_num_perturbs: 196
iter: 0
best_iter: 0
best_cost: 1.27967
reject_time: 0
accept_inferior_time: 0
update_best_time: 0
adjustLegalOutline_fail_times: 0
outline_adjust_time: 0.002
initial_wirelength: 4.64725e+07
initial_average_wirelength: 3.9406e+07
3.09747e+07,initial_iter: 196
initial_time: 0.057
total time cost: 0.36
