name,x,y,layer,rotated_angle,width,height,area,exceed_outline_area,left,right,parent,is_from_left,
macro_C8466,15744,32736,1,0,9072,8160,74027520,0,-1,-1,35,0,
macro_C8467,7728,16224,1,0,9072,8160,74027520,0,-1,120,30,0,
macro_C16429,28848,26688,1,0,8112,10752,87220224,0,-1,-1,8,0,
macro_C16430,18720,21984,1,0,8112,10752,87220224,0,6,-1,25,0,
macro_C32011,19121,36784,0,0,8613,4290,36949770,0,-1,-1,62,0,
macro_C32012,33146,31891,0,90,4290,8613,36949770,0,-1,-1,114,0,
macro_C39784,26832,0,1,180,7776,11232,87340032,0,-1,9,3,1,
macro_C39785,33608,0,0,0,5445,7854,42765030,0,-1,-1,20,1,
macro_C55552,28848,18960,1,270,11232,7728,86800896,0,-1,2,53,1,
macro_C55553,26832,11232,1,90,11232,7728,86800896,0,-1,53,6,0,
macro_C63404,34730,20096,0,0,5412,7854,42505848,0,-1,-1,72,1,
macro_C63405,27733,19842,0,0,5412,7854,42505848,0,-1,-1,104,1,
macro_C71293,26159,5676,0,0,5412,7854,42505848,0,-1,-1,16,1,
macro_C71294,31991,7854,0,0,5412,7854,42505848,0,-1,105,51,1,
macro_C86866,5525,5495,0,180,6369,5709,36360621,0,-1,95,115,0,
macro_C86867,7728,0,1,90,10752,8112,87220224,0,-1,30,28,1,
macro_C86868,17546,9777,0,0,8613,4290,36949770,0,12,-1,61,1,
macro_C86869,14270,0,0,0,5445,7854,42765030,0,19,-1,83,1,
macro_C86870,0,0,0,0,5412,7854,42505848,0,-1,32,-1,0,
macro_C94576,19715,0,0,0,6369,5709,36360621,0,20,-1,17,1,
macro_C94577,26084,0,0,90,7524,5676,42706224,0,7,-1,19,1,
macro_C94578,7728,26928,1,90,6144,12288,75497472,0,86,-1,120,0,
macro_C94579,18720,0,1,0,7776,11232,87340032,0,-1,25,35,1,
macro_C94580,0,0,1,180,7728,11232,86800896,0,-1,33,-1,0,
macro_C102137,26645,27696,0,0,6369,5709,36360621,0,-1,82,85,1,
macro_C102138,18720,11232,1,180,8112,10752,87220224,0,-1,3,22,0,
macro_C102139,1584,32341,0,0,8613,4290,36949770,0,-1,-1,68,0,
macro_C102140,0,15708,0,180,5445,7854,42765030,0,-1,69,32,0,
macro_C102141,0,24528,1,0,7728,11232,86800896,0,15,-1,109,0,
macro_C109812,5525,15868,0,180,6369,5709,36360621,0,52,110,101,0,
macro_C109813,7728,8112,1,90,10752,8112,87220224,0,-1,1,15,0,
macro_C109814,21959,15552,0,0,8613,4290,36949770,0,51,91,47,1,
macro_C109815,0,7854,0,0,5445,7854,42765030,0,-1,27,18,0,
macro_C109816,0,11232,1,180,7728,11232,86800896,0,-1,109,23,0,
core_C1,1584,23562,0,180,3687,1815,6691905,0,-1,60,69,1,
core_C3,15744,24384,1,90,2976,4607,13710432,0,22,0,86,1,
core_C4,33146,28063,0,180,3662,1782,6525684,0,-1,114,81,0,
core_C5,12455,8029,0,0,2721,2673,7273233,0,-1,84,83,0,
core_C6,19121,14067,0,0,4491,1452,6520932,0,40,102,100,1,
core_C7,13907,25181,0,0,4513,1452,6552876,0,-1,123,111,0,
core_C11,23612,14067,0,180,4493,1485,6672105,0,-1,-1,38,1,
core_C13,8594,28004,0,90,2508,2555,6407940,0,76,-1,118,0,
core_C14,12455,12088,0,90,1452,4374,6351048,0,-1,66,84,0,
core_C15,19121,24816,0,180,2715,1782,4838130,0,-1,116,122,0,
core_C16,17509,19777,0,270,1452,4462,6478824,0,-1,-1,67,1,
core_C18,16448,26633,0,90,2046,3091,6324186,0,-1,96,123,1,
core_C19,11102,25480,0,90,1353,4133,5591949,0,83,117,118,1,
core_C22,20540,26598,0,270,1419,4407,6253533,0,31,98,103,1,
core_C23,12455,20854,0,90,1452,4436,6441072,0,-1,99,66,0,
core_C24,11102,31099,0,0,4395,1452,6381540,0,-1,64,117,0,
core_C26,23411,25114,0,270,1782,3567,6356394,0,104,-1,70,0,
core_C28,30572,13530,0,90,1419,4308,6113052,0,13,-1,31,1,
core_C30,11894,0,0,270,1386,4325,5994450,0,-1,-1,29,1,
core_C31,26832,18960,1,90,2016,6296,12692736,0,8,-1,9,0,
core_C32,16448,33354,0,180,2573,2508,6453084,0,-1,55,96,0,
core_C33,16448,35862,0,90,1419,4257,6040683,0,100,-1,54,0,
core_C34,23411,19842,0,180,4228,1650,6976200,0,-1,70,80,1,
core_C35,30638,33405,0,270,2508,2513,6302604,0,108,-1,58,1,
core_C36,28724,33405,0,270,1914,2897,5544858,0,57,-1,82,1,
core_C37,23621,35332,0,0,2919,1122,3275118,0,-1,-1,62,1,
core_C38,1584,25377,0,0,3731,1848,6894888,0,-1,107,34,0,
core_C41,13907,13639,0,0,3639,1815,6604785,0,16,75,71,0,
core_C42,19121,35332,0,0,4500,1452,6534000,0,59,4,103,0,
core_C43,7142,25480,0,90,1452,4457,6471564,0,118,94,97,0,
core_C45,11102,32551,0,180,4472,1485,6640920,0,-1,87,49,0,
core_C47,9738,0,0,270,1518,4563,6926634,0,-1,-1,115,1,
core_C48,12455,16462,0,90,1452,4392,6377184,0,-1,48,42,0,
core_C49,13907,19777,0,180,3602,1749,6299898,0,44,111,121,0,
core_C50,1584,28974,0,180,1862,1815,3379530,0,74,26,107,0,
core_C51,0,23562,0,90,1584,3982,6307488,0,34,-1,27,0,
core_C54,23411,21492,0,90,1749,3622,6334878,0,-1,50,56,0,
core_C55,13907,12088,0,180,3157,1551,4896507,0,78,61,99,1,
core_C56,33146,19536,0,270,1584,4035,6391440,0,10,81,108,0,
core_C57,13907,16873,0,0,4501,1452,6535452,0,-1,121,75,0,
core_C58,3446,28974,0,90,2079,3131,6509349,0,77,-1,68,1,
core_C59,13907,15454,0,180,4269,1419,6057711,0,-1,73,61,0,
core_C60,11102,35488,0,0,4520,1452,6563040,0,-1,-1,41,1,
core_C61,5525,0,0,270,1584,4109,6508656,0,-1,115,74,1,
core_C62,17064,7854,0,180,4402,1452,6391704,0,90,-1,71,1,
core_C64,21959,28681,0,180,3218,1551,4991118,0,-1,-1,80,0,
core_C65,21959,24274,0,90,1452,4381,6361212,0,56,79,91,0,
core_C66,33146,23571,0,270,1452,4492,6522384,0,-1,36,72,0,
core_C67,26645,33405,0,90,2079,3170,6590430,0,58,-1,24,0,
core_C68,12455,4325,0,90,1815,3704,6722760,0,17,37,46,1,
core_C72,12455,10702,0,180,4165,1386,5772690,0,-1,42,37,0,
core_C74,25193,27114,0,90,1452,4366,6339432,0,24,-1,88,0,
core_C75,13872,24384,1,270,1872,5703,10676016,0,35,-1,21,1,
core_C77,11102,34036,0,180,4419,1452,6416388,0,-1,-1,64,0,
core_C78,25193,24000,0,90,2013,3114,6268482,0,-1,85,104,0,
core_C79,20540,33583,0,180,3585,1749,6270165,0,-1,-1,98,0,
core_C80,21466,5709,0,270,1617,4068,6577956,0,-1,-1,78,1,
core_C81,21959,19842,0,90,1452,4432,6435264,0,-1,80,31,0,
core_C82,9928,11204,0,90,1452,4464,6481728,0,-1,-1,101,1,
core_C83,15722,21526,0,90,1782,3618,6447276,0,-1,-1,111,1,
core_C84,7142,30559,0,0,3582,1782,6383124,0,-1,-1,63,0,
core_C85,5525,11204,0,270,2112,3212,6783744,0,-1,101,14,0,
core_C86,16448,29724,0,90,1815,3630,6588450,0,-1,54,45,0,
core_C87,7142,24127,0,180,4160,1353,5628480,0,-1,63,113,0,
core_C88,20540,31005,0,270,2541,2578,6550698,0,-1,89,47,0,
core_C89,12455,25290,0,270,1452,4357,6326364,0,71,-1,48,0,
core_C90,17867,35862,0,90,1254,3829,4801566,0,38,-1,55,1,
core_C91,5525,14416,0,180,4403,1452,6393156,0,92,29,95,0,
core_C92,19121,15519,0,270,2541,2582,6560862,0,-1,119,38,0,
core_C93,19121,30957,0,90,1419,4275,6066225,0,47,62,116,0,
core_C94,25193,21492,0,180,2540,2508,6370320,0,11,88,50,1,
core_C96,31991,15708,0,0,3195,2079,6642405,0,-1,-1,13,0,
core_C98,36750,15708,0,270,1452,4388,6371376,0,-1,-1,108,1,
core_C101,1584,27225,0,0,3614,1749,6320886,0,-1,68,60,0,
core_C102,33146,17787,0,0,3604,1749,6303396,0,106,72,57,1,
core_C104,0,22464,1,180,6474,2064,13362336,0,-1,28,33,0,
core_C107,5525,21577,0,90,1617,4868,7871556,0,113,-1,29,0,
core_C108,13907,21526,0,90,1815,3655,6633825,0,93,39,67,0,
core_C109,9707,21577,0,270,2508,2550,6395400,0,-1,-1,113,1,
core_C110,7142,21577,0,180,2565,2541,6517665,0,112,97,110,1,
core_C111,33146,29845,0,180,3080,2046,6301680,0,-1,5,36,0,
core_C112,5525,4109,0,0,4213,1386,5839218,0,65,14,77,0,
core_C113,19121,26598,0,270,1419,4359,6185421,0,-1,103,43,0,
core_C114,11102,29647,0,0,4392,1452,6377184,0,-1,49,46,0,
core_C116,8594,25480,0,270,2508,2524,6330192,0,46,41,63,1,
core_C117,19121,18101,0,90,2046,3121,6385566,0,-1,122,102,0,
core_C118,7728,24384,1,180,5127,2544,13043088,0,-1,21,1,0,
core_C119,13907,18325,0,180,4453,1452,6465756,0,-1,67,73,0,
core_C120,19121,21222,0,90,1749,3594,6285906,0,-1,43,119,0,
core_C121,13907,26633,0,90,2541,2541,6456681,0,45,-1,39,0,
Wirelength: 7.98456e+07
layer(tree) info:
layer: 0 ,width: 40142 ,height: 41074 ,area: 1648792508 ,blocks_area: 1289808333, filling_rate: 0.782274, utilizatio_rate: 0.771442
layer: 1 ,width: 40080 ,height: 40896 ,area: 1639111680 ,blocks_area: 1331822784, filling_rate: 0.812527, utilizatio_rate: 0.796571
random seed: 15
alpha: 0
gamma: 1
best wirelength: 7.98456e+07
initial_num_perturbs: 15376
iter: 0
best_iter: 0
best_cost: 0.111092
reject_time: 0
accept_inferior_time: 0
update_best_time: 0
adjustLegalOutline_fail_times: 0
outline_adjust_time: 1.071
initial_wirelength: 2.713e+08
initial_average_wirelength: 2.44212e+09
2.713e+08,initial_iter: 15376
initial_time: 11.812
total time cost: 100.189
