name,x,y,layer,rotated_angle,width,height,area,exceed_outline_area,left,right,parent,is_from_left,
macro_C8466,1452,10461,0,270,5709,6369,36360621,0,32,105,49,1,
macro_C8467,15312,23974,1,270,8160,9072,74027520,0,60,-1,55,0,
macro_C16429,0,28176,1,270,10752,8112,87220224,0,-1,-1,114,0,
macro_C16430,13200,33046,1,90,10752,8112,87220224,0,12,-1,54,0,
macro_C32011,8283,29416,0,0,8613,4290,36949770,0,14,10,80,0,
macro_C32012,6440,15888,1,90,6144,12288,75497472,0,-1,-1,119,1,
macro_C39784,23265,26915,0,90,7854,5445,42765030,0,17,-1,14,1,
macro_C39785,23952,33264,1,90,11232,7776,87340032,0,-1,-1,12,0,
macro_C55552,1452,25575,0,0,5412,7854,42505848,0,-1,11,94,0,
macro_C55553,16137,33706,0,270,7854,5412,42505848,0,18,-1,10,1,
macro_C63404,8283,33706,0,90,7854,5412,42505848,0,9,-1,4,0,
macro_C63405,1452,33429,0,0,5412,7854,42505848,0,122,-1,8,0,
macro_C71293,23952,22032,1,0,7728,11232,86800896,0,24,7,3,1,
macro_C71294,26544,14304,1,90,11232,7728,86800896,0,-1,-1,60,1,
macro_C86866,16896,27930,0,180,6369,5709,36360621,0,6,-1,4,1,
macro_C86867,25801,12034,0,90,7524,5676,42706224,0,-1,-1,101,1,
macro_C86868,30574,22229,0,180,8613,4290,36949770,0,-1,-1,65,1,
macro_C86869,31119,26519,0,90,7854,5445,42765030,0,-1,-1,6,1,
macro_C86870,23991,32360,0,90,7854,5412,42505848,0,-1,-1,9,1,
macro_C94576,25488,6144,1,180,9072,8160,74027520,0,-1,-1,26,0,
macro_C94577,13200,0,1,90,10752,8112,87220224,0,-1,85,57,1,
macro_C94578,13200,11040,1,0,12288,6144,75497472,0,26,54,85,0,
macro_C94579,21054,1452,0,90,7854,5445,42765030,0,28,112,109,0,
macro_C94580,16495,8349,0,90,7854,5412,42505848,0,101,111,93,1,
macro_C102137,31680,22032,1,270,8160,9072,74027520,0,-1,-1,12,1,
macro_C102138,30115,5412,0,90,7524,5676,42706224,0,-1,-1,86,1,
macro_C102139,25488,0,1,180,12288,6144,75497472,0,-1,19,21,1,
macro_C102140,34447,11088,0,180,5445,7854,42765030,0,-1,-1,102,1,
macro_C102141,28908,0,0,90,7854,5412,42505848,0,-1,-1,22,1,
macro_C109812,0,7728,1,0,9072,8160,74027520,0,107,50,33,0,
macro_C109813,7161,9935,0,90,7524,5676,42706224,0,99,97,32,0,
macro_C109814,4445,0,0,0,8613,4290,36949770,0,42,-1,69,1,
macro_C109815,7161,4490,0,90,7854,5445,42765030,0,89,30,0,1,
macro_C109816,0,0,1,90,11232,7728,86800896,0,-1,29,-1,0,
core_C1,1452,18315,0,0,4507,1485,6692895,0,116,72,105,0,
core_C3,20962,13761,0,180,3168,2079,6586272,0,-1,-1,111,1,
core_C4,0,23904,1,0,6433,2112,13586496,0,-1,114,119,0,
core_C5,18051,0,0,90,1551,4690,7274190,0,90,61,59,1,
core_C6,20897,23813,0,90,1584,4117,6521328,0,75,-1,78,1,
core_C7,12729,24169,0,180,3677,1782,6552414,0,-1,82,123,1,
core_C11,24976,22097,0,0,4126,1617,6671742,0,-1,-1,104,0,
core_C13,16495,15246,0,90,2508,2555,6407940,0,-1,44,111,0,
core_C14,13058,0,0,90,2046,3104,6350784,0,-1,115,31,1,
core_C15,8283,23806,0,0,3858,1254,4837932,0,-1,123,48,0,
core_C16,16495,17801,0,90,1452,4462,6478824,0,76,73,41,0,
core_C18,7161,16964,0,180,4356,1452,6324912,0,-1,-1,97,0,
core_C19,8283,19835,0,90,2343,2386,5590398,0,84,48,122,1,
core_C22,0,14918,0,270,1419,4407,6253533,0,-1,49,63,0,
core_C23,8283,22354,0,180,4436,1452,6441072,0,64,43,46,0,
core_C24,0,19325,0,270,1452,4395,6381540,0,0,-1,47,0,
core_C26,0,15888,1,180,6411,2064,13232304,0,-1,79,29,0,
core_C28,31576,17710,0,90,1419,4308,6113052,0,102,-1,52,1,
core_C30,30190,17710,0,90,1386,4325,5994450,0,51,-1,68,1,
core_C31,26878,8481,0,90,1716,3553,6096948,0,-1,-1,86,0,
core_C32,13200,17184,1,90,2112,6360,13432320,0,103,3,21,0,
core_C33,15312,21766,1,180,5694,2208,12572352,0,-1,1,103,0,
core_C34,22529,20332,0,90,2145,3252,6975540,0,-1,-1,77,1,
core_C35,11136,7728,1,90,2064,6357,13120848,0,20,-1,107,1,
core_C36,12664,27403,0,180,4098,1353,5544594,0,-1,-1,80,1,
core_C37,17028,4490,0,270,1023,3201,3274623,0,37,-1,89,1,
core_C38,23472,17184,1,90,3072,4672,14352384,0,13,-1,1,1,
core_C41,18051,4690,0,90,1815,3639,6604785,0,-1,-1,37,0,
core_C42,15015,7605,0,90,1452,4500,6534000,0,-1,-1,89,0,
core_C43,0,10461,0,270,1452,4457,6471564,0,-1,47,113,0,
core_C45,12719,22354,0,180,3659,1815,6641085,0,-1,-1,48,1,
core_C47,26011,23714,0,0,4563,1518,6926634,0,16,-1,75,1,
core_C48,0,1584,0,180,4392,1452,6377184,0,-1,69,74,0,
core_C49,1452,21252,0,180,4440,1419,6300360,0,-1,106,72,0,
core_C50,29134,17710,0,270,1056,3201,3380256,0,52,-1,70,1,
core_C51,0,3036,0,0,4445,1419,6307455,0,31,92,66,0,
core_C54,27682,17710,0,90,1452,4363,6335076,0,68,-1,71,1,
core_C55,26428,17710,0,270,1254,3905,4896870,0,70,-1,104,1,
core_C56,1452,19800,0,180,4402,1452,6391704,0,-1,67,34,0,
core_C57,16495,22361,0,180,4501,1452,6535452,0,-1,78,44,0,
core_C58,0,0,0,0,4110,1584,6510240,0,-1,66,-1,0,
core_C59,22481,23714,0,0,3530,1716,6057480,0,65,83,38,1,
core_C60,17947,17801,0,90,1452,4520,6563040,0,87,-1,44,1,
core_C61,19399,20282,0,0,3130,2079,6507270,0,56,-1,87,0,
core_C62,16495,23813,0,180,4402,1452,6391704,0,38,-1,73,0,
core_C64,0,17952,1,0,5697,1824,10391328,0,-1,88,50,0,
core_C65,8283,27964,0,180,4381,1452,6361212,0,58,4,118,0,
core_C66,23524,15840,0,90,1452,4492,6522384,0,104,-1,108,1,
core_C67,12729,25951,0,0,4539,1452,6590628,0,-1,-1,39,0,
core_C68,22481,25430,0,180,4527,1485,6722595,0,-1,-1,75,0,
core_C72,10626,18416,0,180,2965,1947,5772855,0,117,96,46,1,
core_C74,13200,8112,1,0,4507,2928,13196496,0,-1,21,20,0,
core_C75,26878,6897,0,0,3237,1584,5127408,0,25,53,120,1,
core_C77,19399,15246,0,270,1452,4419,6416388,0,100,77,76,1,
core_C78,0,19776,1,0,6321,2064,13046544,0,-1,119,79,0,
core_C79,15015,4490,0,90,2013,3115,6270495,0,59,62,32,1,
core_C80,19602,0,0,90,1452,4530,6577560,0,109,-1,37,1,
core_C81,5959,19835,0,90,2046,3145,6434670,0,-1,-1,116,0,
core_C82,0,4455,0,0,4464,1452,6481728,0,-1,95,69,0,
core_C83,15043,16462,0,90,1452,4440,6446880,0,23,-1,117,1,
core_C84,1452,24123,0,180,4397,1452,6384444,0,-1,8,106,0,
core_C85,0,5907,0,180,4569,1485,6784965,0,-1,110,92,0,
core_C86,10626,20902,0,180,4538,1452,6589176,0,-1,-1,84,0,
core_C87,7161,15611,0,180,4160,1353,5628480,0,-1,45,30,0,
core_C88,18192,17184,1,270,2976,4582,13636032,0,121,-1,103,1,
core_C89,14685,12105,0,270,1452,4357,6326364,0,-1,-1,30,1,
core_C90,20851,15840,0,270,1254,3829,4801566,0,108,-1,87,1,
core_C91,24349,11313,0,90,1452,4403,6393156,0,15,-1,23,1,
core_C92,32995,17710,0,90,1452,4519,6561588,0,27,-1,51,1,
core_C93,15312,17184,1,90,2880,4384,12625920,0,98,55,54,1,
core_C94,24976,17710,0,90,1452,4387,6369924,0,71,40,81,1,
core_C96,1452,16830,0,0,4473,1485,6642405,0,-1,34,0,0,
core_C98,1452,22671,0,180,4388,1452,6371376,0,-1,94,67,0,
core_C101,9072,7728,1,90,2064,6374,13155936,0,57,-1,29,1,
core_C102,22105,15840,0,90,1419,4442,6303198,0,81,-1,100,1,
core_C104,21054,0,0,180,4421,1452,6419292,0,-1,22,90,1,
core_C107,0,7392,0,180,4868,1617,7871556,0,-1,113,95,0,
core_C108,16495,13761,0,180,4467,1485,6633495,0,35,41,23,0,
core_C109,21054,6897,0,0,4405,1452,6396060,0,120,-1,22,0,
core_C110,0,9009,0,0,4490,1452,6519480,0,-1,63,110,0,
core_C111,0,26016,1,0,6355,2064,13116720,0,-1,2,36,0,
core_C112,13058,3104,0,180,4213,1386,5839218,0,-1,-1,42,0,
core_C113,5959,18416,0,180,4359,1419,6185421,0,-1,91,34,1,
core_C114,13591,16462,0,90,1452,4392,6377184,0,93,-1,84,1,
core_C116,8283,26512,0,0,4361,1452,6332172,0,-1,80,123,0,
core_C117,0,21840,1,180,6440,2064,13292160,0,5,36,88,0,
core_C118,25459,6897,0,90,1419,4416,6266304,0,86,-1,112,1,
core_C119,21168,17184,1,270,2304,5842,13459968,0,-1,-1,98,1,
core_C120,6864,22980,0,90,1419,4431,6287589,0,46,-1,11,1,
core_C121,8283,25060,0,180,4446,1452,6455592,0,39,118,43,0,
Wirelength: 9.07064e+07
layer(tree) info:
layer: 0 ,width: 39892 ,height: 41283 ,area: 1646861436 ,blocks_area: 1292617260, filling_rate: 0.784897, utilizatio_rate: 0.773122
layer: 1 ,width: 39840 ,height: 41158 ,area: 1639734720 ,blocks_area: 1328223696, filling_rate: 0.810024, utilizatio_rate: 0.794418
random seed: 26
alpha: 0
gamma: 1
best wirelength: 9.07064e+07
initial_num_perturbs: 15376
iter: 0
best_iter: 0
best_cost: 0.194698
reject_time: 0
accept_inferior_time: 0
update_best_time: 0
adjustLegalOutline_fail_times: 0
outline_adjust_time: 7.464
initial_wirelength: 5.19528e+08
initial_average_wirelength: 2.66837e+09
5.19528e+08,initial_iter: 15376
initial_time: 18.124
total time cost: 100.19
