name,x,y,layer,rotated_angle,width,height,area,exceed_outline_area,left,right,parent,is_from_left,
core_C90,7953,4290,0,90,1254,3829,4801566,0,26,38,43,1,
core_C67,0,36384,1,180,5954,2304,13718016,0,-1,-1,94,0,
core_C34,11616,13344,1,90,3072,4727,14521344,0,-1,-1,32,0,
core_C16,6144,33959,1,90,3648,3697,13486656,0,-1,-1,115,0,
core_C18,25377,0,0,270,2046,3091,6324186,0,62,-1,84,1,
core_C22,17853,0,0,270,1749,3575,6252675,0,24,27,92,1,
core_C56,36720,11232,1,270,2304,5775,13305600,0,-1,-1,68,1,
core_C110,30360,0,0,270,1452,4490,6519480,0,-1,108,59,1,
core_C118,27423,4454,0,270,1419,4416,6266304,0,-1,22,62,0,
core_C60,4686,22737,0,0,3156,2079,6561324,0,99,-1,80,0,
core_C68,0,21984,1,0,6625,2112,13992000,0,-1,94,96,0,
core_C35,25806,32354,0,180,3980,1584,6304320,0,85,-1,116,1,
core_C114,34650,11354,0,270,1452,4392,6377184,0,-1,-1,79,1,
core_C48,30360,9902,0,0,4392,1452,6377184,0,-1,77,108,0,
core_C4,21054,15854,0,180,4495,1452,6526740,0,-1,100,119,0,
core_C98,19296,15888,1,180,6426,2064,13263264,0,-1,53,97,0,
core_C107,0,12672,0,270,2277,3457,7871589,0,-1,87,89,0,
core_C6,30048,11232,1,270,2592,5237,13574304,0,-1,-1,97,1,
core_C78,31779,11354,0,90,1419,4417,6267723,0,79,-1,77,1,
core_C33,23664,22080,1,270,2208,5694,12572352,0,63,-1,23,1,
core_C50,19296,32406,1,180,4728,1488,7035264,0,110,-1,37,0,
core_C119,32406,21485,0,270,1452,4453,6465756,0,107,-1,88,0,
core_C65,27423,8922,0,90,1452,4381,6361212,0,51,65,8,0,
core_C84,21600,25968,1,90,2064,6438,13288032,0,19,-1,37,1,
core_C92,19602,0,0,270,1452,4519,6561588,0,58,30,5,1,
core_C26,0,9735,0,0,4378,1452,6356856,0,-1,89,103,0,
core_C42,9207,0,0,270,1452,4500,6534000,0,76,28,0,1,
core_C108,17853,3575,0,90,1485,4467,6633495,0,-1,-1,5,0,
core_C93,9207,4500,0,270,1716,3535,6066060,0,-1,75,26,0,
core_C14,12111,0,0,270,1452,4374,6351048,0,92,-1,76,1,
core_C91,19602,4519,0,90,1452,4403,6393156,0,-1,-1,24,0,
core_C55,7728,0,1,90,1824,5589,10194336,0,109,-1,112,1,
core_C88,11616,11232,1,0,6456,2112,13635072,0,42,2,86,1,
core_C66,18072,36246,1,0,5893,2304,13577472,0,-1,-1,42,0,
core_C5,19296,22080,1,180,3894,3888,15139872,0,-1,37,40,0,
core_C28,17280,0,1,270,2016,6311,12722976,0,104,-1,109,1,
core_C62,28908,25367,0,180,2548,2508,6390384,0,-1,57,105,1,
core_C75,19296,25968,1,90,2304,4633,10674432,0,23,20,34,0,
core_C80,7953,9454,0,0,4530,1452,6577560,0,-1,64,0,0,
core_C54,3234,20518,0,90,1452,4363,6335076,0,55,-1,48,1,
core_C117,19296,20016,1,0,6440,2064,13292160,0,-1,34,53,0,
core_C112,7821,28645,0,0,3469,1683,5838327,0,-1,-1,123,1,
core_C1,18072,33894,1,0,5923,2352,13930896,0,-1,33,32,1,
core_C104,6171,9735,0,90,1782,3602,6418764,0,0,-1,55,1,
core_C96,0,19033,0,180,4473,1485,6642405,0,-1,47,54,0,
core_C51,7842,27226,0,180,4445,1419,6307455,0,-1,-1,99,0,
core_C32,1452,30590,0,0,4444,1452,6452688,0,91,-1,123,0,
core_C116,0,20518,0,270,1452,4361,6332172,0,48,49,44,0,
core_C24,1452,20518,0,90,1782,3581,6381342,0,39,123,47,1,
core_C61,0,32042,0,180,4482,1452,6507864,0,-1,117,47,0,
core_C109,13563,14631,0,0,3126,2046,6395796,0,-1,74,122,0,
core_C111,28875,8922,0,90,1419,4441,6301779,0,-1,-1,22,1,
core_C102,32406,15811,0,90,2046,3081,6303726,0,-1,88,101,1,
core_C89,19296,17952,1,0,6379,2064,13166256,0,-1,40,15,0,
core_C7,0,17581,0,0,4513,1452,6552876,0,-1,44,87,0,
core_C85,4686,9735,0,90,1485,4569,6784965,0,43,111,39,1,
core_C36,30528,0,1,270,1920,6011,11541120,0,113,-1,104,1,
core_C3,28908,27875,0,0,4536,1452,6586272,0,-1,-1,36,0,
core_C79,21054,0,0,270,1419,4419,6270561,0,82,121,24,1,
core_C47,28842,0,0,90,1518,4563,6926634,0,7,72,62,1,
core_C41,27423,16391,0,0,4549,1452,6605148,0,-1,-1,121,1,
core_C94,27888,15888,1,270,2064,6424,13259136,0,71,-1,63,1,
core_C101,27423,0,0,90,1419,4454,6320226,0,59,8,4,1,
core_C31,25872,15888,1,90,2016,6296,12692736,0,61,90,19,1,
core_C64,7953,10906,0,90,1287,3879,4992273,0,81,-1,38,0,
core_C30,27423,13363,0,90,1980,3028,5995440,0,-1,-1,22,0,
core_C37,19656,17799,0,270,1023,3201,3274623,0,-1,-1,93,1,
core_C87,7161,20197,0,180,4160,1353,5628480,0,-1,-1,80,1,
core_C15,34896,11232,1,90,1824,5520,10068480,0,6,-1,70,1,
core_C11,21054,24830,0,180,3209,2079,6671511,0,-1,105,100,0,
core_C72,32736,11232,1,90,2160,5564,12018240,0,68,-1,71,1,
core_C19,29952,16469,1,90,2784,4179,11634336,0,70,-1,61,1,
core_C113,28842,4563,0,90,1419,4359,6185421,0,-1,-1,59,0,
core_C58,13266,34880,0,90,1452,4483,6509316,0,98,-1,114,1,
core_C38,13563,16677,0,0,3265,2112,6895680,0,83,-1,50,0,
core_C59,9207,8035,0,0,4269,1419,6057711,0,-1,-1,28,0,
core_C82,10659,0,0,90,1452,4464,6481728,0,29,-1,26,1,
core_C49,30360,11354,0,90,1419,4440,6300360,0,18,-1,13,0,
core_C83,16828,16215,0,180,4070,1584,6446880,0,-1,-1,83,0,
core_C43,33198,11354,0,270,1452,4457,6471564,0,12,-1,18,1,
core_C120,4686,20197,0,270,2475,2540,6286500,0,67,9,111,0,
core_C74,9240,10906,0,180,4002,1584,6339168,0,-1,-1,64,1,
core_C23,22473,0,0,270,1452,4436,6441072,0,84,-1,58,1,
core_C57,16828,14631,0,0,4126,1584,6535584,0,-1,78,74,1,
core_C81,23925,0,0,270,1452,4432,6435264,0,4,-1,82,1,
core_C121,29786,29327,0,90,1584,4076,6456384,0,106,102,11,1,
core_C13,9552,11232,1,270,2064,6460,13333440,0,32,-1,109,0,
core_C77,0,16129,0,0,4419,1452,6416388,0,-1,54,16,0,
core_C86,32406,18892,0,90,2541,2593,6588813,0,-1,21,52,0,
core_C45,0,11187,0,180,4472,1485,6640920,0,-1,16,25,0,
macro_C124176,25872,22312,1,180,12288,6144,75497472,0,-1,-1,63,0,
macro_C124187,5896,30590,0,0,8613,4290,36949770,0,118,-1,46,1,
macro_C124192,13563,0,0,270,4290,8613,36949770,0,5,122,29,1,
macro_C124197,15366,18789,0,270,4290,8613,36949770,0,66,-1,99,1,
macro_C124175,0,24096,1,270,6144,12288,75497472,0,115,1,10,0,
macro_C124202,0,0,0,0,8613,4290,36949770,0,-1,103,-1,0,
macro_C124174,0,11232,1,180,8112,10752,87220224,0,120,10,112,0,
macro_C124201,19296,7776,1,90,10752,8112,87220224,0,17,15,104,0,
macro_C124196,14718,33111,0,180,5676,7524,42706224,0,116,-1,73,1,
macro_C124186,7842,21550,0,90,7524,5676,42706224,0,93,45,9,1,
macro_C124173,21054,17306,0,180,5676,7524,42706224,0,101,69,14,0,
macro_C124191,26730,17843,0,0,5676,7524,42706224,0,52,-1,100,1,
macro_C124198,29786,34784,0,270,7854,5445,42765030,0,-1,-1,85,0,
macro_C124188,0,4290,0,90,7854,5445,42765030,0,-1,25,95,0,
macro_C124203,19296,0,1,270,11232,7776,87340032,0,56,97,35,1,
macro_C124178,21054,26909,0,270,7854,5445,42765030,0,36,-1,69,0,
macro_C124193,31370,29339,0,270,7854,5445,42765030,0,-1,-1,85,1,
macro_C124177,33858,21485,0,180,5445,7854,42765030,0,-1,-1,21,1,
macro_C124189,30360,4490,0,90,7854,5412,42505848,0,-1,13,7,0,
macro_C124179,9552,0,1,0,7728,11232,86800896,0,35,86,31,1,
macro_C124180,24024,28456,1,0,7728,11232,86800896,0,-1,-1,20,1,
macro_C124181,4686,14785,0,270,7854,5412,42505848,0,-1,80,55,0,
macro_C124182,0,0,1,180,7728,11232,86800896,0,31,96,-1,0,
macro_C124183,32448,0,1,0,7728,11232,86800896,0,-1,-1,56,1,
macro_C124184,5412,34880,0,270,7854,5412,42505848,0,73,-1,117,1,
macro_C124194,6144,26231,1,270,11232,7728,86800896,0,-1,3,94,1,
macro_C124199,20394,33111,0,0,5412,7854,42505848,0,11,-1,98,1,
macro_C124204,0,33494,0,0,5412,7854,42505848,0,114,-1,49,0,
macro_C124185,14509,27402,0,0,6369,5709,36360621,0,-1,-1,91,1,
macro_C124190,21054,10145,0,180,6369,5709,36360621,0,-1,14,121,0,
macro_C124195,8112,18071,1,0,9072,8160,74027520,0,-1,-1,96,1,
macro_C124200,21054,4436,0,180,6369,5709,36360621,0,60,119,58,0,
macro_C124172,13563,8922,0,0,6369,5709,36360621,0,-1,50,92,0,
macro_C124171,1452,24881,0,180,6369,5709,36360621,0,41,46,48,0,
Wirelength: 1.67111e+08
layer(tree) info:
layer: 0 ,width: 39303 ,height: 41348 ,area: 1625100444 ,blocks_area: 1332238017, filling_rate: 0.819788, utilizatio_rate: 0.796819
layer: 1 ,width: 40176 ,height: 39688 ,area: 1594505088 ,blocks_area: 1250445216, filling_rate: 0.784222, utilizatio_rate: 0.747899
random seed: 16
alpha: 0
gamma: 1
best wirelength: 1.67111e+08
initial_num_perturbs: 3720
iter: 0
best_iter: 0
best_cost: 0.272532
reject_time: 0
accept_inferior_time: 0
update_best_time: 0
adjustLegalOutline_fail_times: 0
outline_adjust_time: 7.435
initial_wirelength: 6.39058e+08
initial_average_wirelength: 2.34489e+09
6.39058e+08,initial_iter: 3720
initial_time: 29.412
total time cost: 50.216
