name,x,y,layer,rotated_angle,width,height,area,exceed_outline_area,left,right,parent,is_from_left,
macro_C2791,2297,2310,0,90,8580,11319,97117020,0,4,-1,8,1,
macro_C2792,10877,8679,0,180,11319,8580,97117020,0,-1,-1,4,0,
macro_C2793,9021,0,1,180,11616,8448,98131968,0,-1,-1,11,1,
macro_C2794,0,8780,1,0,11616,8448,98131968,0,5,-1,12,0,
macro_C2795,10877,0,0,0,11352,8679,98524008,0,-1,1,0,1,
macro_C2796,11616,8448,1,180,11352,8679,98524008,0,-1,-1,3,1,
core_C0,3308,4620,1,90,3168,3175,10058400,0,-1,-1,7,1,
core_C1,0,2279,1,180,3308,3300,10916400,0,6,12,13,0,
core_C4,0,2310,0,0,2297,4554,10460538,0,0,-1,9,0,
core_C7,0,0,0,0,4676,2310,10801560,0,-1,8,-1,0,
core_C9,4488,0,1,0,2322,4620,10727640,0,11,-1,13,1,
core_C11,6810,0,1,90,2211,4433,9801363,0,2,-1,10,1,
core_C12,0,5579,1,180,3254,3201,10416054,0,-1,3,7,0,
core_C13,0,0,1,90,4488,2279,10228152,0,10,7,-1,0,
Wirelength: 2.07803e+07
layer(tree) info:
layer: 0 ,width: 22229 ,height: 17259 ,area: 383650311 ,blocks_area: 314020146, filling_rate: 0.818506, utilizatio_rate: 0.718582
layer: 1 ,width: 22968 ,height: 17228 ,area: 395692704 ,blocks_area: 356935953, filling_rate: 0.902053, utilizatio_rate: 0.816787
random seed: 17
alpha: 0
gamma: 1
best wirelength: 2.07803e+07
initial_num_perturbs: 196
iter: 0
best_iter: 0
best_cost: 0.7219
reject_time: 0
accept_inferior_time: 0
update_best_time: 0
adjustLegalOutline_fail_times: 0
outline_adjust_time: 0.002
initial_wirelength: 4.64725e+07
initial_average_wirelength: 9.67608e+07
2.0839e+07,initial_iter: 196
initial_time: 0.029
total time cost: 0.465
