name,x,y,layer,rotated_angle,width,height,area,exceed_outline_area,left,right,parent,is_from_left,
macro_C2790,33,0,1,270,33,142,4686,0,1,-1,4,1,
macro_C2791,66,0,1,270,33,308,10164,0,2,-1,0,1,
macro_C2792,99,0,1,270,33,384,12672,0,-1,5,1,1,
macro_C2793,99,493,1,270,33,90,2970,0,-1,-1,5,0,
macro_C2794,0,0,1,270,33,142,4686,0,0,-1,-1,0,
macro_C2795,99,384,1,270,33,109,3597,0,-1,3,2,0,
core_C0,1881,0,0,90,1815,5542,10058730,0,8,-1,7,1,
core_C1,0,0,0,90,1881,5804,10917324,0,6,12,-1,0,
core_C4,3696,0,0,90,2640,3962,10459680,0,10,13,6,1,
core_C7,10791,0,0,90,1881,5743,10802583,0,-1,-1,11,1,
core_C9,6336,0,0,90,2673,4014,10729422,0,11,-1,8,1,
core_C11,9009,0,0,90,1782,5500,9801000,0,9,-1,10,1,
core_C12,0,6621,0,0,5174,2013,10415262,0,-1,-1,7,0,
core_C13,3696,4014,0,180,3924,2607,10229868,0,-1,-1,8,0,
Wirelength: 5.40011e+19
layer(tree) info:
layer: 0 ,width: 12672 ,height: 8634 ,area: 109410048 ,blocks_area: 83413869, filling_rate: 0.762397, utilizatio_rate: 0.190878
layer: 1 ,width: 132 ,height: 583 ,area: 76956 ,blocks_area: 38775, filling_rate: 0.503859, utilizatio_rate: 8.873e-05
random seed: 1
alpha: 0
gamma: 1
best wirelength: 5.40011e+19
initial_num_perturbs: 420
iter: 0
best_iter: 0
best_cost: 0.655106
reject_time: 0
accept_inferior_time: 0
update_best_time: 0
adjustLegalOutline_fail_times: 0
outline_adjust_time: 0
initial_wirelength: 8.16671e+20
initial_average_wirelength: 8.64407e+20
5.53274e+20,initial_iter: 420
initial_time: 0.039
total time cost: 0.537
