name,x,y,layer,rotated_angle,width,height,area,exceed_outline_area,left,right,parent,is_from_left,
core_C90,25014,20398,0,270,1782,2694,4800708,0,-1,64,34,0,
core_C67,13776,20640,1,180,6496,2112,13719552,0,112,33,86,0,
core_C34,7161,39508,0,180,4228,1650,6976200,0,50,-1,13,1,
core_C16,13776,33024,1,180,6386,2112,13487232,0,-1,24,95,0,
core_C18,27715,10890,0,180,4356,1452,6324912,0,-1,-1,8,0,
core_C22,26064,0,1,270,2064,6307,13017648,0,62,58,90,1,
core_C56,27918,18277,0,180,4402,1452,6391704,0,-1,-1,38,0,
core_C110,33627,10890,0,270,1452,4490,6519480,0,-1,116,51,1,
core_C118,27715,0,0,90,1419,4416,6266304,0,84,4,113,1,
core_C60,0,4565,1,180,6468,2112,13660416,0,18,17,14,0,
core_C68,10978,30974,0,90,1485,4527,6722595,0,-1,-1,36,1,
core_C35,7854,35066,0,90,1419,4442,6303198,0,29,-1,25,0,
core_C114,0,8789,1,180,4533,2928,13272624,0,121,20,17,0,
core_C48,5709,20394,0,90,1452,4392,6377184,0,2,-1,119,1,
core_C4,0,0,1,270,2976,4565,13585440,0,-1,9,-1,0,
core_C98,0,13349,1,0,4530,2928,13263840,0,-1,26,20,0,
core_C107,5445,4325,0,270,1617,4868,7871556,0,-1,-1,65,0,
core_C6,0,6677,1,180,6427,2112,13573824,0,-1,12,9,0,
core_C78,6468,0,1,0,5129,2544,13048176,0,19,-1,9,1,
core_C33,11597,0,1,270,2016,6237,12573792,0,-1,-1,18,1,
core_C50,0,11717,1,180,4311,1632,7035552,0,-1,15,12,0,
core_C119,13776,0,1,180,6373,2112,13459776,0,-1,59,114,1,
core_C65,19775,0,0,270,1782,3570,6361740,0,108,-1,23,1,
core_C84,15378,0,0,0,4397,1452,6384444,0,22,-1,98,1,
core_C92,13776,35136,1,180,6467,2112,13658304,0,27,-1,3,0,
core_C26,7854,33020,0,0,3107,2046,6356922,0,-1,11,36,0,
core_C42,0,16949,1,180,6439,2112,13599168,0,-1,92,15,0,
core_C108,20243,33024,1,0,4566,3024,13807584,0,100,-1,24,1,
core_C93,22402,15708,0,270,1551,3911,6065961,0,-1,-1,63,1,
core_C14,9273,35066,0,270,1452,4374,6351048,0,68,-1,11,1,
core_C91,0,25205,1,90,2544,5232,13310208,0,114,32,92,0,
core_C55,13992,28070,0,270,1254,3905,4896870,0,103,-1,69,1,
core_C88,0,32933,1,0,4582,2976,13636032,0,120,-1,30,0,
core_C66,13776,22752,1,180,6429,2112,13578048,0,-1,35,1,0,
core_C5,25014,15708,0,270,1551,4690,7274190,0,67,0,46,1,
core_C28,13776,24864,1,0,6311,2016,12722976,0,-1,95,33,0,
core_C62,7854,30974,0,180,3124,2046,6391704,0,10,25,85,0,
core_C75,13776,4272,1,180,5703,1872,10676016,0,-1,42,59,0,
core_C80,27918,16825,0,180,4530,1452,6577560,0,-1,6,73,0,
core_C54,20691,25835,0,270,1452,4363,6335076,0,80,-1,103,1,
core_C117,12403,8547,0,90,1452,4398,6385896,0,72,-1,60,1,
core_C112,20790,19639,0,180,4213,1386,5839218,0,-1,-1,110,1,
core_C1,13776,6144,1,0,6596,2112,13930752,0,-1,90,37,0,
core_C104,16127,22215,0,0,3602,1782,6418764,0,47,48,87,1,
core_C96,26301,23092,0,90,1485,4473,6642405,0,122,-1,64,1,
core_C51,12497,18621,0,270,2046,3083,6307818,0,87,-1,74,1,
core_C32,23562,23104,0,90,1452,4444,6452688,0,34,-1,80,1,
core_C116,19729,22215,0,90,1749,3620,6331380,0,49,-1,43,1,
core_C24,16127,23997,0,180,3581,1782,6381342,0,-1,-1,43,0,
core_C61,21478,21025,0,180,3130,2079,6507270,0,-1,-1,47,1,
core_C109,11389,38216,0,180,3126,2046,6395796,0,91,-1,2,1,
core_C111,32208,10890,0,90,1419,4441,6301779,0,7,-1,78,1,
core_C102,0,7854,0,180,4442,1419,6303198,0,-1,101,105,0,
core_C89,13776,16512,1,0,6379,2064,13166256,0,-1,86,76,0,
core_C7,15406,11424,0,180,4513,1452,6552876,0,-1,55,107,0,
core_C85,15406,12876,0,180,4569,1485,6784965,0,-1,-1,54,0,
core_C36,7854,20106,0,180,2897,1914,5544858,0,66,123,74,0,
core_C3,7854,28070,0,180,4536,1452,6586272,0,-1,85,123,0,
core_C79,26064,11518,1,180,4458,2928,13053024,0,-1,-1,5,0,
core_C47,13776,2112,1,0,6675,2160,14418000,0,89,37,21,0,
core_C41,7854,9999,0,180,4549,1452,6605148,0,40,71,88,0,
core_C94,22563,0,1,90,2064,6424,13259136,0,-1,-1,89,1,
core_C101,28128,0,1,90,2544,5172,13157568,0,115,82,5,1,
core_C31,20851,15708,0,90,1551,3931,6096981,0,28,-1,83,0,
core_C64,25014,23092,0,270,1287,3879,4992273,0,44,-1,0,0,
core_C30,5445,0,0,270,1386,4325,5994450,0,-1,16,105,1,
core_C37,10751,20106,0,90,1452,2255,3274260,0,-1,-1,56,1,
core_C87,26565,15708,0,270,1353,4160,5628480,0,73,-1,34,1,
core_C15,10725,35501,0,90,1782,2715,4838130,0,69,-1,29,1,
core_C11,12507,28070,0,270,1485,4493,6672105,0,31,-1,68,1,
core_C72,29370,12342,0,270,1386,4165,5772690,0,78,-1,73,1,
core_C19,7854,11451,0,0,4133,1353,5591949,0,-1,97,60,0,
core_C113,13855,8547,0,90,1551,3988,6185388,0,107,-1,40,1,
core_C58,27918,12342,0,90,1452,4483,6509316,0,70,38,67,1,
core_C38,7854,18621,0,0,4643,1485,6894855,0,45,56,97,0,
core_C59,33495,23234,0,270,1980,3059,6056820,0,-1,-1,122,1,
core_C82,13776,14400,1,0,6389,2112,13493568,0,-1,53,90,0,
core_C49,7854,0,0,180,4440,1419,6300360,0,-1,81,104,1,
core_C83,30756,12342,0,270,1452,4440,6446880,0,51,-1,70,1,
core_C43,5676,26763,0,90,1452,4457,6471564,0,-1,-1,96,1,
core_C120,22143,23104,0,270,1419,4431,6287589,0,46,-1,39,1,
core_C74,7854,1419,0,180,4366,1452,6339432,0,-1,98,77,0,
core_C23,28128,5172,1,270,2112,6346,13402752,0,-1,-1,62,0,
core_C57,20851,7854,0,90,1452,4501,6535452,0,113,63,107,1,
core_C81,29134,0,0,270,1452,4432,6435264,0,102,106,8,1,
core_C121,7854,29522,0,0,4446,1452,6455592,0,-1,36,57,0,
core_C13,13776,18576,1,0,6460,2064,13333440,0,-1,1,53,0,
core_C77,14543,22215,0,270,1584,4051,6416784,0,43,-1,45,1,
core_C86,7854,8547,0,0,4538,1452,6589176,0,-1,60,98,0,
core_C45,20451,0,1,270,2112,6543,13818816,0,61,-1,59,1,
macro_C124176,13776,8256,1,0,12288,6144,75497472,0,5,76,42,0,
macro_C124187,14515,34120,0,0,8613,4290,36949770,0,111,-1,50,1,
macro_C124192,0,19061,1,0,12288,6144,75497472,0,-1,30,26,0,
macro_C124197,26064,22464,1,180,12288,6144,75497472,0,-1,-1,95,1,
macro_C124175,28540,26237,0,90,4290,8613,36949770,0,117,-1,111,1,
macro_C124202,13776,26880,1,180,12288,6144,75497472,0,93,3,35,0,
macro_C124174,0,26763,0,180,5676,7524,42706224,0,79,118,119,0,
macro_C124201,7854,12945,0,90,7524,5676,42706224,0,110,74,71,0,
macro_C124196,7854,2871,0,90,7524,5676,42706224,0,23,88,81,0,
macro_C124186,23128,35419,0,270,7524,5676,42706224,0,-1,-1,111,0,
macro_C124173,24809,33024,1,270,10752,8112,87220224,0,-1,-1,27,1,
macro_C124191,0,9273,0,270,7524,5676,42706224,0,-1,104,52,0,
macro_C124198,30586,0,0,90,7854,5445,42765030,0,-1,-1,84,1,
macro_C124188,15246,26266,0,180,5445,7854,42765030,0,39,-1,31,1,
macro_C124203,0,14949,0,270,7854,5445,42765030,0,77,119,101,0,
macro_C124178,0,0,0,0,5445,7854,42765030,0,65,52,-1,0,
macro_C124193,29134,5445,0,270,7854,5445,42765030,0,-1,-1,84,0,
macro_C124177,15406,3570,0,0,5445,7854,42765030,0,83,54,72,1,
macro_C124189,21557,0,0,0,5412,7854,42505848,0,-1,-1,22,1,
macro_C124179,31504,11232,1,180,7728,11232,86800896,0,-1,-1,112,1,
macro_C124180,15378,14361,0,180,5412,7854,42505848,0,41,-1,97,1,
macro_C124181,23128,27565,0,0,5412,7854,42505848,0,94,99,91,1,
macro_C124182,20272,14446,1,90,11232,7728,86800896,0,109,-1,1,1,
macro_C124183,22303,7854,0,0,5412,7854,42505848,0,8,-1,83,1,
macro_C124184,2544,25205,1,90,11232,7728,86800896,0,21,-1,30,1,
macro_C124194,30672,0,1,0,7728,11232,86800896,0,-1,-1,62,1,
macro_C124199,33627,15380,0,0,5412,7854,42505848,0,-1,-1,7,0,
macro_C124204,32830,26293,0,0,5412,7854,42505848,0,-1,-1,94,1,
macro_C124185,0,34287,0,180,6369,5709,36360621,0,-1,-1,96,0,
macro_C124190,0,20394,0,270,5709,6369,36360621,0,13,96,104,0,
macro_C124195,4582,32933,1,180,9072,8160,74027520,0,-1,-1,32,1,
macro_C124200,4533,8789,1,180,9072,8160,74027520,0,-1,-1,12,1,
macro_C124172,27786,19868,0,90,5709,6369,36360621,0,75,-1,44,1,
macro_C124171,7854,22361,0,180,6369,5709,36360621,0,-1,57,56,0,
Wirelength: 1.58802e+08
layer(tree) info:
layer: 0 ,width: 39039 ,height: 41158 ,area: 1606767162 ,blocks_area: 1319175231, filling_rate: 0.821012, utilizatio_rate: 0.789006
layer: 1 ,width: 39232 ,height: 41136 ,area: 1613847552 ,blocks_area: 1278188256, filling_rate: 0.792013, utilizatio_rate: 0.764492
random seed: 12
alpha: 0
gamma: 1
best wirelength: 1.58802e+08
initial_num_perturbs: 3720
iter: 0
best_iter: 0
best_cost: 0.2625
reject_time: 0
accept_inferior_time: 0
update_best_time: 0
adjustLegalOutline_fail_times: 0
outline_adjust_time: 2.498
initial_wirelength: 6.65884e+08
initial_average_wirelength: 2.5367e+09
6.65884e+08,initial_iter: 3720
initial_time: 5.005
total time cost: 50.215
