name,x,y,layer,rotated_angle,width,height,area,exceed_outline_area,left,right,parent,is_from_left,
macro_C8466,34650,33634,0,90,5709,6369,36360621,0,-1,-1,49,0,
macro_C8467,31104,21984,1,270,8160,9072,74027520,0,-1,-1,25,1,
macro_C16429,28608,31872,1,90,10752,8112,87220224,0,-1,-1,27,1,
macro_C16430,29664,11232,1,180,8112,10752,87220224,0,-1,-1,21,1,
macro_C32011,30987,7854,0,0,8613,4290,36949770,0,-1,-1,78,1,
macro_C32012,35807,17898,0,90,4290,8613,36949770,0,-1,-1,59,1,
macro_C39784,34947,0,0,0,5445,7854,42765030,7854,-1,-1,8,1,
macro_C39785,28608,0,1,0,7776,11232,87340032,0,-1,-1,13,1,
macro_C55552,29535,0,0,0,5412,7854,42505848,0,6,78,12,1,
macro_C55553,9372,5676,0,180,5412,7854,42505848,0,108,22,90,1,
macro_C63404,1056,5412,0,0,5412,7854,42505848,0,-1,14,68,1,
macro_C63405,0,0,0,90,7854,5412,42505848,0,-1,68,-1,0,
macro_C71293,24123,0,0,0,5412,7854,42505848,0,8,51,70,1,
macro_C71294,17376,0,1,90,11232,7728,86800896,0,7,23,28,1,
macro_C86866,1056,13266,0,0,6369,5709,36360621,0,-1,85,10,0,
macro_C86867,6144,10752,1,90,10752,8112,87220224,0,-1,17,31,1,
macro_C86868,0,34368,1,0,12288,6144,75497472,0,-1,-1,31,0,
macro_C86869,6144,18864,1,90,11232,7776,87340032,0,-1,28,15,0,
macro_C86870,10824,26136,0,0,5412,7854,42505848,0,-1,79,119,1,
macro_C94576,16368,9900,0,90,5709,6369,36360621,0,104,121,72,0,
macro_C94577,7920,0,0,90,7524,5676,42706224,0,-1,106,42,1,
macro_C94578,17376,15456,1,0,12288,6144,75497472,0,3,95,23,0,
macro_C94579,9372,13530,0,0,5445,7854,42765030,0,115,40,9,0,
macro_C94580,17376,7728,1,90,11232,7728,86800896,0,-1,21,13,0,
macro_C102137,27489,34098,0,270,5709,6369,36360621,0,80,-1,47,1,
macro_C102138,20352,23760,1,90,10752,8112,87220224,0,1,-1,35,1,
macro_C102139,5035,31841,0,90,4290,8613,36949770,0,-1,-1,114,1,
macro_C102140,17376,33452,1,90,11232,7776,87340032,0,2,-1,35,0,
macro_C102141,6144,26640,1,90,11232,7728,86800896,0,13,-1,17,0,
macro_C109812,16368,0,0,270,5709,6369,36360621,0,70,81,97,1,
macro_C109813,0,0,1,180,8112,10752,87220224,0,-1,31,-1,0,
macro_C109814,0,10752,1,90,6144,12288,75497472,0,15,16,30,0,
macro_C109815,24486,15939,0,90,7854,5445,42765030,0,82,54,44,1,
macro_C109816,20592,33227,0,0,5412,7854,42505848,0,-1,-1,120,0,
core_C1,14817,18880,0,90,1485,4507,6692895,0,-1,-1,61,0,
core_C3,17376,28845,1,270,2976,4607,13710432,0,25,27,53,0,
core_C4,4026,18975,0,180,3662,1782,6525684,0,-1,83,57,1,
core_C5,9372,24453,0,0,4322,1683,7273926,0,63,77,113,0,
core_C6,28050,9273,0,90,1452,4491,6520932,0,-1,-1,75,1,
core_C7,29107,23463,0,90,1617,4053,6553701,0,-1,-1,98,0,
core_C11,9372,21384,0,0,4493,1485,6672105,0,-1,113,22,0,
core_C13,19140,27561,0,90,1452,4413,6407676,0,60,-1,87,0,
core_C14,5412,27527,0,90,2508,2532,6350256,0,20,101,50,0,
core_C15,22143,31470,0,180,3491,1386,4838526,0,-1,-1,120,1,
core_C16,22440,24239,0,90,2046,3166,6477636,0,32,-1,60,1,
core_C18,28116,32646,0,0,4356,1452,6324912,0,-1,-1,99,0,
core_C19,17787,25985,0,90,1353,4133,5591949,0,56,-1,67,1,
core_C22,26070,33676,0,90,1419,4407,6253533,0,24,-1,94,0,
core_C23,26070,27408,0,90,2046,3148,6440808,0,-1,94,91,1,
core_C24,34650,29606,0,90,1584,4028,6380352,0,-1,0,80,1,
core_C26,5412,24420,0,270,2046,3107,6356922,0,-1,42,52,1,
core_C28,24123,7854,0,0,4308,1419,6113052,0,-1,-1,12,0,
core_C30,4026,24420,0,90,1386,4325,5994450,0,50,-1,65,0,
core_C31,17376,23760,1,90,2496,5085,12692160,0,-1,35,95,0,
core_C32,24486,21384,0,180,3154,2046,6453084,0,-1,96,32,0,
core_C33,32340,16683,0,90,1419,4257,6040683,0,-1,-1,82,0,
core_C34,19140,16269,0,90,1518,4596,6976728,0,69,110,46,1,
core_C35,2607,18975,0,90,1419,4442,6303198,0,36,-1,88,1,
core_C36,35211,12144,0,270,1353,4098,5544594,0,62,-1,89,1,
core_C37,33969,17898,0,180,1838,1782,3275316,0,5,118,122,1,
core_C38,20592,23142,0,90,1848,3731,6894888,0,44,73,41,1,
core_C41,14817,14331,0,90,1452,4549,6605148,0,-1,34,115,0,
core_C42,36564,12144,0,270,1452,4500,6534000,0,-1,-1,58,1,
core_C43,13694,23387,0,180,2547,2541,6471927,0,-1,-1,37,1,
core_C45,32258,21384,0,90,1485,4472,6640920,0,-1,-1,98,1,
core_C47,4026,22572,0,0,3748,1848,6926304,0,-1,52,83,0,
core_C48,16368,20351,0,0,2542,2508,6375336,0,-1,112,121,0,
core_C49,16368,25985,0,90,1419,4440,6300360,0,46,109,112,0,
core_C50,0,5412,0,90,1056,3201,3380256,0,10,-1,11,0,
core_C51,20658,16269,0,90,1419,4445,6307455,0,-1,-1,56,1,
core_C54,22077,0,0,90,2046,3097,6336462,0,12,105,29,1,
core_C55,7920,10064,0,90,1254,3905,4896870,0,-1,90,106,0,
core_C56,16368,8448,0,0,4402,1452,6391704,0,-1,19,81,0,
core_C57,20592,27405,0,180,3667,1782,6534594,0,-1,120,60,0,
core_C58,22597,20586,0,90,1782,3653,6509646,0,103,-1,92,0,
core_C59,26631,9273,0,90,1419,4269,6057711,0,38,-1,102,1,
core_C60,29535,12256,0,90,1782,3683,6563106,0,-1,-1,78,0,
core_C61,9372,26136,0,90,1452,4482,6507864,0,-1,119,37,0,
core_C62,29535,7854,0,90,1452,4402,6391704,0,4,76,8,0,
core_C64,10824,33990,0,90,1287,3879,4992273,0,107,-1,18,0,
core_C65,33198,30287,0,90,1452,4381,6361212,0,49,-1,24,1,
core_C66,16368,6369,0,0,3137,2079,6521823,0,-1,72,29,0,
core_C67,32340,12144,0,90,1452,4539,6590628,0,89,55,32,1,
core_C68,4026,20757,0,0,3704,1815,6722760,0,-1,65,36,0,
core_C72,22077,7570,0,90,1386,4165,5772690,0,-1,-1,105,0,
core_C74,1056,18975,0,90,1452,4366,6339432,0,-1,88,14,0,
core_C75,16368,32933,0,180,3985,1287,5128695,0,-1,-1,109,0,
core_C77,19140,23142,0,270,1452,4419,6416388,0,-1,41,110,0,
core_C78,1056,23341,0,90,1551,4041,6267591,0,57,114,85,0,
core_C79,33792,12144,0,90,1419,4419,6270561,0,58,100,82,1,
core_C80,7920,13969,0,90,1452,4530,6577560,0,9,-1,71,0,
core_C81,24486,27408,0,90,1584,4062,6434208,0,48,-1,123,0,
core_C82,22597,16122,0,90,1452,4464,6481728,0,102,74,110,1,
core_C83,27655,21384,0,90,1452,4440,6446880,0,98,-1,96,1,
core_C84,26070,30556,0,90,2046,3120,6383520,0,99,47,48,0,
core_C85,17376,21600,1,0,6538,2160,14122080,0,-1,53,21,0,
core_C86,24486,23430,0,0,3169,2079,6588351,0,93,123,54,0,
core_C87,15015,33990,0,90,1353,4160,5628480,0,29,-1,111,1,
core_C88,29107,21384,0,0,3151,2079,6550929,0,64,39,93,1,
core_C89,28116,29067,0,90,2046,3092,6326232,0,117,45,94,1,
core_C90,33792,16644,0,0,3829,1254,4801566,0,-1,-1,89,0,
core_C91,5412,30059,0,180,3588,1782,6393816,0,-1,-1,42,0,
core_C92,24049,9273,0,0,2582,2541,6560862,0,75,-1,92,1,
core_C93,24379,13542,0,0,3535,1716,6066060,0,-1,-1,74,1,
core_C94,22077,11735,0,90,1452,4387,6369924,0,-1,-1,19,1,
core_C96,22077,3097,0,90,1485,4473,6642405,0,-1,84,70,0,
core_C98,7920,5676,0,90,1452,4388,6371376,0,-1,71,20,0,
core_C101,12111,33990,0,90,1419,4454,6320226,0,111,-1,79,1,
core_C102,14784,5676,0,90,1419,4442,6303198,0,-1,-1,9,1,
core_C104,16368,30425,0,180,2559,2508,6417972,0,-1,86,67,0,
core_C107,19140,20865,0,0,3457,2277,7871589,0,92,87,56,0,
core_C108,13530,33990,0,90,1485,4467,6633495,0,97,-1,107,1,
core_C109,16368,22859,0,90,2046,3126,6395796,0,-1,67,66,0,
core_C110,9372,22869,0,0,4116,1584,6519744,0,-1,37,40,0,
core_C111,1056,28745,0,0,3979,1584,6302736,0,26,-1,88,0,
core_C112,14817,10118,0,90,1386,4213,5839218,0,-1,61,22,1,
core_C113,28562,27516,0,180,3988,1551,6185388,0,122,-1,123,1,
core_C114,30162,29067,0,270,1782,3579,6377778,0,-1,-1,99,1,
core_C116,33969,26511,0,90,2046,3095,6332370,0,-1,-1,59,0,
core_C117,9372,30618,0,90,1452,4398,6385896,0,18,-1,77,0,
core_C118,20592,29187,0,90,1551,4040,6266040,0,43,33,73,0,
core_C119,16368,16269,0,270,1584,4082,6465888,0,-1,66,19,0,
core_C120,32550,25856,0,90,1419,4431,6287589,0,59,-1,116,1,
core_C121,24486,25824,0,0,4076,1584,6456384,0,116,91,96,0,
Wirelength: 8.46124e+07
layer(tree) info:
layer: 0 ,width: 40392 ,height: 41081 ,area: 1659343752 ,blocks_area: 1305553095, filling_rate: 0.786789, utilizatio_rate: 0.780859
layer: 1 ,width: 39360 ,height: 41228 ,area: 1622734080 ,blocks_area: 1299568512, filling_rate: 0.800851, utilizatio_rate: 0.777279
random seed: 27
alpha: 0
gamma: 1
best wirelength: 8.46124e+07
initial_num_perturbs: 15376
iter: 0
best_iter: 0
best_cost: 0.0985791
reject_time: 0
accept_inferior_time: 0
update_best_time: 0
adjustLegalOutline_fail_times: 0
outline_adjust_time: 0.472
initial_wirelength: 2.47966e+08
initial_average_wirelength: 2.51541e+09
2.47966e+08,initial_iter: 15376
initial_time: 11.223
total time cost: 100.192
