name,x,y,layer,rotated_angle,width,height,area,exceed_outline_area,left,right,parent,is_from_left,
macro_C2790,11352,0,0,90,8580,11319,97117020,0,-1,10,5,1,
macro_C2791,0,10263,1,0,11319,8580,97117020,0,8,-1,6,0,
macro_C2792,13167,0,1,90,8448,11616,98131968,0,-1,12,8,1,
macro_C2793,0,0,1,180,11616,8448,98131968,0,-1,6,-1,0,
macro_C2794,0,8679,0,180,11352,8679,98524008,0,11,-1,5,0,
macro_C2795,0,0,0,180,11352,8679,98524008,0,0,4,-1,0,
core_C0,0,8448,1,0,5542,1815,10058730,0,-1,1,3,0,
core_C1,16302,11319,0,270,2079,5251,10916829,0,-1,-1,11,1,
core_C4,11319,8448,1,270,1848,5660,10459680,0,2,9,1,1,
core_C7,11319,14108,1,180,5280,2046,10802880,0,-1,-1,8,0,
core_C9,11352,11319,0,180,4644,2310,10727640,0,-1,-1,0,0,
core_C11,11352,13629,0,0,4950,1980,9801000,0,7,-1,4,1,
core_C12,13167,11616,1,180,5174,2013,10415262,0,13,-1,2,0,
core_C13,18341,11616,1,90,1815,5637,10231155,0,-1,-1,12,1,
Wirelength: 2.71049e+07
layer(tree) info:
layer: 0 ,width: 19932 ,height: 17358 ,area: 345979656 ,blocks_area: 325610505, filling_rate: 0.941126, utilizatio_rate: 0.745104
layer: 1 ,width: 21615 ,height: 18843 ,area: 407291445 ,blocks_area: 345348663, filling_rate: 0.847915, utilizatio_rate: 0.790272
random seed: 13
alpha: 0
gamma: 1
best wirelength: 2.71049e+07
initial_num_perturbs: 420
iter: 0
best_iter: 0
best_cost: 0.789358
reject_time: 0
accept_inferior_time: 0
update_best_time: 0
adjustLegalOutline_fail_times: 0
outline_adjust_time: 0.012
initial_wirelength: 6.12822e+07
initial_average_wirelength: 7.76104e+07
6.12624e+07,initial_iter: 420
initial_time: 0.051
total time cost: 0.521
