name,x,y,layer,rotated_angle,width,height,area,exceed_outline_area,left,right,parent,is_from_left,
macro_C415824,46276,4485,1,0,8625,37030,319383750,0,320,463,282,1,
macro_C393731,184,86902,1,0,8625,37030,319383750,0,-1,-1,614,0,
macro_C396425,25016,21589,0,0,5520,23736,131022720,0,429,-1,427,1,
macro_C399323,23874,3565,1,0,8625,37030,319383750,0,460,547,64,1,
macro_C401933,44896,41821,0,0,5520,23736,131022720,0,220,145,446,0,
macro_C404827,69920,2208,0,0,5520,23736,131022720,0,-1,-1,416,1,
macro_C407516,26956,57093,0,0,5520,23736,131022720,0,-1,606,318,0,
macro_C410398,56396,42358,0,0,5520,23736,131022720,0,183,14,539,1,
macro_C413082,37605,43930,1,0,8625,37030,319383750,0,-1,620,13,0,
macro_C40987,67528,82874,0,0,5520,23736,131022720,0,262,398,92,1,
macro_C418718,60477,24375,1,0,8625,37030,319383750,0,82,-1,54,1,
macro_C421703,38916,56906,0,0,5520,23736,131022720,0,-1,-1,186,0,
macro_C424481,13823,10925,1,0,8625,37030,319383750,0,378,424,251,1,
macro_C427156,37605,6900,1,0,8625,37030,319383750,0,447,8,604,1,
macro_C429952,56396,66094,0,0,5520,23736,131022720,0,-1,295,7,0,
macro_C432667,34960,85702,0,0,5520,23736,131022720,0,584,81,379,0,
macro_C38059,3956,0,0,0,5520,23736,131022720,0,24,325,165,1,
macro_C78506,44896,82339,0,0,5520,23736,131022720,0,-1,466,247,0,
macro_C390724,50600,105083,0,0,5520,23736,131022720,0,277,-1,380,0,
macro_C43597,23874,46808,1,0,8625,37030,319383750,0,48,34,453,0,
macro_C46411,11408,102011,0,0,5520,23736,131022720,0,-1,-1,356,0,
macro_C48981,276,11385,1,0,8625,37030,319383750,0,63,74,614,1,
macro_C51791,13823,51750,1,0,8625,37030,319383750,0,-1,599,424,0,
macro_C54384,50291,12528,0,0,5520,23736,131022720,0,535,-1,613,1,
macro_C57054,9476,0,0,0,5520,23736,131022720,0,241,-1,16,1,
macro_C62277,28980,97328,0,0,5520,23736,131022720,0,490,-1,362,0,
macro_C65066,5796,23736,0,0,5520,23736,131022720,0,445,343,325,1,
macro_C67838,65504,57114,0,0,5520,23736,131022720,0,648,638,30,0,
macro_C70493,17020,89924,0,0,5520,23736,131022720,0,465,62,149,1,
macro_C73067,5796,49956,0,0,5520,23736,131022720,0,315,396,343,0,
macro_C75793,65504,33378,0,0,5520,23736,131022720,0,244,27,425,0,
macro_C59667,42872,15509,0,0,5520,23736,131022720,0,-1,641,440,0,
core_C930,0,119255,0,90,3588,3667,13157196,0,-1,33,509,0,
core_C1124,0,122922,0,0,3688,3680,13571840,0,-1,556,32,0,
core_C1270,23874,83838,1,0,5782,3680,21277760,0,574,582,19,0,
core_C1382,36892,66084,0,90,2024,6366,12884784,0,186,506,379,1,
core_C1112,42045,80642,0,90,2760,4315,11909400,0,-1,-1,191,1,
core_C126,47528,86291,1,90,3565,5411,19290215,0,-1,527,406,0,
core_C1684,16171,49226,0,90,2024,6440,13034560,0,-1,-1,491,1,
core_C1556,14147,55530,0,90,2024,6440,13034560,0,216,442,491,0,
core_C599,47528,72462,1,0,6316,3105,19611180,0,-1,497,555,0,
core_C919,8878,80720,1,0,4646,4485,20837310,0,-1,154,100,1,
core_C1502,60053,108663,1,90,2530,8114,20528420,0,626,53,438,0,
core_C356,73048,87395,0,90,2484,5078,12613752,0,-1,305,552,0,
core_C1322,34085,23085,0,180,6443,2024,13040632,0,-1,-1,114,0,
core_C1329,9195,27760,1,90,3680,5595,20589600,0,-1,312,152,1,
core_C1044,13156,92075,0,0,3687,3680,13568160,0,-1,223,49,0,
core_C318,11316,38844,0,180,4244,2760,11713440,0,420,395,381,0,
core_C1681,32499,46808,1,90,2530,7998,20234940,0,-1,125,19,1,
core_C1652,13156,87711,0,90,2760,4364,12044640,0,444,46,270,0,
core_C667,0,82712,0,0,3820,3680,14057600,0,441,151,199,0,
core_C285,17753,70653,0,0,4535,2944,13351040,0,321,213,270,1,
core_C15,65504,101745,0,90,2024,6346,12844304,0,-1,573,531,0,
core_C925,60053,116777,1,0,6545,3105,20322225,0,650,-1,42,0,
core_C1409,54844,47253,1,0,5633,3565,20081645,0,10,388,637,1,
core_C562,64998,99958,1,180,6978,2760,19259280,0,-1,245,96,0,
core_C168,35052,41254,0,180,4326,2852,12337752,0,-1,326,432,1,
core_C458,62307,77383,1,0,7240,2875,20815000,0,147,-1,90,1,
core_C1109,13915,110949,1,0,4646,4600,21371600,0,219,541,103,0,
core_C943,39974,121820,1,0,4522,4485,20281170,0,-1,-1,212,1,
core_C1583,63065,67155,1,270,3680,5578,20527040,0,86,-1,144,1,
core_C100,69690,50530,1,90,1725,5758,9932550,0,598,310,630,0,
core_C1141,17020,113660,0,90,3680,3681,13546080,0,-1,559,28,0,
core_C879,8901,7946,1,180,7486,2760,20661360,0,335,131,21,1,
core_C355,21574,94760,1,90,2300,7427,17082100,0,3,-1,113,1,
core_C387,61937,112675,0,90,3496,3598,12578608,0,-1,-1,237,0,
core_C647,62100,23887,0,90,2484,5233,12998772,0,-1,367,104,0,
core_C439,58006,17863,1,90,2530,4099,10370470,0,-1,-1,449,1,
core_C721,23874,103134,1,0,6620,3105,20555100,0,-1,532,624,0,
core_C239,8878,106699,1,180,4603,4485,20644455,0,-1,256,543,0,
core_C1333,60053,95208,1,0,4628,4485,20756580,0,-1,268,175,1,
core_C266,69598,41905,1,180,4429,4370,19354730,0,-1,617,636,0,
core_C951,64998,108282,1,0,7949,2645,21025105,0,-1,-1,245,0,
core_C406,69534,114246,0,90,2116,5482,11599912,0,401,-1,373,0,
core_C259,276,48415,1,0,6615,3105,20539575,0,-1,161,21,0,
core_C522,23874,91888,1,90,2760,7457,20581320,0,390,624,582,0,
core_C1618,54901,32062,1,0,4609,4485,20671365,0,-1,382,359,0,
core_C875,38072,6344,0,180,3540,3496,12375840,0,-1,234,471,1,
core_C841,42872,45768,0,90,2024,6628,13415072,0,446,-1,641,0,
core_C1299,51379,73240,0,90,2024,6170,12488080,0,-1,-1,371,1,
core_C44,24932,116328,0,90,2024,6396,12945504,0,439,-1,364,1,
core_C1017,34960,109438,0,0,6266,2024,12682384,0,410,204,15,0,
core_C1331,69102,27515,1,180,4555,4370,19905350,0,-1,-1,10,1,
core_C98,51146,2300,0,180,3656,3588,13117728,0,345,480,97,1,
core_C330,16928,16973,0,90,2024,6566,13289584,0,-1,146,566,0,
core_C358,3820,119527,0,180,3529,3496,12337384,0,173,-1,441,0,
core_C210,66745,67155,1,90,2530,8262,20902860,0,-1,-1,60,1,
core_C996,34960,50345,0,90,2300,4876,11214800,0,-1,627,591,0,
core_C780,368,65847,1,90,2530,7988,20209640,0,-1,560,408,0,
core_C1441,71507,56147,1,270,3565,5549,19782185,0,-1,477,590,0,
core_C576,57776,77383,1,0,4531,4370,19800470,0,57,185,207,1,
core_C1456,32209,121064,0,90,1932,6065,11717580,0,-1,-1,134,1,
core_C309,65504,89042,0,90,2024,6511,13178264,0,9,531,558,0,
core_C57,0,61813,0,180,3673,3588,13178724,0,-1,303,215,0,
core_C1493,64998,88308,1,90,2300,7329,16856700,0,534,96,626,1,
core_C1295,54465,43573,1,0,5711,3680,21016480,0,-1,-1,563,1,
core_C1113,64998,95914,1,180,5717,3680,21038560,0,109,55,94,0,
core_C1022,49122,2300,0,90,2024,6166,12479984,0,83,-1,187,1,
core_C34,59508,102592,0,270,3496,3570,12480720,0,646,-1,561,1,
core_C1287,16387,7360,1,180,5568,3565,19849920,0,-1,-1,504,0,
core_C729,6003,80720,1,90,2875,6182,17773250,0,41,-1,135,0,
core_C1070,73048,33517,0,90,1932,6052,11692464,0,-1,-1,244,1,
core_C820,55384,107729,1,90,3105,6576,20418480,0,-1,169,608,0,
core_C1151,13915,96594,1,90,2530,8150,20619500,0,-1,58,615,0,
core_C1685,62100,21587,0,0,5763,2300,13254900,0,124,66,550,0,
core_C929,33028,47401,0,90,1932,6194,11966808,0,591,-1,432,0,
core_C1114,60973,61405,1,0,6494,3220,20910680,0,-1,339,644,1,
core_C1484,184,8280,1,180,4761,3105,14782905,0,-1,614,485,0,
core_C1084,34500,116430,0,180,3531,3496,12344376,0,500,431,490,0,
core_C1197,70715,93733,1,90,3105,6225,19328625,0,-1,-1,96,1,
core_C1135,47840,106297,1,90,2415,7812,18865980,0,637,-1,349,1,
core_C934,35489,3220,1,0,5731,3680,21090080,0,-1,603,293,0,
core_C845,71024,51530,0,90,2024,6395,12943480,0,-1,316,643,0,
core_C206,19044,94760,1,90,2530,7821,19787130,0,64,374,553,1,
core_C33,34085,15172,0,90,2852,4451,12694252,0,-1,44,358,1,
core_C302,33189,91888,1,90,2300,6911,15895300,0,293,-1,567,1,
core_C589,0,40719,0,90,2024,6529,13214696,0,126,253,414,0,
core_C158,7539,114142,0,90,2852,4335,12363420,0,-1,329,441,1,
core_C414,37881,80960,1,90,2415,7821,18887715,0,519,249,596,1,
core_C1116,0,100411,0,180,3576,3496,12501696,0,-1,587,366,0,
core_C1033,18561,121065,1,180,6311,3105,19595655,0,-1,-1,219,0,
core_C1170,33028,31199,0,90,2668,4071,10861428,0,577,128,516,0,
core_C376,0,33635,0,180,3600,3496,12585600,0,-1,414,162,0,
core_C1265,31194,104427,1,90,2530,8082,20447460,0,-1,-1,454,1,
core_C613,67863,14411,0,90,1932,5926,11449032,0,-1,-1,104,1,
core_C459,32499,54806,1,90,2530,8197,20738410,0,-1,-1,48,0,
core_C238,2024,40719,0,90,1932,6329,12227628,0,-1,-1,116,1,
core_C506,22540,27883,0,90,2024,6623,13404952,0,-1,-1,222,0,
core_C46,33028,35270,0,90,2300,5984,13763200,0,-1,432,121,0,
core_C1232,14007,88780,1,90,2415,7814,18870810,0,309,-1,615,1,
core_C187,54901,12458,1,0,8294,2645,21937630,0,-1,456,320,0,
core_C450,8901,10706,1,90,2760,7141,19709160,0,-1,287,63,0,
core_C494,14904,23736,0,90,2024,6268,12686432,0,549,-1,445,1,
core_C915,13735,44768,0,90,2852,4458,12714216,0,284,-1,430,1,
core_C1043,26956,121064,0,0,5253,2484,13048452,0,91,167,462,0,
core_C449,6003,77155,1,0,5590,3565,19928350,0,-1,100,422,0,
core_C10,50761,49882,1,90,3565,5609,19996085,0,-1,-1,640,1,
core_C178,26956,96417,0,90,2024,6504,13164096,0,362,341,179,0,
core_C1045,46736,108651,0,0,3697,3680,13604960,0,572,400,508,1,
core_C1298,22288,13585,0,0,4626,2944,13618944,0,-1,333,321,0,
core_C1488,16514,102706,1,90,2530,8243,20854790,0,-1,-1,553,0,
core_C1587,51146,9476,0,90,2024,3052,6177248,0,-1,-1,480,0,
core_C1285,3243,68722,1,0,5843,3680,21502240,0,300,205,576,0,
core_C1313,28359,106239,1,90,2415,7798,18832170,0,412,-1,581,1,
core_C1249,55384,67378,1,0,7681,2875,22082875,0,60,608,644,0,
core_C1067,44896,65557,0,90,2392,5098,12194416,0,264,208,4,0,
core_C922,16928,23539,0,270,2852,4395,12534540,0,-1,404,84,0,
core_C1050,69547,31885,1,90,3565,5650,20142250,0,-1,-1,57,1,
core_C306,8878,118978,1,180,4516,4370,19734920,0,-1,-1,256,0,
core_C228,14996,95755,0,90,2024,6256,12662144,0,28,-1,223,1,
core_C28,67466,113687,1,90,3680,5522,20320960,0,-1,-1,457,1,
core_C326,0,86392,0,180,3646,3588,13081848,0,-1,283,50,0,
core_C443,6090,51520,1,90,3105,6596,20480580,0,45,-1,161,1,
core_C156,58489,119882,1,0,6447,3105,20017935,0,457,-1,459,1,
core_C1159,8878,85205,1,180,4893,3105,15192765,0,-1,629,41,0,
core_C446,14996,4437,0,270,2944,4556,13412864,0,-1,-1,241,0,
core_C1155,73048,63261,0,90,2116,6379,13497964,0,-1,346,648,1,
core_C1548,7544,87928,0,180,3507,3496,12260472,0,-1,588,533,0,
core_C1326,50600,89520,0,90,1932,6221,12018972,0,301,380,551,1,
core_C740,3956,93886,0,180,3535,3496,12358360,0,-1,296,353,0,
core_C27,0,73030,0,180,3555,3404,12101220,0,-1,199,164,0,
core_C133,276,51520,1,0,5814,3795,22064130,0,152,601,74,0,
core_C350,0,28575,0,90,2484,5060,12569040,0,-1,122,168,0,
core_C616,34037,6308,0,90,2024,6380,12913120,0,-1,-1,193,0,
core_C1605,0,69442,0,0,3631,3588,13028028,0,-1,160,303,0,
core_C254,1932,76434,0,90,2024,6278,12706672,0,16,-1,199,1,
core_C574,65504,122834,0,90,2208,5914,13058112,0,479,-1,393,0,
core_C191,26956,123548,0,0,4440,2944,13071360,0,-1,-1,134,0,
core_C1019,0,25079,0,180,3675,3496,12847800,0,-1,162,276,0,
core_C244,55384,114305,1,0,4612,4485,20684820,0,-1,459,102,0,
core_C591,16595,65317,0,0,5273,2576,13583248,0,-1,217,377,1,
core_C200,40236,114971,0,0,3711,3588,13315068,0,458,-1,612,0,
core_C972,9599,79247,0,0,4548,2944,13389312,0,491,-1,448,1,
core_C74,7349,125747,0,0,6614,2024,13386736,0,-1,-1,85,1,
core_C1261,37605,113080,1,180,7350,2875,21131250,0,-1,-1,294,0,
core_C978,57868,100740,1,90,2185,6989,15270965,0,70,-1,523,0,
core_C627,26289,114037,1,270,3105,6247,19396935,0,-1,-1,581,0,
core_C748,68356,0,1,90,2530,7717,19524010,0,-1,394,645,1,
core_C373,23000,122724,0,180,3604,3588,12931152,0,-1,365,364,0,
core_C1009,26956,90020,0,90,2024,6397,12947528,0,-1,137,369,0,
core_C108,58328,118455,0,180,4428,2852,12628656,0,-1,625,384,0,
core_C380,20976,116328,0,90,2024,6246,12641904,0,364,-1,427,0,
core_C555,56396,96159,0,0,3680,3496,12865280,0,281,-1,295,0,
core_C1030,61916,7878,0,90,2484,5146,12782664,0,200,306,7,1,
core_C1455,9660,82191,0,90,1656,3524,5835744,0,-1,-1,533,1,
core_C537,57776,81753,1,180,5580,3680,20534400,0,469,240,90,0,
core_C1284,38916,50345,0,90,2024,6503,13162072,0,232,11,35,1,
core_C1089,46638,2852,0,90,2484,5315,13202460,0,97,224,554,1,
core_C1356,50217,36264,0,90,2484,5328,13234752,0,-1,-1,613,0,
core_C476,0,111803,0,0,3696,3680,13601280,0,-1,509,635,0,
core_C1688,54739,9476,0,0,5772,2300,13275600,0,-1,-1,311,0,
core_C959,36892,80642,0,0,5153,2576,13274128,0,36,455,506,0,
core_C1037,73766,114246,0,90,2024,6616,13390784,0,-1,-1,401,1,
core_C289,34037,2576,0,270,3680,3732,13733760,0,499,163,510,1,
core_C1691,16422,91540,1,0,6516,3220,20981520,0,-1,607,309,0,
core_C753,26956,51573,0,180,4573,2944,13462912,0,-1,318,250,0,
core_C1140,73048,75974,0,90,2116,6539,13836524,0,-1,552,346,0,
core_C431,58144,89830,0,90,1932,6329,12227628,0,286,-1,295,1,
core_C153,35673,115955,1,0,6804,3335,22691340,0,-1,-1,323,0,
core_C954,0,76434,0,90,1932,6268,12109776,0,165,50,160,0,
core_C654,64400,7878,0,270,3496,3589,12547144,0,416,352,183,1,
core_C422,50255,106412,1,180,4504,4370,19682480,0,-1,258,637,0,
core_C649,11316,50268,0,90,1564,4187,6548468,0,-1,-1,229,0,
core_C1185,46276,63698,1,90,3680,5544,20401920,0,-1,-1,503,0,
core_C1450,34960,111462,0,0,5276,2484,13105584,0,376,-1,81,0,
core_C1250,3243,72402,1,90,2760,7432,20512320,0,422,-1,142,0,
core_C1288,27074,0,0,90,2208,5949,13135392,0,292,-1,569,1,
core_C1076,55476,77383,1,90,2300,7543,17348900,0,90,-1,297,0,
core_C1698,44896,70655,0,0,5172,2576,13323072,0,-1,651,145,0,
core_C1620,0,50744,0,90,2668,4077,10877436,0,-1,478,253,0,
core_C1303,17020,123876,0,180,5824,2300,13395200,0,-1,-1,559,0,
core_C183,58019,24496,0,90,3588,3741,13422708,0,-1,-1,415,1,
core_C888,35489,121820,1,90,4485,4709,21119865,0,59,-1,392,0,
core_C1321,17753,73597,0,0,4583,3036,13913988,0,-1,498,51,0,
core_C583,368,55315,1,90,2990,6162,18424380,0,-1,408,601,1,
core_C1059,0,58409,0,0,3526,3404,12002504,0,-1,93,478,0,
core_C313,16171,55666,0,90,2024,6277,12704648,0,-1,-1,39,1,
core_C129,16595,67893,0,0,5663,2760,15629880,0,-1,-1,170,0,
core_C106,8476,0,1,90,2530,7946,20103380,0,502,-1,485,1,
core_C952,18561,117385,1,0,5769,3680,21229920,0,-1,120,58,1,
core_C1142,50416,41592,0,90,2300,5924,13625200,0,-1,238,4,1,
core_C1085,62100,70459,0,90,1380,4668,6441840,0,540,274,278,0,
core_C1369,22540,21313,0,90,2024,6570,13297680,0,-1,127,465,0,
core_C905,13156,95755,0,90,1840,5850,10764000,0,149,-1,46,0,
core_C284,46638,8167,0,90,2024,6591,13340184,0,-1,-1,187,0,
core_C1306,62100,43393,0,90,2944,4561,13427584,0,505,586,354,0,
core_C1391,57868,91988,1,0,6519,3220,20991180,0,-1,523,619,1,
core_C1086,21531,8893,0,0,6392,2116,13525472,0,-1,-1,544,0,
core_C22,39503,122685,0,180,4240,2668,11312320,0,-1,-1,542,0,
core_C1566,11316,44768,0,90,2116,5500,11638000,0,-1,202,395,0,
core_C789,52785,115304,1,90,2415,7339,17723685,0,299,-1,261,1,
core_C368,57805,39755,0,180,3794,2484,9424296,0,-1,-1,308,1,
core_C700,40940,44948,0,90,1932,6221,12018972,0,554,557,186,1,
core_C141,0,0,0,90,2024,6120,12386880,0,-1,511,-1,0,
core_C1068,38072,9840,0,270,3496,3543,12386328,0,-1,443,77,0,
core_C173,8878,92680,1,0,4446,4370,19429020,0,-1,610,629,0,
core_C138,8597,97316,0,90,2392,5088,12170496,0,-1,-1,467,1,
core_C664,61937,109084,0,90,3496,3591,12554136,0,-1,65,384,1,
core_C470,50416,47516,0,90,2852,4417,12597284,0,-1,-1,220,0,
core_C1097,34960,61012,0,90,2484,5072,12598848,0,-1,379,627,0,
core_C1134,57776,85433,1,0,7196,3450,24826200,0,631,338,185,0,
core_C1418,14996,0,0,90,2852,4437,12654324,0,472,155,24,1,
core_C222,32499,19552,1,90,2530,7818,19779540,0,-1,-1,585,0,
core_C1041,61673,5670,0,0,5743,2208,12680544,0,-1,-1,481,0,
core_C1606,71024,33517,0,90,2024,6279,12708696,0,101,483,30,1,
core_C66,64998,102718,1,90,3680,5564,20475520,0,-1,72,55,0,
core_C1398,47288,67581,0,0,4479,2944,13186176,0,405,-1,264,0,
core_C992,44896,79763,0,0,5191,2576,13372016,0,-1,17,350,0,
core_C505,32245,21019,0,90,1380,4476,6176880,0,-1,-1,358,0,
core_C1294,37881,88825,1,0,4676,4600,21509600,0,-1,-1,118,0,
core_C916,26956,49273,0,0,5864,2300,13487200,0,-1,195,439,0,
core_C176,11408,111184,1,90,2415,7518,18155970,0,12,-1,256,1,
core_C342,54217,59626,0,90,1932,5939,11474148,0,-1,348,273,0,
core_C586,0,47248,0,180,3536,3496,12361856,0,-1,209,116,0,
core_C271,55811,21000,0,90,2024,6128,12403072,0,642,415,423,0,
core_C327,39059,125353,0,0,5856,2208,12930048,0,470,-1,298,1,
core_C1293,8878,111184,1,90,2530,7794,19718820,0,251,148,69,0,
core_C1081,57024,106162,0,180,5719,2208,12627552,0,-1,288,561,0,
core_C1361,50255,110782,1,90,4485,4522,20281170,0,-1,261,201,0,
core_C840,51323,86685,1,90,2530,8043,20348790,0,-1,-1,649,0,
core_C1374,40480,99475,0,90,2484,5118,12713112,0,-1,484,269,0,
core_C953,50255,115304,1,90,2530,8078,20437340,0,230,-1,258,0,
core_C849,73048,98791,0,90,2024,6336,12824064,0,-1,-1,9,1,
core_C1532,59386,8855,1,0,5635,3565,20088775,0,-1,-1,355,0,
core_C1328,47288,65557,0,0,6357,2024,12866568,0,-1,246,145,1,
core_C1319,30774,99827,1,0,4632,4600,21307200,0,-1,-1,567,0,
core_C1527,11316,27491,0,90,2944,4529,13333376,0,-1,337,445,0,
core_C838,26956,80903,0,90,2944,4568,13448192,0,-1,369,606,0,
core_C317,60053,99693,1,0,4692,4485,21043620,0,-1,438,70,0,
core_C778,40480,95887,0,180,3768,3588,13519584,0,-1,260,584,0,
core_C329,13156,84767,0,0,4597,2944,13533568,0,51,49,356,1,
core_C76,42711,91104,1,0,4817,4715,22712155,0,555,304,402,0,
core_C1463,41765,0,0,90,2668,5481,14623308,0,494,-1,468,1,
core_C520,54217,54324,0,90,1656,5302,8780112,0,-1,252,331,0,
core_C214,62100,89440,0,90,2852,4341,12380532,0,-1,-1,221,0,
core_C1052,65799,14411,0,90,2024,6145,12437480,0,-1,-1,550,1,
core_C1524,0,18866,0,90,2024,6213,12575112,0,-1,168,528,0,
core_C1004,56120,114867,0,90,2208,5695,12574560,0,384,-1,18,1,
core_C5,62100,64075,0,90,2024,6384,12921216,0,618,221,589,0,
core_C442,69460,109554,0,0,5853,2208,12923424,0,-1,611,450,1,
core_C250,11316,60997,0,90,2024,6390,12933360,0,-1,537,315,0,
core_C1246,60076,96113,0,90,2024,6240,12629760,0,363,-1,182,1,
core_C885,42711,80960,1,90,3565,5544,19764360,0,0,402,519,1,
core_C1694,0,89980,0,90,2484,5237,13008708,0,-1,366,151,0,
core_C921,16587,42284,0,90,2024,6359,12870616,0,319,-1,133,1,
core_C1656,46276,54477,1,270,4485,4543,20375355,0,409,503,640,0,
core_C12,60076,89830,0,90,2024,6283,12716792,0,550,-1,197,1,
core_C164,8901,17847,1,90,3680,5543,20398240,0,-1,334,131,0,
core_C205,57024,108370,0,90,2024,6497,13149928,0,579,-1,257,0,
core_C290,33028,25495,0,0,4502,2852,12839704,0,-1,516,330,1,
core_C132,59465,28237,0,90,2208,5982,13208256,0,481,361,474,1,
core_C715,50497,86944,0,0,5282,2576,13606432,0,-1,-1,571,0,
core_C1296,29282,0,0,0,5305,2576,13665680,0,-1,-1,206,1,
core_C1649,35489,0,1,0,6474,3220,20846280,0,518,111,115,1,
core_C1517,37605,110205,1,0,7283,2875,20938625,0,-1,174,620,0,
core_C1082,56396,89830,0,90,1748,5737,10028276,0,197,182,14,0,
core_C730,3956,97382,0,0,3741,3588,13422708,0,-1,467,159,0,
core_C275,55476,74853,1,0,8293,2530,20981290,0,-1,207,399,0,
core_C1559,34500,124172,0,0,4559,2944,13421696,0,255,-1,431,0,
core_C567,55200,59213,1,180,4693,4485,21048105,0,-1,622,230,1,
core_C557,9086,69795,1,180,4693,4485,21048105,0,-1,-1,142,1,
core_C1383,52532,89520,0,180,3793,3772,14307196,0,-1,313,158,1,
core_C515,0,3105,1,180,6868,2645,18165860,0,-1,593,411,0,
core_C397,0,65401,0,90,3956,4041,15986196,0,-1,164,93,0,
core_C604,42711,95819,1,90,2415,7716,18634140,0,594,-1,271,0,
core_C736,73048,92473,0,90,1932,6318,12206376,0,-1,-1,43,0,
core_C1498,61916,14411,0,180,3594,3496,12564624,0,-1,-1,183,0,
core_C816,39440,39734,0,90,2484,5214,12951576,0,492,-1,591,1,
core_C873,54217,38748,0,90,3588,3610,12952680,0,231,507,474,0,
core_C609,16422,88780,1,0,7360,2760,20313600,0,-1,194,129,1,
core_C1423,69690,74815,1,90,3565,5557,19810705,0,-1,351,61,0,
core_C782,54739,5888,0,0,3630,3588,13024440,0,632,190,480,1,
core_C21,9195,33355,1,90,3680,5538,20379840,0,-1,493,45,0,
core_C507,52532,93292,0,90,2024,6513,13182312,0,539,417,301,0,
core_C1157,45310,114225,1,90,3565,5638,20099470,0,-1,-1,349,0,
core_C1096,11316,54455,0,90,2024,6542,13241008,0,-1,280,29,1,
core_C724,71024,57925,0,90,2484,5336,13254624,0,-1,-1,112,0,
core_C352,7452,103914,0,90,2024,6548,13253152,0,546,-1,434,1,
core_C1136,26956,54517,0,0,5167,2576,13310192,0,-1,6,195,0,
core_C491,18611,42284,0,90,2024,6591,13340184,0,-1,370,284,1,
core_C1377,54901,7804,1,90,4485,4654,20873190,0,355,130,0,1,
core_C435,22288,11009,0,0,5448,2576,14034048,0,451,139,51,1,
core_C1291,63881,0,0,0,6700,2208,14793600,0,-1,-1,481,1,
core_C1012,35673,6900,1,90,1840,5528,10171520,0,604,198,621,1,
core_C918,9384,91424,0,90,2024,5093,10308232,0,377,-1,588,1,
core_C1705,3956,23736,0,90,1840,6010,11058400,0,26,353,16,0,
core_C1102,35052,44106,0,180,4175,2668,11138900,0,-1,-1,56,0,
core_C792,58328,124159,0,180,5882,1932,11364024,0,-1,-1,625,0,
core_C1153,62376,15103,1,90,2645,7087,18745115,0,489,-1,456,1,
core_C1706,7539,118477,0,180,3531,3404,12019524,0,-1,-1,117,0,
core_C763,30912,80829,0,90,2116,5688,12035808,0,289,570,362,1,
core_C1008,54217,48198,0,90,2024,6126,12399024,0,-1,273,507,0,
core_C1000,70656,20211,1,90,2760,7304,20159040,0,-1,-1,513,0,
core_C1461,22288,16529,0,0,5841,2208,12896928,0,-1,-1,139,0,
core_C1060,8901,23390,1,0,4500,4370,19665000,0,-1,-1,287,0,
core_C1104,16387,0,1,0,5522,3680,20320960,0,-1,504,63,1,
core_C363,65504,28410,0,180,6430,2024,13014320,0,-1,425,540,1,
core_C550,11316,32300,0,0,5750,2208,12696000,0,383,381,266,0,
core_C965,57776,88883,1,0,6566,3105,20387430,0,-1,619,240,0,
core_C9,60973,64625,1,0,7859,2530,19883270,0,-1,-1,106,0,
core_C1003,41953,84957,0,90,2852,4460,12719920,0,-1,-1,455,1,
core_C1554,26956,102921,0,90,2024,6320,12791680,0,-1,462,137,0,
core_C746,63480,76620,0,90,2024,6327,12805848,0,-1,344,540,0,
core_C870,5796,47472,0,0,5291,2484,13142844,0,-1,29,26,0,
core_C626,63480,82947,0,90,2024,6493,13141832,0,-1,-1,342,0,
core_C1541,54802,0,0,270,2852,4495,12819740,0,-1,-1,83,1,
core_C1631,73048,69640,0,90,2024,6334,12820016,0,-1,196,156,0,
core_C1362,10557,62251,1,90,2760,7452,20567520,0,-1,597,576,1,
core_C88,54217,65565,0,90,2024,6508,13172192,0,-1,426,252,0,
core_C786,45310,106297,1,90,2530,7928,20057840,0,110,314,595,1,
core_C1168,44896,76175,0,0,3675,3588,13185900,0,-1,247,651,0,
core_C186,69690,80372,1,90,4485,4600,20631000,0,-1,-1,310,0,
core_C38,64400,11467,0,0,4604,2944,13554176,0,-1,-1,200,0,
core_C508,3956,88134,0,90,2300,5752,13229600,0,-1,159,325,0,
core_C950,62100,38827,0,90,2944,4566,13442304,0,-1,225,473,0,
core_C1166,59386,0,1,90,4485,4715,21146775,0,645,263,320,1,
core_C404,11408,84767,0,90,1748,5419,9472412,0,270,20,377,0,
core_C539,54844,54383,1,0,4940,4830,23860200,0,-1,-1,388,0,
core_C1397,32245,15363,0,90,1840,5656,10407040,0,114,248,512,1,
core_C1513,54901,24378,1,90,2415,7526,18175290,0,360,76,449,0,
core_C633,57316,24378,1,90,2415,7684,18556860,0,525,-1,359,1,
core_C1604,59465,34219,0,90,2208,5536,12223488,0,-1,-1,290,0,
core_C1426,28980,90020,0,90,1932,6356,12279792,0,330,25,137,1,
core_C1338,62100,93781,0,90,2852,4383,12500316,0,-1,387,281,1,
core_C263,23000,116328,0,90,1932,6315,12200580,0,80,178,181,1,
core_C1324,23000,126492,0,0,6376,2024,12905024,0,407,-1,178,0,
core_C1572,0,95217,0,90,2484,5194,12901896,0,-1,119,283,0,
core_C167,62100,29120,0,90,2484,5206,12931704,0,-1,602,66,0,
core_C693,44661,122199,0,0,5870,2208,12960960,0,-1,-1,542,1,
core_C1521,26956,85471,0,270,2852,4549,12973748,0,-1,179,267,0,
core_C503,18611,48875,0,90,2208,5738,12669504,0,-1,-1,319,0,
core_C1626,49355,73231,0,90,2024,6445,13044680,0,79,-1,651,1,
core_C861,37789,93425,1,180,4561,4370,19931570,0,-1,517,596,0,
core_C354,69534,111762,0,0,5292,2484,13145328,0,-1,73,611,1,
core_C975,19044,102581,1,180,4606,4600,21187600,0,-1,419,113,0,
core_C1536,4891,61796,1,0,5614,3680,20659520,0,-1,-1,592,0,
core_C1702,40236,111953,0,0,4514,2944,13289216,0,-1,612,204,1,
core_C622,11408,82191,0,0,5187,2576,13361712,0,170,356,324,1,
core_C1225,22448,0,1,0,6659,3220,21441980,0,564,-1,12,1,
core_C1515,34960,66084,0,90,1932,5974,11541768,0,35,15,239,0,
core_C1412,50600,95741,0,90,1932,6175,11930100,0,-1,18,158,0,
core_C115,11316,34508,0,270,2852,4336,12366272,0,-1,47,337,0,
core_C1062,54901,36547,1,90,2760,7026,19391760,0,-1,-1,76,0,
core_C166,17066,32300,0,90,2024,6152,12451648,0,452,-1,337,1,
core_C341,58328,114867,0,180,3609,3588,12949092,0,237,180,277,1,
core_C1077,30912,92788,0,90,2852,4540,12948080,0,-1,-1,570,0,
core_C196,30772,8965,0,90,2024,6398,12949552,0,471,-1,451,1,
core_C1115,62100,98164,0,90,2852,4428,12628656,0,-1,-1,363,0,
core_C643,54844,50818,1,0,5543,3565,19760795,0,-1,357,54,0,
core_C1538,37697,106640,1,180,5695,3565,20302675,0,-1,-1,605,0,
core_C821,26634,91888,1,90,2530,8026,20305780,0,-1,-1,75,1,
core_C852,46276,47352,1,0,7880,2530,19936400,0,-1,640,463,0,
core_C545,35489,119290,1,0,8088,2530,20462640,0,-1,212,603,0,
core_C438,65504,119246,0,0,3649,3588,13092612,0,-1,166,573,0,
core_C832,68356,7717,1,270,4370,4567,19957790,0,-1,-1,177,0,
core_C1480,11316,42284,0,180,5142,2484,12772728,0,-1,229,47,0,
core_C1477,5796,73692,0,0,6477,2024,13109448,0,-1,530,29,0,
core_C109,27455,5949,0,0,4466,2944,13147904,0,510,-1,544,1,
core_C941,67528,106610,0,180,4477,2944,13180288,0,-1,450,9,0,
core_C962,55476,70253,1,0,4677,4600,21514200,0,-1,297,608,1,
core_C630,46736,112331,0,0,3761,3588,13494468,0,571,520,138,0,
core_C1529,71650,114246,0,90,2116,6541,13840756,0,192,-1,73,1,
core_C801,42711,86504,1,180,4732,4600,21767200,0,-1,271,282,0,
core_C881,5796,82340,0,90,1748,5794,10127912,0,533,-1,448,0,
core_C807,16928,27934,0,90,2852,4366,12451832,0,-1,-1,146,0,
core_C1601,51767,67581,0,90,2208,5659,12495072,0,-1,-1,246,1,
core_C552,47528,78557,1,90,2530,7734,19567020,0,-1,37,497,0,
core_C1238,29376,127129,0,0,6386,2024,12925264,0,-1,-1,365,1,
core_C1120,368,61477,1,0,4523,4370,19765510,0,592,88,214,0,
core_C612,50761,55491,1,90,2530,7839,19832670,0,-1,-1,285,1,
core_C382,41226,108365,0,180,3650,3588,13096200,0,-1,-1,81,1,
core_C269,0,0,1,0,6443,3105,20005515,0,-1,302,-1,0,
core_C1534,30774,87403,1,180,4583,4485,20554755,0,-1,567,143,1,
core_C143,54556,99655,0,0,5307,2484,13182588,0,-1,-1,539,0,
core_C1202,0,37131,0,0,3678,3588,13196664,0,-1,116,122,0,
core_C790,55811,27128,0,90,2208,5984,13212672,0,211,-1,254,0,
core_C1422,67896,2208,0,90,2024,6527,13210648,0,5,-1,200,1,
core_C911,52532,102139,0,0,4492,2944,13224448,0,561,-1,313,0,
core_C1318,10522,54831,1,90,2875,7420,21332500,0,-1,-1,475,0,
core_C1098,19044,114165,1,0,6523,3220,21004060,0,454,-1,374,0,
core_C1597,15560,38696,0,180,3758,3588,13483704,0,-1,-1,47,1,
core_C610,50944,0,1,0,5744,3680,21137920,0,521,-1,447,1,
core_C104,6003,74280,1,0,7541,2875,21680375,0,-1,135,205,1,
core_C1460,55811,17964,0,0,4694,3036,14250984,0,-1,254,535,0,
core_C624,13823,47955,1,0,5846,3795,22185570,0,-1,22,12,0,
core_C379,65504,30434,0,90,2484,2643,6565212,0,568,30,336,0,
core_C1522,54217,72073,0,90,1840,5746,10572640,0,-1,435,348,0,
core_C478,20976,113660,0,180,4040,2668,10778720,0,2,181,486,1,
core_C1341,62100,54358,0,90,2300,4907,11286100,0,-1,589,586,0,
core_C6,30536,25495,0,90,1932,5964,11522448,0,-1,487,2,1,
core_C377,10331,75716,0,270,3404,3531,12019524,0,133,-1,530,1,
core_C1339,34500,121320,0,180,4348,2852,12400496,0,-1,298,108,0,
core_C489,33028,41254,0,90,2024,6147,12441528,0,56,105,128,0,
core_C1487,3956,112443,0,180,3563,3496,12456248,0,464,-1,526,0,
core_C920,3956,103914,0,90,3496,3627,12679992,0,317,526,467,0,
core_C189,54217,77819,0,90,2024,6430,13014320,0,-1,-1,426,0,
core_C956,37789,103535,1,0,6578,3105,20424690,0,-1,-1,517,0,
core_C1164,45218,101927,1,0,4569,4370,19966530,0,-1,595,529,0,
core_C42,60053,104178,1,0,4604,4485,20648940,0,-1,42,268,0,
core_C1402,26956,45325,0,0,3703,3680,13627040,0,578,250,80,1,
core_C1378,42872,11921,0,0,3711,3588,13315068,0,-1,31,554,0,
core_C488,3820,115939,0,180,3719,3588,13343772,0,117,85,50,1,
core_C703,14147,61970,0,0,4532,2944,13342208,0,476,-1,39,0,
core_C399,38072,13383,0,90,2576,5197,13387472,0,-1,633,234,0,
core_C656,15916,87900,0,0,6614,2024,13386736,0,-1,-1,49,1,
core_C854,11316,23736,0,90,3588,3755,13472940,0,132,266,26,1,
core_C768,44896,39245,0,0,5247,2576,13516272,0,616,4,78,1,
core_C125,46230,0,1,0,4714,4485,21142290,0,421,-1,13,1,
core_C281,5796,78568,0,0,3803,3772,14344916,0,172,403,530,0,
core_C696,54901,17863,1,90,3105,6515,20229075,0,67,359,456,0,
core_C1483,67528,109554,0,90,1932,5194,10034808,0,279,-1,398,0,
core_C865,27736,11009,0,90,3036,3080,9350880,0,386,-1,321,1,
core_C556,19090,32300,0,90,2024,6396,12945504,0,-1,-1,383,1,
core_C1408,23874,43125,1,0,6479,3105,20117295,0,-1,19,547,0,
core_C632,25567,120284,1,0,5627,3565,20060255,0,123,-1,419,1,
core_C1542,36892,83218,0,180,5061,2484,12571524,0,340,-1,191,0,
core_C836,54901,15103,1,0,7475,2760,20631000,0,328,449,130,0,
core_C872,64936,119882,1,90,2530,7936,20078080,0,150,-1,153,1,
core_C361,43947,114897,0,90,2484,5304,13175136,0,-1,-1,171,1,
core_C570,55384,118790,1,90,3105,6397,19862685,0,153,-1,169,0,
core_C233,32499,3565,1,90,2530,7824,19794720,0,-1,585,3,1,
core_C675,48949,0,0,0,5846,2300,13445800,0,-1,-1,494,1,
core_C456,26956,109241,0,90,1932,5986,11564952,0,-1,134,341,0,
core_C1703,46276,41515,1,90,3795,5837,22151415,0,-1,391,0,0,
core_C1216,7519,110462,0,0,3765,3680,13855200,0,-1,-1,433,1,
core_C702,22540,18737,0,0,5194,2576,13379744,0,512,222,28,1,
core_C1320,44896,106075,0,0,5188,2576,13364288,0,-1,508,17,0,
core_C392,3956,100970,0,0,4641,2944,13663104,0,236,434,296,0,
core_C298,39741,0,0,90,2024,6344,12840256,0,272,-1,499,1,
core_C1428,63356,80258,1,0,5628,3565,20063820,0,-1,-1,185,1,
core_C463,44915,124407,0,0,5294,2484,13150296,0,-1,-1,255,1,
core_C240,32796,12688,0,0,5276,2484,13105584,0,77,-1,386,1,
core_C524,17848,0,0,0,6282,2024,12714768,0,569,-1,241,1,
core_C396,62100,34400,0,90,2944,4427,13033088,0,-1,354,602,0,
core_C62,54217,36264,0,0,5248,2484,13036032,0,290,308,571,1,
core_C434,10522,46799,1,90,2530,8032,20320960,0,-1,418,592,1,
core_C1591,18679,54613,0,90,2852,4438,12657176,0,544,562,442,1,
core_C564,71507,61696,1,90,3105,6523,20253915,0,-1,536,89,0,
core_C311,0,54821,0,0,3613,3588,12963444,0,-1,215,209,0,
core_C391,67712,122834,0,270,3588,3601,12920388,0,-1,-1,166,1,
core_C1537,51146,5888,0,180,3593,3588,12891684,0,311,141,83,0,
core_C1128,61673,0,0,90,2208,5670,12519360,0,322,243,290,1,
core_C1314,63871,4485,1,180,4426,4370,19341620,0,-1,-1,645,0,
core_C1586,71024,39796,0,90,2024,5234,10593616,0,-1,643,244,0,
core_C1608,40480,104593,0,0,3846,3772,14507112,0,-1,-1,260,0,
core_C194,184,5750,1,0,8292,2530,20978760,0,218,107,600,1,
core_C67,18952,117341,0,90,2024,6535,13226840,0,427,-1,559,1,
core_C1510,30536,31459,0,90,2024,6513,13182312,0,-1,488,429,0,
core_C814,30536,37972,0,90,2024,6506,13168144,0,-1,-1,487,0,
core_C874,65021,8855,1,90,3105,6626,20573730,0,575,-1,328,1,
core_C735,34500,113946,0,0,5148,2484,12787632,0,-1,108,25,1,
core_C898,14147,49226,0,90,2024,6304,12759296,0,38,39,172,1,
core_C1355,41924,5481,0,0,4541,2852,12950932,0,-1,-1,307,1,
core_C1073,9195,38893,1,90,2415,7906,19092990,0,-1,-1,312,0,
core_C1675,44433,0,0,0,4516,2852,12879632,0,461,-1,272,1,
core_C1567,58111,11776,0,90,2024,6188,12524512,0,-1,-1,535,1,
core_C687,50761,63330,1,270,3565,5451,19432815,0,-1,-1,503,1,
core_C754,47528,75567,1,180,6194,2990,18520060,0,-1,406,40,0,
core_C805,17753,76633,0,90,2116,5563,11771308,0,-1,639,213,0,
core_C1474,37717,0,0,90,2024,5456,11042944,0,468,-1,193,1,
core_C722,38031,116430,0,90,1472,4890,7198080,0,542,-1,108,1,
core_C107,69598,84972,1,0,4688,4485,21025680,0,-1,538,617,0,
core_C40,11006,0,1,90,2875,7313,21024875,0,-1,-1,218,1,
core_C859,46276,59020,1,90,4485,4678,20980830,0,496,203,285,0,
core_C670,16387,3680,1,0,5628,3680,20711040,0,-1,99,335,0,
core_C1479,65044,23887,0,90,3588,3663,13142844,0,524,-1,225,1,
core_C447,36892,72450,0,90,2024,6285,12720840,0,-1,191,35,0,
core_C1636,54217,42358,0,90,1932,5840,11282880,0,-1,331,308,0,
core_C839,44896,108651,0,90,1840,5892,10841280,0,138,-1,466,0,
core_C1344,0,115483,0,0,3780,3772,14258160,0,-1,32,189,0,
core_C1575,31921,2576,0,90,2116,6389,13519124,0,193,-1,397,1,
core_C1156,0,6120,0,90,2116,6348,13432368,0,-1,528,233,0,
core_C835,27734,18737,0,0,4511,2852,12865372,0,358,-1,465,1,
core_C1663,70656,12284,1,90,2530,7927,20055310,0,-1,332,575,1,
core_C1671,13823,121757,1,180,4579,4485,20536815,0,515,-1,599,0,
core_C595,18402,124170,1,0,7384,2760,20379840,0,-1,-1,514,1,
core_C1615,33028,28347,0,0,4427,2852,12625804,0,-1,121,289,0,
core_C221,37789,97795,1,90,3565,5533,19725145,0,-1,436,372,0,
core_C800,41963,0,1,90,2990,6382,19082180,0,-1,-1,293,1,
core_C54,40296,80960,1,90,2415,7865,18993975,0,282,-1,118,1,
core_C798,46736,115919,0,90,1932,6280,12132960,0,551,-1,400,0,
core_C314,56688,0,1,90,2415,7804,18846660,0,-1,-1,421,1,
core_C1616,31794,40595,1,90,3105,6213,19291365,0,-1,-1,547,1,
core_C986,57868,95208,1,90,1840,5532,10178880,0,-1,175,226,0,
core_C1325,68632,25944,0,180,4953,2392,11847576,0,-1,623,505,1,
core_C851,59731,22190,1,180,4594,2185,10037890,0,-1,-1,360,1,
core_C452,3956,107541,0,90,2300,4902,11274600,0,-1,433,434,0,
core_C1395,47528,91702,1,90,3795,5740,21783300,0,649,-1,37,0,
core_C659,0,12468,0,90,2116,6398,13538168,0,-1,276,511,0,
core_C1336,45218,97442,1,180,4655,4485,20877675,0,563,437,594,1,
core_C31,5796,75716,0,0,4535,2852,12933820,0,430,448,396,0,
core_C521,65504,95553,0,90,2024,6192,12532608,0,-1,52,92,0,
core_C86,23874,106239,1,90,2415,7926,19141290,0,581,-1,68,0,
core_C751,7544,82340,0,90,2116,5588,11824208,0,184,157,403,1,
core_C1063,67298,88308,1,90,2300,7606,17493800,0,636,-1,94,1,
core_C150,55811,11776,0,90,2300,6172,14195600,0,495,423,23,1,
core_C823,71507,68219,1,90,3105,6596,20480580,0,-1,-1,477,0,
core_C741,11316,67387,0,90,2024,6305,12761320,0,-1,-1,280,0,
core_C1241,69598,89457,1,270,4140,4276,17702640,0,-1,-1,501,0,
core_C634,54556,93292,0,90,1840,5947,10942480,0,7,413,313,1,
core_C389,63480,70459,0,90,2024,6161,12469864,0,336,342,221,1,
core_C39,13915,115549,1,90,2990,6208,18561920,0,-1,-1,58,0,
core_C776,39503,120201,0,0,5158,2484,12812472,0,368,228,500,1,
core_C1038,8878,101512,1,90,3450,5187,17895150,0,-1,69,634,0,
core_C1360,21531,5949,0,0,5924,2208,13080192,0,397,227,476,1,
core_C1346,38180,25109,0,90,2852,4316,12309232,0,-1,583,577,1,
core_C423,9476,102404,0,90,1932,6335,12239220,0,-1,-1,317,1,
core_C280,23874,40595,1,0,7920,2530,20037600,0,522,453,3,0,
core_C1669,42504,89417,0,90,2024,6470,13095280,0,-1,-1,584,1,
core_C1330,16928,8993,0,0,4537,2852,12939524,0,-1,566,132,1,
core_C63,62100,17907,0,180,3699,3680,13612320,0,275,104,286,1,
core_C1342,48668,115919,0,90,1932,6186,11951352,0,158,-1,520,1,
core_C1236,73048,82513,0,90,2392,4882,11677744,0,-1,43,196,0,
core_C641,16514,94760,1,90,2530,7946,20103380,0,113,140,607,1,
core_C523,42872,8333,0,0,3766,3588,13512408,0,187,440,232,1,
core_C871,47528,69242,1,0,6491,3220,20901020,0,-1,40,271,1,
core_C1410,0,126602,0,180,5946,2300,13675800,0,-1,-1,33,0,
core_C1207,40940,52396,0,90,2944,4510,13277440,0,-1,-1,232,0,
core_C1259,65504,82874,0,90,2024,6168,12484032,0,-1,92,638,0,
core_C353,17020,117341,0,90,1932,6228,12032496,0,486,210,62,0,
core_C909,368,73835,1,90,2875,7249,20840875,0,576,-1,88,0,
core_C1690,57024,102139,0,90,2484,3791,9416844,0,98,257,417,1,
core_C1337,18679,59051,0,90,2024,6266,12682384,0,-1,-1,476,0,
core_C1617,49873,97442,1,0,4592,4485,20595120,0,95,-1,529,1,
core_C204,29107,0,1,180,5513,3565,19653845,0,-1,-1,378,1,
core_C312,17753,85048,0,0,4389,2852,12517428,0,-1,-1,639,0,
core_C136,16928,11845,0,270,2392,5128,12266176,0,-1,84,549,0,
core_C1535,30774,91888,1,90,2415,7939,19172685,0,115,265,412,0,
core_C219,67988,30434,0,0,4619,2944,13598336,0,647,-1,425,1,
core_C390,24130,0,0,90,2944,4607,13563008,0,206,-1,472,1,
core_C1465,30912,86517,0,90,2024,6271,12692504,0,-1,385,330,0,
core_C1262,50497,83356,0,0,3720,3588,13347360,0,474,291,400,1,
core_C1121,50433,79676,0,0,3685,3680,13560800,0,-1,-1,138,1,
core_C549,65504,114748,0,270,2852,4498,12828296,0,-1,393,52,0,
core_C697,29656,83838,1,180,5499,3565,19603935,0,-1,-1,34,1,
core_C1674,68126,12284,1,90,2530,7898,19981940,0,513,-1,489,1,
core_C713,3243,65847,1,0,7314,2875,21027750,0,347,142,560,1,
core_C409,35696,31199,0,270,2484,5090,12643560,0,545,-1,121,1,
core_C437,30659,44478,0,90,2300,4795,11028500,0,-1,-1,439,1,
core_C24,59048,108370,0,90,2852,4446,12679992,0,-1,-1,288,1,
core_C766,45218,119863,1,0,4537,4370,19826690,0,-1,-1,595,0,
core_C1,26289,106239,1,90,2070,6533,13523310,0,143,176,532,1,
core_C635,23874,87518,1,0,4447,4370,19433390,0,-1,75,34,0,
core_C771,38180,29425,0,270,3588,3727,13372476,0,-1,628,545,0,
core_C1179,40480,89417,0,90,2024,6251,12652024,0,548,269,15,1,
core_C1632,32499,11389,1,90,2530,8163,20652390,0,-1,242,460,0,
core_C1657,62100,47954,0,90,2024,6404,12961696,0,-1,428,225,0,
core_C112,0,103907,0,90,2852,4400,12548800,0,-1,635,119,0,
core_C127,7544,91424,0,90,1840,5892,10841280,0,324,-1,157,0,
core_C793,62100,59265,0,90,2392,4810,11505520,0,-1,278,428,0,
core_C1507,71507,50530,1,90,3565,5617,20024605,0,-1,89,598,1,
core_C71,34960,47401,0,0,4480,2944,13189120,0,307,87,105,1,
core_C1359,4891,58116,1,0,5631,3680,20722080,0,475,375,408,1,
core_C1036,0,5750,1,0,92,115,10580,0,600,-1,302,0,
core_C1240,45126,95819,1,0,92,115,10580,0,529,-1,304,1,
core_C1628,45218,106297,1,0,92,115,10580,0,349,580,437,0,
core_C1061,37789,80960,1,0,92,115,10580,0,118,372,605,1,
core_C473,10557,69703,1,90,115,92,10580,0,-1,-1,347,0,
core_C1110,71415,50530,1,0,92,115,10580,0,590,-1,61,1,
core_C1147,13823,88780,1,0,92,115,10580,0,615,514,22,0,
core_C1200,92,5750,1,0,92,115,10580,0,485,-1,593,1,
core_C1501,276,55315,1,0,92,115,10580,0,214,-1,161,0,
core_C1650,62100,34326,0,90,92,74,6808,0,-1,473,367,0,
core_C994,35489,6900,1,0,92,115,10580,0,621,392,111,0,
core_C982,37513,6900,1,0,92,115,10580,0,13,-1,323,1,
core_C946,37697,80960,1,0,92,115,10580,0,596,389,620,1,
core_C652,26956,80829,0,90,92,74,6808,0,-1,267,6,0,
core_C674,16422,94760,1,0,92,115,10580,0,553,-1,194,0,
core_C26,55384,70253,1,0,92,115,10580,0,399,102,144,0,
core_C743,55292,63698,1,0,92,115,10580,0,644,-1,622,1,
core_C843,8878,97050,1,90,115,92,10580,0,-1,634,235,0,
core_C819,69460,111762,0,0,74,92,6808,0,373,-1,279,0,
core_C806,40236,114897,0,90,92,74,6808,0,-1,171,376,0,
core_C1494,50217,8466,0,0,74,92,6808,0,23,188,616,1,
core_C1434,184,11385,1,0,92,115,10580,0,21,1,107,0,
core_C1416,13915,88780,1,0,92,115,10580,0,129,103,599,1,
core_C169,50143,8466,0,0,74,92,6808,0,613,-1,446,1,
core_C267,69598,46275,1,0,92,115,10580,0,630,501,71,0,
core_C93,64124,64075,0,90,92,74,6808,0,-1,-1,278,1,
core_C297,57776,91988,1,0,92,115,10580,0,226,-1,338,0,
core_C1281,37605,80960,1,0,92,115,10580,0,605,294,8,0,
core_C1277,35581,6900,1,0,92,115,10580,0,323,-1,603,1,
core_C140,55200,63698,1,0,92,115,10580,0,609,-1,299,0,
core_C1253,68632,28336,0,90,92,74,6808,0,-1,-1,524,0,
core_C1316,23874,99914,1,180,6471,3220,20836620,0,-1,68,75,0,
core_C878,58328,121307,0,180,4523,2852,12899596,0,-1,327,180,0,
core_C1014,62583,108663,1,90,2415,7914,19112310,0,94,-1,42,1,
core_C307,34960,55221,0,90,2208,5791,12786528,0,-1,239,87,0,
core_C241,38180,33152,0,90,2024,6582,13321968,0,-1,-1,583,0,
core_C1545,8878,88310,1,0,4474,4370,19551380,0,-1,235,154,0,
core_C381,69690,46275,1,0,4448,4255,18926240,0,-1,61,617,1,
core_C87,64972,83823,1,0,4584,4485,20559240,0,-1,-1,240,1,
core_C50,58369,0,0,90,2024,6368,12888832,0,-1,-1,311,1,
core_C385,38072,18580,0,90,2944,4505,13262720,0,-1,-1,443,0,
core_C249,8878,97142,1,180,4453,4370,19459610,0,-1,543,610,0,
core_C97,0,108307,0,180,3680,3496,12865280,0,-1,189,587,0,
core_C619,69598,37535,1,0,4561,4370,19931570,0,-1,71,534,1,
core_C747,50255,101927,1,0,4589,4485,20581665,0,54,201,110,1,
core_C223,65504,80850,0,0,6624,2024,13406976,0,-1,558,27,0,
core_C1440,17753,82196,0,180,4380,2852,12491760,0,-1,565,498,0,
core_C1305,46276,49882,1,90,4485,4595,20608575,0,136,285,391,0,
core_C783,42872,39245,0,90,2024,6523,13202552,0,-1,78,31,0,
core_C407,57835,21000,0,180,3580,3496,12515680,0,-1,-1,254,1,
core_C846,71024,45030,0,90,2024,6500,13156000,0,-1,112,483,0,
core_C926,55384,63698,1,180,5589,3680,20567520,0,106,144,609,1,
core_C1593,63871,0,1,0,4485,4485,20115225,0,177,482,355,1,
core_C575,63004,102592,0,90,2116,6492,13737072,0,-1,-1,98,1,
core_C588,72607,28336,0,90,2576,5181,13346256,0,-1,-1,568,1,
core_C848,71024,63261,0,90,2024,6552,13261248,0,156,-1,27,1,
core_C1209,51323,78557,1,90,2530,8128,20563840,0,-1,259,527,1,
core_C1245,66598,110927,1,0,7327,2760,20222520,0,-1,-1,53,1,
core_C1040,44896,73231,0,0,4459,2944,13127296,0,371,350,208,0,
Wirelength: 7.51738e+09
layer(tree) info:
layer: 0 ,width: 75790 ,height: 129153 ,area: 9788505870 ,blocks_area: 7531839808, filling_rate: 0.769458, utilizatio_rate: 0.769162
layer: 1 ,width: 75072 ,height: 127818 ,area: 9595552896 ,blocks_area: 7584641115, filling_rate: 0.790433, utilizatio_rate: 0.774554
random seed: 13
alpha: 0
gamma: 1
best wirelength: 7.51738e+09
initial_num_perturbs: 19560
iter: 0
best_iter: 0
best_cost: 0.215432
reject_time: 0
accept_inferior_time: 0
update_best_time: 745
adjustLegalOutline_fail_times: 0
outline_adjust_time: 307.413
initial_wirelength: 1.26739e+10
initial_average_wirelength: 5.88303e+10
1.26739e+10,initial_iter: 19560
initial_time: 406.388
total time cost: 601.481
