name,x,y,layer,rotated_angle,width,height,area,exceed_outline_area,left,right,parent,is_from_left,
macro_C2790,33,0,0,270,33,142,4686,0,4,-1,5,1,
macro_C2791,132,0,0,270,33,308,10164,0,-1,-1,2,1,
macro_C2792,99,0,0,270,33,384,12672,0,1,-1,4,1,
macro_C2793,9405,4644,1,90,33,90,2970,0,-1,-1,10,0,
macro_C2794,66,0,0,270,33,142,4686,0,2,-1,0,1,
macro_C2795,0,0,0,90,33,109,3597,0,0,-1,-1,0,
core_C0,7590,4734,1,270,2211,4550,10060050,0,-1,-1,9,1,
core_C1,2607,0,1,270,2310,4726,10917060,0,12,-1,13,1,
core_C4,0,4726,1,0,4594,2277,10460538,0,-1,-1,13,0,
core_C7,4917,4574,1,270,2673,4041,10801593,0,6,-1,12,0,
core_C9,9405,0,1,90,2310,4644,10727640,0,-1,3,11,1,
core_C11,7194,0,1,90,2211,4433,9801363,0,10,-1,12,1,
core_C12,4917,0,1,90,2277,4574,10414998,0,11,9,7,1,
core_C13,0,0,1,270,2607,3924,10229868,0,7,8,-1,0,
Wirelength: 1.91304e+20
layer(tree) info:
layer: 0 ,width: 165 ,height: 384 ,area: 63360 ,blocks_area: 35805, filling_rate: 0.565104, utilizatio_rate: 8.19336e-05
layer: 1 ,width: 11715 ,height: 9284 ,area: 108762060 ,blocks_area: 83416080, filling_rate: 0.766959, utilizatio_rate: 0.190883
random seed: 15
alpha: 0
gamma: 1
best wirelength: 1.91304e+20
initial_num_perturbs: 420
iter: 0
best_iter: 0
best_cost: 0.690339
reject_time: 0
accept_inferior_time: 0
update_best_time: 0
adjustLegalOutline_fail_times: 0
outline_adjust_time: 0
initial_wirelength: 5.49117e+20
initial_average_wirelength: 6.41277e+20
4.71545e+20,initial_iter: 420
initial_time: 0.038
total time cost: 0.466
