name,x,y,layer,rotated_angle,width,height,area,exceed_outline_area,left,right,parent,is_from_left,
macro_C2791,0,8580,1,0,11319,8580,97117020,0,6,-1,1,0,
macro_C2792,0,0,1,0,11319,8580,97117020,0,10,0,-1,0,
macro_C2793,0,8448,0,0,11616,8448,98131968,0,5,-1,3,0,
macro_C2794,0,0,0,0,11616,8448,98131968,0,4,2,-1,0,
macro_C2795,11616,0,0,0,11352,8679,98524008,0,-1,-1,3,1,
macro_C2796,11616,8679,0,0,11352,8679,98524008,0,-1,-1,2,1,
core_C0,11319,9719,1,180,3175,3168,10058400,0,-1,-1,0,1,
core_C1,14586,4433,1,90,2310,4726,10917060,0,9,-1,11,0,
core_C4,11319,3284,1,0,3234,3234,10458756,0,-1,12,10,0,
core_C7,16896,0,1,90,1881,5743,10802583,0,-1,-1,7,1,
core_C9,11319,0,1,90,3267,3284,10728828,0,11,8,1,1,
core_C11,14586,0,1,90,2211,4433,9801363,0,-1,7,10,1,
core_C12,11319,6518,1,180,3254,3201,10416054,0,13,-1,8,0,
core_C13,14573,9159,1,90,3168,3229,10229472,0,-1,-1,12,1,
Wirelength: 5.74816e+06
layer(tree) info:
layer: 0 ,width: 22968 ,height: 17358 ,area: 398678544 ,blocks_area: 393311952, filling_rate: 0.986539, utilizatio_rate: 0.900027
layer: 1 ,width: 18777 ,height: 17160 ,area: 322213320 ,blocks_area: 277646556, filling_rate: 0.861686, utilizatio_rate: 0.635347
random seed: 15
alpha: 0
gamma: 1
best wirelength: 5.74816e+06
initial_num_perturbs: 196
iter: 0
best_iter: 0
best_cost: 0.120854
reject_time: 0
accept_inferior_time: 0
update_best_time: 0
adjustLegalOutline_fail_times: 0
outline_adjust_time: 0.001
initial_wirelength: 4.64725e+07
initial_average_wirelength: 6.13722e+07
1.94925e+07,initial_iter: 196
initial_time: 0.052
total time cost: 0.329
