name,x,y,layer,rotated_angle,width,height,area,exceed_outline_area,left,right,parent,is_from_left,
macro_C8466,2064,0,1,270,8160,9072,74027520,0,33,31,69,1,
macro_C8467,10224,11597,1,90,8160,9072,74027520,0,47,100,33,0,
macro_C16429,14553,22736,0,180,5676,7524,42706224,0,-1,15,102,0,
macro_C16430,33233,0,0,180,5676,7524,42706224,0,-1,7,25,1,
macro_C32011,1452,5412,0,270,4290,8613,36949770,0,27,62,85,1,
macro_C32012,10001,16893,0,90,4290,8613,36949770,0,67,-1,8,1,
macro_C39784,7854,0,0,270,7854,5445,42765030,0,-1,-1,28,1,
macro_C39785,33233,7524,0,180,5445,7854,42765030,0,-1,-1,3,0,
macro_C55552,4589,22605,0,0,5412,7854,42505848,0,5,-1,81,1,
macro_C55553,20295,21816,0,0,5412,7854,42505848,0,97,-1,76,0,
macro_C63404,34531,31166,0,180,5412,7854,42505848,0,-1,-1,40,1,
macro_C63405,13101,35936,0,90,7854,5412,42505848,0,68,-1,61,0,
macro_C71293,32650,28838,1,180,7728,11232,86800896,0,-1,-1,65,1,
macro_C71294,34880,15378,0,0,5412,7854,42505848,0,-1,18,70,1,
macro_C86866,22176,32840,1,0,9072,8160,74027520,0,-1,-1,115,0,
macro_C86867,14553,30260,0,90,7524,5676,42706224,0,37,-1,2,0,
macro_C86868,15710,0,0,270,4290,8613,36949770,0,29,-1,67,1,
macro_C86869,25613,0,1,90,11232,7776,87340032,0,-1,41,44,1,
macro_C86870,34880,23232,0,0,5412,7854,42505848,0,-1,-1,13,0,
macro_C94576,2064,30450,1,90,8160,9072,74027520,0,-1,-1,107,0,
macro_C94577,4455,35055,0,90,7524,5676,42706224,0,-1,-1,79,0,
macro_C94578,16005,10395,0,90,4290,8613,36949770,0,118,98,102,1,
macro_C94579,27007,32148,0,180,5445,7854,42765030,0,40,-1,112,1,
macro_C94580,27060,22215,0,0,5412,7854,42505848,0,104,-1,97,1,
macro_C102137,29981,7776,1,0,9072,8160,74027520,0,-1,-1,64,1,
macro_C102138,25709,0,0,270,7524,5676,42706224,0,3,49,29,1,
macro_C102139,26235,15378,0,0,8613,4290,36949770,0,-1,-1,86,1,
macro_C102140,5742,5445,0,90,7854,5445,42765030,0,-1,91,4,1,
macro_C102141,0,0,0,270,7854,5412,42505848,0,6,85,-1,0,
macro_C109812,20000,0,0,90,5709,6369,36360621,0,25,45,16,1,
macro_C109813,1452,15477,0,270,7524,5676,42706224,0,73,106,62,0,
macro_C109814,2064,9072,1,90,6144,12288,75497472,0,-1,105,0,0,
macro_C109815,10224,26189,1,0,7776,11232,87340032,0,42,-1,51,0,
macro_C109816,10224,0,1,0,7728,11232,86800896,0,117,1,0,1,
core_C1,25613,14236,1,90,2112,6596,13930752,0,95,-1,41,0,
core_C3,29832,5676,0,270,1452,4536,6586272,0,-1,120,93,1,
core_C4,0,32162,0,0,4120,1584,6526080,0,-1,-1,72,0,
core_C5,22077,29670,0,0,3339,2178,7272342,0,-1,-1,15,1,
core_C6,20064,19200,1,270,2112,6427,13573824,0,66,-1,42,1,
core_C7,21584,6369,0,0,3152,2079,6553008,0,-1,96,45,1,
core_C11,32452,32148,0,90,2079,3209,6671511,0,10,-1,22,1,
core_C13,25613,7776,1,90,2064,6460,13333440,0,64,34,17,0,
core_C14,18000,25469,1,270,2064,6405,13219920,0,38,-1,32,1,
core_C15,26070,10107,0,270,1254,3858,4837932,0,93,-1,116,1,
core_C16,23501,0,1,90,2112,6386,13487232,0,17,48,47,1,
core_C18,20000,6369,0,90,1584,3993,6324912,0,39,-1,29,0,
core_C19,20880,14141,1,180,4179,2784,11634336,0,-1,-1,103,1,
core_C22,18384,11597,1,0,5117,2544,13017648,0,44,103,1,1,
core_C23,23501,6386,1,90,2112,6346,13402752,0,-1,-1,44,0,
core_C24,25709,5676,0,270,1452,4395,6381540,0,122,-1,25,0,
core_C26,10098,29685,0,90,1782,3567,6356394,0,-1,-1,60,0,
core_C28,10224,22637,1,0,3582,3552,12723264,0,75,32,100,0,
core_C30,26352,22423,1,90,2496,5000,12480000,0,83,-1,92,1,
core_C31,31251,10212,0,90,1551,3931,6096981,0,-1,-1,120,1,
core_C32,20295,14723,0,270,2508,2573,6453084,0,-1,76,118,0,
core_C33,14291,13960,0,270,1419,4257,6040683,0,-1,-1,82,0,
core_C34,8580,30459,0,90,1518,4596,6976728,0,60,-1,114,1,
core_C35,5742,30459,0,90,1419,4442,6303198,0,114,-1,79,1,
core_C36,11748,25506,0,270,1353,4098,5544594,0,59,-1,60,1,
core_C37,13101,25506,0,270,1452,2255,3274260,0,102,61,58,1,
core_C38,10098,25506,0,270,1650,4179,6895350,0,58,50,56,1,
core_C41,13101,27761,0,90,1452,4549,6605148,0,-1,11,59,0,
core_C42,1452,14025,0,180,4500,1452,6534000,0,-1,30,4,0,
core_C43,28626,19668,0,90,2541,2547,6471927,0,-1,-1,110,1,
core_C45,27677,7776,1,270,2304,5997,13817088,0,24,-1,41,1,
core_C47,28848,29048,1,180,3802,3792,14417184,0,12,-1,83,0,
core_C48,22176,16925,1,270,2064,6431,13273584,0,92,101,38,1,
core_C49,14291,5445,0,90,1419,4440,6300360,0,16,82,5,1,
core_C50,20955,35936,0,180,2926,1155,3379530,0,112,-1,11,1,
core_C51,0,0,1,90,2064,6361,13129104,0,0,-1,-1,0,
core_C54,33428,26803,0,270,1452,4363,6335076,0,13,-1,111,1,
core_C55,32472,24055,0,90,1782,2748,4896936,0,-1,-1,104,0,
core_C56,0,30578,0,0,4035,1584,6391440,0,-1,36,121,0,
core_C57,8976,15309,0,180,4126,1584,6535584,0,-1,-1,30,1,
core_C58,27725,20311,1,0,6416,2112,13550592,0,-1,-1,95,0,
core_C59,13806,23453,1,180,6252,2016,12604032,0,-1,-1,51,1,
core_C60,20295,17296,0,90,1452,4520,6563040,0,113,9,54,0,
core_C61,30960,22423,1,90,2112,6415,13548480,0,-1,-1,83,1,
core_C62,16005,21087,0,0,4035,1584,6391440,0,-1,-1,98,0,
core_C64,4455,30459,0,270,1287,3879,4992273,0,57,20,119,1,
core_C65,20208,5761,1,270,2928,4522,13240416,0,-1,-1,99,1,
core_C66,1452,22605,0,180,3137,2079,6521823,0,8,108,106,0,
core_C67,14291,9885,0,90,1617,4075,6589275,0,94,55,67,0,
core_C68,28848,22423,1,90,2112,6625,13992000,0,77,65,52,1,
core_C72,15303,20669,1,0,4317,2784,12018528,0,-1,-1,100,1,
core_C74,0,5412,0,90,1452,4366,6339432,0,4,121,28,0,
core_C75,24651,14622,0,270,1584,3237,5127408,0,26,110,116,0,
core_C77,23199,10263,0,90,1452,4419,6416388,0,116,-1,123,1,
core_C78,4176,21360,1,90,2064,6321,13046544,0,-1,-1,105,1,
core_C79,10174,10890,0,90,1419,4419,6270561,0,-1,-1,91,1,
core_C80,25707,30069,0,0,4530,1452,6577560,0,111,-1,97,0,
core_C81,5742,10890,0,180,4432,1452,6435264,0,89,-1,27,0,
core_C82,24240,20832,1,90,2112,6389,13493568,0,52,-1,66,1,
core_C83,27324,10107,0,90,2508,2570,6445560,0,35,-1,43,1,
core_C84,15908,8613,0,180,3582,1782,6383124,0,-1,-1,82,1,
core_C85,27725,13773,1,90,2160,6538,14122080,0,-1,74,34,1,
core_C86,21584,8448,0,0,3630,1815,6588450,0,-1,-1,39,0,
core_C87,25707,21648,0,270,1353,4160,5628480,0,23,90,9,1,
core_C88,16005,19008,0,180,3151,2079,6550929,0,-1,78,21,0,
core_C89,17952,5761,1,270,2256,5836,13166016,0,80,-1,117,0,
core_C90,10224,20669,1,180,5079,1968,9995472,0,84,51,1,0,
core_C91,22176,27423,1,180,6448,2064,13308672,0,-1,115,66,0,
core_C92,14553,18217,0,270,1452,4519,6561588,0,21,2,59,1,
core_C93,18384,14141,1,90,2496,5059,12627264,0,46,-1,47,0,
core_C94,32472,19668,0,90,1452,4387,6369924,0,-1,71,23,1,
core_C96,2064,21360,1,270,2112,6546,13825152,0,88,107,31,0,
core_C98,1452,21153,0,180,4388,1452,6371376,0,-1,81,30,0,
core_C101,2064,27906,1,0,5172,2544,13157568,0,-1,19,105,0,
core_C102,1452,24684,0,90,1419,4442,6303198,0,119,-1,81,0,
core_C104,23199,14682,0,90,1452,4421,6419292,0,-1,-1,113,1,
core_C107,24651,19668,0,0,3975,1980,7870500,0,63,-1,86,0,
core_C108,30237,30069,0,180,3191,2079,6634089,0,70,-1,90,1,
core_C109,23881,31848,0,180,3126,2046,6395796,0,22,-1,68,1,
core_C110,21747,17296,0,90,1452,4490,6519480,0,109,-1,76,1,
core_C111,7161,30459,0,90,1419,4441,6301779,0,56,-1,57,1,
core_C112,22176,29487,1,0,4965,2448,12154320,0,-1,14,101,0,
core_C113,24651,10263,0,90,1419,4359,6185421,0,43,86,87,1,
core_C114,17952,0,1,90,2304,5761,13273344,0,-1,99,33,1,
core_C116,20295,10362,0,90,1452,4361,6332172,0,123,54,21,1,
core_C117,2871,24684,0,90,1584,4032,6386688,0,79,-1,108,1,
core_C118,29832,10212,0,270,1419,4416,6266304,0,53,-1,35,0,
core_C119,0,29126,0,0,4453,1452,6465756,0,-1,72,85,0,
core_C120,27161,5676,0,270,1419,4431,6287589,0,-1,-1,49,1,
core_C121,21747,10263,0,270,1452,4446,6455592,0,87,-1,118,1,
Wirelength: 2.01864e+08
layer(tree) info:
layer: 0 ,width: 40292 ,height: 41348 ,area: 1665993616 ,blocks_area: 1356946140, filling_rate: 0.814497, utilizatio_rate: 0.811597
layer: 1 ,width: 40378 ,height: 41000 ,area: 1655498000 ,blocks_area: 1200481104, filling_rate: 0.725148, utilizatio_rate: 0.718015
random seed: 24
alpha: 0
gamma: 1
best wirelength: 2.01864e+08
initial_num_perturbs: 15376
iter: 0
best_iter: 0
best_cost: 0.263234
reject_time: 0
accept_inferior_time: 0
update_best_time: 0
adjustLegalOutline_fail_times: 0
outline_adjust_time: 7.904
initial_wirelength: 5.95209e+08
initial_average_wirelength: 2.23948e+09
5.89506e+08,initial_iter: 15376
initial_time: 18.608
total time cost: 100.193
