name,x,y,layer,rotated_angle,width,height,area,exceed_outline_area,left,right,parent,is_from_left,
macro_C2791,7608,10329,1,180,11319,8580,97117020,0,-1,-1,6,1,
macro_C2792,9164,8679,0,180,11319,8580,97117020,0,-1,-1,13,1,
macro_C2793,0,0,0,0,11616,8448,98131968,0,5,9,-1,0,
macro_C2794,0,1881,1,0,11616,8448,98131968,0,4,11,10,0,
macro_C2795,11616,0,1,0,11352,8679,98524008,0,-1,-1,3,1,
macro_C2796,11616,0,0,180,11352,8679,98524008,0,-1,-1,2,1,
core_C0,4433,10329,1,180,3175,3168,10058400,0,0,-1,11,1,
core_C1,0,12644,0,180,5804,1881,10917324,0,12,-1,8,0,
core_C4,0,10758,0,270,5544,1886,10455984,0,-1,7,9,0,
core_C7,0,8448,0,180,4676,2310,10801560,0,13,8,2,0,
core_C9,0,0,1,0,5704,1881,10729224,0,-1,3,-1,0,
core_C11,0,10329,1,0,4433,2211,9801363,0,6,-1,3,0,
core_C12,5804,10727,0,0,3254,3201,10416054,0,-1,-1,7,1,
core_C13,4676,8448,0,270,4488,2279,10228152,0,1,-1,9,1,
Wirelength: 2.69742e+07
layer(tree) info:
layer: 0 ,width: 22968 ,height: 17259 ,area: 396404712 ,blocks_area: 346592070, filling_rate: 0.874339, utilizatio_rate: 0.793117
layer: 1 ,width: 22968 ,height: 18909 ,area: 434301912 ,blocks_area: 324361983, filling_rate: 0.746858, utilizatio_rate: 0.742247
random seed: 6
alpha: 0
gamma: 1
best wirelength: 2.69742e+07
initial_num_perturbs: 196
iter: 0
best_iter: 0
best_cost: 0.817186
reject_time: 0
accept_inferior_time: 0
update_best_time: 0
adjustLegalOutline_fail_times: 0
outline_adjust_time: 0.009
initial_wirelength: 5.64284e+07
initial_average_wirelength: 6.9052e+07
5.64284e+07,initial_iter: 196
initial_time: 0.03
total time cost: 0.743
