name,x,y,layer,rotated_angle,width,height,area,exceed_outline_area,left,right,parent,is_from_left,
macro_C2790,99,0,1,270,33,142,4686,0,-1,-1,2,1,
macro_C2791,66,0,1,270,33,308,10164,0,-1,2,3,1,
macro_C2792,66,308,1,270,33,384,12672,0,0,5,1,0,
macro_C2793,33,0,1,270,33,90,2970,0,1,-1,4,1,
macro_C2794,0,0,1,270,33,142,4686,0,3,-1,-1,0,
macro_C2795,66,692,1,270,33,109,3597,0,-1,-1,2,0,
core_C0,0,0,0,270,2211,4550,10060050,0,-1,13,-1,0,
core_C1,2244,8463,0,0,3308,3300,10916400,0,11,-1,10,0,
core_C4,2244,0,0,90,2013,5196,10459548,0,12,10,13,1,
core_C7,6534,0,0,90,2310,4676,10801560,0,-1,-1,12,1,
core_C9,2244,5196,0,0,3284,3267,10728828,0,-1,7,8,0,
core_C11,5552,4676,0,270,2211,4433,9801363,0,-1,-1,7,1,
core_C12,4257,0,0,270,2277,4574,10414998,0,9,-1,8,1,
core_C13,0,4550,0,90,2244,4559,10230396,0,8,-1,6,0,
Wirelength: 5.92364e+19
layer(tree) info:
layer: 0 ,width: 8844 ,height: 11763 ,area: 104031972 ,blocks_area: 83413143, filling_rate: 0.801803, utilizatio_rate: 0.190877
layer: 1 ,width: 132 ,height: 801 ,area: 105732 ,blocks_area: 38775, filling_rate: 0.366729, utilizatio_rate: 8.873e-05
random seed: 18
alpha: 0
gamma: 1
best wirelength: 5.92364e+19
initial_num_perturbs: 420
iter: 0
best_iter: 0
best_cost: 0.729023
reject_time: 0
accept_inferior_time: 0
update_best_time: 0
adjustLegalOutline_fail_times: 0
outline_adjust_time: 0
initial_wirelength: 5.4181e+20
initial_average_wirelength: 5.62913e+20
6.02899e+20,initial_iter: 420
initial_time: 0.039
total time cost: 0.493
