name,x,y,layer,rotated_angle,width,height,area,exceed_outline_area,left,right,parent,is_from_left,
macro_C8466,9702,10333,0,270,5709,6369,36360621,0,-1,36,91,0,
macro_C8467,24078,0,1,0,9072,8160,74027520,0,-1,-1,67,1,
macro_C16429,34521,0,0,0,5676,7524,42706224,0,-1,-1,3,1,
macro_C16430,28845,0,0,180,5676,7524,42706224,0,2,-1,45,1,
macro_C32011,5412,8679,0,90,4290,8613,36949770,0,76,57,11,1,
macro_C32012,0,25047,0,0,8613,4290,36949770,0,-1,8,35,0,
macro_C39784,0,0,0,90,7854,5445,42765030,0,98,103,-1,0,
macro_C39785,21592,0,0,180,5445,7854,42765030,0,45,-1,123,1,
macro_C55552,0,29337,0,90,7854,5412,42505848,0,-1,9,5,0,
macro_C55553,0,34749,0,270,7854,5412,42505848,0,-1,-1,8,0,
macro_C63404,17853,13773,0,0,5412,7854,42505848,0,65,-1,101,1,
macro_C63405,0,14256,0,180,5412,7854,42505848,0,4,100,62,0,
macro_C71293,24107,8160,1,180,7728,11232,86800896,0,17,-1,33,1,
macro_C71294,10302,0,1,90,11232,7728,86800896,0,71,-1,60,1,
macro_C86866,27037,20237,0,270,5709,6369,36360621,0,15,-1,42,0,
macro_C86867,32746,14961,0,90,7524,5676,42706224,0,-1,19,14,1,
macro_C86868,27037,10671,0,180,8613,4290,36949770,0,-1,52,122,0,
macro_C86869,31835,8160,1,180,7776,11232,87340032,0,-1,-1,12,1,
macro_C86870,32091,19392,1,0,7728,11232,86800896,0,-1,-1,23,1,
macro_C94576,32746,20637,0,0,6369,5709,36360621,0,-1,-1,15,0,
macro_C94577,34613,26346,0,180,5676,7524,42706224,0,-1,-1,22,1,
macro_C94578,24191,31263,0,90,4290,8613,36949770,0,-1,-1,28,1,
macro_C94579,29168,26606,0,180,5445,7854,42765030,0,20,-1,26,1,
macro_C94580,24363,19392,1,0,7728,11232,86800896,0,18,-1,32,1,
macro_C102137,16587,32027,1,270,8160,9072,74027520,0,27,-1,32,0,
macro_C102138,9637,35377,0,90,7524,5676,42706224,0,-1,-1,30,0,
macro_C102139,20555,26973,0,0,8613,4290,36949770,0,22,-1,53,1,
macro_C102140,24747,30624,1,90,11232,7776,87340032,0,-1,-1,24,1,
macro_C102141,18779,31263,0,0,5412,7854,42505848,0,21,-1,53,0,
macro_C109812,9702,23992,0,0,6369,5709,36360621,0,87,-1,112,0,
macro_C109813,9637,29701,0,90,7524,5676,42706224,0,86,25,66,1,
macro_C109814,0,27858,1,0,12288,6144,75497472,0,-1,-1,68,0,
macro_C109815,16587,20795,1,180,7776,11232,87340032,0,23,24,81,1,
macro_C109816,12875,10627,1,90,11232,7728,86800896,0,12,-1,107,1,
core_C1,13968,20795,1,90,2592,5374,13929408,0,-1,81,97,0,
core_C3,0,23364,0,180,4536,1452,6586272,0,109,5,100,0,
core_C4,9702,16702,0,0,3662,1782,6525684,0,74,111,0,0,
core_C5,19705,21627,0,180,3867,1881,7273827,0,-1,-1,61,1,
core_C6,0,0,1,90,2592,5237,13574304,0,102,68,-1,0,
core_C7,21284,7854,0,180,3677,1782,6552414,0,49,-1,94,1,
core_C11,8699,10416,1,90,2112,6576,13888512,0,107,-1,84,1,
core_C13,13893,3659,0,180,3596,1782,6408072,0,-1,-1,89,0,
core_C14,27037,18455,0,90,3564,1782,6351048,0,-1,14,52,0,
core_C15,17500,0,0,90,1551,3119,4837569,0,123,99,64,1,
core_C16,17676,4868,0,0,1817,3564,6475788,0,94,118,96,1,
core_C18,27037,0,0,0,1808,3498,6324384,0,3,117,7,1,
core_C19,13323,8939,0,180,4133,1353,5591949,0,-1,-1,85,0,
core_C22,21294,11435,0,0,4407,1419,6253533,0,-1,-1,93,1,
core_C23,15889,10292,0,90,1782,3614,6440148,0,-1,-1,92,1,
core_C24,24961,7854,0,90,1782,3581,6381342,0,-1,-1,39,1,
core_C26,3520,7227,0,180,4378,1452,6356856,0,-1,-1,55,1,
core_C28,2592,2592,1,90,2496,5098,12724608,0,75,121,102,0,
core_C30,27037,14961,0,90,1716,3494,5995704,0,-1,42,16,0,
core_C31,18779,26973,0,180,1776,3432,6095232,0,26,28,86,1,
core_C32,9702,5160,0,0,3621,1782,6452622,0,85,79,76,0,
core_C33,0,7161,0,0,3520,1716,6040320,0,50,73,103,0,
core_C34,2592,12432,1,0,5403,2688,14523264,0,-1,70,84,0,
core_C35,5412,17292,0,180,3604,1749,6303396,0,-1,114,4,0,
core_C36,12243,0,0,270,1650,3360,5544000,0,89,-1,76,1,
core_C37,3667,8679,0,270,1254,2611,3274194,0,-1,-1,73,1,
core_C38,7584,2592,1,180,2718,5280,14351040,0,13,-1,75,1,
core_C41,17886,21627,0,0,1819,3630,6602970,0,37,-1,95,1,
core_C42,0,12474,0,0,3666,1782,6532812,0,-1,11,82,0,
core_C43,8784,22594,1,90,5184,2598,13468032,0,97,105,72,1,
core_C45,15685,0,0,270,1815,3659,6641085,0,43,-1,89,1,
core_C47,23265,12854,0,90,1518,4563,6926634,0,-1,83,10,1,
core_C48,7095,22539,0,180,2542,2508,6375336,0,30,-1,109,1,
core_C49,21534,5472,1,270,2544,5155,13114320,0,1,-1,71,0,
core_C50,0,5237,1,180,1879,3744,7034976,0,-1,31,38,0,
core_C51,5412,20790,0,0,3606,1749,6306894,0,-1,-1,114,0,
core_C54,2592,15120,1,270,5088,2592,13188096,0,88,108,56,0,
core_C55,21534,0,1,180,1863,5472,10194336,0,-1,67,13,1,
core_C56,2592,25201,1,90,6192,2148,13300416,0,63,-1,106,0,
core_C57,0,8877,0,0,3667,1782,6534594,0,59,82,55,0,
core_C58,13364,16702,0,90,1782,3653,6509646,0,-1,-1,36,1,
core_C59,5088,2592,1,90,2496,5050,12604800,0,60,-1,51,1,
core_C60,9702,2578,0,90,2541,2582,6560862,0,58,54,4,1,
core_C61,23265,19269,0,0,3652,1782,6507864,0,-1,-1,83,0,
core_C62,3535,5445,0,0,3586,1782,6390252,0,-1,-1,103,1,
core_C64,9702,6942,0,90,3102,1609,4991118,0,-1,91,54,0,
core_C65,21212,9636,0,180,3570,1782,6361740,0,-1,-1,116,1,
core_C66,13968,26169,1,180,2619,5184,13576896,0,32,-1,34,0,
core_C67,0,10659,0,0,3631,1815,6590265,0,-1,62,73,0,
core_C68,23265,17417,0,270,3630,1852,6722760,0,-1,77,65,0,
core_C72,2592,10464,1,180,6107,1968,12018576,0,40,56,121,0,
core_C74,13323,5441,0,0,1812,3498,6338376,0,96,46,54,1,
core_C75,17161,26784,0,180,1618,3168,5125824,0,53,-1,30,1,
core_C77,16071,13906,0,270,1782,3601,6416982,0,-1,101,29,1,
core_C78,7680,16992,1,180,5129,2544,13048176,0,-1,-1,70,1,
core_C79,13893,0,0,0,1792,3498,6268416,0,64,41,58,1,
core_C80,20487,23508,0,180,3691,1782,6577362,0,-1,115,120,1,
core_C81,9702,8551,0,180,3611,1782,6434802,0,-1,0,79,0,
core_C82,14107,20355,0,270,1782,3637,6481134,0,48,-1,112,1,
core_C83,17676,11991,0,0,3618,1782,6447276,0,47,-1,116,0,
core_C84,19493,4868,0,180,1791,3564,6383124,0,39,-1,44,1,
core_C85,16071,21627,0,90,1815,3738,6784470,0,61,120,101,0,
core_C86,15135,5441,0,270,2541,2593,6588813,0,44,-1,85,1,
core_C87,13968,18355,1,90,4800,2440,11712000,0,-1,34,63,1,
core_C88,7854,0,0,90,2541,2578,6550698,0,-1,-1,6,1,
core_C89,17500,3119,0,0,3617,1749,6326133,0,-1,-1,43,0,
core_C90,0,22110,0,0,3829,1254,4801566,0,-1,35,11,0,
core_C91,16071,17507,0,270,1782,3588,6393816,0,10,95,87,0,
core_C92,2592,0,1,180,5269,2592,13657248,0,-1,51,38,1,
core_C93,0,5445,0,0,3535,1716,6066060,0,78,55,6,0,
core_C94,13010,7728,1,270,5088,2606,13259328,0,-1,-1,119,1,
core_C96,8784,25192,1,270,5184,2666,13820544,0,-1,-1,63,0,
core_C98,2592,22594,1,90,5088,2607,13264416,0,-1,72,110,0,
core_C101,10811,10416,1,270,2064,6374,13155936,0,33,-1,40,1,
core_C102,2592,17712,1,90,5088,2578,13116864,0,-1,110,70,0,
core_C104,4536,22539,0,180,2559,2508,6417972,0,66,-1,35,1,
core_C107,2592,20290,1,0,7112,2304,16386048,0,-1,106,108,0,
core_C108,9702,18484,0,270,3630,1827,6632010,0,-1,113,36,0,
core_C109,9702,22140,0,0,4405,1452,6396060,0,92,29,113,0,
core_C110,9702,20311,0,90,3564,1829,6518556,0,-1,112,111,0,
core_C111,5412,19041,0,0,3603,1749,6301647,0,-1,69,57,0,
core_C112,20487,25290,0,180,3469,1683,5838327,0,-1,-1,90,0,
core_C113,17676,10242,0,0,3536,1749,6184464,0,80,93,118,0,
core_C114,27037,3498,0,270,1782,3579,6377778,0,-1,122,45,0,
core_C116,17676,8432,0,90,3498,1810,6331380,0,-1,116,44,0,
core_C117,7785,7872,1,0,5225,2544,13292400,0,104,-1,121,1,
core_C118,16071,25365,0,180,4416,1419,6266304,0,90,-1,95,0,
core_C119,2592,7872,1,0,5193,2592,13460256,0,119,84,51,0,
core_C120,27037,7077,0,90,1749,3594,6285906,0,-1,16,117,0,
core_C121,19051,0,0,0,2541,2541,6456681,0,7,-1,43,1,
Wirelength: 1.02109e+08
layer(tree) info:
layer: 0 ,width: 40289 ,height: 41053 ,area: 1653984317 ,blocks_area: 1327864131, filling_rate: 0.802828, utilizatio_rate: 0.794203
layer: 1 ,width: 39819 ,height: 41099 ,area: 1636521081 ,blocks_area: 1259241888, filling_rate: 0.769463, utilizatio_rate: 0.75316
random seed: 8
alpha: 0
gamma: 1
best wirelength: 1.02109e+08
initial_num_perturbs: 15376
iter: 0
best_iter: 0
best_cost: 0.224516
reject_time: 0
accept_inferior_time: 0
update_best_time: 0
adjustLegalOutline_fail_times: 0
outline_adjust_time: 0.082
initial_wirelength: 1.15016e+09
initial_average_wirelength: 3.46209e+09
1.13213e+09,initial_iter: 15376
initial_time: 11.354
total time cost: 168.674
