name,x,y,layer,rotated_angle,width,height,area,exceed_outline_area,left,right,parent,is_from_left,
macro_C8466,13920,29616,1,0,9072,8160,74027520,0,-1,-1,84,0,
macro_C8467,5313,25531,0,90,5709,6369,36360621,0,-1,6,78,0,
macro_C16429,29073,26204,0,0,5676,7524,42706224,0,10,-1,107,1,
macro_C16430,29403,33728,0,0,5676,7524,42706224,0,-1,-1,26,1,
macro_C32011,7776,24949,1,90,6144,12288,75497472,0,84,-1,109,0,
macro_C32012,1023,24228,0,90,4290,8613,36949770,0,52,-1,59,1,
macro_C39784,5313,31900,0,0,5445,7854,42765030,0,48,-1,1,0,
macro_C39785,0,24336,1,180,7776,11232,87340032,0,21,-1,86,0,
macro_C55552,34452,0,0,0,5412,7854,42505848,0,-1,-1,9,1,
macro_C55553,29040,0,0,0,5412,7854,42505848,0,8,92,88,1,
macro_C63404,34749,25081,0,0,5412,7854,42505848,0,-1,-1,2,1,
macro_C63405,32160,21360,1,0,7728,11232,86800896,0,-1,-1,31,0,
macro_C71293,0,0,1,0,7728,11232,86800896,0,-1,17,-1,0,
macro_C71294,4737,7524,0,0,5412,7854,42505848,0,-1,90,83,1,
macro_C86866,10329,7524,0,0,6369,5709,36360621,0,-1,68,20,0,
macro_C86867,0,0,0,180,5676,7524,42706224,0,-1,70,-1,0,
macro_C86868,15888,6144,1,90,6144,12288,75497472,0,33,35,84,1,
macro_C86869,0,11232,1,0,7776,11232,87340032,0,-1,86,12,0,
macro_C86870,19338,18915,0,90,7854,5412,42505848,0,-1,91,22,0,
macro_C94576,15888,20544,1,90,8160,9072,74027520,0,120,-1,35,0,
macro_C94577,10329,0,0,0,5676,7524,42706224,0,115,14,111,1,
macro_C94578,7776,0,1,0,12288,6144,75497472,0,-1,28,7,1,
macro_C94579,19338,13470,0,90,7854,5445,42765030,0,66,18,38,1,
macro_C94580,21081,0,0,90,7854,5412,42505848,0,-1,-1,105,1,
macro_C102137,11385,19602,0,180,6369,5709,36360621,0,-1,87,61,0,
macro_C102138,24048,11232,1,0,8112,10752,87220224,0,31,-1,53,1,
macro_C102139,20790,37025,0,0,8613,4290,36949770,0,3,-1,117,0,
macro_C102140,24048,26438,1,0,7776,11232,87340032,0,-1,-1,120,0,
macro_C102141,7776,6144,1,0,7728,11232,86800896,0,-1,102,21,0,
macro_C109812,29760,0,1,270,8160,9072,74027520,0,-1,-1,33,1,
macro_C109813,17886,5946,0,0,5676,7524,42706224,0,32,42,37,0,
macro_C109814,32160,9072,1,90,6144,12288,75497472,0,-1,11,25,1,
macro_C109815,23562,5412,0,0,5445,7854,42765030,0,-1,-1,30,1,
macro_C109816,22032,0,1,0,7728,11232,86800896,0,29,53,16,1,
core_C1,27192,17658,0,90,1485,4507,6692895,0,-1,-1,66,0,
core_C3,15888,18432,1,180,6491,2112,13708992,0,-1,19,16,0,
core_C4,34947,19002,0,90,1452,4495,6526740,0,-1,57,114,1,
core_C5,17886,2079,0,270,1881,3867,7273827,0,-1,30,105,0,
core_C6,17886,17844,0,270,1452,4491,6520932,0,22,98,42,0,
core_C7,15345,37167,0,0,4513,1452,6552876,0,-1,45,44,0,
core_C11,0,18057,0,180,3676,1815,6671940,0,-1,77,65,0,
core_C13,20790,28188,0,270,1452,4413,6407676,0,64,117,96,0,
core_C14,17886,13470,0,270,1452,4374,6351048,0,-1,38,30,0,
core_C15,24057,26373,0,270,1254,3858,4837932,0,67,-1,112,0,
core_C16,15345,34150,0,90,2541,2549,6477009,0,105,39,93,1,
core_C18,15345,38619,0,180,4356,1452,6324912,0,-1,-1,39,0,
core_C19,17886,26847,0,90,1353,4133,5591949,0,-1,99,98,0,
core_C22,13018,36809,0,90,2013,3106,6252378,0,-1,-1,73,1,
core_C23,10758,35357,0,180,4436,1452,6441072,0,-1,-1,6,1,
core_C24,16373,29755,0,90,1452,4395,6381540,0,-1,-1,54,0,
core_C26,32076,23455,0,0,2534,2508,6355272,0,-1,-1,121,0,
core_C28,3748,18282,0,180,4308,1419,6113052,0,-1,-1,101,0,
core_C30,5313,19701,0,90,1386,4325,5994450,0,75,78,5,1,
core_C31,22032,11232,1,90,2016,6296,12692736,0,25,-1,33,0,
core_C32,16373,25311,0,90,1452,4444,6452688,0,-1,49,116,1,
core_C33,11385,26763,0,0,3051,1980,6040980,0,-1,100,87,0,
core_C34,0,10230,0,180,3252,2145,6975540,0,83,104,71,0,
core_C35,34947,23497,0,180,3980,1584,6304320,0,-1,-1,36,0,
core_C36,4419,39754,0,180,4098,1353,5544594,0,73,-1,89,1,
core_C37,0,24228,0,90,1023,3201,3274623,0,5,89,82,0,
core_C38,29040,17993,0,90,1650,4179,6895350,0,-1,119,69,0,
core_C41,11385,18150,0,0,4549,1452,6605148,0,-1,24,110,0,
core_C42,11385,30261,0,90,1452,4500,6534000,0,116,-1,100,0,
core_C43,0,21324,0,0,4457,1452,6471564,0,-1,82,77,0,
core_C45,22242,28188,0,90,1815,3659,6641085,0,112,122,41,1,
core_C47,0,16209,0,0,3748,1848,6926304,0,101,40,104,0,
core_C48,27192,13266,0,90,1452,4392,6377184,0,-1,34,22,1,
core_C49,25311,26373,0,90,1419,4440,6300360,0,-1,-1,43,1,
core_C50,10329,13233,0,90,1056,3201,3380256,0,74,-1,14,0,
core_C51,29040,12318,0,270,1419,4445,6307455,0,-1,60,92,0,
core_C54,0,7524,0,180,4363,1452,6335076,0,-1,71,15,0,
core_C55,0,8976,0,180,3905,1254,4896870,0,-1,56,70,0,
core_C56,30492,12423,0,0,4402,1452,6391704,0,-1,81,95,0,
core_C57,8517,39754,0,180,4501,1452,6535452,0,47,-1,58,1,
core_C58,11385,13233,0,0,4483,1452,6509316,0,-1,97,68,1,
core_C59,6699,19701,0,90,1551,3905,6056655,0,76,-1,52,1,
core_C60,8250,16830,0,90,1617,4058,6561786,0,-1,111,75,1,
core_C61,0,19872,0,180,4482,1452,6507864,0,-1,63,40,0,
core_C62,5313,24079,0,180,4402,1452,6391704,0,-1,1,52,0,
core_C64,30624,22172,0,90,1287,3879,4992273,0,-1,-1,119,1,
core_C65,23991,31847,0,270,2046,3109,6361014,0,94,-1,122,1,
core_C66,30492,13875,0,270,1584,4118,6522912,0,108,-1,72,0,
core_C67,0,22776,0,0,4539,1452,6590628,0,-1,59,63,0,
core_C68,3252,10230,0,90,1485,4527,6722595,0,13,-1,56,1,
core_C72,13920,17376,1,90,1968,6107,12018576,0,16,0,4,1,
core_C74,32076,16956,0,0,3098,2046,6338508,0,-1,121,108,0,
core_C75,0,22464,1,180,5703,1872,10676016,0,-1,7,17,0,
core_C77,11385,25311,0,0,4419,1452,6416388,0,-1,55,24,0,
core_C78,27489,22165,0,270,1551,4041,6267591,0,9,107,94,1,
core_C79,0,32841,0,180,4419,1419,6270561,0,58,-1,59,0,
core_C80,4737,15378,0,180,4530,1452,6577560,0,-1,-1,13,0,
core_C81,19338,24327,0,0,3611,1782,6434802,0,-1,-1,18,0,
core_C82,29040,7854,0,90,1452,4464,6481728,0,95,69,9,0,
core_C83,12837,32787,0,90,2508,2570,6445560,0,44,-1,116,0,
core_C84,26037,30813,0,90,1452,4397,6384444,0,88,-1,80,1,
core_C85,30492,7854,0,270,1485,4569,6784965,0,106,72,92,1,
core_C86,20790,26109,0,180,3169,2079,6588351,0,-1,41,123,1,
core_C87,11385,14685,0,180,3790,1485,5628150,0,-1,110,74,0,
core_C88,17886,22335,0,90,1452,4512,6551424,0,123,46,38,0,
core_C89,17886,30980,0,270,2046,3092,6326232,0,-1,118,46,0,
core_C90,11385,28743,0,0,3163,1518,4801434,0,103,62,55,0,
core_C91,3748,16830,0,0,4403,1452,6393156,0,-1,51,65,1,
core_C92,7776,17376,1,270,2592,5269,13657248,0,-1,109,28,0,
core_C93,14548,26763,0,90,1419,4275,6066225,0,-1,-1,100,1,
core_C94,0,14757,0,0,4387,1452,6369924,0,-1,65,56,0,
core_C96,17886,0,0,0,3195,2079,6642405,0,23,37,44,1,
core_C98,31977,7854,0,90,1452,4388,6371376,0,-1,-1,95,1,
core_C101,27489,26206,0,90,1584,3990,6320160,0,2,-1,88,0,
core_C102,32076,13875,0,270,2046,3081,6303726,0,-1,85,81,1,
core_C104,7776,22645,1,180,5799,2304,13360896,0,-1,4,102,0,
core_C107,11385,16170,0,0,3975,1980,7870500,0,113,61,97,0,
core_C108,8250,20888,0,90,2079,3191,6634089,0,20,-1,76,0,
core_C109,24057,24327,0,180,3126,2046,6395796,0,-1,43,64,1,
core_C110,15360,14685,0,270,2079,3136,6519744,0,-1,-1,110,1,
core_C111,33528,19002,0,90,1419,4441,6301779,0,36,-1,121,1,
core_C112,16005,0,0,90,1386,4213,5839218,0,-1,-1,20,1,
core_C113,12837,31038,0,0,3536,1749,6184464,0,54,93,62,1,
core_C114,20790,35441,0,180,4026,1584,6377184,0,-1,26,41,0,
core_C116,17886,34072,0,90,2046,3095,6332370,0,-1,-1,99,0,
core_C117,29040,22172,0,90,1584,4032,6386688,0,79,-1,60,0,
core_C118,24048,21984,1,90,2928,4454,13041312,0,-1,27,19,1,
core_C119,32076,19002,0,90,1452,4453,6465756,0,114,50,85,0,
core_C120,22242,31847,0,90,1749,3594,6285906,0,80,-1,64,0,
core_C121,19338,26109,0,90,1452,4446,6455592,0,96,-1,98,1,
Wirelength: 9.14524e+07
layer(tree) info:
layer: 0 ,width: 40161 ,height: 41315 ,area: 1659251715 ,blocks_area: 1300831257, filling_rate: 0.783987, utilizatio_rate: 0.778035
layer: 1 ,width: 39888 ,height: 37776 ,area: 1506809088 ,blocks_area: 1309672128, filling_rate: 0.869169, utilizatio_rate: 0.783322
random seed: 21
alpha: 0
gamma: 1
best wirelength: 9.14524e+07
initial_num_perturbs: 15376
iter: 0
best_iter: 0
best_cost: 0.191144
reject_time: 0
accept_inferior_time: 0
update_best_time: 0
adjustLegalOutline_fail_times: 0
outline_adjust_time: 2.467
initial_wirelength: 4.51934e+08
initial_average_wirelength: 2.36437e+09
4.51934e+08,initial_iter: 15376
initial_time: 13.228
total time cost: 100.192
