name,x,y,layer,rotated_angle,width,height,area,exceed_outline_area,left,right,parent,is_from_left,
macro_C415824,92,58510,1,0,8625,37030,319383750,0,135,610,222,0,
macro_C393731,148,58376,0,0,5520,23736,131022720,0,303,176,16,0,
macro_C396425,28290,76404,1,0,8625,37030,319383750,0,514,344,47,0,
macro_C399323,0,6396,0,180,5520,23736,131022720,0,632,385,336,0,
macro_C401933,30380,0,0,0,5520,23736,131022720,0,331,424,167,1,
macro_C404827,92,8855,1,0,8625,37030,319383750,0,505,488,553,0,
macro_C407516,30380,30268,0,0,5520,23736,131022720,0,337,25,349,0,
macro_C410398,14574,2024,0,0,5520,23736,131022720,0,368,77,394,0,
macro_C413082,40871,55801,1,0,8625,37030,319383750,0,-1,435,615,1,
macro_C40987,24400,37619,0,0,5520,23736,131022720,0,-1,376,87,1,
macro_C418718,43352,66792,0,0,5520,23736,131022720,0,402,293,20,0,
macro_C421703,19205,26229,1,0,8625,37030,319383750,0,598,22,68,0,
macro_C424481,41972,4232,0,0,5520,23736,131022720,0,489,133,57,0,
macro_C427156,30380,77740,0,0,5520,23736,131022720,0,244,470,25,0,
macro_C429952,7140,69205,0,0,5520,23736,131022720,0,-1,611,78,0,
macro_C432667,57152,93581,0,0,5520,23736,131022720,0,471,-1,191,0,
macro_C38059,148,34640,0,0,5520,23736,131022720,0,143,1,612,1,
macro_C78506,12826,84949,0,0,5520,23736,131022720,0,-1,555,461,0,
macro_C390724,50071,12558,1,0,8625,37030,319383750,0,458,309,131,0,
macro_C43597,43352,93472,0,0,5520,23736,131022720,0,23,255,293,0,
macro_C46411,43352,43056,0,0,5520,23736,131022720,0,542,10,141,1,
macro_C48981,63040,2484,0,0,5520,23736,131022720,0,574,476,223,1,
macro_C51791,19205,63259,1,0,8625,37030,319383750,0,125,270,11,0,
macro_C54384,48872,60347,0,0,5520,23736,131022720,0,-1,-1,19,1,
macro_C57054,16580,37466,0,0,5520,23736,131022720,0,87,354,546,1,
macro_C62277,30380,54004,0,0,5520,23736,131022720,0,544,13,6,0,
macro_C65066,66812,74006,0,0,5520,23736,131022720,0,397,578,538,0,
macro_C67838,52536,33556,0,0,5520,23736,131022720,0,415,-1,542,1,
macro_C70493,22376,73775,0,0,5520,23736,131022720,0,602,453,105,1,
macro_C73067,19089,122822,0,90,23736,5520,131022720,0,-1,-1,334,1,
macro_C75793,36452,61014,0,0,5520,23736,131022720,0,-1,181,454,1,
macro_C59667,10505,66843,1,0,8625,37030,319383750,0,213,-1,272,1,
core_C930,148,106862,0,0,3667,3588,13157196,0,-1,433,209,0,
core_C1124,28382,37576,1,0,4623,4600,21265800,0,449,185,619,1,
core_C1270,15750,26860,1,90,2645,8045,21279025,0,-1,-1,407,1,
core_C1382,49451,9437,0,0,5187,2484,12884508,0,480,370,531,1,
core_C1112,73341,65753,0,90,2116,5629,11910964,0,-1,261,116,1,
core_C126,9098,119449,0,180,5579,2208,12318432,0,334,-1,224,1,
core_C1684,40687,50626,1,0,8064,2530,20401920,0,-1,601,321,0,
core_C1556,5300,109043,0,0,6440,2024,13034560,0,-1,-1,106,0,
core_C599,4968,0,0,180,3583,3496,12526168,0,440,-1,80,1,
core_C919,68192,107324,0,90,2576,5168,13312768,0,484,296,587,1,
core_C1502,65366,108536,1,180,6611,3105,20527155,0,-1,119,600,0,
core_C356,27044,124014,1,180,5538,3565,19742970,0,-1,-1,409,1,
core_C1322,13277,63163,1,180,5545,3680,20405600,0,-1,-1,175,0,
core_C1329,19205,21169,1,0,8139,2530,20591670,0,-1,68,639,0,
core_C1044,43332,117346,1,180,7386,2875,21234750,0,-1,-1,352,1,
core_C318,28290,66496,1,90,2415,7590,18329850,0,-1,2,619,0,
core_C1681,35666,26121,1,0,7332,2760,20236320,0,-1,491,289,0,
core_C1652,55292,79109,1,180,4429,4255,18845395,0,-1,616,628,0,
core_C667,40079,99291,0,90,3036,4631,14059716,0,-1,-1,579,1,
core_C285,68862,56846,1,180,6487,3220,20888140,0,-1,-1,210,0,
core_C15,19205,14605,1,0,5638,3565,20099470,0,-1,639,161,0,
core_C925,72884,0,0,90,2024,6418,12990032,0,-1,98,386,1,
core_C1409,35535,9236,1,180,5633,3565,20081645,0,-1,-1,449,1,
core_C562,72678,77841,0,90,2208,5576,12311808,0,-1,-1,538,1,
core_C168,70216,50925,0,90,2024,6097,12340328,0,237,-1,557,1,
core_C458,41972,2208,0,0,6573,2024,13303752,0,240,12,288,0,
core_C1109,55292,69104,1,0,6638,3220,21374360,0,507,373,622,0,
core_C943,43401,106191,1,180,5689,3565,20281285,0,425,444,199,0,
core_C1583,14007,15967,1,90,2530,8113,20525890,0,-1,-1,395,1,
core_C100,21850,107189,1,90,1725,5758,9932550,0,124,378,200,0,
core_C1141,26424,100179,0,180,3681,3680,13546080,0,-1,443,438,1,
core_C879,64530,5750,1,180,7486,2760,20661360,0,-1,-1,417,1,
core_C355,25990,107189,1,90,2300,7427,17082100,0,619,-1,124,1,
core_C387,59176,73580,0,90,2024,6215,12579160,0,223,-1,266,1,
core_C647,39445,108878,1,90,2530,8035,20328550,0,-1,-1,514,1,
core_C439,73582,43261,1,90,1955,5305,10371275,0,-1,-1,150,1,
core_C721,19205,23699,1,0,8124,2530,20553720,0,-1,11,45,0,
core_C239,63040,71473,0,90,2484,5313,13197492,0,-1,-1,207,0,
core_C1333,25723,3220,1,0,7220,2875,20757500,0,-1,416,211,1,
core_C266,37549,46831,1,90,3105,6234,19356570,0,-1,226,464,0,
core_C951,43547,24298,1,0,5713,3680,21023840,0,-1,100,348,0,
core_C406,73002,101692,1,90,2415,7514,18146310,0,-1,455,120,0,
core_C259,61200,84490,0,0,5285,2484,13127940,0,-1,380,196,0,
core_C522,69851,31191,1,90,2530,8135,20581550,0,474,-1,111,1,
core_C1618,4727,55980,1,0,8172,2530,20675160,0,-1,-1,222,1,
core_C875,14574,25760,0,180,6116,2024,12378784,0,-1,398,7,0,
core_C841,7140,66629,0,0,5208,2576,13415808,0,-1,14,649,0,
core_C1299,68928,59593,0,90,2208,5655,12486240,0,-1,-1,215,1,
core_C44,2944,0,0,90,2024,6396,12945504,0,40,-1,336,1,
core_C1017,32404,105156,0,90,2024,6266,12682384,0,454,-1,584,1,
core_C1331,55292,104386,1,180,4555,4370,19905350,0,-1,174,300,0,
core_C98,41052,89314,0,90,2024,6481,13117544,0,-1,-1,259,1,
core_C330,16580,63318,0,180,4514,2944,13289216,0,-1,493,354,0,
core_C358,43401,92831,1,0,6215,3105,19297575,0,-1,451,435,1,
core_C210,14071,122301,0,0,4539,2944,13362816,0,-1,-1,139,1,
core_C996,22100,37619,0,90,2300,4876,11214800,0,9,504,24,1,
core_C780,8004,22031,0,180,6384,2024,12921216,0,-1,153,512,0,
core_C1441,58696,14450,1,270,3565,5549,19782185,0,-1,441,510,1,
core_C576,28382,47756,1,180,7175,2760,19803000,0,-1,648,185,0,
core_C1456,63132,98119,0,90,2116,5537,11716292,0,-1,567,643,0,
core_C309,13823,110720,1,90,2760,7469,20614440,0,591,-1,521,1,
core_C57,62971,0,0,0,5306,2484,13180104,0,-1,-1,189,1,
core_C1493,60444,114348,1,90,2300,7329,16856700,0,596,-1,607,1,
core_C1295,39028,84750,0,90,2944,4564,13436416,0,288,259,291,1,
core_C1113,46468,38596,1,90,2645,7954,21038330,0,-1,-1,321,1,
core_C1022,38157,61001,1,90,2530,7716,19521480,0,321,-1,287,1,
core_C34,72884,6418,0,90,2024,6166,12479984,0,-1,-1,53,0,
core_C1287,52909,122193,0,180,4450,2852,12691400,0,-1,-1,401,1,
core_C729,43547,27978,1,90,4140,4293,17773020,0,-1,310,72,0,
core_C1070,53131,17030,0,90,1932,6052,11692464,0,-1,-1,513,0,
core_C820,3920,121657,0,180,6450,2024,13054800,0,139,278,251,0,
core_C1151,51172,101353,0,180,3674,3588,13182312,0,164,234,317,0,
core_C1685,5658,104625,1,0,7210,2875,20728750,0,549,486,432,0,
core_C929,20444,80005,0,90,1932,6194,11966808,0,28,-1,330,0,
core_C1114,5300,107019,0,180,6606,2024,13370544,0,529,39,298,0,
core_C1484,12826,45233,0,90,1748,5406,9449688,0,394,637,613,1,
core_C1084,55569,23988,0,180,6100,2024,12346400,0,-1,437,138,0,
core_C1197,50071,82284,1,180,4423,4370,19328510,0,-1,162,308,0,
core_C1135,55674,73396,0,270,3404,3543,12060372,0,-1,-1,201,0,
core_C934,65366,31191,1,270,4485,4702,21088470,0,75,242,205,0,
core_C845,21929,16705,0,90,2852,4538,12942376,0,147,301,509,1,
core_C206,36452,105946,0,0,6251,2024,12652024,0,-1,-1,173,0,
core_C33,55016,62687,1,180,6394,3105,19853370,0,-1,465,445,0,
core_C302,73264,35757,0,90,1840,5523,10162320,0,-1,562,305,1,
core_C589,66812,67842,0,0,6529,2024,13214696,0,36,472,501,0,
core_C158,11915,33807,0,90,2484,4977,12362868,0,-1,-1,193,1,
core_C414,18512,66262,0,90,1932,6251,12076932,0,561,-1,493,1,
core_C1116,65366,111641,1,0,5485,3565,19554025,0,-1,-1,42,0,
core_C1033,73002,94592,1,90,2760,7100,19596000,0,-1,73,552,1,
core_C1170,65642,85047,1,180,4220,4025,16985500,0,329,158,516,0,
core_C376,72137,58669,0,180,3600,3496,12585600,0,-1,-1,353,1,
core_C1265,58056,54281,0,90,2208,5922,13075776,0,253,-1,430,0,
core_C613,23575,107189,1,90,2415,7415,17907225,0,64,-1,61,1,
core_C459,27830,31136,1,90,3220,6440,20736800,0,434,-1,22,1,
core_C238,55220,107791,0,90,1932,6329,12227628,0,266,-1,456,1,
core_C506,22919,31547,0,0,5204,2576,13405504,0,-1,218,275,0,
core_C46,35666,16481,1,90,3220,6685,21525700,0,463,289,421,0,
core_C1232,72001,20510,1,90,2645,7135,18872075,0,-1,-1,313,1,
core_C187,50071,72006,1,180,4769,4600,21937400,0,-1,308,283,0,
core_C450,50071,6210,1,90,3105,6348,19710540,0,-1,18,281,0,
core_C494,63040,33094,0,180,6268,2024,12686432,0,-1,260,646,0,
core_C915,41972,27968,0,0,6283,2024,12716792,0,-1,382,12,0,
core_C1043,10510,46144,1,90,2530,8065,20404450,0,565,-1,503,1,
core_C449,8717,58510,1,180,4560,4370,19927200,0,175,-1,0,1,
core_C10,51172,87487,0,90,2852,4482,12782664,0,-1,554,360,0,
core_C178,29323,11385,1,90,3105,6630,20586150,0,-1,-1,515,1,
core_C1045,55569,18706,0,90,2576,5282,13606432,0,-1,108,263,1,
core_C1298,10370,121657,0,180,3701,3680,13619680,0,86,-1,102,1,
core_C1488,20094,13761,0,0,4531,2944,13339264,0,-1,-1,302,0,
core_C1587,41972,43056,0,90,1380,4476,6176880,0,20,-1,558,0,
core_C1285,7140,51629,0,0,5339,2576,13753264,0,-1,250,581,0,
core_C1313,5668,32156,0,180,4364,2760,12044640,0,573,-1,16,1,
core_C1249,50071,60615,1,90,3220,6858,22082760,0,-1,283,312,0,
core_C1067,50071,92167,1,90,2415,7895,19066425,0,586,197,162,0,
core_C922,71717,23614,0,90,2024,6194,12536656,0,163,-1,647,1,
core_C1050,24781,8902,0,90,2024,6365,12882760,0,235,482,112,1,
core_C306,12507,0,0,90,2024,6237,12623688,0,-1,-1,245,1,
core_C228,44636,8335,1,90,2530,7826,19799780,0,396,-1,311,1,
core_C28,65550,43261,1,0,8032,2530,20320960,0,67,603,618,1,
core_C326,39948,36641,0,90,2024,6464,13083136,0,-1,-1,583,1,
core_C443,45543,38901,0,90,3588,3650,13096200,0,361,-1,558,1,
core_C156,8004,24055,0,180,4489,2852,12802628,0,-1,492,88,0,
core_C1159,60863,54346,1,90,3795,4003,15191385,0,-1,-1,183,0,
core_C446,58056,45657,0,0,4556,2944,13412864,0,-1,430,274,0,
core_C1155,12752,113561,0,0,4585,2944,13498240,0,569,-1,369,0,
core_C1548,68560,17216,0,90,1932,6347,12262404,0,-1,-1,356,0,
core_C1326,65642,89072,1,90,2415,7783,18795945,0,518,338,121,0,
core_C740,34100,120133,1,180,7002,2760,19325520,0,520,-1,537,1,
core_C27,51172,108437,0,90,1932,6264,12102048,0,621,545,234,0,
core_C133,19205,11960,1,180,8342,2645,22064590,0,-1,52,457,0,
core_C350,50071,86654,1,90,3565,5513,19653845,0,608,145,109,0,
core_C616,73741,12584,0,90,2024,6380,12913120,0,-1,-1,146,1,
core_C1605,54846,101353,0,90,2024,6438,13030512,0,-1,-1,103,1,
core_C254,7232,95425,0,180,5116,2484,12708144,0,-1,-1,280,0,
core_C574,92,120493,1,180,5548,3680,20416640,0,-1,-1,559,0,
core_C191,28356,107447,0,90,2024,6459,13073016,0,4,446,232,1,
core_C1019,56803,13534,0,90,2484,5172,12847248,0,342,-1,513,1,
core_C244,148,91993,0,180,3687,3588,13228956,0,-1,391,295,0,
core_C591,65642,78952,1,0,6596,3220,21239120,0,216,516,178,0,
core_C200,16446,116505,0,180,6579,2024,13315896,0,-1,-1,529,1,
core_C972,43547,35376,1,180,6501,3220,20933220,0,-1,-1,310,0,
core_C74,36452,103922,0,0,6614,2024,13386736,0,-1,113,579,0,
core_C1261,55292,108756,1,0,4712,4485,21133320,0,-1,650,82,0,
core_C978,13277,57327,1,90,2760,5533,15271080,0,324,44,135,1,
core_C627,148,82112,0,180,3548,3496,12403808,0,-1,295,1,0,
core_C748,60352,99901,1,90,3565,5477,19525505,0,-1,249,477,1,
core_C373,65642,72440,1,270,3105,6512,20219760,0,473,170,547,0,
core_C1009,39113,18503,0,90,2484,5212,12946608,0,-1,-1,387,1,
core_C108,64880,43933,0,0,4428,2852,12628656,0,522,530,207,1,
core_C380,36452,84750,0,90,2484,5089,12641076,0,-1,291,30,0,
core_C555,19440,92741,0,90,2024,6357,12866568,0,-1,-1,555,1,
core_C1030,60863,48740,1,90,3565,5606,19985390,0,-1,154,399,1,
core_C1455,60264,33556,0,90,1380,4229,5836020,0,-1,-1,415,1,
core_C537,28382,42176,1,90,3680,5580,20534400,0,-1,90,33,0,
core_C1284,92,111452,1,90,3680,5591,20574880,0,-1,559,610,0,
core_C1089,5832,50370,1,270,3680,5610,20644800,0,-1,-1,503,0,
core_C1356,30912,50516,1,180,4613,4485,20689305,0,-1,-1,648,1,
core_C476,59275,69900,0,180,3696,3680,13601280,0,93,-1,201,1,
core_C1688,3920,111067,0,0,6559,2024,13275416,0,-1,224,525,0,
core_C959,57152,87022,0,90,2024,6559,13275416,0,-1,15,636,0,
core_C1037,33327,70884,1,0,7283,2875,20938625,0,-1,-1,483,0,
core_C289,5944,38136,0,0,5971,2300,13733300,0,117,478,294,1,
core_C1691,18361,34522,0,0,4558,2944,13418752,0,526,-1,292,1,
core_C753,30912,73759,1,0,7957,2645,21046265,0,-1,-1,328,0,
core_C1140,61200,81914,0,0,5371,2576,13835696,0,-1,74,540,0,
core_C431,50071,100144,1,270,3565,5362,19115530,0,-1,247,145,0,
core_C153,26424,120706,0,0,6859,2116,14513644,0,-1,-1,232,0,
core_C954,43401,98351,1,90,2415,7840,18933600,0,304,59,451,0,
core_C654,21850,104084,1,180,6318,3105,19617390,0,-1,61,422,0,
core_C422,55674,69900,0,0,3601,3496,12589096,0,189,110,317,1,
core_C649,8993,115090,1,90,1840,5563,10235920,0,521,-1,469,0,
core_C1185,70127,60066,1,90,4485,4549,20402265,0,-1,-1,644,1,
core_C1450,65642,64735,1,0,8100,2530,20493000,0,-1,220,644,0,
core_C1250,65366,27511,1,0,5574,3680,20512320,0,-1,111,502,0,
core_C1288,72528,29808,0,270,2208,5949,13135392,0,-1,-1,543,1,
core_C1076,63040,49325,0,90,1840,6031,11097040,0,180,69,231,0,
core_C1698,72037,62165,0,180,3713,3588,13322244,0,-1,-1,501,1,
core_C1620,148,103642,0,180,3378,3220,10877160,0,-1,32,375,0,
core_C1303,68862,53626,1,0,6503,3220,20939660,0,-1,51,419,1,
core_C183,19205,3220,1,0,6518,3220,20987960,0,70,614,623,1,
core_C888,41972,32476,0,0,3765,3588,13508820,0,-1,381,382,0,
core_C1321,19130,0,1,0,6756,3220,21754320,0,-1,-1,31,1,
core_C583,48872,48724,0,180,3462,3404,11784648,0,-1,590,542,0,
core_C1059,66812,59593,0,90,2116,5673,12004068,0,79,501,353,0,
core_C313,72238,76120,1,90,3105,6397,19862685,0,-1,-1,170,1,
core_C129,46967,35037,0,0,4045,3864,15629880,0,367,-1,531,0,
core_C106,22919,34123,0,0,3678,3496,12858288,0,-1,-1,127,0,
core_C952,22118,0,0,90,2116,6418,13580488,0,-1,642,368,1,
core_C1142,65642,67265,1,0,8052,2645,21297540,0,-1,547,204,0,
core_C1085,37924,43248,0,180,2593,2484,6441012,0,-1,-1,583,0,
core_C1369,92,53360,1,180,4635,4485,20787975,0,76,0,527,0,
core_C905,61200,73580,0,90,1840,5850,10764000,0,21,540,65,1,
core_C284,3920,113091,0,0,5178,2576,13338528,0,37,251,190,0,
core_C1306,19205,119184,1,0,7301,2875,20990375,0,-1,409,270,0,
core_C1391,37549,53065,1,90,2645,7936,20990720,0,-1,-1,71,0,
core_C1086,70400,100318,0,0,4594,2944,13524736,0,-1,-1,624,0,
core_C22,36288,29925,0,180,5346,2116,11312136,0,-1,-1,371,1,
core_C1566,45376,119692,0,90,1932,6023,11636436,0,588,239,320,1,
core_C789,28248,25204,0,90,1932,5868,11336976,0,-1,276,526,1,
core_C368,63040,43933,0,90,1748,5392,9425216,0,-1,207,635,0,
core_C700,26424,107447,0,90,1932,6221,12018972,0,167,198,443,0,
core_C141,53104,117317,0,0,6120,2024,12386880,0,248,-1,606,0,
core_C1068,51172,104941,0,180,3543,3496,12386328,0,-1,160,103,0,
core_C173,26805,8902,0,90,2024,6141,12429384,0,-1,-1,147,1,
core_C138,28497,58618,1,90,2415,7878,19025370,0,448,-1,597,1,
core_C664,72240,53615,0,270,2484,5054,12554136,0,-1,-1,56,1,
core_C470,13040,53762,1,0,5524,3565,19693060,0,-1,-1,355,0,
core_C1097,45376,125873,0,0,5706,2208,12598848,0,-1,-1,229,0,
core_C1134,48545,4469,0,0,6392,2484,15877728,0,277,-1,57,1,
core_C1418,55569,29508,0,180,6252,2024,12654048,0,-1,582,437,0,
core_C222,65366,35893,1,90,2760,7167,19780920,0,-1,600,111,0,
core_C1041,60352,109978,1,180,4536,4370,19822320,0,-1,607,249,0,
core_C1606,35900,48032,0,90,2852,4456,12708512,0,577,534,13,1,
core_C66,10483,6579,0,90,2024,6472,13099328,0,148,254,462,1,
core_C1398,3128,103304,1,90,2530,8148,20614440,0,-1,-1,306,0,
core_C992,50071,105506,1,180,4661,4485,20904585,0,-1,-1,197,0,
core_C505,59224,117317,0,180,3949,1564,6176236,0,500,-1,233,1,
core_C1294,60352,105378,1,0,4676,4600,21509600,0,475,243,177,0,
core_C916,7140,54205,0,90,2116,6374,13487384,0,-1,589,142,0,
core_C176,3920,115667,0,180,4208,2760,11614080,0,-1,102,224,0,
core_C342,11163,40436,0,90,2392,4797,11474424,0,-1,-1,478,1,
core_C586,60264,48601,0,90,2024,6108,12362592,0,-1,-1,123,1,
core_C271,10483,13051,0,90,2024,6128,12403072,0,-1,-1,245,0,
core_C327,43352,117208,0,0,5205,2484,12929220,0,-1,320,19,0,
core_C1293,61037,90376,1,90,3565,5531,19718015,0,-1,-1,357,0,
core_C1081,11247,38991,1,90,2760,7153,19742280,0,359,-1,407,0,
core_C1361,41410,0,1,0,5689,3565,20281285,0,571,-1,421,1,
core_C840,39028,89314,0,90,2024,6431,13016344,0,83,481,95,0,
core_C1374,63040,35118,0,90,3496,3636,12711456,0,647,635,132,0,
core_C953,73341,71382,0,90,2024,6459,13073016,0,-1,-1,36,0,
core_C849,65524,38754,0,90,2852,4496,12822592,0,543,-1,635,1,
core_C1532,51063,30637,0,0,4506,2852,12851112,0,138,-1,361,1,
core_C1328,27988,71199,0,270,2208,5827,12866016,0,-1,286,602,1,
core_C1319,49451,17659,0,90,2116,6442,13631272,0,-1,374,370,0,
core_C1527,57152,76939,0,90,2024,6587,13332088,0,65,636,126,1,
core_C838,20444,70831,0,0,4568,2944,13448192,0,-1,330,442,0,
core_C317,36409,116913,1,0,6536,3220,21045920,0,-1,-1,344,1,
core_C778,35666,31411,1,0,6564,3220,21136080,0,-1,-1,491,0,
core_C329,19205,100289,1,90,2645,7998,21154710,0,422,225,22,0,
core_C76,55292,83456,1,0,4817,4715,22712155,0,-1,550,616,0,
core_C1463,5658,95540,1,0,4847,4715,22853605,0,31,432,306,1,
core_C520,19205,6555,1,0,5967,2300,13724100,0,-1,457,614,0,
core_C214,58056,39540,0,90,2024,6117,12380808,0,-1,155,415,0,
core_C1052,22919,29063,0,180,5007,2484,12437388,0,-1,127,526,0,
core_C1524,28248,31072,0,90,2024,6213,12575112,0,-1,-1,230,0,
core_C1004,54937,4469,0,90,2024,6213,12575112,0,363,-1,240,1,
core_C5,3920,123681,0,0,6384,2024,12921216,0,-1,-1,102,0,
core_C442,1896,85608,0,90,2024,6385,12923240,0,294,-1,295,1,
core_C250,7232,92941,0,0,5207,2484,12934188,0,-1,165,611,1,
core_C1246,50071,3680,1,0,7803,2530,19741590,0,568,131,304,1,
core_C885,68057,91832,1,0,7161,2760,19764360,0,-1,406,518,0,
core_C1694,50071,67473,1,90,4485,4533,20330505,0,-1,130,144,0,
core_C921,28509,119529,1,90,4485,4485,20115225,0,-1,-1,537,0,
core_C1656,60931,54709,0,90,2024,6441,13036584,0,-1,-1,570,1,
core_C12,27988,77026,0,90,2024,6283,12716792,0,-1,-1,264,0,
core_C164,35627,62821,1,90,2530,8063,20399390,0,97,-1,483,1,
core_C205,41972,0,0,0,6497,2024,13149928,0,351,57,95,1,
core_C290,35666,23361,1,0,7273,2760,20073480,0,-1,48,128,0,
core_C132,12515,6237,0,90,2024,6526,13208624,0,-1,-1,512,1,
core_C715,36452,89839,0,90,2576,5282,13606432,0,95,579,181,0,
core_C1296,14648,33304,0,0,3713,3680,13663840,0,194,498,605,1,
core_C1649,43352,90528,0,180,4531,2944,13339264,0,-1,19,10,0,
core_C1517,3920,82112,0,90,2024,6619,13396856,0,193,405,279,1,
core_C1082,148,85608,0,90,1748,5737,10028276,0,279,169,176,0,
core_C730,68192,112492,0,0,5836,2300,13422800,0,-1,-1,41,0,
core_C275,37549,38596,1,0,8293,2530,20981290,0,-1,464,411,0,
core_C1559,5300,101313,0,180,5211,2576,13423536,0,564,106,358,0,
core_C567,58696,28241,1,90,2645,7958,21048910,0,-1,332,441,0,
core_C557,55292,99901,1,0,4693,4485,21048105,0,-1,82,447,0,
core_C1383,21929,21243,0,180,3793,3772,14307196,0,508,524,112,0,
core_C515,20094,8902,0,270,2392,4859,11622728,0,-1,140,368,0,
core_C397,5668,34916,0,180,4964,3220,15984080,0,-1,-1,1,1,
core_C604,45816,98351,1,90,4255,4379,18632645,0,281,-1,199,1,
core_C736,71332,40454,0,90,1932,6318,12206376,0,115,-1,522,1,
core_C1498,3128,95540,1,90,2530,7764,19642920,0,272,246,594,1,
core_C816,36120,55800,0,270,2484,5214,12951576,0,-1,-1,556,1,
core_C873,50071,76606,1,90,3565,5678,20242070,0,-1,109,130,0,
core_C609,50071,49588,1,90,3105,6542,20312910,0,-1,312,18,0,
core_C1423,43547,32271,1,180,6381,3105,19813005,0,-1,172,100,0,
core_C782,42106,3565,1,90,2530,8047,20358910,0,149,-1,463,1,
core_C21,50071,56130,1,180,4544,4485,20379840,0,-1,144,309,0,
core_C507,65366,20726,1,180,6635,3105,20601675,0,129,502,427,0,
core_C1157,62836,114348,1,90,2530,7944,20098320,0,427,-1,596,1,
core_C1096,19987,86199,0,90,2024,6542,13241008,0,-1,-1,428,1,
core_C724,0,32156,0,0,5336,2484,13254624,0,-1,617,385,0,
core_C352,51172,98409,0,0,4502,2944,13253888,0,201,103,340,0,
core_C1136,65642,48566,1,0,8225,2530,20809250,0,-1,346,479,0,
core_C491,73264,47024,0,90,2024,6591,13340184,0,-1,-1,562,0,
core_C1377,43352,119692,0,90,2024,6599,13356376,0,229,-1,255,0,
core_C435,40687,46831,1,0,5781,3795,21938895,0,96,38,97,1,
core_C1291,54660,62227,0,90,3128,4729,14792312,0,-1,-1,570,0,
core_C1012,47099,3680,1,90,2185,4655,10171175,0,-1,-1,571,0,
core_C918,16037,57327,1,90,2760,5836,16107360,0,-1,-1,175,1,
core_C1705,14574,49412,0,90,1840,6010,11058400,0,-1,-1,605,0,
core_C1102,39281,52466,0,90,1840,6053,11137520,0,-1,-1,534,1,
core_C792,5658,114688,1,90,3335,5326,17762210,0,485,408,486,0,
core_C1153,30912,62821,1,90,2415,7762,18745230,0,483,195,640,0,
core_C1706,69862,85047,1,180,5445,3450,18785250,0,-1,-1,121,1,
core_C763,20444,73775,0,90,1932,6230,12036360,0,-1,105,267,0,
core_C1008,35900,0,0,90,2024,6126,12399024,0,626,400,4,1,
core_C1000,58696,36199,1,90,2530,7969,20161570,0,-1,490,299,0,
core_C1461,61946,119612,0,180,3595,3588,12898860,0,-1,-1,467,1,
core_C1060,14677,119449,0,0,4412,2852,12583024,0,29,-1,37,1,
core_C1104,39735,107970,0,90,3588,3623,12999324,0,-1,-1,413,1,
core_C363,0,0,0,90,2944,4420,13012480,0,80,3,-1,0,
core_C550,35900,32041,0,0,5750,2208,12696000,0,-1,551,6,1,
core_C965,65642,102326,1,0,6566,3105,20387430,0,431,390,158,0,
core_C9,64880,50925,0,0,5121,2484,12720564,0,-1,450,528,0,
core_C1003,51172,95557,0,0,4460,2852,12719920,0,-1,317,554,0,
core_C1554,6398,28931,0,0,6320,2024,12791680,0,-1,-1,385,1,
core_C746,59287,9502,0,90,2024,6327,12805848,0,-1,460,168,1,
core_C870,35092,0,1,0,5582,3680,20541760,0,-1,641,517,1,
core_C626,28290,113434,1,0,8119,2530,20541070,0,268,-1,2,0,
core_C1541,24400,64299,0,0,5806,2208,12819648,0,-1,-1,376,0,
core_C1631,65642,51096,1,0,7919,2530,20035070,0,-1,419,318,0,
core_C1362,10560,8740,1,90,2530,8129,20566370,0,638,-1,414,0,
core_C88,43547,16161,1,90,2530,8137,20586610,0,-1,72,491,1,
core_C786,30380,28060,0,0,5812,2208,12832896,0,-1,6,371,0,
core_C1168,12220,3105,1,0,6638,3105,20610990,0,-1,-1,372,0,
core_C186,48469,0,0,0,5979,2208,13201632,0,412,-1,288,1,
core_C38,40687,100869,1,90,2645,8009,21183805,0,46,-1,601,0,
core_C508,66812,57109,0,0,5325,2484,13227300,0,122,215,379,1,
core_C950,16580,61202,0,0,6353,2116,13442948,0,-1,84,24,0,
core_C1166,13040,50082,1,0,5746,3680,21145280,0,-1,238,565,0,
core_C404,68560,10747,0,90,1748,5419,9472412,0,393,157,634,0,
core_C539,61037,81730,1,90,2760,8646,23862960,0,-1,256,495,0,
core_C1397,5300,93762,0,90,1840,5656,10407040,0,581,298,525,1,
core_C1513,14007,38991,1,90,2415,7526,18175290,0,-1,-1,257,1,
core_C633,51172,84083,0,180,3488,3404,11873152,0,570,136,633,1,
core_C1604,49131,38901,0,90,1932,6327,12223764,0,263,-1,152,1,
core_C1426,8796,42920,0,90,1932,6356,12279792,0,452,-1,581,1,
core_C1338,56961,4469,0,270,2484,5033,12501972,0,-1,-1,277,1,
core_C263,67558,8510,1,90,3565,5348,19065620,0,-1,-1,475,1,
core_C1324,10452,54205,0,90,2208,5844,12903552,0,-1,-1,589,1,
core_C1572,276,95540,1,90,2760,7306,20164560,0,594,-1,599,1,
core_C167,51012,27785,0,180,4534,2852,12930968,0,-1,-1,217,1,
core_C693,20094,2024,0,90,2024,6404,12961696,0,219,302,7,1,
core_C1521,12752,110709,0,180,4549,2852,12973748,0,-1,156,613,0,
core_C503,49451,11921,0,270,2208,5738,12669504,0,-1,265,35,0,
core_C1626,30380,25852,0,0,5908,2208,13044864,0,228,349,424,0,
core_C861,12220,0,1,0,6419,3105,19930995,0,-1,350,631,1,
core_C354,55292,72324,1,0,6617,3105,20545785,0,-1,628,58,0,
core_C975,49451,24101,0,90,3680,3684,13557120,0,513,-1,265,0,
core_C1536,148,100054,0,0,3684,3588,13218192,0,-1,209,391,0,
core_C1702,24400,61355,0,0,4514,2944,13289216,0,-1,345,9,0,
core_C622,63132,86974,0,90,2576,5187,13361712,0,466,643,380,1,
core_C1225,21850,115964,1,0,6659,3220,21441980,0,537,-1,61,0,
core_C1515,64880,65499,0,90,1932,5974,11541768,0,353,-1,566,0,
core_C1412,61200,86974,0,90,1932,6175,11930100,0,377,-1,74,0,
core_C115,41972,36064,0,0,3537,3496,12365352,0,-1,558,212,0,
core_C1062,41972,29992,0,0,4995,2484,12407580,0,531,212,133,0,
core_C166,28356,116340,0,270,2852,4366,12451832,0,410,-1,446,0,
core_C341,53460,57292,0,0,4541,2852,12950932,0,-1,-1,402,1,
core_C1077,0,30132,0,0,6398,2024,12949552,0,341,316,3,0,
core_C196,70860,17216,0,90,2024,6398,12949552,0,53,-1,575,1,
core_C1115,37089,23685,0,90,2024,6240,12629760,0,179,-1,424,1,
core_C643,43401,114241,1,0,6365,3105,19763325,0,519,-1,444,0,
core_C1538,38016,12083,0,90,2024,6420,12994080,0,-1,-1,400,1,
core_C821,65642,105431,1,180,6539,3105,20303595,0,-1,-1,338,0,
core_C852,148,95581,0,270,2852,4473,12756996,0,-1,375,169,0,
core_C545,11247,24100,1,0,7414,2760,20462640,0,-1,533,395,0,
core_C438,70308,10747,0,90,2024,6469,13093256,0,-1,-1,356,1,
core_C832,14574,0,0,0,6311,2024,12773464,0,-1,7,107,1,
core_C1480,11247,16869,1,90,2760,7231,19957560,0,60,392,505,1,
core_C1477,47166,8335,1,90,2530,8096,20482880,0,-1,-1,149,1,
core_C109,72332,83417,0,90,2024,6497,13149928,0,-1,-1,26,1,
core_C941,14574,27784,0,0,4477,2944,13180288,0,-1,576,77,0,
core_C962,55016,55327,1,0,5847,3680,21516960,0,183,445,510,0,
core_C630,35900,12083,0,90,2116,6378,13495848,0,389,426,331,0,
core_C1529,49148,122193,0,0,3761,3680,13840480,0,99,-1,541,0,
core_C801,48872,57311,0,0,4588,3036,13929168,0,384,-1,10,1,
core_C881,68652,97742,0,90,1748,5794,10127912,0,624,-1,578,1,
core_C807,22100,49045,0,90,2024,6152,12451648,0,-1,-1,504,0,
core_C1601,3920,88731,0,90,2484,5031,12497004,0,-1,525,294,0,
core_C552,68057,94592,1,90,2530,7734,19567020,0,552,-1,282,0,
core_C1238,11247,34506,1,0,4503,4485,20195955,0,34,257,533,0,
core_C1120,5658,121393,1,0,7813,2530,19766890,0,-1,-1,327,0,
core_C612,19205,122059,1,180,7839,2530,19832670,0,43,-1,225,0,
core_C382,31208,116340,0,90,3588,3650,13096200,0,494,-1,383,1,
core_C269,37549,34631,1,180,5611,3565,20003215,0,-1,297,640,1,
core_C1534,54448,0,0,90,2944,4469,13156736,0,-1,-1,351,1,
core_C143,34428,111498,0,0,5307,2484,13182588,0,335,-1,454,0,
core_C1202,10560,6210,1,0,8151,2530,20622030,0,-1,347,423,1,
core_C790,58056,33556,0,270,2208,5984,13212672,0,184,274,27,1,
core_C1422,25723,6095,1,0,8160,2530,20644800,0,-1,459,70,0,
core_C911,57874,5750,1,180,6656,3105,20666880,0,63,-1,535,0,
core_C1318,35900,45732,0,0,5936,2300,13652800,0,-1,-1,544,0,
core_C1098,65642,53626,1,90,3220,6523,21004060,0,210,644,346,0,
core_C1597,69433,103536,0,0,6373,2116,13485268,0,-1,-1,466,1,
core_C610,35666,12801,1,0,5744,3680,21137920,0,258,128,448,1,
core_C104,21850,100289,1,0,5713,3795,21680835,0,-1,200,270,1,
core_C1460,4692,4485,1,0,5868,3795,22269060,0,414,-1,553,1,
core_C624,30380,23736,0,0,6709,2116,14196244,0,387,371,4,0,
core_C379,49090,109991,1,180,5577,1840,10261680,0,-1,-1,59,1,
core_C1522,35900,18461,0,90,2024,5224,10573376,0,-1,-1,400,0,
core_C478,65366,16542,1,270,4025,4184,16840600,0,585,313,314,1,
core_C1341,16580,76761,0,180,3407,3312,11283984,0,315,-1,429,0,
core_C6,16580,72587,0,90,2760,4174,11520240,0,-1,428,493,0,
core_C377,58056,48601,0,90,2116,5680,12018880,0,-1,123,155,0,
core_C1339,72208,116324,1,90,2530,7660,19379800,0,-1,-1,338,1,
core_C489,5658,100255,1,180,4449,4370,19442130,0,-1,104,272,0,
core_C1487,148,110450,0,180,3563,3496,12456248,0,-1,-1,32,0,
core_C920,31050,23929,1,90,4370,4534,19813580,0,-1,532,125,1,
core_C189,40871,92831,1,90,2530,8038,20336140,0,85,-1,8,0,
core_C956,54938,66956,0,180,4440,2944,13071360,0,645,-1,554,1,
core_C1164,55569,26012,0,180,3655,3496,12777880,0,-1,241,108,0,
core_C42,24400,108431,0,90,2024,6530,13216720,0,62,536,496,1,
core_C1402,28061,18763,0,90,2116,6441,13629156,0,-1,-1,524,1,
core_C1378,8551,0,0,90,2024,6579,13315896,0,-1,462,40,1,
core_C488,58696,19999,1,90,2530,8242,20852260,0,-1,299,89,0,
core_C703,20444,68255,0,0,5180,2576,13343680,0,651,267,561,0,
core_C399,26424,103859,0,0,3731,3588,13386828,0,-1,232,62,0,
core_C656,43401,109756,1,0,4664,4485,20918040,0,-1,388,59,0,
core_C854,55016,59007,1,0,5721,3680,21053280,0,-1,114,399,0,
core_C768,28356,114224,0,0,6387,2116,13514892,0,-1,383,167,0,
core_C125,55292,96221,1,0,5745,3680,21141600,0,495,300,497,0,
core_C281,30912,55001,1,0,4754,4715,22415110,0,421,640,236,1,
core_C696,33005,32833,1,90,2530,7996,20229880,0,54,-1,33,1,
core_C1483,64880,53409,0,90,1748,5740,10033520,0,557,566,339,0,
core_C865,43401,95936,1,180,6050,2415,14610750,0,-1,199,85,0,
core_C556,10728,45233,0,90,2024,6396,12945504,0,613,-1,362,1,
core_C1408,22376,97511,0,0,3588,3588,12873744,0,539,627,28,0,
core_C632,34428,105156,0,90,2024,6342,12836208,0,30,413,81,1,
core_C1542,73002,109206,1,90,2760,7118,19645680,0,-1,-1,73,0,
core_C836,53196,108437,0,90,2024,6523,13202552,0,126,-1,621,1,
core_C872,19205,8855,1,180,6467,3105,20080035,0,-1,161,273,0,
core_C361,58696,8855,1,90,3680,5595,20589600,0,-1,-1,18,1,
core_C570,25723,8625,1,0,7197,2760,19863720,0,-1,-1,416,0,
core_C233,59287,15829,0,90,2024,6260,12670240,0,-1,-1,342,0,
core_C675,12826,82373,0,0,5220,2576,13446720,0,-1,17,637,0,
core_C456,8551,6579,0,90,1932,5986,11564952,0,245,-1,440,0,
core_C1703,38886,16481,1,90,3220,6880,22153600,0,311,-1,128,1,
core_C1216,37549,41126,1,90,3795,5705,21650475,0,468,71,297,0,
core_C702,55016,65792,1,0,6492,3220,20904240,0,506,593,114,0,
core_C1320,65708,103736,0,180,3725,3588,13365300,0,420,-1,377,1,
core_C392,55488,119341,0,0,6458,2116,13665128,0,333,-1,545,1,
core_C298,41344,41126,1,90,4370,4591,20062670,0,-1,-1,464,1,
core_C1428,8993,110720,1,180,4591,4370,20062670,0,-1,202,485,0,
core_C463,30380,101476,0,90,2024,6497,13149928,0,556,584,13,0,
core_C240,62672,109225,0,90,2024,6475,13105400,0,587,-1,15,1,
core_C524,66812,69866,0,180,5758,2208,12713664,0,-1,538,116,0,
core_C396,68747,72440,1,0,5534,3680,20365120,0,-1,-1,178,1,
core_C62,72381,27645,1,90,2760,7379,20366040,0,-1,560,75,1,
core_C434,65028,8510,1,90,2530,8032,20320960,0,364,-1,249,1,
core_C1591,63040,26220,0,0,5733,2208,12658464,0,-1,646,21,0,
core_C564,57822,113241,1,90,2530,8006,20255180,0,177,-1,650,1,
core_C311,5944,40436,0,180,5219,2484,12963996,0,252,-1,193,0,
core_C391,65642,45791,1,180,7314,2760,20186640,0,-1,318,603,1,
core_C1537,54638,10682,0,0,4521,2852,12893892,0,-1,-1,35,1,
core_C1128,39028,95795,0,180,3581,3496,12519176,0,-1,-1,259,0,
core_C1314,24781,15267,0,180,3541,3496,12379336,0,-1,-1,147,0,
core_C1586,33327,62821,1,90,2300,7195,16548500,0,287,192,328,1,
core_C1608,70768,105652,0,180,4779,3036,14509044,0,-1,-1,41,1,
core_C194,8993,107500,1,0,6515,3220,20978300,0,-1,469,327,1,
core_C67,5658,107500,1,90,2875,7188,20665500,0,-1,327,104,0,
core_C1510,22376,104757,0,90,3588,3674,13182312,0,-1,496,627,0,
core_C814,92,45885,1,0,5590,3680,20571200,0,-1,527,5,0,
core_C874,47492,6953,0,0,5301,2484,13167684,0,-1,-1,12,1,
core_C735,58696,44168,1,90,4370,4572,19979640,0,-1,-1,332,0,
core_C898,35666,28881,1,0,7881,2530,19938930,0,348,269,48,0,
core_C1355,8004,26907,0,0,6399,2024,12951576,0,-1,-1,153,0,
core_C1073,16580,66262,0,90,1932,6325,12219900,0,118,429,84,0,
core_C1675,34796,113982,0,90,3588,3590,12880920,0,580,625,410,1,
core_C1567,61037,75429,1,270,3105,6301,19564605,0,-1,357,447,1,
core_C687,22376,108431,0,90,2024,6145,12437480,0,438,-1,487,0,
core_C754,55292,92771,1,180,5368,3450,18519600,0,-1,447,550,0,
core_C805,14648,36984,0,90,1932,6093,11771676,0,-1,546,292,0,
core_C1474,37924,6081,0,90,1840,6002,11043680,0,-1,-1,626,0,
core_C722,63173,115700,0,90,1840,3912,7198080,0,548,-1,248,1,
core_C107,66812,65266,0,180,5225,2576,13459600,0,208,116,215,0,
core_C40,65366,23831,1,180,5713,3680,21023840,0,-1,205,313,0,
core_C859,5832,45885,1,0,4678,4485,20980830,0,134,187,527,1,
core_C670,22100,42495,0,90,2024,6550,13257200,0,-1,404,87,0,
core_C1479,8717,16869,1,90,2530,8116,20533480,0,395,-1,5,1,
core_C447,61508,58349,1,90,3105,6401,19875105,0,-1,-1,465,1,
core_C1636,61930,64750,1,90,2415,7299,17627085,0,-1,-1,58,1,
core_C839,25722,18763,0,90,1840,5892,10841280,0,-1,-1,301,1,
core_C1344,19813,27784,0,90,2116,6738,14257608,0,112,-1,576,1,
core_C1575,55016,49588,1,90,3680,5739,21119520,0,89,399,586,1,
core_C1156,92,0,1,0,4679,4485,20985315,0,631,553,609,1,
core_C835,8004,19179,0,0,4511,2852,12865372,0,290,88,632,1,
core_C1663,53131,13534,0,180,3672,3496,12837312,0,168,101,374,1,
core_C1671,36915,76404,1,90,2530,8117,20536010,0,66,-1,2,1,
core_C595,26218,14605,1,270,3105,6564,20381220,0,137,-1,639,1,
core_C1615,65642,82517,1,180,7797,2530,19726410,0,-1,121,170,0,
core_C221,27945,21169,1,0,7147,2760,19725720,0,343,592,598,1,
core_C800,68057,89072,1,180,6914,2760,19082640,0,-1,282,158,1,
core_C54,49766,111831,1,180,5505,3450,18992250,0,-1,-1,388,1,
core_C798,41102,120221,1,0,7165,2645,18951425,0,-1,-1,159,1,
core_C314,10833,115090,1,90,2990,6303,18845970,0,92,-1,202,1,
core_C1616,69308,40454,0,90,2024,6101,12348424,0,305,-1,180,1,
core_C986,65340,107324,0,0,2623,2484,6515532,0,-1,-1,643,1,
core_C1325,21929,25015,0,180,6132,1932,11847024,0,439,-1,301,0,
core_C851,3920,93762,0,90,1380,4658,6428040,0,358,190,405,0,
core_C452,22919,26947,0,180,5329,2116,11276164,0,230,275,194,1,
core_C1395,92,49565,1,0,5740,3795,21783300,0,503,222,488,0,
core_C659,64880,48809,0,0,6398,2116,13538168,0,-1,339,530,0,
core_C1336,11906,116505,0,0,4540,2944,13365760,0,171,-1,106,1,
core_C31,64880,46785,0,0,6390,2024,12933360,0,-1,528,180,0,
core_C521,46967,29992,0,90,2484,5045,12531780,0,35,217,382,1,
core_C86,31050,28463,1,0,4380,4370,19140600,0,-1,-1,434,0,
core_C751,11247,26860,1,270,2415,7646,18465090,0,-1,407,392,0,
core_C1063,35900,52488,0,180,3381,3312,11197872,0,326,-1,244,0,
core_C150,57874,2875,1,0,7713,2875,22174875,0,-1,417,568,0,
core_C823,24400,114961,0,90,2024,6478,13111472,0,-1,-1,438,0,
core_C741,28509,115964,1,0,5591,3565,19931915,0,159,284,378,1,
core_C1241,66812,72074,0,180,5866,1932,11333112,0,55,26,472,0,
core_C634,25964,97511,0,180,4101,2668,10941468,0,-1,-1,453,1,
core_C389,61200,79430,0,180,5020,2484,12469680,0,-1,196,223,0,
core_C39,49148,90636,0,90,1932,6151,11883732,0,-1,401,633,0,
core_C776,48872,45228,0,180,3664,3496,12809344,0,27,214,20,1,
core_C1038,68376,37694,0,180,4152,2760,11459520,0,206,-1,262,1,
core_C1360,35900,36641,0,90,2024,6462,13079088,0,583,418,25,1,
core_C1346,51172,119341,0,180,4316,2852,12309232,0,467,-1,160,0,
core_C423,14648,43077,0,90,1932,6335,12239220,0,24,-1,498,0,
core_C280,65642,69910,1,180,7920,2530,20037600,0,-1,178,220,0,
core_C1669,65013,114792,0,90,3588,3650,13096200,0,-1,-1,500,1,
core_C1330,12868,103873,1,180,5668,3565,20206420,0,-1,-1,104,1,
core_C63,55292,88171,1,0,4621,4600,21256600,0,-1,497,271,0,
core_C1342,35900,34249,0,180,4997,2392,11952824,0,-1,-1,337,0,
core_C1236,70587,94592,1,90,2415,7552,18238080,0,120,-1,406,1,
core_C641,92,4485,1,0,4600,4370,20102000,0,423,5,511,0,
core_C523,51172,91969,0,0,3766,3588,13512408,0,436,340,136,0,
core_C871,12826,108685,0,0,6614,2024,13386736,0,182,-1,17,0,
core_C1410,32404,101476,0,0,3716,3680,13674880,0,307,-1,470,1,
core_C1207,66628,53409,0,270,3588,3700,13275600,0,56,-1,450,1,
core_C1259,41972,39560,0,180,3571,3496,12484216,0,152,141,381,0,
core_C353,92,117043,1,180,5444,3450,18781800,0,-1,166,186,0,
core_C909,72381,35024,1,90,2530,8237,20839610,0,-1,-1,474,0,
core_C1690,20444,66507,0,180,5388,1748,9418224,0,-1,442,118,1,
core_C1337,73264,41280,0,90,2208,5744,12682752,0,-1,319,115,0,
core_C1617,5520,8684,0,270,2024,6522,13200528,0,-1,-1,632,0,
core_C204,10511,101313,0,90,2208,5706,12598848,0,-1,-1,298,1,
core_C312,13040,46517,1,0,5479,3565,19532635,0,-1,355,134,1,
core_C136,64880,59149,0,90,1932,6350,12268200,0,-1,379,450,0,
core_C1535,63132,103656,0,90,2208,5569,12296352,0,-1,-1,91,0,
core_C219,57874,0,1,0,7374,2875,21200250,0,-1,535,281,1,
core_C390,17337,110709,0,0,4607,2944,13563008,0,-1,-1,156,1,
core_C1465,54660,60203,0,0,6271,2024,12692504,0,285,322,360,1,
core_C1262,47099,0,1,0,5654,3680,20806720,0,-1,323,258,1,
core_C1121,40779,53156,1,180,7992,2645,21138840,0,-1,615,601,1,
core_C549,10032,30955,0,180,4498,2852,12828296,0,-1,-1,143,1,
core_C697,68560,0,0,90,2208,5697,12578976,0,-1,634,21,1,
core_C1674,68836,23563,0,90,2024,6335,12822040,0,386,-1,629,1,
core_C713,14574,30728,0,0,5239,2576,13495664,0,509,605,398,0,
core_C409,38752,48032,0,90,2852,4434,12645768,0,-1,-1,244,1,
core_C437,66812,97742,0,90,1840,5994,11028960,0,403,-1,26,0,
core_C24,36452,99291,0,0,3627,3496,12679992,0,50,173,291,0,
core_C766,38384,113982,0,180,4463,2852,12728476,0,-1,-1,494,1,
core_C1,7140,42920,0,90,1656,5240,8677440,0,362,142,358,1,
core_C635,55569,31532,0,180,6164,2024,12475936,0,-1,-1,241,0,
core_C771,37924,36641,0,90,2024,6607,13372568,0,151,221,544,1,
core_C1179,30380,107973,0,90,2024,6251,12652024,0,81,-1,470,0,
core_C1632,69391,13858,1,270,3105,6652,20654460,0,-1,-1,427,1,
core_C1657,52486,92167,1,90,2530,7977,20181810,0,510,-1,145,1,
core_C112,64696,109808,0,90,3496,3589,12547144,0,41,-1,471,1,
core_C127,47308,119692,0,90,1840,5892,10841280,0,633,-1,229,1,
core_C793,7140,60579,0,90,3312,3474,11505888,0,365,649,250,0,
core_C1507,48872,52128,0,270,2484,5183,12874572,0,-1,-1,214,0,
core_C71,16583,107438,1,90,2530,8108,20513240,0,623,-1,92,1,
core_C1359,27945,23929,1,90,2875,7207,20720125,0,-1,-1,517,0,
core_C1036,55016,69012,1,0,92,115,10580,0,604,-1,465,0,
core_C1240,3036,95540,1,0,92,115,10580,0,306,-1,366,1,
core_C1628,55200,69012,1,0,92,115,10580,0,622,-1,604,1,
core_C1061,62744,114348,1,0,92,115,10580,0,314,-1,94,1,
core_C473,28382,58733,1,90,115,92,10580,0,236,-1,620,0,
core_C1110,27830,21169,1,270,115,92,10580,0,517,-1,11,1,
core_C1147,184,95540,1,0,92,115,10580,0,366,-1,610,1,
core_C1200,65366,43060,1,0,92,115,10580,0,618,42,242,0,
core_C1501,40687,53156,1,0,92,115,10580,0,572,352,38,0,
core_C1650,27896,71199,0,90,92,74,6808,0,264,-1,28,1,
core_C994,65550,45791,1,0,92,115,10580,0,479,-1,150,0,
core_C982,55108,69012,1,0,92,115,10580,0,595,-1,593,1,
core_C946,14574,33304,0,0,74,92,6808,0,292,325,576,0,
core_C652,53104,108511,0,90,92,74,6808,0,-1,233,621,0,
core_C674,60352,114348,1,0,92,115,10580,0,94,-1,243,0,
core_C26,53636,86654,1,270,115,92,10580,0,-1,-1,162,1,
core_C743,0,0,1,0,92,115,10580,0,511,-1,-1,0,
core_C843,92,95540,1,0,92,115,10580,0,599,186,0,0,
core_C819,7140,92941,0,90,92,74,6808,0,280,630,14,0,
core_C806,74,34640,0,0,74,92,6808,0,16,-1,617,1,
core_C1494,12752,45233,0,0,74,92,6808,0,107,369,452,1,
core_C1434,19205,6440,1,0,92,115,10580,0,-1,273,211,0,
core_C1416,40779,55801,1,0,92,115,10580,0,8,-1,572,0,
core_C169,55292,83364,1,90,115,92,10580,0,-1,271,49,0,
core_C267,0,34640,0,180,74,92,6808,0,612,-1,316,0,
core_C93,65458,43060,1,0,92,115,10580,0,150,-1,600,1,
core_C297,28290,37576,1,0,92,115,10580,0,33,47,64,1,
core_C1281,28382,58618,1,0,92,115,10580,0,-1,597,648,0,
core_C1277,53104,108437,0,90,92,74,6808,0,456,606,160,1,
core_C140,55292,69012,1,90,115,92,10580,0,-1,58,595,1,
core_C1253,19113,103873,1,0,92,115,10580,0,211,-1,591,1,
core_C1316,70400,97742,0,0,5205,2576,13408080,0,-1,227,403,1,
core_C878,34796,117572,0,0,6374,2024,12900976,0,-1,-1,494,0,
core_C1014,37924,0,0,90,2024,6081,12307944,0,-1,499,331,1,
core_C307,22376,101099,0,90,3496,3658,12788368,0,-1,487,453,0,
core_C241,55292,75429,1,0,5620,3680,20681600,0,-1,49,373,0,
core_C1545,65984,28428,0,90,2852,4416,12594432,0,575,-1,646,1,
core_C381,7140,97909,0,180,3582,3404,12193128,0,-1,-1,611,0,
core_C87,4771,0,1,0,7449,2760,20559240,0,372,-1,511,1,
core_C50,5520,3496,0,90,2484,5188,12886992,0,512,563,3,1,
core_C385,49148,84083,0,90,2024,6553,13263272,0,360,541,588,1,
core_C249,68560,5697,0,270,2484,5050,12544200,0,-1,356,574,0,
core_C97,63040,38754,0,90,2484,5179,12864636,0,262,231,260,0,
core_C619,57152,83526,0,180,3677,3496,12854792,0,-1,191,266,0,
core_C747,12826,80073,0,180,5773,2300,13277900,0,-1,461,107,0,
core_C223,13090,8740,1,90,2875,7227,20777625,0,-1,-1,347,1,
core_C1440,19205,18170,1,180,7013,2760,19355880,0,515,45,52,0,
core_C1305,30912,59716,1,0,6637,3105,20607885,0,411,328,448,0,
core_C783,35092,3680,1,90,3680,5556,20446080,0,-1,-1,343,0,
core_C407,22118,6418,0,180,5039,2484,12516876,0,-1,-1,219,0,
core_C846,63132,92161,0,90,2208,5958,13155264,0,523,91,377,0,
core_C926,65642,60149,1,90,4485,4586,20568210,0,203,204,419,0,
core_C1593,59378,62227,0,90,2024,6425,13004200,0,-1,-1,436,1,
core_C575,63040,28428,0,90,2944,4666,13736704,0,629,132,476,0,
core_C588,66536,35118,0,0,5181,2576,13346256,0,146,-1,260,1,
core_C848,28382,50516,1,90,2530,8102,20498060,0,188,620,90,0,
core_C1209,7140,64053,0,180,5167,2576,13310192,0,-1,78,589,0,
core_C1245,55292,113241,1,90,2530,7993,20222290,0,477,-1,174,0,
core_C1040,25624,68255,0,0,4459,2944,13127296,0,-1,-1,442,1,
Wirelength: 6.24843e+09
layer(tree) info:
layer: 0 ,width: 75806 ,height: 128342 ,area: 9729093652 ,blocks_area: 7453021108, filling_rate: 0.766055, utilizatio_rate: 0.761113
layer: 1 ,width: 75762 ,height: 127579 ,area: 9665640198 ,blocks_area: 7479429915, filling_rate: 0.773816, utilizatio_rate: 0.76381
random seed: 14
alpha: 0
gamma: 1
best wirelength: 6.24843e+09
initial_num_perturbs: 19560
iter: 0
best_iter: 0
best_cost: 0.217161
reject_time: 0
accept_inferior_time: 0
update_best_time: 1183
adjustLegalOutline_fail_times: 0
outline_adjust_time: 235.719
initial_wirelength: 1.29797e+10
initial_average_wirelength: 5.97699e+10
1.29797e+10,initial_iter: 19560
initial_time: 383.21
total time cost: 601.343
