name,x,y,layer,rotated_angle,width,height,area,exceed_outline_area,left,right,parent,is_from_left,
macro_C2790,11319,0,0,0,11319,8580,97117020,0,-1,5,1,1,
macro_C2791,0,1881,0,0,11319,8580,97117020,0,0,13,10,0,
macro_C2792,1881,0,1,90,8448,11616,98131968,0,4,9,7,1,
macro_C2793,10329,8679,1,0,11616,8448,98131968,0,-1,-1,4,0,
macro_C2794,10329,0,1,0,11352,8679,98524008,0,-1,3,2,1,
macro_C2795,11319,8580,0,0,11352,8679,98524008,0,-1,-1,0,0,
core_C0,0,12276,0,0,5542,1815,10058730,0,-1,8,13,0,
core_C1,0,0,1,90,1881,5804,10917324,0,2,-1,-1,0,
core_C4,0,14091,0,0,5660,1848,10459680,0,11,-1,6,0,
core_C7,1881,11616,1,0,4041,2673,10801593,0,-1,12,2,0,
core_C9,0,0,0,0,5704,1881,10729224,0,-1,1,-1,0,
core_C11,5660,10461,0,270,2211,4433,9801363,0,-1,-1,8,1,
core_C12,1881,14289,1,180,3995,2607,10414965,0,-1,-1,9,0,
core_C13,0,10461,0,180,5637,1815,10231155,0,-1,6,1,0,
Wirelength: 2.98102e+07
layer(tree) info:
layer: 0 ,width: 22671 ,height: 17259 ,area: 391278789 ,blocks_area: 344038200, filling_rate: 0.879266, utilizatio_rate: 0.787273
layer: 1 ,width: 21945 ,height: 17127 ,area: 375852015 ,blocks_area: 326921826, filling_rate: 0.869815, utilizatio_rate: 0.748105
random seed: 7
alpha: 0
gamma: 1
best wirelength: 2.98102e+07
initial_num_perturbs: 420
iter: 0
best_iter: 0
best_cost: 0.544962
reject_time: 0
accept_inferior_time: 0
update_best_time: 0
adjustLegalOutline_fail_times: 0
outline_adjust_time: 0.022
initial_wirelength: 4.60535e+07
initial_average_wirelength: 8.45078e+07
4.60535e+07,initial_iter: 420
initial_time: 0.062
total time cost: 0.535
