name,x,y,layer,rotated_angle,width,height,area,exceed_outline_area,left,right,parent,is_from_left,
macro_C8466,9240,5412,0,0,6369,5709,36360621,0,91,-1,116,1,
macro_C8467,10361,27588,0,0,6369,5709,36360621,0,31,12,99,1,
macro_C16429,25212,5412,0,270,7524,5676,42706224,0,3,-1,70,0,
macro_C16430,32736,5412,0,90,7524,5676,42706224,0,-1,-1,2,1,
macro_C32011,30722,36960,0,180,8613,4290,36949770,0,-1,-1,28,0,
macro_C32012,4983,11121,0,0,8613,4290,36949770,0,117,81,58,0,
macro_C39784,34490,15495,0,180,5445,7854,42765030,0,-1,-1,51,0,
macro_C39785,0,33522,1,90,11232,7776,87340032,0,113,-1,114,0,
macro_C55552,21714,27296,0,270,7854,5412,42505848,0,-1,-1,38,0,
macro_C55553,17358,17226,0,90,7854,5412,42505848,0,33,46,10,0,
macro_C63404,17358,11814,0,90,7854,5412,42505848,0,78,9,27,0,
macro_C63405,32407,0,0,270,7854,5412,42505848,0,-1,-1,84,1,
macro_C71293,10361,33297,0,0,5412,7854,42505848,0,-1,-1,1,0,
macro_C71294,21656,24658,1,0,7728,11232,86800896,0,34,-1,16,0,
macro_C86866,9433,16434,0,0,6369,5709,36360621,0,-1,-1,115,1,
macro_C86867,7248,0,1,270,10752,8112,87220224,0,44,-1,88,1,
macro_C86868,21656,18514,1,180,12288,6144,75497472,0,-1,13,47,0,
macro_C86869,31319,27202,1,180,7776,11232,87340032,0,-1,64,111,1,
macro_C86870,4983,0,0,270,7854,5412,42505848,0,-1,120,104,1,
macro_C94576,11232,32462,1,180,9072,8160,74027520,0,-1,-1,113,0,
macro_C94577,30722,24024,0,180,5676,7524,42706224,0,86,28,21,1,
macro_C94578,26432,32708,0,90,4290,8613,36949770,0,20,-1,23,1,
macro_C94579,9240,22143,0,90,7854,5445,42765030,0,-1,-1,73,1,
macro_C94580,21020,32708,0,180,5412,7854,42505848,0,21,-1,31,1,
macro_C102137,19189,0,0,90,5709,6369,36360621,0,52,-1,61,1,
macro_C102138,12892,8112,1,180,8112,10752,87220224,0,54,-1,90,1,
macro_C102139,0,15536,1,180,12288,6144,75497472,0,82,72,97,0,
macro_C102140,17358,6369,0,270,7854,5445,42765030,0,-1,10,61,0,
macro_C102141,30722,31548,0,90,7854,5412,42505848,0,-1,4,20,0,
macro_C109812,21656,0,1,180,9072,8160,74027520,0,45,118,44,1,
macro_C109813,27040,16500,0,180,5676,7524,42706224,0,43,-1,71,1,
macro_C109814,16730,31202,0,90,4290,8613,36949770,0,23,-1,1,1,
macro_C109815,26868,10224,1,270,11232,7776,87340032,0,-1,-1,96,1,
macro_C109816,25212,11088,0,270,7854,5412,42505848,0,-1,105,9,1,
core_C0,29384,24658,1,180,5111,2544,13002384,0,49,-1,13,1,
core_C1,4983,36384,0,270,4257,1438,6121566,0,-1,107,69,0,
core_C2,16982,25185,1,270,2064,6443,13298352,0,-1,-1,39,1,
core_C3,17358,26169,0,270,3564,1813,6461532,0,-1,108,103,0,
core_C5,21714,25844,0,180,4357,1452,6326364,0,85,8,98,0,
core_C6,14918,21432,1,270,2064,6371,13149744,0,36,-1,113,1,
core_C7,26208,35890,1,90,2544,5173,13160112,0,111,-1,54,1,
core_C8,5257,23744,1,270,5088,2574,13096512,0,-1,-1,48,1,
core_C9,11752,21680,1,270,2064,6438,13288032,0,-1,-1,77,1,
core_C10,32716,16500,0,180,1774,3498,6205452,0,51,-1,30,1,
core_C12,18000,0,1,180,3656,3648,13337088,0,29,-1,15,1,
core_C13,30728,0,1,0,5205,2544,13241520,0,-1,112,29,1,
core_C14,17358,22638,0,0,3615,1782,6441930,0,-1,103,9,0,
core_C15,21656,15954,1,90,5088,2560,13025280,0,-1,16,60,0,
core_C16,0,23744,1,0,5257,2544,13373808,0,41,121,72,0,
core_C17,34495,18000,1,180,5141,2544,13078704,0,-1,-1,34,1,
core_C19,0,0,0,270,1419,4456,6323064,0,110,101,-1,0,
core_C20,34490,11088,0,0,1785,3564,6361740,0,53,6,43,1,
core_C23,24898,0,0,180,3569,1782,6359958,0,-1,-1,24,1,
core_C24,36275,11088,0,0,1816,3564,6472224,0,68,-1,51,1,
core_C25,21004,35890,1,180,5204,2592,13488768,0,40,-1,25,1,
core_C26,21714,22638,0,180,3537,1749,6186213,0,71,98,76,1,
core_C27,4983,18249,0,180,4418,1452,6414936,0,-1,115,122,0,
core_C28,4983,31731,0,180,4475,1452,6497700,0,-1,63,66,0,
core_C29,4983,7161,0,90,1749,3572,6247428,0,116,5,120,0,
core_C31,4983,22902,0,180,3561,1749,6228189,0,-1,93,106,0,
core_C32,21656,13378,1,90,5088,2576,13106688,0,-1,47,96,0,
core_C33,17358,0,0,0,1831,3564,6525684,0,24,27,91,1,
core_C35,0,10761,0,90,3498,1806,6317388,0,-1,-1,109,0,
core_C37,4983,33183,0,0,3578,1749,6257922,0,-1,69,57,0,
core_C38,31319,38434,1,180,5190,2544,13203360,0,-1,-1,17,0,
core_C39,4983,27771,0,180,4405,1452,6396060,0,-1,66,73,0,
core_C41,4983,29223,0,180,2517,2508,6312636,0,92,57,65,0,
core_C42,1419,3654,0,270,3564,1803,6425892,0,-1,-1,110,0,
core_C43,38091,11088,0,90,1452,4407,6398964,0,-1,-1,53,1,
core_C46,4983,34932,0,180,4424,1452,6423648,0,-1,35,63,0,
core_C47,25212,3564,0,180,3585,1749,6270165,0,-1,2,78,0,
core_C48,25251,20082,0,180,1789,3498,6257922,0,30,-1,55,1,
core_C49,0,21680,1,180,6419,2064,13248816,0,-1,48,26,0,
core_C50,4983,26319,0,90,4257,1452,6181164,0,22,65,93,0,
core_C51,0,0,1,0,2589,5088,13172832,0,119,102,-1,0,
core_C53,4983,39571,0,0,3607,1749,6308643,0,99,-1,107,0,
core_C54,17358,29731,0,270,4356,1471,6407676,0,55,-1,108,0,
core_C56,6479,26318,1,0,5273,2544,13414512,0,42,-1,114,1,
core_C57,25212,1782,0,180,3578,1782,6375996,0,84,70,10,1,
core_C58,26840,8160,1,0,6382,2064,13172448,0,87,-1,118,1,
core_C60,17376,18864,1,90,2064,6321,13046544,0,-1,-1,82,1,
core_C61,4983,15411,0,0,4438,1419,6297522,0,-1,122,5,0,
core_C65,12288,18864,1,90,5088,2568,13065984,0,80,-1,26,1,
core_C67,0,28848,1,270,5088,2562,13035456,0,-1,114,121,0,
core_C69,28790,0,0,180,3617,1749,6326133,0,11,-1,78,1,
core_C70,26071,24024,0,180,3620,1749,6331380,0,-1,-1,38,1,
core_C71,36398,23349,0,180,3626,1749,6341874,0,-1,-1,20,1,
core_C74,33222,5088,1,0,3630,3600,13068000,0,-1,-1,79,1,
core_C75,5184,0,1,90,2064,6451,13314864,0,15,94,102,1,
core_C76,13596,14685,0,180,3531,1749,6175719,0,-1,-1,117,0,
core_C77,10272,8112,1,180,2620,5088,13330560,0,25,-1,100,1,
core_C78,15609,0,0,90,1749,3592,6282408,0,61,-1,0,1,
core_C79,7500,29223,0,180,2540,2508,6370320,0,-1,-1,66,1,
core_C80,4983,24651,0,90,3300,1668,5504400,0,-1,73,59,0,
core_C81,5184,6451,1,90,2064,6448,13308672,0,-1,-1,88,0,
core_C82,0,7681,1,270,5088,2613,13294944,0,100,97,102,0,
core_C84,21656,10834,1,180,5212,2544,13259328,0,32,60,118,0,
core_C85,0,10294,1,0,3669,3648,13384512,0,-1,26,95,0,
core_C87,21714,24387,0,90,4356,1457,6346692,0,-1,38,55,0,
core_C88,8590,37822,0,0,1771,3498,6194958,0,1,-1,75,1,
core_C89,5088,12899,1,90,5184,2637,13670208,0,90,-1,95,1,
core_C92,0,5457,0,90,3498,1785,6243930,0,-1,109,50,0,
core_C93,0,5088,1,90,5184,2593,13442112,0,88,95,74,0,
core_C95,17358,24420,0,180,3611,1749,6315639,0,-1,37,46,0,
core_C96,3234,0,0,90,1749,3564,6233436,0,18,-1,110,1,
core_C97,25212,16500,0,90,1782,3582,6383124,0,-1,-1,33,0,
core_C99,4983,21153,0,180,3607,1749,6308643,0,-1,59,115,0,
core_C100,4983,37822,0,180,3587,1749,6273663,0,-1,75,35,0,
core_C103,17358,27982,0,180,3573,1749,6249177,0,-1,76,37,0,
core_C104,0,7242,0,270,1749,3519,6154731,0,-1,62,101,0,
core_C106,1419,0,0,270,1815,3654,6632010,0,104,67,50,1,
core_C108,28752,35890,1,0,2567,5088,13060896,0,17,-1,40,1,
core_C110,30728,2544,1,0,5251,2544,13358544,0,-1,-1,45,0,
core_C112,11232,28862,1,180,3686,3600,13269600,0,39,19,7,1,
core_C113,0,31410,1,180,6479,2112,13683648,0,77,7,83,0,
core_C114,4983,19701,0,0,4450,1452,6461400,0,14,106,56,0,
core_C115,6732,7161,0,90,2508,2572,6450576,0,0,-1,58,1,
core_C116,13596,11121,0,0,1787,3564,6368868,0,-1,89,5,1,
core_C118,21656,8160,1,90,5184,2674,13862016,0,79,96,29,0,
core_C119,2589,0,1,0,2575,4992,12854400,0,-1,-1,74,1,
core_C120,4983,5412,0,0,3617,1749,6326133,0,-1,58,18,0,
core_C121,0,26288,1,270,5088,2560,13025280,0,-1,83,48,0,
core_C122,4983,16830,0,0,4369,1419,6199611,0,-1,56,81,0,
Wirelength: 1.03942e+09
layer(tree) info:
layer: 0 ,width: 40261 ,height: 41321 ,area: 1663624781, filling_rate: 0.783346, utilizatio_rate: 0.779448
layer: 1 ,width: 39636 ,height: 41298 ,area: 1636887528, filling_rate: 0.80183, utilizatio_rate: 0.785017
random seed: 10
alpha: 0
gamma: 1
best wirelength: 1.03942e+09
initial_num_perturbs: 15129
iter: 0
best_iter: 0
best_cost: 0.259276
reject_time: 469
accept_inferior_time: 292438
update_best_time: 1
adjustLegalOutline_fail_times: 0
initial_wirelength: 1.66853e+09
initial_average_wirelength: 4.00892e+09
1.69031e+09,initial_iter: 15129
initial_time: 23.972
total time cost: 1000
