name,x,y,layer,rotated_angle,width,height,area,exceed_outline_area,left,right,parent,is_from_left,
macro_C2790,0,6699,0,90,33,142,4686,0,-1,4,8,0,
macro_C2791,0,0,1,270,33,308,10164,0,-1,2,-1,0,
macro_C2792,0,308,1,270,33,384,12672,0,-1,13,1,0,
macro_C2793,8382,0,0,270,33,90,2970,0,-1,10,11,1,
macro_C2794,0,6841,0,90,33,142,4686,0,-1,9,0,0,
macro_C2795,0,2574,0,0,109,33,3597,0,-1,7,6,0,
core_C0,0,0,0,180,3908,2574,10059192,0,12,5,-1,0,
core_C1,0,2607,0,180,5251,2079,10916829,0,-1,8,5,0,
core_C4,0,4686,0,180,5196,2013,10459548,0,-1,0,7,0,
core_C7,0,6983,0,180,5280,2046,10802880,0,11,-1,4,0,
core_C9,8382,90,0,0,3284,3267,10728828,0,-1,-1,3,0,
core_C11,5280,2607,0,270,3102,3159,9799218,0,3,-1,9,1,
core_C12,3908,0,0,180,3995,2607,10414965,0,-1,-1,6,1,
core_C13,0,692,1,0,5082,2013,10230066,0,-1,-1,2,0,
Wirelength: 3.83859e+20
layer(tree) info:
layer: 0 ,width: 11666 ,height: 9029 ,area: 105332314 ,blocks_area: 73197399, filling_rate: 0.694919, utilizatio_rate: 0.1675
layer: 1 ,width: 5082 ,height: 2705 ,area: 13746810 ,blocks_area: 10252902, filling_rate: 0.745839, utilizatio_rate: 0.023462
random seed: 16
alpha: 0
gamma: 1
best wirelength: 3.83859e+20
initial_num_perturbs: 420
iter: 0
best_iter: 0
best_cost: 0.656028
reject_time: 0
accept_inferior_time: 0
update_best_time: 0
adjustLegalOutline_fail_times: 0
outline_adjust_time: 0
initial_wirelength: 5.90584e+20
initial_average_wirelength: 7.59238e+20
8.69531e+20,initial_iter: 420
initial_time: 0.038
total time cost: 0.447
