name,x,y,layer,rotated_angle,width,height,area,exceed_outline_area,left,right,parent,is_from_left,
macro_C8466,25880,14519,0,270,5709,6369,36360621,0,43,46,49,1,
macro_C8467,31584,11232,1,270,8160,9072,74027520,0,-1,2,8,1,
macro_C16429,31584,20304,1,0,8112,10752,87220224,0,-1,-1,1,0,
macro_C16430,22803,32808,0,90,7524,5676,42706224,0,-1,-1,70,1,
macro_C32011,31589,31607,0,0,8613,4290,36949770,0,-1,5,87,0,
macro_C32012,31589,35897,0,0,8613,4290,36949770,0,-1,-1,4,0,
macro_C39784,5412,19305,0,90,7854,5445,42765030,0,-1,-1,33,1,
macro_C39785,0,10224,1,0,7776,11232,87340032,0,77,29,65,0,
macro_C55552,20352,19708,1,90,11232,7728,86800896,0,1,-1,101,0,
macro_C55553,13365,0,0,90,7854,5412,42505848,0,-1,106,66,1,
macro_C63404,25757,9107,0,270,7854,5412,42505848,0,-1,-1,96,1,
macro_C63405,29189,0,0,90,7854,5412,42505848,0,-1,-1,36,1,
macro_C71293,3234,34386,0,90,7854,5412,42505848,0,-1,-1,30,0,
macro_C71294,13365,34530,0,90,7854,5412,42505848,0,27,-1,22,0,
macro_C86866,7524,0,0,270,5709,6369,36360621,0,-1,-1,15,1,
macro_C86867,0,0,0,270,7524,5676,42706224,0,14,17,-1,0,
macro_C86868,0,11814,0,0,8613,4290,36949770,0,21,102,17,0,
macro_C86869,0,6369,0,270,7854,5445,42765030,0,-1,16,15,0,
macro_C86870,0,0,1,90,11232,7728,86800896,0,-1,65,-1,0,
macro_C94576,12096,19276,1,270,8160,9072,74027520,0,-1,31,42,0,
macro_C94577,21216,27436,1,0,8112,10752,87220224,0,-1,-1,90,1,
macro_C94578,8613,6369,0,270,4290,8613,36949770,0,-1,105,16,1,
macro_C94579,13365,29085,0,270,7854,5445,42765030,0,-1,13,56,0,
macro_C94580,13365,22155,0,90,7854,5412,42505848,0,-1,56,38,0,
macro_C102137,22464,11548,1,180,9072,8160,74027520,0,-1,-1,120,0,
macro_C102138,34295,5412,0,0,5676,7524,42706224,0,-1,73,98,1,
macro_C102139,12096,0,1,270,6144,12288,75497472,0,111,35,37,1,
macro_C102140,21219,0,0,270,7854,5445,42765030,0,-1,114,13,1,
macro_C102141,28416,0,1,0,7728,11232,86800896,0,-1,-1,86,1,
macro_C109812,0,21456,1,0,9072,8160,74027520,0,115,32,7,0,
macro_C109813,3234,26862,0,180,5676,7524,42706224,0,74,12,95,1,
macro_C109814,12096,28348,1,90,6144,12288,75497472,0,90,-1,19,0,
macro_C109815,0,29616,1,270,11232,7776,87340032,0,-1,-1,29,0,
macro_C109816,0,19008,0,180,5412,7854,42505848,0,6,71,92,0,
core_C1,18008,12062,0,180,3168,2112,6690816,0,-1,113,60,1,
core_C3,12096,12988,1,0,6491,2112,13708992,0,-1,61,26,0,
core_C4,27407,5445,0,90,1782,3662,6525684,0,11,-1,75,1,
core_C5,9888,10224,1,90,2208,6857,15140256,0,26,-1,77,1,
core_C6,13365,20703,0,180,4491,1452,6520932,0,-1,23,121,0,
core_C7,21219,24057,0,180,4513,1452,6552876,0,-1,44,122,0,
core_C11,21219,30459,0,180,3209,2079,6671511,0,49,104,45,0,
core_C13,25880,26630,0,180,3596,1782,6408072,0,47,-1,117,0,
core_C14,12096,17212,1,180,6405,2064,13219920,0,-1,19,61,0,
core_C15,31589,14519,0,270,1254,3858,4837932,0,98,87,0,1,
core_C16,21219,25509,0,180,4462,1452,6478824,0,-1,80,39,0,
core_C18,21219,28413,0,180,3091,2046,6324186,0,-1,40,80,0,
core_C19,25880,20888,0,180,2921,1914,5590794,0,-1,118,0,0,
core_C22,29476,24036,0,270,1749,3575,6252675,0,-1,-1,41,1,
core_C23,29459,20888,0,90,2046,3148,6440808,0,-1,-1,117,1,
core_C24,24428,28413,0,90,1452,4395,6381540,0,0,-1,40,1,
core_C26,17388,5412,0,0,3567,1782,6356394,0,-1,-1,106,1,
core_C28,10362,24750,0,270,1551,3941,6112491,0,66,-1,74,1,
core_C30,6675,7728,1,180,5000,2496,12480000,0,-1,-1,65,1,
core_C31,24528,0,1,90,2016,6296,12692736,0,86,109,120,1,
core_C32,34295,16079,0,180,3154,2046,6453084,0,-1,76,73,0,
core_C33,35714,19577,0,270,1419,4257,6040683,0,-1,-1,103,1,
core_C34,13365,27567,0,180,4596,1518,6976728,0,-1,22,23,0,
core_C35,21219,8316,0,180,4442,1419,6303198,0,-1,79,85,0,
core_C36,34295,23852,0,180,4098,1353,5544594,0,-1,62,103,0,
core_C37,34295,26657,0,180,3201,1023,3274623,0,-1,100,62,0,
core_C38,13365,10605,0,180,4643,1485,6894855,0,34,63,72,0,
core_C41,12096,15100,1,0,6509,2112,13747008,0,-1,42,35,0,
core_C42,34295,25205,0,0,4500,1452,6534000,0,-1,59,58,0,
core_C43,13365,12090,0,0,4457,1452,6471564,0,-1,81,60,0,
core_C45,21219,13893,0,180,4472,1485,6640920,0,75,96,116,0,
core_C47,0,7728,1,0,6675,2160,14418000,0,52,7,18,0,
core_C48,11913,24750,0,270,1452,4392,6377184,0,9,-1,51,1,
core_C49,18008,17310,0,90,1749,3602,6299898,0,-1,-1,113,0,
core_C50,34295,30551,0,180,3201,1056,3380256,0,-1,-1,82,0,
core_C51,0,28413,0,90,1419,4445,6307455,0,95,-1,71,0,
core_C54,21219,36559,0,270,1584,4000,6336000,0,3,-1,104,0,
core_C55,0,26862,0,180,3157,1551,4896507,0,-1,69,33,0,
core_C56,13365,8646,0,0,4402,1452,6391704,0,97,60,119,0,
core_C57,34295,12936,0,270,2079,3143,6534297,0,-1,54,25,0,
core_C58,8910,24750,0,270,1452,4483,6509316,0,51,-1,30,1,
core_C59,25691,5445,0,270,1716,3530,6057480,0,36,-1,64,1,
core_C60,34295,18125,0,180,4520,1452,6563040,0,-1,103,54,0,
core_C61,7776,10224,1,90,2112,6415,13548480,0,37,-1,7,1,
core_C62,8613,17853,0,0,4402,1452,6391704,0,-1,-1,84,0,
core_C64,21219,9735,0,180,3879,1287,4992273,0,-1,91,57,0,
core_C65,21219,26961,0,180,4381,1452,6361212,0,-1,45,44,0,
core_C66,13365,13542,0,0,4492,1452,6522384,0,-1,108,63,0,
core_C67,34295,28934,0,180,4075,1617,6589275,0,89,68,100,0,
core_C68,20352,0,1,90,2112,6625,13992000,0,120,101,111,1,
core_C72,8613,16467,0,180,4165,1386,5772690,0,-1,78,105,0,
core_C74,21219,6864,0,0,4366,1452,6339432,0,-1,57,114,0,
core_C75,26544,0,1,270,1872,5703,10676016,0,28,-1,53,1,
core_C77,31589,19031,0,270,1452,4419,6416388,0,-1,4,43,0,
core_C78,13365,16413,0,180,4417,1419,6267723,0,-1,107,108,0,
core_C79,38370,26657,0,90,1419,4419,6270561,0,-1,-1,82,1,
core_C80,18240,28348,1,90,2976,4601,13692576,0,20,-1,31,1,
core_C81,21219,11022,0,180,4432,1452,6435264,0,-1,116,79,0,
core_C82,0,17556,0,180,4464,1452,6481728,0,-1,33,102,0,
core_C83,21219,16830,0,180,4440,1452,6446880,0,-1,99,96,0,
core_C84,21219,21186,0,0,4397,1452,6384444,0,-1,122,123,0,
core_C85,1419,28413,0,90,1815,3738,6784470,0,30,-1,69,1,
core_C86,21219,15378,0,180,4538,1452,6589176,0,10,93,64,0,
core_C87,17767,7194,0,270,1650,3411,5628150,0,110,-1,72,1,
core_C88,32843,14519,0,90,1452,4512,6551424,0,25,-1,43,1,
core_C89,21219,18282,0,180,4357,1452,6326364,0,-1,123,93,0,
core_C90,34295,27680,0,180,3829,1254,4801566,0,-1,82,59,0,
core_C91,20352,6625,1,270,2064,6448,13308672,0,-1,8,83,0,
core_C92,0,16104,0,0,4519,1452,6561588,0,-1,92,16,0,
core_C93,34295,19577,0,270,1419,4275,6066225,0,55,58,76,0,
core_C94,21219,32538,0,270,1584,4021,6369264,0,-1,70,40,0,
core_C96,8613,14982,0,180,4473,1485,6642405,0,-1,84,21,0,
core_C98,13365,5412,0,180,4023,1584,6372432,0,50,119,9,0,
core_C101,13365,17832,0,180,4454,1419,6320226,0,-1,121,88,0,
core_C102,13365,14994,0,180,4442,1419,6303198,0,-1,88,81,0,
core_C104,24528,6296,1,270,2544,5252,13361088,0,-1,-1,53,0,
core_C107,19417,7194,0,270,1617,4868,7871556,0,-1,-1,97,1,
core_C108,18240,0,1,90,2112,6538,13808256,0,83,112,26,1,
core_C109,18240,6538,1,270,2064,6450,13312800,0,-1,-1,111,0,
core_C110,18008,14174,0,270,2079,3136,6519744,0,-1,67,34,0,
core_C111,21219,5445,0,180,4441,1419,6301779,0,-1,85,27,0,
core_C112,9072,17081,1,270,2832,4292,12154944,0,-1,-1,29,1,
core_C113,21219,12474,0,180,4359,1419,6185421,0,-1,64,91,0,
core_C114,25880,24848,0,0,3579,1782,6377778,0,48,41,118,0,
core_C116,25880,22802,0,180,3095,2046,6332370,0,-1,117,46,0,
core_C117,13365,7194,0,0,4398,1452,6385896,0,-1,72,106,0,
core_C118,22464,0,1,270,2064,6319,13042416,0,53,24,83,1,
core_C119,13365,19251,0,180,4453,1452,6465756,0,-1,38,107,0,
core_C120,21219,22638,0,180,4431,1419,6287589,0,-1,39,94,0,
core_C121,21219,19734,0,0,4446,1452,6455592,0,-1,94,99,0,
Wirelength: 7.95735e+07
layer(tree) info:
layer: 0 ,width: 40202 ,height: 40559 ,area: 1630552918 ,blocks_area: 1315051122, filling_rate: 0.806506, utilizatio_rate: 0.78654
layer: 1 ,width: 39744 ,height: 40636 ,area: 1615037184 ,blocks_area: 1282932384, filling_rate: 0.794367, utilizatio_rate: 0.767329
random seed: 29
alpha: 0
gamma: 1
best wirelength: 7.95735e+07
initial_num_perturbs: 15376
iter: 0
best_iter: 0
best_cost: 0.215504
reject_time: 0
accept_inferior_time: 0
update_best_time: 0
adjustLegalOutline_fail_times: 0
outline_adjust_time: 9.175
initial_wirelength: 5.83072e+08
initial_average_wirelength: 2.70562e+09
5.83072e+08,initial_iter: 15376
initial_time: 19.832
total time cost: 100.191
