name,x,y,layer,rotated_angle,width,height,area,exceed_outline_area,left,right,parent,is_from_left,
macro_C8466,9240,18645,0,180,6369,5709,36360621,0,76,88,14,0,
macro_C8467,12432,34855,0,270,5709,6369,36360621,0,-1,-1,123,1,
macro_C16429,0,33216,1,90,10752,8112,87220224,0,-1,-1,3,0,
macro_C16430,0,22464,1,0,8112,10752,87220224,0,32,2,6,0,
macro_C32011,23568,26208,1,90,6144,12288,75497472,0,-1,-1,9,1,
macro_C32012,8112,7776,1,270,6144,12288,75497472,0,16,12,32,0,
macro_C39784,0,11232,1,0,7776,11232,87340032,0,-1,3,33,0,
macro_C39785,1056,1386,0,0,5445,7854,42765030,0,13,29,68,1,
macro_C55552,19932,31706,0,180,5412,7854,42505848,0,57,-1,105,1,
macro_C55553,15840,26208,1,180,7728,11232,86800896,0,4,-1,31,0,
macro_C63404,27456,24722,0,180,5412,7854,42505848,0,-1,11,59,0,
macro_C63405,27456,32576,0,0,5412,7854,42505848,0,26,-1,10,0,
macro_C71293,8112,20064,1,0,7728,11232,86800896,0,31,-1,5,0,
macro_C71294,6501,0,0,90,7854,5412,42505848,0,-1,-1,7,1,
macro_C86866,9240,12936,0,180,6369,5709,36360621,0,-1,0,43,1,
macro_C86867,28560,7776,1,90,10752,8112,87220224,0,-1,-1,22,0,
macro_C86868,14256,7776,1,90,6144,12288,75497472,0,19,-1,5,1,
macro_C86869,19305,9372,0,0,5445,7854,42765030,0,101,111,77,1,
macro_C86870,16313,0,0,0,5412,7854,42505848,0,23,-1,95,1,
macro_C94576,20400,0,1,90,8160,9072,74027520,0,22,25,16,1,
macro_C94577,32146,0,0,90,7524,5676,42706224,0,-1,-1,37,1,
macro_C94578,35706,5676,0,90,4290,8613,36949770,0,-1,-1,110,1,
macro_C94579,28560,0,1,90,11232,7776,87340032,0,-1,15,19,1,
macro_C94580,21725,0,0,0,5412,7854,42505848,0,-1,-1,18,1,
macro_C102137,29898,7216,0,270,5709,6369,36360621,0,-1,53,114,1,
macro_C102138,20400,9072,1,0,8112,10752,87220224,0,28,-1,19,0,
macro_C102139,32868,24245,0,90,4290,8613,36949770,0,-1,-1,11,1,
macro_C102140,32901,16391,0,0,5445,7854,42765030,0,-1,-1,110,0,
macro_C102141,28512,15888,1,90,11232,7728,86800896,0,-1,-1,25,1,
macro_C109812,1056,9240,0,180,6369,5709,36360621,0,30,56,7,0,
macro_C109813,7425,5412,0,0,5676,7524,42706224,0,95,-1,29,1,
macro_C109814,15840,20064,1,0,12288,6144,75497472,0,-1,9,12,1,
macro_C109815,8112,0,1,90,11232,7776,87340032,0,-1,5,3,1,
macro_C109816,0,0,1,0,7728,11232,86800896,0,-1,6,-1,0,
core_C1,13101,10758,0,180,3168,2112,6690816,0,66,-1,74,0,
core_C3,27456,17113,0,270,2079,3168,6586272,0,-1,59,113,0,
core_C4,25344,33011,0,90,1584,4120,6526080,0,-1,-1,57,0,
core_C5,27456,4213,0,0,4690,1551,7274190,0,20,90,115,0,
core_C6,2574,29835,0,270,2541,2566,6520206,0,94,-1,41,0,
core_C7,1914,37413,0,180,4513,1452,6552876,0,118,-1,45,0,
core_C11,2574,21439,0,0,4493,1485,6672105,0,98,107,54,0,
core_C13,2574,27280,0,90,2508,2555,6407940,0,-1,38,87,0,
core_C14,29535,5764,0,180,4374,1452,6351048,0,-1,-1,90,1,
core_C15,7986,30465,0,90,1254,3858,4837932,0,14,93,117,1,
core_C16,12078,28314,0,90,1452,4462,6478824,0,48,-1,73,0,
core_C18,1914,32401,0,270,1749,3616,6324384,0,49,39,46,1,
core_C19,0,31456,0,90,1914,2921,5590794,0,45,-1,80,0,
core_C22,5115,30465,0,90,1419,4407,6253533,0,117,96,99,0,
core_C23,13530,28314,0,90,1452,4436,6441072,0,91,-1,44,1,
core_C24,3663,32401,0,90,1452,4395,6381540,0,-1,-1,45,1,
core_C26,22011,27117,0,180,4378,1452,6356856,0,-1,81,72,1,
core_C28,0,19545,0,0,2503,2442,6112326,0,-1,102,68,0,
core_C30,17853,9372,0,90,1386,4325,5994450,0,-1,77,65,0,
core_C31,29898,13585,0,90,1419,4297,6097443,0,86,109,24,0,
core_C32,2574,19987,0,180,4444,1452,6452688,0,104,40,70,0,
core_C33,14650,24354,0,270,1551,3894,6039594,0,-1,-1,73,1,
core_C34,1056,14949,0,90,1518,4596,6976728,0,78,-1,29,0,
core_C35,25344,28569,0,90,1419,4442,6303198,0,-1,36,8,1,
core_C36,20559,19041,0,90,1353,4098,5544594,0,62,100,71,1,
core_C37,27456,20281,0,270,1023,3201,3274623,0,114,10,35,0,
core_C38,2574,24343,0,0,4643,1485,6894855,0,103,87,107,0,
core_C41,22416,7854,0,0,4549,1452,6605148,0,-1,-1,65,1,
core_C42,21912,19041,0,270,1452,4500,6534000,0,-1,106,58,1,
core_C43,24750,13709,0,270,1782,3631,6470442,0,-1,-1,101,0,
core_C45,12426,32776,0,0,3194,2079,6640326,0,-1,-1,93,1,
core_C47,17853,7854,0,0,4563,1518,6926634,0,61,52,108,1,
core_C48,16269,10758,0,90,1452,4392,6377184,0,-1,69,34,1,
core_C49,9240,25773,0,90,1584,3977,6299568,0,-1,122,88,0,
core_C50,0,1386,0,90,1056,3201,3380256,0,7,51,84,0,
core_C51,16269,15150,0,90,1419,4445,6307455,0,-1,-1,66,0,
core_C54,2574,18535,0,0,4363,1452,6335076,0,-1,54,78,0,
core_C55,19305,19041,0,90,1254,3905,4896870,0,58,-1,111,0,
core_C56,20559,27117,0,90,1452,4402,6391704,0,50,-1,100,0,
core_C57,12078,25773,0,180,2572,2541,6535452,0,55,44,116,1,
core_C58,13101,9306,0,0,4483,1452,6509316,0,-1,34,92,0,
core_C59,0,26506,0,180,2480,2442,6056160,0,-1,80,102,0,
core_C60,15609,19595,0,90,1452,4520,6563040,0,-1,-1,0,1,
core_C61,17853,13697,0,90,1452,4482,6507864,0,17,82,52,0,
core_C62,2574,14949,0,270,1782,3586,6390252,0,-1,70,56,1,
core_C64,26169,20442,0,90,1287,3879,4992273,0,115,-1,89,1,
core_C65,0,28948,0,180,2536,2508,6360288,0,-1,46,75,0,
core_C66,22011,28569,0,90,2079,3137,6521823,0,-1,-1,50,0,
core_C67,17853,18179,0,90,1452,4539,6590628,0,-1,119,77,0,
core_C68,27456,8928,0,90,1485,4527,6722595,0,-1,113,90,0,
core_C72,0,0,0,180,4165,1386,5772690,0,-1,68,-1,0,
core_C74,23694,20442,0,90,1584,4002,6339168,0,-1,89,97,0,
core_C75,31317,13585,0,270,1287,3985,5128695,0,-1,-1,53,1,
core_C77,2574,25828,0,180,4419,1452,6416388,0,-1,41,60,0,
core_C78,9240,24354,0,180,4417,1419,6267723,0,-1,67,0,0,
core_C79,23694,24444,0,90,2475,2534,6271650,0,79,-1,85,0,
core_C80,27456,5764,0,270,2079,3164,6577956,0,42,83,37,0,
core_C81,14982,28248,0,90,1452,4432,6435264,0,108,-1,48,1,
core_C82,13101,7854,0,180,4464,1452,6481728,0,-1,74,95,0,
core_C83,7986,34323,0,180,4440,1452,6446880,0,64,123,43,0,
core_C84,5115,27297,0,180,4030,1584,6383520,0,-1,99,38,1,
core_C85,13101,5412,0,0,3212,2112,6783744,0,18,92,30,1,
core_C86,5115,34872,0,180,2593,2541,6588813,0,-1,-1,47,0,
core_C87,23694,18792,0,180,3411,1650,5628150,0,-1,85,106,1,
core_C88,7067,18970,0,90,1617,4052,6552084,0,-1,-1,40,1,
core_C89,5115,28881,0,0,3993,1584,6324912,0,-1,47,94,0,
core_C90,20559,23139,0,90,1254,3829,4801566,0,-1,72,58,0,
core_C91,24750,9306,0,90,1452,4403,6393156,0,-1,63,17,1,
core_C92,0,21987,0,90,1452,4519,6561588,0,-1,75,51,0,
core_C93,7217,23022,0,90,1419,4275,6066225,0,-1,-1,60,1,
core_C94,7018,14949,0,270,1584,4021,6369264,0,-1,-1,54,1,
core_C96,17853,29071,0,90,2079,3195,6642405,0,8,-1,121,0,
core_C98,21912,23541,0,90,1782,3576,6372432,0,97,-1,62,0,
core_C101,2574,22924,0,180,4454,1419,6320226,0,-1,60,40,0,
core_C102,16434,24115,0,90,1419,4442,6303198,0,65,-1,91,1,
core_C104,29898,17882,0,90,1452,4421,6419292,0,120,-1,53,0,
core_C107,32901,13585,0,270,2805,2806,7870830,0,21,27,120,1,
core_C108,19305,17226,0,180,3655,1815,6633825,0,112,71,17,0,
core_C109,22960,17340,0,0,4405,1452,6396060,0,-1,-1,111,1,
core_C110,27456,13455,0,90,1782,3658,6518556,0,-1,35,83,0,
core_C111,28479,20281,0,90,1419,4441,6301779,0,24,-1,59,1,
core_C112,27456,0,0,90,1386,4213,5839218,0,-1,37,79,1,
core_C113,10659,29750,0,90,1419,4359,6185421,0,73,-1,122,1,
core_C114,6534,30465,0,90,1452,4392,6377184,0,43,-1,47,1,
core_C116,6427,37413,0,180,4361,1452,6332172,0,-1,-1,39,1,
core_C117,17853,22946,0,270,1782,3584,6386688,0,-1,121,82,0,
core_C118,31350,17570,0,90,1551,4040,6266040,0,110,-1,109,1,
core_C119,17853,26530,0,180,2544,2541,6464304,0,-1,105,119,0,
core_C120,9240,29750,0,90,1419,4431,6287589,0,116,-1,67,0,
core_C121,7986,35775,0,0,4446,1452,6455592,0,1,-1,93,0,
Wirelength: 6.46884e+07
layer(tree) info:
layer: 0 ,width: 39996 ,height: 41224 ,area: 1648795104 ,blocks_area: 1288260567, filling_rate: 0.781335, utilizatio_rate: 0.770516
layer: 1 ,width: 39792 ,height: 41328 ,area: 1644523776 ,blocks_area: 1334121984, filling_rate: 0.811251, utilizatio_rate: 0.797946
random seed: 3
alpha: 0
gamma: 1
best wirelength: 6.46884e+07
initial_num_perturbs: 3720
iter: 0
best_iter: 0
best_cost: 0.185376
reject_time: 0
accept_inferior_time: 0
update_best_time: 0
adjustLegalOutline_fail_times: 0
outline_adjust_time: 1.231
initial_wirelength: 3.47416e+08
initial_average_wirelength: 1.87411e+09
3.47416e+08,initial_iter: 3720
initial_time: 3.781
total time cost: 250.778
