name,x,y,layer,rotated_angle,width,height,area,exceed_outline_area,left,right,parent,is_from_left,
macro_C2790,175,33,1,0,142,33,4686,0,-1,-1,3,0,
macro_C2791,4047,5836,0,180,308,33,10164,0,-1,-1,10,1,
macro_C2792,0,5841,0,90,33,384,12672,0,10,-1,6,0,
macro_C2793,175,0,1,0,90,33,2970,0,-1,0,5,1,
macro_C2794,0,0,1,0,142,33,4686,0,5,-1,-1,0,
macro_C2795,142,0,1,270,33,109,3597,0,3,-1,4,1,
core_C0,0,3267,0,0,3908,2574,10059192,0,13,2,9,0,
core_C1,33,11616,0,0,3308,3300,10916400,0,-1,-1,11,0,
core_C4,7076,2607,0,0,3234,3234,10458756,0,-1,-1,13,1,
core_C7,0,0,0,0,3306,3267,10800702,0,12,6,-1,0,
core_C9,33,5841,0,0,4014,2673,10729422,0,1,11,2,1,
core_C11,33,8514,0,180,3159,3102,9799218,0,-1,7,10,0,
core_C12,3306,0,0,180,3995,2607,10414965,0,-1,-1,9,1,
core_C13,3908,2607,0,90,3168,3229,10229472,0,8,-1,6,1,
Wirelength: 3.28013e+20
layer(tree) info:
layer: 0 ,width: 10310 ,height: 14916 ,area: 153783960 ,blocks_area: 83430963, filling_rate: 0.542521, utilizatio_rate: 0.190918
layer: 1 ,width: 317 ,height: 109 ,area: 34553 ,blocks_area: 15939, filling_rate: 0.461291, utilizatio_rate: 3.64737e-05
random seed: 10
alpha: 0
gamma: 1
best wirelength: 3.28013e+20
initial_num_perturbs: 420
iter: 0
best_iter: 0
best_cost: 0.792418
reject_time: 0
accept_inferior_time: 0
update_best_time: 0
adjustLegalOutline_fail_times: 0
outline_adjust_time: 0
initial_wirelength: 4.7952e+20
initial_average_wirelength: 6.05136e+20
6.07063e+20,initial_iter: 420
initial_time: 0.04
total time cost: 0.981
