name,x,y,layer,rotated_angle,width,height,area,exceed_outline_area,left,right,parent,is_from_left,
macro_C124171,7194,5412,0,0,6369,5709,36360621,0,64,9,36,1,
macro_C124172,21442,13867,0,90,5709,6369,36360621,0,74,29,48,0,
macro_C124173,29976,0,1,0,8112,10752,87220224,0,-1,32,26,1,
macro_C124174,16184,0,0,90,7524,5676,42706224,0,-1,93,8,1,
macro_C124175,17152,13701,0,90,4290,8613,36949770,0,48,-1,67,1,
macro_C124176,17688,8448,1,270,6144,12288,75497472,0,26,-1,17,1,
macro_C124177,5899,30350,0,180,5445,7854,42765030,0,-1,-1,84,0,
macro_C124178,8112,30053,1,0,7776,11232,87340032,0,42,-1,15,1,
macro_C124179,8330,0,0,90,7854,5412,42505848,0,3,-1,91,1,
macro_C124180,7194,11121,0,270,7854,5412,42505848,0,96,-1,0,0,
macro_C124181,28273,7821,0,180,5412,7854,42505848,0,33,-1,47,1,
macro_C124182,0,6389,1,270,11232,7728,86800896,0,72,108,56,0,
macro_C124183,0,9340,0,180,5412,7854,42505848,0,36,114,85,0,
macro_C124184,34912,0,0,180,5412,7854,42505848,0,-1,-1,80,1,
macro_C124185,0,23442,0,270,5709,6369,36360621,0,-1,18,62,0,
macro_C124186,0,30053,1,0,8112,10752,87220224,0,7,-1,111,0,
macro_C124187,10549,16533,0,90,4290,8613,36949770,0,-1,-1,54,1,
macro_C124188,6456,14117,1,90,11232,7776,87340032,0,5,-1,98,1,
macro_C124189,0,29811,0,180,5412,7854,42505848,0,-1,38,14,0,
macro_C124190,12928,29784,0,180,6369,5709,36360621,0,-1,23,97,0,
macro_C124191,20452,28090,0,0,5676,7524,42706224,0,22,-1,46,1,
macro_C124192,22032,27210,1,90,6144,12288,75497472,0,-1,-1,53,0,
macro_C124193,26128,28458,0,180,5445,7854,42765030,0,25,-1,20,1,
macro_C124194,12928,35614,0,270,7854,5412,42505848,0,-1,-1,19,0,
macro_C124195,6675,21893,1,0,9072,8160,74027520,0,37,-1,65,1,
macro_C124196,31573,26829,0,90,7524,5676,42706224,0,-1,-1,22,1,
macro_C124197,23832,8448,1,90,6144,12288,75497472,0,2,-1,5,1,
macro_C124198,31634,21384,0,90,7854,5445,42765030,0,-1,-1,74,1,
macro_C124199,28176,27934,1,0,7728,11232,86800896,0,-1,-1,86,0,
macro_C124200,21442,20236,0,90,5709,6369,36360621,0,-1,34,1,0,
macro_C124201,30136,15708,0,90,7524,5676,42706224,0,-1,-1,92,1,
macro_C124202,14164,2304,1,180,12288,6144,75497472,0,-1,81,105,0,
macro_C124203,29976,10752,1,0,7776,11232,87340032,0,-1,-1,2,0,
macro_C124204,33685,7854,0,180,5412,7854,42505848,0,-1,-1,10,1,
core_C1,21442,26605,0,180,4507,1485,6692895,0,-1,-1,29,0,
core_C3,30048,21984,1,270,2304,5950,13708800,0,-1,-1,86,1,
core_C4,5412,8656,0,90,1782,3662,6525684,0,0,73,12,1,
core_C5,15747,21893,1,180,6185,2448,15140880,0,-1,-1,24,1,
core_C6,0,37665,0,180,4117,1584,6521328,0,78,-1,18,0,
core_C7,24038,0,0,0,3677,1782,6552414,0,49,-1,87,1,
core_C11,0,18293,1,0,5905,2352,13888560,0,-1,65,98,0,
core_C13,19586,9656,0,90,1584,4045,6407280,0,-1,-1,96,1,
core_C14,15888,24341,1,90,2064,6405,13219920,0,115,-1,7,1,
core_C15,24313,1782,0,90,1254,3858,4837932,0,99,95,116,1,
core_C16,19619,7128,0,0,4462,1452,6478824,0,-1,-1,87,0,
core_C18,31342,0,0,270,1584,3993,6324912,0,-1,69,122,1,
core_C19,18538,22314,0,90,1914,2921,5590794,0,20,61,110,1,
core_C22,26854,7659,0,90,1419,4407,6253533,0,10,-1,123,1,
core_C23,21442,8580,0,270,1452,4436,6441072,0,116,1,4,1,
core_C24,27715,0,0,180,3581,1782,6381342,0,-1,-1,39,1,
core_C26,2480,5906,0,90,2046,3107,6356922,0,79,-1,121,0,
core_C28,10090,25146,0,270,1419,4308,6113052,0,89,-1,58,1,
core_C30,5899,21809,0,270,1386,4325,5994450,0,76,84,78,1,
core_C31,22032,20736,1,90,2016,6296,12692736,0,109,21,90,1,
core_C32,6105,16819,0,180,4444,1452,6452688,0,16,-1,103,1,
core_C33,2046,17194,0,0,3894,1551,6039594,0,-1,-1,114,1,
core_C34,0,4224,1,180,6724,2160,14523840,0,71,11,60,0,
core_C35,18035,5676,0,90,1584,3980,6304320,0,87,-1,64,1,
core_C36,8737,18271,0,90,1353,4098,5544594,0,51,-1,76,1,
core_C37,24313,12745,0,180,2919,1122,3275118,0,82,-1,94,0,
core_C38,0,2064,1,0,6645,2160,14353200,0,-1,56,104,0,
core_C41,18538,25235,0,90,1452,4549,6605148,0,-1,-1,46,0,
core_C42,0,21858,0,0,4125,1584,6534000,0,103,14,77,0,
core_C43,27151,26874,0,0,4085,1584,6470640,0,-1,-1,112,0,
core_C45,13563,9294,0,180,4472,1485,6640920,0,57,-1,0,1,
core_C47,0,21893,1,0,6675,2160,14418000,0,24,83,40,0,
core_C48,28735,22836,0,270,1782,3578,6375996,0,-1,-1,112,1,
core_C49,15733,12231,0,270,1419,4440,6300360,0,4,100,113,1,
core_C50,10612,0,1,90,1488,4728,7035264,0,106,-1,70,1,
core_C51,31342,3993,0,180,3083,2046,6307818,0,-1,80,45,0,
core_C54,8548,0,1,90,2064,6389,13186896,0,68,-1,71,1,
core_C55,6724,0,1,270,1824,5589,10194336,0,70,-1,56,1,
core_C56,11232,6426,1,270,2064,6446,13304544,0,-1,-1,11,1,
core_C57,5412,12318,0,90,1452,4501,6535452,0,-1,-1,36,0,
core_C58,27151,21384,0,180,4483,1452,6509316,0,27,112,1,1,
core_C59,0,0,0,180,2480,2442,6056160,0,119,88,-1,0,
core_C60,7285,18271,0,270,1452,4520,6563040,0,58,101,52,1,
core_C61,0,20274,0,180,4109,1584,6508656,0,-1,62,114,0,
core_C62,4117,37665,0,90,1782,3586,6390252,0,52,-1,38,1,
core_C64,4526,5906,0,90,1815,2750,4991250,0,-1,-1,50,1,
core_C65,31342,6039,0,180,3570,1782,6361740,0,13,-1,69,0,
core_C66,14164,8448,1,270,2592,5238,13576896,0,-1,-1,31,0,
core_C67,27232,15675,0,90,1452,4539,6590628,0,92,-1,59,1,
core_C68,0,24053,1,0,6625,2112,13992000,0,-1,111,65,0,
core_C72,5899,26134,0,90,1386,4165,5772690,0,-1,6,52,0,
core_C74,0,4974,0,90,1452,4366,6339432,0,-1,12,88,0,
core_C75,28176,21984,1,270,1872,5703,10676016,0,35,28,120,1,
core_C77,19619,5676,0,180,4419,1452,6416388,0,39,44,57,1,
core_C78,0,2442,0,270,2475,2532,6266700,0,-1,85,75,0,
core_C79,11509,25146,0,90,1419,4419,6270561,0,97,-1,51,1,
core_C80,19920,24341,1,90,2112,6484,13694208,0,53,-1,115,1,
core_C81,6878,0,0,90,1452,4432,6435264,0,8,-1,119,1,
core_C82,28684,15675,0,90,1452,4464,6481728,0,30,-1,82,1,
core_C83,16184,5676,0,270,1782,3618,6447276,0,-1,-1,3,0,
core_C84,24313,10200,0,90,2508,2545,6382860,0,-1,59,123,0,
core_C85,24313,6174,0,0,4569,1485,6784965,0,-1,123,43,0,
core_C86,15048,10779,0,0,4538,1452,6589176,0,41,-1,9,1,
core_C87,12928,25146,0,90,1353,4160,5628480,0,113,19,89,1,
core_C88,0,16181,1,180,6456,2112,13635072,0,17,40,108,0,
core_C89,25567,1782,0,270,1452,4357,6326364,0,118,-1,43,1,
core_C90,15733,22314,0,180,2694,1782,4800708,0,-1,110,67,0,
core_C91,7285,22791,0,270,1452,4403,6393156,0,-1,102,76,0,
core_C92,7285,27194,0,270,2079,3156,6561324,0,-1,-1,101,0,
core_C93,4125,18745,0,90,1980,3064,6066720,0,54,-1,62,1,
core_C94,0,0,1,0,6424,2064,13259136,0,-1,60,-1,0,
core_C96,14164,0,1,180,6000,2304,13824000,0,-1,31,106,1,
core_C98,12100,0,1,270,2064,6426,13263264,0,105,-1,68,1,
core_C101,3932,1452,0,270,1419,4454,6320226,0,-1,-1,121,1,
core_C102,0,14117,1,0,6357,2064,13120848,0,-1,98,11,0,
core_C104,24048,20736,1,270,2064,6474,13362336,0,120,-1,53,1,
core_C107,15733,24096,0,90,2805,2806,7870830,0,46,-1,100,0,
core_C108,0,26165,1,180,6538,2112,13808256,0,-1,15,83,0,
core_C109,27151,22836,0,270,1584,4038,6396192,0,66,63,74,0,
core_C110,14281,25146,0,270,1452,4490,6519480,0,67,-1,97,1,
core_C111,0,17194,0,90,2046,3080,6301680,0,55,77,12,0,
core_C112,17952,24341,1,270,1968,6176,12154368,0,90,-1,42,1,
core_C113,22894,8580,0,90,1419,4359,6185421,0,43,-1,48,1,
core_C114,28471,1782,0,270,1452,4392,6377184,0,122,-1,118,1,
core_C116,27019,1782,0,90,1452,4361,6332172,0,117,-1,99,1,
core_C117,2480,0,0,180,4398,1452,6385896,0,91,121,75,1,
core_C118,26112,20736,1,90,2064,6319,13042416,0,86,-1,109,1,
core_C119,2480,1452,0,90,1452,4453,6465756,0,107,50,119,0,
core_C120,29923,1782,0,270,1419,4431,6287589,0,45,-1,117,1,
core_C121,24313,7659,0,90,2541,2541,6456681,0,47,94,95,0,
Wirelength: 1.17507e+08
layer(tree) info:
layer: 0 ,width: 40324 ,height: 41251 ,area: 1663405324 ,blocks_area: 1301562438, filling_rate: 0.782469, utilizatio_rate: 0.778472
layer: 1 ,width: 38088 ,height: 41285 ,area: 1572463080 ,blocks_area: 1313155536, filling_rate: 0.835095, utilizatio_rate: 0.785406
random seed: 4
alpha: 0
gamma: 1
best wirelength: 1.17507e+08
initial_num_perturbs: 3720
iter: 0
best_iter: 0
best_cost: 0.265149
reject_time: 0
accept_inferior_time: 0
update_best_time: 808
adjustLegalOutline_fail_times: 0
outline_adjust_time: 2.135
initial_wirelength: 6.50887e+08
initial_average_wirelength: 2.4548e+09
6.50887e+08,initial_iter: 3720
initial_time: 4.521
total time cost: 100.001
