name,x,y,layer,rotated_angle,width,height,area,exceed_outline_area,left,right,parent,is_from_left,
macro_C2791,11352,8448,1,180,11319,8580,97117020,0,-1,-1,3,0,
macro_C2792,11616,0,0,180,11319,8580,97117020,0,-1,-1,2,1,
macro_C2793,0,0,0,0,11616,8448,98131968,0,1,4,-1,0,
macro_C2794,11352,0,1,180,11616,8448,98131968,0,-1,0,5,1,
macro_C2795,0,8448,0,180,11352,8679,98524008,0,-1,-1,2,0,
macro_C2796,0,8277,1,180,11352,8679,98524008,0,3,-1,7,0,
core_C0,0,5919,1,270,8877,1133,10057641,0,-1,7,12,0,
core_C1,0,7052,1,270,8910,1225,10914750,0,11,5,6,0,
core_C4,0,2416,1,270,8877,1178,10457106,0,-1,13,9,0,
core_C7,0,1204,1,270,8910,1212,10798920,0,-1,8,10,0,
core_C9,0,0,1,90,8910,1204,10727640,0,-1,9,-1,0,
core_C11,8910,0,1,180,2121,4620,9799020,0,-1,-1,7,1,
core_C12,0,4746,1,90,8877,1173,10412721,0,-1,6,13,0,
core_C13,0,3594,1,270,8877,1152,10226304,0,-1,12,8,0,
Wirelength: 4.58076e+06
layer(tree) info:
layer: 0 ,width: 22935 ,height: 17127 ,area: 392807745, filling_rate: 0.74788
layer: 1 ,width: 22968 ,height: 17028 ,area: 391099104, filling_rate: 0.964377
random seed: 4
alpha: 0
gamma: 1
best wirelength: 4.58076e+06
initial_num_perturbs: 196
iter: 5880
best_iter: 4143
best_cost: 0.0411746
reject_time: 221374
accept_inferior_time: 176580
update_best_time: 37
adjustLegalOutline_fail_times: 8
initial_wirelength: 7.81238e+07
initial_average_wirelength: 1.11252e+08
6.31437e+07,initial_iter: 196
initial_time: 0.043
total time cost: 129.423
