name,x,y,layer,rotated_angle,width,height,area,exceed_outline_area,left,right,parent,is_from_left,
macro_C8466,34613,26321,0,270,5709,6369,36360621,0,-1,-1,64,1,
macro_C8467,19404,27654,0,180,6369,5709,36360621,0,-1,42,9,0,
macro_C16429,31872,8112,1,0,8112,10752,87220224,0,-1,-1,106,1,
macro_C16430,28710,9009,0,180,5676,7524,42706224,0,75,-1,18,1,
macro_C32011,7728,27001,1,90,6144,12288,75497472,0,-1,-1,114,0,
macro_C32012,34228,27555,1,90,6144,12288,75497472,0,-1,-1,117,1,
macro_C39784,11253,25873,0,90,7854,5445,42765030,0,-1,58,12,0,
macro_C39785,3069,26202,0,180,5445,7854,42765030,0,51,37,84,0,
macro_C55552,20856,33363,0,0,5412,7854,42505848,0,61,-1,42,1,
macro_C55553,19404,22242,0,270,7854,5412,42505848,0,96,1,33,0,
macro_C63404,16565,31728,1,90,11232,7728,86800896,0,117,-1,105,1,
macro_C63405,0,29174,1,0,7728,11232,86800896,0,-1,-1,13,0,
macro_C71293,11253,20461,0,270,7854,5412,42505848,0,-1,6,88,0,
macro_C71294,0,17942,1,0,7728,11232,86800896,0,68,11,79,0,
macro_C86866,11253,10354,0,0,6369,5709,36360621,0,121,107,28,0,
macro_C86867,29328,0,1,90,10752,8112,87220224,0,-1,106,16,1,
macro_C86868,17040,14832,1,180,12288,6144,75497472,0,15,20,50,0,
macro_C86869,5808,7161,0,180,5445,7854,42765030,0,112,104,63,1,
macro_C86870,20856,9966,0,90,7854,5412,42505848,0,3,-1,66,1,
macro_C94576,3069,35607,0,180,6369,5709,36360621,0,82,-1,37,0,
macro_C94577,17040,20976,1,0,8112,10752,87220224,0,45,-1,16,0,
macro_C94578,34568,32690,0,90,4290,8613,36949770,0,-1,-1,48,1,
macro_C94579,26268,35672,0,270,7854,5445,42765030,0,-1,-1,115,0,
macro_C94580,10890,35416,0,90,7854,5412,42505848,0,-1,-1,82,1,
macro_C102137,4356,0,0,180,6369,5709,36360621,0,-1,113,86,1,
macro_C102138,19404,4290,0,270,7524,5676,42706224,0,69,66,26,0,
macro_C102139,19404,0,0,180,8613,4290,36949770,0,-1,25,89,1,
macro_C102140,0,4454,1,270,11232,7776,87340032,0,-1,85,120,0,
macro_C102141,11253,4942,0,270,7854,5412,42505848,0,-1,14,97,0,
macro_C109812,34650,0,0,270,5709,6369,36360621,0,-1,32,30,1,
macro_C109813,28974,0,0,0,5676,7524,42706224,0,29,-1,69,1,
macro_C109814,17904,0,1,270,6144,12288,75497472,0,-1,-1,77,1,
macro_C109815,34650,6369,0,0,5445,7854,42765030,0,-1,-1,29,0,
macro_C109816,19404,16830,0,90,7854,5412,42505848,0,72,9,92,0,
core_C1,17393,0,0,90,1617,4139,6692763,0,-1,-1,110,1,
core_C3,0,0,0,90,1617,4073,6586041,0,109,102,-1,0,
core_C4,14928,9552,1,270,2112,6433,13586496,0,50,-1,52,0,
core_C5,3069,34056,0,0,4690,1551,7274190,0,-1,19,7,0,
core_C6,5808,24750,0,0,4491,1452,6520932,0,-1,-1,98,0,
core_C7,27720,26548,0,180,3152,2079,6553008,0,-1,91,41,0,
core_C11,0,11300,0,270,2079,3209,6671511,0,-1,-1,102,0,
core_C13,27720,22952,0,90,1782,3596,6408072,0,44,39,61,1,
core_C14,19404,33363,0,90,1452,4374,6351048,0,8,-1,1,0,
core_C15,28710,20460,0,180,3858,1254,4837932,0,-1,-1,87,0,
core_C16,29502,21714,0,90,1452,4462,6478824,0,99,-1,41,1,
core_C18,25152,24718,1,0,5836,2256,13166016,0,47,-1,20,1,
core_C19,36285,22932,0,270,1650,3389,5591850,0,-1,-1,94,1,
core_C22,30988,25299,1,0,5770,2256,13017120,0,-1,-1,45,1,
core_C23,30954,27146,0,0,3614,1782,6440148,0,21,-1,64,0,
core_C24,31392,18864,1,90,2064,6435,13281840,0,118,-1,116,1,
core_C26,17040,12288,1,0,5201,2544,13231344,0,-1,16,36,1,
core_C28,8514,26202,0,0,2503,2442,6112326,0,-1,-1,7,1,
core_C30,14928,4552,1,90,2496,5000,12480000,0,-1,36,77,0,
core_C31,1617,4421,0,90,1419,4297,6097443,0,-1,-1,109,0,
core_C32,9216,18577,1,270,2112,6360,13432320,0,57,-1,103,0,
core_C33,8380,20757,0,0,2473,2442,6039066,0,-1,-1,73,1,
core_C34,3069,14144,0,180,2642,2640,6974880,0,-1,60,70,0,
core_C35,11328,18577,1,0,5158,2544,13121952,0,-1,-1,54,1,
core_C36,11253,31318,0,90,1353,4098,5544594,0,62,-1,6,0,
core_C37,5808,16599,0,180,2611,1254,3274194,0,-1,74,104,0,
core_C38,3069,16784,0,0,2645,2607,6895515,0,-1,78,56,0,
core_C41,26268,27654,0,270,1452,4549,6605148,0,41,115,8,1,
core_C42,12606,31318,0,90,2541,2571,6532911,0,100,-1,58,1,
core_C43,4356,7161,0,270,1452,4457,6471564,0,17,-1,113,0,
core_C45,30954,25331,0,180,3659,1815,6641085,0,0,48,99,0,
core_C47,2928,0,1,0,6675,2160,14418000,0,-1,101,120,1,
core_C48,19404,9966,0,90,1452,4392,6377184,0,18,92,25,0,
core_C49,29328,13326,1,90,2544,5155,13114320,0,-1,116,106,0,
core_C50,7728,12230,1,270,1488,4728,7035264,0,103,114,13,1,
core_C51,26928,4290,0,90,2046,3083,6307818,0,30,95,25,1,
core_C54,3069,11618,0,270,2508,2526,6335208,0,-1,56,86,0,
core_C55,0,14294,1,0,5589,1824,10194336,0,-1,79,85,0,
core_C56,27258,16830,0,0,4035,1584,6391440,0,-1,-1,33,1,
core_C57,5808,20757,0,180,2572,2541,6535452,0,55,98,76,0,
core_C58,5808,17853,0,180,4483,1452,6509316,0,-1,76,59,0,
core_C59,34386,14223,0,90,1419,4269,6057711,0,-1,-1,3,1,
core_C60,5808,19305,0,180,4520,1452,6563040,0,-1,73,74,0,
core_C61,14928,0,1,270,2976,4552,13546752,0,31,52,111,1,
core_C62,3069,19391,0,270,1452,4402,6391704,0,-1,84,60,0,
core_C64,0,16118,1,0,5697,1824,10391328,0,-1,13,71,0,
core_C65,31846,16533,0,90,2508,2536,6360288,0,-1,-1,87,1,
core_C66,23868,15378,0,0,4492,1452,6522384,0,-1,-1,92,1,
core_C67,9438,28644,0,270,1452,4539,6590628,0,23,-1,19,1,
core_C68,11232,3736,1,270,3024,4627,13992048,0,-1,105,111,0,
core_C72,3069,23793,0,180,2430,2376,5773680,0,-1,7,78,0,
core_C74,0,12230,1,0,6394,2064,13197216,0,-1,71,27,0,
core_C75,3069,0,0,270,1287,3985,5128695,0,24,70,109,1,
core_C77,28710,18414,0,180,3136,2046,6416256,0,80,43,96,1,
core_C78,11253,18571,0,0,4417,1419,6267723,0,-1,12,107,0,
core_C79,16929,31318,0,90,2475,2534,6271650,0,26,-1,100,1,
core_C80,27951,30380,0,90,1452,4530,6577560,0,-1,-1,115,1,
core_C81,27720,28928,0,180,4432,1452,6435264,0,-1,-1,39,0,
core_C82,19404,15378,0,0,4464,1452,6481728,0,81,33,66,0,
core_C83,35574,18492,0,90,1452,4440,6446880,0,-1,-1,123,1,
core_C84,32703,23515,0,180,3582,1782,6383124,0,46,-1,122,0,
core_C85,26928,7524,0,0,4569,1485,6784965,0,-1,-1,69,0,
core_C86,27258,18414,0,90,1452,4538,6589176,0,87,-1,9,1,
core_C87,11253,3589,0,0,4160,1353,5628480,0,110,28,112,0,
core_C88,5808,23298,0,180,4512,1452,6551424,0,-1,38,73,0,
core_C89,30954,21714,0,270,1749,3617,6326133,0,122,64,44,1,
core_C90,15147,31318,0,90,1782,2694,4800708,0,89,-1,62,1,
core_C91,2928,2160,1,0,6448,2064,13308672,0,-1,-1,65,0,
core_C92,0,8718,0,270,2541,2582,6560862,0,-1,40,35,0,
core_C93,9216,12230,1,90,2016,6264,12628224,0,111,54,68,1,
core_C94,5808,15015,0,0,4021,1584,6369264,0,-1,59,17,0,
core_C96,11232,15985,1,0,5333,2592,13823136,0,10,-1,83,0,
core_C98,29328,8112,1,90,2544,5214,13264416,0,2,67,15,0,
core_C101,11253,16063,0,0,2520,2508,6320160,0,108,88,14,0,
core_C102,13773,16063,0,180,2513,2508,6302604,0,119,-1,107,1,
core_C104,1617,0,0,270,1452,4421,6419292,0,86,53,35,1,
core_C107,15413,0,0,270,1980,3975,7870500,0,34,-1,97,1,
core_C108,11232,0,1,90,3696,3736,13808256,0,77,83,103,1,
core_C109,11253,0,0,270,1782,3589,6395598,0,-1,97,17,1,
core_C110,4356,5709,0,180,4490,1452,6519480,0,-1,63,24,0,
core_C111,7728,24937,1,0,6355,2064,13116720,0,-1,4,68,0,
core_C112,26268,32203,0,90,1683,3469,5838327,0,90,22,61,0,
core_C113,29328,18481,1,90,2064,6237,12873168,0,49,-1,67,0,
core_C114,27797,27555,1,180,6431,2064,13273584,0,5,-1,10,1,
core_C116,33456,18864,1,90,2064,6384,13176576,0,-1,-1,49,1,
core_C117,16286,16063,0,270,1452,4398,6385896,0,-1,-1,108,1,
core_C118,0,0,1,90,2928,4454,13041312,0,65,27,-1,0,
core_C119,17622,10354,0,270,1584,4082,6465888,0,-1,-1,14,1,
core_C120,32703,19069,0,270,1419,4431,6287589,0,123,94,99,1,
core_C121,34122,19069,0,270,1452,4446,6455592,0,93,-1,122,1,
Wirelength: 1.55537e+08
layer(tree) info:
layer: 0 ,width: 40359 ,height: 41316 ,area: 1667472444 ,blocks_area: 1335139740, filling_rate: 0.800697, utilizatio_rate: 0.798555
layer: 1 ,width: 40372 ,height: 40406 ,area: 1631271032 ,blocks_area: 1244913696, filling_rate: 0.763156, utilizatio_rate: 0.74459
random seed: 30
alpha: 0
gamma: 1
best wirelength: 1.55537e+08
initial_num_perturbs: 15376
iter: 0
best_iter: 0
best_cost: 0.252291
reject_time: 0
accept_inferior_time: 0
update_best_time: 0
adjustLegalOutline_fail_times: 0
outline_adjust_time: 8.697
initial_wirelength: 6.49669e+08
initial_average_wirelength: 2.57508e+09
6.49669e+08,initial_iter: 15376
initial_time: 19.349
total time cost: 100.192
