name,x,y,layer,rotated_angle,width,height,area,exceed_outline_area,left,right,parent,is_from_left,
macro_C2790,11352,0,1,0,11319,8580,97117020,0,-1,-1,5,1,
macro_C2791,10692,8448,0,180,11319,8580,97117020,0,-1,-1,13,1,
macro_C2792,0,0,0,270,8448,11616,98131968,0,3,8,-1,0,
macro_C2793,8448,0,0,180,11616,8448,98131968,0,-1,13,2,1,
macro_C2794,10518,8679,1,180,11352,8679,98524008,0,-1,-1,7,1,
macro_C2795,0,0,1,180,11352,8679,98524008,0,0,10,-1,0,
core_C0,4644,8679,1,90,2574,3908,10059192,0,7,9,10,1,
core_C1,7218,8679,1,270,3300,3308,10916400,0,4,-1,6,1,
core_C4,0,11616,0,0,5660,1848,10459680,0,12,-1,2,0,
core_C7,4644,12587,1,180,5743,1881,10802583,0,-1,11,6,0,
core_C9,0,8679,1,180,4644,2310,10727640,0,6,-1,5,0,
core_C11,4644,14468,1,0,5500,1782,9801000,0,-1,-1,9,0,
core_C12,5660,13007,0,180,4574,2277,10414998,0,-1,-1,8,1,
core_C13,8448,8448,0,90,2244,4559,10230396,0,1,-1,3,0,
Wirelength: 2.00586e+07
layer(tree) info:
layer: 0 ,width: 22011 ,height: 17028 ,area: 374803308 ,blocks_area: 324486030, filling_rate: 0.86575, utilizatio_rate: 0.742531
layer: 1 ,width: 22671 ,height: 17358 ,area: 393523218 ,blocks_area: 346471851, filling_rate: 0.880436, utilizatio_rate: 0.792842
random seed: 15
alpha: 0
gamma: 1
best wirelength: 2.00586e+07
initial_num_perturbs: 420
iter: 0
best_iter: 0
best_cost: 0.524437
reject_time: 0
accept_inferior_time: 0
update_best_time: 0
adjustLegalOutline_fail_times: 0
outline_adjust_time: 0.006
initial_wirelength: 4.32689e+07
initial_average_wirelength: 8.25054e+07
4.32689e+07,initial_iter: 420
initial_time: 0.046
total time cost: 0.477
