name,x,y,layer,rotated_angle,width,height,area,exceed_outline_area,left,right,parent,is_from_left,
macro_C2790,0,175,1,270,33,142,4686,0,-1,5,2,0,
macro_C2791,0,516,1,270,33,308,10164,0,-1,-1,3,0,
macro_C2792,0,142,1,0,384,33,12672,0,-1,0,4,0,
macro_C2793,0,426,1,270,33,90,2970,0,-1,1,5,0,
macro_C2794,0,0,1,270,33,142,4686,0,-1,2,-1,0,
macro_C2795,0,317,1,270,33,109,3597,0,-1,3,0,0,
core_C0,0,7920,0,90,2211,4550,10060050,0,10,13,9,0,
core_C1,4041,2013,0,90,1881,5804,10917324,0,-1,-1,9,1,
core_C4,0,2013,0,270,3234,3234,10458756,0,-1,9,12,0,
core_C7,0,5247,0,0,4041,2673,10801593,0,7,6,8,0,
core_C9,2211,7920,0,270,1881,5704,10729224,0,11,-1,6,1,
core_C11,4092,7817,0,90,2211,4433,9801363,0,-1,-1,10,1,
core_C12,0,0,0,0,5174,2013,10415262,0,-1,8,-1,0,
core_C13,0,13624,0,270,3168,3229,10229472,0,-1,-1,6,0,
Wirelength: 1.16259e+20
layer(tree) info:
layer: 0 ,width: 6303 ,height: 16853 ,area: 106224459 ,blocks_area: 83413044, filling_rate: 0.785253, utilizatio_rate: 0.190877
layer: 1 ,width: 384 ,height: 824 ,area: 316416 ,blocks_area: 38775, filling_rate: 0.122544, utilizatio_rate: 8.873e-05
random seed: 11
alpha: 0
gamma: 1
best wirelength: 1.16259e+20
initial_num_perturbs: 420
iter: 0
best_iter: 0
best_cost: 0.557853
reject_time: 0
accept_inferior_time: 0
update_best_time: 0
adjustLegalOutline_fail_times: 0
outline_adjust_time: 0
initial_wirelength: 5.49117e+20
initial_average_wirelength: 5.14613e+20
3.054e+20,initial_iter: 420
initial_time: 0.038
total time cost: 0.61
