name,x,y,layer,rotated_angle,width,height,area,exceed_outline_area,left,right,parent,is_from_left,
core_C90,36069,19368,0,90,1254,3829,4801566,0,51,-1,84,0,
core_C67,28314,22148,0,90,2079,3170,6590430,0,-1,65,2,0,
core_C34,28314,20003,0,0,3252,2145,6975540,0,-1,1,43,0,
core_C16,17391,38427,0,90,2541,2549,6477009,0,102,-1,20,1,
core_C18,11232,7776,1,270,2928,4496,13164288,0,-1,30,115,1,
core_C22,0,7561,0,180,2526,2475,6251850,0,-1,23,62,0,
core_C56,32400,11232,1,90,2064,6446,13304544,0,-1,-1,91,1,
core_C110,37323,23809,0,90,1452,4490,6519480,0,-1,13,51,0,
core_C118,38742,0,0,90,1419,4416,6266304,0,-1,-1,51,1,
core_C60,2904,5445,0,90,1452,4520,6563040,0,-1,76,106,0,
core_C68,35772,0,0,90,1485,4527,6722595,0,-1,-1,85,1,
core_C35,35805,4527,0,90,1419,4442,6303198,0,72,-1,36,1,
core_C114,35706,34909,0,0,4392,1452,6377184,0,-1,40,68,0,
core_C48,37323,28299,0,270,1452,4392,6377184,0,81,-1,7,0,
core_C4,2064,24336,1,270,2592,5242,13587264,0,113,92,18,1,
core_C98,0,26792,0,90,1452,4388,6371376,0,83,-1,16,0,
core_C107,0,21924,0,90,1617,4868,7871556,0,-1,15,19,0,
core_C6,14652,36612,0,90,1452,4491,6520932,0,55,-1,69,1,
core_C78,0,24336,1,90,2064,6321,13046544,0,14,-1,25,0,
core_C33,0,19482,0,0,2473,2442,6039066,0,-1,16,42,0,
core_C50,16104,38427,0,90,1287,2626,3379662,0,3,-1,55,0,
core_C119,11253,36612,0,90,1782,3628,6465096,0,69,-1,98,0,
core_C65,0,18480,1,0,4522,2928,13240416,0,-1,25,115,0,
core_C84,0,10036,0,90,1452,4397,6384444,0,-1,58,5,0,
core_C92,21417,34115,0,0,4519,1452,6561588,0,-1,-1,27,0,
core_C26,0,21408,1,0,4519,2928,13231632,0,-1,18,22,0,
core_C42,15627,25062,0,0,4125,1584,6534000,0,-1,-1,29,1,
core_C108,21417,29648,0,90,1485,4467,6633495,0,-1,24,35,0,
core_C93,14352,27776,1,180,5719,2208,12627552,0,-1,111,92,1,
core_C14,11253,25062,0,0,4374,1452,6351048,0,26,95,93,0,
core_C91,11232,12272,1,0,6448,2064,13308672,0,-1,-1,4,0,
core_C55,2904,26565,0,270,1254,3905,4896870,0,52,-1,32,0,
core_C88,2904,22053,0,270,1452,4512,6551424,0,-1,31,37,0,
core_C66,5577,33825,0,180,4492,1452,6522384,0,-1,-1,77,0,
core_C5,12384,25568,1,180,6857,2208,15140256,0,-1,-1,112,0,
core_C28,21417,25707,0,90,1551,3941,6112491,0,75,27,74,1,
core_C62,34023,6122,0,270,1782,3586,6390252,0,11,-1,48,1,
core_C75,2904,18816,0,90,1584,3237,5127408,0,-1,32,61,0,
core_C80,34617,17840,0,90,1452,4530,6577560,0,84,-1,78,1,
core_C54,25410,10539,0,90,1452,4363,6335076,0,-1,41,60,0,
core_C117,35706,36361,0,270,1452,4398,6385896,0,-1,-1,12,0,
core_C112,25410,16685,0,180,2424,2409,5839416,0,-1,64,39,0,
core_C1,0,16908,0,0,2600,2574,6692400,0,-1,19,58,0,
core_C104,28314,16401,0,90,1782,3602,6418764,0,-1,2,47,0,
core_C96,31680,17840,0,90,1485,4473,6642405,0,78,117,54,0,
core_C51,26862,7821,0,90,1419,4445,6307455,0,-1,87,122,0,
core_C32,25410,20909,0,180,2573,2508,6453084,0,-1,-1,64,0,
core_C116,28314,14355,0,180,3095,2046,6332370,0,-1,43,80,0,
core_C24,32571,6119,0,90,1452,4395,6381540,0,36,-1,57,0,
core_C61,30228,7821,0,90,1452,4482,6507864,0,-1,-1,67,1,
core_C109,32571,0,0,0,3126,2046,6395796,0,-1,57,122,1,
core_C111,37323,19368,0,90,1419,4441,6301779,0,8,7,0,1,
core_C102,4158,26565,0,90,1419,4442,6303198,0,82,-1,31,1,
core_C89,20112,23672,1,270,2064,6379,13166256,0,110,-1,63,0,
core_C7,31680,16223,0,0,4053,1617,6553701,0,-1,44,118,0,
core_C85,16104,36612,0,0,3738,1815,6784470,0,-1,20,17,1,
core_C36,27456,38905,0,180,4098,1353,5544594,0,71,-1,96,1,
core_C3,32571,2046,0,90,1617,4073,6586041,0,85,48,50,0,
core_C79,0,14433,0,180,2534,2475,6271650,0,-1,42,23,0,
core_C47,5577,14751,0,180,4563,1518,6926634,0,-1,90,82,0,
core_C41,25410,5990,0,90,1452,4549,6605148,0,-1,39,88,0,
core_C94,2904,14429,0,270,1452,4387,6369924,0,108,37,76,0,
core_C101,0,4472,0,90,2046,3089,6320094,0,-1,5,89,0,
core_C31,20112,17376,1,90,2016,6296,12692736,0,-1,53,91,0,
core_C64,25410,19094,0,180,2750,1815,4991250,0,-1,46,41,0,
core_C30,28314,25318,0,90,1980,3028,5995440,0,70,-1,1,0,
core_C37,16698,17853,0,90,1122,2919,3275118,0,-1,-1,94,0,
core_C87,28314,7821,0,270,1914,2940,5627160,0,49,80,87,1,
core_C15,35706,31051,0,270,1254,3858,4837932,0,-1,12,116,1,
core_C11,13035,36612,0,90,1617,4126,6671742,0,17,-1,21,1,
core_C72,30294,25318,0,90,1386,4165,5772690,0,118,116,65,1,
core_C19,31554,38905,0,0,2921,1914,5590794,0,-1,-1,56,1,
core_C113,37224,4527,0,270,1419,4359,6185421,0,-1,-1,11,1,
core_C58,11253,19206,0,0,4483,1452,6509316,0,-1,93,103,0,
core_C38,19932,25707,0,90,1485,4643,6894855,0,35,96,102,0,
core_C59,22968,25707,0,270,2442,2480,6056160,0,79,123,35,1,
core_C82,2904,9965,0,270,1452,4464,6481728,0,-1,61,9,0,
core_C49,5577,32406,0,0,4440,1419,6300360,0,-1,33,101,0,
core_C83,33165,17840,0,270,1452,4440,6446880,0,38,-1,44,1,
core_C43,25410,0,0,0,4457,1452,6471564,0,-1,88,75,1,
core_C120,28314,10761,0,90,1749,3594,6285906,0,-1,47,67,0,
core_C74,38775,4416,0,90,1452,4366,6339432,0,-1,-1,13,1,
core_C23,5577,13299,0,0,4436,1452,6441072,0,-1,59,52,1,
core_C57,1452,26792,0,90,1452,4501,6535452,0,106,-1,15,1,
core_C81,36069,16223,0,270,2046,3145,6434670,0,-1,0,38,1,
core_C121,34188,2046,0,90,1584,4076,6456384,0,10,-1,57,1,
core_C13,29904,17678,1,90,3648,3655,13333440,0,-1,-1,110,1,
core_C77,26862,12266,0,90,1452,4419,6416388,0,67,-1,45,0,
core_C86,25410,1452,0,90,1452,4538,6589176,0,122,60,79,0,
core_C45,0,0,0,90,1485,4472,6640920,0,-1,62,-1,0,
macro_C124176,5577,16269,0,90,4290,8613,36949770,0,-1,101,59,0,
macro_C124187,20112,11232,1,0,12288,6144,75497472,0,6,63,119,0,
macro_C124192,2064,29712,1,0,12288,6144,75497472,0,28,-1,14,0,
macro_C124197,11253,20772,0,0,8613,4290,36949770,0,-1,29,73,0,
macro_C124175,16698,13563,0,0,8613,4290,36949770,0,-1,66,103,1,
macro_C124202,11253,26646,0,0,8613,4290,36949770,0,-1,98,29,0,
macro_C124174,19932,35567,0,270,7524,5676,42706224,0,56,-1,74,0,
macro_C124201,0,0,1,0,8112,10752,87220224,0,107,115,-1,0,
macro_C124196,11253,30936,0,90,7524,5676,42706224,0,-1,21,95,0,
macro_C124186,11253,5676,0,90,7524,5676,42706224,0,105,103,100,0,
macro_C124173,11253,0,0,90,7524,5676,42706224,0,-1,99,101,1,
macro_C124191,5577,24882,0,0,5676,7524,42706224,0,100,77,90,0,
macro_C124198,19932,17853,0,0,5445,7854,42765030,0,-1,74,3,1,
macro_C124188,11253,11352,0,0,5445,7854,42765030,0,94,73,99,0,
macro_C124203,29904,29493,1,0,7776,11232,87340032,0,-1,-1,120,0,
macro_C124178,18777,0,0,0,5445,7854,42765030,0,-1,121,99,1,
macro_C124193,2904,0,0,90,7854,5445,42765030,0,-1,9,83,1,
macro_C124177,8112,0,1,90,11232,7776,87340032,0,-1,-1,97,1,
macro_C124189,4356,5445,0,0,5412,7854,42505848,0,-1,-1,61,1,
macro_C124179,22176,28608,1,0,7728,11232,86800896,0,120,-1,110,0,
macro_C124180,22176,17376,1,0,7728,11232,86800896,0,86,109,53,1,
macro_C124181,14352,30051,1,0,7728,11232,86800896,0,-1,-1,28,0,
macro_C124182,12384,14336,1,0,7728,11232,86800896,0,119,34,113,1,
macro_C124183,4656,18480,1,0,7728,11232,86800896,0,112,-1,14,1,
macro_C124184,28272,0,1,180,7728,11232,86800896,0,-1,-1,119,1,
macro_C124194,0,10752,1,90,11232,7728,86800896,0,4,22,97,0,
macro_C124199,30294,31051,0,0,5412,7854,42505848,0,68,-1,70,0,
macro_C124204,31680,23197,0,0,5412,7854,42505848,0,-1,-1,44,0,
macro_C124185,31680,10514,0,0,6369,5709,36360621,0,-1,54,70,1,
macro_C124190,20112,0,1,90,8160,9072,74027520,0,114,91,112,1,
macro_C124195,29904,21333,1,0,9072,8160,74027520,0,-1,104,109,1,
macro_C124200,18777,7854,0,180,6369,5709,36360621,0,-1,-1,105,0,
macro_C124172,26862,1452,0,90,5709,6369,36360621,0,50,45,88,1,
macro_C124171,22968,28346,0,180,6369,5709,36360621,0,-1,-1,75,0,
Wirelength: 1.737e+08
layer(tree) info:
layer: 0 ,width: 40227 ,height: 41243 ,area: 1659082161 ,blocks_area: 1292373489, filling_rate: 0.778969, utilizatio_rate: 0.772976
layer: 1 ,width: 38976 ,height: 41283 ,area: 1609046208 ,blocks_area: 1328400144, filling_rate: 0.825582, utilizatio_rate: 0.794524
random seed: 20
alpha: 0
gamma: 1
best wirelength: 1.737e+08
initial_num_perturbs: 3720
iter: 0
best_iter: 0
best_cost: 0.30373
reject_time: 0
accept_inferior_time: 0
update_best_time: 0
adjustLegalOutline_fail_times: 0
outline_adjust_time: 0.957
initial_wirelength: 6.09238e+08
initial_average_wirelength: 2.00585e+09
6.09238e+08,initial_iter: 3720
initial_time: 3.139
total time cost: 50.206
