name,x,y,layer,rotated_angle,width,height,area,exceed_outline_area,left,right,parent,is_from_left,
macro_C124171,23448,10857,0,90,5709,6369,36360621,0,-1,-1,18,1,
macro_C124172,18036,33990,0,90,5709,6369,36360621,0,17,-1,60,0,
macro_C124173,34635,23232,0,0,5676,7524,42706224,0,-1,-1,6,1,
macro_C124174,33480,15708,0,0,5676,7524,42706224,0,-1,-1,16,1,
macro_C124175,16416,6144,1,0,12288,6144,75497472,0,66,97,63,1,
macro_C124176,30660,35724,0,0,8613,4290,36949770,0,-1,-1,59,1,
macro_C124177,29190,27870,0,180,5445,7854,42765030,0,2,-1,100,0,
macro_C124178,18480,19536,1,90,11232,7776,87340032,0,-1,44,64,0,
macro_C124179,4589,15675,0,0,5412,7854,42505848,0,-1,-1,81,1,
macro_C124180,12624,15675,0,0,5412,7854,42505848,0,-1,88,24,0,
macro_C124181,1968,17393,1,0,7728,11232,86800896,0,-1,40,52,0,
macro_C124182,1452,23529,0,0,5412,7854,42505848,0,108,36,81,0,
macro_C124183,12624,32802,0,0,5412,7854,42505848,0,18,-1,28,0,
macro_C124184,4704,32835,0,0,5412,7854,42505848,0,20,-1,56,1,
macro_C124185,1452,9966,0,180,6369,5709,36360621,0,-1,106,21,0,
macro_C124186,1452,0,0,270,7524,5676,42706224,0,-1,21,85,1,
macro_C124187,29190,15708,0,90,4290,8613,36949770,0,3,100,27,1,
macro_C124188,23745,17226,0,0,5445,7854,42765030,0,23,62,1,1,
macro_C124189,18036,15675,0,0,5412,7854,42505848,0,0,25,12,1,
macro_C124190,1968,6305,1,90,8160,9072,74027520,0,-1,52,37,0,
macro_C124191,10116,0,0,90,7524,5676,42706224,0,-1,26,13,1,
macro_C124192,1452,5676,0,0,8613,4290,36949770,0,-1,14,15,0,
macro_C124193,26847,0,0,0,5445,7854,42765030,0,29,-1,32,1,
macro_C124194,29190,7854,0,0,5412,7854,42505848,0,30,-1,17,1,
macro_C124195,12624,9966,0,0,6369,5709,36360621,0,32,9,107,1,
macro_C124196,18036,23529,0,180,5676,7524,42706224,0,-1,121,18,0,
macro_C124197,10116,5676,0,0,8613,4290,36949770,0,33,50,20,0,
macro_C124198,23745,26532,0,0,5445,7854,42765030,0,16,76,62,0,
macro_C124199,12624,24948,0,0,5412,7854,42505848,0,-1,12,88,0,
macro_C124200,32292,0,0,270,5709,6369,36360621,0,-1,-1,22,1,
macro_C124201,34602,6369,0,0,5676,7524,42706224,0,-1,-1,23,1,
macro_C124202,14304,0,1,0,12288,6144,75497472,0,110,83,91,1,
macro_C124203,18993,5412,0,90,7854,5445,42765030,0,22,-1,24,1,
macro_C124204,18729,0,0,90,7854,5412,42505848,0,-1,-1,26,1,
core_C1,29760,13867,1,180,5923,2352,13930896,0,-1,93,48,0,
core_C3,8112,36989,1,180,6491,2112,13708992,0,102,-1,75,0,
core_C4,1452,31383,0,0,4495,1452,6526740,0,-1,56,11,0,
core_C5,1968,3713,1,0,6857,2208,15140256,0,61,19,115,1,
core_C6,21070,38448,1,180,6427,2112,13573824,0,-1,-1,102,1,
core_C7,38208,21846,1,270,2112,6458,13639296,0,-1,-1,80,1,
core_C11,1968,28625,1,0,6576,2112,13888512,0,-1,104,10,0,
core_C13,16416,18241,1,90,2064,6460,13333440,0,113,-1,97,0,
core_C14,10128,6305,1,270,2256,5860,13220160,0,-1,112,75,1,
core_C15,35952,21846,1,270,2208,4560,10068480,0,-1,80,49,0,
core_C16,18480,27312,1,0,6386,2112,13487232,0,-1,73,7,0,
core_C18,33888,24862,1,90,2064,6378,13164192,0,117,-1,122,0,
core_C19,22800,29424,1,90,2400,4848,11635200,0,103,98,84,1,
core_C22,27216,27312,1,270,2544,5117,13017648,0,48,-1,103,1,
core_C23,29760,8050,1,270,2304,5817,13402368,0,95,34,47,1,
core_C24,35952,18246,1,180,3689,3600,13280400,0,-1,43,117,0,
core_C26,10116,9966,0,90,1452,4378,6356856,0,-1,72,26,0,
core_C28,6096,30737,1,90,2016,6311,12722976,0,75,-1,70,1,
core_C30,1968,15377,1,180,6190,2016,12479040,0,-1,10,19,0,
core_C31,14016,30849,1,90,2496,5085,12692160,0,-1,-1,71,1,
core_C32,29760,32287,1,90,2112,6360,13432320,0,55,-1,87,0,
core_C33,31872,32056,1,270,2016,6237,12573792,0,-1,-1,54,1,
core_C34,1452,32835,0,0,3252,2145,6975540,0,13,-1,36,0,
core_C35,1452,17721,0,90,1749,3604,6303396,0,-1,81,106,0,
core_C36,28284,35724,0,270,1353,4098,5544594,0,59,-1,82,1,
core_C37,29637,35724,0,90,1023,3201,3274623,0,5,-1,58,1,
core_C38,18036,32505,0,180,4643,1485,6894855,0,-1,1,121,0,
core_C41,8825,3713,1,0,5304,2592,13747968,0,-1,-1,37,1,
core_C42,23745,25080,0,180,4500,1452,6534000,0,-1,27,17,0,
core_C43,14304,19217,1,90,2112,6378,13470336,0,4,-1,101,0,
core_C45,18480,14880,1,270,3024,4569,13816656,0,-1,7,113,0,
core_C47,0,0,1,180,6008,2400,14419200,0,77,115,-1,0,
core_C48,28704,2832,1,90,2544,5218,13274592,0,92,-1,4,1,
core_C49,10128,20379,1,90,2064,6353,13112592,0,91,109,111,0,
core_C50,18480,33072,1,90,1872,3758,7034976,0,84,-1,73,0,
core_C51,34224,6665,1,90,2256,5820,13129920,0,-1,-1,95,1,
core_C54,4032,30737,1,90,2064,6389,13186896,0,51,-1,104,1,
core_C55,12192,30849,1,90,1824,5589,10194336,0,53,-1,120,0,
core_C56,10116,14344,0,270,1452,4402,6391704,0,-1,105,50,0,
core_C57,18480,29424,1,0,3728,3648,13599744,0,-1,68,44,0,
core_C58,32378,0,1,90,2976,4553,13549728,0,-1,-1,110,1,
core_C59,8112,30737,1,90,2016,6252,12604032,0,42,35,51,1,
core_C60,23745,34386,0,0,4520,1452,6563040,0,-1,89,27,0,
core_C61,6008,0,1,270,3648,3713,13545024,0,90,-1,65,1,
core_C62,22800,36384,1,180,6446,2064,13304544,0,-1,-1,98,0,
core_C64,0,34980,0,0,3879,1287,4992273,0,-1,114,85,0,
core_C65,35952,26406,1,90,2256,5870,13242720,0,39,-1,43,0,
core_C66,1452,21325,0,180,3137,2079,6521823,0,8,11,57,0,
core_C67,23745,37257,0,180,4539,1452,6590628,0,58,-1,89,0,
core_C68,14304,6144,1,90,2112,6625,13992000,0,-1,101,31,0,
core_C72,20352,33072,1,270,2448,4909,12017232,0,46,-1,68,1,
core_C74,0,0,0,270,1452,4366,6339432,0,15,79,-1,0,
core_C75,12192,26721,1,180,5703,1872,10676016,0,-1,120,91,0,
core_C77,29760,25819,1,90,2064,6468,13349952,0,116,54,96,0,
core_C78,12624,23529,0,180,4417,1419,6267723,0,-1,28,9,0,
core_C79,23745,35838,0,0,4419,1419,6270561,0,-1,82,76,0,
core_C80,9656,0,1,180,4601,2976,13692576,0,-1,-1,77,1,
core_C81,12192,20379,1,90,2112,6342,13394304,0,31,86,67,1,
core_C82,31248,4553,1,180,6389,2112,13493568,0,-1,-1,66,1,
core_C83,29760,16219,1,180,5822,2304,13413888,0,-1,118,34,0,
core_C84,23715,12288,1,90,2064,6438,13288032,0,123,-1,113,1,
core_C85,32064,6665,1,270,2160,6538,14122080,0,69,-1,48,1,
core_C86,29760,22123,1,180,3709,3696,13708464,0,-1,87,118,0,
core_C87,16416,12288,1,90,1968,5953,11715504,0,-1,41,4,0,
core_C88,22800,34272,1,180,6456,2112,13635072,0,-1,78,46,0,
core_C89,25779,15936,1,0,3657,3600,13165200,0,-1,-1,123,0,
core_C90,29190,24321,0,270,1353,3549,4801797,0,-1,6,16,0,
core_C91,14304,12769,1,90,2064,6448,13308672,0,-1,63,83,0,
core_C92,14603,37981,1,0,6467,2112,13658304,0,38,-1,35,1,
core_C93,25200,27312,1,90,2016,6264,12628224,0,47,-1,46,1,
core_C94,1968,30737,1,90,2064,6424,13259136,0,70,-1,40,0,
core_C96,10116,18746,0,270,1485,4473,6642405,0,-1,119,72,0,
core_C98,1452,15675,0,180,3114,2046,6371244,0,-1,57,14,0,
core_C101,10116,25765,0,270,2508,2520,6320160,0,24,-1,119,0,
core_C102,6864,23529,0,180,3081,2046,6303726,0,-1,-1,11,1,
core_C104,10128,26732,1,90,2064,6474,13362336,0,-1,-1,67,0,
core_C107,26592,0,1,0,5786,2832,16385952,0,74,-1,31,1,
core_C108,10128,15813,1,90,3024,4566,13807584,0,-1,67,112,0,
core_C109,10128,12165,1,180,3649,3648,13311552,0,-1,111,42,0,
core_C110,18480,12288,1,0,5235,2592,13569120,0,94,64,41,1,
core_C111,0,36267,0,180,4441,1419,6301779,0,-1,-1,79,0,
core_C112,0,2400,1,90,1968,6176,12154368,0,37,-1,65,0,
core_C113,31824,25819,1,90,2064,6237,12873168,0,122,-1,87,1,
core_C114,35952,12485,1,90,2304,5761,13273344,0,-1,49,45,1,
core_C116,29760,18523,1,180,3660,3600,13176000,0,-1,96,93,0,
core_C117,10116,23219,0,90,2508,2546,6385368,0,-1,107,105,0,
core_C118,12192,28593,1,0,5781,2256,13041936,0,-1,71,86,0,
core_C119,18036,31053,0,0,4453,1452,6465756,0,-1,60,25,0,
core_C120,33888,18523,1,90,2064,6339,13083696,0,-1,45,116,1,
core_C121,25779,12288,1,0,3683,3648,13435584,0,-1,99,94,1,
Wirelength: 1.10617e+08
layer(tree) info:
layer: 0 ,width: 40311 ,height: 40689 ,area: 1640214279 ,blocks_area: 1330157334, filling_rate: 0.810966, utilizatio_rate: 0.795575
layer: 1 ,width: 40320 ,height: 40560 ,area: 1635379200 ,blocks_area: 1264780704, filling_rate: 0.773387, utilizatio_rate: 0.756473
random seed: 1
alpha: 0
gamma: 1
best wirelength: 1.10617e+08
initial_num_perturbs: 3720
iter: 0
best_iter: 0
best_cost: 0.324996
reject_time: 0
accept_inferior_time: 0
update_best_time: 766
adjustLegalOutline_fail_times: 0
outline_adjust_time: 1.658
initial_wirelength: 6.66188e+08
initial_average_wirelength: 2.04984e+09
6.66188e+08,initial_iter: 3720
initial_time: 3.197
total time cost: 100.002
