name,x,y,layer,rotated_angle,width,height,area,exceed_outline_area,left,right,parent,is_from_left,
macro_C8466,2607,13044,0,0,6369,5709,36360621,0,68,83,105,0,
macro_C8467,11852,8112,1,0,9072,8160,74027520,0,-1,94,15,0,
macro_C16429,16929,27795,0,0,5676,7524,42706224,0,-1,7,58,0,
macro_C16430,2607,27772,0,180,5676,7524,42706224,0,73,6,5,0,
macro_C32011,12639,30393,0,270,4290,8613,36949770,0,63,-1,103,1,
macro_C32012,2607,23482,0,0,8613,4290,36949770,0,-1,3,34,0,
macro_C39784,2607,35296,0,270,7854,5445,42765030,0,-1,-1,3,0,
macro_C39785,16929,35319,0,90,7854,5445,42765030,0,-1,-1,2,0,
macro_C55552,34947,0,0,180,5412,7854,42505848,0,-1,-1,33,1,
macro_C55553,22604,6144,1,0,7728,11232,86800896,0,30,29,31,0,
macro_C63404,0,0,1,0,7728,11232,86800896,0,-1,67,-1,0,
macro_C63405,1419,1452,0,90,7854,5412,42505848,0,-1,-1,114,1,
macro_C71293,24123,0,0,0,5412,7854,42505848,0,33,95,21,1,
macro_C71294,17589,0,0,180,5412,7854,42505848,0,-1,65,17,1,
macro_C86866,11220,5445,0,0,6369,5709,36360621,0,-1,77,40,1,
macro_C86867,11852,0,1,90,10752,8112,87220224,0,31,1,70,1,
macro_C86868,11220,15708,0,90,4290,8613,36949770,0,89,82,101,0,
macro_C86869,9735,0,0,270,7854,5445,42765030,0,13,40,56,1,
macro_C86870,15702,12417,0,270,7854,5412,42505848,0,-1,97,77,1,
macro_C94576,25740,29277,0,180,6369,5709,36360621,0,28,22,61,0,
macro_C94577,27884,27648,1,0,8112,10752,87220224,0,-1,-1,23,1,
macro_C94578,19833,19182,0,90,4290,8613,36949770,0,12,-1,113,1,
macro_C94579,25740,34986,0,90,7854,5445,42765030,0,24,-1,19,0,
macro_C94580,20156,25536,1,0,7728,11232,86800896,0,20,-1,119,1,
macro_C102137,33594,30030,0,180,6369,5709,36360621,0,-1,-1,22,1,
macro_C102138,31676,16896,1,180,8112,10752,87220224,0,-1,-1,29,1,
macro_C102139,35046,13299,0,270,4290,8613,36949770,0,-1,-1,27,1,
macro_C102140,27192,13299,0,90,7854,5445,42765030,0,26,109,69,0,
macro_C102141,32109,24618,0,90,7854,5412,42505848,0,-1,-1,19,1,
macro_C109812,22604,17376,1,180,9072,8160,74027520,0,25,-1,9,0,
macro_C109813,30332,6144,1,0,8112,10752,87220224,0,-1,-1,9,1,
macro_C109814,22604,0,1,180,12288,6144,75497472,0,-1,9,15,1,
macro_C109815,28611,7854,0,90,7854,5445,42765030,0,-1,-1,69,1,
macro_C109816,29535,0,0,180,5412,7854,42505848,0,8,-1,12,1,
core_C1,2607,21657,0,180,4507,1485,6692895,0,-1,5,57,0,
core_C3,31613,18744,0,90,2079,3168,6586272,0,-1,-1,109,1,
core_C4,0,0,0,0,4495,1452,6526740,0,-1,114,-1,0,
core_C5,27192,21780,0,270,2178,3339,7272342,0,-1,90,42,0,
core_C6,6307,33817,1,0,6427,2112,13573824,0,84,-1,47,1,
core_C7,5205,11232,1,180,4583,2976,13639008,0,70,91,80,1,
core_C11,9735,5445,0,90,1485,4493,6672105,0,14,-1,17,0,
core_C13,13916,16272,1,90,2064,6460,13333440,0,64,-1,94,1,
core_C14,27192,20196,0,180,4010,1584,6351840,0,-1,37,109,0,
core_C15,6468,23546,1,180,3178,3168,10067904,0,102,45,87,1,
core_C16,0,21792,1,180,5203,2592,13486176,0,-1,87,116,0,
core_C18,6468,26714,1,270,2064,6378,13164192,0,-1,-1,43,0,
core_C19,0,26448,1,180,5912,1968,11634816,0,-1,49,87,0,
core_C22,0,30480,1,0,6307,2064,13017648,0,38,-1,49,0,
core_C23,11852,22732,1,270,2976,4503,13400928,0,117,-1,99,1,
core_C24,0,28416,1,0,6435,2064,13281840,0,-1,47,46,0,
core_C26,0,6864,0,270,1452,4378,6356856,0,-1,108,114,0,
core_C28,16113,29246,1,90,2016,6311,12722976,0,-1,-1,102,1,
core_C30,11220,12606,0,180,3949,1518,5994582,0,-1,101,77,0,
core_C31,34197,21912,0,270,2442,2497,6097674,0,-1,-1,120,1,
core_C32,8976,19038,0,90,1452,4444,6452688,0,-1,-1,60,0,
core_C33,11220,27357,0,180,4257,1419,6040683,0,76,98,62,0,
core_C34,8217,6864,0,90,1518,4596,6976728,0,17,-1,122,1,
core_C35,2607,20238,0,180,4442,1419,6303198,0,-1,34,83,0,
core_C36,16929,23639,0,90,1353,4098,5544594,0,100,2,63,0,
core_C37,0,18799,0,270,1023,3201,3274623,0,107,-1,121,0,
core_C38,8976,14859,0,90,1650,4179,6895350,0,-1,54,68,0,
core_C41,25740,27660,0,0,4084,1617,6603828,0,86,19,115,0,
core_C42,11220,25773,0,180,4125,1584,6534000,0,-1,55,82,0,
core_C43,16929,19182,0,90,1452,4457,6471564,0,113,58,4,1,
core_C45,15980,16272,1,270,2112,6543,13818816,0,119,-1,41,1,
core_C47,17589,7854,0,90,1518,4563,6926634,0,92,-1,13,0,
core_C48,25740,14166,0,90,1452,4392,6377184,0,69,112,110,1,
core_C49,0,11232,1,180,5155,2544,13114320,0,-1,80,10,0,
core_C50,8976,13044,0,0,1862,1815,3379530,0,-1,60,0,1,
core_C51,27192,7854,0,90,1419,4445,6307455,0,32,27,66,1,
core_C54,9788,0,1,90,2064,6389,13186896,0,15,104,39,1,
core_C55,9788,12813,1,270,1824,5589,10194336,0,-1,99,104,0,
core_C56,6714,11460,0,180,4035,1584,6391440,0,-1,-1,105,1,
core_C57,8283,27772,0,90,1782,3667,6534594,0,-1,-1,3,1,
core_C58,24123,14166,0,270,1584,4110,6510240,0,-1,110,111,0,
core_C59,16892,22815,1,90,2016,6252,12604032,0,-1,-1,117,1,
core_C60,15477,25773,0,90,1452,4520,6563040,0,-1,-1,55,1,
core_C61,11220,11154,0,180,4482,1452,6507864,0,18,52,14,0,
core_C62,11852,27235,1,270,2976,4470,13302720,0,-1,-1,118,1,
core_C64,2607,6864,0,270,1287,3879,4992273,0,81,105,107,1,
core_C65,0,13776,1,180,5205,2544,13241520,0,39,96,67,0,
core_C66,3894,6864,0,270,1452,4492,6522384,0,106,-1,79,1,
core_C67,11220,24321,0,180,4539,1452,6590628,0,-1,62,16,0,
core_C68,2607,18753,0,180,4527,1485,6722595,0,88,57,0,0,
core_C72,12734,33817,1,90,2784,4317,12018528,0,-1,-1,38,1,
core_C74,0,13750,0,180,2528,2508,6340224,0,-1,121,108,0,
core_C75,29824,23331,0,0,3985,1287,5128695,0,-1,-1,61,1,
core_C77,0,24384,1,180,6468,2064,13349952,0,43,46,44,0,
core_C78,7134,18753,0,270,1419,4417,6267723,0,-1,-1,83,1,
core_C79,15510,19182,0,90,1419,4419,6270561,0,-1,-1,16,1,
core_C80,27192,25119,0,180,2589,2541,6578649,0,120,-1,37,0,
core_C81,5205,14208,1,90,2112,6342,13394304,0,123,93,39,0,
core_C82,19107,7854,0,180,4464,1452,6481728,0,-1,-1,65,1,
core_C83,5205,20570,1,180,4507,2976,13412832,0,-1,-1,91,0,
core_C84,11852,16272,1,90,2064,6438,13288032,0,41,-1,1,0,
core_C85,24123,7854,0,270,1815,3738,6784470,0,-1,111,12,0,
core_C86,0,16320,1,180,4606,2976,13707456,0,-1,116,80,0,
core_C87,15702,17829,0,0,4160,1353,5628480,0,-1,-1,18,0,
core_C88,11220,28776,0,180,4052,1617,6552084,0,-1,103,55,0,
core_C89,9788,18402,1,90,2064,6379,13166256,0,48,118,71,0,
core_C90,18282,23672,0,90,1353,3549,4801797,0,-1,-1,58,1,
core_C91,11220,14124,0,0,4036,1584,6393024,0,-1,16,52,0,
core_C92,9646,31705,1,180,6467,2112,13658304,0,51,-1,43,1,
core_C93,11220,30393,0,270,1419,4275,6066225,0,4,-1,98,0,
core_C94,9788,6389,1,270,2064,6424,13259136,0,-1,71,70,0,
core_C96,2607,11356,0,0,4107,1617,6641019,0,72,0,79,0,
core_C98,5346,6864,0,90,1452,4388,6371376,0,122,-1,81,1,
core_C101,1023,18799,0,270,1584,3990,6320160,0,79,-1,59,1,
core_C102,0,11242,0,0,2513,2508,6302604,0,-1,85,50,0,
core_C104,27192,18744,0,180,4421,1452,6419292,0,35,42,27,0,
core_C107,24123,18276,0,90,1617,4868,7871556,0,66,-1,74,0,
core_C108,24123,11592,0,0,2577,2574,6633198,0,-1,74,95,0,
core_C109,25740,18558,0,270,1452,4405,6396060,0,-1,115,66,0,
core_C110,18381,19182,0,90,1452,4490,6519480,0,21,-1,63,1,
core_C111,0,1452,0,270,1419,4441,6301779,0,11,50,36,0,
core_C112,25740,22963,0,90,1386,4213,5839218,0,-1,61,112,0,
core_C113,0,19296,1,0,5158,2496,12874368,0,-1,44,96,0,
core_C114,14828,22815,1,90,2064,6431,13273584,0,75,-1,48,1,
core_C116,9788,24781,1,90,2064,6384,13176576,0,78,-1,99,0,
core_C117,18092,16272,1,90,2064,6440,13292160,0,23,-1,64,1,
core_C118,29781,21912,0,0,4416,1419,6266304,0,53,-1,90,1,
core_C119,0,16258,0,180,2544,2541,6464304,0,-1,59,85,0,
core_C120,6798,6864,0,270,1419,4431,6287589,0,56,-1,106,1,
core_C121,7317,14208,1,270,2112,6362,13436544,0,-1,-1,91,1,
Wirelength: 1.23234e+08
layer(tree) info:
layer: 0 ,width: 40359 ,height: 40764 ,area: 1645194276 ,blocks_area: 1333636920, filling_rate: 0.810626, utilizatio_rate: 0.797656
layer: 1 ,width: 39788 ,height: 38400 ,area: 1527859200 ,blocks_area: 1248929520, filling_rate: 0.817438, utilizatio_rate: 0.746992
random seed: 4
alpha: 0
gamma: 1
best wirelength: 1.23234e+08
initial_num_perturbs: 3720
iter: 0
best_iter: 0
best_cost: 0.333351
reject_time: 0
accept_inferior_time: 0
update_best_time: 0
adjustLegalOutline_fail_times: 0
outline_adjust_time: 7.891
initial_wirelength: 7.89259e+08
initial_average_wirelength: 2.36765e+09
7.89259e+08,initial_iter: 3720
initial_time: 10.449
total time cost: 287.451
