name,x,y,layer,rotated_angle,width,height,area,exceed_outline_area,left,right,parent,is_from_left,
macro_C2791,2244,8679,1,0,11319,8580,97117020,0,7,-1,5,0,
macro_C2792,0,0,0,180,11319,8580,97117020,0,-1,10,-1,0,
macro_C2793,11319,8448,0,0,11616,8448,98131968,0,-1,-1,3,0,
macro_C2794,11319,0,0,0,11616,8448,98131968,0,-1,2,6,1,
macro_C2795,13596,0,1,90,8679,11352,98524008,0,-1,-1,5,1,
macro_C2796,2244,0,1,0,11352,8679,98524008,0,4,0,13,1,
core_C0,9108,8580,0,270,2211,4550,10060050,0,3,-1,9,1,
core_C1,13563,11352,1,180,5804,1881,10917324,0,-1,-1,0,1,
core_C4,6798,13256,0,180,3234,3234,10458756,0,-1,-1,9,0,
core_C7,6798,8580,0,270,2310,4676,10801560,0,6,8,11,1,
core_C9,0,8580,0,270,2310,4644,10727640,0,12,-1,1,0,
core_C11,4587,8580,0,270,2211,4433,9801363,0,9,-1,12,1,
core_C12,2310,8580,0,270,2277,4574,10414998,0,11,-1,10,1,
core_C13,0,0,1,90,2244,4559,10230396,0,5,-1,-1,0,
Wirelength: 4.27202e+07
layer(tree) info:
layer: 0 ,width: 22935 ,height: 16896 ,area: 387509760 ,blocks_area: 355645323, filling_rate: 0.917771, utilizatio_rate: 0.813834
layer: 1 ,width: 22275 ,height: 17259 ,area: 384444225 ,blocks_area: 315312756, filling_rate: 0.820178, utilizatio_rate: 0.721539
random seed: 2
alpha: 0
gamma: 1
best wirelength: 4.27202e+07
initial_num_perturbs: 196
iter: 0
best_iter: 0
best_cost: 0.605782
reject_time: 0
accept_inferior_time: 0
update_best_time: 0
adjustLegalOutline_fail_times: 0
outline_adjust_time: 2.449
initial_wirelength: 5.50304e+07
initial_average_wirelength: 9.0842e+07
5.50304e+07,initial_iter: 196
initial_time: 0.029
total time cost: 3.108
