name,x,y,layer,rotated_angle,width,height,area,exceed_outline_area,left,right,parent,is_from_left,
macro_C2791,8679,8580,0,180,11319,8580,97117020,0,-1,-1,7,1,
macro_C2792,0,0,0,0,11319,8580,97117020,0,2,11,-1,0,
macro_C2793,11319,0,0,0,11616,8448,98131968,0,-1,-1,1,1,
macro_C2794,8712,8679,1,0,11616,8448,98131968,0,-1,-1,8,1,
macro_C2795,11352,0,1,0,11352,8679,98524008,0,-1,-1,5,1,
macro_C2796,0,0,1,180,11352,8679,98524008,0,4,10,-1,0,
core_C0,3267,8679,1,90,3168,3175,10058400,0,8,-1,10,1,
core_C1,6369,8580,0,270,2310,4726,10917060,0,0,-1,9,1,
core_C4,6435,8679,1,270,2277,4594,10460538,0,3,-1,6,1,
core_C7,3102,8580,0,90,3267,3306,10800702,0,7,13,11,1,
core_C9,0,8679,1,90,3267,3284,10728828,0,6,12,5,0,
core_C11,0,8580,0,90,3102,3159,9799218,0,9,-1,1,0,
core_C12,0,11963,1,0,4574,2277,10414998,0,-1,-1,10,0,
core_C13,3102,11886,0,0,3229,3168,10229472,0,-1,-1,9,0,
Wirelength: 1.83952e+07
layer(tree) info:
layer: 0 ,width: 22935 ,height: 17160 ,area: 393564600 ,blocks_area: 334112460, filling_rate: 0.848939, utilizatio_rate: 0.764559
layer: 1 ,width: 22704 ,height: 17127 ,area: 388851408 ,blocks_area: 336842748, filling_rate: 0.866251, utilizatio_rate: 0.770807
random seed: 8
alpha: 0
gamma: 1
best wirelength: 1.83952e+07
initial_num_perturbs: 196
iter: 0
best_iter: 0
best_cost: 1.09536
reject_time: 0
accept_inferior_time: 0
update_best_time: 0
adjustLegalOutline_fail_times: 0
outline_adjust_time: 0.009
initial_wirelength: 8.18655e+07
initial_average_wirelength: 7.46586e+07
8.17777e+07,initial_iter: 196
initial_time: 0.031
total time cost: 0.799
