name,x,y,layer,rotated_angle,width,height,area,exceed_outline_area,left,right,parent,is_from_left,
core_C90,24436,30454,0,270,1254,3829,4801566,0,-1,-1,45,1,
core_C67,2064,32175,1,270,2112,6496,13719552,0,28,-1,4,1,
core_C34,20160,29109,1,0,5403,2688,14523264,0,-1,-1,20,0,
core_C16,18048,34083,1,180,6386,2112,13487232,0,-1,-1,19,0,
core_C18,0,32175,1,270,2064,6378,13164192,0,1,-1,53,0,
core_C22,0,7854,0,180,4407,1419,6253533,0,-1,51,102,0,
core_C56,2880,4320,1,270,2064,6446,13304544,0,83,-1,63,1,
core_C110,7524,8440,0,180,4490,1452,6519480,0,-1,78,15,0,
core_C118,7524,5569,0,180,4416,1419,6266304,0,-1,15,9,0,
core_C60,7524,4117,0,0,4520,1452,6563040,0,-1,8,17,0,
core_C68,28320,19307,1,0,4627,3024,13992048,0,-1,-1,69,0,
core_C35,31482,21588,0,90,1419,4442,6303198,0,31,96,36,0,
core_C114,26256,12731,1,90,2064,6431,13273584,0,69,109,74,1,
core_C48,12936,0,0,180,4392,1452,6377184,0,-1,106,117,1,
core_C4,13477,0,1,270,2112,6433,13586496,0,-1,-1,66,1,
core_C98,7524,6988,0,180,4388,1452,6371376,0,-1,7,8,0,
core_C107,0,0,1,180,7112,2304,16386048,0,-1,65,-1,0,
core_C6,7524,0,0,90,1584,4117,6521328,0,-1,9,97,1,
core_C78,7524,11344,0,180,4417,1419,6267723,0,-1,55,78,0,
core_C33,18048,32067,1,180,6237,2016,12573792,0,-1,3,32,0,
core_C50,20160,27621,1,180,4728,1488,7035264,0,-1,2,61,0,
core_C119,6192,32175,1,270,2112,6373,13459776,0,112,-1,28,1,
core_C65,24255,34283,0,270,1452,4381,6361212,0,44,-1,93,1,
core_C84,25151,22932,0,270,1452,4397,6384444,0,-1,-1,47,1,
core_C92,12936,13794,0,180,4519,1452,6561588,0,-1,27,25,0,
core_C26,12936,12342,0,0,4378,1452,6356856,0,-1,24,103,0,
core_C42,7524,27877,0,180,4500,1452,6534000,0,-1,87,30,0,
core_C108,12936,15246,0,180,4467,1485,6633495,0,-1,116,24,0,
core_C93,4176,32175,1,270,2016,6264,12628224,0,21,-1,1,1,
core_C14,32934,19932,0,90,1452,4374,6351048,0,114,-1,36,1,
core_C91,7524,26425,0,180,4403,1452,6393156,0,-1,26,113,0,
core_C55,32901,24306,0,270,1254,3905,4896870,0,-1,-1,11,1,
core_C88,18048,25611,1,270,2112,6456,13635072,0,61,19,35,1,
core_C66,27405,6440,1,180,6429,2112,13578048,0,-1,-1,40,0,
core_C5,14109,19008,1,270,3168,4779,15139872,0,-1,68,77,0,
core_C28,16032,25611,1,270,2016,6311,12722976,0,32,-1,112,1,
core_C62,31482,17186,0,270,1452,4402,6391704,0,29,11,94,1,
core_C75,22224,20976,1,270,1872,5703,10676016,0,74,-1,61,1,
core_C80,5445,0,0,90,1452,4530,6577560,0,-1,-1,102,1,
core_C54,12936,27555,0,180,3097,2046,6336462,0,43,73,115,0,
core_C117,27405,0,1,90,2064,6440,13292160,0,-1,33,104,1,
core_C112,17292,29007,0,90,1386,4213,5839218,0,64,-1,46,1,
core_C1,20790,27385,0,180,4139,1617,6692763,0,-1,47,90,0,
core_C104,16033,27555,0,0,4421,1452,6419292,0,45,-1,39,1,
core_C96,25707,27329,0,270,1485,4473,6642405,0,50,118,22,1,
core_C51,20454,30454,0,0,3982,1584,6307488,0,0,-1,43,1,
core_C32,15840,29601,0,90,1452,4444,6452688,0,41,-1,49,1,
core_C116,20790,29002,0,180,4361,1452,6332172,0,23,-1,42,0,
core_C24,7524,30781,0,0,4395,1452,6381540,0,-1,117,87,0,
core_C61,14388,29601,0,270,1452,4482,6507864,0,46,80,73,1,
core_C109,27192,16467,0,0,4038,1584,6396192,0,85,79,44,1,
core_C111,0,9273,0,90,1419,4441,6301779,0,-1,76,5,0,
core_C102,11365,0,1,90,2064,6357,13120848,0,-1,66,58,1,
core_C89,0,30111,1,180,6379,2064,13166256,0,-1,4,110,0,
core_C7,7524,15700,0,180,4513,1452,6552876,0,-1,75,84,0,
core_C85,7524,12763,0,180,4569,1485,6784965,0,-1,84,18,0,
core_C36,23901,7776,1,270,1920,6011,11541120,0,71,-1,111,1,
core_C3,20790,10177,0,180,4536,1452,6586272,0,-1,122,88,0,
core_C79,5040,9567,1,0,6325,2064,13054800,0,52,-1,62,1,
core_C47,0,4320,1,270,2160,6675,14418000,0,-1,63,65,0,
core_C41,25328,7854,0,270,1452,4549,6605148,0,91,-1,88,1,
core_C94,20160,20976,1,270,2064,6424,13259136,0,37,20,32,1,
core_C101,2976,10766,1,270,2064,6374,13155936,0,58,-1,82,1,
core_C31,0,10995,1,90,2880,4407,12692160,0,6,82,59,0,
core_C64,18678,29007,0,90,1287,3879,4992273,0,93,-1,41,1,
core_C30,0,2304,1,0,6190,2016,12479040,0,-1,59,16,0,
core_C37,11365,6357,1,270,2112,3228,6817536,0,14,-1,52,0,
core_C87,25080,18772,0,90,1353,4160,5628480,0,-1,-1,90,1,
core_C15,14109,23787,1,0,5520,1824,10068480,0,70,-1,34,0,
core_C11,28320,12731,1,90,2112,6576,13888512,0,120,10,12,1,
core_C72,19629,19008,1,180,6107,1968,12018576,0,-1,-1,68,1,
core_C19,25821,8552,1,90,2784,4179,11634336,0,-1,-1,56,1,
core_C113,20790,0,0,90,1419,4359,6185421,0,-1,-1,103,1,
core_C58,12936,29601,0,270,1452,4483,6509316,0,49,123,39,0,
core_C38,24096,20976,1,270,2160,6645,14353200,0,12,-1,37,1,
core_C59,7524,17152,0,0,4269,1419,6057711,0,-1,113,54,0,
core_C82,0,13714,0,90,1452,4464,6481728,0,98,100,51,0,
core_C49,14109,6433,1,270,2064,6353,13112592,0,104,34,101,1,
core_C83,7524,9892,0,180,4440,1452,6446880,0,-1,18,7,0,
core_C43,27192,18051,0,90,1452,4457,6471564,0,-1,94,50,0,
core_C120,14388,34083,0,0,4431,1419,6287589,0,-1,-1,49,0,
core_C74,20790,4359,0,270,1452,4366,6339432,0,108,-1,116,1,
core_C23,0,15402,1,270,2976,4503,13400928,0,62,89,63,0,
core_C57,4944,4320,1,270,2592,5247,13600224,0,-1,-1,6,1,
core_C81,7524,14248,0,180,4432,1452,6435264,0,-1,54,55,0,
core_C121,31230,13563,0,270,1782,3623,6456186,0,121,-1,50,1,
core_C13,11232,25611,1,180,4480,2976,13332480,0,-1,-1,110,1,
core_C77,7524,29329,0,0,4419,1452,6416388,0,-1,48,26,0,
core_C86,20790,8725,0,180,4538,1452,6589176,0,60,57,115,1,
core_C45,0,19905,1,0,5997,2304,13817088,0,101,110,82,0,
macro_C124176,20790,18772,0,270,4290,8613,36949770,0,67,42,122,0,
macro_C124187,26780,7854,0,270,4290,8613,36949770,0,119,-1,60,1,
macro_C124192,33984,29000,1,90,6144,12288,75497472,0,-1,-1,95,0,
macro_C124197,19965,32038,0,90,4290,8613,36949770,0,22,-1,64,1,
macro_C124175,27192,22508,0,270,4290,8613,36949770,0,36,-1,79,0,
macro_C124202,33984,16712,1,270,6144,12288,75497472,0,-1,92,109,1,
macro_C124174,31482,28211,0,0,5676,7524,42706224,0,-1,-1,11,0,
macro_C124201,0,23854,0,270,7524,5676,42706224,0,17,99,100,0,
macro_C124196,1452,9273,0,0,5676,7524,42706224,0,-1,-1,76,1,
macro_C124186,0,29530,0,180,5676,7524,42706224,0,-1,-1,97,0,
macro_C124173,0,18178,0,270,7524,5676,42706224,0,-1,97,76,0,
macro_C124191,5997,11631,1,0,8112,10752,87220224,0,77,-1,89,1,
macro_C124198,0,0,0,0,5445,7854,42765030,0,38,5,-1,0,
macro_C124188,12936,6897,0,90,7854,5445,42765030,0,72,25,106,0,
macro_C124203,16173,0,1,270,11232,7776,87340032,0,40,111,77,1,
macro_C124178,33099,0,0,0,5445,7854,42765030,0,-1,-1,107,1,
macro_C124193,12936,1452,0,90,7854,5445,42765030,0,-1,103,13,0,
macro_C124177,27654,0,0,0,5445,7854,42765030,0,105,-1,108,1,
macro_C124189,22242,0,0,180,5412,7854,42505848,0,107,-1,81,1,
macro_C124179,26256,22331,1,0,7728,11232,86800896,0,95,-1,12,0,
macro_C124180,0,22383,1,270,11232,7728,86800896,0,86,53,89,0,
macro_C124181,16173,7776,1,0,7728,11232,86800896,0,56,-1,104,0,
macro_C124182,8304,30111,1,180,7728,11232,86800896,0,35,-1,21,1,
macro_C124183,7524,18571,0,180,5412,7854,42505848,0,-1,30,75,0,
macro_C124184,34386,19932,0,0,5412,7854,42505848,0,-1,-1,29,1,
macro_C124194,12936,22143,0,90,7854,5412,42505848,0,88,39,116,0,
macro_C124199,12936,16731,0,90,7854,5412,42505848,0,81,115,27,0,
macro_C124204,7524,32233,0,180,5412,7854,42505848,0,13,-1,48,0,
macro_C124185,25707,31802,0,270,5709,6369,36360621,0,-1,-1,44,0,
macro_C124190,31070,7854,0,0,6369,5709,36360621,0,-1,-1,91,1,
macro_C124195,30432,8552,1,0,9072,8160,74027520,0,-1,-1,69,1,
macro_C124200,33012,13563,0,270,5709,6369,36360621,0,-1,-1,85,1,
macro_C124172,20790,12403,0,90,5709,6369,36360621,0,-1,90,57,0,
macro_C124171,12936,35502,0,180,6369,5709,36360621,0,-1,-1,73,0,
Wirelength: 1.24185e+08
layer(tree) info:
layer: 0 ,width: 39798 ,height: 41211 ,area: 1640115378 ,blocks_area: 1334116740, filling_rate: 0.813429, utilizatio_rate: 0.797943
layer: 1 ,width: 40128 ,height: 41343 ,area: 1659011904 ,blocks_area: 1249895712, filling_rate: 0.753398, utilizatio_rate: 0.74757
random seed: 13
alpha: 0
gamma: 1
best wirelength: 1.24185e+08
initial_num_perturbs: 3720
iter: 0
best_iter: 0
best_cost: 0.270876
reject_time: 0
accept_inferior_time: 0
update_best_time: 0
adjustLegalOutline_fail_times: 0
outline_adjust_time: 1.609
initial_wirelength: 7.03952e+08
initial_average_wirelength: 2.5988e+09
7.03952e+08,initial_iter: 3720
initial_time: 4.062
total time cost: 50.212
