name,x,y,layer,rotated_angle,width,height,area,exceed_outline_area,left,right,parent,is_from_left,
macro_C8466,20270,7854,0,0,6369,5709,36360621,0,-1,-1,8,0,
macro_C8467,8650,4456,0,180,6369,5709,36360621,0,-1,81,107,0,
macro_C16429,27449,10362,0,90,7524,5676,42706224,0,-1,75,84,0,
macro_C16430,30154,10320,1,180,8112,10752,87220224,0,101,-1,20,1,
macro_C32011,11702,15232,1,270,6144,12288,75497472,0,-1,-1,29,1,
macro_C32012,23698,27169,0,0,8613,4290,36949770,0,24,17,25,0,
macro_C39784,34786,21062,0,0,5445,7854,42765030,0,-1,-1,10,1,
macro_C39785,15844,19008,0,270,7854,5445,42765030,0,25,39,18,1,
macro_C55552,20270,0,0,180,5412,7854,42505848,0,73,0,99,1,
macro_C55553,12227,32755,0,270,7854,5412,42505848,0,55,48,67,0,
macro_C63404,29374,18599,0,180,5412,7854,42505848,0,6,-1,77,0,
macro_C63405,8650,11947,0,270,7854,5412,42505848,0,-1,100,81,0,
macro_C71293,6815,33240,0,0,5412,7854,42505848,0,116,-1,40,1,
macro_C71294,15844,25872,0,90,7854,5412,42505848,0,-1,76,39,0,
macro_C86866,1786,9348,0,180,6369,5709,36360621,0,-1,33,118,0,
macro_C86867,22042,28896,1,90,10752,8112,87220224,0,-1,62,87,0,
macro_C86868,1786,28950,0,0,8613,4290,36949770,0,-1,45,105,0,
macro_C86869,23698,31459,0,270,7854,5445,42765030,0,19,-1,5,0,
macro_C86870,10432,17359,0,180,5412,7854,42505848,0,7,-1,100,1,
macro_C94576,31552,35285,0,180,6369,5709,36360621,0,-1,-1,17,1,
macro_C94577,22042,10368,1,180,8112,10752,87220224,0,3,74,54,0,
macro_C94578,27449,0,0,270,4290,8613,36949770,0,64,84,73,1,
macro_C94579,17563,13563,0,90,7854,5445,42765030,0,-1,-1,117,1,
macro_C94580,34973,0,0,180,5412,7854,42505848,0,-1,57,95,1,
macro_C102137,32311,28916,0,270,5709,6369,36360621,0,-1,-1,5,1,
macro_C102138,23698,19645,0,180,5676,7524,42706224,0,77,5,7,1,
macro_C102139,0,0,0,180,8613,4290,36949770,0,-1,56,-1,0,
macro_C102140,22042,0,1,270,11232,7776,87340032,0,63,54,35,1,
macro_C102141,34973,9677,0,180,5412,7854,42505848,0,-1,120,57,0,
macro_C109812,2630,15198,1,0,9072,8160,74027520,0,4,112,93,0,
macro_C109813,7730,31120,1,270,10752,8112,87220224,0,109,-1,104,1,
macro_C109814,21962,36904,0,180,8613,4290,36949770,0,-1,-1,96,1,
macro_C109815,28234,21120,1,270,11232,7776,87340032,0,-1,-1,87,1,
macro_C109816,1786,15057,0,180,5412,7854,42505848,0,38,59,14,0,
core_C0,0,7890,0,0,1786,3498,6247428,0,42,108,56,0,
core_C1,16934,0,1,180,5108,2496,12749568,0,27,-1,98,1,
core_C2,0,14886,0,90,1782,3585,6388470,0,-1,-1,108,0,
core_C3,33191,3585,0,270,1782,3627,6463314,0,-1,-1,95,0,
core_C5,7198,15057,0,180,1452,4356,6324912,0,107,-1,33,1,
core_C6,15844,24453,0,0,4452,1419,6317388,0,-1,13,7,0,
core_C7,4294,35022,0,0,2521,2508,6322668,0,12,-1,51,1,
core_C8,2630,5150,1,90,5088,2574,13096512,0,103,71,92,0,
core_C9,1786,4290,0,270,3564,1791,6383124,0,-1,-1,34,1,
core_C10,18482,34727,1,90,2496,5175,12916800,0,-1,-1,109,0,
core_C12,1786,6081,0,180,3596,1782,6408072,0,-1,118,108,1,
core_C13,1786,33240,0,0,3570,1782,6361740,0,-1,51,16,0,
core_C14,5174,7724,1,0,2635,5088,13406880,0,65,-1,71,1,
core_C15,1786,37559,0,0,1789,3498,6257922,0,70,-1,51,0,
core_C16,12227,38167,0,180,4425,1452,6425100,0,-1,106,9,0,
core_C17,2630,28565,1,90,6192,2112,13077504,0,113,104,110,0,
core_C19,10399,0,0,90,1419,4456,6323064,0,82,-1,107,1,
core_C20,1786,35022,0,90,2508,2537,6362796,0,40,47,45,0,
core_C23,12227,28777,0,90,3564,1784,6358176,0,-1,67,116,0,
core_C24,14870,6400,1,0,5199,2592,13475808,0,-1,-1,98,0,
core_C25,22042,7776,1,180,5204,2592,13488768,0,68,20,27,0,
core_C26,20081,32755,0,180,3537,1749,6186213,0,-1,-1,9,1,
core_C27,0,4290,0,270,1782,3600,6415200,0,-1,34,26,0,
core_C28,34973,7854,0,90,3564,1823,6497172,0,-1,28,23,0,
core_C29,0,12818,1,0,2100,6192,13003200,0,-1,97,83,0,
core_C31,1786,22911,0,0,2516,2475,6227100,0,-1,115,33,0,
core_C32,0,0,1,180,5153,2544,13109232,0,-1,102,-1,0,
core_C33,16508,8992,1,180,3723,3648,13581504,0,-1,-1,114,1,
core_C35,22042,37008,1,90,5088,2584,13147392,0,-1,-1,15,0,
core_C37,33274,0,1,90,2064,6311,13025904,0,119,-1,27,1,
core_C38,31739,0,0,90,1452,4369,6343788,0,95,-1,21,1,
core_C39,7809,2584,1,0,2616,5088,13310208,0,-1,-1,46,1,
core_C41,11430,27520,1,0,3650,3600,13140000,0,72,-1,113,1,
core_C42,12227,30561,0,180,3607,1782,6427674,0,-1,9,52,0,
core_C43,27246,7776,1,180,5235,2544,13317840,0,-1,-1,54,1,
core_C46,31944,16038,0,90,2508,2561,6422988,0,-1,-1,77,1,
core_C47,3575,37559,0,0,1792,3498,6268416,0,-1,-1,47,1,
core_C48,2630,7724,1,90,2544,5122,13030368,0,46,93,41,0,
core_C49,15080,27520,1,180,3680,3600,13248000,0,-1,-1,66,1,
core_C50,25682,0,0,180,1767,3498,6180966,0,21,-1,8,1,
core_C51,22042,21120,1,270,5088,2589,13172832,0,-1,87,20,0,
core_C53,27449,16038,0,270,1749,3607,6308643,0,-1,-1,2,0,
core_C54,15844,31284,0,90,4356,1471,6407676,0,-1,-1,13,0,
core_C56,29374,16038,0,0,2570,2508,6445560,0,69,10,25,1,
core_C57,12250,10165,0,0,3578,1782,6375996,0,-1,-1,81,1,
core_C58,15023,0,0,270,1749,3618,6327882,0,99,117,122,1,
core_C60,2630,33221,1,180,3624,3600,13046400,0,-1,86,104,0,
core_C61,8650,10165,0,0,3600,1749,6296400,0,78,11,1,0,
core_C65,11818,0,0,270,1749,3589,6277161,0,122,-1,50,1,
core_C67,0,7730,1,180,2562,5088,13035456,0,-1,58,102,0,
core_C69,27449,8613,0,180,3617,1749,6326133,0,-1,2,21,0,
core_C70,15834,39619,0,0,3620,1749,6331380,0,96,-1,106,1,
core_C71,2630,36821,1,0,3667,3600,13201200,0,-1,-1,80,0,
core_C74,22042,23709,1,90,6192,2110,13065120,0,32,15,74,0,
core_C75,12806,12688,1,0,5234,2544,13315296,0,-1,-1,114,0,
core_C76,8650,25213,0,270,2475,2495,6175125,0,-1,-1,100,0,
core_C77,34973,19280,0,180,3594,1782,6404508,0,-1,-1,120,0,
core_C78,12806,0,1,270,2064,6335,13075440,0,98,114,103,1,
core_C79,2630,2544,1,90,5088,2606,13259328,0,-1,41,97,1,
core_C80,2630,12846,1,0,4873,2352,11461296,0,-1,29,71,0,
core_C81,37402,0,1,180,2615,5088,13305120,0,-1,-1,119,1,
core_C82,33191,0,0,90,1782,3585,6388470,0,23,37,64,1,
core_C84,19454,38167,0,90,2508,2540,6370320,0,31,-1,85,1,
core_C85,0,19010,1,180,2630,5088,13381440,0,92,-1,58,0,
core_C87,14870,0,1,90,2064,6400,13209600,0,35,53,91,1,
core_C88,16772,0,0,90,3498,1771,6194958,0,8,-1,79,1,
core_C89,8650,17359,0,90,1782,3685,6566670,0,18,89,11,0,
core_C92,38266,5088,1,270,2064,6299,13001136,0,-1,121,3,1,
core_C93,0,2544,1,90,2592,5186,13442112,0,-1,83,60,0,
core_C95,7718,0,1,270,5088,2584,13147392,0,91,-1,41,1,
core_C96,2630,30677,1,0,5100,2544,12974400,0,30,80,49,0,
core_C97,1786,27168,0,180,3582,1782,6383124,0,-1,16,115,0,
core_C99,12227,39619,0,180,3607,1749,6308643,0,85,-1,48,0,
core_C100,8650,0,0,270,1749,3587,6273663,0,50,1,38,1,
core_C103,0,11388,0,180,1786,3498,6247428,0,44,36,34,0,
core_C104,18482,31120,1,270,3552,3607,12812064,0,-1,43,30,1,
core_C106,2630,25902,1,90,5184,2663,13804992,0,-1,49,112,0,
core_C108,5412,22911,0,0,2536,2475,6276600,0,-1,-1,115,1,
core_C110,2630,23358,1,180,5251,2544,13358544,0,-1,110,29,0,
core_C112,8822,23358,1,0,2608,5088,13269504,0,66,-1,49,1,
core_C113,12806,8992,1,180,3702,3696,13682592,0,61,88,91,0,
core_C114,1786,25386,0,0,3626,1782,6461532,0,111,105,59,0,
core_C115,12227,25213,0,0,1810,3564,6450840,0,-1,52,12,1,
core_C116,15023,3618,0,180,2540,2508,6370320,0,22,-1,79,0,
core_C118,1786,7863,0,180,4486,1485,6661710,0,-1,14,44,0,
core_C119,35338,0,1,90,2064,6228,12854592,0,94,-1,63,1,
core_C120,34973,17531,0,0,3617,1749,6326133,0,-1,90,28,0,
core_C121,38266,11387,1,270,2064,6310,13023840,0,-1,-1,101,0,
core_C122,13567,0,0,0,1456,4257,6198192,0,79,-1,82,1,
Wirelength: 1.06743e+09
layer(tree) info:
layer: 0 ,width: 40385 ,height: 41368 ,area: 1670646680, filling_rate: 0.813548, utilizatio_rate: 0.812917
layer: 1 ,width: 40330 ,height: 40421 ,area: 1630178930, filling_rate: 0.73557, utilizatio_rate: 0.717195
random seed: 7
alpha: 0
gamma: 1
best wirelength: 1.06743e+09
initial_num_perturbs: 15129
iter: 0
best_iter: 0
best_cost: 0.298638
reject_time: 771
accept_inferior_time: 310516
update_best_time: 0
adjustLegalOutline_fail_times: 0
initial_wirelength: 1.66853e+09
initial_average_wirelength: 3.57433e+09
1.62605e+09,initial_iter: 15129
initial_time: 23.351
total time cost: 1000
