name,x,y,layer,rotated_angle,width,height,area,exceed_outline_area,left,right,parent,is_from_left,
macro_C415824,5888,54893,0,0,5520,23736,131022720,0,631,110,452,1,
macro_C393731,44878,10153,0,0,5520,23736,131022720,0,259,415,299,0,
macro_C396425,46534,60201,0,0,5520,23736,131022720,0,98,296,273,1,
macro_C399323,9936,53521,1,0,8625,37030,319383750,0,478,431,281,0,
macro_C401933,4991,7636,1,0,8625,37030,319383750,0,338,138,618,1,
macro_C404827,58494,83424,0,0,5520,23736,131022720,0,-1,511,552,1,
macro_C407516,48581,33889,0,0,5520,23736,131022720,0,-1,194,439,1,
macro_C410398,2024,7421,0,0,5520,23736,131022720,0,15,427,399,0,
macro_C413082,5888,86552,0,0,5520,23736,131022720,0,346,412,391,0,
macro_C40987,53843,74838,1,0,8625,37030,319383750,0,142,64,617,1,
macro_C418718,39422,49706,1,0,8625,37030,319383750,0,-1,442,127,0,
macro_C421703,37058,99847,0,0,5520,23736,131022720,0,44,-1,495,0,
macro_C424481,21344,39218,0,0,5520,23736,131022720,0,267,554,108,0,
macro_C427156,25829,69575,1,0,8625,37030,319383750,0,-1,505,615,1,
macro_C429952,66590,43496,0,0,5520,23736,131022720,0,-1,198,407,1,
macro_C432667,7544,7268,0,0,5520,23736,131022720,0,405,-1,7,1,
macro_C38059,66590,74592,0,0,5520,23736,131022720,0,-1,500,78,0,
macro_C78506,3864,31157,0,0,5520,23736,131022720,0,381,311,427,1,
macro_C390724,21344,84639,0,0,5520,23736,131022720,0,434,385,229,0,
macro_C43597,54538,52992,0,0,5520,23736,131022720,0,314,376,255,0,
macro_C46411,48466,93045,0,0,5520,23736,131022720,0,-1,67,380,0,
macro_C48981,0,73428,0,0,5520,23736,131022720,0,-1,30,113,0,
macro_C51791,54538,26772,0,0,5520,23736,131022720,0,-1,255,213,0,
macro_C54384,19504,7478,0,0,5520,23736,131022720,0,-1,508,462,1,
macro_C57054,64566,6624,0,0,5520,23736,131022720,0,61,130,163,1,
macro_C62277,13524,63289,0,0,5520,23736,131022720,0,572,190,29,0,
macro_C65066,39238,10146,1,0,8625,37030,319383750,0,-1,623,534,1,
macro_C67838,55801,10126,1,0,8625,37030,319383750,0,-1,-1,463,1,
macro_C70493,23368,0,1,0,8625,37030,319383750,0,126,536,149,1,
macro_C73067,13524,39553,0,0,5520,23736,131022720,0,-1,25,239,0,
macro_C75793,0,97164,0,0,5520,23736,131022720,0,-1,312,21,0,
macro_C59667,54538,0,0,0,5520,23736,131022720,0,63,213,151,1,
core_C930,31476,57802,1,90,2530,8149,20616970,0,-1,-1,529,0,
core_C1124,9269,0,1,0,5778,3680,21263040,0,352,-1,90,1,
core_C1270,65527,7590,1,0,5782,3680,21277760,0,-1,245,528,0,
core_C1382,25940,22433,0,90,2484,5187,12884508,0,-1,-1,39,0,
core_C1112,64566,36984,0,90,1932,6165,11910780,0,398,55,332,0,
core_C126,54538,96189,0,90,2024,6087,12320088,0,-1,533,563,0,
core_C1684,24196,65254,0,180,3632,3588,13031616,0,531,217,345,1,
core_C1556,25940,15993,0,90,2024,6440,13034560,0,-1,35,95,0,
core_C599,44878,37571,0,90,2208,5673,12525984,0,-1,606,415,0,
core_C919,26935,27620,0,90,2024,6578,13313872,0,-1,-1,108,1,
core_C1502,48466,86237,0,0,5280,2484,13115520,0,-1,201,158,1,
core_C356,0,50320,1,90,4370,4518,19743660,0,-1,208,279,0,
core_C1322,42578,100362,0,90,2208,5906,13040448,0,-1,538,11,1,
core_C1329,72202,85681,0,90,3588,3667,13157196,0,-1,-1,251,0,
core_C1044,92,77545,1,0,4616,4600,21233600,0,-1,574,595,1,
core_C318,60058,47787,0,90,2392,4897,11713624,0,-1,558,68,0,
core_C1681,70178,122352,0,90,3588,3604,12931152,0,-1,-1,231,0,
core_C1652,72565,64025,1,90,2415,7804,18846660,0,-1,-1,582,1,
core_C667,66038,0,0,0,3820,3680,14057600,0,-1,123,97,1,
core_C285,34454,39466,1,0,4658,4485,20891130,0,-1,349,340,0,
core_C15,16721,32793,1,0,4599,4370,20097630,0,-1,-1,395,0,
core_C925,62082,18233,0,90,2024,6418,12990032,0,-1,-1,100,0,
core_C1409,31078,66030,0,90,2852,4501,12836852,0,-1,374,249,0,
core_C562,64566,43496,0,90,2024,6083,12311992,0,-1,506,36,0,
core_C168,21344,65254,0,90,2852,4326,12337752,0,-1,345,554,0,
core_C458,68287,82598,1,0,7240,2875,20815000,0,-1,446,605,1,
core_C1109,16721,37163,1,0,4646,4600,21371600,0,-1,-1,629,1,
core_C943,53751,67160,1,0,5689,3565,20281285,0,-1,272,337,0,
core_C1583,37729,6316,0,90,2024,6483,13121592,0,83,-1,150,1,
core_C100,70086,6624,0,90,1380,4600,6348000,0,485,-1,24,1,
core_C1141,34454,11902,1,0,4607,4600,21192200,0,570,237,368,0,
core_C879,60058,0,0,90,2024,6525,13206600,0,214,153,31,1,
core_C355,53843,111868,1,90,2300,7427,17082100,0,175,-1,9,0,
core_C387,14352,122525,1,0,4503,4370,19678110,0,-1,-1,232,1,
core_C647,40502,47434,0,90,2852,4557,12996564,0,-1,-1,257,1,
core_C439,48466,116781,0,90,1472,4505,6631360,0,216,-1,20,0,
core_C721,60058,44843,0,0,4463,2944,13139072,0,-1,47,642,0,
core_C239,72496,49590,1,90,2530,8161,20647330,0,-1,-1,88,1,
core_C1333,37714,16084,0,0,3698,3588,13268424,0,166,-1,288,1,
core_C266,72570,69195,0,90,2484,4981,12372804,0,-1,-1,487,0,
core_C951,17388,115212,1,90,2875,7313,21024875,0,149,-1,440,0,
core_C406,37244,123583,0,90,2760,4203,11600280,0,-1,-1,447,1,
core_C259,68011,31784,1,0,6615,3105,20539575,0,-1,82,324,1,
core_C522,66590,118366,0,90,3588,3667,13157196,0,-1,111,500,0,
core_C1618,17692,3565,1,90,4485,4609,20671365,0,-1,336,263,0,
core_C875,2024,67724,0,180,3540,3496,12375840,0,-1,-1,427,0,
core_C841,66590,71004,0,0,3739,3588,13415532,0,-1,16,198,0,
core_C1299,19653,62703,1,90,3565,5479,19532635,0,-1,-1,225,1,
core_C44,41216,104886,1,90,2530,8003,20247590,0,-1,-1,384,1,
core_C1017,61961,55424,1,90,2530,7843,19842790,0,-1,-1,444,0,
core_C1331,68011,34889,1,270,4370,4555,19905350,0,565,171,74,0,
core_C98,39753,12428,0,90,3588,3656,13117728,0,-1,-1,60,1,
core_C330,71671,17484,0,90,2024,6566,13289584,0,-1,-1,109,1,
core_C358,15548,101862,0,0,5589,2208,12340512,0,-1,530,165,0,
core_C210,65711,121357,1,0,4660,4485,20900100,0,-1,-1,324,0,
core_C996,60058,28232,0,90,2668,4203,11213604,0,-1,330,481,0,
core_C780,68011,53922,1,90,4485,4506,20209410,0,69,413,252,0,
core_C1441,31078,28009,0,90,2024,6249,12647976,0,560,242,253,0,
core_C576,4899,0,1,90,4370,4531,19800470,0,33,264,362,1,
core_C1456,70479,0,0,90,1932,6065,11717580,0,-1,-1,123,1,
core_C309,15548,106922,0,0,4476,2944,13177344,0,-1,470,530,0,
core_C57,27306,92383,0,90,2024,6512,13180288,0,-1,313,539,0,
core_C1493,27306,104691,0,90,3220,3347,10777340,0,132,375,396,0,
core_C1295,25940,10777,0,90,2576,5216,13436416,0,-1,39,228,0,
core_C1113,62652,120976,1,90,2875,7318,21039250,0,528,-1,610,1,
core_C1022,64014,0,0,90,2024,6166,12479984,0,50,-1,214,1,
core_C34,52054,60201,0,90,2484,5024,12479616,0,-1,-1,2,1,
core_C1287,30980,97907,0,90,2852,4450,12691400,0,-1,-1,313,1,
core_C729,62082,12351,0,90,1932,5882,11364024,0,-1,53,118,0,
core_C1070,56562,89570,0,90,1932,6052,11692464,0,-1,552,360,0,
core_C820,43907,98121,1,0,4552,4485,20415720,0,-1,321,107,1,
core_C1151,68246,98328,0,90,3588,3674,13182312,0,-1,410,500,1,
core_C1685,35034,80410,0,90,2024,6549,13255176,0,183,-1,527,0,
core_C929,71127,11270,1,90,2990,6259,18714410,0,-1,-1,640,1,
core_C1114,36874,52542,0,0,4541,2944,13368704,0,121,-1,271,1,
core_C1484,41722,98121,1,90,2185,6765,14781525,0,102,-1,555,0,
core_C1084,21344,37010,0,0,5591,2208,12344928,0,41,12,549,0,
core_C1197,69187,30360,0,90,2484,4975,12357900,0,84,-1,130,1,
core_C1135,5888,78629,0,180,3543,3404,12060372,0,-1,391,0,0,
core_C934,66590,122033,0,90,2116,6373,13485268,0,-1,-1,75,0,
core_C845,47137,0,0,0,5862,2208,12943296,0,-1,-1,361,1,
core_C206,0,71220,0,0,5730,2208,12651840,0,-1,21,432,0,
core_C33,34546,100436,1,90,3565,5569,19853485,0,-1,-1,492,0,
core_C302,31993,7917,1,90,2300,6911,15895300,0,-1,-1,126,0,
core_C589,13432,27670,0,0,4488,2944,13212672,0,-1,-1,346,1,
core_C158,68287,111388,1,90,3565,5423,19332995,0,567,244,262,0,
core_C414,62082,6100,0,90,1932,6251,12076932,0,-1,100,214,0,
core_C1116,20007,51890,1,90,3105,6297,19552185,0,-1,-1,331,0,
core_C1033,35607,19672,0,90,2852,4393,12528836,0,-1,-1,266,1,
core_C1170,41415,51991,0,90,1840,5903,10861520,0,-1,-1,106,1,
core_C376,48921,73330,1,90,4370,4504,19682480,0,378,491,275,0,
core_C1265,66038,3680,0,0,4441,2944,13074304,0,91,-1,50,0,
core_C613,30658,0,0,90,1932,5926,11449032,0,-1,-1,525,1,
core_C459,30491,13069,0,0,4504,2944,13259776,0,304,-1,650,0,
core_C238,31993,0,1,90,2415,7917,19119555,0,-1,115,28,1,
core_C506,39422,47176,1,0,8287,2530,20966110,0,-1,10,620,1,
core_C46,61064,71126,0,90,2576,5342,13760992,0,-1,526,316,1,
core_C1232,35034,59614,0,0,4372,2760,12066720,0,-1,134,303,0,
core_C187,64566,30360,0,0,4621,3036,14029356,0,109,332,24,0,
core_C450,2024,120900,0,90,2484,5074,12603816,0,-1,-1,312,1,
core_C494,30526,104691,0,90,2024,6268,12686432,0,-1,-1,94,1,
core_C915,68287,95938,1,0,5578,3565,19885570,0,-1,639,637,0,
core_C1043,35034,62374,0,90,2484,5253,13048452,0,420,146,129,0,
core_C449,39744,112889,1,90,2530,7877,19928810,0,-1,-1,383,1,
core_C10,37903,0,0,90,2024,6316,12783584,0,524,-1,542,1,
core_C178,14973,98716,1,90,3680,5594,20585920,0,501,638,467,0,
core_C1045,4991,44666,1,0,4625,4600,21275000,0,-1,471,4,0,
core_C1298,4991,55861,1,90,3680,5788,21299840,0,-1,579,471,0,
core_C1488,53383,6446,1,0,5667,3680,20854560,0,392,157,544,1,
core_C1587,9552,122532,0,180,3052,2024,6177248,0,-1,-1,581,0,
core_C1285,62468,74838,1,90,2645,8130,21503850,0,-1,-1,9,1,
core_C1313,48921,85715,1,90,3450,5459,18833550,0,-1,-1,491,0,
core_C1249,33102,40073,0,90,2116,6673,14120068,0,586,363,174,0,
core_C1067,12558,108836,1,90,2415,7895,19066425,0,225,-1,319,1,
core_C922,35034,67627,0,90,2024,6194,12536656,0,-1,527,134,0,
core_C1050,42854,93997,0,90,2024,6365,12882760,0,299,-1,223,1,
core_C306,28388,45033,1,90,4370,4516,19734920,0,-1,-1,240,1,
core_C228,20263,115212,1,90,3105,6377,19800585,0,28,503,72,1,
core_C28,34141,2852,0,90,3588,3622,12995736,0,60,-1,650,1,
core_C326,52330,122577,0,90,2208,5926,13084608,0,31,-1,545,1,
core_C443,72570,24050,0,90,2208,5932,13097856,0,-1,493,196,1,
core_C156,60058,6525,0,90,2024,6326,12803824,0,-1,481,63,0,
core_C1159,73858,107271,0,90,1748,5559,9717132,0,-1,-1,630,0,
core_C446,46322,123370,1,0,5699,3680,20972320,0,-1,-1,243,0,
core_C1155,10028,117078,1,0,5735,3680,21104800,0,-1,-1,319,0,
core_C1548,53383,10126,1,90,2415,7939,19172685,0,-1,-1,140,0,
core_C1326,46534,86237,0,90,1932,6221,12018972,0,42,-1,296,0,
core_C740,15548,117870,0,90,3496,3535,12358360,0,-1,-1,569,0,
core_C27,11592,113876,0,90,1932,6264,12102048,0,404,-1,588,1,
core_C133,53751,55615,1,0,6852,3220,22063440,0,-1,647,465,0,
core_C350,9537,78629,0,180,3595,3496,12568120,0,-1,516,391,1,
core_C616,62542,121092,0,90,2024,6380,12913120,0,24,-1,436,1,
core_C1605,46322,115154,1,0,5536,3680,20372480,0,-1,243,329,0,
core_C254,15548,95584,0,90,2024,6278,12706672,0,462,85,167,1,
core_C574,41412,16084,0,90,2024,6451,13056824,0,-1,-1,70,1,
core_C191,13524,95926,0,90,2024,6459,13073016,0,165,364,416,0,
core_C1019,34454,109110,1,90,2760,7278,20087280,0,383,206,438,0,
core_C244,44878,92458,0,90,2024,6537,13230888,0,-1,350,273,0,
core_C591,4991,79446,1,0,4617,4600,21238200,0,-1,457,241,0,
core_C200,68011,39444,1,90,3220,6466,20820520,0,490,351,82,0,
core_C972,9752,110288,0,0,3731,3588,13386828,0,188,588,430,1,
core_C74,68195,68473,1,90,3220,6500,20930000,0,323,522,582,0,
core_C1261,33102,37129,0,0,4592,2944,13518848,0,-1,144,369,0,
core_C978,56143,111868,1,90,2185,6989,15270965,0,199,-1,64,1,
core_C627,51359,32472,1,90,4370,4438,19394060,0,-1,-1,261,1,
core_C748,70270,111787,0,90,2852,4379,12488908,0,386,-1,497,0,
core_C373,25208,108375,0,90,2024,6388,12929312,0,607,-1,499,1,
core_C1009,60743,111868,1,0,4513,4485,20240805,0,460,597,199,1,
core_C108,19251,16290,1,90,3105,6359,19744695,0,-1,425,246,1,
core_C380,34546,55011,1,90,3565,5544,19764360,0,-1,186,189,0,
core_C555,34546,70631,1,90,3565,5642,20113730,0,-1,627,210,0,
core_C1030,37058,80410,0,90,2024,6316,12783584,0,283,495,104,1,
core_C1455,34758,98114,0,90,1380,4229,5836020,0,-1,-1,406,0,
core_C537,20222,8174,1,90,2530,8116,20533480,0,-1,-1,336,1,
core_C1284,34546,60555,1,90,3680,5591,20574880,0,-1,210,181,0,
core_C1089,25829,120910,1,0,4603,4485,20644455,0,-1,-1,238,0,
core_C1356,13483,30614,0,0,5328,2484,13234752,0,-1,-1,172,1,
core_C476,34546,50411,1,0,4623,4600,21265800,0,-1,181,622,1,
core_C1688,13524,87025,0,0,5772,2300,13275600,0,-1,596,25,0,
core_C959,21344,114773,0,0,5153,2576,13274128,0,-1,469,385,0,
core_C1037,33102,49598,0,0,4548,2944,13389312,0,257,271,363,0,
core_C289,34454,22823,1,0,4668,4600,21472800,0,-1,289,237,0,
core_C1691,48581,57625,0,0,5210,2576,13420960,0,-1,-1,6,0,
core_C753,56562,76728,0,90,3588,3752,13462176,0,564,316,377,1,
core_C1140,70454,35335,0,90,2116,6539,13836524,0,152,-1,215,1,
core_C431,5888,113876,0,90,1932,6329,12227628,0,430,514,412,0,
core_C153,66590,67232,0,0,3848,3772,14514656,0,-1,78,14,0,
core_C954,58328,111868,1,90,2415,7840,18933600,0,179,-1,175,1,
core_C654,25147,72714,0,90,2484,5052,12549168,0,-1,-1,448,1,
core_C422,48466,88721,0,0,5703,2208,12592224,0,-1,380,42,0,
core_C649,74134,74176,0,90,1472,4449,6548928,0,-1,-1,302,1,
core_C1185,26972,124120,0,90,2944,4433,13050752,0,546,-1,354,1,
core_C1450,41577,62358,0,90,2024,6476,13107424,0,-1,-1,473,1,
core_C1250,31078,76425,0,90,2024,6484,13123616,0,-1,256,374,0,
core_C1288,34454,116800,1,0,4579,4485,20536815,0,-1,-1,168,0,
core_C1076,62238,107160,0,90,2300,4824,11095200,0,-1,-1,511,1,
core_C1698,0,54838,1,90,4485,4644,20828340,0,-1,408,43,0,
core_C1620,13616,22696,1,90,2300,7395,17008500,0,-1,629,338,0,
core_C1303,34546,66146,1,0,4669,4485,20940465,0,-1,182,186,0,
core_C183,39082,74125,0,0,4559,2944,13421696,0,361,270,283,0,
core_C888,41722,90416,1,0,4709,4485,21119865,0,-1,555,326,1,
core_C1321,54538,23736,0,0,4583,3036,13913988,0,-1,22,31,0,
core_C583,62082,0,0,90,1932,6100,11785200,0,97,118,63,1,
core_C1059,68522,35335,0,90,1932,6213,12003516,0,196,-1,398,1,
core_C313,49938,116781,0,0,4454,2852,12702808,0,-1,227,67,1,
core_C129,24196,68850,0,0,4045,3864,15629880,0,548,-1,38,0,
core_C106,31848,114053,0,90,2208,5823,12857184,0,-1,-1,583,1,
core_C952,31078,16013,0,0,4612,2944,13577728,0,288,266,494,1,
core_C1142,23368,40710,1,0,4630,4600,21298000,0,-1,599,536,0,
core_C1085,60835,120976,1,90,1725,5838,10070550,0,610,-1,291,0,
core_C1369,39082,80013,0,0,4517,2944,13298048,0,-1,379,270,0,
core_C905,41014,93997,0,90,1840,5850,10764000,0,147,-1,292,0,
core_C284,48829,29252,1,0,6477,3220,20855940,0,-1,261,562,0,
core_C1306,14973,90551,1,0,4680,4485,20989800,0,79,467,145,1,
core_C1391,33102,27745,0,0,3742,3588,13426296,0,-1,590,560,0,
core_C1086,49938,119633,0,0,4594,2944,13524736,0,-1,545,216,0,
core_C22,25940,6537,0,90,2668,4240,11312320,0,-1,95,480,0,
core_C1566,21344,80423,0,90,2760,4216,11636160,0,-1,18,535,0,
core_C789,34454,0,1,90,4140,4281,17723340,0,646,353,566,1,
core_C368,70178,116166,0,90,1748,5392,9425216,0,551,48,519,1,
core_C700,9936,120758,1,180,4416,4255,18790080,0,65,-1,613,0,
core_C141,72570,53338,0,90,2484,4986,12385224,0,-1,235,290,0,
core_C1068,44878,56242,0,90,3496,3543,12386328,0,604,273,626,0,
core_C173,72570,58324,0,90,2852,4358,12429016,0,-1,487,233,0,
core_C138,41232,28365,0,90,1932,6299,12169668,0,-1,-1,308,1,
core_C664,34454,16502,1,90,3105,6321,19626705,0,-1,193,62,0,
core_C470,25829,110285,1,90,2530,7784,19693520,0,553,187,505,0,
core_C1097,13524,35950,0,90,3496,3603,12596088,0,-1,29,404,0,
core_C1134,23368,45425,1,0,5020,4945,24823900,0,148,450,599,0,
core_C1418,4991,71545,1,90,2530,7818,19779540,0,518,170,435,0,
core_C222,31078,34258,0,90,2024,6251,12652024,0,-1,347,89,0,
core_C1041,46322,118834,1,90,4370,4536,19822320,0,-1,155,164,0,
core_C1606,68287,116811,1,90,4370,4546,19866020,0,418,-1,117,0,
core_C66,65527,11270,1,90,3680,5564,20475520,0,-1,640,34,0,
core_C1398,16721,16214,1,90,2530,8148,20614440,0,180,395,338,1,
core_C992,44878,121458,0,0,4542,2944,13371648,0,-1,-1,334,0,
core_C505,23368,64791,1,90,1955,4937,9651835,0,-1,-1,403,0,
core_C1294,31078,62350,0,180,3739,3680,13759520,0,-1,54,608,0,
core_C916,5704,4968,0,0,5864,2300,13487200,0,419,-1,399,1,
core_C176,72202,80192,0,90,2116,5489,11614724,0,-1,45,302,0,
core_C342,68011,49590,1,90,4140,4332,17934480,0,-1,88,351,0,
core_C586,31078,21901,0,90,2024,6108,12362592,0,-1,89,266,0,
core_C271,5809,2484,0,0,4993,2484,12402612,0,-1,-1,504,0,
core_C327,54538,50508,0,0,5205,2484,12929220,0,-1,19,22,0,
core_C1293,31078,82909,0,90,3496,3608,12613568,0,-1,278,205,0,
core_C1081,37650,47434,0,90,2852,4427,12625804,0,66,-1,192,1,
core_C1361,27828,62439,0,90,2024,6411,12975864,0,-1,-1,277,0,
core_C840,50398,10153,0,90,2944,4421,13015424,0,603,641,1,1,
core_C1374,13616,36388,1,90,3105,6399,19868895,0,282,-1,629,0,
core_C953,48829,32472,1,90,2530,8078,20437340,0,176,619,224,0,
core_C849,68287,104933,1,90,3105,6455,20042775,0,-1,117,639,0,
core_C1532,17692,0,1,0,5635,3565,20088775,0,-1,76,352,1,
core_C1328,4899,4531,1,0,6476,3105,20107980,0,-1,618,90,0,
core_C1319,50398,21097,0,90,3680,3704,13630720,0,-1,-1,641,0,
core_C1527,31078,18957,0,0,4529,2944,13333376,0,120,253,219,0,
core_C838,26864,39218,0,90,2116,6356,13449296,0,371,-1,12,1,
core_C317,0,0,1,90,3680,5719,21045920,0,-1,634,-1,0,
core_C778,19022,0,0,0,4593,2944,13521792,0,298,-1,643,1,
core_C329,39082,77069,0,0,4597,2944,13533568,0,424,222,211,0,
core_C76,33102,52542,0,90,3772,3852,14529744,0,106,589,192,0,
core_C1463,53751,70725,1,0,6022,3795,22853490,0,286,617,59,0,
core_C520,44878,59785,0,90,1656,5302,8780112,0,2,169,234,0,
core_C214,42578,124402,0,180,4984,2484,12380256,0,-1,-1,538,0,
core_C1052,48921,68882,1,90,4370,4448,19437760,0,472,122,445,0,
core_C1524,43340,115301,1,90,2530,7769,19655570,0,-1,-1,502,1,
core_C1004,27828,56226,0,90,2024,6213,12575112,0,-1,258,482,0,
core_C5,31078,86959,0,0,5201,2484,12919284,0,-1,468,256,0,
core_C442,0,42337,1,90,2530,7983,20196990,0,-1,43,456,0,
core_C250,2484,102673,1,90,3105,6512,20219760,0,409,628,305,0,
core_C1246,9936,50761,1,0,7153,2760,19742280,0,-1,3,422,0,
core_C885,16721,41763,1,0,6366,3105,19766430,0,-1,-1,260,1,
core_C1694,39082,71181,0,0,4419,2944,13009536,0,-1,211,183,1,
core_C921,27306,113167,0,90,2852,4513,12871076,0,-1,583,375,0,
core_C1656,33243,106037,0,90,2944,4428,13036032,0,-1,-1,568,0,
core_C12,59773,63267,1,90,2760,7201,19874760,0,-1,433,272,1,
core_C164,5888,126580,0,0,5910,2208,13049280,0,-1,-1,475,0,
core_C205,35690,12645,0,90,2024,6497,13149928,0,70,-1,219,1,
core_C290,34454,27423,1,90,3105,6465,20073825,0,-1,340,193,0,
core_C132,72570,46812,0,90,2024,6526,13208624,0,-1,233,449,0,
core_C715,60835,116353,1,90,4600,4623,21265800,0,-1,221,597,1,
core_C1296,41014,90317,0,0,3713,3680,13663840,0,-1,223,453,0,
core_C1649,68287,89153,1,0,5665,3680,20847200,0,-1,637,446,0,
core_C1517,31359,121285,1,0,4668,4485,20935980,0,502,-1,576,1,
core_C1082,48631,2208,0,90,1748,5737,10028276,0,-1,394,299,1,
core_C730,46534,83937,0,0,5836,2300,13422800,0,-1,158,2,0,
core_C275,0,12164,0,90,2024,6631,13421144,0,402,432,358,0,
core_C1559,23615,0,0,0,4559,2944,13421696,0,525,-1,269,1,
core_C567,44878,6532,0,0,3753,3588,13465764,0,295,1,147,1,
core_C557,0,15547,1,90,4485,4693,21048105,0,-1,365,575,0,
core_C1383,44878,111098,0,90,2116,6761,14306276,0,523,334,541,0,
core_C515,72202,74176,0,90,1932,6016,11622912,0,202,251,497,1,
core_C397,35034,56394,0,0,4964,3220,15984080,0,343,129,589,1,
core_C604,34995,6474,0,90,1932,6171,11922372,0,-1,-1,125,1,
core_C736,2484,94578,1,90,2415,7900,19078500,0,-1,280,362,0,
core_C1498,62542,38635,0,90,2024,6208,12564992,0,-1,-1,642,1,
core_C816,28933,37030,1,90,2530,8003,20247590,0,651,-1,536,1,
core_C873,36690,31333,0,0,4542,2852,12953784,0,236,-1,590,1,
core_C609,68246,105652,0,90,2024,6420,12994080,0,497,519,410,0,
core_C1423,31409,106605,1,90,2530,7831,19812430,0,-1,-1,505,1,
core_C782,3864,54893,0,90,2024,6435,13024440,0,-1,452,17,0,
core_C21,0,120900,0,90,2024,6443,13040632,0,131,-1,30,0,
core_C507,27306,98895,0,0,3674,3588,13182312,0,99,396,93,0,
core_C1157,60058,58852,0,0,4508,2852,12856816,0,-1,-1,19,1,
core_C1096,70331,20514,1,0,4614,4485,20693790,0,-1,-1,592,1,
core_C724,56562,80480,0,0,4502,2944,13253888,0,128,360,195,0,
core_C352,53751,48255,1,0,5630,3680,20718400,0,-1,465,521,1,
core_C1136,48737,0,1,0,5654,3680,20806720,0,342,393,329,1,
core_C491,10028,108836,1,90,2530,8242,20852260,0,145,156,580,0,
core_C1377,33292,110465,0,180,3722,3588,13354536,0,-1,-1,375,1,
core_C435,43907,102606,1,90,4600,4769,21937400,0,-1,532,102,0,
core_C1291,10028,99751,1,0,4904,4715,23122360,0,-1,580,613,1,
core_C1012,71415,71829,1,90,3105,3276,10171980,0,-1,-1,173,1,
core_C918,65711,31784,1,90,2300,7004,16109200,0,74,86,341,0,
core_C1705,34638,82668,1,90,2300,7515,17284500,0,534,571,611,1,
core_C1102,39422,90416,1,90,2300,7569,17408700,0,212,-1,442,0,
core_C792,48829,91174,1,90,2875,6178,17761750,0,-1,-1,619,0,
core_C1153,71466,11277,0,90,1932,6207,11991924,0,-1,-1,485,0,
core_C1706,46322,107375,1,90,2415,7779,18786285,0,318,164,532,1,
core_C763,60058,32435,0,90,2392,5031,12034152,0,587,642,87,0,
core_C1008,20007,44868,1,90,2760,7022,19380720,0,-1,119,648,1,
core_C1000,64566,33396,0,180,3595,3588,12898860,0,-1,36,130,0,
core_C1461,54538,83294,0,90,2024,6373,12898952,0,-1,563,376,0,
core_C1060,44878,117859,0,90,3496,3599,12582104,0,-1,247,301,0,
core_C1104,16824,125085,0,90,3588,3623,12999324,0,635,-1,557,1,
core_C363,17692,8174,1,90,2530,8040,20341200,0,185,-1,76,0,
core_C550,53751,61595,1,90,3565,5565,19839225,0,-1,59,647,0,
core_C965,13616,16130,1,90,3105,6566,20387430,0,246,209,4,1,
core_C9,29606,95423,0,0,5121,2484,12720564,0,-1,-1,539,1,
core_C1003,34454,33888,1,90,3565,5578,19885570,0,-1,51,289,0,
core_C1554,65711,28679,1,0,6439,3105,19993095,0,-1,324,417,0,
core_C746,54391,0,1,90,3105,6446,20014830,0,397,-1,318,1,
core_C870,39998,57894,0,90,2944,4464,13142016,0,-1,-1,303,1,
core_C626,2484,116046,1,0,5582,3680,20541760,0,-1,-1,628,0,
core_C1541,21344,69580,0,90,2852,4495,12819740,0,38,448,56,0,
core_C1631,11408,86552,0,90,2024,6334,12820016,0,116,-1,8,1,
core_C1362,31078,40509,0,90,2024,6501,13158024,0,-1,608,242,0,
core_C88,0,0,0,90,2024,6508,13172192,0,-1,358,-1,0,
core_C786,34454,43951,1,90,3105,6460,20058300,0,-1,622,51,0,
core_C1168,44878,98995,0,90,3588,3675,13185900,0,-1,543,169,0,
core_C186,68011,45910,1,0,5606,3680,20630080,0,-1,252,171,0,
core_C38,15047,0,1,90,2645,8009,21183805,0,263,373,33,1,
core_C508,34454,4281,1,0,6659,3105,20676195,0,-1,368,230,0,
core_C950,24856,120201,0,90,2116,6353,13442948,0,203,-1,479,1,
core_C1166,21344,31214,0,0,4596,2944,13530624,0,480,549,508,1,
core_C404,71691,58428,1,90,2645,5597,14804065,0,-1,-1,413,1,
core_C539,9936,94921,1,0,4940,4830,23860200,0,-1,613,431,0,
core_C1397,0,6508,0,90,1840,5656,10407040,0,-1,297,348,0,
core_C1513,20619,103201,1,90,2415,7526,18175290,0,-1,-1,638,1,
core_C633,56562,83424,0,90,1932,6146,11874072,0,-1,101,316,0,
core_C1604,43641,0,0,0,3496,3496,12222016,0,112,-1,211,1,
core_C1426,2484,86631,1,90,2415,7947,19192005,0,90,305,600,1,
core_C1338,33102,46746,0,0,4383,2852,12500316,0,573,192,144,0,
core_C263,13524,102385,0,90,1932,6315,12200580,0,-1,486,167,0,
core_C1324,0,20240,1,180,4496,4485,20164560,0,-1,547,300,0,
core_C1572,0,122486,1,0,6494,3105,20163870,0,-1,-1,595,0,
core_C167,22729,2944,0,90,2852,4534,12930968,0,-1,-1,572,1,
core_C693,34454,7386,1,90,4485,4516,20254260,0,-1,62,353,0,
core_C1521,33102,34921,0,0,5876,2208,12974208,0,621,174,590,0,
core_C503,15548,89325,0,90,2024,6259,12668216,0,-1,-1,416,1,
core_C1626,28980,6537,0,0,4431,2944,13044864,0,542,-1,267,1,
core_C861,13064,15640,0,0,3648,3496,12753408,0,476,411,498,0,
core_C354,15047,8009,1,90,2530,8121,20546130,0,-1,-1,352,0,
core_C975,31078,70531,0,90,2300,5894,13556200,0,-1,205,54,0,
core_C1536,27306,110959,0,180,5986,2208,13217088,0,320,284,94,0,
core_C1702,54538,76728,0,90,2024,6566,13289584,0,-1,333,19,0,
core_C622,54538,108396,0,90,2024,6602,13362448,0,195,-1,533,0,
core_C1225,53291,122468,1,180,4661,4600,21440600,0,-1,-1,122,1,
core_C1515,39082,82957,0,90,1932,5974,11541768,0,423,-1,222,0,
core_C1412,48466,90929,0,0,5638,2116,11930008,0,-1,20,201,0,
core_C115,9384,31004,0,90,2024,6111,12368664,0,-1,-1,17,1,
core_C1062,64566,62250,0,90,2024,6130,12407120,0,-1,-1,407,0,
core_C166,37214,109110,1,90,2530,7690,19455700,0,135,-1,168,1,
core_C341,38111,97985,1,90,3105,6517,20235285,0,80,-1,492,1,
core_C1077,21344,108375,0,90,2024,6398,12949552,0,499,191,18,0,
core_C196,73122,89348,0,90,2208,5865,12949920,0,-1,-1,177,1,
core_C1115,15456,5647,0,90,2852,4428,12628656,0,-1,507,498,1,
core_C643,39693,41186,0,90,2024,6248,12645952,0,-1,-1,573,1,
core_C1538,4991,93703,1,180,4527,4485,20303595,0,-1,645,428,0,
core_C821,2392,119726,1,0,7357,2760,20305320,0,-1,-1,600,0,
core_C852,5888,82033,0,0,3649,3496,12756904,0,162,8,110,0,
core_C545,59050,2760,1,0,5560,3680,20460800,0,-1,-1,140,1,
core_C438,48737,3680,1,90,3105,6590,20461950,0,-1,556,318,0,
core_C832,48631,7945,0,0,5785,2208,12773280,0,-1,-1,295,0,
core_C1480,16721,28226,1,270,4370,4567,19957790,0,-1,52,246,0,
core_C1477,27306,102483,0,0,5937,2208,13108896,0,568,94,313,0,
core_C109,57496,0,1,0,7446,2760,20550960,0,-1,-1,342,1,
core_C941,66498,36984,0,90,2024,6512,13180288,0,215,-1,36,1,
core_C962,2024,3680,0,90,3680,3741,13766880,0,250,7,402,0,
core_C630,9936,44666,1,0,6550,3220,21091000,0,-1,422,518,1,
core_C1529,36823,24065,0,180,3761,3680,13840480,0,624,-1,560,1,
core_C801,2024,0,0,0,3785,3680,13928800,0,504,399,297,1,
core_C881,23368,57547,1,90,2185,7244,15828140,0,509,248,450,0,
core_C807,13524,33098,0,0,4366,2852,12451832,0,-1,239,160,1,
core_C1601,13064,5060,0,90,2208,5659,12495072,0,-1,498,15,1,
core_C552,34758,91927,0,90,2024,6187,12522488,0,-1,184,512,1,
core_C1238,64566,55864,0,90,2024,6386,12925264,0,14,382,506,0,
core_C1120,0,59482,1,0,4523,4370,19765510,0,-1,477,208,0,
core_C612,5589,102673,1,90,2530,7839,19832670,0,-1,-1,280,1,
core_C382,68246,102002,0,90,3588,3650,13096200,0,-1,309,103,0,
core_C269,13064,19136,0,90,2024,6326,12803824,0,-1,643,372,0,
core_C1534,5888,110288,0,0,3666,3588,13153608,0,-1,197,8,0,
core_C143,68011,58428,1,90,3680,5598,20600640,0,356,616,88,0,
core_C1202,40683,124160,1,0,4598,4485,20622030,0,-1,-1,466,1,
core_C790,44878,33889,0,90,3588,3682,13211016,0,-1,40,1,0,
core_C1422,13524,89399,0,90,2024,6527,13210648,0,370,167,596,0,
core_C911,65711,24999,1,0,5616,3680,20666880,0,-1,341,592,0,
core_C1318,72657,105915,1,90,2645,8066,21334570,0,-1,-1,244,1,
core_C1098,11568,0,0,0,5217,2576,13438992,0,540,513,250,1,
core_C1597,37518,62374,0,90,2300,5863,13484900,0,-1,-1,134,1,
core_C610,25737,54165,1,0,4713,4485,21137805,0,-1,591,593,1,
core_C104,9936,47886,1,0,7541,2875,21680375,0,648,281,400,0,
core_C1460,41014,82957,0,0,3778,3772,14250616,0,-1,453,379,1,
core_C624,43679,3496,0,0,4676,3036,14196336,0,-1,-1,270,1,
core_C379,19251,22649,1,90,1840,5577,10261680,0,-1,-1,180,0,
core_C1522,73858,95213,0,90,1840,5746,10572640,0,-1,630,551,1,
core_C478,2024,31157,0,90,1840,5858,10778720,0,17,77,7,0,
core_C1341,4991,88416,1,90,3335,5287,17632145,0,-1,389,457,0,
core_C6,11408,37550,0,90,1932,5964,11522448,0,-1,-1,631,0,
core_C377,7820,113876,0,90,1932,6221,12018972,0,172,-1,197,1,
core_C1339,9936,90551,1,180,4434,4370,19376580,0,-1,357,3,0,
core_C489,0,18795,0,90,2024,6147,12441528,0,-1,113,297,0,
core_C1487,59773,70468,1,180,4454,4370,19463980,0,-1,-1,286,0,
core_C920,26864,77766,0,0,3627,3496,12679992,0,650,-1,18,1,
core_C189,4991,66019,1,90,3680,5526,20335680,0,-1,241,579,0,
core_C956,60518,121092,0,90,2024,6458,13070992,0,163,-1,464,0,
core_C1164,58494,114928,0,0,5144,2484,12777696,0,-1,496,461,0,
core_C42,34454,106005,1,0,6651,3105,20651355,0,-1,168,601,0,
core_C1402,44878,49066,0,0,3703,3680,13627040,0,6,626,584,0,
core_C1378,17388,110727,1,0,4639,4485,20805915,0,-1,72,520,1,
core_C488,48921,40550,1,0,4649,4485,20850765,0,-1,463,619,1,
core_C703,39422,86736,1,0,5666,3680,20850880,0,-1,326,10,0,
core_C399,39927,7880,0,90,2944,4548,13389312,0,-1,-1,632,0,
core_C656,61961,47156,1,90,2530,8268,20918040,0,-1,81,636,1,
core_C854,48921,64188,1,90,4485,4694,21052590,0,-1,275,559,0,
core_C768,68287,85473,1,0,5740,3680,21123200,0,-1,293,57,0,
core_C125,30849,123583,0,180,6395,2116,13531820,0,73,-1,577,1,
core_C281,21344,74075,0,0,3803,3772,14344916,0,200,535,345,0,
core_C696,72570,41600,0,90,2484,5212,12946608,0,-1,290,458,0,
core_C1483,23368,50370,1,90,2185,7177,15681745,0,-1,403,240,0,
core_C865,60150,68046,0,90,3036,3080,9350880,0,-1,-1,564,0,
core_C556,3864,61328,0,90,2024,6396,12945504,0,0,-1,311,0,
core_C1408,41014,86729,0,0,3588,3588,12873744,0,-1,292,423,0,
core_C632,62174,61704,0,90,2024,6342,12836208,0,-1,-1,564,1,
core_C1542,0,68368,1,180,4495,4370,19643150,0,-1,484,477,0,
core_C836,0,35692,1,90,3105,6645,20632725,0,-1,279,517,0,
core_C872,4991,84046,1,0,4595,4370,20080150,0,-1,428,170,0,
core_C361,72570,35090,0,90,2024,6510,13176240,0,-1,449,493,0,
core_C570,25737,62330,1,180,5571,3565,19860615,0,-1,510,591,0,
core_C233,65256,0,1,0,6375,3105,19794375,0,-1,-1,179,1,
core_C675,58494,111984,0,0,4567,2944,13445248,0,-1,437,511,0,
core_C456,17572,89325,0,90,1932,5986,11564952,0,23,633,165,1,
core_C1703,48921,45035,1,0,6880,3220,22153600,0,27,644,441,0,
core_C1216,60518,117412,0,0,3765,3680,13855200,0,-1,436,496,1,
core_C702,53751,51935,1,0,5680,3680,20902400,0,636,161,317,0,
core_C1320,36027,124160,1,0,4656,4485,20882160,0,414,-1,502,0,
core_C392,14973,95036,1,0,5801,3680,21347680,0,585,137,225,0,
core_C298,31078,89443,0,0,5169,2484,12839796,0,-1,512,278,0,
core_C1428,21344,117349,0,0,4502,2852,12839704,0,-1,-1,191,0,
core_C463,15548,109866,0,0,4467,2944,13150848,0,-1,515,92,0,
core_C240,4991,49266,1,90,3105,6595,20477475,0,-1,139,138,0,
core_C524,53291,119708,1,0,7198,2760,19866480,0,-1,-1,275,1,
core_C396,37150,68237,0,0,4427,2944,13033088,0,204,-1,527,1,
core_C62,5589,110512,1,90,3680,5534,20365120,0,-1,-1,628,1,
core_C434,5888,124556,0,0,6426,2024,13006224,0,557,287,514,0,
core_C1591,16712,13482,0,90,2024,6254,12658096,0,-1,-1,372,1,
core_C564,0,63852,1,90,4485,4516,20254260,0,-1,455,408,0,
core_C311,18561,58187,1,90,4485,4516,20254260,0,-1,-1,3,1,
core_C391,21268,120201,0,90,3588,3601,12920388,0,354,-1,633,1,
core_C1537,25940,2944,0,270,3588,3593,12891684,0,-1,228,355,1,
core_C1128,60058,24651,0,90,3496,3581,12519176,0,-1,87,153,0,
core_C1314,27828,50619,0,90,2208,5607,12380256,0,-1,277,531,0,
core_C1586,19504,37106,0,90,1840,5757,10592880,0,-1,-1,508,0,
core_C1608,0,72738,1,90,4715,4807,22665005,0,-1,595,455,0,
core_C194,71466,6065,0,90,2576,5212,13426112,0,-1,328,61,1,
core_C67,13524,108700,0,90,2024,6535,13226840,0,-1,550,364,0,
core_C1510,72570,62682,0,90,2024,6513,13182312,0,-1,71,235,0,
core_C814,39052,34664,0,90,3588,3670,13167960,0,-1,625,621,1,
core_C874,48737,16071,1,90,3680,5591,20574880,0,-1,602,556,0,
core_C735,71231,41180,1,90,4370,4572,19979640,0,-1,-1,171,1,
core_C898,48921,77834,1,90,2530,7881,19938930,0,-1,143,122,0,
core_C1355,34546,94759,1,90,3565,5677,20238505,0,384,114,611,0,
core_C1073,72570,29982,0,90,2392,5108,12218336,0,-1,458,152,0,
core_C1675,29054,81262,0,90,2024,6364,12880736,0,219,-1,561,1,
core_C1567,37058,88931,0,0,3582,3496,12522672,0,-1,11,183,0,
core_C687,58494,117412,0,90,2024,6145,12437480,0,464,-1,437,0,
core_C754,70270,105652,0,90,1932,6135,11852820,0,302,177,309,1,
core_C805,13064,10719,0,90,2392,4921,11771032,0,387,372,405,0,
core_C1474,23368,108375,0,90,1840,6002,11043680,0,178,-1,385,1,
core_C722,66590,98328,0,90,1656,4346,7196976,0,103,75,16,0,
core_C107,18653,98716,1,0,4688,4485,21025680,0,-1,-1,137,1,
core_C40,36027,121285,1,0,7313,2875,21024875,0,276,466,294,1,
core_C859,20263,121589,1,0,4678,4485,20980830,0,-1,-1,149,0,
core_C670,5809,0,0,0,5337,2484,13257108,0,-1,254,402,1,
core_C1479,25829,106605,1,0,5580,3680,20534400,0,310,238,13,0,
core_C447,64566,49579,0,90,2024,6285,12720840,0,-1,407,55,0,
core_C1636,15456,10075,0,90,3312,3407,11283984,0,-1,-1,387,0,
core_C839,19504,31214,0,90,1840,5892,10841280,0,355,483,23,0,
core_C1344,25553,50370,1,0,5869,3795,22272855,0,-1,609,403,1,
core_C1575,25737,65895,1,0,5739,3680,21119520,0,529,615,459,0,
core_C1156,58494,107160,0,0,3744,3588,13433472,0,207,461,5,0,
core_C835,31078,91927,0,0,3680,3496,12865280,0,406,-1,468,0,
core_C1663,11568,2576,0,0,5168,2484,12837312,0,-1,-1,419,0,
core_C1671,5888,120205,0,180,3664,3588,13146432,0,581,475,197,0,
core_C595,15548,112810,0,0,5252,2484,13045968,0,-1,569,470,0,
core_C1615,9537,82125,0,90,2852,4427,12625804,0,-1,-1,162,0,
core_C221,0,31178,1,90,4370,4514,19726180,0,-1,456,547,0,
core_C800,7521,71545,1,90,2415,7901,19080915,0,400,-1,241,1,
core_C54,68246,112072,0,90,1932,6294,12160008,0,231,-1,309,0,
core_C798,14973,107990,1,90,2415,7848,18952920,0,440,-1,638,0,
core_C314,51336,56384,1,90,2415,7804,18846660,0,317,-1,559,1,
core_C1616,68195,74973,1,90,2530,7625,19291250,0,649,605,173,0,
core_C986,46994,111098,0,90,1472,4426,6515072,0,-1,-1,301,1,
core_C1325,39927,0,0,90,2760,4292,11845920,0,-1,632,136,1,
core_C851,28174,0,0,90,2484,2587,6426108,0,124,-1,298,1,
core_C452,61064,76468,0,90,2116,5329,11276164,0,-1,-1,128,0,
core_C1395,35034,73821,0,90,2116,6589,13942324,0,473,104,146,0,
core_C659,65527,3105,1,180,4715,4485,21146775,0,-1,34,96,1,
core_C1336,31476,49549,1,90,2530,8253,20880090,0,-1,32,510,1,
core_C31,15548,104070,0,0,4535,2852,12933820,0,-1,92,85,0,
core_C521,27828,45574,0,90,2484,5045,12531780,0,-1,482,38,1,
core_C86,43907,107375,1,90,2415,7926,19141290,0,329,-1,321,0,
core_C751,54538,102276,0,90,1932,6120,11823840,0,-1,377,37,0,
core_C1063,36938,82668,1,90,2300,7606,17493800,0,26,-1,325,1,
core_C150,21344,77847,0,0,5511,2576,14196336,0,-1,229,448,0,
core_C823,23368,37030,1,0,5565,3680,20479200,0,307,220,28,0,
core_C741,56562,123557,0,90,2852,4474,12759848,0,-1,-1,552,0,
core_C1241,42578,106268,0,90,1932,5866,11333112,0,-1,274,44,0,
core_C634,27306,87626,0,90,2300,4757,10941100,0,339,93,561,0,
core_C389,16785,0,0,90,2208,5647,12468576,0,-1,-1,419,1,
core_C39,44878,106130,0,90,2392,4968,11883456,0,-1,301,543,0,
core_C776,33411,0,0,0,4492,2852,12811184,0,136,-1,371,1,
core_C1038,44878,102670,0,90,3312,3460,11459520,0,-1,541,350,0,
core_C1360,48829,21662,1,0,4554,4485,20424690,0,140,562,602,1,
core_C1346,49938,122577,0,90,2392,5147,12311624,0,151,-1,227,0,
core_C423,29916,125699,0,0,5543,2208,12238944,0,-1,-1,203,1,
core_C280,0,24725,1,90,3105,6453,20036565,0,-1,517,365,0,
core_C1669,28241,68850,0,90,2024,6470,13095280,0,-1,-1,217,1,
core_C1330,21344,34158,0,0,4537,2852,12939524,0,-1,108,355,0,
core_C63,13524,121405,0,0,3699,3680,13612320,0,-1,-1,486,0,
core_C1342,71926,116166,0,90,1932,6186,11951352,0,426,-1,231,1,
core_C1236,56562,95622,0,90,1932,6045,11678940,0,5,537,101,0,
core_C641,28359,114436,1,90,3105,6474,20101770,0,566,-1,238,1,
core_C523,21344,62954,0,0,5875,2300,13512500,0,598,56,12,0,
core_C871,41722,94901,1,0,6491,3220,20901020,0,-1,107,212,0,
core_C1410,48737,10270,1,90,3680,5801,21347680,0,-1,489,393,0,
core_C1207,12314,125085,0,0,4510,2944,13277440,0,335,-1,475,1,
core_C1259,60058,52684,0,90,2024,6168,12484032,0,-1,-1,47,0,
core_C353,48921,56384,1,90,2415,7777,18781455,0,521,445,644,0,
core_C909,33102,24065,0,0,3721,3588,13350948,0,401,226,89,1,
core_C1690,27306,81262,0,90,1748,5388,9418224,0,494,539,607,1,
core_C1337,48829,26147,1,0,6375,3105,19794375,0,-1,224,544,0,
core_C1617,54538,89667,0,90,2024,6522,13200528,0,-1,37,333,0,
core_C204,60150,61704,0,90,2024,6224,12597376,0,454,451,195,1,
core_C312,72381,34889,1,90,3105,6291,19533555,0,-1,-1,82,1,
core_C136,31464,114436,1,90,2990,6399,19133010,0,230,-1,553,1,
core_C1535,71852,99503,1,90,2990,6412,19171880,0,-1,-1,117,1,
core_C219,33243,102357,0,0,3695,3680,13597600,0,-1,285,396,1,
core_C390,15548,115294,0,0,5265,2576,13562640,0,-1,159,515,0,
core_C1465,39061,7386,1,0,7168,2760,19783680,0,-1,-1,62,1,
core_C1262,34638,90274,1,0,4639,4485,20805915,0,-1,-1,325,0,
core_C1121,19044,2944,0,0,3685,3680,13560800,0,367,-1,25,1,
core_C549,37485,41186,0,90,2208,5810,12828480,0,388,-1,363,1,
core_C697,92,82145,1,90,4370,4486,19603820,0,-1,578,46,0,
core_C1674,0,11177,1,0,4572,4370,19979640,0,-1,300,634,0,
core_C713,25645,125395,1,0,5714,3680,21027520,0,294,-1,593,0,
core_C409,27232,120624,0,180,3617,3496,12645032,0,447,-1,607,0,
core_C437,92,86631,1,90,2300,7473,17187900,0,600,-1,574,0,
core_C24,4991,61649,1,0,4521,4370,19756770,0,-1,435,139,0,
core_C766,10028,104466,1,180,4537,4370,19826690,0,-1,319,322,0,
core_C1,9552,120140,0,180,3628,2392,8678176,0,-1,141,514,1,
core_C635,68195,64026,1,90,4370,4447,19433390,0,49,173,594,1,
core_C771,27306,117680,0,0,4542,2944,13371648,0,218,-1,284,0,
core_C1179,44878,43336,0,90,2208,5730,12651840,0,-1,439,606,0,
core_C1632,20774,68182,1,90,2530,8163,20652390,0,-1,-1,467,1,
core_C1657,35218,40073,0,90,2024,6404,12961696,0,-1,-1,144,1,
core_C112,62450,32435,0,90,2024,6200,12548800,0,-1,-1,330,1,
core_C127,9752,113876,0,90,1840,5892,10841280,0,160,-1,172,0,
core_C793,33102,56394,0,90,1932,5956,11506992,0,303,-1,271,0,
core_C1507,33102,31333,0,0,3588,3588,12873744,0,308,369,226,0,
core_C71,25737,58650,1,0,5574,3680,20512320,0,-1,459,421,0,
core_C1359,65711,20514,1,180,4620,4485,20720700,0,315,417,614,1,
core_C1036,25645,54165,1,0,92,115,10580,0,421,576,609,1,
core_C1240,68103,64026,1,0,92,115,10580,0,582,-1,616,1,
core_C1628,0,77545,1,0,92,115,10580,0,46,366,484,0,
core_C1061,13524,89325,0,90,92,74,6808,0,-1,416,190,0,
core_C473,60743,116353,1,0,92,115,10580,0,291,-1,179,0,
core_C1110,27219,45574,0,0,74,92,6808,0,-1,-1,554,1,
core_C1147,23368,45310,1,180,92,115,10580,0,-1,240,220,0,
core_C1200,2392,86631,1,0,92,115,10580,0,362,390,578,1,
core_C1501,34454,50526,1,0,92,115,10580,0,-1,438,622,0,
core_C1650,48737,21662,1,0,92,115,10580,0,544,-1,489,0,
core_C994,53342,10153,0,0,74,92,6808,0,-1,-1,259,1,
core_C982,48374,56242,0,0,74,92,6808,0,-1,-1,234,1,
core_C946,68195,82598,1,0,92,115,10580,0,57,-1,522,0,
core_C652,44878,43244,0,0,74,92,6808,0,-1,584,40,0,
core_C674,27232,81262,0,0,74,92,6808,0,561,577,178,1,
core_C26,31078,47010,0,0,74,92,6808,0,-1,249,347,0,
core_C743,25553,54165,1,0,92,115,10580,0,593,-1,509,0,
core_C843,62560,120976,1,0,92,115,10580,0,96,-1,221,1,
core_C819,34546,82668,1,0,92,115,10580,0,325,492,627,0,
core_C806,65527,20514,1,0,92,115,10580,0,614,-1,640,0,
core_C1494,9936,99751,1,0,92,115,10580,0,322,232,357,0,
core_C1434,65619,20514,1,0,92,115,10580,0,592,-1,612,1,
core_C1416,25737,69575,1,0,92,115,10580,0,13,-1,510,0,
core_C169,68011,64026,1,0,92,115,10580,0,594,-1,413,0,
core_C267,53751,74520,1,0,92,115,10580,0,9,-1,272,0,
core_C93,4899,7636,1,0,92,115,10580,0,4,-1,264,0,
core_C297,48829,40550,1,0,92,115,10580,0,441,327,261,0,
core_C1281,39330,47176,1,0,92,115,10580,0,127,-1,623,1,
core_C1277,38978,34185,0,0,74,92,6808,0,488,-1,369,1,
core_C140,34454,50411,1,0,92,115,10580,0,189,601,349,0,
core_C1253,39238,47176,1,0,92,115,10580,0,620,-1,26,0,
core_C1316,40584,22535,0,90,2300,5830,13409000,0,-1,-1,401,1,
core_C878,39052,38334,0,180,4523,2852,12899596,0,-1,-1,488,0,
core_C1014,44878,52746,0,180,3520,3496,12305920,0,-1,234,439,0,
core_C307,34546,76273,1,90,3105,6395,19856475,0,-1,611,182,0,
core_C241,2484,109185,1,90,3105,6660,20679300,0,474,344,280,0,
core_C1545,13616,30091,1,90,3105,6297,19552185,0,58,260,209,0,
core_C381,73858,100959,0,90,1932,6312,12194784,0,-1,154,426,0,
core_C87,11408,31004,0,90,2024,6546,13249104,0,-1,429,0,1,
core_C50,39927,4292,0,0,3592,3588,12888096,0,-1,443,524,0,
core_C385,17572,95311,0,0,3696,3588,13261248,0,479,-1,462,0,
core_C249,0,5719,1,90,3565,5458,19457770,0,-1,575,268,0,
core_C97,20412,126554,0,0,5179,2484,12864636,0,-1,-1,335,1,
core_C619,59431,47156,1,90,2530,7878,19931340,0,444,-1,465,1,
core_C747,68287,92833,1,0,6629,3105,20583045,0,-1,133,293,0,
core_C223,14973,104310,1,0,5646,3680,20777280,0,359,520,137,0,
core_C1440,68287,99503,1,90,3565,5430,19357950,0,-1,262,133,0,
core_C1305,65527,16834,1,180,5600,3680,20608000,0,105,612,245,0,
core_C783,50398,14574,0,90,2024,6523,13202552,0,-1,265,259,0,
core_C407,60058,38635,0,90,2484,5039,12516876,0,306,68,330,0,
core_C846,13064,25462,0,0,5958,2208,13155264,0,269,-1,411,0,
core_C926,48921,48255,1,90,2530,8129,20566370,0,-1,559,463,0,
core_C1593,4991,98188,1,0,4485,4485,20115225,0,-1,-1,389,0,
core_C575,38594,0,1,0,5774,3680,21248320,0,-1,-1,230,1,
core_C588,53751,58835,1,0,7477,2760,20636520,0,-1,337,161,0,
core_C848,17477,44868,1,90,2530,8102,20498060,0,331,-1,422,1,
core_C1209,70725,75105,1,90,4485,4585,20563725,0,-1,-1,522,1,
core_C1245,30491,9481,0,0,3650,3588,13096200,0,150,125,434,1,
core_C1040,31463,37030,1,90,2530,7996,20229880,0,-1,-1,307,1,
Wirelength: 1.07223e+10
layer(tree) info:
layer: 0 ,width: 75790 ,height: 129038 ,area: 9779790020 ,blocks_area: 7435685548, filling_rate: 0.760311, utilizatio_rate: 0.759343
layer: 1 ,width: 75601 ,height: 129075 ,area: 9758199075 ,blocks_area: 7504530045, filling_rate: 0.769049, utilizatio_rate: 0.766373
random seed: 10
alpha: 0
gamma: 1
best wirelength: 1.07223e+10
initial_num_perturbs: 19560
iter: 0
best_iter: 0
best_cost: 0.241415
reject_time: 0
accept_inferior_time: 0
update_best_time: 137
adjustLegalOutline_fail_times: 0
outline_adjust_time: 162.155
initial_wirelength: 1.26537e+10
initial_average_wirelength: 5.24147e+10
1.26537e+10,initial_iter: 19560
initial_time: 295.316
total time cost: 601.605
