name,x,y,layer,rotated_angle,width,height,area,exceed_outline_area,left,right,parent,is_from_left,
macro_C8466,5445,7014,0,180,6369,5709,36360621,0,-1,84,83,0,
macro_C8467,29663,33330,0,180,6369,5709,36360621,0,5,-1,2,1,
macro_C16429,23987,33330,0,0,5676,7524,42706224,0,1,-1,98,0,
macro_C16430,15359,28730,0,180,5676,7524,42706224,0,12,-1,72,1,
macro_C32011,18534,0,1,90,6144,12288,75497472,0,87,-1,113,1,
macro_C32012,36032,29659,0,90,4290,8613,36949770,0,-1,36,1,1,
macro_C39784,0,14920,0,180,5445,7854,42765030,0,83,29,80,0,
macro_C39785,14270,17335,0,0,5445,7854,42765030,0,41,95,81,1,
macro_C55552,5709,20337,0,90,7854,5412,42505848,0,35,69,29,1,
macro_C55553,19715,17061,0,90,7854,5412,42505848,0,-1,-1,41,0,
macro_C63404,16939,27504,1,270,11232,7728,86800896,0,66,-1,15,1,
macro_C63405,7718,9072,1,0,7728,11232,86800896,0,103,-1,92,1,
macro_C71293,21035,22473,0,270,7854,5412,42505848,0,27,100,3,1,
macro_C71294,22110,5676,0,180,5412,7854,42505848,0,71,-1,109,1,
macro_C86866,34610,7854,0,90,5709,6369,36360621,0,-1,-1,88,1,
macro_C86867,8827,20304,1,180,8112,10752,87220224,0,10,-1,62,1,
macro_C86868,30060,11418,0,90,4290,8613,36949770,0,33,-1,42,1,
macro_C86869,28686,18027,1,270,11232,7776,87340032,0,-1,-1,114,0,
macro_C86870,0,3568,0,180,5412,7854,42505848,0,-1,39,58,0,
macro_C94576,7766,0,1,90,8160,9072,74027520,0,113,-1,102,1,
macro_C94577,5174,32671,1,270,10752,8112,87220224,0,50,-1,51,0,
macro_C94578,0,32641,0,180,8613,4290,36949770,0,43,31,34,0,
macro_C94579,31771,25803,1,0,7776,11232,87340032,0,-1,-1,66,1,
macro_C94580,25641,0,0,270,7854,5412,42505848,0,28,-1,25,1,
macro_C102137,18030,12288,1,270,8160,9072,74027520,0,122,46,103,1,
macro_C102138,18117,0,0,270,7524,5676,42706224,0,23,-1,30,1,
macro_C102139,12870,36254,0,180,8613,4290,36949770,0,99,-1,44,1,
macro_C102140,28889,20031,0,180,5445,7854,42765030,0,121,-1,12,1,
macro_C102141,33495,0,0,180,5412,7854,42505848,0,-1,-1,23,1,
macro_C109812,0,22774,0,90,5709,6369,36360621,0,8,108,6,0,
macro_C109813,12441,0,0,180,5676,7524,42706224,0,25,52,74,1,
macro_C109814,0,36931,0,180,8613,4290,36949770,0,-1,-1,21,0,
macro_C109815,25439,27885,0,90,7854,5445,42765030,0,59,-1,98,1,
macro_C109816,34350,14223,0,0,5412,7854,42505848,0,-1,-1,16,1,
core_C0,0,30892,0,0,3572,1749,6247428,0,-1,21,108,0,
core_C1,13563,13681,0,90,1749,3502,6124998,0,110,-1,8,1,
core_C2,36032,38272,0,180,3585,1782,6388470,0,-1,-1,5,0,
core_C3,24678,5257,1,270,5184,2595,13452480,0,-1,107,87,0,
core_C5,14662,26981,0,180,3617,1749,6326133,0,-1,-1,49,1,
core_C6,0,11422,0,0,3612,1749,6317388,0,-1,80,18,0,
core_C7,27246,0,1,90,2544,5173,13160112,0,48,-1,87,1,
core_C8,19715,8163,0,180,1798,3498,6289404,0,45,9,7,1,
core_C9,28278,11418,0,90,1782,3582,6383124,0,16,-1,119,1,
core_C10,8613,35526,0,90,2475,2507,6204825,0,44,106,21,1,
core_C12,11088,35526,0,90,1782,3596,6408072,0,26,-1,43,1,
core_C13,21513,13530,0,90,2508,2537,6362796,0,79,-1,41,1,
core_C14,18030,21360,1,0,3676,3648,13410048,0,-1,73,24,0,
core_C15,29271,5412,0,90,1749,3579,6259671,0,88,94,71,1,
core_C16,29790,0,1,90,2544,5257,13373808,0,111,-1,40,1,
core_C17,11069,30187,0,0,3593,1749,6284157,0,38,68,54,0,
core_C19,15926,35232,1,0,5172,2544,13157568,0,116,-1,20,1,
core_C20,5174,28992,1,90,3600,3679,13244400,0,-1,20,112,0,
core_C23,12441,7524,0,0,2536,2508,6360288,0,120,60,30,0,
core_C24,36083,22077,0,0,2548,2541,6474468,0,-1,76,121,1,
core_C25,11069,25749,0,90,1782,3636,6479352,0,81,49,78,1,
core_C26,37668,0,1,90,2496,5159,12876864,0,-1,-1,118,1,
core_C27,7953,12723,0,180,4418,1452,6414936,0,-1,-1,84,1,
core_C28,0,0,0,0,3646,1782,6497172,0,-1,58,-1,0,
core_C29,0,1782,0,90,3498,1786,6247428,0,93,18,57,0,
core_C31,33293,27885,0,180,2516,2475,6227100,0,-1,-1,32,1,
core_C32,12441,10032,0,90,1749,3601,6298149,0,-1,-1,52,0,
core_C33,34901,0,1,0,2620,5184,13582080,0,-1,-1,111,1,
core_C35,5174,20304,1,0,3653,3600,13150800,0,15,112,92,0,
core_C37,7953,15924,0,90,3498,1789,6257922,0,-1,104,75,0,
core_C38,5445,17808,0,270,2508,2529,6342732,0,-1,-1,67,0,
core_C39,0,12420,1,270,2544,5232,13310208,0,-1,-1,85,0,
core_C41,28171,25803,1,90,3600,3650,13140000,0,22,89,10,1,
core_C42,5445,15245,0,90,2508,2563,6428004,0,75,64,84,0,
core_C43,11069,31936,0,90,1782,3590,6397380,0,72,-1,49,0,
core_C46,5709,25749,0,90,1782,3605,6424110,0,78,-1,8,0,
core_C47,36083,27126,0,90,2475,2533,6269175,0,-1,-1,76,0,
core_C48,27522,5412,0,90,1749,3579,6259671,0,47,-1,13,1,
core_C49,12851,31936,0,270,2508,2538,6365304,0,3,-1,68,1,
core_C50,18030,25008,1,180,5156,2496,12869376,0,-1,-1,46,0,
core_C51,8943,1749,0,90,3498,1809,6327882,0,30,-1,86,1,
core_C53,7953,14175,0,180,3607,1749,6308643,0,-1,63,67,1,
core_C54,36083,24618,0,0,2555,2508,6407940,0,-1,70,53,0,
core_C56,0,5111,1,0,3677,3648,13413696,0,-1,85,101,0,
core_C57,7491,25749,0,0,3578,1782,6375996,0,54,-1,69,1,
core_C58,24021,13530,0,90,2508,2523,6327684,0,119,-1,45,1,
core_C60,0,13171,0,0,3584,1749,6268416,0,-1,6,39,0,
core_C61,12851,25749,0,90,1419,4438,6297522,0,7,-1,54,1,
core_C65,32334,10272,1,90,5088,2568,13065984,0,-1,-1,105,0,
core_C67,5445,3432,0,90,1749,3582,6264918,0,86,0,6,1,
core_C69,5445,12723,0,90,2508,2522,6325176,0,56,67,0,0,
core_C70,0,8759,1,90,3600,3661,13179600,0,-1,65,77,0,
core_C71,7194,1749,0,90,1749,3626,6341874,0,74,-1,83,1,
core_C74,24678,0,1,0,2568,5088,13065984,0,40,37,4,1,
core_C75,31020,7854,0,0,3590,1782,6397380,0,14,-1,47,1,
core_C76,28171,37035,1,0,3619,3552,12854688,0,-1,-1,66,0,
core_C77,28305,7852,1,0,3654,3648,13329792,0,-1,-1,107,1,
core_C78,6835,0,0,180,3592,1749,6282408,0,-1,-1,93,1,
core_C79,5174,5186,1,90,2544,5213,13261872,0,11,62,102,0,
core_C80,3498,1782,0,0,3337,1650,5506050,0,91,-1,58,1,
core_C81,29271,9636,0,180,3588,1782,6393816,0,-1,-1,47,0,
core_C82,14270,25189,0,90,3564,1792,6386688,0,-1,-1,7,0,
core_C84,14977,11141,0,90,2508,2540,6370320,0,-1,-1,120,0,
core_C85,2544,0,1,0,2630,5088,13381440,0,102,-1,101,1,
core_C87,23987,27885,0,90,1452,4371,6346692,0,32,2,99,1,
core_C88,21483,31449,0,0,2504,2475,6197400,0,98,-1,26,1,
core_C89,21035,27885,0,0,1842,3564,6564888,0,-1,-1,12,0,
core_C92,0,0,1,90,2544,5111,13002384,0,97,77,-1,0,
core_C93,5174,0,1,90,2592,5186,13442112,0,19,92,97,1,
core_C95,15446,9072,1,180,2584,5088,13147392,0,24,-1,11,1,
core_C96,7953,17713,0,0,2518,2475,6232050,0,-1,-1,63,0,
core_C97,32334,5184,1,0,2611,5088,13284768,0,-1,82,111,0,
core_C99,8613,39122,0,90,3498,1803,6306894,0,-1,-1,43,0,
core_C100,24678,7852,1,0,3627,3600,13057200,0,90,-1,37,0,
core_C103,0,29143,0,0,3573,1749,6249177,0,-1,34,29,0,
core_C104,19635,5676,0,90,2475,2487,6155325,0,13,-1,117,1,
core_C106,15312,13681,0,90,1815,3654,6632010,0,117,-1,35,1,
core_C108,32334,0,1,0,2567,5088,13060896,0,61,105,48,1,
core_C110,5174,23904,1,0,2625,5088,13356000,0,-1,51,62,0,
core_C112,15926,0,1,0,2608,5088,13269504,0,4,-1,19,1,
core_C113,28686,11500,1,0,2639,5184,13680576,0,115,17,122,1,
core_C114,31325,12840,1,90,2592,5187,13444704,0,118,-1,114,1,
core_C115,21098,35232,1,0,3681,3648,13428288,0,-1,-1,50,1,
core_C116,17127,13681,0,90,2508,2540,6370320,0,109,-1,110,1,
core_C118,33917,12840,1,0,3751,3696,13863696,0,55,-1,115,1,
core_C119,26529,13530,0,90,1749,3531,6175719,0,42,-1,79,1,
core_C120,14977,7524,0,90,1749,3617,6326133,0,-1,96,52,1,
core_C121,34334,22077,0,90,1749,3578,6257922,0,53,-1,27,1,
core_C122,26190,11500,1,90,2496,5170,12904320,0,114,-1,24,1,
Wirelength: 1.02303e+09
layer(tree) info:
layer: 0 ,width: 40322 ,height: 41221 ,area: 1662113162, filling_rate: 0.821761, utilizatio_rate: 0.816929
layer: 1 ,width: 40164 ,height: 40783 ,area: 1638008412, filling_rate: 0.722522, utilizatio_rate: 0.707857
random seed: 5
alpha: 0
gamma: 1
best wirelength: 1.02303e+09
initial_num_perturbs: 15129
iter: 0
best_iter: 0
best_cost: 0.270612
reject_time: 674
accept_inferior_time: 311104
update_best_time: 1
adjustLegalOutline_fail_times: 0
initial_wirelength: 1.66853e+09
initial_average_wirelength: 3.78043e+09
1.74711e+09,initial_iter: 15129
initial_time: 23.246
total time cost: 1000
