name,x,y,layer,rotated_angle,width,height,area,exceed_outline_area,left,right,parent,is_from_left,
macro_C8466,14213,4431,0,90,5709,6369,36360621,0,-1,-1,122,0,
macro_C8467,20024,7854,0,0,6369,5709,36360621,0,-1,25,80,0,
macro_C16429,31497,14324,0,90,7524,5676,42706224,0,-1,-1,53,1,
macro_C16430,20544,0,1,180,8112,10752,87220224,0,101,-1,66,1,
macro_C32011,10368,0,1,90,6144,12288,75497472,0,97,-1,5,1,
macro_C32012,4224,0,1,270,6144,12288,75497472,0,4,105,81,1,
macro_C39784,5914,0,0,270,7854,5445,42765030,0,-1,-1,49,1,
macro_C39785,8590,31647,1,90,11232,7776,87340032,0,-1,-1,22,0,
macro_C55552,8801,11931,0,0,5412,7854,42505848,0,122,37,38,1,
macro_C55553,0,26595,1,0,7728,11232,86800896,0,-1,-1,103,0,
macro_C63404,22532,0,0,0,5412,7854,42505848,0,83,-1,68,1,
macro_C63405,20024,20988,0,90,7854,5412,42505848,0,-1,-1,120,0,
macro_C71293,5930,30089,0,90,7854,5412,42505848,0,115,13,23,0,
macro_C71294,5930,35501,0,270,7854,5412,42505848,0,21,-1,12,0,
macro_C86866,30960,0,1,0,9072,8160,74027520,0,-1,16,101,1,
macro_C86867,32658,0,0,270,7524,5676,42706224,0,-1,-1,65,1,
macro_C86868,30960,8160,1,270,6144,12288,75497472,0,-1,-1,14,0,
macro_C86869,34841,5676,0,0,5445,7854,42765030,0,-1,-1,18,1,
macro_C86870,29429,6470,0,180,5412,7854,42505848,0,17,-1,65,0,
macro_C94576,19049,31845,0,180,6369,5709,36360621,0,-1,-1,79,1,
macro_C94577,21425,28896,1,0,8112,10752,87220224,0,31,-1,92,0,
macro_C94578,13784,23998,0,90,4290,8613,36949770,0,-1,-1,13,1,
macro_C94579,8590,23871,1,90,11232,7776,87340032,0,-1,7,34,0,
macro_C94580,5930,24677,0,270,7854,5412,42505848,0,-1,12,90,0,
macro_C102137,33356,25537,0,0,6369,5709,36360621,0,-1,-1,33,1,
macro_C102138,20024,13563,0,90,7524,5676,42706224,0,-1,120,1,0,
macro_C102139,23040,10752,1,270,6144,12288,75497472,0,28,-1,74,1,
macro_C102140,27944,20092,0,90,7854,5445,42765030,0,-1,33,53,0,
macro_C102141,29184,20448,1,90,11232,7728,86800896,193200,-1,-1,26,1,
macro_C109812,27944,33391,0,180,6369,5709,36360621,0,30,-1,33,0,
macro_C109813,34313,31246,0,180,5676,7524,42706224,0,-1,-1,29,1,
macro_C109814,29537,28176,1,90,6144,12288,75497472,0,-1,-1,20,1,
macro_C109815,19637,26400,0,90,7854,5445,42765030,0,-1,-1,111,1,
macro_C109816,27944,25537,0,180,5412,7854,42505848,0,24,29,27,0,
core_C1,8590,20898,1,0,5923,2352,13930896,0,57,22,55,1,
core_C3,23606,19239,0,180,4073,1617,6586041,0,-1,-1,120,1,
core_C4,17057,17308,1,90,2112,6433,13586496,0,69,-1,57,1,
core_C5,8801,19785,0,180,4690,1551,7274190,0,-1,-1,8,0,
core_C6,7349,15150,0,90,1452,4491,6520932,0,8,-1,67,1,
core_C7,0,7194,0,180,4513,1452,6552876,0,82,46,62,0,
core_C11,4363,28347,0,270,1485,4493,6672105,0,-1,-1,70,1,
core_C13,0,12804,0,0,4413,1452,6407676,0,100,59,58,0,
core_C14,7679,21336,0,0,4374,1452,6351048,0,-1,-1,88,1,
core_C15,0,28347,0,0,3858,1254,4837932,0,-1,70,119,0,
core_C16,0,4290,0,0,4462,1452,6478824,0,49,62,99,0,
core_C18,0,9999,0,0,4356,1452,6324912,0,-1,58,46,0,
core_C19,0,8646,0,0,4133,1353,5591949,0,-1,45,39,0,
core_C22,0,1419,0,180,4407,1419,6253533,0,-1,99,116,0,
core_C23,0,16731,0,0,4436,1452,6441072,0,96,72,91,0,
core_C24,4462,0,0,270,1452,4395,6381540,0,6,-1,44,1,
core_C26,4224,18834,1,180,6411,2064,13232304,0,-1,55,105,0,
core_C28,3059,35178,0,90,1419,4308,6113052,0,104,-1,75,1,
core_C30,29429,0,0,90,1386,4325,5994450,0,-1,65,83,1,
core_C31,27944,18376,0,180,3553,1716,6096948,0,2,27,109,0,
core_C32,0,7344,1,270,2112,6360,13432320,0,89,108,76,0,
core_C33,4224,20898,1,0,4366,2880,12574080,0,34,-1,50,0,
core_C34,0,35178,0,0,2642,2640,6974880,0,-1,75,102,0,
core_C35,14513,18713,1,270,2544,5158,13121952,0,36,-1,34,1,
core_C36,0,11451,0,180,4098,1353,5544594,0,-1,41,45,0,
core_C37,0,14256,0,180,3201,1023,3274623,0,-1,91,41,0,
core_C38,0,25410,0,180,4643,1485,6894855,0,-1,119,107,0,
core_C41,15170,12285,0,90,1815,3639,6604785,0,-1,112,111,0,
core_C42,0,5742,0,180,4500,1452,6534000,0,-1,39,44,0,
core_C43,11376,12288,1,90,2112,6378,13470336,0,113,-1,85,1,
core_C45,5965,5445,0,90,1485,4472,6640920,0,94,-1,82,1,
core_C47,29429,4325,0,0,3229,2145,6926205,0,15,18,52,0,
core_C48,18480,0,1,90,2064,6431,13273584,0,3,-1,97,1,
core_C49,5930,15150,0,270,1419,4440,6300360,0,38,88,104,1,
core_C50,21476,0,0,90,1056,3201,3380256,0,10,-1,80,1,
core_C51,19169,17168,1,270,2256,5820,13129920,0,95,-1,36,1,
core_C54,0,29601,0,180,4363,1452,6335076,0,40,86,43,0,
core_C55,4519,32840,0,90,1254,3905,4896870,0,-1,-1,102,1,
core_C56,0,18183,0,180,4402,1452,6391704,0,-1,78,48,0,
core_C57,0,0,1,0,3728,3648,13599744,0,-1,76,-1,0,
core_C58,20928,10752,1,270,2112,6416,13550592,0,26,-1,114,1,
core_C59,0,37818,0,0,3059,1980,6056820,0,51,-1,56,0,
core_C60,0,3648,1,90,3696,3696,13660416,0,-1,54,73,0,
core_C61,27944,4527,0,270,1452,4482,6507864,0,-1,109,83,0,
core_C62,0,19635,0,0,4402,1452,6391704,0,-1,106,72,0,
core_C64,15170,19513,0,180,3879,1287,4992273,0,19,-1,112,0,
core_C65,20024,0,0,270,1452,4381,6361212,0,68,1,117,1,
core_C66,2112,13669,1,90,2112,6429,13578048,0,5,-1,89,0,
core_C67,4513,5445,0,270,1452,4539,6590628,0,64,-1,39,1,
core_C68,27944,0,0,270,1485,4527,6722595,0,52,77,10,1,
core_C72,0,32340,0,0,4165,1386,5772690,0,-1,102,86,0,
core_C74,8448,12288,1,90,2928,4507,13196496,0,63,-1,98,1,
core_C75,0,31053,0,180,3985,1287,5128695,0,-1,84,70,0,
core_C77,8902,7491,0,270,1452,4419,6416388,0,118,-1,123,0,
core_C78,5930,19641,0,270,1749,3584,6268416,0,42,90,67,0,
core_C79,2112,7344,1,90,2064,6325,13054800,0,-1,81,54,1,
core_C80,5930,23225,0,180,4530,1452,6577560,0,-1,23,88,0,
core_C81,0,15279,0,0,4432,1452,6435264,0,-1,48,59,0,
core_C82,21425,26784,1,180,6389,2112,13493568,0,-1,20,95,0,
core_C83,11806,7491,0,90,1452,4440,6446880,0,-1,-1,118,1,
core_C84,7450,5445,0,90,1452,4397,6384444,0,123,-1,64,1,
core_C85,21425,23040,1,180,3772,3744,14122368,0,-1,92,69,1,
core_C86,4436,13533,0,0,4075,1617,6589275,0,-1,-1,48,1,
core_C87,16512,0,1,90,1968,5953,11715504,0,66,-1,4,1,
core_C88,6336,12288,1,270,2112,6456,13635072,0,85,-1,105,1,
core_C89,0,2838,0,0,4357,1452,6326364,0,-1,44,47,0,
core_C90,4413,9984,0,90,1353,3549,4801797,0,-1,-1,41,1,
core_C91,28656,0,1,90,2304,5777,13310208,0,14,-1,3,1,
core_C92,0,33726,0,180,4519,1452,6561588,0,71,56,84,0,
core_C93,0,24579,1,0,6264,2016,12628224,0,-1,9,108,0,
core_C94,4478,36745,0,90,1452,4387,6369924,0,67,-1,51,1,
core_C96,4224,12288,1,90,2112,6546,13825152,0,98,50,5,0,
core_C98,0,21087,0,180,4388,1452,6371376,0,-1,121,78,0,
core_C101,0,23991,0,180,4454,1419,6320226,0,-1,60,121,0,
core_C102,0,20098,1,90,2928,4481,13120368,0,-1,103,54,0,
core_C104,27944,14324,0,270,1584,4052,6418368,0,-1,53,77,0,
core_C107,15600,12288,1,270,3264,5020,16385280,0,114,-1,113,1,
core_C108,15170,10800,0,0,4467,1485,6633495,0,32,61,115,1,
core_C109,15170,15924,0,90,1782,3589,6395598,0,-1,79,61,0,
core_C110,13488,12288,1,270,2112,6425,13569600,0,110,-1,63,1,
core_C111,18864,10752,1,270,2064,6355,13116720,0,74,-1,110,1,
core_C112,13784,19785,0,270,1386,4213,5839218,0,111,-1,12,1,
core_C113,0,0,0,180,4359,1419,6185421,0,-1,47,-1,0,
core_C114,15632,0,0,180,4392,1452,6377184,0,80,-1,122,1,
core_C116,10354,7491,0,90,1452,4361,6332172,0,93,-1,87,1,
core_C117,0,26895,0,180,4398,1452,6385896,0,-1,43,60,0,
core_C118,20024,19239,0,0,3582,1749,6264918,0,35,11,25,0,
core_C119,0,22539,0,180,4453,1452,6465756,0,-1,107,106,0,
core_C120,14213,0,0,270,1419,4431,6287589,0,117,0,8,1,
core_C121,8902,5445,0,180,3155,2046,6455130,0,-1,87,94,1,
Wirelength: 1.28417e+08
layer(tree) info:
layer: 0 ,width: 40286 ,height: 41132 ,area: 1657043752 ,blocks_area: 1296697611, filling_rate: 0.782537, utilizatio_rate: 0.775562
layer: 1 ,width: 40416 ,height: 40464 ,area: 1635393024 ,blocks_area: 1323551232, filling_rate: 0.809317, utilizatio_rate: 0.791624
random seed: 10
alpha: 0
gamma: 1
best wirelength: 1.28417e+08
initial_num_perturbs: 15376
iter: 0
best_iter: 0
best_cost: 0.338535
reject_time: 0
accept_inferior_time: 0
update_best_time: 0
adjustLegalOutline_fail_times: 0
outline_adjust_time: 55.755
initial_wirelength: 8.55851e+08
initial_average_wirelength: 2.5281e+09
8.55851e+08,initial_iter: 15376
initial_time: 66.454
total time cost: 100.187
