name,x,y,layer,rotated_angle,width,height,area,exceed_outline_area,left,right,parent,is_from_left,
macro_C8466,19635,4290,0,180,6369,5709,36360621,0,16,-1,5,0,
macro_C8467,5412,14322,0,180,6369,5709,36360621,0,9,-1,21,0,
macro_C16429,28248,0,0,90,7524,5676,42706224,0,-1,-1,5,1,
macro_C16430,5709,25938,0,0,5676,7524,42706224,0,-1,8,24,1,
macro_C32011,26165,0,1,90,6144,12288,75497472,0,-1,-1,11,1,
macro_C32012,19635,0,0,0,8613,4290,36949770,0,2,0,10,1,
macro_C39784,19439,32802,0,0,5445,7854,42765030,0,33,-1,104,0,
macro_C39785,0,32954,1,90,11232,7776,87340032,0,102,-1,51,0,
macro_C55552,5709,33462,0,0,5412,7854,42505848,0,-1,-1,3,0,
macro_C55553,11781,16467,0,270,7854,5412,42505848,0,14,-1,1,1,
macro_C63404,11781,0,0,90,7854,5412,42505848,0,5,36,19,1,
macro_C63405,14933,0,1,90,11232,7728,86800896,0,4,-1,37,1,
macro_C71293,11585,35108,0,90,7854,5412,42505848,0,118,-1,40,0,
macro_C71294,0,32307,0,0,5412,7854,42505848,0,-1,-1,24,0,
macro_C86866,19635,15675,0,180,6369,5709,36360621,0,41,-1,9,1,
macro_C86867,32078,27965,0,270,7524,5676,42706224,0,-1,-1,95,0,
macro_C86868,26004,5676,0,0,8613,4290,36949770,0,18,94,0,1,
macro_C86869,31621,13536,0,90,7854,5445,42765030,0,-1,122,47,1,
macro_C86870,34617,5676,0,0,5412,7854,42505848,0,-1,-1,16,1,
macro_C94576,5412,0,0,0,6369,5709,36360621,0,10,21,28,1,
macro_C94577,11781,8943,0,0,5676,7524,42706224,0,25,-1,57,0,
macro_C94578,5412,5709,0,90,4290,8613,36949770,0,50,1,19,0,
macro_C94579,0,0,1,0,7776,11232,87340032,0,-1,42,-1,0,
macro_C94580,0,0,0,180,5412,7854,42505848,0,-1,114,-1,0,
macro_C102137,0,25938,0,90,5709,6369,36360621,0,3,13,27,0,
macro_C102138,17457,9999,0,90,7524,5676,42706224,0,43,-1,20,1,
macro_C102139,0,24261,1,0,12288,6144,75497472,0,81,51,53,0,
macro_C102140,0,20493,0,90,7854,5445,42765030,0,60,24,28,0,
macro_C102141,0,12639,0,0,5412,7854,42505848,0,19,27,68,0,
macro_C109812,33947,20730,0,270,5709,6369,36360621,0,-1,-1,95,1,
macro_C109813,27943,28180,1,0,8112,10752,87220224,0,-1,-1,34,0,
macro_C109814,11585,21879,0,0,8613,4290,36949770,0,87,67,60,1,
macro_C109815,30296,33641,0,90,7854,5445,42765030,0,-1,-1,92,0,
macro_C109816,24884,29369,0,180,5412,7854,42505848,0,92,-1,6,1,
core_C1,27943,20443,1,90,2112,6596,13930752,0,65,30,113,1,
core_C3,5085,16159,1,180,5289,2592,13709088,0,105,109,62,0,
core_C4,11781,5412,0,180,3662,1782,6525684,0,-1,57,10,0,
core_C5,12166,0,1,0,2767,5472,15141024,0,11,-1,115,1,
core_C6,19980,27931,1,180,2618,5184,13571712,0,-1,-1,84,1,
core_C7,20198,25707,0,0,3677,1782,6552414,0,-1,-1,48,0,
core_C11,11585,33161,0,0,3676,1815,6671940,0,70,12,71,0,
core_C13,26004,15065,0,180,1798,3564,6408072,0,99,46,14,1,
core_C14,0,11232,1,90,2544,5197,13221168,0,-1,53,22,0,
core_C15,24981,13506,0,90,3102,1559,4836018,0,117,-1,25,1,
core_C16,27802,18972,0,0,3635,1782,6477570,0,-1,93,99,0,
core_C18,26004,11757,0,0,3616,1749,6324384,0,123,-1,94,0,
core_C19,26004,18629,0,0,1694,3300,5590200,0,-1,-1,41,0,
core_C22,29872,13589,0,90,1749,3575,6252675,0,17,-1,117,1,
core_C23,20198,23925,0,0,3614,1782,6440148,0,-1,39,87,0,
core_C24,31366,20754,0,90,1782,3581,6381342,0,-1,-1,74,1,
core_C26,9702,5709,0,0,1783,3564,6354612,0,-1,79,21,1,
core_C28,0,30405,1,90,4992,2549,12724608,0,-1,7,26,0,
core_C30,32215,12288,1,270,4992,2500,12480000,0,-1,77,65,1,
core_C31,0,16429,1,0,5085,2496,12692160,0,86,26,42,0,
core_C32,19299,12859,1,0,5280,2544,13432320,0,103,76,82,1,
core_C33,19299,17995,1,0,5037,2496,12572352,0,-1,75,76,0,
core_C34,11585,29723,0,90,3696,1887,6974352,0,-1,71,119,0,
core_C35,11781,7194,0,0,3604,1749,6303396,0,-1,20,36,0,
core_C36,15022,7728,1,90,4800,2404,11539200,0,100,-1,61,1,
core_C37,10269,13347,1,0,3737,1824,6816288,0,82,-1,62,1,
core_C38,7854,20031,0,0,3731,1848,6894888,0,31,121,27,1,
core_C41,9718,10755,1,0,5304,2592,13747968,0,58,-1,90,0,
core_C42,5085,13536,1,90,5184,2623,13597632,0,59,35,86,0,
core_C43,24579,20443,1,180,2598,5184,13468032,0,-1,-1,73,0,
core_C45,25349,21929,0,180,1829,3630,6639270,0,66,69,96,1,
core_C47,30055,12288,1,90,2160,6675,14418000,0,52,101,34,1,
core_C48,27178,24372,0,90,1782,3578,6375996,0,-1,-1,64,1,
core_C49,11585,26169,0,0,3602,1749,6299898,0,91,119,31,0,
core_C50,0,11352,0,0,2626,1287,3379662,0,-1,28,85,0,
core_C51,25349,27950,0,180,4445,1419,6307455,0,-1,-1,64,0,
core_C54,15261,31610,0,180,1811,3498,6334878,0,-1,-1,40,1,
core_C55,11585,31610,0,0,3157,1551,4896507,0,-1,40,56,0,
core_C56,12288,26853,1,0,5230,2544,13305120,0,-1,-1,81,0,
core_C57,24579,17851,1,0,5247,2592,13600224,0,-1,63,103,0,
core_C58,29584,24252,0,90,1782,3653,6509646,0,49,-1,116,0,
core_C59,19299,20491,1,180,5050,2496,12604800,0,-1,97,55,0,
core_C60,19299,15403,1,0,5270,2592,13659840,0,-1,55,54,0,
core_C61,32215,14788,1,180,2613,5184,13545792,0,-1,-1,52,0,
core_C62,16501,33115,1,0,5229,2544,13302576,0,-1,-1,102,1,
core_C64,9702,9273,0,90,1551,3218,4991118,0,-1,-1,50,0,
core_C65,31402,9966,0,90,1782,3570,6361740,0,-1,-1,123,1,
core_C66,12288,24261,1,0,5238,2592,13576896,0,112,72,26,1,
core_C67,14006,13347,1,180,5293,2592,13719456,0,54,-1,59,1,
core_C68,35287,14788,1,90,2640,5300,13992000,0,-1,-1,101,1,
core_C72,17526,27931,1,0,2454,4896,12014784,0,38,-1,112,0,
core_C74,0,9603,0,0,3625,1749,6340125,0,-1,68,114,0,
core_C75,5085,11232,1,0,4633,2304,10674432,0,115,62,53,1,
core_C77,20198,21384,0,180,2558,2508,6415464,0,96,48,31,1,
core_C78,7854,23661,0,90,3498,1792,6268416,0,-1,-1,121,0,
core_C79,22085,7728,1,90,2544,5131,13053264,0,-1,-1,100,1,
core_C80,9718,5472,1,270,2592,5283,13693536,0,-1,61,115,0,
core_C81,15187,26169,0,90,3564,1805,6433020,0,-1,-1,67,1,
core_C82,30296,27905,0,90,1782,3637,6481134,0,95,32,33,1,
core_C83,27802,20754,0,90,1782,3618,6447276,0,116,-1,44,0,
core_C84,26004,9966,0,90,3564,1791,6383124,0,-1,45,16,0,
core_C85,32078,24335,0,180,1869,3630,6784470,0,29,15,92,1,
core_C86,22756,21384,0,0,2593,2541,6588813,0,64,-1,87,1,
core_C87,19299,22987,1,180,4881,2400,11714400,0,-1,-1,75,0,
core_C88,15093,15939,1,180,3738,3648,13636224,0,-1,-1,106,1,
core_C89,27802,17164,0,90,3498,1808,6324384,0,-1,44,41,1,
core_C90,19822,7728,1,180,2263,4416,9993408,0,89,-1,58,1,
core_C91,30055,19972,1,0,5232,2544,13310208,0,83,110,65,0,
core_C92,11232,30405,1,0,5269,2592,13657248,0,78,-1,7,1,
core_C93,24579,12859,1,0,2529,4992,12624768,0,111,73,54,1,
core_C94,19439,29238,0,0,1787,3564,6368868,0,-1,6,118,0,
core_C96,10374,15171,1,90,2112,6546,13825152,0,106,-1,35,1,
core_C98,12486,15939,1,180,2607,5088,13264416,0,98,-1,105,1,
core_C101,15169,27974,0,180,3614,1749,6320886,0,-1,-1,119,1,
core_C102,10212,21717,1,180,5157,2544,13119408,0,-1,-1,120,1,
core_C104,5085,18751,1,180,5252,2544,13361088,0,-1,120,35,0,
core_C107,30055,22516,1,0,2893,5664,16385952,0,-1,-1,101,0,
core_C108,27108,12288,1,270,2592,5327,13807584,0,-1,-1,103,1,
core_C109,17526,25387,1,0,5233,2544,13312752,0,113,84,81,1,
core_C110,22759,25627,1,270,5184,2617,13566528,0,34,-1,112,1,
core_C111,0,7854,0,0,3603,1749,6301647,0,-1,85,23,0,
core_C112,9718,0,1,270,2448,4965,12154320,0,37,90,86,1,
core_C113,29584,20754,0,0,1768,3498,6184464,0,-1,74,93,1,
core_C114,28083,13589,0,0,1789,3564,6375996,0,47,-1,43,1,
core_C116,19439,27489,0,0,3620,1749,6331380,0,-1,104,12,1,
core_C117,11585,27918,0,0,3584,1782,6386688,0,107,56,67,0,
core_C118,5085,21295,1,180,5127,2544,13043088,0,108,-1,109,0,
core_C119,7854,21879,0,0,3628,1782,6465096,0,-1,88,60,0,
core_C120,31621,18981,0,0,3594,1749,6285906,0,-1,-1,17,0,
core_C121,29620,9966,0,90,1782,3623,6456186,0,80,-1,45,1,
Wirelength: 8.62301e+07
layer(tree) info:
layer: 0 ,width: 40029 ,height: 41316 ,area: 1653838164 ,blocks_area: 1414133886, filling_rate: 0.855062, utilizatio_rate: 0.845802
layer: 1 ,width: 37927 ,height: 40730 ,area: 1544766710 ,blocks_area: 1088277696, filling_rate: 0.704493, utilizatio_rate: 0.650905
random seed: 3
alpha: 0
gamma: 1
best wirelength: 8.62301e+07
initial_num_perturbs: 15376
iter: 0
best_iter: 0
best_cost: 0.261378
reject_time: 0
accept_inferior_time: 0
update_best_time: 0
adjustLegalOutline_fail_times: 0
outline_adjust_time: 0.327
initial_wirelength: 1.15016e+09
initial_average_wirelength: 2.94068e+09
1.14128e+09,initial_iter: 15376
initial_time: 11.65
total time cost: 175.163
