name,x,y,layer,rotated_angle,width,height,area,exceed_outline_area,left,right,parent,is_from_left,
macro_C8466,8301,34536,0,270,5709,6369,36360621,0,1,-1,3,0,
macro_C8467,14010,34536,0,270,5709,6369,36360621,0,4,-1,0,1,
macro_C16429,7632,26976,1,0,8112,10752,87220224,0,73,-1,5,1,
macro_C16430,8301,28860,0,270,7524,5676,42706224,0,-1,0,123,0,
macro_C32011,19719,31268,0,270,4290,8613,36949770,0,106,-1,1,1,
macro_C32012,1488,29088,1,270,6144,12288,75497472,0,2,-1,59,1,
macro_C39784,2706,29865,0,0,5445,7854,42765030,0,87,89,12,0,
macro_C39785,20333,30171,1,90,11232,7776,87340032,0,-1,-1,84,0,
macro_C55552,25461,29982,0,90,7854,5412,42505848,0,29,-1,106,1,
macro_C55553,24009,35656,0,270,7854,5412,42505848,0,-1,-1,106,0,
macro_C63404,25197,18612,0,90,7854,5412,42505848,0,-1,95,24,0,
macro_C63405,17343,25856,0,90,7854,5412,42505848,0,24,-1,67,0,
macro_C71293,2706,22011,0,180,5412,7854,42505848,0,-1,6,49,0,
macro_C71294,0,19248,1,270,11232,7728,86800896,0,75,38,78,0,
macro_C86866,0,0,1,90,8160,9072,74027520,0,52,15,-1,0,
macro_C86867,0,9072,1,270,10752,8112,87220224,0,-1,78,14,0,
macro_C86868,4363,14751,0,180,8613,4290,36949770,0,22,-1,70,1,
macro_C86869,0,0,0,0,5445,7854,42765030,0,23,18,-1,0,
macro_C86870,0,7854,0,90,7854,5412,42505848,0,-1,40,17,0,
macro_C94576,19920,8112,1,180,9072,8160,74027520,0,28,-1,50,1,
macro_C94577,16560,0,1,90,10752,8112,87220224,0,-1,-1,83,1,
macro_C94578,27034,0,0,180,8613,4290,36949770,0,-1,120,109,1,
macro_C94579,12976,4690,0,0,5445,7854,42765030,0,115,93,16,1,
macro_C94580,5445,0,0,180,5412,7854,42505848,0,111,-1,17,1,
macro_C102137,25197,12903,0,180,6369,5709,36360621,0,74,10,11,1,
macro_C102138,34239,4290,0,0,5676,7524,42706224,0,-1,-1,26,1,
macro_C102139,29949,4290,0,90,4290,8613,36949770,0,25,-1,66,1,
macro_C102140,28992,7728,1,90,11232,7776,87340032,0,-1,-1,28,0,
macro_C102141,28992,0,1,90,11232,7728,86800896,0,-1,27,19,1,
macro_C109812,33315,19338,0,270,5709,6369,36360621,0,-1,33,8,1,
macro_C109813,34437,11814,0,180,5676,7524,42706224,0,-1,-1,69,1,
macro_C109814,24650,16272,1,270,6144,12288,75497472,0,32,-1,84,1,
macro_C109815,30794,15504,1,180,7776,11232,87340032,0,-1,-1,31,1,
macro_C109816,33315,25707,0,0,5412,7854,42505848,0,-1,-1,29,0,
core_C1,19807,9358,0,270,1617,4139,6692763,0,-1,-1,110,0,
core_C3,24130,0,0,90,1452,4536,6586272,0,109,-1,53,1,
core_C4,15744,25275,1,180,6433,2112,13586496,0,-1,51,103,0,
core_C5,13434,0,0,270,1551,4690,7274190,0,90,-1,111,1,
core_C6,0,26976,1,180,6427,2112,13573824,0,-1,59,13,0,
core_C7,14439,15778,0,270,1452,4513,6552876,0,76,-1,48,1,
core_C11,0,13266,0,0,4493,1485,6672105,0,-1,70,18,0,
core_C13,14439,20298,0,0,2555,2508,6407940,0,-1,-1,45,1,
core_C14,19807,0,0,90,1452,4374,6351048,0,113,110,115,1,
core_C15,4596,19041,0,180,3491,1386,4838526,0,-1,-1,56,1,
core_C16,11205,20493,0,90,1782,3635,6477570,0,48,122,117,1,
core_C18,12987,20214,0,270,1452,4356,6324912,0,41,-1,48,0,
core_C19,17343,14949,0,90,1353,4133,5591949,0,64,60,76,1,
core_C22,9753,25989,0,180,4407,1419,6253533,0,-1,80,117,0,
core_C23,12987,15778,0,270,1452,4436,6441072,0,39,45,44,1,
core_C24,2706,20559,0,180,4395,1452,6381540,0,-1,12,62,1,
core_C26,17856,10176,1,270,2064,6411,13232304,0,19,79,73,1,
core_C28,15744,27387,1,0,4418,2880,12723840,0,-1,102,36,0,
core_C30,8160,0,1,270,2016,6190,12479040,0,65,-1,14,1,
core_C31,22711,0,0,90,1419,4297,6097443,0,35,-1,113,1,
core_C32,13248,13820,1,90,2112,6360,13432320,0,-1,-1,114,0,
core_C33,6446,17184,1,0,6237,2016,12573792,0,-1,-1,78,1,
core_C34,0,19041,0,0,4596,1518,6976728,0,43,104,58,0,
core_C35,17856,18411,1,180,6357,2064,13120848,0,-1,-1,79,0,
core_C36,0,17655,0,0,4098,1353,5544594,0,-1,56,118,0,
core_C37,0,29088,1,90,1488,4581,6816528,0,5,-1,38,0,
core_C38,17343,19421,0,0,4643,1485,6894855,0,119,91,46,0,
core_C41,16437,0,0,90,1452,4549,6605148,0,-1,-1,90,1,
core_C42,1254,28673,0,90,1452,4500,6534000,0,49,-1,100,1,
core_C43,21786,7901,0,270,1452,4457,6471564,0,-1,-1,121,1,
core_C45,18696,14949,0,270,1485,4472,6640920,0,71,-1,46,1,
core_C47,10176,0,1,90,2160,6675,14418000,0,77,-1,52,1,
core_C48,28365,8706,0,90,1584,4026,6377184,0,26,-1,81,1,
core_C49,17343,24437,0,180,4440,1419,6300360,0,-1,11,96,0,
core_C50,21567,14949,0,270,1056,3201,3380256,0,107,-1,71,1,
core_C51,33018,12903,0,90,1419,4445,6307455,0,30,-1,74,1,
core_C54,0,14751,0,0,4363,1452,6335076,0,16,118,40,0,
core_C55,20181,14949,0,90,1386,3533,4896738,0,68,-1,64,1,
core_C56,25197,25509,0,270,1452,4402,6391704,0,105,-1,95,0,
core_C57,15744,13820,1,90,2112,6440,13601280,0,50,98,2,1,
core_C58,31566,12903,0,270,1452,4483,6509316,0,69,-1,24,1,
core_C59,11232,19200,1,90,2016,6252,12604032,0,114,-1,13,1,
core_C60,15891,15778,0,270,1452,4520,6563040,0,46,-1,39,1,
core_C61,12336,0,1,90,2112,6415,13548480,0,83,85,65,1,
core_C62,0,17184,1,180,6446,2064,13304544,0,55,13,15,0,
core_C64,17856,16587,1,180,5697,1824,10391328,0,-1,57,50,0,
core_C65,9753,27408,0,0,4381,1452,6361212,0,-1,-1,47,0,
core_C66,26781,8706,0,270,1584,4118,6522912,0,66,-1,86,1,
core_C67,0,24134,0,270,1452,4539,6590628,0,-1,100,104,0,
core_C68,14448,0,1,90,2112,6625,13992000,0,20,-1,77,1,
core_C72,20333,27387,1,180,4317,2784,12018528,0,31,7,102,1,
core_C74,12336,8112,1,180,6394,2064,13197216,0,-1,-1,77,0,
core_C75,25494,4536,0,90,1287,3985,5128695,0,81,-1,112,1,
core_C77,8151,19041,0,0,4419,1452,6416388,0,-1,-1,6,1,
core_C78,22623,16812,0,270,2013,3114,6268482,0,-1,-1,107,0,
core_C79,2706,37719,0,270,2013,3115,6270495,0,94,-1,6,0,
core_C80,14985,0,0,270,1452,4530,6577560,0,61,-1,37,1,
core_C81,17343,20906,0,0,4432,1452,6435264,0,-1,96,60,0,
core_C82,29766,24024,0,90,1452,4464,6481728,0,-1,-1,95,1,
core_C83,12976,12544,0,180,3618,1782,6447276,0,-1,99,22,0,
core_C84,4719,37719,0,0,3582,1782,6383124,0,123,-1,89,1,
core_C85,25197,24024,0,0,4569,1485,6784965,0,92,72,10,0,
core_C86,17343,22358,0,0,3169,2079,6588351,0,-1,67,91,0,
core_C87,21424,4490,0,90,1650,3411,5628150,0,-1,-1,110,1,
core_C88,15744,20475,1,180,5918,2304,13635072,0,-1,103,73,0,
core_C89,12976,14326,0,0,4357,1452,6326364,0,121,-1,93,0,
core_C90,0,28673,0,90,1254,3829,4801566,0,62,-1,82,0,
core_C91,10857,2574,0,90,1452,4403,6393156,0,-1,-1,111,0,
core_C92,15744,30267,1,180,4589,2976,13656864,0,84,-1,51,0,
core_C93,15744,22779,1,0,5059,2496,12627264,0,-1,36,98,0,
core_C94,0,20559,0,90,1782,3575,6370650,0,-1,82,56,0,
core_C96,26649,25509,0,90,1485,4473,6642405,0,-1,-1,72,1,
core_C98,24009,31268,0,270,1452,4388,6371376,0,8,9,4,1,
core_C101,22623,12358,0,270,1419,4454,6320226,0,112,88,68,1,
core_C102,23768,19926,0,90,1419,4442,6303198,0,-1,-1,119,1,
core_C104,25582,0,0,270,1452,4421,6419292,0,21,-1,35,1,
core_C107,19807,4490,0,270,1617,4868,7871556,0,97,34,42,0,
core_C108,10857,0,0,0,2577,2574,6633198,0,37,101,23,1,
core_C109,24042,4536,0,270,1452,4405,6396060,0,86,-1,107,1,
core_C110,21259,0,0,270,1452,4490,6519480,0,53,-1,42,1,
core_C111,13248,10176,1,90,3600,3644,13118400,0,-1,54,75,1,
core_C112,18421,0,0,270,1386,4213,5839218,0,42,-1,22,1,
core_C113,15636,22806,0,90,1419,4359,6185421,0,-1,-1,122,1,
core_C114,9753,20493,0,90,1452,4392,6377184,0,44,47,123,1,
core_C116,0,16203,0,180,4361,1452,6332172,0,-1,58,70,0,
core_C117,21986,19926,0,270,1782,3584,6386688,0,108,-1,60,1,
core_C118,27034,4290,0,270,1419,4416,6266304,0,-1,-1,21,0,
core_C119,17333,13497,0,180,4453,1452,6465756,0,63,-1,99,1,
core_C120,11205,24570,0,180,4431,1419,6287589,0,116,-1,44,0,
core_C121,8301,20493,0,90,1452,4446,6455592,0,117,3,94,1,
Wirelength: 8.98171e+07
layer(tree) info:
layer: 0 ,width: 40113 ,height: 41068 ,area: 1647360684 ,blocks_area: 1318224468, filling_rate: 0.800204, utilizatio_rate: 0.788438
layer: 1 ,width: 40224 ,height: 41376 ,area: 1664308224 ,blocks_area: 1277984544, filling_rate: 0.767877, utilizatio_rate: 0.76437
random seed: 23
alpha: 0
gamma: 1
best wirelength: 8.98171e+07
initial_num_perturbs: 15376
iter: 0
best_iter: 0
best_cost: 0.268454
reject_time: 0
accept_inferior_time: 0
update_best_time: 0
adjustLegalOutline_fail_times: 0
outline_adjust_time: 9.398
initial_wirelength: 7.09552e+08
initial_average_wirelength: 2.6431e+09
7.09552e+08,initial_iter: 15376
initial_time: 20.086
total time cost: 100.188
