name,x,y,layer,rotated_angle,width,height,area,exceed_outline_area,left,right,parent,is_from_left,
macro_C8466,15827,28479,0,0,6369,5709,36360621,0,-1,-1,8,1,
macro_C8467,22553,19668,0,180,6369,5709,36360621,0,-1,-1,121,1,
macro_C16429,0,2508,0,0,5676,7524,42706224,0,4,61,103,0,
macro_C16430,0,3648,1,90,10752,8112,87220224,0,35,64,102,0,
macro_C32011,5676,0,0,0,8613,4290,36949770,0,15,107,2,1,
macro_C32012,5234,34719,1,0,12288,6144,75497472,0,48,-1,88,1,
macro_C39784,24096,0,1,0,7776,11232,87340032,0,58,-1,79,1,
macro_C39785,13530,10725,0,180,5445,7854,42765030,0,14,122,11,1,
macro_C55552,7973,28479,0,90,7854,5412,42505848,0,0,-1,22,1,
macro_C55553,29007,19668,0,180,5412,7854,42505848,0,80,-1,20,1,
macro_C63404,29509,35277,0,90,7854,5412,42505848,0,-1,-1,12,0,
macro_C63405,5676,12045,0,90,7854,5412,42505848,0,7,83,36,0,
macro_C71293,29509,29865,0,90,7854,5412,42505848,0,-1,10,77,1,
macro_C71294,0,35145,0,90,7854,5412,42505848,0,115,-1,32,0,
macro_C86866,18975,13860,0,0,6369,5709,36360621,0,30,121,7,1,
macro_C86867,14289,0,0,90,7524,5676,42706224,0,16,37,4,1,
macro_C86868,21813,0,0,0,8613,4290,36949770,0,-1,31,15,1,
macro_C86869,31326,25728,1,0,7776,11232,87340032,0,-1,75,29,1,
macro_C86870,11777,23067,0,90,7854,5412,42505848,0,-1,-1,45,1,
macro_C94576,34436,0,0,90,5709,6369,36360621,0,-1,28,33,1,
macro_C94577,23331,25377,0,180,5676,7524,42706224,0,9,97,100,1,
macro_C94578,0,14304,1,90,6144,12288,75497472,0,84,118,64,0,
macro_C94579,2528,20097,0,180,5445,7854,42765030,0,8,91,63,1,
macro_C94580,21109,35409,0,90,7854,5412,42505848,0,-1,-1,27,1,
macro_C102137,31872,16656,1,90,8160,9072,74027520,0,-1,-1,71,0,
macro_C102138,0,12573,0,0,5676,7524,42706224,0,-1,63,61,0,
macro_C102139,34436,16005,0,270,4290,8613,36949770,0,-1,74,52,0,
macro_C102140,13255,34188,0,90,7854,5445,42765030,0,23,-1,60,1,
macro_C102141,34436,6369,0,0,5412,7854,42505848,0,-1,52,19,0,
macro_C109812,22254,21624,1,180,9072,8160,74027520,0,17,68,114,1,
macro_C109813,25344,13992,0,90,7524,5676,42706224,0,-1,-1,14,1,
macro_C109814,21813,4290,0,180,8613,4290,36949770,0,-1,82,16,0,
macro_C109815,0,29700,0,90,7854,5445,42765030,0,56,13,63,0,
macro_C109816,26582,8580,0,90,7854,5412,42505848,0,19,-1,116,1,
core_C0,16011,28542,1,90,3600,3612,13003200,0,70,-1,81,1,
core_C1,10752,0,1,90,3552,3589,12748128,0,65,-1,3,1,
core_C2,5676,9537,0,0,2547,2508,6387876,0,-1,11,89,0,
core_C3,14289,5676,0,0,2543,2541,6461763,0,95,105,15,0,
core_C5,17952,0,1,90,2544,5175,13165200,0,79,-1,65,1,
core_C6,16034,21318,0,0,3612,1749,6317388,0,100,-1,122,1,
core_C7,14897,14980,1,0,3655,3600,13158000,0,114,-1,59,1,
core_C8,5190,11760,1,0,5148,2544,13096512,0,-1,-1,64,1,
core_C9,19379,12078,0,0,3582,1782,6383124,0,116,-1,95,1,
core_C10,14977,18580,1,90,3552,3636,12915072,0,-1,-1,54,1,
core_C12,7419,28479,1,90,3648,3656,13337088,0,-1,-1,67,1,
core_C13,8207,17457,0,0,3570,1782,6361740,0,18,-1,83,1,
core_C14,20496,11232,1,90,5088,2635,13406880,0,94,-1,55,0,
core_C15,35484,0,1,0,3618,3600,13024800,0,-1,72,58,1,
core_C16,17522,37032,1,0,5257,2544,13373808,0,86,-1,5,1,
core_C17,14304,7719,1,0,3633,3600,13078800,0,-1,85,51,0,
core_C19,13467,32154,1,0,5172,2544,13157568,0,-1,-1,81,0,
core_C20,14304,5175,1,0,5206,2544,13244064,0,117,49,65,0,
core_C23,34436,14223,0,0,3569,1782,6359958,0,-1,26,28,0,
core_C24,23110,19032,1,0,5199,2592,13475808,0,-1,-1,106,1,
core_C25,11280,21231,1,0,3697,3648,13486656,0,43,-1,87,1,
core_C26,20496,7342,1,90,3552,3625,12876000,0,-1,46,96,0,
core_C27,7854,33891,0,0,1800,3564,6415200,0,60,62,32,1,
core_C28,9802,17524,1,90,3648,3707,13523136,0,-1,-1,59,0,
core_C29,31872,0,1,0,3612,3600,13003200,0,47,109,6,1,
core_C31,9802,14980,1,0,5095,2544,12961680,0,40,57,84,1,
core_C32,9654,33891,0,0,3601,1749,6298149,0,27,73,56,1,
core_C33,0,10032,0,0,2568,2541,6525288,0,-1,25,2,0,
core_C35,7854,37455,0,0,3612,1749,6317388,0,-1,-1,56,0,
core_C37,0,20097,0,0,2528,2475,6256800,0,22,32,25,0,
core_C38,0,11760,1,0,5190,2544,13203360,0,41,21,3,0,
core_C39,14304,0,1,90,3648,3649,13311552,0,38,51,35,1,
core_C41,34974,36960,1,0,3650,3600,13140000,0,-1,-1,75,1,
core_C42,3751,27423,1,0,3668,3648,13380864,0,44,76,118,1,
core_C43,22254,29784,1,0,3651,3648,13318848,0,-1,-1,29,0,
core_C46,26796,13776,1,90,2544,5256,13371264,0,-1,-1,113,1,
core_C47,19611,33432,1,0,3624,3600,13046400,0,99,-1,34,1,
core_C48,31872,13056,1,0,3619,3600,13028400,0,104,24,101,0,
core_C49,35484,3600,1,180,2604,5088,13249152,0,-1,-1,47,0,
core_C50,9654,35640,0,0,3535,1749,6182715,0,-1,-1,60,0,
core_C51,34436,24618,0,0,3619,1749,6329631,0,-1,-1,26,0,
core_C53,31326,36960,1,0,3648,3600,13132800,0,66,-1,17,0,
core_C54,3751,31071,1,0,3656,3648,13337088,0,-1,-1,67,0,
core_C56,26939,32901,0,0,2570,2508,6445560,0,12,-1,97,1,
core_C57,9263,6864,0,0,2542,2508,6375336,0,-1,-1,110,0,
core_C58,20496,0,1,90,3600,3659,13172400,0,6,96,38,1,
core_C60,34419,26367,0,0,3584,1749,6268416,0,-1,119,9,1,
core_C61,13467,24879,1,90,2544,5152,13106688,0,34,50,98,1,
core_C65,21813,8580,0,0,3589,1749,6277161,0,-1,108,31,0,
core_C67,5676,17457,0,0,2531,2475,6264225,0,45,-1,11,0,
core_C69,6144,14304,1,0,3658,3600,13168800,0,59,87,21,1,
core_C70,14304,11319,1,90,3600,3661,13179600,0,-1,-1,49,0,
core_C71,22779,37032,1,0,3667,3600,13201200,0,-1,-1,48,1,
core_C74,6144,21231,1,0,5136,2544,13065984,0,54,90,84,0,
core_C75,0,34719,1,0,5234,2544,13315296,0,5,111,92,0,
core_C76,5676,6039,0,180,1765,3498,6173970,0,-1,36,107,0,
core_C77,6144,23775,1,0,3654,3648,13329792,0,98,-1,87,0,
core_C78,2528,27951,0,0,3592,1749,6282408,0,-1,-1,22,0,
core_C79,0,30288,1,270,3600,3684,13262400,0,-1,88,118,0,
core_C80,31872,7152,1,0,3411,3360,11460960,0,-1,101,109,0,
core_C81,25584,11232,1,0,5231,2544,13307664,0,-1,-1,46,1,
core_C82,16832,5676,0,0,2547,2508,6387876,0,42,-1,37,1,
core_C84,20496,3659,1,90,3600,3683,13258800,0,-1,55,79,0,
core_C85,23331,32901,0,0,3608,1782,6429456,0,77,-1,20,0,
core_C87,9798,24879,1,0,3669,3600,13208400,0,81,-1,90,1,
core_C88,23235,33432,1,0,3632,3552,12900864,0,-1,-1,70,1,
core_C89,19646,25377,0,0,3685,1782,6566670,0,20,-1,39,1,
core_C92,31872,10512,1,180,5111,2544,13002384,0,-1,71,93,0,
core_C93,0,0,1,0,3684,3648,13439232,0,-1,3,-1,0,
core_C95,0,0,0,0,2518,2508,6315144,0,-1,2,-1,0,
core_C96,35491,13056,1,180,3604,3600,12974400,0,-1,-1,71,1,
core_C97,14289,8217,0,0,2545,2508,6382860,0,120,-1,37,0,
core_C99,19510,17550,1,90,3600,3648,13132800,0,53,-1,117,0,
core_C100,5676,4290,0,0,3587,1749,6273663,0,110,89,4,0,
core_C103,21813,10329,0,180,3573,1749,6249177,0,-1,-1,82,0,
core_C104,31872,3600,1,0,3607,3552,12812064,0,-1,93,58,0,
core_C106,9263,4290,0,0,2576,2574,6630624,0,-1,78,107,1,
core_C108,0,37263,1,0,5135,2544,13063440,0,-1,-1,88,0,
core_C110,18552,24894,1,0,3662,3648,13358976,0,-1,-1,114,0,
core_C112,23110,13867,1,0,3686,3600,13269600,0,69,-1,117,1,
core_C113,18552,21198,1,0,3702,3696,13682592,0,29,112,40,1,
core_C114,7854,39204,0,0,3626,1782,6461532,0,-1,-1,13,1,
core_C115,22961,12078,0,0,3621,1782,6452622,0,33,-1,42,1,
core_C116,19510,13867,1,90,3600,3683,13258800,0,113,106,51,1,
core_C118,0,26592,1,0,3751,3696,13863696,0,67,92,21,0,
core_C119,34419,28116,0,0,3531,1749,6175719,0,-1,-1,80,0,
core_C120,16834,8184,0,0,2523,2508,6327684,0,-1,-1,105,1,
core_C121,18975,19569,0,0,3578,1749,6257922,0,1,-1,14,0,
core_C122,13530,18579,0,0,2504,2475,6197400,0,39,-1,7,0,
Wirelength: 9.69715e+08
layer(tree) info:
layer: 0 ,width: 40145 ,height: 40986 ,area: 1645382970, filling_rate: 0.801445, utilizatio_rate: 0.788712
layer: 1 ,width: 40032 ,height: 40863 ,area: 1635827616, filling_rate: 0.78572, utilizatio_rate: 0.768747
random seed: 8
alpha: 0
gamma: 1
best wirelength: 9.69715e+08
initial_num_perturbs: 15129
iter: 0
best_iter: 0
best_cost: 0.348278
reject_time: 764
accept_inferior_time: 309990
update_best_time: 0
adjustLegalOutline_fail_times: 0
initial_wirelength: 1.66853e+09
initial_average_wirelength: 2.78432e+09
1.33586e+09,initial_iter: 15129
initial_time: 23.378
total time cost: 1000
