name,x,y,layer,rotated_angle,width,height,area,exceed_outline_area,left,right,parent,is_from_left,
macro_C415824,12770,11851,0,0,5520,23736,131022720,0,349,140,518,1,
macro_C393731,51484,80850,0,0,5520,23736,131022720,0,392,5,589,0,
macro_C396425,18750,89317,0,0,5520,23736,131022720,0,112,32,452,0,
macro_C399323,49276,53640,0,0,5520,23736,131022720,0,584,468,163,1,
macro_C401933,0,33517,0,0,5520,23736,131022720,0,191,585,274,0,
macro_C404827,51484,104586,0,0,5520,23736,131022720,0,81,-1,1,0,
macro_C407516,44965,59934,1,0,8625,37030,319383750,0,-1,618,603,1,
macro_C410398,56820,31429,0,0,5520,23736,131022720,0,628,636,336,1,
macro_C413082,16583,86020,1,0,8625,37030,319383750,0,-1,256,92,1,
macro_C40987,30250,10262,0,0,5520,23736,131022720,0,607,10,209,1,
macro_C418718,30250,33998,0,0,5520,23736,131022720,0,206,569,9,0,
macro_C421703,39953,38803,0,0,5520,23736,131022720,0,580,14,399,1,
macro_C424481,35696,72735,1,0,8625,37030,319383750,0,-1,231,528,0,
macro_C427156,19900,4508,0,180,5520,23736,131022720,0,-1,-1,95,0,
macro_C429952,39953,62539,0,180,5520,23736,131022720,0,-1,328,11,0,
macro_C432667,12770,54505,0,0,5520,23736,131022720,0,435,338,227,0,
macro_C38059,9253,92692,0,0,5520,23736,131022720,0,171,631,45,1,
macro_C78506,54625,7042,1,0,8625,37030,319383750,0,-1,58,492,0,
macro_C390724,20774,50887,0,0,5520,23736,131022720,0,-1,275,74,0,
macro_C43597,45913,0,1,0,8625,37030,319383750,0,-1,-1,397,1,
macro_C46411,0,14930,1,0,8625,37030,319383750,0,54,56,576,0,
macro_C48981,47252,29822,0,0,5520,23736,131022720,0,454,163,417,0,
macro_C51791,34280,68570,0,0,5520,23736,131022720,0,318,552,376,1,
macro_C54384,25208,7913,1,0,8625,37030,319383750,0,-1,421,497,1,
macro_C57054,25208,90920,1,0,8625,37030,319383750,0,416,-1,597,0,
macro_C62277,6882,46795,0,0,5520,23736,131022720,0,-1,-1,583,0,
macro_C65066,54796,7693,0,0,5520,23736,131022720,0,339,336,589,1,
macro_C67838,64916,28655,0,0,5520,23736,131022720,0,-1,307,320,1,
macro_C70493,14053,37030,1,0,8625,37030,319383750,0,37,195,619,1,
macro_C73067,13961,0,1,0,8625,37030,319383750,0,638,619,350,1,
macro_C75793,43480,92499,0,0,5520,23736,131022720,0,-1,161,238,0,
macro_C59667,58844,73743,0,0,5520,23736,131022720,0,-1,629,437,0,
core_C930,18750,113053,0,0,6501,2024,13158024,0,-1,-1,2,0,
core_C1124,5037,62770,1,90,2645,8040,21265800,0,604,34,632,0,
core_C1270,5037,70810,1,90,2645,8045,21279025,0,-1,-1,33,0,
core_C1382,37846,110860,0,90,2024,6366,12884784,0,-1,-1,281,1,
core_C1112,72276,85035,0,90,2760,4315,11909400,0,-1,551,73,0,
core_C126,22678,7866,1,90,2530,7624,19288720,0,-1,-1,28,1,
core_C1684,69148,79647,0,90,2484,5247,13033548,0,-1,-1,530,1,
core_C1556,9034,9180,1,90,2530,8066,20406980,0,-1,420,278,1,
core_C599,41219,13636,0,90,2852,4392,12525984,0,-1,442,511,0,
core_C919,0,90125,1,180,5662,3680,20836160,0,-1,159,57,0,
core_C1502,67464,0,1,90,3105,6611,20527155,0,-1,-1,391,1,
core_C356,8906,32688,0,90,2024,6233,12615592,0,-1,635,232,0,
core_C1322,70173,66647,1,0,5545,3680,20405600,0,-1,303,287,0,
core_C1329,4784,89399,0,0,4469,2944,13156736,0,16,257,412,0,
core_C1044,45057,115573,1,0,4616,4600,21233600,0,-1,-1,248,0,
core_C318,14053,78545,1,180,6131,2990,18331690,0,-1,375,195,0,
core_C1681,72726,32779,1,90,2530,7998,20234940,0,-1,-1,448,1,
core_C1652,0,0,0,90,2392,5035,12043720,0,553,526,-1,0,
core_C667,59432,76062,1,0,4782,4600,21997200,0,-1,461,64,0,
core_C285,7866,73580,1,0,5676,3680,20887680,0,-1,301,179,0,
core_C15,49276,90059,0,90,2208,5817,12843936,0,589,-1,547,0,
core_C925,4858,59277,0,90,2024,6418,12990032,0,583,444,608,1,
core_C1409,8625,25213,1,90,2530,7938,20083140,0,-1,215,20,1,
core_C562,35512,10320,1,0,4407,4370,19258590,0,647,542,540,1,
core_C168,0,51960,1,0,4417,4370,19302290,0,-1,249,20,0,
core_C458,0,87250,1,0,7240,2875,20815000,0,-1,41,323,0,
core_C1109,54625,44072,1,90,2645,8081,21374245,0,-1,358,17,0,
core_C943,11093,89104,0,0,3613,3588,12963444,0,-1,-1,94,1,
core_C1583,45504,14710,0,90,2944,4457,13121408,0,228,128,240,0,
core_C100,64916,80977,0,90,1380,4600,6348000,0,530,-1,467,0,
core_C1141,61801,107342,1,180,4607,4600,21192200,0,-1,440,595,1,
core_C879,58844,108052,0,90,2024,6525,13206600,0,648,-1,91,0,
core_C355,59432,72727,1,180,5122,3335,17081870,0,-1,50,558,0,
core_C387,10054,70531,0,90,2208,5697,12578976,0,-1,-1,444,1,
core_C647,32182,98351,0,0,3622,3588,12995736,0,-1,220,276,0,
core_C439,61709,105157,1,180,4747,2185,10372195,0,-1,595,378,0,
core_C721,66111,45990,1,90,2530,8124,20553720,0,-1,82,254,0,
core_C239,59524,84342,1,0,6649,3105,20645145,0,-1,450,620,1,
core_C1333,36212,99574,0,0,6555,2024,13267320,0,-1,205,399,0,
core_C266,45504,84596,0,270,2484,4981,12372804,0,-1,-1,333,0,
core_C951,66296,110357,0,0,5844,2300,13441200,0,-1,-1,483,0,
core_C406,72276,80185,0,90,2392,4850,11601200,0,-1,36,230,0,
core_C259,20774,44695,0,270,2944,4459,13127296,0,531,18,452,1,
core_C522,4858,82867,0,180,3667,3588,13157196,0,266,-1,310,0,
core_C1618,0,78855,1,0,6658,3105,20673090,0,-1,475,372,0,
core_C875,60868,108586,0,90,2208,5606,12378048,0,-1,116,648,0,
core_C841,30337,74250,1,0,4679,4485,20985315,0,-1,520,613,0,
core_C1299,8906,42417,0,90,2852,4378,12486056,0,-1,-1,635,0,
core_C44,68534,0,0,0,5863,2208,12945504,0,-1,556,408,1,
core_C1017,57004,119344,0,90,2024,6266,12682384,0,162,-1,5,1,
core_C1331,66111,54114,1,90,2530,7869,19908570,0,-1,-1,68,0,
core_C98,26478,31141,0,90,2024,6481,13117544,0,-1,407,317,0,
core_C330,41212,34143,1,90,3220,6456,20788320,0,-1,-1,398,0,
core_C358,32182,105619,0,90,2484,4968,12340512,0,-1,-1,220,0,
core_C210,64916,68708,0,180,4539,2944,13362816,0,-1,127,90,0,
core_C996,59524,124210,1,0,7264,2415,17542560,0,-1,-1,450,0,
core_C780,49933,96964,1,0,4506,4485,20209410,0,-1,443,326,1,
core_C1441,25650,83030,0,180,5728,2208,12647424,0,-1,566,229,1,
core_C576,64916,66224,0,0,5097,2484,12660948,0,-1,86,346,0,
core_C1456,58844,101987,0,90,1932,6065,11717580,0,-1,63,504,0,
core_C309,14053,85215,1,90,2530,8149,20616970,0,8,-1,375,0,
core_C57,72703,49189,1,90,2530,8147,20611910,0,-1,-1,167,1,
core_C1493,9253,86440,0,90,1840,5858,10778720,0,59,-1,412,1,
core_C1295,19900,2208,0,0,5842,2300,13436600,0,-1,13,563,0,
core_C1113,51457,41630,1,90,2645,7954,21038330,0,-1,-1,568,1,
core_C1022,28808,96043,0,90,2024,6166,12479984,0,-1,624,367,0,
core_C34,70706,92895,1,180,4467,4370,19520790,0,-1,-1,207,1,
core_C1287,2392,7636,0,180,5109,2484,12690756,0,-1,586,409,0,
core_C729,61241,64912,0,90,3312,3431,11363472,0,-1,-1,246,0,
core_C1070,73748,106617,0,90,1932,6052,11692464,0,-1,-1,288,1,
core_C820,26478,2116,0,270,3588,3638,13053144,0,115,377,559,1,
core_C1151,49141,102373,0,90,2024,6513,13182312,0,-1,-1,286,1,
core_C1685,14773,104203,0,90,2024,6549,13255176,0,507,360,171,0,
core_C929,41229,118555,0,90,2116,5655,11965980,0,-1,-1,157,1,
core_C1114,44873,56714,1,0,6494,3220,20910680,0,-1,603,142,0,
core_C1484,69315,112657,0,90,2484,3804,9449136,0,488,-1,330,1,
core_C1084,70160,104133,0,180,4970,2484,12345480,0,-1,288,111,0,
core_C1197,26174,124758,0,180,4975,2484,12357900,0,298,-1,436,1,
core_C1135,1932,59277,0,90,1932,6242,12059544,0,-1,353,124,1,
core_C934,70160,97760,0,90,2116,6373,13485268,0,314,108,502,0,
core_C845,24270,90794,0,0,4538,2852,12942376,0,570,484,2,1,
core_C206,32182,77763,0,90,2024,6251,12652024,0,-1,164,609,0,
core_C33,35770,24299,0,90,2484,5111,12695724,0,-1,386,327,0,
core_C302,30066,2116,0,180,5523,1840,10162320,0,564,-1,102,1,
core_C589,60868,114192,0,0,4488,2944,13212672,0,-1,-1,77,0,
core_C158,19322,117101,0,180,3536,3496,12361856,0,501,-1,369,1,
core_C414,35770,52774,0,90,2116,5707,12076012,0,-1,-1,641,0,
core_C1116,72276,41087,0,90,2852,4384,12503168,0,-1,543,387,0,
core_C1033,44163,0,0,0,5044,2484,12529296,0,-1,-1,511,1,
core_C1170,45241,101449,1,90,2300,7385,16985500,0,598,562,605,1,
core_C376,8638,0,0,90,2484,5067,12586428,0,-1,-1,181,1,
core_C1265,35512,61056,1,0,5556,3680,20446080,0,-1,612,516,0,
core_C613,0,59277,0,90,1932,5926,11449032,0,110,241,585,0,
core_C459,35512,48406,1,0,6440,3220,20736800,0,-1,474,512,0,
core_C238,72276,33163,0,180,3497,3496,12225512,0,-1,387,510,0,
core_C506,64916,71652,0,0,5204,2576,13405504,0,186,130,86,0,
core_C46,45504,19167,0,90,2944,4675,13763200,0,-1,451,60,0,
core_C1232,0,66660,1,90,2415,7814,18870810,0,235,372,415,0,
core_C187,64916,74228,0,0,4621,3036,14029356,0,356,467,127,0,
core_C450,35464,2530,1,90,2530,7790,19708700,0,472,-1,388,1,
core_C494,69276,23155,1,0,6389,3105,19837845,0,-1,-1,290,0,
core_C915,33449,122159,0,180,6283,2024,12716792,0,-1,-1,298,1,
core_C1043,39431,6129,0,0,4432,2944,13047808,0,-1,-1,206,1,
core_C449,25300,49428,1,270,4370,4560,19927200,0,-1,571,621,1,
core_C10,42596,122933,1,0,6440,3105,19996200,0,-1,-1,513,0,
core_C178,12770,48617,0,0,4471,2944,13162624,0,-1,227,410,0,
core_C1045,30245,60473,1,0,4625,4600,21275000,0,-1,529,521,1,
core_C1298,66516,99795,1,0,7408,2875,21298000,0,-1,428,319,0,
core_C1488,12770,35587,0,90,2024,6590,13338160,0,546,639,0,0,
core_C1587,59028,122932,0,180,3052,2024,6177248,0,243,-1,162,0,
core_C1285,44873,54069,1,0,8130,2645,21503850,0,-1,106,535,0,
core_C1313,64916,8671,0,180,6235,1932,12046020,0,-1,-1,408,0,
core_C1249,64829,22281,0,270,3680,3837,14120160,0,625,-1,246,1,
core_C1067,66516,86206,1,90,2760,6908,19066080,0,-1,207,221,0,
core_C922,8625,37406,1,90,2760,7103,19604280,0,-1,-1,215,0,
core_C1050,14794,97027,0,180,3590,3588,12880920,0,-1,-1,222,0,
core_C306,3312,100546,0,180,5082,2484,12623688,0,429,462,645,0,
core_C228,70127,61164,0,90,2024,6256,12662144,0,-1,-1,211,1,
core_C28,39953,89798,0,90,2024,6421,12996104,0,-1,-1,328,0,
core_C326,56820,63445,0,180,3646,3588,13081848,0,522,469,234,0,
core_C443,5680,0,1,90,2530,8095,20480350,0,153,-1,465,1,
core_C156,8210,0,1,270,3565,5615,20017475,0,-1,587,152,1,
core_C1159,40296,117266,1,90,2185,6953,15192305,0,-1,-1,499,0,
core_C446,15344,3690,0,0,4556,2944,13412864,0,563,-1,263,1,
core_C1155,66296,85512,0,0,5869,2300,13498700,0,-1,524,530,0,
core_C1548,36930,117226,0,180,4299,2852,12260748,0,105,-1,199,1,
core_C1326,64101,116427,1,90,2415,7783,18795945,0,280,-1,508,1,
core_C740,0,93805,1,180,4422,4370,19324140,0,-1,180,41,0,
core_C27,39103,20868,0,90,2116,5719,12101404,0,511,-1,332,1,
core_C133,43480,116235,0,0,5477,2576,14108752,0,-1,491,30,0,
core_C350,59028,120080,0,180,4407,2852,12568764,0,646,141,81,1,
core_C616,47252,53558,0,90,2024,6380,12913120,0,3,273,21,0,
core_C1605,32182,84014,0,90,2024,6438,13030512,0,-1,276,113,0,
core_C254,26478,77602,0,180,5116,2484,12708144,0,-1,313,496,0,
core_C574,25773,122274,0,180,5257,2484,13058388,0,-1,-1,267,1,
core_C191,70173,49189,1,90,2530,8079,20439870,0,93,289,630,0,
core_C1019,71361,15745,0,90,2024,6347,12846328,0,643,-1,371,1,
core_C244,2024,18676,0,90,2944,4494,13230336,0,-1,-1,574,1,
core_C591,45504,65240,0,180,3691,3680,13582880,0,470,433,451,0,
core_C200,14773,100615,0,180,3711,3588,13315068,0,-1,104,16,1,
core_C972,37513,124219,1,0,4667,4485,20931495,0,-1,-1,416,1,
core_C74,61703,0,0,90,2576,5196,13384896,0,-1,-1,549,1,
core_C1261,32182,60310,0,90,2944,4592,13518848,0,-1,609,197,1,
core_C978,10673,5067,0,90,2484,3932,9767088,0,202,-1,191,1,
core_C627,41455,0,0,90,2024,6129,12405096,0,-1,-1,642,1,
core_C748,49933,105934,1,0,4468,4370,19525160,0,-1,244,443,0,
core_C373,35696,117630,1,180,4508,4485,20218380,0,-1,-1,231,0,
core_C1009,7866,70015,1,180,5678,3565,20242070,0,-1,51,219,0,
core_C108,0,98175,1,0,4518,4370,19743660,0,-1,471,159,0,
core_C380,2392,3588,0,180,6246,2024,12641904,0,122,409,553,0,
core_C555,42071,40599,1,90,2530,7951,20116030,0,572,561,474,1,
core_C1030,21614,34674,0,90,3496,3656,12781376,0,-1,-1,517,1,
core_C1455,65551,120080,0,90,1380,4229,5836020,0,-1,-1,646,1,
core_C537,69276,13060,1,180,4578,4485,20532330,0,-1,290,280,1,
core_C1284,70120,67420,0,90,2024,6503,13162072,0,-1,-1,127,1,
core_C1089,45504,75075,0,90,3588,3680,13203840,0,-1,333,433,0,
core_C1356,26478,51904,0,0,3688,3588,13232544,0,-1,414,438,0,
core_C476,0,23581,0,0,5280,2576,13601280,0,-1,545,574,0,
core_C1688,25300,57713,1,90,2530,8205,20758650,0,-1,311,571,0,
core_C959,5520,21407,0,0,5153,2576,13274128,0,175,458,4,1,
core_C1037,59432,50972,1,0,6502,3220,20936440,0,-1,509,615,1,
core_C289,9489,44509,1,90,2645,8118,21472110,0,-1,-1,312,1,
core_C1691,72276,58754,0,90,2576,5210,13420960,0,-1,424,300,0,
core_C753,14053,74060,1,0,4693,4485,21048105,0,390,47,28,0,
core_C1140,5037,56445,1,0,5700,3795,21631500,0,534,632,593,1,
core_C431,30250,60310,0,90,1932,6329,12227628,0,174,-1,569,0,
core_C153,17364,40647,0,90,2116,6859,14513644,0,456,489,227,1,
core_C954,34538,117097,0,90,2392,5062,12108304,0,157,-1,536,1,
core_C654,61709,87447,1,180,4489,4370,19616930,0,-1,445,450,1,
core_C422,40669,101598,0,90,2484,5069,12591396,0,-1,498,205,1,
core_C649,13157,0,0,180,2636,2484,6547824,0,315,-1,175,1,
core_C1185,6882,76603,0,0,5254,2484,13050936,0,-1,-1,310,1,
core_C1450,62340,38213,0,90,2208,5936,13106688,0,-1,368,460,0,
core_C1250,36212,101598,0,0,4457,2944,13121408,0,201,364,70,0,
core_C1288,35770,9368,0,0,3661,3588,13135668,0,134,486,10,1,
core_C1076,66516,93114,1,180,4190,4140,17346600,0,98,319,145,0,
core_C1698,72933,84662,1,90,2530,8233,20829490,0,-1,-1,282,1,
core_C1620,28410,61469,0,90,1840,5912,10878080,0,9,-1,532,1,
core_C1303,54019,0,0,0,5200,2576,13395200,0,549,-1,650,1,
core_C183,64916,61164,0,0,5211,2576,13423536,0,149,346,371,0,
core_C888,69208,118887,0,90,2116,6385,13510660,0,-1,-1,370,1,
core_C1321,1380,106342,0,180,6576,2116,13914816,0,-1,261,236,0,
core_C583,62340,12864,0,90,1932,6100,11785200,0,579,385,628,0,
core_C1059,8625,33151,1,180,4410,4255,18764550,0,-1,146,54,0,
core_C313,18729,115077,0,0,6277,2024,12704648,0,-1,-1,507,1,
core_C129,25300,85900,1,0,5059,4830,24434970,0,592,-1,637,0,
core_C106,41518,64789,1,90,2530,7946,20103380,0,-1,-1,296,0,
core_C952,7866,66335,1,0,5769,3680,21229920,0,-1,179,334,0,
core_C1142,32182,101939,0,0,3702,3680,13623360,0,-1,85,66,0,
core_C1085,66516,80368,1,90,1725,5838,10070550,0,425,145,594,0,
core_C1369,14794,93439,0,0,3706,3588,13297128,0,-1,147,591,0,
core_C905,10838,11851,0,90,1840,5850,10764000,0,-1,518,263,0,
core_C284,62340,25362,0,90,2024,6591,13340184,0,-1,460,385,0,
core_C1306,70081,26260,1,90,3220,6519,20991180,0,-1,448,425,1,
core_C1391,7774,106004,1,180,7936,2645,20990720,0,-1,258,423,0,
core_C1086,12770,51561,0,0,4594,2944,13524736,0,198,15,137,0,
core_C22,48448,14710,0,180,3415,3312,11310480,0,265,-1,60,1,
core_C1566,23258,83721,0,90,2392,4865,11637080,0,89,-1,264,1,
core_C789,72276,76873,0,180,3423,3312,11336976,0,-1,73,331,0,
core_C368,35696,109765,1,90,2185,6743,14733455,0,519,178,12,0,
core_C700,8906,26467,0,90,1932,6221,12018972,0,263,43,583,1,
core_C141,71208,108535,1,90,4370,4431,19363470,0,-1,-1,268,1,
core_C1068,56820,60593,0,180,4344,2852,12389088,0,-1,151,259,0,
core_C173,2415,66660,1,90,2530,7681,19432930,0,312,-1,129,1,
core_C138,1380,73696,0,90,1932,6299,12169668,0,523,213,525,1,
core_C664,28470,119235,0,180,5054,2484,12554136,0,-1,-1,634,1,
core_C470,43480,86275,0,90,2024,6224,12597376,0,240,30,493,1,
core_C1097,0,110482,0,0,5706,2208,12598848,0,422,357,525,0,
core_C1134,45504,11950,0,0,5753,2760,15878280,0,-1,60,238,1,
core_C1418,0,70844,0,0,4437,2852,12654324,0,-1,525,124,0,
core_C222,9253,121396,0,0,5093,2484,12651012,0,-1,-1,548,0,
core_C1041,62080,126572,0,180,5104,2484,12678336,0,370,-1,141,1,
core_C1606,49933,110304,1,270,4370,4546,19866020,0,-1,601,177,0,
core_C66,62934,117136,0,0,4449,2944,13097856,0,330,-1,392,1,
core_C1398,61241,61237,0,90,3588,3675,13185900,0,144,100,453,0,
core_C992,54625,84100,1,90,3680,5680,20902400,0,-1,557,383,0,
core_C505,45057,113388,1,0,4418,2185,9653330,0,-1,46,614,0,
core_C1294,0,56330,1,90,3680,5845,21509600,0,-1,415,56,0,
core_C916,26478,42825,0,90,3588,3759,13487292,0,-1,438,407,0,
core_C176,24270,100344,0,180,3412,3404,11614448,0,-1,627,610,0,
core_C342,72276,98675,0,90,2760,4157,11473320,0,-1,-1,382,0,
core_C586,52772,35965,0,90,2024,6108,12362592,0,-1,342,454,0,
core_C271,66111,38325,1,90,2530,7665,19392450,0,-1,68,509,1,
core_C327,34355,5706,0,0,3604,3588,12931152,0,642,-1,279,1,
core_C1293,16583,123050,1,90,4370,4512,19717440,0,497,-1,8,0,
core_C1081,4784,92343,0,90,2208,5719,12627552,0,-1,-1,45,0,
core_C1361,7774,108649,1,90,3105,6532,20281860,0,-1,-1,226,0,
core_C840,56820,57649,0,0,4421,2944,13015424,0,453,234,636,0,
core_C1374,35512,34491,1,0,5573,3565,19867745,0,-1,506,485,0,
core_C953,1380,108458,0,180,6459,2024,13073016,0,-1,-1,213,0,
core_C849,45504,122307,0,0,4496,2852,12822592,0,-1,-1,286,0,
core_C1532,10838,8999,0,0,4506,2852,12851112,0,155,223,232,1,
core_C1328,20774,84138,0,90,2484,5179,12864636,0,229,-1,359,0,
core_C1319,51863,9752,0,90,2116,6442,13631272,0,-1,-1,228,1,
core_C1527,8525,79087,0,180,3716,3588,13333008,0,-1,464,75,1,
core_C838,20552,120852,0,0,5221,2576,13449296,0,166,-1,537,1,
core_C317,66516,112973,1,180,4692,4485,21043620,0,233,-1,395,0,
core_C778,25300,73965,1,180,4712,4485,21133320,0,-1,637,311,0,
core_C329,42153,30991,0,90,2116,6396,13533936,0,-1,-1,480,0,
core_C76,35512,20350,1,0,4817,4715,22712155,0,397,355,542,0,
core_C1463,54625,101574,1,90,4715,4847,22853605,0,-1,459,347,0,
core_C520,47252,59938,0,90,1656,5302,8780112,0,-1,-1,163,0,
core_C214,0,31033,0,180,4984,2484,12380256,0,-1,4,411,0,
core_C1052,20774,74623,0,180,3557,3496,12435272,0,-1,359,18,0,
core_C1524,32182,90452,0,90,2024,6213,12575112,0,-1,66,164,0,
core_C1004,4858,73107,0,180,3597,3496,12575112,0,-1,310,444,0,
core_C5,2530,9180,1,0,6504,3105,20194920,0,39,-1,363,1,
core_C442,28502,8054,0,0,5853,2208,12923424,0,255,-1,344,1,
core_C250,66516,67549,1,90,2760,7326,20219760,0,185,304,158,1,
core_C1246,35822,110857,0,90,2024,6240,12629760,0,35,-1,476,1,
core_C885,70173,84662,1,90,2760,7161,19764360,0,208,-1,354,0,
core_C1694,29921,48508,1,270,3680,5525,20332000,0,-1,-1,388,0,
core_C921,54625,59226,1,90,4485,4485,20115225,0,-1,575,358,0,
core_C1656,72276,48931,0,90,2484,5248,13036032,0,-1,300,543,0,
core_C12,45504,118811,0,180,3637,3496,12714952,0,103,262,491,1,
core_C164,70173,62967,1,0,5543,3680,20398240,0,-1,44,289,0,
core_C205,70160,106617,0,90,3588,3665,13150020,0,101,-1,108,0,
core_C290,70173,57336,1,90,3565,5631,20074515,0,-1,287,167,0,
core_C132,69276,17545,1,90,3680,5610,20644800,0,-1,132,185,0,
core_C715,23805,28244,0,90,2116,6430,13605880,0,402,-1,541,1,
core_C1296,35512,41621,1,0,5804,3680,21358720,0,-1,512,506,0,
core_C1649,66296,100547,0,90,2024,6590,13338160,0,544,483,466,0,
core_C1517,36212,92306,0,0,3733,3588,13394004,0,404,399,552,1,
core_C1082,61962,61207,1,90,2185,7174,15675190,0,-1,-1,494,1,
core_C730,41518,57491,1,90,2875,7298,20981750,0,-1,218,322,1,
core_C275,12770,82473,0,90,2024,6631,13421144,0,651,-1,366,0,
core_C1559,31149,121719,0,270,2300,5836,13422800,0,133,-1,109,1,
core_C567,44873,41515,1,180,4693,4485,21048105,0,463,568,403,1,
core_C557,72276,54179,0,90,2944,4575,13468800,0,-1,194,285,0,
core_C1383,7866,77260,1,0,5892,3795,22360140,0,-1,321,51,0,
core_C515,69046,105085,1,180,5266,3450,18167700,0,-1,-1,395,1,
core_C397,70173,70327,1,0,5053,4945,24987085,0,-1,316,44,0,
core_C604,66516,74875,1,90,3450,5401,18633450,0,-1,594,280,0,
core_C736,38144,104542,0,90,1932,6318,12206376,0,500,-1,364,1,
core_C1498,26478,20999,0,90,3496,3594,12564624,0,-1,317,418,0,
core_C816,64916,52391,0,90,2852,4541,12950932,0,335,505,27,0,
core_C873,54625,72566,1,180,4514,4485,20245290,0,-1,383,479,0,
core_C609,35770,39831,0,90,2024,6420,12994080,0,-1,641,389,0,
core_C1423,4858,76603,0,90,2024,6264,12678336,0,203,75,277,0,
core_C782,25300,65918,1,90,2530,8047,20358910,0,640,269,190,0,
core_C21,4945,51960,1,0,4544,4485,20379840,0,193,593,235,1,
core_C507,26478,80086,0,0,4478,2944,13183232,0,-1,-1,165,0,
core_C1157,72276,22092,0,270,2208,5823,12857184,0,-1,510,111,1,
core_C1096,15793,0,0,90,3588,3690,13239720,0,-1,-1,202,1,
core_C724,70173,75272,1,0,5629,3680,20714720,0,-1,354,303,0,
core_C352,26478,24593,0,90,2024,6548,13253152,0,-1,83,306,0,
core_C1136,39800,26587,0,90,2024,6577,13311848,0,-1,-1,22,1,
core_C491,66516,97265,1,0,8242,2530,20852260,0,-1,139,207,0,
core_C1377,62892,101987,0,90,2024,6599,13356376,0,27,-1,648,1,
core_C435,7866,81055,1,0,5781,3795,21938895,0,-1,345,301,0,
core_C1291,35604,64736,1,0,5914,3910,23123740,0,296,602,612,1,
core_C1012,0,85065,1,180,4655,2185,10171175,0,-1,57,475,0,
core_C918,22706,78119,0,90,1840,5602,10307680,0,559,-1,359,1,
core_C1705,64934,0,1,90,2300,7515,17284500,0,-1,432,348,1,
core_C1102,47633,101449,1,90,2300,7569,17408700,0,88,-1,598,1,
core_C792,35770,20868,0,90,3312,3431,11363472,0,-1,114,405,0,
core_C1153,39953,86275,0,90,3404,3523,11992292,0,-1,150,14,0,
core_C1706,61709,96302,1,180,4415,4255,18785825,0,-1,378,445,0,
core_C763,67383,112657,0,90,1932,6230,12036360,0,107,-1,245,1,
core_C1008,72276,73326,0,90,3496,3547,12400312,0,-1,230,427,0,
core_C1000,35515,58481,0,270,3588,3595,12898860,0,160,343,569,1,
core_C1461,45504,78755,0,90,2208,5841,12896928,0,-1,71,187,0,
core_C1060,7866,62770,1,0,5516,3565,19664540,0,-1,219,596,1,
core_C1104,67768,52391,0,90,2944,4416,13000704,0,-1,-1,307,1,
core_C363,54796,31429,0,90,2024,6430,13014320,0,7,482,26,0,
core_C550,29039,0,1,0,7842,2530,19840260,0,-1,362,638,1,
core_C965,12770,78241,0,0,5907,2208,13042656,0,473,366,15,0,
core_C9,60316,7693,0,90,2024,6286,12722864,0,-1,-1,26,1,
core_C1003,7682,115181,1,180,7860,2530,19885800,0,-1,-1,604,0,
core_C1554,19480,42671,0,0,6320,2024,12791680,0,-1,-1,456,0,
core_C746,52772,42073,0,90,2024,6327,12805848,0,-1,581,253,0,
core_C870,35515,62076,0,90,2024,6494,13143856,0,-1,-1,332,0,
core_C626,26478,8054,0,90,2024,6493,13141832,0,279,418,377,0,
core_C1541,7866,84850,1,90,3565,5620,20035300,0,350,449,321,0,
core_C1631,64916,63740,0,0,5161,2484,12819924,0,-1,90,211,0,
core_C1362,54625,96989,1,90,4485,4585,20563725,0,-1,272,557,0,
core_C88,59340,44072,1,0,5594,3680,20585920,0,325,374,361,1,
core_C786,18290,28244,0,90,2024,6340,12832160,0,541,-1,0,1,
core_C1168,11431,84850,1,90,2530,8147,20611910,0,29,455,345,1,
core_C186,70081,41254,1,0,5606,3680,20630080,0,-1,617,448,0,
core_C38,26478,67811,0,180,5262,2576,13554912,0,-1,565,532,0,
core_C508,1932,65519,0,90,2484,5325,13227300,0,-1,-1,110,0,
core_C950,70173,78952,1,90,3680,5710,21012800,0,-1,282,316,0,
core_C1166,35512,25065,1,270,3680,5746,21145280,0,-1,485,271,0,
core_C404,69537,74228,0,90,1748,5419,9472412,0,-1,-1,130,1,
core_C539,0,112690,0,0,3951,3864,15266664,0,365,-1,239,0,
core_C1397,54625,52153,1,90,2300,7073,16267900,0,-1,284,58,0,
core_C1513,20774,78119,0,90,1932,6019,11628708,0,324,264,275,0,
core_C633,14773,110752,0,90,3404,3488,11873152,0,-1,369,104,0,
core_C1604,56925,112818,1,90,2415,7909,19100235,0,348,-1,578,1,
core_C1426,29039,2530,1,90,3565,5383,19190395,0,-1,-1,337,0,
core_C1338,0,3680,1,90,2530,7722,19536660,0,278,576,465,0,
core_C263,36212,104542,0,90,1932,6315,12200580,0,305,-1,205,0,
core_C1324,3951,117038,0,180,3596,3588,12902448,0,-1,-1,357,1,
core_C1572,12770,80449,0,0,6375,2024,12903000,0,-1,297,338,0,
core_C167,28808,91509,0,90,2852,4534,12930968,0,-1,97,570,0,
core_C693,62340,44149,0,90,2024,6404,12961696,0,-1,-1,204,0,
core_C1521,14773,117101,0,0,4549,2852,12973748,0,117,537,360,0,
core_C503,67184,120080,0,90,2024,6259,12668216,0,212,-1,243,1,
core_C1626,64916,59140,0,0,6445,2024,13044680,0,168,211,505,0,
core_C861,0,74474,1,0,4561,4370,19931570,0,-1,76,129,0,
core_C354,0,10871,0,90,2024,6495,13145880,0,-1,574,526,0,
core_C975,59340,47752,1,0,6580,3220,21187600,0,538,615,348,0,
core_C1536,14053,81535,1,0,5614,3680,20659520,0,478,92,47,0,
core_C1702,32256,64902,0,90,2024,6566,13289584,0,22,616,609,1,
core_C622,26478,5754,0,0,5809,2300,13360700,0,-1,344,102,0,
core_C1225,61709,100557,1,180,4661,4600,21440600,0,-1,67,329,0,
core_C1515,16818,82473,0,90,1932,5974,11541768,0,452,-1,651,1,
core_C1412,5520,26467,0,90,1932,6175,11930100,0,-1,527,458,0,
core_C115,17186,38439,0,180,5601,2208,12367008,0,-1,-1,517,0,
core_C1062,72276,93680,0,90,2484,4995,12407580,0,-1,252,551,0,
core_C166,54625,77051,1,90,2760,7049,19455240,0,-1,247,308,0,
core_C341,59219,5209,0,0,5213,2484,12949092,0,-1,-1,549,0,
core_C1077,62340,18964,0,90,2024,6398,12949552,0,-1,224,214,0,
core_C196,35770,29410,0,90,2208,5865,12949920,0,-1,389,114,0,
core_C1115,72276,36659,0,90,2852,4428,12628656,0,-1,119,126,0,
core_C643,29921,44943,1,0,5543,3565,19760795,0,131,283,421,1,
core_C1538,35770,35275,0,90,2852,4556,12993712,0,-1,309,386,0,
core_C821,18746,74060,1,0,5696,3565,20306240,0,-1,-1,195,1,
core_C852,64934,23115,1,90,2530,7880,19936400,0,42,-1,626,0,
core_C545,57004,117136,0,180,5930,2208,13093440,0,245,-1,1,1,
core_C438,52325,122033,1,180,6590,3105,20461950,0,-1,-1,426,0,
core_C832,68969,10603,0,90,2484,5142,12772728,0,-1,-1,644,1,
core_C1480,66516,105085,1,90,2530,7888,19956640,0,302,268,428,0,
core_C1477,65142,61983,1,90,3680,5566,20482880,0,590,-1,461,1,
core_C109,40329,20350,1,0,5584,3680,20549120,0,19,-1,271,1,
core_C941,41212,28546,1,90,3680,5597,20596960,0,-1,84,477,0,
core_C962,36212,95894,0,0,3741,3680,13766880,0,11,70,294,0,
core_C630,8547,123880,0,0,5868,2300,13496400,0,-1,-1,645,1,
core_C1529,47252,23842,0,0,4559,3036,13841124,0,650,417,451,1,
core_C801,25921,0,0,0,6583,2116,13929628,0,-1,-1,291,1,
core_C881,42688,109765,1,90,2185,7244,15828140,0,299,-1,600,1,
core_C807,39945,33164,0,90,2208,5639,12450912,0,480,-1,294,1,
core_C1601,35770,18016,0,180,4381,2852,12494612,0,-1,327,446,0,
core_C552,7774,96985,1,90,3565,5489,19568285,0,-1,423,596,0,
core_C1238,26478,37622,0,90,2484,5203,12924252,0,-1,250,83,0,
core_C1120,64916,3719,0,0,3618,3496,12648528,0,80,143,441,0,
core_C612,2392,5612,0,0,6270,2024,12690480,0,-1,99,181,0,
core_C382,12770,45673,0,0,4449,2944,13097856,0,-1,137,639,0,
core_C269,0,28549,0,180,5154,2484,12802536,0,-1,274,545,0,
core_C1534,4784,86455,0,0,4469,2944,13156736,0,94,45,608,0,
core_C143,49936,6164,0,180,3674,3588,13182312,0,-1,-1,582,0,
core_C1202,26478,55492,0,90,2208,5977,13197216,0,-1,532,188,0,
core_C790,0,62175,1,180,4603,4485,20644455,0,-1,129,249,0,
core_C1422,33833,122115,1,90,3680,5610,20644800,0,172,-1,24,1,
core_C911,47252,26878,0,0,4492,2944,13224448,0,-1,21,401,0,
core_C1318,26478,14547,0,90,2116,6452,13652432,0,-1,306,344,0,
core_C1098,39919,13044,1,90,2875,7306,21004750,0,-1,-1,647,0,
core_C1597,9034,17246,1,270,2645,7967,21072715,0,-1,-1,39,0,
core_C610,25208,44943,1,0,4713,4485,21137805,0,388,621,23,0,
core_C104,5706,110482,0,90,2116,6556,13872496,0,-1,-1,239,1,
core_C1460,7774,103359,1,0,8420,2645,22270900,0,-1,226,406,0,
core_C624,72276,63964,0,90,3036,4676,14196336,0,-1,427,194,0,
core_C379,68241,80276,1,90,1840,5577,10261680,0,225,-1,221,1,
core_C1522,52325,114850,1,90,2300,7183,16520900,0,492,393,588,1,
core_C478,72276,68640,0,90,2300,4686,10777800,0,-1,331,424,0,
core_C1341,66516,102670,1,180,7301,2415,17631915,0,-1,395,139,0,
core_C6,8394,126180,0,180,5964,1932,11522448,0,-1,-1,148,1,
core_C377,32256,71542,0,90,1932,6221,12018972,0,623,-1,616,0,
core_C1339,26446,112580,0,0,3547,3496,12400312,0,599,634,501,1,
core_C489,64934,7515,1,90,2530,7686,19445580,0,-1,626,325,0,
core_C1487,45504,68920,0,90,2024,6155,12457720,0,-1,187,170,0,
core_C920,24270,97418,0,180,4446,2852,12679992,0,-1,610,484,0,
core_C189,18290,54012,0,90,2024,6430,13014320,0,-1,-1,15,1,
core_C956,19716,124758,0,0,6458,2024,13070992,0,109,-1,533,1,
core_C1164,58844,71535,0,180,5788,2208,12779904,0,-1,31,649,1,
core_C42,26478,46584,0,90,2484,5320,13214880,0,-1,188,250,0,
core_C1402,30337,69558,1,0,4629,4600,21293400,0,-1,613,606,1,
core_C1378,61801,111942,1,0,4639,4485,20805915,0,-1,508,62,0,
core_C488,64916,0,0,90,3588,3719,13343772,0,-1,408,628,1,
core_C703,41219,18028,0,90,2024,6593,13344232,0,-1,-1,40,0,
core_C399,49933,101449,1,0,4664,4485,20918040,0,573,177,88,0,
core_C656,4858,70531,0,0,5196,2576,13384896,0,65,277,53,0,
core_C854,61709,91817,1,0,4694,4485,21052590,0,-1,329,200,0,
core_C768,35770,15440,0,0,5247,2576,13516272,0,-1,405,486,0,
core_C125,49473,49584,1,180,4714,4485,21142290,0,-1,-1,535,1,
core_C281,70081,32779,1,90,2645,8475,22416375,0,48,351,225,0,
core_C696,7866,90470,1,90,3105,6515,20229075,0,-1,-1,345,0,
core_C1483,59524,87447,1,90,2185,7177,15681745,0,200,87,69,0,
core_C865,45504,23842,0,90,1748,5351,9353548,0,401,170,128,0,
core_C556,18750,82473,0,90,2024,6396,12945504,0,74,2,379,1,
core_C1408,61241,57649,0,0,3588,3588,12873744,0,550,246,259,1,
core_C632,52772,29623,0,90,2024,6342,12836208,0,-1,253,21,1,
core_C1542,11431,93364,1,90,3565,5510,19643150,0,-1,633,350,0,
core_C836,19480,40647,0,0,6523,2024,13202552,0,-1,341,198,1,
core_C872,43480,125159,0,0,6351,2024,12854424,0,-1,-1,491,0,
core_C361,5520,23983,0,0,5304,2484,13175136,0,-1,380,191,0,
core_C570,54625,106421,1,90,3105,6397,19862685,0,-1,578,272,0,
core_C233,62340,31953,0,90,2024,6260,12670240,0,-1,204,224,0,
core_C675,59432,80662,1,0,5710,3680,21012800,0,396,620,50,0,
core_C456,3312,103030,0,180,3492,3312,11565504,0,-1,-1,148,0,
core_C1703,49566,37030,1,0,4816,4600,22153600,0,-1,-1,299,1,
core_C1216,8525,82675,0,270,3680,3765,13855200,0,-1,-1,266,0,
core_C702,0,0,1,0,5680,3680,20902400,0,152,363,-1,0,
core_C1320,66296,93944,0,90,2024,6603,13364472,0,-1,293,524,0,
core_C392,64916,77264,0,90,3680,3713,13663840,0,-1,61,130,0,
core_C298,49276,77376,0,90,2024,6344,12840256,0,-1,547,3,0,
core_C1428,56820,67033,0,90,2852,4502,12839704,0,-1,649,151,0,
core_C463,49195,95876,0,270,2024,6497,13149928,0,-1,-1,170,1,
core_C240,0,102545,1,180,4566,4485,20478510,0,-1,-1,180,0,
core_C524,37994,0,1,90,3105,6398,19865790,0,-1,-1,131,1,
core_C396,18677,60442,0,90,2024,6440,13034560,0,-1,-1,338,1,
core_C62,35512,51626,1,0,6559,3105,20365695,0,182,515,125,0,
core_C434,0,81960,1,0,6544,3105,20319120,0,-1,323,76,0,
core_C1591,31384,110587,0,0,4438,2852,12657176,0,281,-1,624,1,
core_C564,41212,24030,1,90,4485,4516,20254260,0,-1,398,485,1,
core_C311,19667,81535,1,180,4516,4485,20254260,0,-1,-1,375,1,
core_C391,54625,68081,1,180,4501,4485,20186985,0,-1,308,575,0,
core_C1537,42153,24621,0,90,2024,6370,12892880,0,555,270,404,1,
core_C1128,51811,23953,0,90,2208,5670,12519360,0,-1,-1,650,0,
core_C1314,54796,37859,0,90,2024,6117,12380808,0,-1,-1,336,0,
core_C1586,66296,107137,0,180,3289,3220,10590580,0,-1,72,293,0,
core_C1608,24270,93646,0,180,3846,3772,14507112,0,-1,434,112,0,
core_C194,35512,30811,1,0,5700,3680,20976000,0,477,260,355,0,
core_C67,35770,12956,0,0,5325,2484,13227300,0,-1,446,206,0,
core_C1510,59432,57527,1,0,5597,3680,20596960,0,-1,494,509,0,
core_C814,71799,112669,0,90,2024,6506,13168144,0,-1,-1,107,1,
core_C874,17364,47506,0,90,2024,6506,13168144,0,-1,-1,198,0,
core_C735,6056,15088,0,90,2024,6319,12789656,0,-1,-1,514,1,
core_C898,43480,118811,0,90,2024,6304,12759296,0,286,457,161,0,
core_C1355,54625,2530,1,90,4485,4512,20236320,0,-1,17,426,1,
core_C1073,41548,112230,0,90,1932,6325,12219900,0,238,-1,500,1,
core_C1675,59432,61207,1,90,2530,7955,20126150,0,295,558,487,0,
core_C1567,29993,116383,0,180,4391,2852,12523132,0,-1,-1,599,0,
core_C687,26478,72595,0,90,2484,5007,12437388,0,-1,165,565,0,
core_C754,20953,123050,1,90,4255,4352,18517760,0,23,-1,256,1,
core_C805,40669,106667,0,90,2116,5563,11771308,0,-1,-1,201,0,
core_C1474,40296,109765,1,90,2300,7501,17252300,0,600,154,519,1,
core_C722,40076,112230,0,90,1472,4890,7198080,0,493,-1,305,1,
core_C107,22858,117101,0,90,3588,3751,13458588,0,431,-1,117,1,
core_C40,70160,91400,0,90,2116,6360,13457760,0,-1,111,539,1,
core_C859,2392,12144,0,180,4562,2944,13430528,0,-1,514,586,0,
core_C670,58844,99687,0,0,5764,2300,13257200,0,-1,91,629,0,
core_C1479,64916,56932,0,180,5953,2208,13144224,0,-1,371,307,0,
core_C447,35512,38056,1,0,5575,3565,19874875,0,-1,292,260,0,
core_C1636,16797,104203,0,90,1932,5840,11282880,0,216,-1,104,1,
core_C839,61801,116427,1,90,2300,7365,16939500,0,158,-1,440,0,
core_C1344,59432,54192,1,0,6679,3335,22274465,0,254,487,192,0,
core_C1575,72276,27915,0,90,2576,5248,13518848,0,-1,126,314,0,
core_C1156,41219,9073,0,90,2944,4563,13433472,0,120,40,160,1,
core_C835,35512,45301,1,180,6473,3105,20098665,0,-1,125,292,0,
core_C1663,42596,120173,1,0,7267,2760,20056920,0,-1,136,600,0,
core_C1671,2392,15088,0,0,3664,3588,13146432,0,490,-1,503,0,
core_C595,35512,54731,1,0,7384,2760,20379840,0,-1,516,474,0,
core_C1615,35512,57491,1,0,5533,3565,19725145,0,-1,123,515,0,
core_C221,17186,35587,0,180,4428,2852,12628656,0,183,381,546,1,
core_C800,10838,17701,0,90,1932,6321,12212172,0,0,-1,223,0,
core_C54,37881,109765,1,90,2415,7865,18993975,0,499,-1,231,1,
core_C798,30337,78735,1,90,2645,7165,18951425,0,540,-1,78,0,
core_C314,27830,60473,1,90,2415,7804,18846660,0,138,-1,640,0,
core_C1616,60466,68343,0,180,4329,2852,12346308,0,-1,-1,151,1,
core_C986,3312,73696,0,90,1472,4426,6515072,0,608,645,236,1,
core_C1325,66296,87812,0,90,1932,6132,11847024,0,-1,466,156,0,
core_C851,0,73696,0,90,1380,4658,6428040,0,236,239,241,0,
core_C452,0,5035,0,90,1932,5836,11275152,0,-1,373,49,0,
core_C1395,5520,32642,0,90,2576,5413,13943888,0,-1,-1,380,0,
core_C659,35696,68646,1,0,5746,3680,21145280,0,-1,12,602,1,
core_C1336,30245,65073,1,0,4655,4485,20877675,0,-1,606,138,0,
core_C31,66296,80977,0,90,2852,4535,12933820,0,38,156,61,1,
core_C521,23718,44695,0,90,2024,6192,12532608,0,-1,-1,74,1,
core_C86,26478,61469,0,90,1932,6342,12252744,0,209,352,414,0,
core_C751,14773,122805,0,180,4943,2392,11823656,0,436,-1,537,0,
core_C1063,10737,52627,1,90,2300,7606,17493800,0,-1,-1,196,1,
core_C150,44873,49220,1,90,4600,4821,22176600,0,447,142,568,0,
core_C823,30085,113439,0,0,4453,2944,13109632,0,199,-1,599,1,
core_C741,14773,120597,0,0,5779,2208,12760032,0,267,533,369,0,
core_C1241,65920,30995,1,90,2415,7330,17701950,0,-1,-1,374,1,
core_C634,68320,91400,0,90,1840,5947,10942480,0,502,-1,544,0,
core_C389,32982,78735,1,90,2530,7700,19481000,0,55,-1,520,1,
core_C39,20314,28244,0,180,3491,3404,11883364,0,291,-1,349,1,
core_C776,35512,14690,1,90,4370,4578,20005860,0,-1,271,55,0,
core_C1038,72276,45471,0,90,3312,3460,11459520,0,-1,285,119,0,
core_C1360,68320,87812,0,0,3645,3588,13078260,0,-1,539,293,1,
core_C1346,0,26157,0,0,5147,2392,12311624,0,-1,411,189,0,
core_C423,14794,35587,0,90,2392,5116,12237472,0,517,-1,140,1,
core_C280,49276,83720,0,90,2024,6339,12830136,0,-1,52,468,0,
core_C1669,9253,118912,0,0,5272,2484,13095648,0,-1,242,631,0,
core_C1330,59219,0,0,90,2484,5209,12939156,0,173,384,210,1,
core_C63,64829,15716,0,90,2116,6434,13614344,0,644,-1,453,1,
core_C1342,72276,89350,0,90,2760,4330,11950800,0,-1,382,36,0,
core_C1236,34280,92306,0,90,1932,6045,11678940,0,294,-1,22,0,
core_C641,2392,0,0,0,3588,3588,12873744,0,-1,181,49,1,
core_C523,45149,96964,1,0,4704,4485,21097440,0,-1,605,614,1,
core_C871,44177,2484,0,90,2024,6614,13386736,0,-1,-1,480,1,
core_C1410,68534,2208,0,90,2116,6463,13675708,0,-1,-1,80,0,
core_C1207,54625,89780,1,90,2875,7209,20725875,0,-1,347,247,0,
core_C1259,59432,69162,1,180,5465,3565,19482725,0,-1,64,494,0,
core_C353,24546,74623,0,90,1932,6228,12032496,0,102,-1,324,1,
core_C909,22586,3220,1,90,4485,4646,20837310,0,-1,-1,638,0,
core_C1690,42071,48550,1,90,2645,5557,14698265,0,-1,-1,182,0,
core_C1337,45241,109018,1,180,4529,4370,19791730,0,-1,-1,121,0,
core_C1617,19900,0,0,0,5979,2208,13201632,0,-1,95,155,1,
core_C204,35589,0,0,90,2208,5706,12598848,0,-1,-1,115,1,
core_C312,26478,70387,0,0,5670,2208,12519360,0,-1,496,352,0,
core_C136,25650,85238,0,90,2208,5556,12267648,0,-1,-1,89,0,
core_C1535,24270,106600,0,180,3517,3496,12295432,0,-1,577,627,0,
core_C219,44873,46000,1,0,6584,3220,21200480,0,96,535,299,0,
core_C390,30250,57734,0,0,5265,2576,13562640,0,332,197,10,0,
core_C1465,28808,85238,0,90,2024,6271,12692504,0,-1,367,112,1,
core_C1262,25300,54033,1,180,5654,3680,20806720,0,-1,190,135,0,
core_C1121,44601,37030,1,180,4713,4485,21137805,0,-1,-1,182,1,
core_C549,54597,0,1,0,7902,2530,19992060,0,-1,-1,443,1,
core_C697,0,17366,0,90,2024,6215,12579160,0,169,189,373,0,
core_C1674,54625,63711,1,180,4572,4370,19979640,0,-1,479,284,0,
core_C713,0,12285,1,180,7951,2645,21030395,0,-1,20,363,0,
core_C409,24270,110096,0,0,5090,2484,12643560,0,-1,-1,567,0,
core_C437,54625,112818,1,90,2300,7473,17187900,0,361,611,459,0,
core_C24,64272,12864,0,180,4446,2852,12679992,0,-1,-1,214,1,
core_C766,45473,9098,0,180,4463,2852,12728476,0,582,-1,11,1,
core_C1,52772,48400,0,90,1656,5240,8677440,0,622,-1,342,0,
core_C635,49936,0,0,90,2024,6164,12475936,0,-1,413,580,1,
core_C771,6882,38055,0,90,2024,6607,13372568,0,232,25,53,1,
core_C1179,54796,2576,0,90,2484,5093,12651012,0,-1,-1,3,1,
core_C1632,0,57253,0,0,6554,2024,13265296,0,-1,124,4,0,
core_C1657,2392,10120,0,0,6404,2024,12961696,0,-1,503,99,0,
core_C112,8210,5615,1,180,5478,3565,19529070,0,-1,-1,153,0,
core_C127,50025,114850,1,90,2300,7334,16868200,0,426,-1,601,1,
core_C793,51484,77376,0,90,3312,3474,11505888,0,26,1,52,1,
core_C1507,68822,6611,1,90,3105,6449,20024145,0,-1,-1,396,1,
core_C71,14794,88959,0,90,2944,4480,13189120,0,-1,222,651,0,
core_C1359,30359,86435,1,0,4620,4485,20720700,0,-1,-1,217,1,
core_C1036,4945,56445,1,0,92,115,10580,0,196,-1,312,0,
core_C1240,66516,80276,1,90,115,92,10580,0,-1,221,304,0,
core_C1628,61709,107342,1,0,92,115,10580,0,62,-1,67,0,
core_C1061,7774,62770,1,0,92,115,10580,0,334,406,604,1,
core_C473,25208,90730,1,90,115,92,10580,0,-1,24,621,0,
core_C1110,47541,101449,1,0,92,115,10580,0,326,-1,121,1,
core_C1147,29993,107414,0,90,92,74,6808,0,536,495,431,1,
core_C1200,42596,109765,1,0,92,115,10580,0,403,513,499,1,
core_C1501,49933,114850,1,0,92,115,10580,0,588,-1,244,0,
core_C1650,35604,68646,1,0,92,115,10580,0,528,-1,322,0,
core_C994,44873,59934,1,0,92,115,10580,0,6,-1,106,0,
core_C982,7682,62770,1,0,92,115,10580,0,596,340,33,1,
core_C946,45149,101449,1,0,92,115,10580,0,121,-1,554,0,
core_C652,30245,69558,1,0,92,115,10580,0,439,-1,529,0,
core_C674,35770,9294,0,270,92,74,6808,0,-1,-1,9,1,
core_C26,4784,59277,0,180,74,92,6808,0,53,412,523,1,
core_C743,32182,64902,0,0,74,92,6808,0,376,113,174,0,
core_C843,24270,100270,0,90,92,74,6808,0,-1,251,434,0,
core_C819,54625,120291,1,90,115,92,10580,0,-1,-1,578,0,
core_C806,35512,64736,1,0,92,115,10580,0,322,-1,123,0,
core_C1494,30337,74158,1,270,115,92,10580,0,-1,78,439,0,
core_C1434,45057,96964,1,0,92,115,10580,0,554,248,618,1,
core_C1416,59340,50972,1,0,92,115,10580,0,192,-1,374,0,
core_C169,32256,71468,0,90,92,74,6808,0,-1,430,376,0,
core_C267,70081,44934,1,0,92,115,10580,0,630,-1,351,0,
core_C93,44965,96964,1,0,92,115,10580,0,614,-1,6,0,
core_C297,13961,37030,1,0,92,115,10580,0,28,-1,29,0,
core_C1281,59432,84342,1,0,92,115,10580,0,69,-1,461,0,
core_C1277,25208,49428,1,0,92,115,10580,0,135,597,421,0,
core_C140,54428,48400,0,180,74,92,6808,0,-1,-1,581,1,
core_C1253,34188,71468,0,270,92,74,6808,0,-1,-1,430,1,
core_C1316,28808,102209,0,90,2576,5205,13408080,0,476,-1,97,0,
core_C878,68509,22281,0,90,2024,6374,12900976,0,-1,-1,144,1,
core_C1014,64934,15201,1,90,2415,7914,19112310,0,-1,391,432,0,
core_C307,24270,103748,0,180,4484,2852,12788368,0,-1,567,251,0,
core_C241,62340,7693,0,90,2576,5171,13320496,0,441,214,7,1,
core_C1545,58844,97479,0,180,5704,2208,12594432,0,-1,504,31,0,
core_C381,70173,44934,1,180,4448,4255,18926240,0,-1,167,617,1,
core_C87,9253,116428,0,180,5334,2484,13249656,0,-1,548,16,0,
core_C50,5037,60240,1,180,7906,2530,20002180,0,-1,33,196,0,
core_C385,11431,98874,1,180,4588,4485,20577180,0,-1,-1,455,0,
core_C249,26446,116076,0,90,2024,6198,12544752,0,237,-1,431,0,
core_C97,8906,38921,0,180,3680,3496,12865280,0,-1,79,43,0,
core_C619,56820,55165,0,180,5176,2484,12857184,0,-1,259,7,0,
core_C747,25300,78450,1,90,3105,6629,20583045,0,-1,217,269,0,
core_C223,22586,0,1,0,6453,3220,20778660,0,337,560,29,1,
core_C1440,12770,42177,0,180,3573,3496,12491208,0,-1,410,140,0,
core_C1305,27830,57713,1,0,7467,2760,20608920,0,-1,521,311,1,
core_C783,35770,46251,0,90,2024,6523,13202552,0,-1,118,309,0,
core_C407,37959,0,0,270,3496,3580,12515680,0,176,-1,255,1,
core_C846,73385,2208,0,90,2024,6500,13156000,0,-1,-1,168,1,
core_C926,66945,15716,0,90,2024,6565,13287560,0,394,-1,550,1,
core_C1593,3312,98062,0,0,5235,2484,13003740,0,400,148,523,0,
core_C575,63435,120080,0,90,2116,6492,13737072,0,184,-1,162,1,
core_C588,39919,6398,1,90,3105,6646,20635830,0,-1,419,55,1,
core_C848,60868,101987,0,90,2024,6552,13261248,0,320,77,63,1,
core_C1209,56820,71535,0,90,2024,6576,13309824,0,437,-1,469,0,
core_C1245,51811,18022,0,90,2208,5931,13095648,0,210,481,401,1,
core_C1040,14794,82473,0,90,2024,6486,13127664,0,379,591,297,1,
Wirelength: 6.55224e+09
layer(tree) info:
layer: 0 ,width: 75773 ,height: 129056 ,area: 9778960288 ,blocks_area: 7506688296, filling_rate: 0.767637, utilizatio_rate: 0.766594
layer: 1 ,width: 75802 ,height: 128704 ,area: 9756020608 ,blocks_area: 7624714475, filling_rate: 0.781539, utilizatio_rate: 0.778647
random seed: 19
alpha: 0
gamma: 1
best wirelength: 6.55224e+09
initial_num_perturbs: 19560
iter: 0
best_iter: 0
best_cost: 0.155036
reject_time: 0
accept_inferior_time: 0
update_best_time: 956
adjustLegalOutline_fail_times: 0
outline_adjust_time: 261.488
initial_wirelength: 1.20677e+10
initial_average_wirelength: 7.78383e+10
1.20677e+10,initial_iter: 19560
initial_time: 395.372
total time cost: 601.177
