name,x,y,layer,rotated_angle,width,height,area,exceed_outline_area,left,right,parent,is_from_left,
macro_C8466,11402,0,0,0,6369,5709,36360621,0,112,-1,43,1,
macro_C8467,14890,2544,1,0,9072,8160,74027520,0,5,98,103,0,
macro_C16429,22028,35152,0,90,7524,5676,42706224,0,-1,-1,61,0,
macro_C16430,30106,2616,1,180,8112,10752,87220224,0,-1,-1,5,1,
macro_C32011,29948,36003,0,180,8613,4290,36949770,0,88,-1,82,1,
macro_C32012,23962,10800,1,90,6144,12288,75497472,0,3,-1,1,1,
macro_C39784,0,0,0,90,7854,5445,42765030,0,43,75,-1,0,
macro_C39785,22028,23708,0,180,5445,7854,42765030,0,82,61,105,1,
macro_C55552,31037,28842,0,90,7854,5412,42505848,0,-1,50,18,0,
macro_C55553,3658,0,1,90,11232,7728,86800896,0,103,57,84,1,
macro_C63404,9712,33226,0,90,7854,5412,42505848,0,-1,60,101,0,
macro_C63405,19553,0,0,180,5412,7854,42505848,0,122,113,112,1,
macro_C71293,25625,9669,0,0,5412,7854,42505848,0,70,100,22,1,
macro_C71294,4290,21318,0,90,7854,5412,42505848,0,27,-1,108,0,
macro_C86866,29413,32861,1,0,9072,8160,74027520,0,-1,-1,90,1,
macro_C86867,31037,15312,0,90,7524,5676,42706224,0,-1,18,70,0,
macro_C86868,0,18810,0,90,4290,8613,36949770,0,108,26,62,0,
macro_C86869,12270,22897,0,180,5445,7854,42765030,0,31,-1,56,1,
macro_C86870,31037,20988,0,0,5412,7854,42505848,0,118,8,15,0,
macro_C94576,32829,9603,0,0,6369,5709,36360621,0,-1,-1,104,0,
macro_C94577,0,22128,1,90,10752,8112,87220224,0,49,38,84,0,
macro_C94578,8184,8217,0,180,8613,4290,36949770,0,-1,72,25,1,
macro_C94579,17771,18263,0,90,7854,5445,42765030,0,12,91,112,0,
macro_C94580,32829,0,0,0,5412,7854,42505848,0,-1,104,70,1,
macro_C102137,0,34221,0,90,5709,6369,36360621,0,-1,-1,92,0,
macro_C102138,2508,9537,0,0,5676,7524,42706224,0,21,120,59,0,
macro_C102139,0,27423,0,180,8613,4290,36949770,0,-1,92,16,0,
macro_C102140,12144,12507,0,0,5445,7854,42765030,0,-1,111,13,1,
macro_C102141,32295,17070,1,180,7728,11232,86800896,0,-1,67,44,1,
macro_C109812,3658,10320,1,0,9072,8160,74027520,0,99,102,57,0,
macro_C109813,0,32784,1,90,10752,8112,87220224,0,-1,-1,38,0,
macro_C109814,17715,27290,0,90,4290,8613,36949770,0,-1,58,17,1,
macro_C109815,19553,10409,0,0,5445,7854,42765030,0,-1,-1,113,0,
macro_C109816,24965,4257,0,90,7854,5412,42505848,0,-1,-1,122,0,
core_C0,23607,23088,1,90,3600,3612,13003200,0,81,-1,77,1,
core_C1,36449,23562,0,0,2475,2475,6125625,0,-1,-1,118,0,
core_C2,6069,5445,0,0,2547,2508,6387876,0,110,-1,59,1,
core_C3,7342,18480,1,0,3688,3648,13453824,0,-1,-1,102,1,
core_C5,0,30240,1,0,5175,2544,13165200,0,-1,30,20,0,
core_C6,25248,0,1,0,3653,3600,13150800,0,65,69,86,1,
core_C7,20083,14352,1,180,3655,3600,13158000,0,-1,42,54,0,
core_C8,16963,33979,1,0,5148,2544,13096512,0,46,-1,64,1,
core_C9,20083,17952,1,90,3600,3691,13287600,0,-1,-1,40,0,
core_C10,7854,0,0,0,3548,1749,6205452,0,0,-1,6,1,
core_C12,27207,30240,1,90,5088,2621,13335648,0,28,-1,119,0,
core_C13,13296,37126,1,0,5205,2544,13241520,0,-1,-1,96,0,
core_C14,22111,33979,1,90,3648,3676,13410048,0,90,-1,41,1,
core_C15,9712,14289,0,90,1749,3579,6259671,0,-1,-1,107,1,
core_C16,0,7250,1,90,3648,3666,13373568,0,-1,106,63,0,
core_C17,10752,22128,1,90,2544,5141,13078704,0,80,-1,20,1,
core_C19,31037,34254,0,0,3615,1749,6322635,0,-1,-1,8,0,
core_C20,18425,28891,1,180,5206,2544,13244064,0,55,87,80,1,
core_C23,27469,2475,0,0,3569,1782,6359958,0,-1,-1,83,0,
core_C24,0,7961,0,90,1782,3633,6474006,0,-1,95,75,0,
core_C25,20083,10704,1,0,3697,3648,13486656,0,-1,40,98,1,
core_C26,23631,26700,1,90,3552,3625,12876000,0,-1,-1,51,1,
core_C27,9712,26730,0,0,2558,2508,6415464,0,17,101,97,1,
core_C28,3658,7728,1,0,5218,2592,13525056,0,-1,29,9,0,
core_C29,17715,35903,0,90,1749,3572,6247428,0,-1,-1,31,0,
core_C31,2508,7788,0,0,3561,1749,6228189,0,36,25,95,1,
core_C32,9712,38638,0,0,2511,2508,6297588,0,121,-1,10,0,
core_C33,22028,31562,0,0,2568,2541,6525288,0,68,2,7,0,
core_C35,0,14141,0,90,1749,3612,6317388,0,-1,16,95,0,
core_C37,0,3650,1,0,3618,3600,13024800,0,-1,48,66,0,
core_C38,13296,24627,1,0,3667,3600,13201200,0,41,78,80,0,
core_C39,28901,0,1,270,5088,2616,13310208,0,-1,-1,39,1,
core_C41,0,0,1,90,3600,3650,13140000,0,-1,63,-1,0,
core_C42,32295,28302,1,0,3668,3648,13380864,0,-1,-1,28,0,
core_C43,24596,31562,0,90,1782,3590,6397380,0,-1,-1,61,1,
core_C46,25248,3600,1,0,3665,3648,13369920,0,-1,109,39,0,
core_C47,31037,9669,0,0,1792,3498,6268416,0,23,15,12,1,
core_C48,30848,13368,1,180,5122,2544,13030368,0,114,-1,81,1,
core_C49,8184,12507,0,0,3572,1782,6365304,0,-1,-1,21,0,
core_C50,25625,20064,0,90,1749,3535,6182715,0,-1,-1,100,0,
core_C51,9386,18810,0,0,2523,2508,6327684,0,-1,-1,116,1,
core_C53,0,5445,0,90,2508,2516,6310128,0,93,53,6,0,
core_C54,22061,7854,0,90,2508,2555,6407940,0,-1,-1,113,1,
core_C56,19930,21643,1,0,3677,3648,13413696,0,34,79,94,1,
core_C57,13296,28227,1,90,3600,3687,13273200,0,-1,96,64,0,
core_C58,19930,25291,1,0,3659,3600,13172400,0,-1,-1,77,0,
core_C60,13296,22083,1,180,5129,2544,13048176,0,51,64,49,1,
core_C61,27207,23088,1,0,3641,3600,13107600,0,71,119,34,1,
core_C65,27473,20064,0,90,2475,2536,6276600,0,4,-1,7,1,
core_C67,27469,0,0,0,2531,2475,6264225,0,-1,52,122,1,
core_C69,0,16078,1,180,3658,3600,13168800,0,9,20,106,0,
core_C70,10431,5709,0,0,2525,2508,6332700,0,-1,-1,110,1,
core_C71,20058,0,1,0,5190,2544,13203360,0,39,-1,103,1,
core_C74,18425,31435,1,180,5136,2544,13065984,0,-1,-1,51,0,
core_C75,38561,34254,0,0,1795,3564,6397380,0,-1,-1,4,1,
core_C76,13283,30751,0,0,2495,2475,6175125,0,-1,-1,101,1,
core_C77,25759,32861,1,180,3654,3648,13329792,0,14,-1,46,1,
core_C78,17771,23708,0,90,2475,2538,6281550,0,105,-1,22,0,
core_C79,0,31713,0,180,2540,2508,6370320,0,117,24,26,0,
core_C80,2508,5445,0,180,2350,2343,5506050,0,-1,-1,75,1,
core_C81,16282,18435,1,0,3648,3648,13307904,0,77,-1,99,1,
core_C82,0,11594,0,90,2508,2547,6387876,0,59,62,53,0,
core_C84,13296,31914,1,90,2544,5212,13259328,0,-1,45,78,0,
core_C85,6104,31713,0,0,3608,1782,6429456,0,56,-1,117,1,
core_C87,14890,10704,1,0,5193,2544,13210992,0,54,115,1,0,
core_C88,12730,18435,1,90,3552,3632,12900864,0,94,-1,29,1,
core_C89,25625,17523,0,180,2584,2541,6565944,0,-1,73,12,0,
core_C92,9712,30751,0,0,3571,1749,6245679,0,89,10,56,0,
core_C93,3658,18480,1,0,3684,3648,13439232,0,37,-1,29,0,
core_C95,14890,0,1,0,5168,2544,13147392,0,86,1,9,1,
core_C96,32829,7854,0,0,3564,1749,6233436,0,-1,19,23,0,
core_C97,20246,23708,0,90,1782,3582,6383124,0,7,-1,91,1,
core_C99,0,10916,1,90,2544,5162,13132128,0,-1,84,48,0,
core_C100,6125,17061,0,0,3587,1749,6273663,0,47,-1,120,1,
core_C103,4290,18810,0,0,2524,2475,6246900,0,116,13,16,1,
core_C104,25248,7248,1,0,3607,3552,12812064,0,-1,-1,69,0,
core_C106,8616,1749,0,90,1815,3654,6632010,0,85,-1,36,1,
core_C108,12144,20361,0,90,2475,2536,6276600,0,-1,-1,27,0,
core_C110,17771,0,0,90,1782,3601,6416982,0,11,22,0,1,
core_C112,19553,7854,0,90,2508,2542,6375336,0,76,32,11,0,
core_C113,35970,13368,1,90,3696,3702,13682592,0,-1,-1,71,1,
core_C114,14890,13248,1,90,2592,5187,13444704,0,-1,-1,98,0,
core_C115,6814,18810,0,180,2572,2508,6450576,0,74,-1,108,1,
core_C116,2540,31713,0,90,3564,1787,6368868,0,97,-1,92,1,
core_C118,36449,20988,0,180,2588,2574,6661512,0,-1,35,18,1,
core_C119,27207,26688,1,0,3619,3552,12854688,0,-1,44,81,0,
core_C120,2508,17061,0,0,3617,1749,6326133,0,107,-1,25,0,
core_C121,12223,38638,0,0,2528,2475,6256800,0,-1,-1,60,1,
core_C122,24965,0,0,0,2504,2475,6197400,0,83,33,11,1,
Wirelength: 1.02798e+09
layer(tree) info:
layer: 0 ,width: 40356 ,height: 41146 ,area: 1660487976, filling_rate: 0.78853, utilizatio_rate: 0.783127
layer: 1 ,width: 40023 ,height: 41021 ,area: 1641783483, filling_rate: 0.792529, utilizatio_rate: 0.778232
random seed: 6
alpha: 0
gamma: 1
best wirelength: 1.02798e+09
initial_num_perturbs: 15129
iter: 0
best_iter: 0
best_cost: 0.331418
reject_time: 876
accept_inferior_time: 310524
update_best_time: 0
adjustLegalOutline_fail_times: 0
initial_wirelength: 1.66853e+09
initial_average_wirelength: 3.10177e+09
1.64913e+09,initial_iter: 15129
initial_time: 23.311
total time cost: 1000
