name,x,y,layer,rotated_angle,width,height,area,exceed_outline_area,left,right,parent,is_from_left,
macro_C415824,41474,4550,0,0,5520,23736,131022720,0,15,598,73,1,
macro_C393731,33654,44799,0,0,5520,23736,131022720,0,-1,447,144,0,
macro_C396425,0,102194,0,0,5520,23736,131022720,0,256,-1,564,0,
macro_C399323,33654,12420,0,0,5520,23736,131022720,0,63,422,254,1,
macro_C401933,68430,21596,0,0,5520,23736,131022720,0,-1,647,183,1,
macro_C404827,45522,59784,0,0,5520,23736,131022720,0,397,638,301,1,
macro_C407516,0,0,1,0,8625,37030,319383750,0,-1,225,-1,0,
macro_C410398,10212,95950,0,0,5520,23736,131022720,0,-1,-1,38,1,
macro_C413082,41474,28360,0,0,5520,23736,131022720,0,-1,644,598,0,
macro_C40987,15732,105040,0,0,5520,23736,131022720,0,178,-1,158,0,
macro_C418718,19596,51623,0,0,5520,23736,131022720,0,586,529,311,1,
macro_C421703,1932,60150,0,0,5520,23736,131022720,0,-1,434,284,0,
macro_C424481,1932,23736,0,0,5520,23736,131022720,0,14,490,126,1,
macro_C427156,36708,62200,1,0,8625,37030,319383750,0,-1,615,111,0,
macro_C429952,7452,0,0,0,5520,23736,131022720,0,226,-1,12,1,
macro_C432667,46994,7485,0,0,5520,23736,131022720,0,303,350,0,1,
macro_C38059,57298,87117,0,0,5520,23736,131022720,0,396,-1,323,0,
macro_C78506,16072,79235,1,0,8625,37030,319383750,0,-1,-1,357,1,
macro_C390724,58770,45516,0,0,5520,23736,131022720,0,275,244,373,0,
macro_C43597,15821,42205,1,0,8625,37030,319383750,0,140,-1,240,1,
macro_C46411,46414,2760,1,0,8625,37030,319383750,0,565,250,613,1,
macro_C48981,34086,5478,1,0,8625,37030,319383750,0,104,324,622,1,
macro_C51791,52981,11065,0,0,5520,23736,131022720,0,81,79,584,1,
macro_C54384,53250,48563,0,0,5520,23736,131022720,0,382,309,426,1,
macro_C57054,0,0,0,0,5520,23736,131022720,0,-1,302,-1,0,
macro_C62277,24817,60099,1,0,8625,37030,319383750,0,-1,269,418,0,
macro_C65066,24817,16744,1,0,8625,37030,319383750,0,-1,414,645,1,
macro_C67838,8625,5175,1,0,8625,37030,319383750,0,456,58,492,0,
macro_C70493,45522,86096,0,0,5520,23736,131022720,0,281,449,638,0,
macro_C73067,17572,27887,0,0,5520,23736,131022720,0,640,311,325,1,
macro_C75793,0,39675,1,0,8625,37030,319383750,0,-1,486,225,0,
macro_C59667,21943,0,0,0,5520,23736,131022720,0,-1,593,53,1,
core_C930,60794,17539,0,0,5960,2208,13159680,0,448,172,131,0,
core_C1124,11040,71875,1,180,4623,4600,21265800,0,-1,222,236,1,
core_C1270,27674,66612,0,0,5904,2300,13579200,0,-1,257,291,0,
core_C1382,55622,8005,1,90,2530,7977,20181810,0,319,312,404,1,
core_C1112,68430,60245,0,90,2116,5629,11910964,0,-1,651,293,0,
core_C126,47546,109832,0,0,5579,2208,12318432,0,-1,-1,449,1,
core_C1684,8004,99471,0,90,2208,5903,13033824,0,7,-1,256,1,
core_C1556,58770,33506,0,90,2024,6440,13034560,0,358,373,323,1,
core_C599,27674,74064,0,90,2024,6189,12526536,0,549,415,167,0,
core_C919,67970,11246,0,90,2024,6578,13313872,0,-1,-1,200,1,
core_C1502,64362,23387,1,0,8114,2530,20528420,0,-1,-1,383,0,
core_C356,18147,116265,1,90,3105,6358,19741590,0,645,-1,637,1,
core_C1322,46230,0,1,0,7394,2760,20407440,0,-1,623,450,1,
core_C1329,3956,56917,0,0,4469,2944,13156736,0,395,-1,351,0,
core_C1044,40804,114534,1,0,6595,3220,21235900,0,174,-1,196,1,
core_C318,64382,58076,0,270,3404,3441,11713164,0,-1,-1,83,1,
core_C1681,23349,78855,0,90,2852,4534,12930968,0,-1,-1,512,0,
core_C1652,11989,76745,0,90,2760,4364,12044640,0,-1,117,410,1,
core_C667,60794,28262,0,90,2576,5458,14059808,0,-1,-1,292,0,
core_C285,35586,88990,0,0,3721,3588,13350948,0,-1,-1,118,0,
core_C15,17250,11461,1,90,4370,4599,20097630,0,-1,91,456,0,
core_C925,16714,0,0,0,5229,2484,12988836,0,31,514,226,1,
core_C1409,49128,69690,1,0,5633,3565,20081645,0,454,603,371,0,
core_C562,47251,35637,0,90,2392,5147,12311624,0,459,-1,584,0,
core_C168,58857,119609,1,180,6217,3105,19303785,0,-1,-1,578,0,
core_C458,15732,77647,0,90,2576,5164,13302464,0,-1,550,476,0,
core_C1109,8625,42205,1,180,5808,3680,21373440,0,-1,488,27,0,
core_C943,72703,78925,1,90,2530,8016,20280480,0,-1,150,295,0,
core_C1583,26878,120644,0,0,5943,2208,13122144,0,-1,-1,574,0,
core_C100,25116,60393,0,90,2484,2556,6349104,0,-1,221,349,0,
core_C1141,27674,40533,0,90,2944,4602,13548288,0,-1,242,297,0,
core_C879,39174,2024,0,0,5317,2484,13207428,0,258,115,3,1,
core_C355,54977,79120,1,180,4244,4025,17082100,0,-1,-1,374,1,
core_C387,11776,23736,0,180,3598,3496,12578608,0,261,516,308,1,
core_C647,27674,8154,0,270,2484,5233,12998772,0,-1,101,194,0,
core_C439,65873,0,0,270,1472,4505,6631360,0,216,-1,160,1,
core_C721,51042,72015,0,90,2024,6492,13139808,0,-1,506,496,0,
core_C239,29790,63024,0,180,3678,3588,13196664,0,-1,-1,633,0,
core_C1333,7820,50385,0,180,5341,2484,13267044,0,-1,460,409,0,
core_C266,41944,90819,0,180,3539,3496,12372344,0,-1,540,130,1,
core_C951,65987,97680,1,0,6530,3220,21026600,0,-1,614,329,1,
core_C406,39542,82606,0,90,1932,6005,11601660,0,0,259,88,1,
core_C259,64991,64649,1,270,3105,6615,20539575,0,-1,-1,218,1,
core_C522,55274,102815,0,90,2024,6502,13160048,0,323,277,417,1,
core_C1618,41474,72932,0,90,3588,3683,13214604,0,-1,-1,518,0,
core_C875,64290,65878,0,90,2484,4983,12377772,0,-1,-1,275,0,
core_C841,55274,89779,0,90,2024,6628,13415072,0,-1,346,544,1,
core_C1299,52981,34801,0,90,2852,4378,12486056,0,482,99,22,0,
core_C44,0,88946,0,0,5211,2484,12944124,0,322,428,126,0,
core_C1017,58501,8305,0,90,2024,6266,12682384,0,227,112,22,1,
core_C1331,11776,37533,0,270,2484,5124,12728016,0,-1,596,214,0,
core_C98,60794,39376,0,90,3588,3656,13117728,0,47,-1,358,0,
core_C330,53250,89853,0,90,2024,6566,13289584,0,-1,609,605,0,
core_C358,69274,82395,1,90,3105,6215,19297575,0,491,-1,298,1,
core_C210,64382,31565,0,90,2024,6603,13364472,0,183,239,639,0,
core_C996,63002,11176,0,90,2116,5300,11214800,0,179,-1,131,1,
core_C780,37518,82606,0,90,2024,6384,12921216,0,73,-1,118,1,
core_C1441,44699,122471,0,180,3617,3496,12645032,0,576,-1,318,1,
core_C576,15374,24229,0,90,3496,3621,12659016,0,-1,-1,432,0,
core_C1456,17250,16060,1,90,2415,7589,18327435,0,-1,495,52,0,
core_C309,5520,121500,0,180,5305,2484,13177620,0,-1,-1,389,0,
core_C57,58439,43737,1,0,8147,2530,20611910,0,-1,-1,378,0,
core_C1493,51042,84792,0,90,1840,5858,10778720,0,-1,-1,506,0,
core_C1295,8425,67806,0,0,5216,2576,13436416,0,536,229,412,0,
core_C1113,68430,77401,0,90,2944,4569,13451136,0,-1,532,264,0,
core_C1022,72202,80437,0,90,2852,4376,12480352,0,-1,419,175,0,
core_C34,66406,44353,0,90,2024,6166,12479984,0,-1,-1,152,0,
core_C1287,52981,39179,0,180,5748,2208,12691584,0,-1,-1,79,0,
core_C729,0,29752,0,90,1932,5882,11364024,0,-1,126,302,0,
core_C1070,27674,13387,0,180,4237,2760,11694120,0,440,169,66,0,
core_C820,29302,125610,1,180,7398,2760,20418480,0,-1,-1,511,0,
core_C1151,37938,104371,0,180,3674,3588,13182312,0,332,-1,643,1,
core_C1685,42711,5478,1,90,2530,8194,20730820,0,-1,245,21,1,
core_C929,39100,99230,1,90,2415,7750,18716250,0,190,-1,326,1,
core_C1114,27674,0,0,0,4541,2944,13368704,0,156,194,650,1,
core_C1484,51042,54338,0,90,1748,5406,9449688,0,-1,331,286,0,
core_C1084,5865,101240,1,90,2760,6995,19306200,0,509,467,157,1,
core_C1197,32680,113735,0,90,2852,4333,12357716,0,-1,-1,333,0,
core_C1135,45522,116229,0,90,1932,6242,12059544,0,634,-1,449,0,
core_C934,36708,58520,1,0,5731,3680,21090080,0,-1,13,231,0,
core_C845,58501,14571,0,90,2024,6395,12943480,0,-1,369,81,0,
core_C206,38828,71939,0,90,2024,6251,12652024,0,-1,-1,457,1,
core_C33,21252,107524,0,180,5111,2484,12695724,0,-1,439,178,0,
core_C302,39174,4508,0,90,1840,5523,10162320,0,-1,505,63,0,
core_C589,21252,112584,0,0,5320,2484,13214880,0,-1,367,439,0,
core_C158,11989,81109,0,0,3536,3496,12361856,0,-1,310,49,0,
core_C414,35586,82606,0,90,1932,6251,12076932,0,88,51,182,0,
core_C1116,41474,100828,0,180,3576,3496,12501696,0,-1,-1,233,1,
core_C1033,66949,34771,1,90,2530,7746,19597380,0,-1,-1,217,0,
core_C1170,70403,119061,1,90,2300,7385,16985500,0,641,-1,207,1,
core_C376,69994,96181,0,180,5067,2484,12586428,0,-1,276,253,1,
core_C1265,8625,64745,1,0,5556,3680,20446080,0,-1,240,441,0,
core_C613,11989,89050,0,180,3457,3312,11449584,0,-1,-1,310,0,
core_C459,71006,111138,0,90,2484,5339,13262076,0,-1,-1,629,1,
core_C238,0,35634,0,90,1932,6329,12227628,0,12,80,100,0,
core_C506,19596,83389,0,0,5828,2300,13404400,0,-1,260,300,0,
core_C46,46598,60260,1,0,6685,3220,21525700,0,-1,391,320,0,
core_C1232,63738,23620,0,90,2760,4372,12066720,0,-1,-1,292,1,
core_C187,38132,97148,0,0,3812,3680,14028160,0,71,-1,487,1,
core_C450,60794,11830,0,90,2208,5709,12605472,0,87,32,382,1,
core_C494,64419,25917,1,90,2530,7841,19837730,0,217,-1,353,1,
core_C915,72889,63431,0,90,2484,5119,12715596,0,-1,-1,651,1,
core_C1043,47343,0,0,0,4432,2944,13047808,0,143,307,258,1,
core_C449,58770,75784,0,180,4468,2852,12742736,0,-1,177,317,0,
core_C10,0,94742,0,180,4482,2852,12782664,0,556,249,428,0,
core_C178,42428,49935,1,90,3680,5594,20585920,0,-1,604,161,1,
core_C1045,17046,0,1,180,8044,2645,21276380,0,232,-1,509,1,
core_C1298,8425,73801,0,0,4626,2944,13618944,0,-1,-1,229,0,
core_C1488,24446,11461,1,180,5667,3680,20854560,0,528,-1,19,1,
core_C1587,61157,117424,1,180,4419,2185,9655515,0,-1,-1,453,0,
core_C1285,46414,45540,1,0,6678,3220,21503160,0,404,265,337,0,
core_C1313,51775,0,0,90,1932,6235,12046020,0,263,-1,134,1,
core_C1249,33654,39192,0,90,2576,5481,14119056,0,543,1,422,0,
core_C1067,33654,74607,0,180,3582,3404,12193128,0,-1,559,457,0,
core_C922,53250,86283,0,180,3586,3496,12536656,0,-1,605,188,0,
core_C1050,25650,89860,0,180,3590,3588,12880920,0,-1,570,650,0,
core_C306,55915,0,0,180,5082,2484,12623688,0,589,503,263,1,
core_C228,48651,53528,0,90,2024,6256,12662144,0,-1,-1,531,0,
core_C28,72703,86941,1,90,2530,8032,20320960,0,-1,248,59,0,
core_C326,53707,5821,0,0,5267,2484,13083228,0,-1,-1,263,0,
core_C443,66406,37881,0,90,2024,6472,13099328,0,-1,98,183,0,
core_C156,53250,74783,0,0,5155,2484,12805020,0,-1,632,309,0,
core_C1159,51382,85675,1,90,2185,6953,15192305,0,316,-1,365,0,
core_C446,59025,125577,0,0,5207,2576,13413232,0,-1,-1,494,0,
core_C1155,32215,0,0,180,5240,2576,13498240,0,285,-1,106,1,
core_C1548,3450,101240,1,90,2415,7939,19172685,0,108,-1,524,1,
core_C1326,15732,96586,0,90,1932,6221,12018972,0,-1,9,399,0,
core_C740,58439,37987,1,180,6224,3105,19325520,0,-1,378,421,0,
core_C27,63113,0,0,90,2760,4385,12102600,0,67,-1,589,1,
core_C133,34086,50470,1,0,8342,2645,22064590,0,137,376,299,0,
core_C350,15732,58058,0,180,3595,3496,12568120,0,-1,437,325,0,
core_C616,70362,93697,0,180,5198,2484,12911832,0,-1,-1,588,0,
core_C1605,27251,103485,0,90,2024,6438,13030512,0,-1,-1,401,0,
core_C254,68437,4968,0,90,2024,6278,12706672,0,339,-1,527,0,
core_C574,9127,90418,0,90,2484,5257,13058388,0,290,-1,556,1,
core_C191,27674,71120,0,0,4440,2944,13071360,0,-1,40,257,0,
core_C1019,43406,59732,0,90,2024,6347,12846328,0,-1,620,520,0,
core_C244,27674,16147,0,90,2300,5752,13229600,0,-1,340,101,0,
core_C591,10682,105156,1,180,4617,4600,21238200,0,394,268,271,1,
core_C200,0,114129,1,0,5657,3680,20817760,0,-1,296,359,0,
core_C972,60794,21596,0,0,6615,2024,13388760,0,-1,292,32,0,
core_C74,72591,33798,1,90,2530,8273,20930690,0,-1,-1,537,1,
core_C1261,47399,114534,1,90,3680,5742,21130560,0,-1,-1,46,1,
core_C978,72202,77401,0,180,3217,3036,9766812,0,-1,97,588,1,
core_C627,39174,16526,0,90,2024,6129,12405096,0,-1,-1,505,0,
core_C748,58770,78636,0,90,2852,4379,12488908,0,-1,557,135,0,
core_C373,21252,105040,0,0,5205,2484,12929220,0,-1,114,9,1,
core_C1009,65118,8175,0,90,2852,4540,12948080,0,-1,200,87,1,
core_C108,71847,116477,0,90,2852,4428,12628656,0,-1,-1,386,1,
core_C380,63738,75784,0,90,2484,5089,12641076,0,-1,523,184,1,
core_C555,35586,80398,0,0,5827,2208,12866016,0,-1,118,642,0,
core_C1030,66406,31565,0,90,2024,6316,12783584,0,4,152,86,1,
core_C1455,62358,78636,0,90,1380,4229,5836020,0,181,400,557,1,
core_C537,11132,85790,1,0,4578,4485,20532330,0,-1,279,357,0,
core_C1284,0,84985,1,0,5591,3680,20574880,0,-1,219,548,0,
core_C1089,54027,112927,1,90,2530,8160,20644800,0,534,-1,210,0,
core_C1356,53250,82695,0,0,3688,3588,13232544,0,-1,146,510,0,
core_C476,49220,73255,1,0,6605,3220,21268100,0,287,354,603,1,
core_C1688,41515,99230,1,0,4628,4485,20756580,0,-1,628,105,1,
core_C959,68430,68818,0,90,2024,6559,13275416,0,530,264,651,0,
core_C1037,67142,94420,0,90,2024,6616,13390784,0,433,-1,275,1,
core_C289,49478,112040,0,180,3732,3680,13733760,0,-1,420,634,1,
core_C1691,27674,2944,0,90,2576,5210,13420960,0,-1,66,106,0,
core_C753,0,79235,1,0,7957,2645,21046265,0,-1,548,486,0,
core_C1140,34086,109740,1,0,6718,3220,21631960,0,46,-1,407,0,
core_C431,39828,90819,0,90,1932,6329,12227628,0,-1,-1,405,1,
core_C153,46322,82915,1,270,2990,7589,22691110,0,-1,-1,613,0,
core_C954,49478,119308,0,90,1932,6268,12109776,0,426,-1,420,0,
core_C654,65118,12715,0,90,2852,4400,12548800,0,41,-1,179,0,
core_C422,70655,120905,0,90,2852,4415,12591580,0,-1,-1,590,1,
core_C649,7820,23736,0,90,1748,3746,6548008,0,-1,408,230,1,
core_C1185,64382,44392,0,90,2024,6448,13050752,0,-1,372,239,0,
core_C1450,38622,39523,0,90,2484,5276,13105584,0,-1,-1,543,1,
core_C1250,32233,9476,0,0,4457,2944,13121408,0,-1,-1,297,1,
core_C1288,24817,100349,1,180,4579,4485,20536815,0,-1,403,269,0,
core_C1076,68103,119061,1,90,2300,7543,17348900,0,121,-1,500,1,
core_C1698,72703,64506,1,90,2875,7245,20829375,0,-1,295,562,0,
core_C1620,21943,23810,0,90,2668,4077,10877436,0,435,-1,593,0,
core_C1303,54027,104650,1,90,2530,8277,20940810,0,-1,187,497,0,
core_C183,20010,7781,1,0,5703,3680,20987040,0,436,-1,456,1,
core_C888,43406,54396,0,0,5245,2576,13511120,0,648,520,518,1,
core_C1321,33902,2530,1,0,7567,2875,21755125,0,-1,599,278,0,
core_C583,11776,34071,0,270,3404,3462,11784648,0,-1,82,516,0,
core_C1059,4357,91310,1,90,4255,4410,18764550,0,-1,-1,379,1,
core_C313,67345,0,0,180,4454,2852,12702808,0,-1,-1,67,1,
core_C129,66949,25917,1,90,2760,8854,24437040,0,-1,120,132,1,
core_C106,59352,65784,1,180,5639,3565,20103035,0,74,-1,365,1,
core_C952,0,88665,1,180,8026,2645,21228770,0,-1,379,186,0,
core_C1142,52344,50126,1,90,3680,5787,21296160,0,361,-1,355,1,
core_C1085,25116,62949,0,90,2484,2593,6441012,0,-1,616,61,0,
core_C1369,11040,76475,1,0,4635,4485,20787975,0,-1,618,33,0,
core_C905,24611,30166,0,90,1840,5850,10764000,0,-1,-1,435,0,
core_C284,27674,55480,0,0,5800,2300,13340000,0,-1,273,594,0,
core_C1306,0,37030,1,0,7936,2645,20990720,0,-1,30,6,0,
core_C1391,12972,0,0,0,3742,3588,13426296,0,53,-1,14,1,
core_C1086,60525,5438,0,90,2116,6392,13525472,0,370,-1,81,1,
core_C22,27674,49551,0,90,1932,5855,11311860,0,398,594,241,0,
core_C1566,8425,70382,0,90,3404,3419,11638276,0,-1,139,95,0,
core_C789,5888,47472,0,90,1932,5868,11336976,0,202,-1,541,1,
core_C368,36708,56335,1,180,6743,2185,14733455,0,-1,111,480,1,
core_C700,25090,0,1,90,2415,7781,18791115,0,266,-1,138,1,
core_C141,37978,100828,0,90,3496,3543,12386328,0,119,-1,247,1,
core_C1068,38571,45038,1,90,3565,5432,19365080,0,-1,-1,299,1,
core_C173,46598,66010,1,90,2530,7681,19432930,0,371,-1,391,0,
core_C138,8625,79637,1,90,2415,7878,19025370,0,33,246,328,0,
core_C664,27674,33998,0,270,3496,3591,12554136,0,-1,297,573,0,
core_C470,16714,8980,0,0,4417,2852,12597284,0,-1,-1,514,0,
core_C1097,64382,38168,0,90,2024,6224,12597376,0,-1,203,86,0,
core_C1134,8625,68425,1,0,7196,3450,24826200,0,19,328,123,0,
core_C1418,27674,47343,0,180,5731,2208,12654048,0,-1,228,242,0,
core_C222,27674,45135,0,0,5730,2208,12651840,0,-1,241,62,0,
core_C1041,46414,73691,1,270,2760,7182,19822320,0,-1,-1,607,0,
core_C1606,58770,69252,0,0,5116,2484,12708144,0,-1,338,18,0,
core_C66,42711,13672,1,90,2530,8094,20477820,0,-1,406,104,0,
core_C1398,8625,94778,1,0,6639,3105,20614095,0,-1,-1,236,0,
core_C992,35954,97546,0,90,2024,6607,13372568,0,233,-1,554,1,
core_C505,72703,94973,1,90,1725,5596,9653100,0,-1,-1,150,0,
core_C1294,0,97594,0,0,5341,2576,13758416,0,385,564,136,0,
core_C916,46414,39790,1,0,7971,2645,21083295,0,-1,337,20,0,
core_C176,62818,91762,0,90,2392,4856,11615552,0,-1,330,396,0,
core_C342,45513,120276,1,180,6781,2645,17935745,0,-1,-1,294,1,
core_C586,67970,88312,0,90,2024,6108,12362592,0,122,-1,553,1,
core_C271,31630,82737,0,90,2024,6128,12403072,0,3,-1,462,1,
core_C327,21252,117552,0,180,5205,2484,12929220,0,580,-1,367,0,
core_C1293,5520,102194,0,90,2484,5078,12613752,0,38,552,2,1,
core_C1081,27674,68912,0,180,5719,2208,12627552,0,-1,167,34,0,
core_C1361,44491,0,0,270,2852,4550,12976600,0,134,-1,63,1,
core_C840,39542,88611,0,0,5895,2208,13016160,0,-1,-1,73,0,
core_C1374,19596,85689,0,180,5758,2208,12713664,0,-1,392,127,0,
core_C953,15374,11832,0,0,6459,2024,13073016,0,-1,432,65,1,
core_C849,8625,52095,1,0,6455,3105,20042775,0,-1,631,513,0,
core_C1532,53707,0,0,90,2208,5821,12852768,0,148,151,143,1,
core_C1328,68430,75377,0,0,6357,2024,12866568,0,-1,96,191,0,
core_C1319,46414,48760,1,0,4632,4600,21307200,0,-1,607,142,0,
core_C1527,27505,0,1,90,2530,8238,20842140,0,-1,-1,232,1,
core_C838,5865,114036,1,180,4687,4485,21021195,0,289,271,467,0,
core_C317,10682,109756,1,90,4485,4692,21043620,0,-1,-1,170,0,
core_C778,24817,97129,1,0,6564,3220,21136080,0,-1,206,25,0,
core_C329,17398,13856,0,90,2576,5254,13534304,0,-1,472,432,1,
core_C76,5865,118521,1,0,4817,4715,22712155,0,170,-1,267,0,
core_C1463,60820,73719,1,0,4847,4715,22853605,0,342,-1,282,1,
core_C520,27674,57780,0,0,5302,1656,8780112,0,-1,291,224,0,
core_C214,61819,114901,0,270,2852,4341,12380532,0,375,-1,558,1,
core_C1052,64290,61517,0,270,2852,4361,12437572,0,192,77,18,1,
core_C1524,69994,98665,0,0,5695,2208,12574560,0,-1,-1,122,0,
core_C1004,55274,110853,0,0,6213,2024,12575112,0,-1,583,75,0,
core_C5,33902,0,1,0,7982,2530,20194460,0,587,213,561,1,
core_C442,11132,90275,1,270,4485,4503,20195955,0,637,-1,185,0,
core_C250,5520,115796,0,0,4535,2852,12933820,0,-1,389,504,0,
core_C1246,51042,90650,0,90,2024,6240,12629760,0,-1,479,28,1,
core_C885,53659,88780,1,0,7161,2760,19764360,0,272,619,606,1,
core_C1694,23626,96944,0,0,3625,3588,13006500,0,401,-1,474,0,
core_C921,1932,53791,0,90,2024,6359,12870616,0,-1,11,490,0,
core_C1656,37455,0,0,180,6441,2024,13036584,0,-1,-1,156,1,
core_C12,51042,48055,0,90,2024,6283,12716792,0,-1,107,425,0,
core_C164,55825,65737,1,90,3105,6570,20399850,0,-1,-1,189,1,
core_C205,21602,92344,0,90,2024,6497,13149928,0,474,471,601,1,
core_C290,10552,97883,1,90,2760,7273,20073480,0,-1,-1,267,1,
core_C132,11611,92362,0,180,3681,3588,13207428,0,-1,-1,166,1,
core_C715,27674,59436,0,90,2116,6430,13605880,0,633,34,273,0,
core_C1296,60794,23620,0,90,2944,4642,13666048,0,129,50,172,0,
core_C1649,68430,57669,0,0,5178,2576,13338528,0,572,36,411,0,
core_C1517,37237,119285,1,180,8276,2530,20938280,0,252,-1,511,1,
core_C1082,72703,71751,1,90,2185,7174,15675190,0,-1,59,208,0,
core_C730,0,123236,1,0,8294,2530,20983820,0,-1,-1,171,0,
core_C275,27674,37589,0,0,4559,2944,13421696,0,205,62,237,0,
core_C1559,63572,94000,1,0,5702,3680,20983360,0,85,329,304,1,
core_C567,34086,45038,1,90,4485,4693,21048105,0,234,161,324,0,
core_C557,19596,78947,0,180,3753,3588,13465764,0,512,127,529,0,
core_C1383,43406,66171,0,90,2116,6761,14306276,0,5,-1,620,0,
core_C515,0,23736,0,90,1932,6016,11622912,0,-1,100,24,0,
core_C397,52514,8305,0,180,5792,2760,15985920,0,-1,-1,15,1,
core_C604,61157,94000,1,90,2415,7716,18634140,0,298,416,498,0,
core_C736,60099,0,1,90,3565,5351,19076315,0,-1,315,368,1,
core_C1498,60239,69349,1,0,4494,4370,19638780,0,-1,-1,316,1,
core_C816,47343,2944,0,270,2852,4541,12950932,0,-1,-1,134,0,
core_C873,9752,31918,0,90,2024,6400,12953600,0,65,475,546,1,
core_C609,53250,72299,0,0,5231,2484,12993804,0,595,153,23,0,
core_C1423,11989,84605,0,90,2852,4445,12677140,0,-1,124,117,0,
core_C782,17572,51623,0,90,2024,6435,13024440,0,10,-1,29,0,
core_C21,55622,27530,1,180,6563,3105,20378115,0,-1,-1,35,0,
core_C507,54027,97980,1,0,5599,3680,20604320,0,-1,497,465,0,
core_C1157,65302,110671,0,90,2852,4508,12856816,0,-1,-1,363,0,
core_C1096,60099,5351,1,90,3105,6666,20697930,0,-1,473,305,0,
core_C724,53567,85675,1,0,6672,3105,20716560,0,306,606,154,1,
core_C352,58770,73760,0,0,6548,2024,13253152,0,-1,135,338,0,
core_C1136,39532,113479,0,0,5167,2576,13310192,0,89,-1,393,1,
core_C491,58152,15697,1,90,3680,5666,20850880,0,443,478,35,1,
core_C1377,46598,57040,1,0,6483,3220,20875260,0,-1,128,355,0,
core_C435,20897,122623,1,0,8294,2645,21937630,0,-1,-1,394,1,
core_C1291,5211,88946,0,90,3128,4729,14792312,0,410,-1,80,1,
core_C1012,57298,82695,0,90,1472,4422,6509184,0,39,16,75,1,
core_C918,34086,42508,1,0,6367,2530,16108510,0,-1,299,21,0,
core_C1705,15732,27850,0,90,1840,6010,11058400,0,29,162,430,1,
core_C1102,36800,99230,1,90,2300,7569,17408700,0,105,-1,615,1,
core_C792,33654,84239,0,90,1932,5882,11364024,0,-1,405,559,0,
core_C1153,8625,71875,1,90,2415,7762,18745230,0,-1,236,240,0,
core_C1706,63572,97680,1,90,2415,7779,18786285,0,72,-1,298,0,
core_C763,62818,96618,0,90,2392,5031,12034152,0,-1,538,251,0,
core_C1008,51042,59744,0,90,2024,6126,12399024,0,-1,496,107,0,
core_C1000,41612,104324,0,180,3595,3588,12898860,0,-1,-1,103,1,
core_C1461,32680,109213,0,90,2852,4522,12896744,0,566,109,502,0,
core_C1060,72581,14198,0,90,2024,6217,12583208,0,-1,-1,335,1,
core_C1104,70557,14198,0,90,2024,6423,13000152,0,334,-1,448,1,
core_C363,72938,68550,0,90,2024,6430,13014320,0,-1,-1,530,1,
core_C550,46414,42435,1,0,6389,3105,19837845,0,-1,142,250,0,
core_C965,58770,71736,0,0,6444,2024,13042656,0,-1,317,244,0,
core_C9,70461,4968,0,90,2024,6286,12722864,0,387,343,165,1,
core_C1003,27674,21899,0,90,2208,5761,12720288,0,-1,573,169,0,
core_C1554,61157,85564,1,0,6439,3105,19993095,0,-1,498,542,0,
core_C746,65667,71264,1,90,2530,7911,20014830,0,-1,560,272,1,
core_C870,70461,11254,0,180,4464,2944,13142016,0,-1,-1,339,0,
core_C626,29302,119285,1,0,5582,3680,20541760,0,-1,511,630,0,
core_C1541,68430,49656,0,90,2484,5161,12819924,0,484,411,442,0,
core_C1631,55274,96407,0,90,2024,6334,12820016,0,-1,608,78,0,
core_C1362,60388,61199,1,90,4485,4585,20563725,0,551,-1,438,0,
core_C88,17250,36948,1,0,6630,3105,20586150,0,-1,-1,388,0,
core_C786,25116,54053,0,90,2024,6340,12832160,0,-1,61,586,0,
core_C1168,46994,31221,0,0,5973,2208,13188384,0,-1,-1,15,0,
core_C186,3956,54893,0,0,6523,2024,13202552,0,-1,45,541,0,
core_C38,66171,104005,1,0,5756,3680,21182080,0,-1,469,636,0,
core_C508,61314,30635,1,90,3105,6659,20676195,0,132,-1,421,1,
core_C950,49220,76475,1,180,7945,2645,21014525,0,-1,374,189,0,
core_C1166,46598,53360,1,0,5746,3680,21145280,0,220,320,602,1,
core_C404,41474,54396,0,90,1748,5419,9472412,0,-1,362,644,0,
core_C539,11132,80960,1,0,4940,4830,23860200,0,17,185,618,1,
core_C1397,60794,33720,0,90,1840,5656,10407040,0,451,83,39,1,
core_C1513,0,106603,1,90,2415,7526,18175290,0,-1,171,524,0,
core_C633,37425,68535,0,180,3488,3404,11873152,0,-1,-1,447,1,
core_C1604,56024,30635,1,90,2415,7909,19100235,0,421,-1,220,1,
core_C1426,41474,59815,0,90,1932,6356,12279792,0,-1,518,356,0,
core_C1338,65302,106288,0,270,2852,4383,12500316,0,629,314,396,1,
core_C263,15732,66035,0,270,3404,3584,12199936,0,-1,493,437,0,
core_C1324,51382,83145,1,0,7970,2530,20164100,0,218,154,581,1,
core_C1572,60388,46267,1,180,6494,3105,20163870,0,-1,585,454,1,
core_C167,21252,115068,0,180,5206,2484,12931704,0,-1,255,116,0,
core_C693,57569,0,1,90,2530,8005,20252650,0,305,-1,565,1,
core_C1521,58501,20966,0,90,2024,6410,12973840,0,-1,-1,112,0,
core_C503,62641,5438,0,270,2208,5738,12669504,0,489,-1,227,1,
core_C1626,49128,66010,1,0,5541,3680,20390880,0,582,54,235,1,
core_C861,64382,50840,0,90,3496,3648,12753408,0,-1,553,203,0,
core_C354,58770,43032,0,180,5292,2484,13145328,0,-1,18,39,0,
core_C975,49220,79120,1,0,5757,3680,21185760,0,64,597,354,0,
core_C1536,64671,115179,0,90,3588,3684,13218192,0,386,-1,274,1,
core_C1702,34086,53115,1,0,6451,3220,20772220,0,-1,617,161,0,
core_C622,29698,105817,0,90,2944,4538,13359872,0,643,-1,547,0,
core_C1225,58439,41092,1,0,8107,2645,21443015,0,-1,93,159,0,
core_C1515,0,91310,1,180,4357,4140,18037980,0,215,446,219,0,
core_C1412,57774,46267,1,90,2415,7720,18643800,0,-1,468,582,1,
core_C115,10909,59710,0,180,4336,2852,12366272,0,-1,-1,429,0,
core_C1062,58770,27376,0,90,2024,6130,12407120,0,131,-1,23,1,
core_C166,64362,15697,1,90,2530,7690,19455700,0,626,42,443,1,
core_C341,29698,27660,0,90,2484,5213,12949092,0,-1,-1,573,1,
core_C1077,5341,96619,0,180,4540,2852,12948080,0,-1,-1,249,1,
core_C196,68259,116477,0,270,3588,3609,12949092,0,180,-1,375,1,
core_C1115,72485,4968,0,90,2024,6240,12629760,0,-1,-1,339,1,
core_C643,17250,29137,1,90,2530,7811,19761830,0,-1,348,495,0,
core_C1538,5520,118648,0,180,4556,2852,12993712,0,-1,92,280,0,
core_C821,72703,48656,1,90,2530,8026,20305780,0,-1,562,641,0,
core_C852,46598,63480,1,0,7880,2530,19936400,0,-1,235,128,0,
core_C545,19596,87897,0,90,2944,4447,13091968,0,-1,519,260,0,
core_C438,35883,115563,0,180,3649,3588,13092612,0,318,-1,402,1,
core_C832,15299,124401,1,180,5598,3565,19956870,0,321,-1,170,1,
core_C1480,8425,56917,0,90,2484,5142,12772728,0,429,535,45,1,
core_C1477,62818,86485,0,90,2484,5277,13108068,0,363,251,16,1,
core_C109,51042,41387,0,0,5955,2208,13148640,0,-1,425,5,1,
core_C941,29606,49551,0,0,3673,3588,13178724,0,-1,-1,228,1,
core_C962,15732,90079,0,90,2116,6507,13768812,0,-1,158,445,0,
core_C630,62358,82897,0,0,3761,3588,13494468,0,515,-1,184,0,
core_C1529,27251,96944,0,90,2116,6541,13840756,0,-1,164,283,1,
core_C801,30476,118068,0,180,5407,2576,13928432,0,393,-1,574,1,
core_C881,24817,104834,1,90,2185,7244,15828140,0,539,-1,206,0,
core_C807,53092,42435,1,90,2530,7691,19458230,0,35,-1,142,1,
core_C1601,33654,92578,0,180,6174,2024,12496176,0,197,487,327,0,
core_C552,42711,21766,1,90,2530,7734,19567020,0,-1,525,245,0,
core_C1238,34086,106980,1,180,7318,2760,20197680,0,-1,196,617,0,
core_C1120,7820,27482,0,270,2852,4436,12651472,0,-1,546,202,0,
core_C612,7820,48361,0,0,6270,2024,12690480,0,-1,70,546,0,
core_C382,8339,86830,0,180,3650,3588,13096200,0,49,-1,322,1,
core_C269,68430,54817,0,180,4489,2852,12802628,0,522,293,345,0,
core_C1534,8425,64862,0,0,4469,2944,13156736,0,-1,95,535,0,
core_C143,31911,6532,0,0,4477,2944,13180288,0,-1,-1,440,0,
core_C1202,24817,53774,1,180,5604,3680,20622720,0,-1,418,26,0,
core_C790,27674,80253,0,0,5319,2484,13212396,0,-1,477,40,0,
core_C1422,61157,105459,1,90,2760,7480,20644800,0,-1,453,304,0,
core_C911,53250,115314,0,90,2024,6534,13224816,0,75,483,635,0,
core_C1318,24817,57454,1,0,8066,2645,21334570,0,-1,25,414,0,
core_C1098,72202,84813,0,90,2576,5217,13438992,0,-1,575,97,0,
core_C1597,49478,115720,0,0,3758,3588,13483704,0,545,199,193,0,
core_C610,58439,30635,1,90,2875,7352,21137000,0,353,159,361,1,
core_C104,33654,36156,0,0,4569,3036,13871484,0,508,144,3,0,
core_C1460,26878,110355,0,180,3778,3772,14250616,0,591,574,471,1,
core_C624,0,98365,1,0,7717,2875,22186375,0,-1,524,446,0,
core_C379,51042,43595,0,270,1472,4460,6565120,0,-1,286,397,0,
core_C1522,51410,119308,0,90,1840,5746,10572640,0,23,-1,199,1,
core_C478,42711,42612,1,90,2300,7323,16842900,0,-1,-1,526,0,
core_C1341,0,91430,0,180,3407,3312,11283984,0,-1,136,80,0,
core_C6,10909,54893,0,90,2392,4817,11522264,0,-1,381,395,1,
core_C377,13800,27850,0,90,1932,6221,12018972,0,325,-1,516,1,
core_C1339,41122,109983,0,180,4348,2852,12400496,0,-1,-1,627,1,
core_C489,15374,13856,0,90,2024,6147,12441528,0,270,90,261,0,
core_C1487,69166,100873,0,180,4368,2852,12457536,0,-1,625,192,1,
core_C920,1932,83886,0,0,5105,2484,12680820,0,-1,571,11,0,
core_C189,24611,23736,0,90,2024,6430,13014320,0,-1,223,209,1,
core_C956,25713,8238,1,0,7401,2760,20426760,0,-1,-1,211,1,
core_C1164,15732,61554,0,270,2852,4481,12779812,0,-1,364,162,0,
core_C42,60388,58669,1,0,8162,2530,20649860,0,452,347,568,0,
core_C1402,21252,110008,0,0,5291,2576,13629616,0,-1,116,114,0,
core_C1378,31911,2944,0,180,3711,3588,13315068,0,533,413,101,1,
core_C488,8625,61525,1,180,6476,3220,20852720,0,-1,123,569,0,
core_C703,68430,47632,0,180,6593,2024,13344232,0,-1,345,647,0,
core_C399,61832,15697,1,90,2530,8268,20918040,0,383,-1,319,1,
core_C656,55274,114901,0,0,5820,2300,13386000,0,-1,649,583,0,
core_C854,15732,86491,0,0,3755,3588,13472940,0,-1,399,550,0,
core_C768,0,95720,1,0,7986,2645,21122970,0,-1,424,379,0,
core_C125,33654,68535,0,0,3771,3588,13530348,0,360,457,1,0,
core_C281,66754,17824,0,180,3803,3772,14344916,0,335,-1,32,1,
core_C696,45522,109832,0,90,2024,6397,12947528,0,37,110,28,0,
core_C1483,44045,103715,1,90,2185,7177,15681745,0,44,-1,628,1,
core_C865,62634,33720,0,90,1748,5351,9353548,0,639,-1,358,1,
core_C556,68550,42517,1,90,3105,6514,20225970,0,-1,-1,438,1,
core_C1408,61157,112939,1,0,4485,4485,20115225,0,-1,141,416,0,
core_C632,54761,62172,1,0,5627,3565,20060255,0,366,-1,54,1,
core_C1542,23092,42588,0,90,2484,5061,12571524,0,-1,-1,640,0,
core_C836,17250,2645,1,90,2760,7475,20631000,0,211,52,27,1,
core_C872,33654,72123,0,0,5174,2484,12852216,0,113,145,447,0,
core_C361,37904,107959,0,0,6510,2024,13176240,0,-1,-1,502,1,
core_C570,49643,35637,0,90,2484,5117,12710628,0,-1,-1,55,1,
core_C233,7820,52869,0,0,6260,2024,12670240,0,-1,-1,70,0,
core_C675,41515,111889,1,180,7944,2645,21011880,0,-1,-1,628,0,
core_C456,29698,82737,0,90,1932,5986,11564952,0,254,555,477,1,
core_C1703,33902,112960,1,180,6880,3220,22153600,0,-1,-1,599,0,
core_C1216,53066,43595,0,0,5378,2576,13853728,0,-1,-1,496,1,
core_C702,54027,94760,1,0,6492,3220,20904240,0,-1,313,600,1,
core_C1320,25116,65616,0,90,2024,6603,13364472,0,-1,-1,616,0,
core_C392,5865,108235,1,90,3680,5801,21347680,0,-1,267,108,0,
core_C298,57774,53987,1,90,2530,7931,20065430,0,-1,-1,380,0,
core_C1428,66171,107685,1,90,4370,4591,20062670,0,-1,537,352,0,
core_C463,66263,115381,1,0,5583,3680,20545440,0,-1,500,610,1,
core_C240,21602,100532,0,0,5276,2484,13105584,0,423,-1,288,0,
core_C524,17398,19110,0,90,2484,5119,12715596,0,-1,-1,270,0,
core_C396,60099,12017,1,0,5534,3680,20365120,0,-1,-1,315,0,
core_C62,23626,87897,0,90,2024,6441,13036584,0,650,283,288,1,
core_C434,9752,46153,0,0,5891,2208,13007328,0,-1,-1,308,0,
core_C1591,15732,73209,0,270,2852,4438,12657176,0,-1,57,493,0,
core_C564,27674,82737,0,90,2024,6406,12965744,0,462,-1,415,0,
core_C311,58152,23965,1,0,5682,3565,20256330,0,-1,-1,319,0,
core_C391,51042,96890,0,270,2024,6384,12921216,0,-1,-1,281,0,
core_C1537,34178,56335,1,90,2530,7962,20143860,0,231,-1,617,1,
core_C1128,61157,78434,1,180,4476,4370,19560120,0,-1,542,578,1,
core_C1314,55833,34801,0,90,2852,4341,12380532,0,-1,-1,79,1,
core_C1586,53250,123733,0,180,5234,2024,10593616,0,-1,-1,417,0,
core_C1608,70914,49656,0,180,4779,3036,14509044,0,-1,-1,345,1,
core_C194,7114,83886,0,0,4560,2944,13424640,0,-1,-1,571,1,
core_C67,0,76705,1,0,8168,2530,20665040,0,-1,195,30,0,
core_C1510,33654,94602,0,0,4478,2944,13183232,0,130,554,405,0,
core_C814,8625,45885,1,180,6626,3105,20573730,0,-1,513,58,0,
core_C874,64849,4505,0,270,3588,3670,13167960,0,527,-1,370,1,
core_C735,1932,47472,0,90,2024,6319,12789656,0,541,284,12,0,
core_C898,72379,25917,1,90,2530,7881,19938930,0,-1,-1,85,1,
core_C1355,8625,2645,1,0,8000,2530,20240000,0,-1,27,509,0,
core_C1073,15732,69619,0,270,3404,3590,12220360,0,-1,476,364,0,
core_C1675,59025,123369,0,0,5834,2208,12881472,0,567,155,501,1,
core_C1567,17250,23649,1,270,3565,5488,19564720,0,-1,388,91,0,
core_C687,51042,65870,0,90,2024,6145,12437480,0,464,68,331,0,
core_C754,54027,101660,1,180,6194,2990,18520060,0,-1,210,313,0,
core_C805,61157,88669,1,90,3450,5331,18391950,0,-1,304,341,0,
core_C1474,53250,102955,0,90,1840,6002,11043680,0,-1,635,544,0,
core_C722,66263,119061,1,90,1840,6112,11246080,0,207,-1,470,0,
core_C107,55274,120145,0,0,3751,3588,13458588,0,494,-1,649,0,
core_C40,32680,106637,0,0,5224,2576,13457024,0,458,333,591,1,
core_C859,55915,2484,0,0,4562,2944,13430528,0,-1,-1,148,0,
core_C670,5520,110032,0,90,2300,5764,13257200,0,-1,280,552,0,
core_C1479,39174,10031,0,90,2024,6495,13145880,0,-1,176,115,0,
core_C447,51042,78507,0,90,2024,6285,12720840,0,-1,94,68,0,
core_C1636,29698,95479,0,90,1932,5840,11282880,0,-1,547,555,0,
core_C839,38223,36156,0,90,3220,3367,10841740,0,-1,-1,422,1,
core_C1344,8625,0,1,0,8421,2645,22273545,0,138,492,108,1,
core_C1575,53250,79751,0,180,4592,2944,13518848,0,-1,188,632,0,
core_C1156,29302,122965,1,0,7935,2645,20988075,0,294,102,344,0,
core_C835,23349,75359,0,0,3680,3496,12865280,0,-1,48,300,1,
core_C1663,8625,48990,1,180,6459,3105,20055195,0,-1,262,488,0,
core_C1671,16714,2484,0,90,2024,6496,13147904,0,577,238,53,0,
core_C595,66119,101036,0,90,2484,5252,13045968,0,-1,-1,400,1,
core_C1615,11776,27232,0,90,2024,6239,12627736,0,430,214,65,0,
core_C221,49312,92628,1,90,3565,5533,19725145,0,-1,-1,581,0,
core_C800,41474,66171,0,90,1932,6321,12212172,0,212,76,362,0,
core_C54,19596,92344,0,90,1932,6294,12160008,0,601,563,392,0,
core_C798,43406,56972,0,180,4396,2760,12132960,0,-1,168,212,0,
core_C314,11776,42749,0,180,3544,3404,12063776,0,-1,-1,596,0,
core_C1616,72919,52692,0,90,2852,4329,12346308,0,-1,-1,411,1,
core_C986,63738,80873,0,180,3219,2024,6515256,0,-1,-1,181,0,
core_C1325,0,101240,1,90,3450,5363,18502350,0,157,359,424,0,
core_C851,42711,29500,1,90,1725,5819,10037775,0,-1,526,406,0,
core_C452,42711,35319,1,90,2415,7293,17612595,0,-1,427,525,0,
core_C1395,68437,2852,0,0,6589,2116,13942324,0,-1,165,489,1,
core_C659,30113,10998,1,90,3680,5746,21145280,0,-1,-1,140,1,
core_C1336,19596,75359,0,180,3725,3588,13365300,0,-1,300,10,0,
core_C31,70454,68818,0,90,2484,5207,12934188,0,336,-1,191,1,
core_C521,48651,47336,0,90,2024,6192,12532608,0,-1,149,648,0,
core_C86,68430,81970,0,90,1932,6342,12252744,0,588,-1,96,0,
core_C751,35622,2576,0,270,3404,3473,11822092,0,-1,-1,440,1,
core_C1063,56557,104650,1,90,2300,7606,17493800,0,578,-1,187,1,
core_C150,8425,62562,0,0,6172,2300,14195600,0,-1,412,395,0,
core_C823,13641,64862,0,90,2024,6478,13111472,0,-1,-1,95,1,
core_C741,66171,112276,1,0,6420,3105,19934100,0,173,610,469,0,
core_C1241,62818,101649,0,90,1932,5866,11333112,0,-1,-1,330,0,
core_C634,27002,104834,1,90,2300,7431,17091300,0,630,-1,403,1,
core_C389,41944,94315,0,90,2024,6161,12469864,0,-1,-1,71,0,
core_C39,3956,47472,0,90,1932,6151,11883732,0,230,351,490,1,
core_C776,61157,82804,1,0,7248,2760,20004480,0,-1,341,481,0,
core_C1038,36230,39523,0,90,2392,4791,11460072,0,204,-1,144,1,
core_C1360,53250,96493,0,90,2024,6462,13079088,0,78,499,609,0,
core_C1346,53236,46171,0,180,5147,2392,12311624,0,-1,-1,420,1,
core_C423,7820,31918,0,90,1932,6335,12239220,0,308,409,408,0,
core_C280,29698,101319,0,90,2852,4498,12828296,0,-1,377,507,0,
core_C1669,0,81880,1,0,6587,3105,20452635,0,-1,186,195,0,
core_C1330,29698,74064,0,90,3588,3606,12938328,0,-1,-1,40,1,
core_C63,15732,82811,0,180,3699,3680,13612320,0,-1,445,57,0,
core_C1342,64873,61199,1,180,5410,3450,18664500,0,-1,-1,347,1,
core_C1236,5520,107272,0,180,4231,2760,11677560,0,-1,504,256,0,
core_C641,64382,54488,0,90,3588,3588,12873744,0,253,-1,372,0,
core_C523,33654,97546,0,90,2300,5875,13512500,0,247,-1,487,0,
core_C871,29698,88865,0,90,2024,6614,13386736,0,-1,507,462,0,
core_C1410,4482,93675,0,0,4645,2944,13674880,0,166,-1,136,1,
core_C1207,58770,83015,0,90,3588,3700,13275600,0,184,-1,177,0,
core_C1259,59795,117201,0,90,2024,6168,12484032,0,274,-1,649,1,
core_C353,33654,78011,0,90,1932,6228,12032496,0,642,327,145,0,
core_C909,65667,79175,1,0,6472,3220,20839840,0,-1,-1,342,0,
core_C1690,31717,97129,1,90,2185,6727,14698495,0,278,579,630,1,
core_C1337,72703,56682,1,90,2530,7824,19794720,0,-1,208,390,0,
core_C1617,19596,103016,0,0,6522,2024,13200528,0,-1,-1,519,0,
core_C204,0,100170,0,180,6224,2024,12597376,0,-1,2,249,0,
core_C312,55039,0,1,270,2530,7720,19531600,0,368,-1,20,1,
core_C136,35532,109213,0,90,1932,6350,12268200,0,627,-1,333,1,
core_C1535,64859,118863,0,90,2208,5569,12296352,0,590,-1,494,1,
core_C219,60388,56024,1,180,8015,2645,21199675,0,-1,438,585,0,
core_C390,8625,58305,1,0,6567,3220,21145740,0,-1,441,631,0,
core_C1465,25650,93448,0,180,3630,3496,12690480,0,-1,-1,147,0,
core_C1262,1932,86370,0,0,5182,2576,13348832,0,485,-1,434,0,
core_C1121,73608,57021,0,90,2116,6410,13563560,0,-1,-1,293,1,
core_C549,27674,27660,0,90,2024,6338,12828112,0,384,237,340,0,
core_C697,26878,114127,0,180,3598,3496,12578608,0,402,60,423,0,
core_C1674,72202,90030,0,90,3496,3667,12819832,0,-1,-1,419,0,
core_C713,48316,125757,0,180,5867,2300,13494100,0,-1,-1,89,1,
core_C409,18738,2484,0,90,2208,5727,12645216,0,-1,-1,514,1,
core_C437,58857,104650,1,90,2300,7473,17187900,0,481,56,534,1,
core_C24,31717,116180,1,0,6363,3105,19757115,0,-1,-1,561,0,
core_C766,26457,122852,0,180,3640,3496,12725440,0,-1,-1,255,1,
core_C1,49312,82800,1,90,2070,6533,13523310,0,365,517,597,1,
core_C635,54669,55913,1,90,3105,6259,19434195,0,380,-1,371,1,
core_C771,55274,112877,0,180,6607,2024,13372568,0,-1,444,277,0,
core_C1179,47251,33429,0,0,5730,2208,12651840,0,22,55,644,1,
core_C1632,60388,49372,1,90,3105,6652,20654460,0,-1,568,366,0,
core_C1657,25116,47649,0,90,2024,6404,12961696,0,-1,349,10,1,
core_C112,41884,0,1,90,3565,5478,19529070,0,-1,-1,278,1,
core_C127,70362,81970,0,90,1840,5892,10841280,0,175,163,532,1,
core_C793,60997,0,0,90,2116,5438,11506808,0,160,-1,148,1,
core_C1507,67067,120086,0,0,3588,3588,12873744,0,201,-1,567,1,
core_C71,30656,110355,0,90,2024,6517,13190408,0,502,-1,423,1,
core_C1359,69166,105933,0,180,3715,3588,13329420,0,624,-1,625,0,
core_C1036,21943,23736,0,270,92,74,6808,0,-1,209,31,0,
core_C1240,27674,55406,0,90,92,74,6808,0,-1,224,228,0,
core_C1628,58481,72299,0,180,74,92,6808,0,-1,-1,309,1,
core_C1061,11776,42657,0,180,74,92,6808,0,-1,521,82,0,
core_C473,49220,82800,1,0,92,115,10580,0,581,-1,374,0,
core_C1110,41474,28286,0,90,92,74,6808,0,-1,8,0,0,
core_C1147,33902,5405,1,0,92,115,10580,0,622,463,213,0,
core_C1200,53935,94760,1,0,92,115,10580,0,465,-1,621,1,
core_C1501,21528,92344,0,180,74,92,6808,0,288,-1,519,1,
core_C1650,46506,53360,1,0,92,115,10580,0,355,-1,607,1,
core_C994,49128,73255,1,0,92,115,10580,0,189,-1,54,0,
core_C982,42428,55529,1,90,115,92,10580,0,-1,-1,137,0,
core_C946,53250,89779,0,90,92,74,6808,0,-1,84,146,0,
core_C652,53567,88780,1,180,92,115,10580,0,282,-1,316,0,
core_C674,46414,53360,1,0,92,115,10580,0,602,243,265,0,
core_C26,55274,102741,0,90,92,74,6808,0,-1,-1,346,0,
core_C743,53250,96419,0,90,92,74,6808,0,-1,544,84,0,
core_C843,66171,115381,1,0,92,115,10580,0,470,-1,537,0,
core_C819,66079,100900,1,0,92,115,10580,0,636,-1,614,1,
core_C806,53751,91540,1,0,92,115,10580,0,646,-1,619,1,
core_C1494,46322,2760,1,0,92,115,10580,0,20,198,623,1,
core_C1434,65987,100900,1,0,92,115,10580,0,611,-1,72,0,
core_C1416,36708,99230,1,0,92,115,10580,0,326,-1,13,0,
core_C169,25116,65542,0,90,92,74,6808,0,-1,466,221,0,
core_C267,34086,56335,1,0,92,115,10580,0,480,407,376,0,
core_C93,11040,80960,1,0,92,115,10580,0,357,-1,222,0,
core_C297,53659,91540,1,0,92,115,10580,0,612,-1,282,0,
core_C1281,43406,66079,0,180,74,92,6808,0,-1,301,168,0,
core_C1277,53843,94760,1,0,92,115,10580,0,600,-1,646,0,
core_C140,33994,5405,1,0,92,115,10580,0,21,-1,599,1,
core_C1253,46230,2760,1,0,92,115,10580,0,613,-1,44,0,
core_C1316,72881,105933,0,90,2576,5205,13408080,0,-1,-1,592,1,
core_C878,69166,103725,0,180,5843,2208,12901344,0,-1,592,433,0,
core_C1014,66892,0,1,270,3565,5361,19111965,0,-1,-1,383,1,
core_C307,37464,109983,0,0,3658,3496,12788368,0,431,-1,566,1,
core_C241,41515,103715,1,90,2530,8174,20680220,0,450,461,190,0,
core_C1545,68154,109521,0,270,2852,4416,12594432,0,125,-1,363,1,
core_C381,29302,104834,1,90,2415,7837,18926355,0,561,344,539,1,
core_C87,8625,55200,1,0,6621,3105,20558205,0,-1,569,262,0,
core_C50,53250,77267,0,0,5188,2484,12886992,0,-1,510,153,0,
core_C385,29790,59436,0,0,3696,3588,13261248,0,-1,69,291,1,
core_C249,47454,116229,0,90,2024,6198,12544752,0,193,-1,110,1,
core_C97,53250,108957,0,90,2024,6357,12866568,0,-1,417,499,0,
core_C619,66171,100900,1,180,6419,3105,19930995,0,-1,352,611,1,
core_C747,15617,116265,1,90,2530,8136,20584080,0,43,-1,279,1,
core_C223,45522,83520,0,0,5205,2576,13408080,0,-1,28,5,0,
core_C1440,64382,27992,0,270,3496,3573,12491208,0,-1,86,451,1,
core_C1305,23092,36016,0,90,2024,6572,13301728,0,-1,455,29,1,
core_C783,72703,42071,1,90,3105,6585,20446425,0,-1,390,121,1,
core_C407,35586,78190,0,0,5669,2208,12517152,0,-1,182,559,1,
core_C846,32642,104153,0,0,5296,2484,13155264,0,103,-1,377,1,
core_C926,41474,52096,0,0,5777,2300,13287100,0,584,356,8,0,
core_C1593,21252,116265,1,90,3565,5643,20117295,0,26,-1,43,1,
core_C575,53843,91540,1,0,6599,3220,21248780,0,-1,621,612,1,
core_C588,68430,45332,0,0,5803,2300,13346900,0,-1,442,4,0,
core_C848,48651,40784,0,90,2024,6552,13261248,0,-1,531,212,1,
core_C1209,55274,117201,0,0,4521,2944,13309824,0,558,501,444,0,
core_C1245,25650,83389,0,90,2024,6471,13097304,0,106,147,474,1,
core_C1040,68430,65874,0,180,4459,2944,13127296,0,133,191,36,0,
Wirelength: 6.44454e+09
layer(tree) info:
layer: 0 ,width: 75771 ,height: 128776 ,area: 9757486296 ,blocks_area: 7706181096, filling_rate: 0.789771, utilizatio_rate: 0.786966
layer: 1 ,width: 75808 ,height: 128370 ,area: 9731472960 ,blocks_area: 7312846550, filling_rate: 0.751463, utilizatio_rate: 0.746798
random seed: 12
alpha: 0
gamma: 1
best wirelength: 6.44454e+09
initial_num_perturbs: 19560
iter: 0
best_iter: 0
best_cost: 0.142448
reject_time: 0
accept_inferior_time: 0
update_best_time: 1078
adjustLegalOutline_fail_times: 0
outline_adjust_time: 279.651
initial_wirelength: 1.18465e+10
initial_average_wirelength: 8.31634e+10
1.18465e+10,initial_iter: 19560
initial_time: 395.221
total time cost: 601.222
