name,x,y,layer,rotated_angle,width,height,area,exceed_outline_area,left,right,parent,is_from_left,
macro_C8466,0,29979,1,180,9072,8160,74027520,0,36,-1,2,0,
macro_C8467,14751,31696,0,180,6369,5709,36360621,0,-1,-1,3,0,
macro_C16429,0,19227,1,0,8112,10752,87220224,0,57,0,79,0,
macro_C16430,14751,26020,0,90,7524,5676,42706224,0,118,1,7,1,
macro_C32011,5445,11121,0,180,8613,4290,36949770,0,54,108,10,0,
macro_C32012,10416,0,1,180,12288,6144,75497472,0,15,16,62,1,
macro_C39784,0,27324,0,0,5445,7854,42765030,0,10,-1,38,0,
macro_C39785,6897,34371,0,90,7854,5445,42765030,0,3,-1,84,0,
macro_C55552,0,9306,0,0,5412,7854,42505848,0,33,88,73,0,
macro_C55553,6897,27573,0,90,7854,5412,42505848,0,67,84,51,0,
macro_C63404,5445,5709,0,270,7854,5412,42505848,0,-1,4,6,1,
macro_C63405,0,0,0,180,5412,7854,42505848,0,-1,73,-1,0,
macro_C71293,6864,15411,0,180,5412,7854,42505848,0,119,-1,108,1,
macro_C71294,16602,16582,0,0,5412,7854,42505848,0,110,-1,121,1,
macro_C86866,0,8331,1,90,8160,9072,74027520,0,100,79,58,0,
macro_C86867,22704,0,1,180,8112,10752,87220224,0,17,-1,5,1,
macro_C86868,10416,6144,1,0,12288,6144,75497472,0,70,104,5,0,
macro_C86869,30816,0,1,180,7776,11232,87340032,0,-1,-1,15,1,
macro_C86870,19635,0,0,180,5412,7854,42505848,0,-1,95,29,1,
macro_C94576,28532,11232,1,0,9072,8160,74027520,0,35,109,24,1,
macro_C94577,26737,31488,1,90,10752,8112,87220224,0,-1,-1,21,0,
macro_C94578,26737,25344,1,180,12288,6144,75497472,0,-1,20,22,1,
macro_C94579,15505,32784,1,270,11232,7776,87340032,0,21,-1,32,0,
macro_C94580,30249,32425,0,0,5412,7854,42505848,0,-1,-1,25,0,
macro_C102137,20372,15936,1,270,8160,9072,74027520,0,19,-1,40,1,
macro_C102138,30249,26749,0,270,7524,5676,42706224,0,-1,23,27,0,
macro_C102139,31734,13530,0,180,8613,4290,36949770,0,-1,-1,34,1,
macro_C102140,30249,21304,0,270,7854,5445,42765030,0,112,25,97,0,
macro_C102141,33693,0,0,0,5412,7854,42505848,0,-1,-1,31,1,
macro_C109812,13266,0,0,180,6369,5709,36360621,0,18,-1,33,1,
macro_C109813,29629,7854,0,90,7524,5676,42706224,0,-1,-1,61,1,
macro_C109814,25080,0,0,0,8613,4290,36949770,0,28,69,41,1,
macro_C109815,15505,25008,1,90,11232,7776,87340032,0,-1,22,36,1,
macro_C109816,5412,0,0,90,7854,5412,42505848,0,29,-1,8,1,
core_C1,30249,13530,0,90,1485,4507,6692895,0,26,63,37,1,
core_C3,37604,11232,1,270,2112,6491,13708992,0,-1,-1,19,1,
core_C4,9072,19824,1,180,6433,2112,13586496,0,32,-1,0,1,
core_C5,28698,35805,0,90,1551,4690,7274190,0,34,-1,93,1,
core_C6,0,25872,0,180,4491,1452,6520932,0,-1,6,102,0,
core_C7,25080,24255,0,180,4513,1452,6552876,0,-1,45,43,0,
core_C11,18260,12288,1,270,2112,6576,13888512,0,24,-1,56,1,
core_C13,23298,12337,0,270,1782,3596,6408072,0,31,-1,101,1,
core_C14,25080,14421,0,180,4374,1452,6351048,0,-1,87,61,0,
core_C15,25080,23001,0,180,3858,1254,4837932,0,-1,39,48,0,
core_C16,22014,19387,0,90,1452,4462,6478824,0,116,-1,110,0,
core_C18,25080,25707,0,0,4356,1452,6324912,0,-1,49,39,0,
core_C19,25080,18777,0,180,4133,1353,5591949,0,-1,47,91,0,
core_C22,25080,20130,0,0,4407,1419,6253533,0,-1,48,46,0,
core_C23,25080,21549,0,180,4436,1452,6441072,0,-1,43,47,0,
core_C24,25080,27159,0,0,4395,1452,6381540,0,-1,117,45,0,
core_C26,2064,0,1,90,2064,6411,13232304,0,89,-1,85,1,
core_C28,6897,23265,0,90,1419,4308,6113052,0,80,9,78,1,
core_C30,22209,7854,0,270,1386,4325,5994450,0,74,-1,95,1,
core_C31,28532,23328,1,180,6296,2016,12692736,0,-1,-1,109,0,
core_C32,14058,5709,0,0,2573,2508,6453084,0,55,-1,4,1,
core_C33,16631,10490,0,180,4257,1419,6040683,0,-1,-1,54,1,
core_C34,15572,12288,1,90,2688,5403,14523264,0,40,68,114,1,
core_C35,8112,17760,1,0,6357,2064,13120848,0,-1,-1,2,1,
core_C36,0,6411,1,180,6011,1920,11541120,0,-1,14,85,0,
core_C37,6192,6496,1,180,4177,1632,6816864,0,-1,-1,82,0,
core_C38,15510,11909,0,90,1485,4643,6894855,0,71,-1,76,1,
core_C41,25080,12969,0,0,4549,1452,6605148,0,30,42,83,0,
core_C42,8304,0,1,270,2112,6439,13599168,0,5,-1,82,1,
core_C43,30249,18037,0,180,4457,1452,6471564,0,-1,97,34,0,
core_C45,12441,19443,0,270,1617,4107,6641019,0,76,-1,96,1,
core_C47,20328,11909,0,90,1518,4563,6926634,0,101,-1,77,1,
core_C48,25080,10032,0,180,4392,1452,6377184,0,-1,83,103,0,
core_C49,14751,24436,0,0,4440,1419,6300360,0,122,-1,9,1,
core_C50,15572,17691,1,0,2665,2640,7035600,0,-1,-1,56,0,
core_C51,25080,4290,0,0,4445,1419,6307455,0,-1,92,31,0,
core_C54,22704,10752,1,270,2544,5184,13188096,0,-1,-1,16,1,
core_C55,16995,11909,0,270,1254,3905,4896870,0,77,-1,60,1,
core_C56,0,18579,0,180,4402,1452,6391704,0,-1,81,88,0,
core_C57,0,7854,0,0,4501,1452,6535452,0,-1,8,11,0,
core_C58,23595,7854,0,270,1452,4483,6509316,0,-1,-1,52,1,
core_C59,9900,25858,0,180,4269,1419,6057711,0,-1,-1,96,0,
core_C60,14058,8217,0,90,1452,4520,6563040,0,60,107,64,1,
core_C61,18249,11909,0,90,2079,3130,6507270,0,65,-1,71,1,
core_C62,5445,23265,0,90,1452,4402,6391704,0,51,-1,108,0,
core_C64,0,17403,1,0,5697,1824,10391328,0,-1,2,14,0,
core_C65,8316,23265,0,90,1584,4016,6361344,0,96,-1,51,1,
core_C66,0,20031,0,180,4492,1452,6522384,0,-1,105,72,0,
core_C67,6192,0,1,270,2112,6496,13719552,0,62,59,89,1,
core_C68,25080,11484,0,180,4527,1485,6722595,0,-1,61,66,0,
core_C72,6897,32985,0,180,4165,1386,5772690,0,-1,7,9,0,
core_C74,0,0,1,90,2064,6394,13197216,0,50,58,-1,0,
core_C75,33784,21456,1,0,5703,1872,10676016,0,-1,-1,120,0,
core_C77,25080,15873,0,180,4419,1452,6416388,0,-1,91,42,0,
core_C78,0,17160,0,180,4417,1419,6267723,0,-1,72,8,0,
core_C79,4128,0,1,270,2064,6325,13054800,0,82,-1,50,1,
core_C80,25080,32967,0,180,4530,1452,6577560,0,-1,115,123,0,
core_C81,25080,17325,0,180,4432,1452,6435264,0,-1,46,87,0,
core_C82,25080,5709,0,180,4464,1452,6481728,0,-1,98,69,0,
core_C83,25080,35805,0,180,3618,1782,6447276,0,37,-1,115,0,
core_C84,25080,30063,0,180,4397,1452,6384444,0,-1,123,117,0,
core_C85,19635,7854,0,90,2574,2636,6785064,0,52,-1,18,0,
core_C86,9900,23265,0,90,2541,2593,6588813,0,64,75,80,1,
core_C87,30249,19489,0,0,4160,1353,5628480,0,111,27,63,0,
core_C88,25080,7161,0,180,4512,1452,6551424,0,-1,103,92,0,
core_C89,23466,23746,0,270,1452,4357,6326364,0,-1,-1,116,0,
core_C90,8160,8128,1,90,1824,5480,9995520,0,-1,-1,14,1,
core_C91,21846,12179,0,90,1452,4403,6393156,0,41,-1,65,1,
core_C92,0,24420,0,0,4519,1452,6561588,0,-1,38,106,0,
core_C93,25080,8613,0,0,4275,1419,6066225,0,-1,66,98,0,
core_C94,10416,12288,1,0,4528,2928,13257984,0,-1,114,16,0,
core_C96,0,21483,0,180,4473,1485,6642405,0,-1,106,81,0,
core_C98,0,22968,0,0,4388,1452,6371376,0,-1,102,105,0,
core_C101,14058,12737,0,90,1419,4454,6320226,0,-1,121,76,0,
core_C102,5445,15411,0,90,1419,4442,6303198,0,12,78,4,0,
core_C104,28532,19392,1,0,5252,2544,13361088,0,120,53,19,0,
core_C107,22014,16582,0,0,2806,2805,7870830,0,-1,44,13,1,
core_C108,34409,19489,0,180,3655,1815,6633825,0,-1,-1,97,1,
core_C109,38103,17820,0,270,1584,4038,6396192,0,-1,113,27,1,
core_C110,38103,21858,0,270,1452,4490,6519480,0,-1,-1,112,0,
core_C111,10416,15216,1,180,5156,2544,13116864,0,56,-1,104,0,
core_C112,25080,34419,0,0,4213,1386,5839218,0,-1,93,90,0,
core_C113,23466,19387,0,270,1419,4359,6185421,0,-1,99,44,1,
core_C114,25080,28611,0,180,4392,1452,6377184,0,-1,94,49,0,
core_C116,22275,28103,0,180,2524,2508,6330192,0,-1,-1,3,1,
core_C117,12276,15411,0,270,1584,4032,6386688,0,-1,-1,12,1,
core_C118,33784,19392,1,0,6319,2064,13042416,0,-1,86,109,1,
core_C119,14058,17191,0,180,2544,2541,6464304,0,13,-1,107,0,
core_C120,19191,24436,0,180,3969,1584,6286896,0,-1,-1,67,1,
core_C121,25080,31515,0,0,4446,1452,6455592,0,-1,90,94,0,
Wirelength: 9.94783e+07
layer(tree) info:
layer: 0 ,width: 40347 ,height: 40495 ,area: 1633851765 ,blocks_area: 1298804661, filling_rate: 0.794934, utilizatio_rate: 0.776823
layer: 1 ,width: 40103 ,height: 40560 ,area: 1626577680 ,blocks_area: 1317030048, filling_rate: 0.809694, utilizatio_rate: 0.787723
random seed: 5
alpha: 0
gamma: 1
best wirelength: 9.94783e+07
initial_num_perturbs: 3720
iter: 0
best_iter: 0
best_cost: 0.213918
reject_time: 0
accept_inferior_time: 0
update_best_time: 0
adjustLegalOutline_fail_times: 0
outline_adjust_time: 6.668
initial_wirelength: 5.46004e+08
initial_average_wirelength: 2.5524e+09
5.46004e+08,initial_iter: 3720
initial_time: 9.212
total time cost: 197.14
