name,x,y,layer,rotated_angle,width,height,area,exceed_outline_area,left,right,parent,is_from_left,
macro_C8466,17886,31358,0,180,6369,5709,36360621,0,-1,-1,32,0,
macro_C8467,33499,35194,0,180,6369,5709,36360621,0,-1,-1,2,1,
macro_C16429,27823,33316,0,0,5676,7524,42706224,0,1,-1,47,1,
macro_C16430,24816,15675,0,0,5676,7524,42706224,0,11,51,119,0,
macro_C32011,22080,26256,1,90,6144,12288,75497472,0,7,-1,30,0,
macro_C32012,36168,26581,0,90,4290,8613,36949770,577071,-1,-1,39,1,
macro_C39784,22080,7728,1,90,11232,7776,87340032,0,-1,30,12,0,
macro_C39785,28224,26736,1,90,11232,7776,87340032,0,-1,-1,4,1,
macro_C55552,10692,16445,0,0,5412,7854,42505848,0,71,54,72,0,
macro_C55553,10692,29744,0,0,5412,7854,42505848,0,20,-1,82,0,
macro_C63404,30192,15504,1,0,7728,11232,86800896,0,-1,-1,30,1,
macro_C63405,30492,10864,0,0,5412,7854,42505848,0,38,102,3,1,
macro_C71293,22080,0,1,90,11232,7728,86800896,0,16,6,69,1,
macro_C71294,34683,0,0,180,5412,7854,42505848,0,-1,-1,29,1,
macro_C86866,2739,7128,0,180,6369,5709,36360621,0,19,109,86,1,
macro_C86867,2739,30626,0,90,7524,5676,42706224,0,-1,-1,52,0,
macro_C86868,33312,0,1,90,6144,12288,75497472,0,-1,-1,12,1,
macro_C86869,7728,21984,1,90,11232,7776,87340032,0,-1,21,33,0,
macro_C86870,0,25488,1,0,7728,11232,86800896,0,33,-1,28,0,
macro_C94576,9108,0,0,90,5709,6369,36360621,0,-1,112,14,1,
macro_C94577,16104,7150,0,0,5676,7524,42706224,0,121,66,9,1,
macro_C94578,7728,29760,1,0,12288,6144,75497472,0,69,-1,17,0,
macro_C94579,12288,0,1,0,7776,11232,87340032,0,-1,-1,26,1,
macro_C94580,24816,6369,0,0,5412,7854,42505848,0,57,119,64,1,
macro_C102137,1452,0,0,0,6369,5709,36360621,0,-1,53,81,1,
macro_C102138,0,6144,1,90,10752,8112,87220224,0,-1,28,26,0,
macro_C102139,0,0,1,0,12288,6144,75497472,0,22,25,-1,0,
macro_C102140,2739,14619,0,90,7854,5445,42765030,0,-1,77,109,0,
macro_C102141,0,14256,1,0,7728,11232,86800896,0,-1,18,25,0,
macro_C109812,28974,0,0,90,5709,6369,36360621,0,13,-1,104,1,
macro_C109813,22080,15504,1,0,8112,10752,87220224,0,10,4,6,0,
macro_C109814,16104,37067,0,0,8613,4290,36949770,0,43,-1,106,0,
macro_C109815,17886,23504,0,0,5445,7854,42765030,0,91,0,46,0,
macro_C109816,7728,14256,1,90,11232,7728,86800896,0,-1,17,18,1,
core_C1,13240,11047,0,0,2600,2574,6692400,0,-1,110,61,0,
core_C3,0,0,0,90,1452,4536,6586272,0,-1,120,-1,0,
core_C4,31647,6369,0,90,1452,4495,6526740,0,56,-1,57,1,
core_C5,15781,0,0,0,4322,1683,7273926,0,40,115,61,1,
core_C6,35904,17695,0,90,1452,4491,6520932,0,-1,-1,11,1,
core_C7,34716,27400,0,90,1452,4513,6552876,0,5,-1,80,1,
core_C11,20103,0,0,90,2574,2592,6671808,0,42,-1,37,1,
core_C13,34353,22987,0,90,1452,4413,6407676,0,118,-1,75,0,
core_C14,22677,0,0,270,1452,4374,6351048,0,-1,-1,40,1,
core_C15,24717,26664,0,0,3119,1551,4837569,0,-1,94,31,1,
core_C16,27852,24618,0,0,3635,1782,6477570,0,-1,93,107,0,
core_C18,24717,30261,0,180,3091,2046,6324186,0,-1,47,94,0,
core_C19,17886,20944,0,90,2343,2386,5590398,0,92,32,106,1,
core_C22,24717,32307,0,0,3106,2013,6252378,0,2,48,45,0,
core_C23,24717,34320,0,180,2568,2508,6440544,0,-1,-1,47,0,
core_C24,37257,22186,0,90,1452,4395,6381540,0,-1,-1,118,1,
core_C26,36351,7854,0,90,1452,4378,6356856,0,-1,85,56,1,
core_C28,24816,23199,0,0,3036,2013,6111468,0,107,-1,3,0,
core_C30,2739,26301,0,90,1386,4325,5994450,0,59,15,65,0,
core_C31,1452,5709,0,0,4297,1419,6097443,0,-1,86,24,0,
core_C32,10692,24299,0,180,4444,1452,6452688,0,-1,62,8,0,
core_C33,6402,26301,0,90,1419,4257,6040683,0,98,-1,100,1,
core_C34,33099,7854,0,0,3252,2145,6975540,0,50,-1,36,1,
core_C35,30228,6369,0,90,1419,4442,6303198,0,36,-1,23,1,
core_C36,16104,19591,0,0,4098,1353,5544594,0,-1,67,108,0,
core_C37,4125,26301,0,90,1023,3201,3274623,0,100,-1,52,1,
core_C38,26037,0,0,270,1485,4643,6894855,0,104,-1,70,1,
core_C41,13240,8448,0,90,2541,2599,6604059,0,37,34,72,1,
core_C42,10692,25751,0,180,4500,1452,6534000,0,-1,82,54,0,
core_C43,10377,10774,0,90,2046,3163,6471498,0,90,-1,101,1,
core_C45,22737,20310,0,90,2079,3194,6640326,0,23,-1,87,1,
core_C47,2739,24783,0,0,4563,1518,6926634,0,-1,52,89,0,
core_C48,16104,14674,0,180,4026,1584,6377184,0,-1,74,20,0,
core_C49,16104,20944,0,90,1419,4440,6300360,0,-1,106,58,0,
core_C50,24585,4643,0,0,3201,1056,3380256,0,-1,-1,70,0,
core_C51,20016,11232,1,90,2064,6361,13129104,0,12,-1,21,1,
core_C54,24585,0,0,90,1452,4363,6335076,0,60,68,88,1,
core_C55,16104,5896,0,180,3905,1254,4896870,0,113,-1,8,1,
core_C56,10692,13937,0,180,2548,2508,6390384,0,61,8,103,1,
core_C57,6782,23001,0,180,3667,1782,6534594,0,-1,-1,89,1,
core_C58,16104,16258,0,0,4110,1584,6510240,0,-1,108,66,0,
core_C59,34353,18718,0,270,1419,4269,6057711,0,-1,41,99,1,
core_C60,13285,27203,0,0,2582,2541,6560862,0,-1,-1,82,1,
core_C61,2739,20064,0,0,4482,1452,6507864,0,-1,83,27,0,
core_C62,21780,12617,0,270,2046,3124,6391704,0,-1,-1,97,0,
core_C64,36351,13816,0,270,1287,3879,4992273,0,114,-1,85,0,
core_C65,33264,28134,0,90,1452,4381,6361212,0,39,-1,116,1,
core_C66,0,8952,0,90,1452,4492,6522384,0,24,111,120,0,
core_C67,10692,27203,0,180,2593,2541,6588813,0,76,9,62,0,
core_C68,2739,21516,0,180,4527,1485,6722595,0,105,89,77,0,
core_C72,30492,20500,0,0,3803,1518,5772954,0,-1,-1,102,0,
core_C74,36351,12232,0,0,4002,1584,6339168,0,-1,79,50,0,
core_C75,1452,7128,0,90,1287,3985,5128695,0,14,-1,53,0,
core_C77,20229,20310,0,90,2508,2558,6415464,0,64,-1,92,0,
core_C78,23166,15741,0,90,1419,4417,6267723,0,70,-1,95,1,
core_C79,2739,23001,0,0,4043,1551,6270693,0,73,65,83,0,
core_C80,12423,6369,0,180,3164,2079,6577956,0,-1,-1,63,1,
core_C81,23331,25212,0,0,4432,1452,6435264,0,-1,-1,32,1,
core_C82,20229,14674,0,90,1452,4464,6481728,0,95,87,46,1,
core_C83,27852,26400,0,90,1452,4440,6446880,0,96,117,44,0,
core_C84,24717,28215,0,0,3120,2046,6383520,0,-1,45,43,0,
core_C85,21681,15741,0,90,1485,4569,6784965,0,88,-1,92,1,
core_C86,29304,26400,0,270,2541,2593,6588813,0,-1,123,93,1,
core_C87,21780,8827,0,270,1485,3790,5628150,0,-1,78,121,0,
core_C88,7821,24783,0,90,1452,4512,6551424,0,103,-1,55,1,
core_C89,31845,25612,0,90,2508,2522,6325176,0,75,116,123,1,
core_C90,5148,26301,0,90,1254,3829,4801566,0,55,-1,59,1,
core_C91,6341,12837,0,180,4036,1584,6393024,0,63,-1,109,1,
core_C92,30492,18718,0,180,3682,1782,6561324,0,-1,84,11,0,
core_C93,9273,24783,0,90,1419,4275,6066225,0,72,-1,98,1,
core_C94,27522,0,0,90,1452,4387,6369924,0,29,-1,60,1,
core_C96,7266,20064,0,180,3195,2079,6642405,0,-1,-1,83,1,
core_C98,16104,25384,0,90,1782,3576,6372432,0,46,31,67,0,
core_C101,27852,23199,0,180,4454,1419,6320226,0,122,44,51,1,
core_C102,16104,17842,0,180,3604,1749,6303396,0,-1,58,74,0,
core_C104,2739,12837,0,180,3602,1782,6418764,0,101,27,14,0,
core_C107,13240,13621,0,0,2806,2805,7870830,0,-1,-1,34,0,
core_C108,0,13444,0,180,2577,2574,6633198,0,-1,-1,81,0,
core_C109,9108,6369,0,90,1452,4405,6396060,0,-1,-1,19,0,
core_C110,20009,2592,0,90,1452,4490,6519480,0,-1,-1,71,1,
core_C111,37638,13816,0,90,1419,4441,6301779,0,-1,-1,79,1,
core_C112,15781,1683,0,90,1386,4213,5839218,0,-1,-1,37,0,
core_C113,31845,28134,0,90,1419,4359,6185421,0,80,-1,99,0,
core_C114,27852,31534,0,180,3579,1782,6377778,0,-1,-1,93,0,
core_C116,35805,22186,0,90,1452,4361,6332172,0,49,-1,41,1,
core_C117,24816,14223,0,180,4398,1452,6385896,0,-1,3,23,0,
core_C118,0,4536,0,90,1419,4416,6266304,0,-1,81,35,0,
core_C119,21780,4374,0,90,1452,4453,6465756,0,-1,97,20,1,
core_C120,32306,22018,0,270,1749,3594,6285906,0,-1,-1,107,1,
core_C121,29304,28993,0,0,2541,2541,6456681,0,99,-1,96,0,
Wirelength: 7.84181e+07
layer(tree) info:
layer: 0 ,width: 40458 ,height: 41357 ,area: 1673221506 ,blocks_area: 1318452960, filling_rate: 0.787973, utilizatio_rate: 0.788574
layer: 1 ,width: 39456 ,height: 38544 ,area: 1520792064 ,blocks_area: 1272924048, filling_rate: 0.837014, utilizatio_rate: 0.761343
random seed: 17
alpha: 0
gamma: 1
best wirelength: 7.84181e+07
initial_num_perturbs: 15376
iter: 0
best_iter: 0
best_cost: 0.119185
reject_time: 0
accept_inferior_time: 0
update_best_time: 0
adjustLegalOutline_fail_times: 0
outline_adjust_time: 0.529
initial_wirelength: 2.92806e+08
initial_average_wirelength: 2.45674e+09
2.92806e+08,initial_iter: 15376
initial_time: 11.275
total time cost: 100.193
