name,x,y,layer,rotated_angle,width,height,area,exceed_outline_area,left,right,parent,is_from_left,
macro_C415824,54116,32709,0,0,5520,23736,131022720,0,-1,172,592,0,
macro_C393731,42082,36521,0,0,5520,23736,131022720,0,627,591,76,1,
macro_C396425,19596,30142,0,0,5520,23736,131022720,0,8,54,329,0,
macro_C399323,47602,41180,0,0,5520,23736,131022720,0,-1,-1,479,0,
macro_C401933,24633,25159,1,0,8625,37030,319383750,0,124,222,38,1,
macro_C404827,17664,56730,0,0,5520,23736,131022720,0,335,-1,143,0,
macro_C407516,61844,25970,0,0,5520,23736,131022720,0,396,146,586,1,
macro_C410398,15732,81064,0,0,5520,23736,131022720,0,317,-1,541,0,
macro_C413082,25116,50607,0,0,5520,23736,131022720,0,634,26,2,1,
macro_C40987,51819,28060,1,0,8625,37030,319383750,0,196,624,469,0,
macro_C418718,5037,2530,1,0,8625,37030,319383750,0,416,217,177,0,
macro_C421703,5704,11383,0,0,5520,23736,131022720,0,263,536,578,1,
macro_C424481,0,28396,0,0,5520,23736,131022720,0,-1,577,64,0,
macro_C427156,13330,16355,0,0,5520,23736,131022720,0,-1,-1,326,1,
macro_C429952,54042,6949,0,0,5520,23736,131022720,0,565,613,281,0,
macro_C432667,0,54616,0,0,5520,23736,131022720,0,-1,466,577,0,
macro_C38059,9752,66251,0,0,5520,23736,131022720,0,254,288,649,1,
macro_C78506,37574,0,0,0,5520,23736,131022720,0,66,238,514,1,
macro_C390724,69388,40457,0,0,5520,23736,131022720,0,-1,306,72,0,
macro_C43597,56140,65178,0,0,5520,23736,131022720,0,-1,61,574,0,
macro_C46411,27163,73114,1,0,8625,37030,319383750,0,-1,404,535,0,
macro_C48981,29570,11805,0,0,5520,23736,131022720,0,89,312,237,0,
macro_C51791,44106,92770,0,0,5520,23736,131022720,0,567,-1,140,0,
macro_C54384,19596,0,0,180,5520,23736,131022720,0,432,329,143,1,
macro_C57054,5037,48645,1,0,8625,37030,319383750,0,-1,125,418,0,
macro_C62277,11776,105314,0,0,5520,23736,131022720,0,537,-1,358,0,
macro_C65066,25116,74343,0,0,5520,23736,131022720,0,433,311,8,0,
macro_C67838,63868,49706,0,0,5520,23736,131022720,0,41,630,504,1,
macro_C70493,35903,3450,1,0,8625,37030,319383750,0,395,598,86,0,
macro_C73067,0,2636,0,0,5520,23736,131022720,0,552,64,202,0,
macro_C75793,0,86264,0,0,5520,23736,131022720,0,97,573,282,0,
macro_C59667,35995,40480,1,0,8625,37030,319383750,0,539,648,598,1,
core_C930,7728,64227,0,0,6501,2024,13158024,0,334,570,417,0,
core_C1124,63868,106327,0,90,2944,4610,13571840,0,277,-1,386,0,
core_C1270,32223,113824,1,90,3680,5782,21277760,0,86,-1,530,1,
core_C1382,17089,115512,1,180,5661,3565,20181465,0,-1,-1,392,0,
core_C1112,60358,24081,1,0,5407,3450,18654150,0,-1,-1,374,0,
core_C126,19803,70704,1,90,3565,5411,19290215,0,-1,-1,57,1,
core_C1684,22103,46234,1,90,2530,8064,20401920,0,4,-1,289,0,
core_C1556,69621,44339,1,0,5545,3680,20405600,0,-1,-1,272,0,
core_C599,66836,0,1,90,2530,7751,19610030,0,-1,-1,650,1,
core_C919,69388,30215,0,90,3588,3710,13311480,0,-1,283,27,1,
core_C1502,24356,92,1,0,6611,3105,20527155,0,210,348,610,0,
core_C356,31111,120621,0,180,6233,2024,12615592,0,236,-1,445,1,
core_C1322,44123,83880,1,90,4485,4550,20406750,0,-1,-1,476,0,
core_C1329,71346,55914,1,90,3680,5595,20589600,0,-1,-1,160,1,
core_C1044,24633,117835,1,0,4616,4600,21233600,0,-1,-1,234,0,
core_C318,42082,97425,0,90,1932,6063,11713716,0,-1,243,488,0,
core_C1681,33335,98826,0,90,2024,6389,12931336,0,-1,484,261,0,
core_C1652,1932,116072,0,90,1932,6234,12044088,0,578,-1,155,0,
core_C667,56140,56445,0,0,4631,3036,14059716,0,355,574,178,1,
core_C285,69506,93889,1,180,5676,3680,20887680,0,-1,107,93,0,
core_C15,27388,9407,1,0,7945,2530,20100850,0,-1,376,373,0,
core_C925,37574,66040,0,180,3620,3588,12988560,0,-1,642,138,0,
core_C1409,19596,53878,0,0,4501,2852,12836852,0,77,-1,2,0,
core_C562,69506,108910,1,180,5402,3565,19258130,0,-1,511,534,0,
core_C168,51650,107916,0,90,2208,5589,12340512,0,629,-1,343,0,
core_C458,17273,70704,1,90,2530,8227,20814310,0,37,318,341,0,
core_C1109,17181,36111,1,180,4646,4600,21371600,0,-1,337,375,0,
core_C943,5129,113481,1,90,4485,4522,20281170,0,502,-1,275,0,
core_C1583,11442,2484,0,180,6483,2024,13121592,0,-1,-1,190,1,
core_C100,56140,88914,0,180,2556,2484,6349104,0,248,185,19,0,
core_C1141,69621,80211,1,180,5758,3680,21189440,0,-1,-1,583,1,
core_C879,31551,116113,0,0,5317,2484,13207428,0,179,-1,434,0,
core_C355,0,26372,0,180,5395,2024,10919480,0,-1,12,29,0,
core_C387,67091,83891,1,0,7778,2530,19678340,0,-1,273,583,0,
core_C647,43094,0,0,90,2024,6422,12998128,0,460,216,17,1,
core_C439,0,0,1,180,4747,2185,10372195,0,-1,614,-1,0,
core_C721,59800,92121,1,0,6620,3105,20555100,0,-1,313,389,1,
core_C239,59295,75325,1,0,6649,3105,20645145,0,-1,173,112,0,
core_C1333,19728,0,1,180,4628,4485,20756580,0,610,-1,580,1,
core_C266,35550,49054,0,90,2024,6114,12374736,0,-1,-1,413,1,
core_C951,69388,37513,0,180,4566,2944,13442304,0,-1,18,283,0,
core_C406,67091,93051,1,90,2415,7514,18146310,0,-1,157,273,0,
core_C259,63370,8005,1,0,5581,3680,20538080,0,371,131,426,1,
core_C522,33120,108293,0,180,6502,2024,13160048,0,-1,-1,634,1,
core_C1618,40058,36521,0,90,2024,6530,13216720,0,1,-1,442,0,
core_C875,24097,100656,0,180,4983,2484,12377772,0,319,-1,54,1,
core_C841,33526,37565,0,90,2024,6628,13415072,0,514,359,166,1,
core_C1299,66996,13872,0,90,2024,6170,12488080,0,370,-1,162,1,
core_C44,5704,120195,0,0,5863,2208,12945504,0,-1,-1,228,0,
core_C1017,31464,118597,0,0,6266,2024,12682384,0,-1,-1,512,1,
core_C1331,17181,13916,1,0,4555,4370,19905350,0,-1,398,435,0,
core_C98,27140,0,0,90,2944,4456,13118464,0,-1,569,432,1,
core_C330,72239,28647,1,90,2530,8217,20789010,0,-1,-1,134,1,
core_C358,45977,104994,1,180,5413,3565,19297345,0,-1,114,405,0,
core_C210,35903,0,1,180,7270,2875,20901250,0,543,28,34,1,
core_C996,49626,101605,0,90,1932,5805,11215260,0,-1,-1,567,0,
core_C780,92,56190,1,90,4485,4506,20209410,0,-1,471,515,0,
core_C1441,35090,9793,0,90,2024,6249,12647976,0,-1,314,21,1,
core_C576,8924,0,0,0,5097,2484,12660948,0,-1,-1,552,1,
core_C1456,39232,84426,0,90,2116,5537,11716292,0,-1,-1,142,1,
core_C309,68800,24603,0,180,3673,3588,13178724,0,-1,-1,631,1,
core_C57,69506,86421,1,90,2760,7468,20611680,0,-1,51,157,1,
core_C1493,27638,22656,0,90,1840,5858,10778720,0,-1,-1,428,0,
core_C1295,47373,116506,0,0,6350,2116,13436600,0,303,-1,439,1,
core_C1113,67091,69004,1,90,3220,6534,21039480,0,161,583,636,0,
core_C1022,5520,3431,0,270,2208,5652,12479616,0,-1,-1,30,1,
core_C34,30612,14467,1,90,2530,7716,19521480,0,-1,-1,438,1,
core_C1287,19504,117860,0,0,5748,2208,12691584,0,503,-1,537,1,
core_C729,23626,23736,0,90,1932,5882,11364024,0,597,-1,478,1,
core_C1070,15732,68861,0,90,1932,6052,11692464,0,143,541,394,1,
core_C820,43447,109305,1,90,2530,8071,20419630,0,405,-1,390,1,
core_C1151,40917,103702,1,90,3680,5603,20619040,0,-1,390,294,0,
core_C1685,52018,73341,0,90,2024,6549,13255176,0,281,-1,309,1,
core_C929,29570,37565,0,90,1932,6194,11966808,0,166,517,312,0,
core_C1114,61844,118395,0,180,5190,2576,13369440,0,472,-1,456,0,
core_C1484,69506,97569,1,90,2185,6765,14781525,0,477,534,51,0,
core_C1084,51819,23000,1,0,7631,2530,19306430,0,-1,469,621,1,
core_C1197,64470,84065,1,90,2530,7640,19329200,0,-1,-1,253,1,
core_C1135,38502,94870,1,90,2415,7812,18865980,0,251,-1,609,1,
core_C934,45118,6260,0,0,5863,2300,13484900,0,-1,-1,216,1,
core_C845,59295,72220,1,180,6519,3105,20241495,0,-1,69,385,0,
core_C206,26588,110914,0,90,2024,6251,12652024,0,512,-1,317,1,
core_C33,45977,108559,1,180,5569,3565,19853485,0,448,485,85,0,
core_C302,42082,70005,0,180,5523,1840,10162320,0,-1,366,468,0,
core_C589,56140,96090,0,0,5320,2484,13214880,0,-1,450,201,0,
core_C158,63868,100065,0,90,3496,3536,12361856,0,-1,386,333,0,
core_C414,44528,11338,1,90,2645,7141,18887945,0,-1,-1,395,0,
core_C1116,92,2185,1,90,2530,7729,19554370,0,-1,154,614,1,
core_C1033,92,98573,1,90,3565,5497,19596805,0,-1,406,441,0,
core_C1170,7728,60087,0,180,5903,1840,10861520,0,-1,417,246,0,
core_C376,28196,117165,0,270,2208,5701,12587808,0,-1,-1,503,1,
core_C1265,67091,40544,1,90,2530,8082,20447460,0,272,419,560,0,
core_C613,33258,14467,1,90,2415,7415,17907225,0,-1,-1,4,1,
core_C459,5037,85675,1,0,5635,3680,20736800,0,-1,548,24,0,
core_C238,30636,79868,0,90,1932,6329,12227628,0,-1,520,496,0,
core_C506,5129,95335,1,0,7292,2875,20964500,0,549,240,571,0,
core_C46,52003,115276,1,0,7487,2875,21525125,0,-1,-1,600,0,
core_C1232,33066,0,0,90,1932,6246,12067272,0,-1,431,237,1,
core_C187,21252,114180,0,0,3812,3680,14028160,0,-1,-1,575,0,
core_C450,63370,11685,1,90,2530,7790,19708700,0,-1,-1,74,0,
core_C494,17296,120068,0,180,6268,2024,12686432,0,-1,-1,380,0,
core_C915,62054,115327,1,180,6405,3105,19887525,0,-1,-1,487,0,
core_C1043,69709,28647,1,90,2530,8065,20404450,0,84,-1,414,0,
core_C449,64727,9640,0,0,6297,2024,12745128,0,204,457,582,0,
core_C10,69848,97730,0,0,5147,2484,12785148,0,-1,364,367,1,
core_C178,11490,45800,0,0,5962,2208,13164096,0,230,336,572,0,
core_C1045,37574,62360,0,180,3697,3680,13604960,0,-1,53,481,0,
core_C1298,14236,50032,0,90,2116,6437,13620692,0,-1,-1,563,1,
core_C1488,44106,90194,0,180,5178,2576,13338528,0,-1,22,223,0,
core_C1587,56810,98864,1,90,1725,5598,9656550,0,378,-1,301,1,
core_C1285,37116,84426,0,90,2116,6499,13751884,0,91,-1,147,1,
core_C1313,17664,50032,0,90,1932,6235,12046020,0,23,5,101,1,
core_C1249,17273,99075,1,0,4800,4600,22080000,0,181,328,270,0,
core_C1067,17273,54414,1,90,2415,7895,19066425,0,498,555,538,0,
core_C922,61844,49706,0,90,2024,6194,12536656,0,-1,504,6,0,
core_C1050,33526,83612,0,180,3590,3588,12880920,0,142,625,464,0,
core_C306,42082,84682,0,90,2024,6237,12623688,0,-1,488,544,0,
core_C228,48737,81125,1,90,2530,7826,19799780,0,-1,459,519,0,
core_C28,35903,109012,1,90,3105,6544,20319120,0,-1,-1,302,1,
core_C326,54116,63060,0,90,2024,6464,13083136,0,-1,178,172,0,
core_C443,15272,4508,0,90,2024,6472,13099328,0,-1,-1,245,1,
core_C156,0,111984,1,270,3105,6447,20017935,0,-1,315,614,0,
core_C1159,92,9914,1,180,4893,3105,15192765,0,-1,564,119,0,
core_C446,1932,112484,0,0,3738,3588,13411944,0,190,49,507,1,
core_C1155,7728,49984,0,0,3762,3588,13498056,0,326,246,258,0,
core_C1548,67091,100565,1,90,2415,7939,19172685,0,93,-1,73,0,
core_C1326,69848,117736,0,90,1932,6221,12018972,0,601,-1,325,0,
core_C740,37574,40617,0,90,2484,4976,12360384,0,442,522,452,0,
core_C27,67091,59267,1,270,4255,4447,18921985,0,45,585,651,0,
core_C133,70311,69004,1,90,3795,5814,22064130,0,-1,545,96,1,
core_C350,64972,13872,0,90,2024,6210,12569040,0,79,-1,229,1,
core_C616,48614,8560,0,90,2024,6380,12913120,0,393,-1,645,1,
core_C1605,49810,35328,0,90,2484,5245,13028580,0,-1,-1,479,1,
core_C254,68223,2392,0,90,2852,4456,12708512,0,-1,-1,582,1,
core_C574,31502,37565,0,90,2024,6451,13056824,0,78,-1,105,1,
core_C191,7728,98743,0,0,3643,3588,13071084,0,-1,247,649,0,
core_C1019,37574,50564,0,90,2484,5172,12847248,0,330,509,522,0,
core_C244,92,20787,1,270,2530,8176,20685280,0,-1,214,564,0,
core_C591,40917,123929,1,0,5771,3680,21237280,0,-1,-1,284,0,
core_C200,92,65181,1,0,4642,4485,20819370,0,-1,176,471,0,
core_C972,54116,56445,0,270,2024,6615,13388760,0,-1,151,0,0,
core_C74,59295,78430,1,0,7281,2875,20932875,0,-1,369,69,0,
core_C1261,33526,78276,0,180,5878,2300,13519400,0,-1,464,260,0,
core_C978,33526,74504,0,180,5588,1748,9767824,0,-1,260,491,0,
core_C627,92,69666,1,90,2530,7666,19394980,0,-1,579,171,0,
core_C748,5037,0,1,0,7717,2530,19524010,0,-1,10,546,1,
core_C373,54116,69524,0,90,2024,6388,12929312,0,50,-1,151,0,
core_C1009,36868,112617,0,180,4540,2852,12948080,0,-1,-1,63,1,
core_C108,52187,107222,1,90,2530,7805,19746650,0,643,-1,596,1,
core_C380,22073,99075,1,90,2530,7812,19764360,0,-1,-1,144,1,
core_C555,25558,47111,0,180,3680,3496,12865280,0,-1,-1,259,0,
core_C1030,45026,16323,0,90,2852,4482,12782664,0,-1,-1,645,0,
core_C1455,22103,33009,1,90,1725,5291,9126975,0,-1,289,480,0,
core_C537,56140,91398,0,0,5288,2484,13135392,0,-1,201,61,0,
core_C1284,9614,114758,1,90,2530,8133,20576490,0,-1,589,566,0,
core_C1089,48702,70857,0,180,5315,2484,13202460,0,-1,-1,540,0,
core_C1356,60444,55953,1,90,4485,4613,20689305,0,-1,424,556,0,
core_C476,9614,103960,1,0,7398,2875,21269250,0,-1,566,447,0,
core_C1688,5670,9083,0,0,5772,2300,13275600,0,60,-1,155,1,
core_C959,42082,121382,0,0,6559,2024,13275416,0,-1,501,444,0,
core_C1037,58348,59481,0,90,2576,5198,13390048,0,446,-1,574,1,
core_C289,38410,91650,1,0,6669,3220,21474180,0,327,609,220,0,
core_C1691,5704,115963,0,0,5835,2300,13420500,0,-1,228,297,0,
core_C753,10096,39560,1,0,6536,3220,21045920,0,-1,212,217,1,
core_C1140,60444,27531,1,0,5700,3795,21631500,0,632,637,9,1,
core_C431,44106,71845,0,180,3497,3496,12225512,0,-1,-1,366,1,
core_C153,22103,16997,1,0,5979,3795,22690305,0,438,304,628,0,
core_C954,12421,90160,1,270,2990,6332,18932680,0,-1,-1,549,0,
core_C654,57045,6210,1,270,3105,6318,19617390,0,426,-1,475,1,
core_C422,56140,93882,0,0,5703,2208,12592224,0,-1,116,185,0,
core_C649,0,0,0,270,2484,2636,6547824,0,-1,29,-1,0,
core_C1185,35819,93563,0,90,2484,5254,13050936,0,-1,633,261,1,
core_C1450,71024,6848,0,90,2024,6476,13107424,0,-1,533,135,1,
core_C1250,11776,98506,0,0,3657,3588,13121316,0,-1,358,215,0,
core_C1288,92,82874,1,90,3105,6614,20536470,0,-1,399,579,0,
core_C1076,5037,118003,1,180,4190,4140,17346600,0,-1,-1,619,0,
core_C1698,64361,98906,1,90,2530,8233,20829490,0,-1,-1,378,1,
core_C1620,16876,10980,0,90,2024,5375,10879000,0,-1,-1,387,1,
core_C1303,30967,0,1,90,4485,4669,20940465,0,-1,-1,42,1,
core_C183,17273,84585,1,0,7300,2875,20987500,0,-1,354,318,0,
core_C888,10096,42780,1,0,6560,3220,21123200,0,-1,-1,195,0,
core_C1321,44620,33892,1,90,2645,8225,21755125,0,-1,513,278,0,
core_C583,92,28963,1,90,2415,7630,18426450,0,-1,388,169,0,
core_C1059,11776,92195,0,90,1932,6213,12003516,0,394,205,316,1,
core_C313,43094,6422,0,90,2024,6277,12704648,0,111,356,66,0,
core_C129,5037,39560,1,0,5059,4830,24434970,0,195,418,10,0,
core_C106,48737,0,1,0,6474,3105,20101770,0,-1,440,405,1,
core_C952,52095,92325,1,90,4600,4615,21229000,0,389,301,600,1,
core_C1142,38410,88430,1,0,6614,3220,21297080,0,-1,193,458,0,
core_C1085,43094,17602,0,270,1748,3685,6441380,0,-1,-1,356,0,
core_C1369,24633,62189,1,0,7231,2875,20789125,0,-1,474,4,0,
core_C905,44106,78837,0,90,1840,5850,10764000,0,257,140,243,1,
core_C284,49105,18975,1,90,2530,8243,20854790,0,-1,611,647,0,
core_C1306,92,44404,1,90,2875,7301,20990375,0,-1,515,388,0,
core_C1391,51727,20355,1,0,7936,2645,20990720,0,-1,621,264,1,
core_C1086,67824,89082,0,0,6392,2116,13525472,0,-1,492,449,0,
core_C22,5704,118263,0,0,5855,1932,11311860,0,-1,80,194,0,
core_C1566,63040,13872,0,90,1932,6023,11636436,0,162,631,446,1,
core_C789,17452,42115,0,90,1932,5868,11336976,0,-1,-1,137,1,
core_C368,49662,93046,0,180,3794,2484,9424296,0,-1,-1,383,0,
core_C700,13662,8160,1,90,2415,7781,18791115,0,-1,338,416,0,
core_C141,5704,43873,0,90,2024,6120,12386880,0,-1,470,409,0,
core_C1068,24633,70469,1,90,2530,7654,19364620,0,535,46,528,0,
core_C173,35903,102754,1,90,3105,6258,19431090,0,-1,-1,276,0,
core_C138,37344,120621,0,0,4409,2760,12168840,0,-1,-1,43,1,
core_C664,29570,8214,0,270,3496,3591,12554136,0,129,21,428,1,
core_C470,37574,23736,0,180,6224,2024,12597376,0,-1,407,17,0,
core_C1097,17181,27256,1,180,4506,4370,19691220,0,-1,375,299,0,
core_C1134,5129,98210,1,90,4025,6168,24826200,0,620,561,127,0,
core_C1418,32628,62189,1,90,3105,6370,19778850,0,-1,-1,528,1,
core_C222,30708,125166,0,180,6251,2024,12652024,0,-1,-1,499,1,
core_C1041,42082,103488,0,90,2024,6265,12680360,0,223,439,47,0,
core_C1606,60673,120971,0,180,6279,2024,12708696,0,-1,-1,303,1,
core_C66,13248,4508,0,90,2024,6472,13099328,0,152,-1,263,1,
core_C1398,7728,53572,0,90,2024,6515,13186360,0,563,121,156,0,
core_C992,7728,102331,0,180,3727,3588,13372476,0,-1,361,167,0,
core_C505,58696,88914,0,180,2486,2484,6175224,0,-1,-1,61,1,
core_C1294,32844,110317,0,0,5982,2300,13758600,0,-1,-1,496,1,
core_C916,17089,109532,1,0,7333,2875,21082375,0,-1,392,603,0,
core_C176,40917,94870,1,180,4267,4255,18156085,0,-1,612,110,1,
core_C342,65003,0,0,90,2116,5422,11472952,0,271,-1,553,1,
core_C586,61940,84065,1,90,2530,7638,19324140,0,109,-1,265,1,
core_C271,15272,62733,0,90,2024,6128,12403072,0,-1,-1,16,1,
core_C327,67824,84666,0,0,5856,2208,12930048,0,-1,449,465,1,
core_C1293,52003,89565,1,0,7145,2760,19720200,0,-1,600,415,0,
core_C1081,45946,78837,0,90,2024,6239,12627736,0,331,266,223,1,
core_C1361,7728,45434,0,90,2852,4550,12976600,0,-1,156,516,0,
core_C840,25558,41216,0,90,2208,5895,13016160,0,-1,182,597,0,
core_C1374,33526,76252,0,0,6282,2024,12714768,0,473,174,175,0,
core_C953,33335,93563,0,90,2484,5263,13073292,0,203,48,451,1,
core_C849,71044,18267,0,90,2024,6336,12824064,0,323,-1,370,1,
core_C1532,11224,11383,0,90,2024,6350,12852400,0,245,-1,11,1,
core_C1328,49197,27218,1,90,2530,7949,20110970,0,226,-1,611,1,
core_C1319,59295,84065,1,90,2645,8056,21308120,0,253,-1,369,0,
core_C1527,45946,86606,0,180,3716,3588,13333008,0,320,-1,257,0,
core_C838,57888,102162,0,0,3748,3588,13447824,0,-1,532,554,0,
core_C317,43960,23403,0,90,2300,5853,13461900,0,362,-1,646,0,
core_C778,35090,28768,0,90,2116,6390,13521240,0,-1,-1,332,0,
core_C329,17273,95855,1,0,6570,3220,21155400,0,-1,144,562,0,
core_C76,67119,0,0,180,6074,2392,14529008,0,-1,-1,252,1,
core_C1463,69621,40544,1,0,6022,3795,22853490,0,-1,39,123,1,
core_C520,67091,86421,1,90,2070,6630,13724100,0,-1,73,65,0,
core_C214,72726,112475,1,90,2760,7011,19350360,0,-1,-1,511,1,
core_C1052,5129,109111,1,180,4448,4370,19437760,0,-1,59,561,0,
core_C1524,35903,94985,1,90,2530,7769,19655570,0,-1,235,598,0,
core_C1004,66812,106327,0,90,2024,6213,12575112,0,-1,-1,33,1,
core_C5,44620,25910,1,90,2530,7982,20194460,0,-1,213,539,0,
core_C442,64958,19475,1,180,7983,2530,20196990,0,-1,-1,374,1,
core_C250,67824,95522,0,180,5858,2208,12934464,0,-1,367,400,0,
core_C1246,54042,3741,0,0,4429,2852,12631508,0,505,14,104,1,
core_C885,0,83780,0,0,5091,2484,12646044,0,-1,30,587,0,
core_C1694,69388,33925,0,0,3625,3588,13006500,0,-1,72,41,0,
core_C921,40917,121169,1,0,7288,2760,20114880,0,-1,170,346,0,
core_C1656,50173,23403,0,90,2024,6441,13036584,0,-1,-1,286,1,
core_C12,43890,29256,0,180,6283,2024,12716792,0,285,391,342,1,
core_C164,49105,8855,1,0,4548,4485,20397780,0,-1,298,604,1,
core_C205,9752,89987,0,0,5956,2208,13150848,0,-1,316,16,0,
core_C290,22103,38300,1,90,2530,7934,20073020,0,-1,38,184,0,
core_C132,67824,81078,0,0,3681,3588,13207428,0,640,-1,353,1,
core_C715,54042,112154,0,180,6430,2116,13605880,0,-1,344,430,0,
core_C1296,69621,51271,1,270,4600,4643,21357800,0,-1,-1,651,1,
core_C1649,59547,118432,1,0,8240,2530,20847200,0,-1,-1,593,0,
core_C1517,40917,99217,1,0,4668,4485,20935980,0,-1,103,612,0,
core_C1082,74026,100214,0,90,1748,5737,10028276,0,-1,-1,382,1,
core_C730,52662,0,0,90,3588,3741,13422708,0,453,-1,393,1,
core_C275,5704,113663,0,0,5836,2300,13422800,0,-1,194,349,0,
core_C1559,49105,13340,1,0,8294,2530,20983820,0,-1,647,287,0,
core_C567,17181,22771,1,0,4693,4485,21048105,0,-1,239,398,0,
core_C557,52003,73370,1,0,6536,3220,21045920,0,-1,558,599,1,
core_C1383,52095,98864,1,270,4715,4743,22363245,0,141,495,219,0,
core_C515,33258,119606,1,90,2645,6868,18165860,0,150,425,308,1,
core_C397,53723,119970,0,0,6950,2300,15985000,0,244,-1,95,1,
core_C604,22103,20792,1,180,4379,4255,18632645,0,-1,480,198,0,
core_C736,33526,61541,0,270,3404,3586,12206744,0,-1,350,413,0,
core_C1498,69388,64193,0,90,2484,5059,12566556,0,-1,-1,18,0,
core_C816,30636,55162,0,90,2024,6399,12951576,0,-1,461,634,0,
core_C873,29693,121811,1,90,3565,5678,20242070,0,302,-1,530,0,
core_C609,49994,73341,0,90,2024,6420,12994080,0,104,-1,331,1,
core_C1423,17273,90335,1,180,7178,2760,19811280,0,-1,562,354,0,
core_C782,25116,98632,0,0,6435,2024,13024440,0,434,-1,26,0,
core_C21,29570,35541,0,180,6443,2024,13040632,0,-1,105,21,0,
core_C507,59800,95226,1,180,5599,3680,20604320,0,-1,-1,68,0,
core_C1157,35090,16042,0,90,2024,6353,12858472,0,-1,332,89,0,
core_C1096,0,118431,1,180,4614,4485,20693790,0,-1,377,153,0,
core_C724,9752,92195,0,90,2024,6548,13253152,0,215,-1,288,0,
core_C352,21252,106728,0,0,5336,2484,13254624,0,113,339,7,1,
core_C1136,17273,78931,1,90,3680,5654,20806720,0,521,211,57,0,
core_C491,29080,100656,0,90,2024,6591,13340184,0,-1,-1,77,1,
core_C1377,49662,86606,0,180,3722,3588,13354536,0,-1,383,266,1,
core_C435,53217,122270,0,0,6102,2300,14034600,0,-1,-1,641,1,
core_C1291,73529,64193,0,90,2208,6700,14793600,0,-1,-1,640,1,
core_C1012,73068,18267,0,90,1472,4422,6509184,0,-1,-1,262,1,
core_C918,62887,6072,0,90,1840,5602,10307680,0,582,-1,355,1,
core_C1705,69848,111726,0,90,1840,6010,11058400,0,-1,158,462,0,
core_C1102,11490,24075,0,90,1840,6053,11137520,0,13,351,156,1,
core_C792,45079,88430,1,90,3335,5326,17762210,0,-1,-1,193,1,
core_C1153,17273,106887,1,0,7087,2645,18745115,0,608,-1,144,0,
core_C1706,19596,23736,0,90,1932,6222,12020904,0,616,2,23,0,
core_C763,40058,43051,0,90,1932,6230,12036360,0,-1,-1,168,1,
core_C1008,47970,73341,0,90,2024,6126,12399024,0,309,403,257,1,
core_C1000,35090,22395,0,90,2024,6373,12898952,0,-1,269,314,0,
core_C1461,63868,94224,0,90,2208,5841,12896928,0,-1,117,630,0,
core_C1060,14229,56516,0,90,2024,6217,12583208,0,-1,-1,32,1,
core_C1104,23184,103140,0,180,3623,3588,12999324,0,347,-1,5,1,
core_C363,11490,48008,0,180,6430,2024,13014320,0,-1,-1,137,0,
core_C550,17181,40711,1,180,4540,4370,19839800,0,-1,602,58,0,
core_C965,13662,15941,1,90,3105,6566,20387430,0,-1,-1,232,0,
core_C9,21252,109212,0,180,5121,2484,12720564,0,-1,575,317,0,
core_C1003,47970,81638,0,0,5761,2208,12720288,0,-1,357,403,0,
core_C1554,17273,67944,1,0,7244,2760,19993440,0,-1,57,635,0,
core_C746,41866,27784,0,90,2024,6327,12805848,0,286,-1,524,1,
core_C870,51650,101422,0,90,2024,6494,13143856,0,-1,56,508,0,
core_C626,54042,114270,0,0,6493,2024,13141832,0,-1,-1,291,0,
core_C1541,49105,35167,1,90,2530,7920,20037600,0,-1,638,611,0,
core_C1631,40917,118639,1,0,7919,2530,20035070,0,-1,284,390,0,
core_C1362,26807,107247,0,90,3588,3667,13157196,0,-1,-1,335,1,
core_C88,24356,3197,1,0,5594,3680,20585920,0,-1,-1,42,0,
core_C786,5704,111455,0,0,5812,2208,12832896,0,-1,297,470,0,
core_C1168,33526,65127,0,180,3675,3588,13185900,0,-1,411,305,0,
core_C186,11490,40091,0,180,6523,2024,13202552,0,-1,572,326,0,
core_C38,29693,110144,1,0,5756,3680,21182080,0,-1,530,404,1,
core_C508,65800,81078,0,90,2024,6536,13228864,0,290,465,482,0,
core_C950,17273,87460,1,0,7310,2875,21016250,0,-1,310,211,0,
core_C1166,60771,13134,0,90,2116,6395,13531820,0,324,-1,50,1,
core_C404,43094,12699,0,90,1932,4903,9472596,0,645,221,216,0,
core_C539,47970,83846,0,180,5532,2760,15268320,0,-1,-1,340,0,
core_C1397,11776,102094,0,180,3232,3220,10407040,0,-1,25,205,0,
core_C1513,33526,44193,0,90,2392,4861,11627512,0,-1,379,78,0,
core_C633,43738,64916,0,180,4964,2392,11873888,0,540,-1,581,1,
core_C1604,7728,105919,0,90,2208,5536,12223488,0,-1,-1,247,0,
core_C1426,46260,23403,0,90,2208,5561,12278688,0,-1,-1,268,1,
core_C1338,12029,106835,1,90,2530,7722,19536660,0,455,-1,566,1,
core_C263,69848,100214,0,90,2208,5526,12201408,0,-1,462,136,0,
core_C1324,67091,27615,1,90,2530,7970,20164100,0,-1,560,559,1,
core_C1572,42082,71845,0,90,2024,6375,12903000,0,197,544,115,0,
core_C167,67824,97730,0,90,2024,6389,12931336,0,136,-1,280,0,
core_C693,61776,0,1,90,2530,8005,20252650,0,650,-1,436,1,
core_C1521,59295,81305,1,0,7347,2760,20277720,0,-1,265,173,0,
core_C503,69020,18267,0,90,2024,6259,12668216,0,262,-1,79,1,
core_C1626,68951,7751,1,90,2530,8060,20391800,0,-1,-1,74,1,
core_C861,25632,37720,0,180,3648,3496,12753408,0,-1,-1,576,0,
core_C354,27388,6877,1,0,8121,2530,20546130,0,-1,52,584,1,
core_C975,60358,19475,1,270,4600,4606,21187600,0,279,36,486,1,
core_C1536,17181,31626,1,180,4606,4485,20657910,0,-1,58,239,0,
core_C1702,27388,11937,1,0,8210,2530,20771300,0,-1,-1,52,0,
core_C622,0,122916,1,0,4656,4485,20882160,0,-1,-1,315,0,
core_C1225,58535,98906,1,0,5826,3680,21439680,0,208,-1,141,1,
core_C1515,33526,49054,0,90,1932,5974,11541768,0,-1,413,359,0,
core_C1412,17296,110579,0,90,1932,6175,11930100,0,-1,132,537,0,
core_C115,25116,13962,0,180,4336,2852,12366272,0,-1,-1,384,0,
core_C1062,72002,105740,0,90,2024,6130,12407120,0,295,-1,607,1,
core_C166,49662,90194,0,180,4366,2852,12451832,0,605,231,320,0,
core_C341,25116,10353,0,270,3588,3609,12949092,0,-1,381,432,0,
core_C1077,59295,69460,1,0,7332,2760,20236320,0,-1,112,494,1,
core_C196,63868,104119,0,0,5865,2208,12949920,0,-1,33,117,0,
core_C1115,13263,10980,0,180,3613,3496,12631048,0,209,-1,454,1,
core_C643,92,36593,1,90,2530,7811,19761830,0,-1,225,214,0,
core_C1538,56695,92325,1,90,3105,6539,20303595,0,68,-1,219,1,
core_C821,40917,109305,1,90,2530,8026,20305780,0,102,346,103,0,
core_C852,43890,31280,0,0,6303,2024,12757272,0,-1,-1,286,0,
core_C545,17089,112407,1,0,6590,3105,20461950,0,-1,35,250,0,
core_C438,50638,8560,0,90,2024,6469,13093256,0,296,-1,163,1,
core_C832,13708,92195,0,90,2024,6311,12773464,0,101,-1,215,1,
core_C1480,44528,3450,1,90,2530,7888,19956640,0,-1,118,28,1,
core_C1477,67364,28191,0,0,6477,2024,13109448,0,-1,-1,6,1,
core_C109,63040,22382,0,0,3665,3588,13150020,0,-1,-1,631,0,
core_C941,17181,18286,1,0,4592,4485,20595120,0,-1,299,82,0,
core_C962,92,89488,1,0,4677,4600,21514200,0,-1,441,206,0,
core_C630,67824,93222,0,0,5868,2300,13496400,0,-1,280,492,0,
core_C1529,59639,102586,1,180,4702,4600,21629200,0,-1,626,593,1,
core_C801,65800,73442,0,180,5407,2576,13928432,0,639,527,630,1,
core_C881,47970,79890,0,0,5794,1748,10127912,0,-1,340,331,0,
core_C807,27163,110144,1,90,2530,7691,19458230,0,352,-1,20,0,
core_C1601,45977,93756,1,90,2760,7074,19524240,0,218,85,102,1,
core_C552,92,104070,1,90,2530,7734,19567020,0,546,-1,120,0,
core_C1238,37574,25760,0,0,6386,2024,12925264,0,646,525,238,0,
core_C1120,71780,111870,0,180,3618,3496,12648528,0,-1,-1,601,0,
core_C612,5704,37603,0,90,2024,6270,12690480,0,-1,233,536,0,
core_C382,73688,70893,0,90,2024,6471,13097304,0,-1,-1,449,1,
core_C269,33526,68715,0,180,3662,3496,12802352,0,-1,491,350,0,
core_C1534,38114,104705,0,0,3666,3588,13153608,0,-1,-1,484,1,
core_C143,33526,55028,0,90,2024,6513,13182312,0,71,305,379,0,
core_C1202,69709,22005,1,90,3105,6642,20623410,0,-1,134,632,1,
core_C790,52003,84962,1,90,4485,4603,20644455,0,-1,256,542,0,
core_C1422,13662,0,1,90,2530,8160,20644800,0,-1,232,10,1,
core_C911,7728,61927,0,0,5750,2300,13225000,0,-1,32,121,0,
core_C1318,5037,46000,1,180,8066,2645,21334570,0,-1,24,217,0,
core_C1098,67091,48626,1,0,7941,2645,21003945,0,-1,651,123,0,
core_C1597,29440,4456,0,270,3588,3758,13483704,0,-1,-1,569,1,
core_C610,49105,65268,1,90,2645,7992,21138840,0,-1,-1,506,0,
core_C104,38410,80615,1,0,5713,3795,21680835,0,476,458,518,1,
core_C1460,60444,39462,1,270,2645,8420,22270900,0,-1,556,637,0,
core_C624,60444,60566,1,90,3220,6890,22185800,0,-1,-1,188,0,
core_C379,33258,126474,1,180,5577,1840,10261680,0,-1,-1,302,0,
core_C1522,60150,8005,1,90,3220,5131,16521820,0,74,-1,200,1,
core_C478,17273,45081,1,180,4184,4025,16840600,0,-1,538,602,1,
core_C1341,27638,16814,0,90,1932,5842,11286744,0,237,94,493,1,
core_C6,25632,28514,0,270,2116,5445,11521620,0,-1,576,617,0,
core_C377,54042,107718,0,90,2760,4355,12019800,0,-1,291,526,0,
core_C1339,33066,6246,0,270,3496,3547,12400312,0,-1,-1,129,0,
core_C489,25116,0,0,90,2024,6147,12441528,0,83,384,23,1,
core_C1487,30636,92477,0,90,2024,6155,12457720,0,-1,-1,26,1,
core_C920,31551,112617,0,180,3627,3496,12679992,0,-1,63,311,1,
core_C189,17181,11386,1,0,8038,2530,20336140,0,-1,82,463,0,
core_C956,55198,3105,1,180,6578,3105,20424690,0,368,-1,440,1,
core_C1164,44106,75341,0,180,3655,3496,12777880,0,-1,-1,488,1,
core_C42,28082,16997,1,90,2530,8162,20649860,0,98,-1,198,1,
core_C1402,42082,116506,0,0,5291,2576,13629616,0,95,444,243,0,
core_C1378,48737,3105,1,180,6461,3220,20804420,0,436,606,218,0,
core_C488,92,94088,1,180,4649,4485,20850765,0,-1,120,399,0,
core_C703,40058,34221,0,0,5801,2300,13342300,0,-1,76,159,1,
core_C399,7728,72522,0,90,2024,6615,13388760,0,-1,529,570,0,
core_C656,42082,119082,0,0,5820,2300,13386000,0,641,191,439,0,
core_C854,25252,122866,0,0,5859,2300,13475700,0,43,499,503,0,
core_C768,60924,19529,0,90,2116,6387,13514892,0,229,-1,192,1,
core_C125,9614,101085,1,0,7354,2875,21142750,0,580,189,502,0,
core_C281,51546,118151,1,0,6721,3335,22414535,0,-1,-1,114,1,
core_C696,67824,86874,0,0,5864,2208,12947712,0,410,227,255,0,
core_C1483,56140,98574,0,90,1748,5740,10033520,0,554,-1,116,0,
core_C865,29570,47628,0,180,3765,2484,9352260,0,261,-1,517,0,
core_C556,37574,34221,0,90,2024,6396,12945504,0,-1,159,524,0,
core_C1408,56250,0,0,0,5183,2484,12874572,0,-1,-1,296,1,
core_C632,11239,17733,0,90,2024,6342,12836208,0,387,-1,551,1,
core_C1542,14559,106835,1,90,2530,7765,19645450,0,603,547,363,1,
core_C836,61844,115451,0,0,4485,2944,13203840,0,-1,106,590,0,
core_C872,64727,11664,0,0,5821,2208,12852768,0,-1,-1,135,0,
core_C361,38410,84410,1,0,5595,3680,20589600,0,-1,220,422,0,
core_C570,48737,88951,1,90,2530,7851,19863030,0,-1,557,149,0,
core_C233,45118,0,0,90,2024,6260,12670240,0,-1,-1,66,1,
core_C675,30636,61561,0,90,2116,6355,13447180,0,-1,490,307,0,
core_C456,69848,105740,0,90,1932,5986,11564952,0,-1,325,364,0,
core_C1703,17181,7184,1,180,5837,3795,22151415,0,584,435,603,1,
core_C1216,33526,80576,0,0,4563,3036,13853268,0,497,147,174,0,
core_C702,65800,87614,0,90,2024,6610,13378640,0,255,-1,353,0,
core_C1320,0,78352,0,0,5188,2576,13364288,0,-1,587,15,0,
core_C392,51186,64916,0,90,2300,5941,13664300,0,-1,-1,540,1,
core_C298,42082,67981,0,180,6344,2024,12840256,0,-1,115,581,0,
core_C1428,51819,25530,1,0,7930,2530,20062900,0,-1,9,108,0,
core_C463,5704,49993,0,90,2024,6497,13149928,0,551,349,233,0,
core_C240,92,60696,1,180,4566,4485,20478510,0,-1,171,88,0,
core_C524,67034,112540,0,90,2484,5119,12715596,0,-1,-1,106,1,
core_C396,39808,74504,0,90,2024,6440,13034560,0,-1,-1,260,1,
core_C62,24633,65064,1,0,7379,2760,20366040,0,-1,528,222,0,
core_C434,49013,6325,1,0,8032,2530,20320960,0,200,604,618,1,
core_C1591,44123,77510,1,90,3105,6370,19778850,0,-1,44,422,1,
core_C564,71691,97569,1,90,2530,8006,20255180,0,-1,-1,107,1,
core_C311,21602,23736,0,90,2024,6406,12965744,0,100,-1,616,1,
core_C391,47602,35328,0,90,2208,5852,12921216,0,164,3,627,0,
core_C1537,22103,25047,1,90,2530,7962,20143860,0,-1,184,304,0,
core_C1128,37574,59508,0,0,4390,2852,12520280,0,489,138,509,0,
core_C1314,65800,78594,0,180,4984,2484,12380256,0,-1,353,527,0,
core_C1586,33526,91723,0,180,5757,1840,10592880,0,-1,-1,625,0,
core_C1608,33335,105215,0,180,4779,3036,14509044,0,412,-1,48,0,
core_C194,45977,112124,1,90,3220,6515,20978300,0,-1,-1,114,0,
core_C67,55751,15870,1,0,4607,4485,20662395,0,374,-1,647,1,
core_C1510,62054,107186,1,90,2530,8141,20596730,0,622,133,626,1,
core_C814,42082,90919,0,90,2024,6506,13168144,0,437,47,148,0,
core_C874,41964,125706,0,180,4473,2944,13168512,0,-1,-1,481,1,
core_C735,30636,67916,0,90,2024,6319,12789656,0,-1,496,461,0,
core_C898,33526,72480,0,180,6304,2024,12759296,0,-1,175,411,0,
core_C1355,67824,91198,0,0,6399,2024,12951576,0,-1,400,227,0,
core_C1073,25706,16814,0,90,1932,6325,12219900,0,428,-1,617,1,
core_C1675,52003,79442,1,0,7292,2760,20125920,0,385,542,615,0,
core_C1567,52095,104462,1,180,7089,2760,19565640,0,-1,596,301,0,
core_C687,30636,74235,0,90,2208,5633,12437664,0,249,126,490,0,
core_C754,38089,80944,0,270,3404,3482,11852728,0,-1,-1,464,1,
core_C805,19688,54414,1,90,2415,7616,18392640,0,628,-1,145,1,
core_C1474,25252,125166,0,180,5456,2024,11042944,0,242,-1,445,0,
core_C722,49105,51300,1,90,1840,6112,11246080,0,-1,506,638,0,
core_C107,42082,123406,0,0,5852,2300,13459600,0,-1,-1,191,0,
core_C40,9614,98210,1,0,7313,2875,21024875,0,-1,447,59,1,
core_C859,25252,117165,0,90,2944,4562,13430528,0,122,445,99,1,
core_C670,61844,55900,0,90,2024,6550,13257200,0,27,590,146,0,
core_C1479,58471,2484,0,270,2944,4465,13144960,0,553,-1,281,1,
core_C447,49105,57412,1,90,2530,7856,19875680,0,-1,421,500,0,
core_C1636,0,112484,0,90,1932,5840,11282880,0,155,-1,573,0,
core_C839,51650,95530,0,90,1840,5892,10841280,0,-1,343,567,1,
core_C1344,37574,55736,0,0,3780,3772,14258160,0,-1,481,168,0,
core_C1575,51819,67620,1,180,7347,2875,21122625,0,523,595,624,0,
core_C1156,69506,112475,1,90,3220,6518,20987960,0,274,-1,55,0,
core_C835,28612,110914,0,90,2852,4511,12865372,0,81,-1,113,1,
core_C1663,44620,42117,1,270,2760,7267,20056920,0,-1,-1,213,0,
core_C1671,35550,37565,0,90,2024,6496,13147904,0,17,-1,78,1,
core_C595,92,51705,1,180,4544,4485,20379840,0,-1,88,225,0,
core_C1615,7728,41007,0,270,2852,4427,12625804,0,-1,258,551,0,
core_C221,29570,44016,0,270,3496,3612,12627552,0,-1,451,105,0,
core_C800,35995,80615,1,90,2415,7901,19080915,0,422,-1,648,0,
core_C54,48737,73260,1,90,2415,7865,18993975,0,-1,149,606,0,
core_C798,30636,86197,0,90,1932,6280,12132960,0,-1,-1,126,0,
core_C314,20953,76115,1,90,2415,7804,18846660,0,-1,-1,318,1,
core_C1616,37574,45593,0,90,2484,4971,12347964,0,-1,168,159,0,
core_C986,59166,67620,1,180,5532,1840,10178880,0,-1,-1,510,1,
core_C1325,37574,31461,0,0,4292,2760,11845920,0,342,452,525,0,
core_C851,37574,27784,0,90,1748,3677,6427396,0,-1,524,407,0,
core_C452,54042,104314,0,270,3312,3404,11274048,0,-1,430,613,0,
core_C1395,65800,76018,0,0,5413,2576,13943888,0,-1,482,402,0,
core_C659,24633,67824,1,0,7995,2645,21146775,0,241,234,474,0,
core_C1336,7728,79137,0,90,2024,6604,13366496,0,-1,649,443,0,
core_C31,29693,113824,1,90,2530,7987,20207110,0,34,308,352,0,
core_C521,39515,89963,0,90,2208,5676,12532608,0,-1,-1,633,1,
core_C86,57888,105750,0,90,1932,6342,12252744,0,586,-1,267,0,
core_C751,71024,13324,0,90,2392,4943,11823656,0,-1,-1,204,0,
core_C1063,69506,105575,1,180,5245,3335,17492075,0,-1,55,107,0,
core_C150,27163,70469,1,0,8384,2645,22175680,0,-1,20,234,1,
core_C823,5704,35119,0,0,5278,2484,13110552,0,-1,409,11,0,
core_C741,17296,104800,0,90,2208,5779,12760032,0,99,380,25,1,
core_C1241,17273,49106,1,270,3335,5308,17702180,0,-1,145,427,0,
core_C634,44620,18479,1,90,2300,7431,17091300,0,-1,278,31,1,
core_C389,48702,64916,0,90,2484,5020,12469680,0,467,187,360,1,
core_C39,15732,74913,0,90,1932,6151,11883732,0,-1,7,101,0,
core_C776,52003,82202,1,0,7248,2760,20004480,0,-1,415,494,0,
core_C1038,43173,0,1,180,5187,3450,17895150,0,-1,-1,86,1,
core_C1360,42082,78220,0,90,2024,6462,13079088,0,-1,148,366,0,
core_C1346,70311,74818,1,90,3565,5393,19226045,0,-1,-1,161,0,
core_C423,2622,104070,1,90,2415,7914,19112310,0,177,-1,406,1,
core_C280,14559,119077,1,0,7920,2530,20037600,0,-1,-1,455,0,
core_C1669,5037,89355,1,0,6587,3105,20452635,0,-1,619,125,0,
core_C1330,12421,85675,1,0,4505,4485,20204925,0,-1,199,127,1,
core_C63,50452,15029,0,90,2116,6434,13614344,0,-1,-1,646,1,
core_C1342,7728,37603,0,180,3511,3404,11951444,0,454,516,470,1,
core_C1236,5520,0,0,90,3404,3431,11679124,0,90,-1,29,1,
core_C641,61415,2484,0,0,3588,3588,12873744,0,252,-1,505,1,
core_C523,57888,98574,0,180,3766,3588,13512408,0,-1,267,450,1,
core_C871,17273,62309,1,0,7270,2875,20901250,0,-1,635,145,0,
core_C1410,60444,47882,1,90,2645,8071,21347795,0,-1,188,423,0,
core_C1207,48737,96802,1,90,2530,8192,20725760,0,-1,-1,459,0,
core_C1259,52003,76590,1,0,7060,2760,19485600,0,-1,615,300,0,
core_C353,64676,107139,1,90,2415,7777,18781455,0,365,-1,622,1,
core_C909,67091,36864,1,0,5663,3680,20839840,0,-1,123,365,0,
core_C1690,5129,104378,1,90,3105,4733,14695965,0,-1,275,240,0,
core_C1337,17273,93095,1,180,7172,2760,19794720,0,-1,270,310,0,
core_C1617,9752,53572,0,180,4484,2944,13200896,0,139,-1,246,1,
core_C204,92,13019,1,90,2530,7768,19653040,0,-1,169,154,0,
core_C312,59562,6949,0,90,2024,6185,12518440,0,-1,-1,14,1,
core_C136,9614,106835,1,90,2415,7923,19134045,0,363,186,189,0,
core_C1535,49626,95530,0,90,2024,6075,12295800,0,508,87,22,1,
core_C219,51911,70495,1,0,7374,2875,21200250,0,-1,599,595,1,
core_C390,27140,4456,0,270,2300,5897,13563100,0,420,-1,83,0,
core_C1465,7728,66251,0,270,2024,6271,12692504,0,-1,443,32,0,
core_C1262,5129,92460,1,0,7237,2875,20806375,0,-1,127,619,1,
core_C1121,11490,42115,0,90,3680,3685,13560800,0,-1,137,351,0,
core_C549,0,110000,0,180,5165,2484,12829860,0,-1,507,30,0,
core_C697,56140,59481,0,90,2208,5697,12578976,0,192,19,50,0,
core_C1674,21252,111696,0,180,5162,2484,12822408,0,-1,130,339,0,
core_C713,25632,33959,0,90,3588,3761,13494468,0,-1,372,429,0,
core_C409,0,52132,0,180,5090,2484,12643560,0,-1,15,12,0,
core_C437,3864,116072,0,90,1840,5994,11028960,0,11,-1,49,1,
core_C24,92,77332,1,90,3565,5542,19757230,0,-1,206,176,0,
core_C766,16968,0,1,270,2760,7184,19827840,0,70,-1,447,1,
core_C1,42082,62741,0,90,1656,5240,8677440,0,360,468,591,0,
core_C635,64727,6072,0,90,3496,3568,12473728,0,165,135,324,1,
core_C771,67091,75538,1,90,2530,8233,20829490,0,62,65,96,0,
core_C1179,23018,6877,1,270,4370,4509,19704330,0,373,-1,463,1,
core_C1632,67091,63714,1,0,8163,2530,20652390,0,-1,636,160,0,
core_C1657,59820,105750,0,90,2024,6404,12961696,0,6,-1,532,1,
core_C112,0,80928,0,0,4400,2852,12548800,0,-1,282,466,0,
core_C127,57247,107222,1,90,2300,7334,16868200,0,593,-1,643,1,
core_C793,9614,122891,1,180,6768,2645,17901360,0,-1,-1,186,0,
core_C1507,61844,110937,0,90,2852,4514,12873928,0,-1,456,504,0,
core_C71,42082,60257,0,180,5310,2484,13190040,0,-1,581,1,0,
core_C1359,54116,30685,0,180,6586,2024,13330064,0,-1,0,613,1,
core_C1036,59547,102586,1,0,92,115,10580,0,401,293,588,1,
core_C1240,48829,6325,1,0,92,115,10580,0,618,-1,606,1,
core_C1628,51819,70495,1,0,92,115,10580,0,568,-1,510,0,
core_C1061,52095,107222,1,0,92,115,10580,0,180,-1,495,0,
core_C473,25558,16814,0,0,74,92,6808,0,617,259,100,1,
core_C1110,35903,40480,1,0,92,115,10580,0,31,276,28,0,
core_C1147,51911,73370,1,0,92,115,10580,0,300,-1,568,0,
core_C1200,52003,92325,1,0,92,115,10580,0,219,128,256,0,
core_C1501,71780,105740,0,0,74,92,6808,0,623,408,158,1,
core_C1650,17181,45081,1,0,92,115,10580,0,427,-1,337,0,
core_C994,17089,7184,1,180,92,115,10580,0,463,250,455,1,
core_C982,49013,8855,1,0,92,115,10580,0,287,-1,475,0,
core_C946,54028,116294,0,90,92,74,6808,0,-1,-1,383,1,
core_C652,48737,6325,1,0,92,115,10580,0,594,519,440,0,
core_C674,71928,105740,0,0,74,92,6808,0,382,-1,623,1,
core_C26,24360,106887,1,90,115,92,10580,0,-1,-1,328,1,
core_C743,38410,94870,1,180,92,115,10580,0,110,-1,193,0,
core_C843,24356,0,1,90,115,92,10580,0,-1,42,70,1,
core_C819,49105,27218,1,180,92,115,10580,0,264,345,224,0,
core_C806,40917,99125,1,90,115,92,10580,0,-1,294,251,0,
core_C1494,54042,30685,0,0,74,92,6808,0,592,526,14,0,
core_C1434,0,2185,1,0,92,115,10580,0,119,153,67,0,
core_C1416,52003,79350,1,90,115,92,10580,0,-1,494,558,0,
core_C169,21528,23736,0,0,74,92,6808,0,478,-1,329,1,
core_C267,25632,16814,0,0,74,92,6808,0,493,429,597,1,
core_C93,48921,6325,1,0,92,115,10580,0,475,-1,594,1,
core_C297,5037,92460,1,0,92,115,10580,0,571,207,548,0,
core_C1281,9154,98210,1,90,115,92,10580,0,-1,-1,240,1,
core_C1277,51727,23000,1,0,92,115,10580,0,108,-1,226,0,
core_C140,64584,107139,1,0,92,115,10580,0,559,-1,487,1,
core_C1253,71854,105740,0,0,74,92,6808,0,607,-1,601,1,
core_C1316,51819,65090,1,0,8235,2530,20834550,0,-1,510,9,0,
core_C878,33526,87200,0,90,2852,4523,12899596,0,-1,483,147,0,
core_C1014,59639,107186,1,90,2415,7914,19112310,0,487,-1,401,0,
core_C307,47602,33304,0,0,6318,2024,12787632,0,-1,479,1,1,
core_C241,22103,14467,1,0,8174,2530,20680220,0,-1,198,498,1,
core_C1545,53858,116368,0,90,3496,3602,12592592,0,-1,-1,56,1,
core_C381,63868,73442,0,90,1932,6312,12194784,0,402,333,27,0,
core_C87,63040,20082,0,180,5760,2300,13248000,0,92,397,229,0,
core_C50,66144,22005,1,90,3565,5610,19999650,0,414,-1,196,1,
core_C385,35819,98817,0,0,3696,3588,13261248,0,531,644,203,0,
core_C249,30636,50112,0,90,2484,5050,12544200,0,75,307,8,1,
core_C97,17273,65184,1,0,7231,2760,19957560,0,-1,341,555,0,
core_C619,67091,66244,1,0,7221,2760,19929960,0,-1,96,585,0,
core_C747,60444,31326,1,90,2530,8136,20584080,0,-1,423,196,0,
core_C223,49105,43087,1,90,2530,8213,20778890,0,-1,500,345,0,
core_C1440,71207,69252,0,90,2024,6172,12492128,0,-1,-1,402,1,
core_C1305,71505,75424,0,90,2024,6572,13301728,0,322,-1,290,1,
core_C783,47902,118622,0,0,5315,2484,13202460,0,321,-1,444,1,
core_C407,37574,69628,0,180,4389,2852,12517428,0,-1,-1,53,0,
core_C846,54717,107222,1,90,2530,8054,20376620,0,588,-1,180,1,
core_C926,35819,102405,0,0,5777,2300,13287100,0,-1,-1,633,0,
core_C1593,45026,12699,0,90,3588,3624,13002912,0,163,183,356,1,
core_C575,43960,21287,0,0,6492,2116,13737072,0,550,268,407,1,
core_C588,49105,15870,1,0,6646,3105,20635830,0,486,224,298,0,
core_C848,35995,77510,1,180,6601,3105,20496105,0,-1,518,31,0,
core_C1209,7728,85741,0,90,2024,6576,13309824,0,16,167,529,0,
core_C1245,64306,0,1,90,2530,7993,20222290,0,40,-1,368,1,
core_C1040,67091,51271,1,90,2530,7996,20229880,0,292,160,419,0,
Wirelength: 5.40594e+09
layer(tree) info:
layer: 0 ,width: 75774 ,height: 129050 ,area: 9778634700 ,blocks_area: 7443538208, filling_rate: 0.761204, utilizatio_rate: 0.760145
layer: 1 ,width: 75643 ,height: 128314 ,area: 9706055902 ,blocks_area: 7378822855, filling_rate: 0.760229, utilizatio_rate: 0.753536
random seed: 9
alpha: 0
gamma: 1
best wirelength: 5.40594e+09
initial_num_perturbs: 19560
iter: 0
best_iter: 0
best_cost: 0.15019
reject_time: 0
accept_inferior_time: 0
update_best_time: 1603
adjustLegalOutline_fail_times: 0
outline_adjust_time: 169.729
initial_wirelength: 1.24813e+10
initial_average_wirelength: 8.31033e+10
1.24813e+10,initial_iter: 19560
initial_time: 289.286
total time cost: 601.067
