name,x,y,layer,rotated_angle,width,height,area,exceed_outline_area,left,right,parent,is_from_left,
macro_C2790,9467,8448,1,180,11319,8580,97117020,0,-1,-1,6,1,
macro_C2791,0,0,1,90,8580,11319,97117020,0,2,7,-1,0,
macro_C2792,8580,0,1,180,11616,8448,98131968,0,-1,-1,1,1,
macro_C2793,8679,8679,0,180,11616,8448,98131968,0,-1,-1,5,0,
macro_C2794,0,0,0,90,8679,11352,98524008,0,5,12,-1,0,
macro_C2795,8679,0,0,0,11352,8679,98524008,0,-1,3,4,1,
core_C0,7652,11319,1,90,1815,5542,10058730,0,0,-1,8,1,
core_C1,0,11319,1,180,5804,1881,10917324,0,8,13,1,0,
core_C4,5804,11319,1,270,1848,5660,10459680,0,6,-1,7,1,
core_C7,0,15015,1,0,5743,1881,10802583,0,-1,-1,13,0,
core_C9,5636,11352,0,90,1881,5704,10729224,0,-1,-1,12,1,
core_C11,0,13200,0,0,5500,1782,9801000,0,-1,-1,12,0,
core_C12,0,11352,0,0,5636,1848,10415328,0,10,11,4,0,
core_C13,0,13200,1,180,5637,1815,10231155,0,-1,9,7,0,
Wirelength: 1.58336e+07
layer(tree) info:
layer: 0 ,width: 20295 ,height: 17127 ,area: 347592465 ,blocks_area: 326125536, filling_rate: 0.938241, utilizatio_rate: 0.746283
layer: 1 ,width: 20786 ,height: 17028 ,area: 353944008 ,blocks_area: 344835480, filling_rate: 0.974266, utilizatio_rate: 0.789097
random seed: 5
alpha: 0
gamma: 1
best wirelength: 1.58336e+07
initial_num_perturbs: 420
iter: 0
best_iter: 0
best_cost: 0.523004
reject_time: 0
accept_inferior_time: 0
update_best_time: 0
adjustLegalOutline_fail_times: 0
outline_adjust_time: 0.21
initial_wirelength: 4.70593e+07
initial_average_wirelength: 8.44685e+07
4.41773e+07,initial_iter: 420
initial_time: 0.251
total time cost: 0.828
