name,x,y,layer,rotated_angle,width,height,area,exceed_outline_area,left,right,parent,is_from_left,
macro_C8466,3600,12816,1,180,9072,8160,74027520,0,109,112,51,1,
macro_C8467,1782,17490,0,180,6369,5709,36360621,0,33,67,72,0,
macro_C16429,7933,4290,0,270,7524,5676,42706224,0,66,-1,98,1,
macro_C16430,31696,5412,0,270,7524,5676,42706224,0,-1,15,8,0,
macro_C32011,30138,36993,0,0,8613,4290,36949770,0,-1,-1,26,0,
macro_C32012,20722,34914,0,180,8613,4290,36949770,0,-1,107,103,0,
macro_C39784,24253,27060,0,0,5445,7854,42765030,0,-1,-1,34,1,
macro_C39785,1782,4290,0,0,5445,7854,42765030,0,-1,116,106,0,
macro_C55552,31696,0,0,270,7854,5412,42505848,0,-1,3,32,1,
macro_C55553,0,0,1,90,11232,7728,86800896,0,-1,119,-1,0,
macro_C63404,1782,26814,0,90,7854,5412,42505848,0,117,64,111,0,
macro_C63405,26251,7854,0,0,5412,7854,42505848,0,-1,-1,32,0,
macro_C71293,12672,21192,1,270,11232,7728,86800896,0,108,46,45,0,
macro_C71294,24015,15708,0,180,5412,7854,42505848,0,83,-1,102,1,
macro_C86866,31632,23641,1,90,8160,9072,74027520,0,-1,-1,114,1,
macro_C86867,31696,11088,0,90,7524,5676,42706224,0,-1,-1,3,0,
macro_C86868,13563,9966,0,90,4290,8613,36949770,0,22,-1,33,1,
macro_C86869,1782,35462,0,90,7854,5445,42765030,0,-1,-1,54,0,
macro_C86870,19031,0,0,0,5412,7854,42505848,0,38,30,41,1,
macro_C94576,29085,32713,1,180,9072,8160,74027520,0,-1,-1,85,1,
macro_C94577,34412,16764,0,0,5676,7524,42706224,0,-1,-1,52,1,
macro_C94578,13563,18579,0,90,4290,8613,36949770,0,80,-1,28,1,
macro_C94579,17853,17919,0,0,5445,7854,42765030,0,75,-1,16,1,
macro_C94580,32621,0,1,180,7728,11232,86800896,0,-1,-1,58,1,
macro_C102137,9636,33891,0,180,6369,5709,36360621,0,95,74,117,0,
macro_C102138,0,24624,1,180,8112,10752,87220224,0,-1,76,51,0,
macro_C102139,30138,27786,0,270,4290,8613,36949770,0,27,4,36,1,
macro_C102140,34428,29139,0,0,5445,7854,42765030,0,-1,-1,26,1,
macro_C102141,8151,17820,0,180,5412,7854,42505848,0,21,-1,33,0,
macro_C109812,13200,27522,0,90,5709,6369,36360621,0,115,-1,117,1,
macro_C109813,19031,7854,0,180,5676,7524,42706224,0,94,-1,18,0,
macro_C109814,6128,0,0,180,8613,4290,36949770,0,78,-1,61,1,
macro_C109815,26251,0,0,0,5445,7854,42765030,0,8,11,38,1,
macro_C109816,8151,9966,0,0,5412,7854,42505848,0,16,28,1,1,
core_C0,22504,26078,0,90,1749,3572,6247428,0,6,-1,53,1,
core_C1,15216,35064,1,180,3589,3552,12748128,0,42,120,70,1,
core_C2,27591,23562,0,0,2547,2508,6387876,0,26,-1,101,1,
core_C3,32810,19953,1,90,3648,3688,13453824,0,-1,-1,48,1,
core_C5,24443,0,0,180,1808,3498,6324384,0,32,-1,18,1,
core_C6,23921,2606,1,0,3653,3600,13150800,0,73,91,96,0,
core_C7,5389,23199,0,90,1749,3615,6322635,0,-1,-1,67,1,
core_C8,16523,0,0,0,2508,2508,6290064,0,18,43,78,1,
core_C9,18805,28920,1,0,2611,5088,13284768,0,-1,-1,35,1,
core_C10,16523,2508,0,270,2475,2507,6204825,0,89,-1,41,0,
core_C12,21377,0,1,90,2544,5243,13338192,0,96,84,104,1,
core_C13,12672,17592,1,180,3678,3600,13240800,0,-1,12,87,0,
core_C14,12672,28920,1,180,5271,2544,13409424,0,-1,71,12,0,
core_C15,13255,39600,0,0,3579,1749,6259671,0,-1,-1,74,1,
core_C16,29144,19953,1,180,3666,3648,13373568,0,37,-1,105,1,
core_C17,16005,35673,0,90,3498,1796,6282408,0,-1,50,95,0,
core_C19,16005,37469,0,0,3615,1749,6322635,0,-1,-1,49,0,
core_C20,0,12878,1,90,3600,3679,13244400,0,0,25,119,0,
core_C23,32628,16764,0,180,1784,3564,6358176,0,20,-1,92,1,
core_C24,20722,27522,0,90,1782,3633,6474006,0,34,103,115,1,
core_C25,1782,33975,0,90,4356,1487,6477372,0,-1,17,64,0,
core_C26,3568,13926,0,90,1749,3537,6186213,0,-1,-1,72,1,
core_C27,27521,14784,1,0,3660,3648,13351680,0,122,-1,121,1,
core_C28,15168,0,1,0,2609,5184,13525056,0,104,60,109,1,
core_C29,29009,0,1,0,3612,3600,13003200,0,23,88,96,1,
core_C31,23921,24672,1,0,5095,2544,12961680,0,-1,105,113,0,
core_C32,15168,5184,1,0,2117,6192,13108464,0,-1,-1,57,0,
core_C33,4297,0,0,0,1831,3564,6525684,0,31,-1,106,1,
core_C35,31176,24288,0,180,3612,1749,6317388,0,93,79,92,0,
core_C37,36565,25641,0,0,3578,1749,6257922,0,-1,82,99,1,
core_C38,1782,32226,0,0,3627,1749,6343623,0,-1,54,10,0,
core_C39,7648,7728,1,180,2616,5088,13310208,0,-1,-1,81,1,
core_C41,15457,5015,0,0,2517,2508,6312636,0,-1,-1,2,1,
core_C42,1782,23199,0,180,3607,1782,6427674,0,40,111,1,0,
core_C43,33792,11232,1,180,5235,2544,13317840,0,-1,-1,86,1,
core_C46,23921,12240,1,0,5256,2544,13371264,0,-1,121,91,0,
core_C47,12672,35064,1,90,2544,5129,13048176,0,35,-1,71,0,
core_C48,12672,31464,1,0,3619,3600,13028400,0,-1,70,46,0,
core_C49,1782,13926,0,0,1786,3564,6365304,0,55,1,116,0,
core_C50,27574,8688,1,0,3623,3552,12868896,0,86,-1,39,1,
core_C51,9636,39600,0,0,3619,1749,6329631,0,47,-1,24,0,
core_C53,23298,23562,0,270,2508,2516,6310128,0,101,-1,22,1,
core_C54,0,35376,1,0,5243,2544,13338192,0,-1,118,25,0,
core_C56,12672,11376,1,180,3677,3648,13413696,0,-1,87,109,0,
core_C57,14741,0,0,90,1782,3578,6375996,0,41,-1,31,1,
core_C58,31176,26037,0,0,3618,1749,6327882,0,99,-1,62,0,
core_C60,17853,25773,0,0,3584,1749,6268416,0,-1,-1,21,1,
core_C61,2496,7728,1,180,5152,2544,13106688,0,65,-1,119,1,
core_C65,36565,27390,0,180,3589,1749,6277161,0,-1,-1,63,0,
core_C67,29427,15708,0,90,1749,3582,6264918,0,92,-1,13,1,
core_C69,21377,5243,1,90,2544,5176,13167744,0,-1,-1,44,0,
core_C70,23904,34872,1,0,5181,2544,13180464,0,19,-1,108,0,
core_C71,31197,11232,1,180,2595,5088,13203360,0,68,-1,73,1,
core_C74,12672,15024,1,90,5088,2568,13065984,0,-1,45,77,0,
core_C75,29009,3600,1,180,2617,5088,13315296,0,-1,-1,58,0,
core_C76,18998,15378,0,90,2475,2495,6175125,0,102,-1,43,1,
core_C77,34733,13776,1,180,5240,2544,13330560,0,-1,-1,122,1,
core_C78,23921,6206,1,90,3600,3632,13075200,0,-1,69,39,0,
core_C79,31176,16764,0,90,1452,4388,6371376,0,52,62,83,1,
core_C80,34788,24288,0,0,4070,1353,5506710,0,-1,-1,62,1,
core_C81,24707,3498,0,90,1452,4403,6393156,0,-1,-1,30,1,
core_C82,16005,33891,0,0,3585,1782,6388470,0,-1,49,24,1,
core_C84,23921,0,1,90,5088,2606,13259328,0,58,39,44,1,
core_C85,17777,10419,1,90,5088,2630,13381440,0,-1,-1,104,0,
core_C87,5403,12144,0,180,2530,2508,6345240,0,2,-1,116,1,
core_C88,34794,25641,0,180,1771,3498,6194958,0,63,-1,79,1,
core_C89,0,0,0,90,1782,3685,6566670,0,106,-1,-1,0,
core_C92,25806,23562,0,180,1785,3498,6243930,0,36,-1,75,1,
core_C93,21473,15378,0,180,2542,2541,6459222,0,13,-1,89,1,
core_C95,20722,31155,0,90,1749,3611,6315639,0,-1,5,53,0,
core_C96,17777,0,1,270,3600,3604,12974400,0,44,97,57,1,
core_C97,23921,27216,1,0,5223,2544,13287312,0,48,-1,59,0,
core_C99,1782,0,0,180,2515,2508,6307620,0,61,7,100,1,
core_C100,20722,39204,0,0,4421,1419,6273399,0,-1,-1,5,0,
core_C103,23904,29760,1,270,2544,5112,13004928,0,114,85,12,1,
core_C104,12672,0,1,90,2496,5133,12811968,0,57,77,0,1,
core_C106,23921,18432,1,0,3735,3696,13804560,0,-1,113,121,0,
core_C108,1782,24981,0,0,3588,1749,6275412,0,-1,10,67,0,
core_C110,3600,20976,1,0,3662,3648,13358976,0,-1,-1,0,0,
core_C112,23921,22128,1,0,5217,2544,13272048,0,-1,59,110,0,
core_C113,26448,29760,1,270,5184,2639,13680576,0,14,-1,108,1,
core_C114,18909,27522,0,0,1813,3564,6461532,0,53,-1,29,1,
core_C115,1782,12144,0,0,3621,1782,6452622,0,98,72,7,0,
core_C116,9636,25674,0,270,3564,1787,6368868,0,29,24,10,1,
core_C118,0,37920,1,0,5349,2592,13864608,0,-1,-1,76,0,
core_C119,0,7728,1,90,2496,5150,12854400,0,81,51,9,0,
core_C120,15216,38616,1,0,6381,2064,13170384,0,-1,-1,35,0,
core_C121,23921,14784,1,90,3600,3618,13024800,0,56,110,69,0,
core_C122,31181,16320,1,90,3552,3633,12904416,0,90,-1,56,1,
Wirelength: 1.02126e+09
layer(tree) info:
layer: 0 ,width: 40154 ,height: 41349 ,area: 1660327746, filling_rate: 0.828984, utilizatio_rate: 0.823224
layer: 1 ,width: 40349 ,height: 40873 ,area: 1649184677, filling_rate: 0.706225, utilizatio_rate: 0.696611
random seed: 3
alpha: 0
gamma: 1
best wirelength: 1.02126e+09
initial_num_perturbs: 15129
iter: 0
best_iter: 0
best_cost: 0.239528
reject_time: 821
accept_inferior_time: 312042
update_best_time: 0
adjustLegalOutline_fail_times: 0
initial_wirelength: 1.66853e+09
initial_average_wirelength: 4.26366e+09
1.45991e+09,initial_iter: 15129
initial_time: 23.096
total time cost: 1000
