name,x,y,layer,rotated_angle,width,height,area,exceed_outline_area,left,right,parent,is_from_left,
macro_C8466,11715,5445,0,90,5709,6369,36360621,0,89,5,19,1,
macro_C8467,19872,15456,1,0,9072,8160,74027520,0,-1,-1,57,1,
macro_C16429,17031,33644,0,0,5676,7524,42706224,0,13,-1,45,1,
macro_C16430,18876,13299,0,270,7524,5676,42706224,0,101,-1,54,1,
macro_C32011,2805,11187,0,0,8613,4290,36949770,0,-1,16,62,0,
macro_C32012,11715,11814,0,270,4290,8613,36949770,0,-1,98,0,0,
macro_C39784,10659,0,0,270,7854,5445,42765030,0,32,-1,33,1,
macro_C39785,3456,8112,1,180,7776,11232,87340032,0,102,114,30,0,
macro_C55552,26289,26688,1,180,7728,11232,86800896,0,26,-1,56,1,
macro_C55553,34280,25026,0,180,5412,7854,42505848,0,-1,-1,112,1,
macro_C63404,17808,7728,1,90,11232,7728,86800896,0,27,57,11,0,
macro_C63405,17808,0,1,270,11232,7728,86800896,0,15,10,50,1,
macro_C71293,18843,20592,0,270,7854,5412,42505848,0,63,-1,55,1,
macro_C71294,22707,32540,0,0,5412,7854,42505848,0,-1,-1,2,1,
macro_C86866,26367,0,0,90,5709,6369,36360621,0,-1,77,32,1,
macro_C86867,29040,0,1,180,8112,10752,87220224,0,-1,24,11,1,
macro_C86868,2805,15477,0,0,8613,4290,36949770,0,-1,82,4,0,
macro_C86869,32957,0,0,0,5445,7854,42765030,0,-1,-1,65,1,
macro_C86870,18843,5445,0,180,5412,7854,42505848,0,34,-1,89,1,
macro_C94576,6006,19767,0,270,5709,6369,36360621,0,0,23,118,1,
macro_C94577,3456,30480,1,270,10752,8112,87220224,0,36,-1,29,0,
macro_C94578,28394,14916,0,270,4290,8613,36949770,0,25,113,83,0,
macro_C94579,32696,33277,0,0,5445,7854,42765030,0,-1,-1,112,0,
macro_C94580,6006,26202,0,90,7854,5412,42505848,0,-1,-1,19,0,
macro_C102137,29040,10752,1,0,9072,8160,74027520,0,-1,-1,15,0,
macro_C102138,32684,13299,0,90,7524,5676,42706224,0,-1,-1,21,1,
macro_C102139,34017,26688,1,90,6144,12288,75497472,0,-1,-1,8,1,
macro_C102140,29040,18912,1,90,11232,7776,87340032,0,-1,-1,10,1,
macro_C102141,28394,7887,0,90,7854,5412,42505848,0,-1,83,65,0,
macro_C109812,3456,21408,1,90,8160,9072,74027520,0,78,20,114,0,
macro_C109813,3456,0,1,90,10752,8112,87220224,0,85,7,59,1,
macro_C109814,2805,5445,0,0,8613,4290,36949770,0,-1,62,33,0,
macro_C109815,18513,0,0,270,7854,5445,42765030,0,14,-1,6,1,
macro_C109816,2805,0,0,90,7854,5412,42505848,0,6,31,76,1,
core_C1,24255,10851,0,0,4139,1617,6692763,0,65,-1,18,1,
core_C3,36887,18975,0,270,1452,4536,6586272,0,-1,-1,53,1,
core_C4,14208,21536,1,90,2592,5242,13587264,0,-1,79,20,1,
core_C5,8048,36060,0,0,4690,1551,7274190,0,-1,-1,123,0,
core_C6,14208,6394,1,90,2112,6427,13573824,0,-1,-1,85,0,
core_C7,11715,24750,0,180,4513,1452,6552876,0,73,-1,48,0,
core_C11,17808,32120,1,180,5905,2352,13888560,0,-1,68,88,0,
core_C13,18473,26004,0,270,1452,4413,6407676,0,64,91,108,1,
core_C14,2805,33511,0,0,3104,2046,6350784,0,-1,69,61,0,
core_C15,2805,28462,0,180,3119,1551,4837569,0,-1,49,66,0,
core_C16,21410,26004,0,270,1452,4462,6478824,0,60,-1,64,1,
core_C18,13940,35657,0,0,3091,2046,6324186,0,2,-1,116,0,
core_C19,17424,18975,0,180,4133,1353,5591949,0,110,55,54,0,
core_C22,24347,26004,0,270,2475,2526,6251850,0,120,87,60,1,
core_C23,11715,23298,0,180,4436,1452,6441072,0,-1,39,103,0,
core_C24,2805,30013,0,180,3119,2046,6381474,0,-1,61,43,0,
core_C26,15744,12821,1,270,2064,6411,13232304,0,11,-1,75,1,
core_C28,0,0,1,90,2016,6311,12722976,0,-1,84,-1,0,
core_C30,30716,33160,0,270,1980,3028,5995440,0,111,-1,97,1,
core_C31,35468,18975,0,270,1419,4297,6097443,0,35,-1,86,1,
core_C32,17424,13299,0,270,1452,4444,6452688,0,3,46,89,0,
core_C33,17424,20328,0,90,1419,4257,6040683,0,12,-1,46,0,
core_C34,24129,23616,1,90,2160,6724,14523840,0,8,71,88,1,
core_C35,17808,15456,1,90,2064,6357,13120848,0,1,121,10,0,
core_C36,0,4464,0,90,1353,4098,5544594,0,76,-1,92,0,
core_C37,1968,6311,1,270,1488,4581,6816528,0,30,-1,84,1,
core_C38,22862,26004,0,270,1485,4643,6894855,0,47,81,44,1,
core_C41,2805,32059,0,0,4549,1452,6605148,0,-1,42,49,0,
core_C42,2805,9735,0,0,4500,1452,6534000,0,100,4,31,0,
core_C43,26697,16871,0,90,1452,4457,6471564,0,-1,-1,12,1,
core_C45,19925,26004,0,90,1485,4472,6640920,0,44,-1,41,1,
core_C47,28394,6369,0,0,4563,1518,6926634,0,17,28,34,1,
core_C48,2805,26416,0,0,3117,2046,6377382,0,-1,43,95,0,
core_C49,26855,25368,0,90,1419,4440,6300360,0,-1,-1,87,1,
core_C50,17808,34472,1,0,4728,1488,7035264,0,-1,104,40,0,
core_C51,2805,35557,0,0,3083,2046,6307818,0,-1,90,42,0,
core_C54,17808,38024,1,0,6389,2064,13186896,0,-1,-1,104,0,
core_C55,24129,30340,1,270,1824,5589,10194336,0,-1,-1,56,0,
core_C56,28394,25113,0,270,1452,4402,6391704,0,-1,80,113,0,
core_C57,16228,24585,0,90,1782,3667,6534594,0,-1,-1,39,1,
core_C58,5969,33511,0,270,2079,3131,6509349,0,123,-1,90,1,
core_C59,13536,12821,1,270,2208,5709,12605472,0,50,-1,102,1,
core_C60,1353,4464,0,90,1452,4520,6563040,0,33,-1,58,1,
core_C61,26367,6369,0,270,1452,4482,6507864,0,-1,-1,14,0,
core_C62,11616,19232,1,0,5774,2304,13303296,0,-1,-1,29,1,
core_C64,14208,26778,1,0,3231,3216,10390896,0,-1,-1,36,0,
core_C65,28394,29515,0,270,1452,4381,6361212,0,106,-1,72,0,
core_C66,22862,31088,0,0,4492,1452,6522384,0,-1,-1,60,0,
core_C67,2805,19767,0,270,1617,4075,6589275,0,118,95,16,0,
core_C68,28394,13299,0,0,4157,1617,6721869,0,-1,21,28,0,
core_C72,0,6311,1,270,1968,6107,12018576,0,59,-1,51,0,
core_C74,14208,0,1,90,2064,6394,13197216,0,-1,38,30,1,
core_C75,34181,18975,0,270,1287,3985,5128695,0,53,-1,111,1,
core_C77,24347,28530,0,270,2508,2558,6415464,0,67,-1,47,0,
core_C78,17808,30056,1,0,6321,2064,13046544,0,56,40,121,0,
core_C79,17424,5445,0,270,1419,4419,6270561,0,18,54,0,1,
core_C80,2805,37603,0,180,3164,2079,6577956,0,74,-1,69,0,
core_C81,18473,30476,0,180,4062,1584,6434208,0,-1,-1,41,0,
core_C82,0,0,0,270,1452,4464,6481728,0,-1,58,-1,0,
core_C83,9500,31614,0,0,4440,1452,6446880,0,96,122,123,1,
core_C84,18332,32060,0,0,4030,1584,6383520,0,-1,-1,117,1,
core_C85,2805,23842,0,180,2636,2574,6785064,0,-1,66,82,0,
core_C86,13940,26202,0,90,1452,4538,6589176,0,108,117,93,1,
core_C87,28373,33896,0,270,2343,2402,5627886,0,52,-1,120,1,
core_C88,11715,20427,0,0,4512,1452,6551424,0,-1,103,5,0,
core_C89,13940,32192,0,180,4357,1452,6326364,0,-1,116,117,0,
core_C90,7305,9735,0,180,3829,1254,4801566,0,-1,-1,62,1,
core_C91,26400,12468,0,270,1452,4403,6393156,0,-1,-1,3,1,
core_C92,11232,8112,1,90,2304,5928,13658112,0,75,-1,7,1,
core_C93,11715,21879,0,0,4275,1419,6066225,0,-1,48,98,0,
core_C94,17808,35960,1,180,6424,2064,13259136,0,-1,70,68,0,
core_C96,29846,29501,0,90,1815,3659,6641085,0,-1,-1,106,0,
core_C98,29846,25113,0,90,1452,4388,6371376,0,-1,105,80,1,
core_C101,19920,23616,1,90,2064,6374,13155936,0,119,-1,121,1,
core_C102,15392,28252,0,0,3081,2046,6303726,0,41,-1,96,1,
core_C104,32696,23442,0,180,4052,1584,6418368,0,-1,115,111,0,
core_C107,21557,18975,0,0,4868,1617,7871556,0,-1,-1,46,1,
core_C108,32696,18975,0,90,1485,4467,6633495,0,86,109,52,1,
core_C109,32696,29239,0,90,1584,4038,6396192,0,9,22,115,0,
core_C110,28394,23529,0,0,4116,1584,6519744,0,-1,72,21,0,
core_C111,3456,19344,1,180,6355,2064,13116720,0,-1,29,7,0,
core_C112,32696,25026,0,270,1386,4213,5839218,0,-1,112,109,0,
core_C113,13940,33644,0,0,3072,2013,6183936,0,-1,45,99,0,
core_C114,13940,30740,0,0,4392,1452,6377184,0,94,99,96,0,
core_C116,4422,19767,0,90,1584,3997,6331248,0,19,-1,82,1,
core_C117,21984,23616,1,270,2064,6440,13292160,0,-1,-1,107,1,
core_C118,26822,21328,0,90,1551,4040,6266040,0,97,-1,47,1,
core_C119,17808,23616,1,90,2112,6373,13459776,0,107,88,57,0,
core_C120,9500,33066,0,0,4431,1419,6287589,0,-1,-1,93,0,
core_C121,8048,31614,0,270,1452,4446,6455592,0,93,37,74,1,
Wirelength: 1.03352e+08
layer(tree) info:
layer: 0 ,width: 40208 ,height: 41168 ,area: 1655282944 ,blocks_area: 1316788968, filling_rate: 0.795507, utilizatio_rate: 0.787579
layer: 1 ,width: 40272 ,height: 40088 ,area: 1614423936 ,blocks_area: 1280709936, filling_rate: 0.793292, utilizatio_rate: 0.766
random seed: 11
alpha: 0
gamma: 1
best wirelength: 1.03352e+08
initial_num_perturbs: 15376
iter: 0
best_iter: 0
best_cost: 0.27481
reject_time: 0
accept_inferior_time: 0
update_best_time: 0
adjustLegalOutline_fail_times: 0
outline_adjust_time: 14.509
initial_wirelength: 6.9719e+08
initial_average_wirelength: 2.53699e+09
6.9719e+08,initial_iter: 15376
initial_time: 25.22
total time cost: 100.202
