name,x,y,layer,rotated_angle,width,height,area,exceed_outline_area,left,right,parent,is_from_left,
macro_C2790,0,0,1,270,33,142,4686,0,-1,2,-1,0,
macro_C2791,4059,8444,0,90,33,308,10164,0,-1,-1,8,0,
macro_C2792,0,142,1,270,33,384,12672,0,-1,5,0,0,
macro_C2793,0,777,1,270,33,90,2970,0,-1,-1,4,0,
macro_C2794,0,635,1,270,33,142,4686,0,-1,3,5,0,
macro_C2795,0,526,1,270,33,109,3597,0,-1,4,2,0,
core_C0,0,0,0,0,3175,3168,10058400,0,-1,12,-1,0,
core_C1,4059,0,0,270,1881,5804,10917324,0,13,8,11,1,
core_C4,4059,5804,0,0,3962,2640,10459680,0,-1,1,7,0,
core_C7,9636,0,0,90,1881,5743,10802583,0,-1,-1,10,1,
core_C9,7755,0,0,270,1881,5704,10729224,0,9,-1,13,1,
core_C11,2277,3168,0,90,1782,5500,9801000,0,7,-1,12,1,
core_C12,0,3168,0,90,2277,4574,10414998,0,11,-1,6,0,
core_C13,5940,0,0,90,1815,5637,10231155,0,10,-1,7,1,
Wirelength: 6.17662e+19
layer(tree) info:
layer: 0 ,width: 11517 ,height: 8752 ,area: 100796784 ,blocks_area: 83424528, filling_rate: 0.827651, utilizatio_rate: 0.190903
layer: 1 ,width: 33 ,height: 867 ,area: 28611 ,blocks_area: 28611, filling_rate: 1, utilizatio_rate: 6.54714e-05
random seed: 14
alpha: 0
gamma: 1
best wirelength: 6.17662e+19
initial_num_perturbs: 420
iter: 0
best_iter: 0
best_cost: 0.458225
reject_time: 0
accept_inferior_time: 0
update_best_time: 0
adjustLegalOutline_fail_times: 0
outline_adjust_time: 0
initial_wirelength: 5.36272e+20
initial_average_wirelength: 7.98662e+20
4.24012e+20,initial_iter: 420
initial_time: 0.045
total time cost: 0.542
