name,x,y,layer,rotated_angle,width,height,area,exceed_outline_area,left,right,parent,is_from_left,
macro_C8466,26078,24966,0,270,5709,6369,36360621,0,-1,74,50,0,
macro_C8467,19008,24336,1,180,9072,8160,74027520,0,10,33,32,1,
macro_C16429,26256,12288,1,180,8112,10752,87220224,0,-1,-1,26,0,
macro_C16430,15504,16224,1,270,10752,8112,87220224,0,-1,-1,23,1,
macro_C32011,31490,0,0,90,4290,8613,36949770,0,-1,-1,13,1,
macro_C32012,0,1023,0,180,8613,4290,36949770,0,-1,102,59,0,
macro_C39784,1386,25610,0,90,7854,5445,42765030,0,68,24,84,1,
macro_C39785,0,13056,1,0,7776,11232,87340032,0,-1,115,71,0,
macro_C55552,34691,13105,0,0,5412,7854,42505848,0,-1,-1,21,1,
macro_C55553,32400,0,1,0,7728,11232,86800896,0,-1,-1,26,1,
macro_C63404,28080,23040,1,270,11232,7728,86800896,0,-1,-1,1,1,
macro_C63405,31820,25454,0,90,7854,5412,42505848,0,-1,29,31,1,
macro_C71293,9999,0,0,0,5412,7854,42505848,0,-1,55,16,1,
macro_C71294,26078,0,0,0,5412,7854,42505848,0,4,76,39,1,
macro_C86866,6369,12540,0,180,6369,5709,36360621,0,61,75,19,1,
macro_C86867,7776,0,1,90,10752,8112,87220224,0,18,25,27,1,
macro_C86868,1386,6765,0,180,8613,4290,36949770,0,12,-1,52,1,
macro_C86869,0,0,1,180,7776,11232,87340032,0,-1,71,-1,0,
macro_C86870,18528,0,1,180,7728,11232,86800896,0,26,-1,15,1,
macro_C94576,0,15512,0,0,6369,5709,36360621,0,14,38,51,0,
macro_C94577,9240,25218,0,0,5676,7524,42706224,0,30,28,63,0,
macro_C94578,26078,14683,0,180,8613,4290,36949770,0,8,43,67,0,
macro_C94579,17612,8824,0,90,7854,5445,42765030,0,-1,-1,73,0,
macro_C94580,7776,21264,1,180,7728,11232,86800896,0,3,32,90,0,
macro_C102137,1386,31055,0,180,6369,5709,36360621,0,-1,-1,6,0,
macro_C102138,7776,8112,1,90,10752,8112,87220224,0,-1,42,15,0,
macro_C102139,26256,0,1,270,6144,12288,75497472,0,9,2,18,1,
macro_C102140,0,26256,1,180,7776,11232,87340032,0,15,-1,115,0,
macro_C102141,9240,32742,0,0,5412,7854,42505848,0,-1,-1,20,0,
macro_C109812,31820,30866,0,270,5709,6369,36360621,0,-1,-1,11,0,
macro_C109813,14916,33579,0,180,5676,7524,42706224,0,92,-1,20,1,
macro_C109814,27530,31335,0,90,4290,8613,36949770,0,11,-1,74,1,
macro_C109815,7776,32496,1,270,11232,7776,87340032,0,1,-1,23,0,
macro_C109816,19008,32496,1,90,11232,7728,86800896,0,-1,-1,1,0,
core_C1,19693,25995,0,90,2112,3168,6690816,0,-1,-1,97,1,
core_C3,4402,24158,0,180,4536,1452,6586272,0,-1,-1,78,1,
core_C4,34604,20959,0,90,1452,4495,6526740,0,85,-1,79,1,
core_C5,12365,18304,0,90,1551,4690,7274190,0,110,93,101,1,
core_C6,0,21221,0,180,4491,1452,6520932,0,113,78,19,0,
core_C7,24626,15688,0,90,1452,4513,6552876,0,13,45,46,1,
core_C11,0,12608,0,180,4493,1485,6672105,0,-1,51,56,0,
core_C13,15533,20077,0,0,4413,1452,6407676,0,-1,49,44,0,
core_C14,7776,16224,1,0,4515,2928,13219920,0,-1,90,25,0,
core_C15,26078,18973,0,90,1254,3858,4837932,0,91,50,21,0,
core_C16,15533,18625,0,180,4462,1452,6478824,0,48,41,96,0,
core_C18,24626,20201,0,90,1452,4356,6324912,0,-1,-1,39,0,
core_C19,23273,25995,0,90,1353,4133,5591949,0,39,69,66,1,
core_C22,21523,14269,0,180,4407,1419,6253533,0,-1,116,87,1,
core_C23,19995,18688,0,90,1452,4436,6441072,0,99,-1,44,1,
core_C24,15533,21529,0,180,4395,1452,6381540,0,80,117,41,0,
core_C26,26078,23427,0,180,4378,1452,6356856,0,57,0,43,0,
core_C28,0,14093,0,0,4308,1419,6113052,0,-1,19,40,0,
core_C30,0,6765,0,90,1386,4325,5994450,0,16,56,102,0,
core_C31,15516,30604,0,0,3553,1716,6096948,0,-1,-1,93,1,
core_C32,19064,4323,0,90,1452,4444,6452688,0,-1,-1,73,1,
core_C33,9999,7854,0,180,4257,1419,6040683,0,-1,70,12,0,
core_C34,0,11090,0,180,4596,1518,6976728,0,83,40,52,0,
core_C35,30456,20986,0,90,1584,3980,6304320,0,114,-1,50,1,
core_C36,20072,0,0,90,1914,2897,5544858,0,100,-1,82,1,
core_C37,0,0,0,180,3201,1023,3274623,0,-1,5,-1,0,
core_C38,9123,11055,0,180,4643,1485,6894855,0,-1,-1,83,1,
core_C41,12738,13755,0,270,1452,4549,6605148,0,-1,-1,14,1,
core_C42,15533,1452,0,180,4500,1452,6534000,0,-1,65,82,0,
core_C43,9240,21450,0,180,2547,2541,6471927,0,-1,20,101,0,
core_C45,15533,15688,0,0,4472,1485,6640920,0,-1,96,103,0,
core_C47,15533,2904,0,90,1518,4563,6926634,0,89,98,62,0,
core_C48,21821,30416,0,90,1452,4392,6377184,0,46,-1,109,0,
core_C49,26078,12837,0,180,3602,1749,6299898,0,-1,21,72,0,
core_C50,9240,18249,0,180,2926,1155,3379530,0,-1,101,6,1,
core_C51,23273,30128,0,180,2515,2508,6307620,0,-1,-1,46,0,
core_C54,9999,9273,0,0,4000,1584,6336000,0,77,-1,55,0,
core_C55,0,11232,1,180,5589,1824,10194336,0,-1,7,17,0,
core_C56,26078,11385,0,180,4402,1452,6391704,0,121,67,106,0,
core_C57,17612,4323,0,90,1452,4501,6535452,0,54,22,98,1,
core_C58,26078,31335,0,270,1452,4483,6509316,0,31,-1,0,0,
core_C59,6369,18249,0,0,2480,2442,6056160,0,-1,-1,14,0,
core_C60,26078,7854,0,180,3156,2079,6561324,0,-1,106,13,0,
core_C61,13999,9273,0,90,1452,4482,6507864,0,-1,-1,70,1,
core_C62,0,22673,0,0,4402,1452,6391704,0,35,84,38,0,
core_C64,33317,18973,0,90,1287,3879,4992273,0,36,-1,88,1,
core_C65,19928,23124,0,0,4381,1452,6361212,0,-1,-1,49,1,
core_C66,34803,8613,0,90,1452,4492,6522384,0,-1,-1,108,1,
core_C67,15533,0,0,0,4539,1452,6590628,0,58,62,110,1,
core_C68,4596,11055,0,0,4527,1485,6722595,0,60,-1,56,1,
core_C72,0,24125,0,90,1386,4165,5772690,0,6,-1,78,0,
core_C74,36056,20959,0,90,1452,4366,6339432,0,-1,-1,36,1,
core_C75,20534,29163,0,270,1287,3985,5128695,0,109,-1,120,1,
core_C77,20071,14269,0,270,1452,4419,6416388,0,47,-1,96,1,
core_C78,30203,18973,0,0,3114,2013,6268482,0,79,-1,107,1,
core_C79,17051,2904,0,0,4419,1419,6270561,0,-1,-1,65,1,
core_C80,7776,19152,1,180,6484,2112,13694208,0,-1,23,42,0,
core_C81,27332,18973,0,270,1452,4432,6435264,0,107,-1,43,1,
core_C82,20592,34808,0,0,3637,1782,6481134,0,95,-1,30,1,
core_C83,12365,23172,0,0,3151,2046,6446946,0,53,-1,37,0,
core_C84,15533,28822,0,180,3582,1782,6383124,0,120,-1,112,0,
core_C85,24229,32636,0,90,1815,3738,6784470,0,-1,-1,92,1,
core_C86,15533,17173,0,180,4538,1452,6589176,0,87,44,64,0,
core_C87,15533,25885,0,0,4160,1353,5628480,0,34,112,118,0,
core_C88,15533,7467,0,270,2079,3151,6550929,0,73,104,65,0,
core_C89,21447,18760,0,0,3092,2046,6326232,0,-1,123,48,1,
core_C90,21986,0,0,90,1254,3829,4801566,0,-1,-1,58,1,
core_C91,9240,19404,0,180,3125,2046,6393750,0,37,63,68,0,
core_C92,0,5313,0,0,4519,1452,6561588,0,-1,52,5,0,
core_C93,15533,14269,0,180,4275,1419,6066225,0,-1,64,104,0,
core_C94,15533,10618,0,270,1782,3575,6370650,0,-1,103,98,0,
core_C96,30480,13066,0,180,4107,1617,6641019,0,-1,-1,121,0,
core_C98,26078,9933,0,180,4388,1452,6371376,0,-1,72,76,0,
core_C101,28784,18973,0,90,1419,4454,6320226,0,88,-1,91,1,
core_C102,33384,8613,0,90,1419,4442,6303198,0,81,-1,119,1,
core_C104,21821,25995,0,270,1452,4421,6419292,0,-1,66,86,1,
core_C107,13916,18304,0,90,1617,4868,7871556,0,82,-1,37,1,
core_C108,4491,22673,0,180,4467,1485,6633495,0,-1,-1,113,0,
core_C109,15533,27238,0,180,4038,1584,6396192,0,-1,94,97,0,
core_C110,4491,21221,0,180,4490,1452,6519480,0,-1,111,38,1,
core_C111,32040,22852,0,180,2513,2508,6302604,0,-1,-1,57,1,
core_C112,0,24288,1,180,6176,1968,12154368,0,-1,27,7,0,
core_C113,21523,15688,0,90,2013,3072,6183936,0,-1,-1,47,0,
core_C114,15533,22981,0,180,4392,1452,6377184,0,122,118,49,0,
core_C116,15533,24433,0,0,4361,1452,6332172,0,-1,97,117,0,
core_C117,31932,8613,0,90,1452,4398,6385896,0,108,-1,121,1,
core_C118,19115,29163,0,90,1419,4416,6266304,0,86,-1,94,1,
core_C119,30480,8613,0,90,1452,4453,6465756,0,119,105,72,1,
core_C120,19925,24576,0,180,4431,1419,6287589,0,-1,-1,117,1,
core_C121,21447,20806,0,0,3155,2046,6455130,0,-1,-1,99,0,
Wirelength: 8.3049e+07
layer(tree) info:
layer: 0 ,width: 40103 ,height: 41103 ,area: 1648353609 ,blocks_area: 1290184797, filling_rate: 0.782711, utilizatio_rate: 0.771667
layer: 1 ,width: 40128 ,height: 40272 ,area: 1616034816 ,blocks_area: 1331033328, filling_rate: 0.823641, utilizatio_rate: 0.796099
random seed: 18
alpha: 0
gamma: 1
best wirelength: 8.3049e+07
initial_num_perturbs: 15376
iter: 0
best_iter: 0
best_cost: 0.207535
reject_time: 0
accept_inferior_time: 0
update_best_time: 0
adjustLegalOutline_fail_times: 0
outline_adjust_time: 8.421
initial_wirelength: 5.47037e+08
initial_average_wirelength: 2.63587e+09
5.47037e+08,initial_iter: 15376
initial_time: 19.128
total time cost: 100.188
