name,x,y,layer,rotated_angle,width,height,area,exceed_outline_area,left,right,parent,is_from_left,
macro_C2791,2322,0,1,0,11319,8580,97117020,0,2,11,10,1,
macro_C2792,0,10362,1,180,11319,8580,97117020,0,-1,-1,10,0,
macro_C2793,13641,0,1,270,8448,11616,98131968,0,-1,-1,0,1,
macro_C2794,2211,7293,0,90,8448,11616,98131968,0,4,-1,6,1,
macro_C2795,10659,0,0,180,11352,8679,98524008,0,-1,5,3,1,
macro_C2796,10659,8679,0,0,11352,8679,98524008,0,-1,-1,4,0,
core_C0,0,7293,0,90,2211,4550,10060050,0,3,-1,13,0,
core_C1,4594,0,0,90,2310,4726,10917060,0,-1,-1,8,1,
core_C4,0,0,0,0,4594,2277,10460538,0,7,12,-1,0,
core_C7,0,0,1,270,2310,4676,10801560,0,-1,10,-1,0,
core_C9,0,4676,1,180,2322,4620,10727640,0,0,1,9,0,
core_C11,2322,8580,1,0,5500,1782,9801000,0,-1,-1,0,0,
core_C12,0,2277,0,180,3254,3201,10416054,0,-1,13,8,0,
core_C13,0,5478,0,0,5637,1815,10231155,0,-1,6,12,0,
Wirelength: 2.64593e+07
layer(tree) info:
layer: 0 ,width: 22011 ,height: 18909 ,area: 416205999 ,blocks_area: 347264841, filling_rate: 0.834358, utilizatio_rate: 0.794656
layer: 1 ,width: 22089 ,height: 18942 ,area: 418409838 ,blocks_area: 323696208, filling_rate: 0.773634, utilizatio_rate: 0.740724
random seed: 5
alpha: 0
gamma: 1
best wirelength: 2.64593e+07
initial_num_perturbs: 196
iter: 0
best_iter: 0
best_cost: 0.820925
reject_time: 0
accept_inferior_time: 0
update_best_time: 0
adjustLegalOutline_fail_times: 0
outline_adjust_time: 0.011
initial_wirelength: 5.64442e+07
initial_average_wirelength: 6.87567e+07
5.64442e+07,initial_iter: 196
initial_time: 0.034
total time cost: 0.66
