name,x,y,layer,rotated_angle,width,height,area,exceed_outline_area,left,right,parent,is_from_left,
macro_C2791,0,8679,0,180,11319,8580,97117020,0,12,-1,5,0,
macro_C2792,0,0,1,0,11319,8580,97117020,0,7,2,-1,0,
macro_C2793,0,8580,1,180,11616,8448,98131968,0,11,-1,1,0,
macro_C2794,14520,5445,0,270,8448,11616,98131968,0,-1,-1,6,0,
macro_C2795,11616,6459,1,0,11352,8679,98524008,0,-1,-1,11,0,
macro_C2796,0,0,0,180,11352,8679,98524008,0,-1,0,-1,0,
core_C0,14520,3234,0,0,4550,2211,10060050,0,-1,3,8,0,
core_C1,11319,0,1,0,3308,3300,10916400,0,-1,-1,1,1,
core_C4,14520,0,0,0,3234,3234,10458756,0,-1,6,12,1,
core_C7,19206,0,1,180,2338,4620,10801560,0,-1,-1,13,1,
core_C9,14718,0,1,0,3284,3267,10728828,0,-1,13,11,1,
core_C11,11616,3300,1,90,3102,3159,9799218,0,10,4,2,1,
core_C12,11319,8679,0,90,3201,3254,10416054,0,8,-1,0,1,
core_C13,14718,3267,1,270,4488,2279,10228152,0,9,-1,10,0,
Wirelength: 2.57068e+07
layer(tree) info:
layer: 0 ,width: 22968 ,height: 17259 ,area: 396404712 ,blocks_area: 324707856, filling_rate: 0.819132, utilizatio_rate: 0.743039
layer: 1 ,width: 22968 ,height: 17028 ,area: 391099104 ,blocks_area: 346247154, filling_rate: 0.885318, utilizatio_rate: 0.792328
random seed: 10
alpha: 0
gamma: 1
best wirelength: 2.57068e+07
initial_num_perturbs: 196
iter: 0
best_iter: 0
best_cost: 0.504947
reject_time: 0
accept_inferior_time: 0
update_best_time: 0
adjustLegalOutline_fail_times: 0
outline_adjust_time: 0.003
initial_wirelength: 3.87317e+07
initial_average_wirelength: 7.67045e+07
3.87317e+07,initial_iter: 196
initial_time: 0.025
total time cost: 0.665
