name,x,y,layer,rotated_angle,width,height,area,exceed_outline_area,left,right,parent,is_from_left,
macro_C8466,8514,0,0,270,5709,6369,36360621,0,31,39,51,1,
macro_C8467,16393,10224,1,90,8160,9072,74027520,0,95,8,74,0,
macro_C16429,2536,0,0,0,5676,7524,42706224,0,-1,117,80,1,
macro_C16430,2838,29297,0,0,5676,7524,42706224,0,14,-1,64,0,
macro_C32011,16393,27024,1,0,12288,6144,75497472,0,23,17,8,0,
macro_C32012,30294,6930,0,90,4290,8613,36949770,0,10,36,121,1,
macro_C39784,0,7728,1,90,11232,7776,87340032,0,-1,25,13,0,
macro_C39785,11517,8695,0,180,5445,7854,42765030,0,12,46,54,1,
macro_C55552,16393,19296,1,90,11232,7728,86800896,0,11,4,1,0,
macro_C55553,4455,15602,0,0,5412,7854,42505848,0,67,93,118,0,
macro_C63404,34584,6930,0,0,5412,7854,42505848,0,-1,-1,5,1,
macro_C63405,27625,11232,1,90,11232,7728,86800896,0,-1,22,8,1,
macro_C71293,16962,4290,0,0,5412,7854,42505848,0,-1,78,7,1,
macro_C71294,0,0,1,90,11232,7728,86800896,0,30,6,-1,0,
macro_C86866,8514,28483,0,90,5709,6369,36360621,0,111,24,3,1,
macro_C86867,14883,35344,0,90,7524,5676,42706224,0,-1,-1,24,1,
macro_C86868,23724,31384,0,90,4290,8613,36949770,0,18,-1,101,1,
macro_C86869,16393,33168,1,90,11232,7776,87340032,0,-1,-1,4,0,
macro_C86870,28014,30159,0,0,5412,7854,42505848,0,19,-1,16,1,
macro_C94576,33426,29939,0,180,6369,5709,36360621,0,-1,-1,18,1,
macro_C94577,34617,16995,0,0,5676,7524,42706224,0,-1,-1,114,1,
macro_C94578,31233,25649,0,0,8613,4290,36949770,0,-1,-1,37,1,
macro_C94579,27625,18960,1,90,11232,7776,87340032,0,-1,-1,11,0,
macro_C94580,28681,26736,1,270,11232,7728,86800896,0,-1,-1,4,1,
macro_C102137,8514,35344,0,180,6369,5709,36360621,0,15,-1,14,0,
macro_C102138,0,15504,1,90,10752,8112,87220224,0,-1,28,6,0,
macro_C102139,0,31344,1,0,12288,6144,75497472,0,-1,-1,28,0,
macro_C102140,14223,29899,0,90,7854,5445,42765030,0,-1,-1,111,0,
macro_C102141,0,23616,1,270,11232,7728,86800896,0,69,26,25,0,
macro_C109812,23925,11651,0,180,6369,5709,36360621,0,-1,57,34,0,
macro_C109813,11232,0,1,90,10752,8112,87220224,0,-1,-1,13,1,
macro_C109814,14223,0,0,180,8613,4290,36949770,0,-1,-1,0,1,
macro_C109815,26862,1485,0,270,7854,5445,42765030,0,-1,-1,63,1,
macro_C109816,28825,0,1,180,7728,11232,86800896,0,-1,-1,92,1,
core_C1,23925,10166,0,180,4507,1485,6692895,0,-1,29,110,0,
core_C3,8868,27031,0,0,4536,1452,6586272,0,-1,-1,41,1,
core_C4,30294,15543,0,0,4495,1452,6526740,0,-1,90,5,0,
core_C5,28512,24557,0,180,2721,2673,7273233,0,21,42,121,0,
core_C6,18348,13596,0,0,4491,1452,6520932,0,-1,102,81,1,
core_C7,8514,6369,0,90,1452,4513,6552876,0,-1,75,0,0,
core_C11,22867,0,0,0,2592,2574,6671808,0,68,-1,102,1,
core_C13,4455,24908,0,180,4413,1452,6407676,0,35,-1,93,0,
core_C14,28512,27230,0,0,2532,2508,6350256,0,-1,-1,37,0,
core_C15,2521,13335,0,90,1551,3119,4837569,0,-1,-1,45,1,
core_C16,10065,10801,0,90,1452,4462,6478824,0,-1,54,91,0,
core_C18,0,13335,0,180,2521,2508,6322668,0,43,94,116,0,
core_C19,11517,16549,0,90,1353,4133,5591949,0,109,72,7,0,
core_C22,5778,10032,0,180,2526,2475,6251850,0,-1,-1,48,0,
core_C23,5778,7524,0,0,2568,2508,6440544,0,-1,47,122,1,
core_C24,0,3905,0,90,1452,4395,6381540,0,-1,80,71,0,
core_C26,23925,18779,0,180,4013,1584,6356592,0,-1,79,57,0,
core_C28,6501,12507,0,90,2013,3036,6111468,0,0,-1,118,1,
core_C30,20995,26871,0,90,1980,3028,5995440,0,-1,-1,65,1,
core_C31,1287,20810,0,90,1551,3931,6096981,0,96,-1,86,1,
core_C32,10065,15263,0,90,1452,4444,6452688,0,7,-1,44,0,
core_C33,16797,24033,0,180,4257,1419,6040683,0,-1,89,111,1,
core_C34,23925,7031,0,180,4596,1518,6976728,0,-1,110,59,1,
core_C35,23925,17360,0,180,4442,1419,6303198,0,-1,50,29,0,
core_C36,20930,18704,0,180,2897,1914,5544858,0,-1,-1,76,1,
core_C37,22902,5100,0,90,1023,3201,3274623,0,56,-1,70,0,
core_C38,8895,24094,0,0,4643,1485,6894855,0,-1,106,93,1,
core_C41,23925,21914,0,180,4549,1452,6605148,0,-1,97,79,0,
core_C42,21216,20618,0,270,1782,3666,6532812,0,-1,101,89,1,
core_C43,25410,2574,0,90,1452,4457,6471564,0,32,-1,70,1,
core_C45,2838,27812,0,0,4472,1485,6640920,0,-1,3,87,0,
core_C47,16797,26871,0,180,4198,1650,6926700,0,52,-1,89,0,
core_C48,24553,6538,1,90,2544,5218,13274592,0,-1,-1,95,0,
core_C49,9867,19707,0,90,1584,3977,6299568,0,-1,-1,9,1,
core_C50,25459,0,0,180,2276,1485,3379860,0,-1,-1,40,1,
core_C51,11232,8112,1,180,5161,2544,13129584,0,74,-1,28,1,
core_C54,22902,2574,0,90,2508,2526,6335208,0,63,59,100,1,
core_C55,0,0,0,90,1254,3905,4896870,0,-1,49,-1,0,
core_C56,11517,20970,0,90,2046,3124,6391704,0,105,-1,46,0,
core_C57,14322,16549,0,180,3667,1782,6534594,0,-1,108,109,1,
core_C58,16393,8112,1,180,6416,2112,13550592,0,-1,1,69,1,
core_C59,8514,10882,0,90,1551,3905,6056655,0,91,-1,39,0,
core_C60,18348,18930,0,180,2582,2541,6560862,0,58,82,84,0,
core_C61,23925,28823,0,90,2541,2561,6507501,0,107,-1,88,0,
core_C62,16962,12144,0,0,4402,1452,6391704,0,-1,-1,12,0,
core_C64,23925,20363,0,0,3218,1551,4991118,0,-1,61,50,0,
core_C65,0,8300,0,0,2536,2508,6360288,0,2,116,49,0,
core_C66,16764,19915,0,90,1584,4118,6522912,0,38,-1,103,1,
core_C67,18348,21471,0,180,2593,2541,6588813,0,-1,-1,76,0,
core_C68,26466,26455,0,270,1815,3704,6722760,0,-1,-1,107,0,
core_C72,18348,16500,0,90,2376,2430,5773680,0,100,76,102,0,
core_C74,31746,20159,0,90,1452,4366,6339432,0,114,-1,119,1,
core_C75,0,20810,0,90,1287,3985,5128695,0,53,120,99,0,
core_C77,2838,26360,0,180,4419,1452,6416388,0,-1,64,96,0,
core_C78,23925,25709,0,90,2013,3114,6268482,0,-1,77,97,0,
core_C79,16797,25452,0,0,4419,1419,6270561,0,62,65,55,0,
core_C80,30294,16995,0,90,2079,3164,6577956,0,-1,119,36,0,
core_C81,10065,6369,0,90,1452,4432,6435264,0,104,44,75,1,
core_C82,26713,0,1,90,2112,6389,13493568,0,33,-1,95,1,
core_C83,4455,23456,0,180,4440,1452,6446880,0,60,41,9,0,
core_C84,0,16454,0,0,4397,1452,6384444,0,-1,123,45,0,
core_C85,24553,0,1,90,2160,6538,14122080,0,92,66,1,1,
core_C86,2838,20810,0,90,1617,4075,6589275,0,118,87,53,1,
core_C87,23925,23366,0,0,2402,2343,5627886,0,-1,88,61,0,
core_C88,13563,24478,0,0,2578,2541,6550698,0,-1,-1,105,0,
core_C89,0,19358,0,0,4357,1452,6326364,0,-1,86,123,0,
core_C90,20724,16500,0,90,2178,2204,4800312,0,70,-1,84,1,
core_C91,21216,24284,0,270,2508,2549,6392892,0,16,-1,62,0,
core_C92,18348,15048,0,0,4519,1452,6561588,0,40,84,38,0,
core_C93,14322,19915,0,270,2442,2484,6065928,0,81,-1,108,0,
core_C94,11517,6369,0,180,3575,1782,6370650,0,112,-1,91,1,
core_C96,13563,22399,0,0,3195,2079,6642405,0,-1,98,72,1,
core_C98,8895,25579,0,0,4388,1452,6371376,0,-1,-1,60,0,
core_C101,26466,23366,0,90,2046,3089,6320094,0,121,83,77,1,
core_C102,14322,18331,0,180,3979,1584,6302736,0,-1,103,73,0,
core_C104,12870,16549,0,90,1452,4421,6419292,0,73,-1,46,1,
core_C107,23925,8549,0,0,4868,1617,7871556,0,113,34,56,0,
core_C108,14223,27019,0,270,2574,2577,6633198,0,55,27,14,1,
core_C109,15092,4290,0,90,1452,4405,6396060,0,-1,-1,104,1,
core_C110,28793,6930,0,270,1452,4490,6519480,0,-1,-1,110,1,
core_C111,33198,16995,0,90,1419,4441,6301779,0,20,115,85,1,
core_C112,33198,21436,0,270,1386,4213,5839218,0,-1,-1,114,0,
core_C113,0,11916,0,180,4359,1419,6185421,0,122,45,80,0,
core_C114,2536,7524,0,90,1452,4392,6377184,0,-1,-1,2,0,
core_C116,4455,12507,0,90,2046,3095,6332370,0,51,9,96,1,
core_C117,30294,20159,0,270,1452,4398,6385896,0,85,-1,90,0,
core_C118,0,24795,0,0,2531,2475,6264225,0,-1,-1,86,0,
core_C119,28512,17360,0,90,1782,3628,6465096,0,5,37,107,1,
core_C120,4359,7524,0,90,1419,4431,6287589,0,48,-1,116,1,
core_C121,0,17906,0,180,4446,1452,6455592,0,-1,99,94,0,
Wirelength: 7.9467e+07
layer(tree) info:
layer: 0 ,width: 40293 ,height: 41053 ,area: 1654148529 ,blocks_area: 1330096812, filling_rate: 0.804098, utilizatio_rate: 0.795539
layer: 1 ,width: 39913 ,height: 40944 ,area: 1634197872 ,blocks_area: 1249858800, filling_rate: 0.764815, utilizatio_rate: 0.747548
random seed: 20
alpha: 0
gamma: 1
best wirelength: 7.9467e+07
initial_num_perturbs: 15376
iter: 0
best_iter: 0
best_cost: 0.20652
reject_time: 0
accept_inferior_time: 0
update_best_time: 0
adjustLegalOutline_fail_times: 0
outline_adjust_time: 2.054
initial_wirelength: 4.58508e+08
initial_average_wirelength: 2.22017e+09
4.58508e+08,initial_iter: 15376
initial_time: 12.802
total time cost: 100.189
