name,x,y,layer,rotated_angle,width,height,area,exceed_outline_area,left,right,parent,is_from_left,
macro_C415824,19688,43701,0,0,5520,23736,131022720,0,231,-1,313,1,
macro_C393731,56912,30912,0,0,5520,23736,131022720,0,-1,171,444,0,
macro_C396425,23253,0,1,0,8625,37030,319383750,0,-1,-1,12,1,
macro_C399323,29772,29900,0,0,5520,23736,131022720,0,17,41,6,0,
macro_C401933,51392,71780,0,0,5520,23736,131022720,0,5,201,318,0,
macro_C404827,56912,0,0,0,5520,23736,131022720,0,-1,365,4,1,
macro_C407516,29772,6164,0,0,5520,23736,131022720,0,-1,3,508,0,
macro_C410398,57162,64400,0,0,5520,23736,131022720,0,-1,431,491,1,
macro_C413082,57280,90344,0,0,5520,23736,131022720,0,-1,304,498,1,
macro_C40987,5980,23736,0,0,5520,23736,131022720,0,130,156,19,0,
macro_C418718,37684,36851,0,0,5520,23736,131022720,0,161,222,615,0,
macro_C421703,64313,8366,1,0,8625,37030,319383750,0,457,308,66,0,
macro_C424481,14628,2530,1,0,8625,37030,319383750,0,2,321,599,1,
macro_C427156,10028,67804,0,0,5520,23736,131022720,0,507,117,38,0,
macro_C429952,50793,6590,0,0,5520,23736,131022720,0,-1,-1,442,1,
macro_C432667,13984,91761,0,0,5520,23736,131022720,0,367,261,197,1,
macro_C38059,18308,81190,1,0,8625,37030,319383750,0,200,246,31,0,
macro_C78506,35292,10097,0,0,5520,23736,131022720,0,597,-1,3,1,
macro_C390724,36869,76047,1,0,8625,37030,319383750,0,460,425,643,0,
macro_C43597,5980,0,0,0,5520,23736,131022720,0,465,9,360,1,
macro_C46411,92,19435,1,0,8625,37030,319383750,0,277,123,471,0,
macro_C48981,51750,15012,1,0,8625,37030,319383750,0,34,637,445,0,
macro_C51791,27748,103249,0,0,5520,23736,131022720,0,454,-1,283,0,
macro_C54384,24229,6587,0,0,5520,23736,131022720,0,-1,-1,468,1,
macro_C57054,0,76135,0,0,5520,23736,131022720,0,114,139,334,0,
macro_C62277,31796,53636,0,0,5520,23736,131022720,0,152,588,41,1,
macro_C65066,34339,33570,1,0,8625,37030,319383750,0,79,173,602,1,
macro_C67838,0,20138,0,0,5520,23736,131022720,0,-1,219,592,0,
macro_C70493,0,104655,0,0,5520,23736,131022720,0,395,-1,369,0,
macro_C73067,43204,50776,0,0,5520,23736,131022720,0,-1,-1,531,0,
macro_C75793,63076,61640,0,0,5520,23736,131022720,0,65,447,121,1,
macro_C59667,18308,44160,1,0,8625,37030,319383750,0,59,16,644,1,
core_C930,72044,12505,0,90,2024,6501,13158024,0,-1,-1,262,1,
core_C1124,10028,97869,0,0,3688,3680,13571840,0,-1,554,117,0,
core_C1270,60375,11754,1,90,2645,8045,21279025,0,-1,218,21,1,
core_C1382,38388,97882,0,90,2852,4517,12882484,0,212,-1,537,1,
core_C1112,19060,32620,0,0,5629,2116,11910964,0,542,568,340,0,
core_C126,45228,45626,0,90,2392,5150,12318800,0,-1,-1,531,1,
core_C1684,10028,65320,0,0,5247,2484,13033548,0,-1,13,438,0,
core_C1556,26933,91272,1,90,3680,5545,20405600,0,-1,639,399,0,
core_C599,9575,71990,1,0,4487,4370,19608190,0,-1,-1,155,1,
core_C919,29772,53636,0,90,2024,6578,13313872,0,25,583,3,0,
core_C1502,68685,67564,0,0,6480,2024,13115520,0,-1,241,496,0,
core_C356,17480,79012,0,0,6233,2024,12615592,0,-1,-1,361,1,
core_C1322,46734,80957,0,90,2024,6443,13040632,0,-1,-1,371,0,
core_C1329,41640,79296,0,180,4469,2944,13156736,0,-1,566,257,1,
core_C1044,18032,124621,0,180,6413,2116,13569908,0,-1,-1,563,0,
core_C318,70620,78692,0,90,2760,4244,11713440,0,-1,-1,65,1,
core_C1681,69388,108867,0,0,5857,2208,12932256,0,-1,-1,364,1,
core_C1652,25816,82489,0,90,1932,6234,12044088,0,211,-1,484,0,
core_C667,63076,124913,0,270,3680,3820,14057600,0,-1,-1,108,0,
core_C285,4899,76475,1,90,3680,5676,20887680,0,420,309,155,0,
core_C15,0,63198,0,0,5817,2208,12843936,0,-1,514,518,0,
core_C925,70489,37695,0,90,2024,6418,12990032,0,591,-1,453,1,
core_C1409,51477,42051,0,270,2852,4501,12836852,0,-1,-1,561,1,
core_C562,63491,50496,0,90,2024,6083,12311992,0,-1,-1,502,0,
core_C168,66148,92436,1,90,3565,5414,19300910,0,-1,-1,185,0,
core_C458,34339,81216,1,90,2530,8227,20814310,0,643,-1,151,0,
core_C1109,44251,51393,1,90,2645,8081,21374245,0,-1,116,359,0,
core_C943,26933,48717,1,180,4522,4485,20281170,0,-1,415,31,1,
core_C1583,54303,112976,1,270,2760,7437,20526120,0,626,-1,260,1,
core_C100,62108,25760,0,90,1380,4600,6348000,0,274,-1,555,1,
core_C1141,21441,39560,1,180,4607,4600,21192200,0,196,-1,321,1,
core_C879,24339,37759,0,90,2944,4486,13206784,0,264,-1,568,1,
core_C355,21970,113325,0,180,5395,2024,10919480,0,-1,426,111,0,
core_C387,68596,78692,0,90,2024,6215,12579160,0,47,-1,30,1,
core_C647,64313,5606,1,0,7366,2760,20330160,0,490,11,525,1,
core_C439,68928,113968,0,90,1472,4505,6631360,0,366,147,428,1,
core_C721,69020,89976,0,90,2024,6492,13139808,0,284,-1,102,1,
core_C239,44413,115607,1,180,4603,4485,20644455,0,-1,223,158,1,
core_C1333,0,0,1,0,8205,2530,20758650,0,-1,617,-1,0,
core_C266,43756,22829,0,0,4981,2484,12372804,0,-1,-1,89,1,
core_C951,51392,105084,0,0,3746,3588,13440648,0,491,109,319,0,
core_C406,61226,98588,1,90,2415,7514,18146310,0,589,-1,345,0,
core_C259,56527,63691,1,0,5581,3680,20538080,0,87,-1,461,1,
core_C522,25816,72757,0,90,2208,5960,13159680,0,-1,484,586,0,
core_C1618,29772,73344,0,90,2024,6530,13216720,0,-1,199,456,0,
core_C875,15548,76988,0,180,6116,2024,12378784,0,-1,361,279,0,
core_C841,36375,13039,1,0,5703,3680,20987040,0,433,-1,327,1,
core_C1299,42964,31040,1,270,3105,6291,19533555,0,-1,195,26,1,
core_C44,64753,47926,1,90,3105,6521,20247705,0,-1,-1,87,1,
core_C1017,19580,37312,0,90,2208,5744,12682752,0,174,-1,411,1,
core_C1331,51750,56631,1,0,6412,3105,19909260,0,-1,622,637,0,
core_C98,14704,17522,0,180,3656,3588,13117728,0,405,-1,194,0,
core_C330,13616,4544,0,90,2024,6566,13289584,0,482,-1,130,1,
core_C358,41412,114801,0,90,2024,6097,12340328,0,-1,-1,265,1,
core_C210,63641,116121,1,0,6491,3220,20901020,0,-1,-1,159,0,
core_C996,62108,47926,1,90,2645,6633,17544285,0,80,373,74,1,
core_C780,37684,77055,0,180,3601,3588,12920388,0,-1,328,423,0,
core_C1441,40904,23367,0,270,2852,4434,12645768,0,71,510,311,0,
core_C576,70978,72523,1,270,3105,6378,19803690,0,-1,575,448,0,
core_C1456,3715,8607,0,90,1932,6065,11717580,0,-1,462,592,1,
core_C309,66922,120681,0,180,6511,2024,13178264,0,-1,-1,605,0,
core_C57,5980,49588,0,0,6512,2024,13180288,0,396,216,156,0,
core_C1493,49545,36030,0,90,1840,5858,10778720,0,-1,561,489,0,
core_C1295,8124,118783,1,180,5711,3680,21016480,0,-1,-1,577,0,
core_C1113,51842,71143,1,0,5717,3680,21038560,0,224,392,616,0,
core_C1022,92,94888,1,180,4467,4370,19520790,0,-1,587,225,0,
core_C34,33492,113470,0,0,6166,2024,12479984,0,-1,436,594,0,
core_C1287,68685,59556,0,90,2852,4450,12691400,0,-1,496,287,0,
core_C729,21108,81036,0,90,2668,4260,11365680,0,-1,-1,136,1,
core_C1070,32085,103847,1,90,3450,5301,18288450,0,-1,-1,543,0,
core_C820,66996,89976,0,90,2024,6450,13054800,0,68,118,605,1,
core_C1151,63076,94755,0,90,2484,5307,13182588,0,-1,107,370,0,
core_C1685,32085,10509,1,180,8194,2530,20730820,0,-1,327,188,0,
core_C929,45504,111640,0,90,1932,6194,11966808,0,169,-1,154,0,
core_C1114,55348,123864,0,0,6606,2024,13370544,0,-1,255,387,0,
core_C1484,63076,100062,0,90,1748,5406,9449688,0,598,177,103,0,
core_C1084,63076,114664,0,90,2852,4329,12346308,0,-1,50,500,0,
core_C1197,51392,108672,0,90,2484,4975,12357900,0,-1,204,72,0,
core_C1135,63288,0,0,90,1932,6242,12059544,0,505,455,365,1,
core_C934,21970,109567,0,90,3588,3758,13483704,0,452,64,596,0,
core_C845,33636,77372,0,0,3607,3588,12941916,0,-1,229,588,1,
core_C206,5980,53636,0,270,2024,6251,12652024,0,-1,406,216,0,
core_C33,5520,76135,0,90,2484,5111,12695724,0,458,-1,24,1,
core_C302,72549,56568,0,90,2208,4603,10163424,0,-1,331,251,0,
core_C589,44251,59474,1,90,2875,7189,20668375,0,-1,503,58,0,
core_C158,10028,91540,0,90,2024,6108,12362592,0,197,33,13,0,
core_C414,66996,96426,0,90,1932,6251,12076932,0,342,280,102,0,
core_C1116,26933,77598,1,270,4370,4474,19551380,0,-1,249,163,0,
core_C1033,44073,0,0,90,2024,6191,12530584,0,-1,133,181,1,
core_C1170,61236,114080,0,90,1840,5903,10861520,0,30,-1,290,1,
core_C376,56327,74823,1,90,3565,5522,19685930,0,377,-1,392,1,
core_C1265,92,56465,1,0,7409,2760,20448840,0,-1,348,20,0,
core_C613,14628,42780,1,90,2415,7415,17907225,0,-1,541,321,0,
core_C459,37684,95582,0,0,5766,2300,13261800,0,-1,-1,149,0,
core_C238,45494,96711,1,90,2415,7917,19119555,0,-1,339,238,0,
core_C506,67444,14201,0,90,2576,5204,13405504,0,242,501,302,1,
core_C46,31796,86983,0,0,3740,3680,13763200,0,537,206,588,0,
core_C1232,4899,93306,1,90,2415,7814,18870810,0,325,576,557,0,
core_C187,11500,4544,0,90,2116,6630,14029080,0,84,-1,9,1,
core_C450,0,8607,0,90,2208,5709,12605472,0,-1,592,349,0,
core_C494,40925,113077,1,0,7841,2530,19837730,0,-1,-1,425,1,
core_C915,44073,6191,0,90,2024,6283,12716792,0,-1,267,120,0,
core_C1043,33584,110526,0,0,4432,2944,13047808,0,179,-1,594,1,
core_C449,42928,20621,0,0,5772,2208,12744576,0,-1,-1,647,0,
core_C10,19084,81036,0,90,2024,6316,12783584,0,100,-1,253,1,
core_C178,49545,60931,0,90,3588,3669,13164372,0,574,-1,182,0,
core_C1045,51750,9147,1,180,6608,3220,21277760,0,580,445,430,1,
core_C1298,0,99871,0,0,5287,2576,13619312,0,-1,369,24,0,
core_C1488,50966,0,0,90,2024,6590,13338160,0,-1,-1,335,1,
core_C1587,15348,27284,0,270,1748,3534,6177432,0,-1,209,628,0,
core_C1285,24689,34815,0,0,4671,2944,13751424,0,-1,-1,542,0,
core_C1313,43572,100778,0,90,1932,6235,12046020,0,-1,515,519,0,
core_C1249,57017,61824,0,0,5481,2576,14119056,0,-1,-1,226,1,
core_C1067,49545,53277,0,90,2760,4418,12193680,0,289,182,375,0,
core_C922,49368,110199,0,90,2024,6194,12536656,0,318,-1,232,1,
core_C1050,68928,118473,0,180,5835,2208,12883680,0,-1,-1,67,0,
core_C306,48758,5888,0,90,2024,6237,12623688,0,-1,-1,335,0,
core_C228,37684,93374,0,0,5735,2208,12662880,0,-1,125,295,0,
core_C28,5520,122618,0,0,6421,2024,12996104,0,-1,203,395,0,
core_C326,34339,73130,1,90,2530,8086,20457580,0,-1,57,173,0,
core_C443,37316,33833,0,0,4449,2944,13097856,0,353,-1,25,1,
core_C156,67444,32911,0,0,5155,2484,12805020,0,-1,419,380,1,
core_C1159,45504,106611,0,90,1932,5029,9716028,0,-1,105,303,0,
core_C446,4899,71990,1,0,4676,4485,20971860,0,40,51,611,1,
core_C1155,5980,47472,0,180,6379,2116,13497964,0,-1,93,9,0,
core_C1548,39491,118367,1,90,2415,7939,19172685,0,618,-1,435,1,
core_C1326,41998,118367,1,90,2415,7783,18795945,0,69,-1,618,1,
core_C740,63641,113016,1,180,6224,3105,19325520,0,-1,86,296,0,
core_C27,58811,92305,1,90,2415,7836,18923940,0,439,590,609,1,
core_C133,43204,35713,0,90,2116,6668,14109488,0,473,531,10,1,
core_C350,19143,67604,0,90,2484,5060,12569040,0,164,-1,625,1,
core_C616,26933,71094,1,90,3105,6504,20194920,0,-1,119,495,0,
core_C1605,21627,67437,0,180,3631,3588,13028028,0,-1,-1,162,1,
core_C254,15548,60520,0,180,3635,3496,12707960,0,-1,400,466,0,
core_C574,56235,52042,1,180,5548,3680,20416640,0,525,-1,637,1,
core_C191,58694,110472,1,0,4557,4485,20438145,0,-1,-1,351,1,
core_C1019,43540,125086,0,180,5172,2484,12847248,0,368,-1,212,1,
core_C244,47436,106611,0,180,3687,3588,13228956,0,355,232,105,1,
core_C591,41396,16719,1,180,5771,3680,21237280,0,-1,-1,291,1,
core_C200,56912,54648,0,0,6579,2024,13315896,0,634,294,1,0,
core_C972,33268,125430,0,180,5198,2576,13390048,0,-1,-1,454,0,
core_C74,34339,70600,1,180,8273,2530,20930690,0,-1,151,26,0,
core_C1261,21788,37312,0,90,2116,6389,13519124,0,-1,-1,81,1,
core_C978,70952,96468,0,90,1748,5588,9767824,0,497,-1,342,1,
core_C627,51392,99012,0,180,3548,3496,12403808,0,-1,319,201,0,
core_C748,63076,106373,0,270,2852,4379,12488908,0,357,500,107,0,
core_C373,51392,120123,0,90,2484,5205,12929220,0,-1,-1,204,0,
core_C1009,38016,108535,0,270,2852,4540,12948080,0,-1,-1,134,1,
core_C108,45494,82422,1,90,2760,7154,19745040,0,-1,238,460,0,
core_C380,37827,0,0,0,6246,2024,12641904,0,120,636,378,1,
core_C555,49545,58447,0,180,5180,2484,12867120,0,608,137,145,0,
core_C1030,63920,0,1,90,3565,5606,19985390,0,-1,-1,580,1,
core_C1455,19504,99190,0,180,3965,1472,5836480,0,-1,234,367,0,
core_C537,66148,86856,1,90,3680,5580,20534400,0,-1,56,532,0,
core_C1284,62123,59616,0,0,6503,2024,13162072,0,-1,-1,600,0,
core_C1089,19060,26180,0,180,3680,3588,13203840,0,-1,340,468,0,
core_C1356,32085,7979,1,0,8177,2530,20687810,0,-1,104,479,0,
core_C476,20064,91906,0,180,3696,3680,13601280,0,-1,-1,638,0,
core_C1688,7980,64860,1,0,6446,3220,20756120,0,286,-1,649,1,
core_C959,5876,81246,0,90,2024,6559,13275416,0,-1,-1,369,1,
core_C1037,2024,54374,0,90,2024,6616,13390784,0,538,-1,293,1,
core_C289,29440,101187,1,90,2645,8118,21472110,0,479,258,504,1,
core_C1691,14704,15222,0,0,5835,2300,13420500,0,317,83,535,1,
core_C753,42964,37331,1,270,3220,6536,21045920,0,-1,-1,79,0,
core_C1140,26048,37030,1,0,5700,3795,21631500,0,-1,202,62,1,
core_C431,12052,91540,0,90,1932,6329,12227628,0,15,-1,117,1,
core_C153,9844,107437,0,180,3848,3772,14514656,0,-1,-1,539,1,
core_C954,29772,79874,0,90,1932,6268,12109776,0,-1,409,76,0,
core_C654,26933,57687,1,270,3105,6318,19617390,0,-1,495,16,1,
core_C422,51392,95516,0,180,3601,3496,12589096,0,226,176,4,0,
core_C649,26048,40825,1,270,3105,3297,10237185,0,437,-1,196,0,
core_C1185,5520,124642,0,0,6448,2024,13050752,0,-1,-1,150,0,
core_C1450,51392,113647,0,90,2024,6476,13107424,0,305,178,109,0,
core_C1250,37127,104119,0,0,5943,2208,13122144,0,-1,381,374,1,
core_C1288,31796,90663,0,0,3661,3588,13135668,0,-1,-1,128,0,
core_C1076,65975,41938,0,180,4159,2668,11096212,0,-1,292,453,0,
core_C1698,8004,59800,0,90,2024,6583,13323992,0,535,352,511,0,
core_C1620,15348,30818,0,90,2668,4077,10877436,0,-1,306,141,0,
core_C1303,58358,8074,1,0,5690,3680,20939200,0,-1,-1,580,0,
core_C183,27748,82489,0,90,2024,6632,13423168,0,252,506,49,1,
core_C888,41240,97882,0,270,2300,5874,13510200,0,168,-1,35,1,
core_C1321,45504,98072,0,90,3036,4583,13913988,0,-1,303,285,0,
core_C583,72608,111075,0,90,2392,4927,11785384,0,-1,-1,366,1,
core_C1059,14628,71783,1,90,3450,5439,18764550,0,-1,644,382,0,
core_C313,5980,51612,0,0,6277,2024,12704648,0,-1,113,93,0,
core_C129,49243,109871,1,180,7870,3105,24436350,0,-1,549,450,0,
core_C106,60375,19799,1,90,2530,7946,20103380,0,-1,346,34,0,
core_C952,0,43874,0,90,2944,4612,13577728,0,-1,401,27,0,
core_C1142,37684,70707,0,180,5289,2576,13624464,0,-1,423,529,0,
core_C1085,56994,92305,1,90,1725,5838,10070550,0,609,-1,282,1,
core_C1369,37684,60587,0,180,5162,2576,13297312,0,-1,613,10,0,
core_C905,44413,120092,1,90,2300,7317,16829100,0,278,-1,69,0,
core_C284,57559,67455,1,0,8243,2530,20854790,0,485,386,96,1,
core_C1306,92,90403,1,0,4680,4485,20989800,0,-1,97,383,0,
core_C1391,54993,95516,0,90,2024,6634,13427216,0,144,-1,201,1,
core_C1086,9844,112573,1,0,7995,2645,21146775,0,-1,-1,299,0,
core_C22,52049,93004,1,90,2415,7322,17682630,0,509,351,601,1,
core_C1566,33636,80960,0,90,1932,6023,11636436,0,522,-1,112,0,
core_C789,65512,30979,0,180,5868,1932,11336976,0,-1,380,385,0,
core_C368,25208,42245,0,90,1932,4878,9424296,0,-1,429,0,1,
core_C700,47436,110199,0,90,1932,6221,12018972,0,146,256,169,0,
core_C141,14628,57881,1,90,3105,6237,19365885,0,-1,382,541,0,
core_C1068,19504,100662,0,180,4344,2852,12389088,0,-1,446,184,0,
core_C173,5621,61755,1,180,6258,3105,19431090,0,633,-1,259,1,
core_C138,18032,115497,0,90,1932,6299,12169668,0,552,563,390,1,
core_C664,67999,46906,0,270,2024,6203,12554872,0,-1,-1,363,1,
core_C470,45494,89576,1,90,2760,7135,19692600,0,-1,126,180,0,
core_C1097,92,5290,1,0,7135,2760,19692600,0,-1,417,553,0,
core_C1134,2392,69115,1,0,8635,2875,24825625,0,-1,559,649,0,
core_C1418,68685,69588,0,90,2024,6252,12654048,0,362,582,42,0,
core_C222,70020,8069,0,90,2852,4436,12651472,0,-1,548,127,1,
core_C1041,23994,115349,0,180,3627,3496,12679992,0,-1,-1,426,1,
core_C1606,4899,87441,1,0,7198,2760,19866480,0,281,557,275,0,
core_C66,61783,39632,1,90,2530,8094,20477820,0,-1,-1,525,0,
core_C1398,18308,118220,1,180,8148,2530,20614440,0,-1,642,16,0,
core_C992,8717,31043,1,90,2875,7271,20904125,0,-1,408,413,0,
core_C505,32085,93928,1,270,1725,5596,9653100,0,-1,543,623,0,
core_C1294,26933,82072,1,180,4676,4600,21509600,0,-1,399,119,0,
core_C916,36120,115494,0,0,5235,2576,13485360,0,562,372,454,1,
core_C176,72549,50556,0,90,1932,6012,11615184,0,-1,115,358,1,
core_C342,29772,0,0,0,5939,1932,11474148,0,378,635,211,1,
core_C586,15548,85339,0,0,3536,3496,12361856,0,136,606,361,0,
core_C271,11574,92484,1,90,2530,7665,19392450,0,-1,-1,557,1,
core_C327,55348,125888,0,0,6389,2024,12931336,0,-1,-1,106,0,
core_C1293,47436,116420,0,90,2484,5078,12613752,0,-1,398,232,0,
core_C1081,39616,80643,0,270,2024,6239,12627736,0,45,-1,328,1,
core_C1361,29440,109305,1,180,7348,2760,20280480,0,-1,474,193,0,
core_C840,92,61755,1,0,5529,3680,20346720,0,235,578,348,0,
core_C1374,51773,112976,1,90,2530,7854,19870620,0,60,-1,549,1,
core_C953,13984,115497,0,90,2024,6459,13073016,0,630,440,15,0,
core_C849,70020,18975,0,90,2024,6336,12824064,0,32,-1,548,0,
core_C1532,41012,24516,1,0,5635,3565,20088775,0,651,421,527,1,
core_C1328,27283,37759,0,90,2024,6357,12866568,0,-1,-1,63,1,
core_C1319,36120,120554,0,180,5292,2576,13632192,0,85,569,372,0,
core_C1527,26302,0,0,90,2024,6587,13332088,0,-1,-1,317,1,
core_C838,44073,12474,0,90,2300,5847,13448100,0,-1,-1,133,0,
core_C317,35568,93283,0,270,2116,6362,13461992,0,-1,-1,329,0,
core_C778,53215,32442,0,90,2116,6390,13521240,0,-1,523,489,1,
core_C329,7575,10646,1,0,4717,4485,21155745,0,-1,-1,585,1,
core_C76,65220,5953,0,180,6866,2116,14528456,0,-1,-1,505,0,
core_C1463,8004,113384,0,0,5481,2668,14623308,0,-1,-1,539,0,
core_C520,32177,21871,1,90,2070,6630,13724100,0,556,332,646,0,
core_C214,63488,17777,0,90,2024,6117,12380808,0,302,-1,61,1,
core_C1052,4899,84681,1,180,7043,2760,19438680,0,-1,244,309,0,
core_C1524,5980,66074,0,90,2024,6213,12575112,0,350,-1,406,0,
core_C1004,8717,15131,1,90,2530,7770,19658100,0,-1,413,20,1,
core_C5,46713,120092,1,270,2530,7982,20194460,0,338,-1,223,1,
core_C442,15548,74964,0,180,6385,2024,12923240,0,-1,77,315,0,
core_C250,66996,102795,0,0,6390,2024,12933360,0,-1,627,118,0,
core_C1246,12097,84681,1,90,2530,7803,19741590,0,-1,-1,244,1,
core_C885,54464,92305,1,90,2530,7812,19764360,0,221,-1,509,0,
core_C1694,27748,95406,0,90,2024,6427,13008248,0,-1,22,506,0,
core_C921,71044,90896,0,180,4513,2852,12871076,0,-1,-1,68,1,
core_C1656,45504,94484,0,180,3633,3588,13035204,0,-1,213,519,1,
core_C12,14426,0,1,0,7855,2530,19873150,0,-1,-1,190,1,
core_C164,68685,53109,0,90,2024,6447,13048728,0,358,99,312,1,
core_C205,0,67614,0,90,2024,6497,13149928,0,434,334,514,0,
core_C290,52305,53277,0,90,2484,5170,12842280,0,-1,-1,145,1,
core_C132,59212,114080,0,90,2024,6526,13208624,0,121,-1,304,1,
core_C715,36796,16719,1,270,4600,4623,21265800,0,170,-1,646,1,
core_C1296,65975,44606,0,180,5941,2300,13664300,0,-1,363,207,0,
core_C1649,0,54374,0,90,2024,6590,13338160,0,192,518,412,0,
core_C1517,56912,56672,0,0,5200,2576,13395200,0,-1,298,171,0,
core_C1082,37684,91166,0,0,4542,2208,10028736,0,-1,149,402,0,
core_C730,63641,108531,1,180,4678,4485,20980830,0,-1,159,631,0,
core_C275,66996,106843,0,0,6631,2024,13421144,0,-1,364,627,0,
core_C1559,56912,59248,0,0,5211,2576,13423536,0,600,-1,294,0,
core_C567,9844,108088,1,0,4693,4485,21048105,0,476,227,567,0,
core_C557,66922,87400,0,0,5228,2576,13467328,0,579,605,389,0,
core_C1383,44506,29917,0,0,3793,3772,14307196,0,-1,-1,407,1,
core_C515,65512,17777,0,90,1932,6016,11622912,0,127,385,274,1,
core_C397,45504,102655,0,180,4041,3956,15986196,0,422,154,213,0,
core_C604,57280,114080,0,90,1932,6171,11922372,0,290,-1,8,0,
core_C736,53416,113647,0,90,1932,6318,12206376,0,498,-1,204,1,
core_C1498,15348,34895,0,90,2484,5059,12566556,0,-1,324,209,0,
core_C816,20838,120750,1,90,3105,6521,20247705,0,629,-1,642,1,
core_C873,64313,45396,1,0,8002,2530,20245060,0,558,-1,11,0,
core_C609,4899,82151,1,0,8029,2530,20313370,0,-1,275,51,0,
core_C1423,51842,59736,1,180,6381,3105,19813005,0,333,461,622,1,
core_C782,40904,16932,0,90,2024,6435,13024440,0,-1,89,565,0,
core_C21,66661,53109,0,90,2024,6443,13040632,0,287,-1,343,1,
core_C507,17664,50282,0,90,2024,6513,13182312,0,0,-1,507,1,
core_C1157,63288,14281,0,0,3678,3496,12858288,0,524,-1,455,0,
core_C1096,15548,72664,0,0,5757,2300,13241100,0,-1,279,625,0,
core_C724,92,104736,1,90,3680,5629,20714720,0,-1,475,587,0,
core_C352,20539,0,0,0,5763,2300,13254900,0,266,-1,194,1,
core_C1136,51392,69204,0,0,5167,2576,13310192,0,-1,4,146,1,
core_C491,51392,102508,0,0,5178,2576,13338528,0,-1,72,176,0,
core_C1377,25816,56031,0,90,2944,4537,13356928,0,-1,414,546,1,
core_C435,14628,39560,1,0,6813,3220,21937860,0,62,124,12,0,
core_C1291,23884,93921,0,90,2392,6185,14794520,0,-1,379,449,0,
core_C1012,39445,2875,1,0,4021,2530,10173130,0,-1,-1,424,0,
core_C918,15348,39954,0,270,2576,4002,10309152,0,-1,517,306,0,
core_C1705,7314,93306,1,90,2300,7515,17284500,0,-1,486,129,1,
core_C1102,22044,103514,0,90,1840,6053,11137520,0,526,-1,596,1,
core_C792,32085,13039,1,180,4290,4140,17760600,0,78,603,104,0,
core_C1153,37684,80643,0,90,1932,6207,11991924,0,257,402,88,0,
core_C1706,35568,87061,0,90,1932,6222,12020904,0,-1,268,522,0,
core_C763,62108,62004,1,90,3450,5451,18805950,0,-1,-1,373,0,
core_C1008,72549,61171,0,90,2024,6126,12399024,0,-1,-1,115,0,
core_C1000,32177,89443,1,0,4495,4485,20160075,0,-1,-1,273,0,
core_C1461,58223,55722,1,90,2530,7969,20161570,0,-1,-1,310,1,
core_C1060,0,74111,0,0,6217,2024,12583208,0,-1,24,288,0,
core_C1104,48758,0,0,90,2208,5888,13000704,0,140,148,371,1,
core_C363,29772,94251,0,0,5239,2484,13013676,0,374,614,409,0,
core_C550,11879,54485,1,90,2530,7842,19840260,0,-1,-1,633,0,
core_C965,49243,0,1,0,8058,2530,20386740,0,584,470,278,1,
core_C9,45494,104628,1,90,2530,7859,19883270,0,-1,-1,126,0,
core_C1003,19060,29768,0,180,4460,2852,12719920,0,-1,36,187,0,
core_C1554,43572,89976,0,0,5793,2208,12790944,0,-1,640,443,0,
core_C746,68928,96468,0,90,2024,6327,12805848,0,175,-1,118,1,
core_C870,62197,56672,0,0,4464,2944,13142016,0,312,-1,600,1,
core_C626,66102,70811,1,90,2530,8119,20541070,0,391,-1,648,1,
core_C1541,61226,92968,1,90,3565,5620,20035300,0,-1,73,540,0,
core_C1631,60375,27745,1,90,2530,7919,20035070,0,-1,-1,218,0,
core_C1362,60132,79224,1,180,5589,3680,20567520,0,-1,-1,530,1,
core_C88,92,59225,1,0,8137,2530,20586610,0,-1,259,123,0,
core_C786,0,6399,0,0,5812,2208,12832896,0,-1,131,492,0,
core_C1168,8004,55660,0,180,6516,2024,13188384,0,-1,511,276,1,
core_C186,52049,100326,1,180,6645,3105,20632725,0,167,-1,228,0,
core_C38,8004,105137,0,180,5893,2300,13553900,0,-1,539,208,0,
core_C508,41765,33689,0,0,6536,2024,13228864,0,-1,-1,152,1,
core_C950,51842,67371,1,0,5710,3680,21012800,0,-1,616,461,0,
core_C1166,51123,66628,0,0,5253,2576,13531728,0,-1,-1,169,1,
core_C404,68632,62131,1,270,2185,6776,14805560,0,-1,-1,573,0,
core_C539,65928,122705,0,0,6915,2208,15268320,0,-1,-1,177,1,
core_C1397,70709,50556,0,90,1840,5656,10407040,0,251,-1,287,1,
core_C1513,44251,43867,1,90,2415,7526,18175290,0,-1,58,643,1,
core_C633,4048,67614,0,90,1932,6146,11874072,0,19,-1,434,1,
core_C1604,15548,79012,0,90,1932,6327,12223764,0,43,253,77,0,
core_C1426,70709,69588,0,90,2208,5561,12278688,0,581,-1,241,1,
core_C1338,65975,46906,0,90,2024,6177,12502248,0,237,-1,292,0,
core_C263,66996,108867,0,90,2392,5101,12201592,0,48,428,297,0,
core_C1324,56912,23736,0,0,6376,2024,12905024,0,110,555,5,0,
core_C1572,70400,111075,0,270,2208,5844,12903552,0,214,-1,67,1,
core_C167,19504,95586,0,90,3588,3604,12931152,0,-1,184,15,1,
core_C693,48712,125328,0,0,6404,2024,12961696,0,-1,-1,168,1,
core_C1521,0,102447,0,0,5876,2208,12974208,0,191,28,139,0,
core_C503,63076,91259,0,0,3624,3496,12669504,0,-1,103,447,0,
core_C1626,46734,74512,0,90,2024,6445,13044680,0,335,44,650,1,
core_C861,36120,118070,0,180,5134,2484,12752856,0,-1,265,250,0,
core_C354,62108,54559,1,90,2760,7445,20548200,0,-1,330,87,0,
core_C975,35011,104119,0,90,2116,6407,13557212,0,205,-1,336,1,
core_C1536,49545,48787,0,90,2944,4490,13218560,0,483,145,560,0,
core_C1702,11831,116052,0,90,2024,6566,13289584,0,-1,-1,395,1,
core_C622,59892,73550,1,90,3680,5674,20880320,0,648,-1,122,1,
core_C1225,35711,0,0,90,2116,6484,13720144,0,181,-1,252,1,
core_C1515,23884,100106,0,180,3485,3312,11542320,0,-1,-1,322,0,
core_C1412,65512,32911,0,90,1932,6175,11930100,0,153,-1,230,0,
core_C115,37127,106327,0,180,5601,2208,12367008,0,-1,-1,205,0,
core_C1062,14628,64118,1,90,2530,7665,19392450,0,-1,215,233,0,
core_C166,92,84137,1,270,3105,6266,19455930,0,-1,225,472,0,
core_C341,34247,27736,1,180,6517,3105,20235285,0,-1,607,527,0,
core_C1077,65512,25766,0,90,2484,5213,12949092,0,-1,230,302,0,
core_C196,57559,69985,1,180,5677,3565,20238505,0,-1,-1,224,0,
core_C1115,55348,120251,0,270,3496,3613,12631048,0,534,106,498,0,
core_C643,14628,90884,1,90,2760,7160,19761600,0,-1,-1,544,0,
core_C1538,66922,85376,0,0,6420,2024,12994080,0,-1,300,394,1,
core_C821,16008,121809,0,90,2024,6419,12992056,0,236,-1,440,1,
core_C852,68632,55921,1,0,6420,3105,19934100,0,-1,573,344,1,
core_C545,51842,74823,1,270,4485,4562,20460570,0,122,612,96,0,
core_C438,49243,59851,1,270,2530,8088,20462640,0,-1,450,620,0,
core_C832,64898,100062,0,90,2024,6311,12773464,0,389,-1,598,1,
core_C1480,5520,120527,0,0,6311,2024,12773464,0,376,150,28,1,
core_C1477,12492,11174,0,0,6477,2024,13109448,0,-1,632,93,1,
core_C109,66056,97850,1,90,2530,8122,20548660,0,-1,-1,593,0,
core_C941,47436,121498,0,0,3673,3588,13178724,0,-1,-1,256,0,
core_C962,26933,86672,1,180,4677,4600,21514200,0,-1,39,249,0,
core_C630,15548,64016,0,0,3761,3588,13494468,0,-1,625,165,0,
core_C1529,0,48486,0,0,3761,3680,13840480,0,624,412,219,0,
core_C801,37684,88590,0,180,5407,2576,13928432,0,-1,295,328,0,
core_C881,12351,100149,1,90,2185,7244,15828140,0,599,-1,595,1,
core_C807,25816,64156,0,90,2484,5013,12452292,0,-1,586,414,0,
core_C1601,18360,17522,0,90,2024,6174,12496176,0,-1,-1,83,1,
core_C552,5980,59887,0,90,2024,6187,12522488,0,410,276,113,0,
core_C1238,40904,29917,0,0,3602,3588,12923976,0,301,-1,510,0,
core_C1120,8717,38314,1,90,2530,7813,19766890,0,550,-1,247,0,
core_C612,29772,86142,0,90,2024,6270,12690480,0,-1,336,199,0,
core_C382,8004,53636,0,0,6471,2024,13097304,0,-1,-1,406,1,
core_C269,17556,43956,0,90,2024,6326,12803824,0,81,-1,517,1,
core_C1534,0,52166,0,180,5958,2208,13155264,0,-1,293,401,0,
core_C143,8717,22901,1,90,2530,8142,20599260,0,-1,247,277,0,
core_C1202,25816,60568,0,180,3678,3588,13196664,0,-1,404,320,0,
core_C790,26933,53202,1,0,4603,4485,20644455,0,-1,-1,59,0,
core_C1422,39187,4508,0,90,2484,5318,13209912,0,516,-1,478,1,
core_C911,92,8050,1,0,7188,2875,20665500,0,493,441,239,0,
core_C1318,29440,114825,1,0,7420,2875,21332500,0,-1,-1,474,0,
core_C1098,67444,35395,0,180,5844,2300,13441200,0,-1,-1,153,0,
core_C1597,8579,76475,1,180,5726,3680,21071680,0,-1,-1,51,1,
core_C610,41012,28395,1,0,7992,2645,21138840,0,-1,-1,263,0,
core_C104,49545,30326,0,180,6556,2116,13872496,0,-1,489,303,1,
core_C1460,37684,73283,0,180,3778,3772,14250616,0,650,88,220,0,
core_C624,39445,0,1,0,7717,2875,22186375,0,-1,323,499,1,
core_C379,36869,113077,1,180,4056,2530,10261680,0,132,604,18,0,
core_C1522,21970,115349,0,90,2024,5224,10573376,0,243,-1,64,0,
core_C478,41462,76996,0,180,4686,2300,10777800,0,-1,-1,650,0,
core_C1341,66996,113968,0,90,1932,5842,11286744,0,67,-1,364,0,
core_C6,25208,47123,0,90,1932,5964,11522448,0,487,641,231,0,
core_C377,49335,9147,1,90,2415,7778,18783870,0,138,-1,620,1,
core_C1339,57162,88136,0,180,5616,2208,12400128,0,-1,-1,7,0,
core_C489,70978,85336,1,90,2760,7045,19444200,0,-1,463,575,0,
core_C1487,42078,5405,1,90,2530,7694,19465820,0,-1,477,78,1,
core_C920,2024,67614,0,270,2024,6265,12680360,0,360,-1,288,1,
core_C189,36961,118367,1,90,2530,8038,20336140,0,157,-1,536,0,
core_C956,33492,115494,0,90,2484,5262,13070808,0,-1,-1,98,0,
core_C1164,29153,40825,1,90,2530,7892,19966760,0,-1,-1,202,1,
core_C42,10028,62836,0,0,5320,2484,13214880,0,628,38,535,0,
core_C1402,61226,82904,1,0,4629,4600,21293400,0,-1,540,160,1,
core_C1378,13984,121956,0,90,2024,6579,13315896,0,390,-1,261,0,
core_C488,92,10925,1,0,6476,3220,20852720,0,-1,585,417,0,
core_C703,48769,12125,0,90,2024,6593,13344232,0,14,-1,443,1,
core_C399,43572,87400,0,0,5197,2576,13387472,0,442,341,566,1,
core_C656,56912,28336,0,0,5196,2576,13384896,0,-1,1,555,0,
core_C854,51750,12367,1,0,7961,2645,21056845,0,-1,21,138,0,
core_C768,19504,103514,0,90,2116,6387,13514892,0,-1,-1,234,0,
core_C125,63076,85376,0,90,2300,5883,13530900,0,-1,370,30,0,
core_C281,70978,66616,1,90,3795,5907,22417065,0,-1,90,645,0,
core_C696,23884,89382,0,90,2852,4539,12945228,0,-1,322,546,0,
core_C1483,49243,67939,1,90,2185,7177,15681745,0,-1,217,393,0,
core_C865,44251,71341,1,270,3105,4706,14612130,0,-1,-1,503,0,
core_C556,25558,103418,0,90,2024,6396,12945504,0,-1,-1,111,1,
core_C1408,65975,39086,0,0,4514,2852,12873928,0,53,207,634,1,
core_C632,33268,120756,0,90,2852,4501,12836852,0,250,172,22,1,
core_C1542,63288,8069,0,90,2024,6212,12573088,0,-1,314,110,0,
core_C836,29772,66821,0,90,2024,6523,13202552,0,-1,76,583,0,
core_C872,72938,7897,1,90,2530,7936,20078080,0,-1,-1,11,1,
core_C361,8004,116052,0,90,2944,4475,13174400,0,-1,-1,114,1,
core_C570,19964,120573,0,180,6280,2024,12710720,0,-1,-1,552,0,
core_C233,45494,76047,1,90,3105,6375,19794375,0,-1,180,18,1,
core_C675,51842,62841,1,180,4685,4485,21012225,0,74,354,310,0,
core_C456,3715,14672,0,270,2116,5466,11566056,0,-1,-1,91,0,
core_C1703,70978,92381,1,90,3795,5837,22151415,0,-1,-1,432,0,
core_C1216,51842,106651,1,0,6724,3220,21651280,0,-1,-1,612,0,
core_C702,11500,0,0,90,2944,4544,13377536,0,488,-1,19,1,
core_C1320,15548,56795,0,270,3588,3725,13365300,0,-1,165,507,0,
core_C392,65802,62739,1,270,2645,8072,21350440,0,-1,-1,485,0,
core_C298,19060,23696,0,0,5169,2484,12839796,0,23,187,628,1,
core_C1428,72513,44212,0,90,2024,6344,12840256,0,-1,-1,591,0,
core_C463,49243,2530,1,270,3105,6617,20545785,0,-1,620,338,0,
core_C240,92,16905,1,0,8095,2530,20480350,0,-1,20,585,0,
core_C524,92,79767,1,180,4546,4370,19866020,0,-1,383,578,0,
core_C396,45320,35713,0,90,2024,6440,13034560,0,-1,533,161,1,
core_C62,29440,112065,1,0,7379,2760,20366040,0,-1,418,258,0,
core_C434,92,115520,1,180,8032,2530,20320960,0,577,-1,316,0,
core_C1591,14537,98044,1,90,2760,7166,19778160,0,-1,-1,299,1,
core_C564,42078,13099,1,180,5682,3565,20256330,0,-1,-1,433,0,
core_C311,35599,6484,0,270,3588,3613,12963444,0,416,-1,635,1,
core_C391,32085,0,1,270,2530,7979,20186870,0,564,188,193,1,
core_C1537,10845,0,1,90,2530,7962,20143860,0,-1,-1,493,1,
core_C1128,29772,96809,0,0,4390,2852,12520280,0,-1,571,614,0,
core_C1314,15640,2484,0,270,2484,4984,12380256,0,-1,-1,84,1,
core_C1586,52489,48787,0,180,4112,2576,10592512,0,-1,-1,375,1,
core_C1608,25816,78717,0,0,3846,3772,14507112,0,-1,49,75,0,
core_C194,65802,54447,1,90,2530,8292,20978760,0,528,467,224,1,
core_C67,7314,100821,1,270,2530,8168,20665040,0,567,-1,325,0,
core_C1510,27140,44116,0,90,2024,6513,13182312,0,-1,-1,429,1,
core_C814,14444,0,0,180,5301,2484,13167684,0,-1,-1,465,1,
core_C874,49545,32442,0,0,3670,3588,13167960,0,269,94,422,0,
core_C735,71679,0,1,270,2530,7897,19979410,0,-1,-1,66,1,
core_C898,55138,105084,0,90,2024,6304,12759296,0,7,-1,72,1,
core_C1355,0,0,0,270,2024,6399,12951576,0,-1,349,-1,0,
core_C1073,7280,5290,1,270,3565,5356,19094140,0,480,-1,417,1,
core_C1675,15548,88909,0,0,4516,2852,12879632,0,638,-1,606,0,
core_C1567,26933,64005,1,90,2760,7089,19565640,0,-1,163,200,0,
core_C687,68685,64006,0,270,3496,3558,12438768,0,-1,42,99,0,
core_C754,72700,93748,0,90,1932,6135,11852820,0,-1,-1,175,1,
core_C805,55348,111388,0,270,1932,6093,11771676,0,8,387,305,1,
core_C1474,37145,0,1,90,2300,7501,17252300,0,424,-1,564,1,
core_C722,63076,110752,0,270,1840,3912,7198080,0,-1,108,177,0,
core_C107,67444,19405,0,90,2116,6361,13459876,0,-1,-1,127,0,
core_C40,63491,44136,0,90,2116,6360,13457760,0,-1,55,634,0,
core_C859,44251,66663,1,270,4485,4678,20980830,0,-1,451,116,0,
core_C670,26565,118220,1,90,2875,7204,20711500,0,193,-1,619,1,
core_C1479,65220,0,0,90,2208,5953,13144224,0,-1,271,110,1,
core_C447,27748,89121,0,90,2024,6285,12720840,0,-1,283,211,0,
core_C1636,15548,50282,0,90,2116,5332,11282512,0,313,466,13,1,
core_C839,29772,4140,0,180,5356,2024,10840544,0,-1,6,635,0,
core_C1344,54464,88970,1,0,6679,3335,22274465,0,-1,282,228,1,
core_C1575,40904,27801,0,0,6389,2116,13519124,0,-1,407,89,0,
core_C1156,8004,57684,0,0,6348,2116,13432368,0,-1,208,350,0,
core_C835,51934,82875,1,180,7944,2530,20098320,0,-1,545,547,0,
core_C1663,34247,31040,1,0,7927,2530,20055310,0,-1,602,607,0,
core_C1671,0,65406,0,0,5954,2208,13146432,0,-1,288,52,0,
core_C595,43572,117834,0,90,2484,5252,13045968,0,-1,-1,143,0,
core_C1615,41671,4508,0,90,2024,6239,12627736,0,-1,-1,416,1,
core_C221,15348,43956,0,90,2208,5719,12627552,0,411,-1,324,0,
core_C800,0,60990,0,0,5531,2208,12212448,0,-1,52,293,0,
core_C54,43572,94484,0,90,1932,6294,12160008,0,285,143,640,0,
core_C798,37684,65739,0,0,5072,2392,12132224,0,-1,529,570,0,
core_C314,68563,78930,1,90,2415,7804,18846660,0,645,-1,532,1,
core_C1616,35568,80960,0,90,2024,6101,12348424,0,621,329,229,1,
core_C986,53215,38832,0,90,2024,3219,6515256,0,-1,-1,269,0,
core_C1325,66966,8069,0,90,1932,6132,11847024,0,-1,-1,314,1,
core_C851,61783,35664,1,90,2530,3968,10039040,0,66,245,166,1,
core_C452,23884,71025,0,90,1932,5836,11275152,0,-1,551,326,1,
core_C1395,34247,24516,1,0,6765,3220,21783300,0,263,384,556,0,
core_C659,68332,47926,1,90,2645,7995,21146775,0,-1,-1,485,1,
core_C1336,37684,68131,0,0,5189,2576,13366864,0,-1,220,520,0,
core_C31,54464,85405,1,0,5668,3565,20206420,0,347,-1,545,1,
core_C521,43204,42381,0,90,2024,6192,12532608,0,37,29,161,0,
core_C86,66148,78930,1,90,2415,7926,19141290,0,521,185,593,1,
core_C751,45320,42153,0,90,3404,3473,11822092,0,-1,-1,473,0,
core_C1063,58844,120606,0,0,4197,2668,11197596,0,-1,-1,387,1,
core_C150,10028,59800,0,0,4676,3036,14196336,0,194,438,208,1,
core_C823,36961,115607,1,0,7420,2760,20479200,0,-1,435,604,1,
core_C741,35536,99645,0,90,2852,4474,12759848,0,35,-1,128,1,
core_C1241,4048,54374,0,90,1932,5866,11333112,0,-1,-1,192,1,
core_C634,8004,107437,0,90,1840,5947,10942480,0,198,272,352,0,
core_C389,61226,87504,1,90,3565,5464,19479160,0,-1,345,439,0,
core_C39,14628,50195,1,90,2415,7686,18561690,0,-1,233,124,0,
core_C776,24689,30323,0,90,2852,4492,12811184,0,-1,142,36,1,
core_C1038,32085,99524,1,270,4140,4323,17897220,0,-1,101,248,0,
core_C1360,14628,82811,1,90,2530,8073,20424690,0,-1,388,644,0,
core_C1346,51934,85405,1,90,2530,7599,19225470,0,530,601,512,0,
core_C423,23884,83047,0,90,1932,6335,12239220,0,320,449,551,0,
core_C280,51934,80345,1,0,7920,2530,20037600,0,-1,512,612,1,
core_C1669,70020,12505,0,90,2024,6470,13095280,0,-1,262,242,0,
core_C1330,49243,112976,1,90,2530,7986,20204580,0,260,-1,217,0,
core_C63,11247,38314,1,90,2645,8037,21257865,0,-1,-1,408,1,
core_C1342,23884,76861,0,90,1932,6186,11951352,0,-1,546,526,0,
core_C1236,19964,109901,0,90,1932,6045,11678940,0,610,459,236,1,
core_C641,92,2530,1,0,7284,2760,20103840,0,-1,239,617,1,
core_C523,10028,101549,0,0,3766,3588,13512408,0,-1,-1,33,0,
core_C871,56912,25760,0,0,5196,2576,13384896,0,61,444,365,0,
core_C1410,34247,21871,1,0,8071,2645,21347795,0,-1,527,273,1,
core_C1207,4899,90201,1,0,6675,3105,20725875,0,254,129,244,0,
core_C1259,72315,45396,1,90,2530,7701,19483530,0,-1,-1,308,1,
core_C353,2392,71990,1,90,2415,7777,18781455,0,611,-1,240,0,
core_C909,49545,46763,0,180,6596,2024,13350304,0,-1,375,561,0,
core_C1690,49545,41888,0,90,1932,4875,9418500,0,54,560,94,0,
core_C1337,41355,108535,0,90,2024,6266,12682384,0,-1,-1,250,1,
core_C1617,18032,122597,0,180,6522,2024,13200528,0,-1,46,236,0,
core_C204,34615,0,1,90,2530,7768,19653040,0,499,-1,479,1,
core_C312,40904,10747,0,90,2024,6185,12518440,0,647,311,597,1,
core_C136,41640,82240,0,90,1932,6350,12268200,0,443,-1,45,0,
core_C1535,9844,100149,1,90,2415,7939,19172685,0,595,299,486,1,
core_C219,19060,34736,0,0,5279,2576,13598704,0,63,-1,36,0,
core_C390,36120,123130,0,0,5897,2300,13563100,0,-1,-1,265,0,
core_C1465,37684,63255,0,0,5109,2484,12690756,0,-1,520,613,0,
core_C1262,29772,99661,0,0,3720,3588,13347360,0,594,-1,481,0,
core_C1121,51934,103431,1,0,6564,3220,21136080,0,-1,-1,601,0,
core_C549,68632,59026,1,0,6439,3105,19993095,0,-1,356,391,0,
core_C697,53133,60931,0,90,2208,5697,12578976,0,-1,-1,137,1,
core_C1674,70978,78901,1,90,3105,6435,19980675,0,-1,432,90,0,
core_C713,4899,108989,1,270,3220,6531,21029820,0,-1,-1,129,0,
core_C409,8124,115218,1,180,5528,3565,19707320,0,-1,95,475,1,
core_C437,92,65435,1,90,2300,7473,17187900,0,649,472,259,0,
core_C24,72150,87400,0,180,3627,3496,12679992,0,-1,-1,300,1,
core_C766,58358,4509,1,180,5562,3565,19828530,0,183,210,138,1,
core_C1,72917,69588,0,90,1656,5240,8677440,0,-1,-1,362,1,
core_C635,68685,75840,0,180,4374,2852,12474648,0,-1,-1,241,0,
core_C771,29772,60214,0,90,2024,6607,13372568,0,-1,456,41,0,
core_C1179,57301,0,1,270,4370,4509,19704330,0,-1,-1,338,1,
core_C1632,92,14145,1,0,7483,2760,20653080,0,270,471,441,0,
core_C1657,25816,69169,0,180,3613,3588,12963444,0,-1,75,404,0,
core_C112,92,99258,1,90,3565,5478,19529070,0,-1,316,97,0,
core_C127,31796,77372,0,90,1840,5892,10841280,0,112,128,25,0,
core_C793,63641,98588,1,90,2415,7413,17902395,0,593,631,73,1,
core_C1507,58811,106102,1,0,4582,4370,20023340,0,-1,-1,160,0,
core_C71,72513,37695,0,90,2024,6517,13190408,0,-1,469,53,1,
core_C1359,0,14316,0,180,3715,3588,13329420,0,91,27,131,0,
core_C1036,66056,78930,1,180,92,115,10580,0,532,397,589,1,
core_C1240,33492,99661,0,90,92,74,6808,0,134,98,571,1,
core_C1628,12259,100149,1,0,92,115,10580,0,403,-1,567,1,
core_C1061,21970,103514,0,0,74,92,6808,0,326,111,610,1,
core_C473,40812,9826,0,90,92,74,6808,0,565,-1,17,1,
core_C1110,64824,100062,0,0,74,92,6808,0,394,-1,107,1,
core_C1147,14536,92484,1,0,92,115,10580,0,12,-1,403,1,
core_C1200,62123,56672,0,180,74,92,6808,0,343,186,298,1,
core_C1501,51934,93004,1,90,115,92,10580,0,228,572,545,0,
core_C1650,34247,33570,1,0,92,115,10580,0,26,-1,513,0,
core_C994,32085,17179,1,90,115,92,10580,0,-1,623,327,0,
core_C982,36869,115607,1,0,92,115,10580,0,536,-1,425,0,
core_C946,66922,89976,0,0,74,92,6808,0,102,92,300,0,
core_C652,15548,88835,0,270,92,74,6808,0,-1,494,253,0,
core_C674,34247,30841,1,180,92,115,10580,0,-1,513,384,0,
core_C26,54725,58447,0,90,92,74,6808,0,-1,-1,182,1,
core_C743,58719,92305,1,0,92,115,10580,0,160,-1,221,1,
core_C843,21896,103514,0,0,74,92,6808,0,596,-1,552,1,
core_C819,4807,71990,1,0,92,115,10580,0,155,-1,559,1,
core_C806,51842,79385,1,0,92,115,10580,0,547,464,392,0,
core_C1494,37684,63163,0,0,74,92,6808,0,-1,570,222,0,
core_C1434,29772,96735,0,90,92,74,6808,0,-1,481,336,0,
core_C1416,37684,36777,0,270,92,74,6808,0,-1,10,621,1,
core_C169,51842,71051,1,90,115,92,10580,0,-1,96,354,0,
core_C267,0,2530,1,180,92,115,10580,0,553,-1,70,0,
core_C93,41906,118367,1,0,92,115,10580,0,158,-1,157,1,
core_C297,26473,118220,1,0,92,115,10580,0,504,-1,629,1,
core_C1281,49243,9147,1,0,92,115,10580,0,430,393,470,0,
core_C1277,37592,36777,0,90,92,74,6808,0,615,-1,522,1,
core_C140,51750,59736,1,0,92,115,10580,0,310,-1,82,0,
core_C1253,32085,17271,1,0,92,115,10580,0,646,248,603,0,
core_C1316,3761,43874,0,90,2024,6625,13409000,0,-1,-1,401,1,
core_C878,15548,67604,0,0,3595,3588,12898860,0,162,315,400,0,
core_C1014,57063,114957,1,0,4373,4370,19110010,0,-1,-1,60,1,
core_C307,66996,104819,0,0,6318,2024,12787632,0,-1,297,280,0,
core_C241,15348,23696,0,180,3712,3588,13318656,0,468,141,438,1,
core_C1545,23943,120750,1,90,2530,7728,19551840,0,619,-1,307,1,
core_C381,16008,115497,0,90,1932,6312,12194784,0,-1,-1,261,1,
core_C87,63641,106001,1,0,8126,2530,20558780,0,-1,296,589,0,
core_C50,12492,13198,0,180,6368,2024,12888832,0,-1,-1,396,0,
core_C385,11879,46351,1,90,2530,8134,20579020,0,-1,337,235,1,
core_C249,63491,39086,0,270,2484,5050,12544200,0,453,502,171,1,
core_C97,29772,1932,0,0,5827,2208,12866016,0,478,508,252,0,
core_C619,37827,2024,0,180,5176,2484,12857184,0,-1,-1,181,0,
core_C747,51750,52042,1,90,4485,4589,20581665,0,166,82,21,0,
core_C223,20064,87352,0,90,2944,4554,13406976,0,-1,189,494,1,
core_C1440,26933,96817,1,0,4429,4370,19354730,0,-1,-1,39,0,
core_C1305,43572,92184,0,0,5783,2300,13300900,0,-1,519,341,0,
core_C783,25208,53087,0,0,4484,2944,13200896,0,-1,-1,429,0,
core_C407,18308,120750,1,90,2530,7662,19384860,0,307,-1,246,0,
core_C846,36869,73130,1,0,7382,2760,20374320,0,359,18,57,1,
core_C926,14628,77222,1,90,3680,5589,20567520,0,31,544,215,0,
core_C1593,70978,62131,1,0,4485,4485,20115225,0,-1,448,521,1,
core_C575,32177,17271,1,0,4619,4600,21247400,0,291,273,623,1,
core_C588,42928,18321,0,0,5803,2300,13346900,0,-1,135,565,1,
core_C848,63572,70811,1,90,2530,8102,20498060,0,344,-1,377,1,
core_C1209,2392,65435,1,0,5588,3680,20563840,0,190,240,578,1,
core_C1245,41462,74512,0,0,5272,2484,13095648,0,371,427,423,1,
core_C1040,46647,20399,1,90,2530,7996,20229880,0,-1,-1,263,1,
Wirelength: 5.18155e+09
layer(tree) info:
layer: 0 ,width: 75777 ,height: 128733 ,area: 9755000541 ,blocks_area: 7620349236, filling_rate: 0.781174, utilizatio_rate: 0.778201
layer: 1 ,width: 75468 ,height: 128478 ,area: 9695977704 ,blocks_area: 7330861185, filling_rate: 0.756072, utilizatio_rate: 0.748638
random seed: 2
alpha: 0
gamma: 1
best wirelength: 5.18155e+09
initial_num_perturbs: 19560
iter: 0
best_iter: 0
best_cost: 0.166912
reject_time: 0
accept_inferior_time: 0
update_best_time: 0
adjustLegalOutline_fail_times: 0
outline_adjust_time: 147.598
initial_wirelength: 1.19822e+10
initial_average_wirelength: 7.17877e+10
1.19822e+10,initial_iter: 19560
initial_time: 268.453
total time cost: 601.076
