name,x,y,layer,rotated_angle,width,height,area,exceed_outline_area,left,right,parent,is_from_left,
macro_C8466,6159,4290,0,0,6369,5709,36360621,0,122,-1,41,1,
macro_C8467,18075,12359,0,0,6369,5709,36360621,0,28,88,59,1,
macro_C16429,9657,21745,0,0,5676,7524,42706224,0,73,-1,119,0,
macro_C16430,0,10704,1,180,8112,10752,87220224,0,-1,40,20,0,
macro_C32011,26290,19537,1,270,6144,12288,75497472,0,10,-1,70,1,
macro_C32012,30793,22077,0,0,8613,4290,36949770,0,-1,-1,100,1,
macro_C39784,23187,31328,0,0,5445,7854,42765030,0,7,-1,78,0,
macro_C39785,28632,31117,0,0,5445,7854,42765030,0,-1,-1,6,1,
macro_C55552,1803,15809,0,90,7854,5412,42505848,0,96,13,80,0,
macro_C55553,30527,6369,0,0,5412,7854,42505848,0,-1,-1,24,0,
macro_C63404,32434,18480,1,0,7728,11232,86800896,0,-1,-1,4,1,
macro_C63405,34047,14223,0,0,5412,7854,42505848,0,-1,-1,58,1,
macro_C71293,0,26668,1,270,11232,7728,86800896,0,-1,31,40,0,
macro_C71294,1803,21221,0,90,7854,5412,42505848,0,45,32,8,0,
macro_C86866,22571,23166,0,270,5709,6369,36360621,0,84,-1,98,1,
macro_C86867,17597,30559,1,0,8112,10752,87220224,0,17,-1,52,0,
macro_C86868,31059,26367,0,180,8613,4290,36949770,0,-1,-1,51,1,
macro_C86869,25709,31825,1,90,11232,7776,87340032,0,-1,-1,15,1,
macro_C86870,9657,29269,0,90,7854,5412,42505848,0,30,29,33,1,
macro_C94576,14277,0,0,0,6369,5709,36360621,0,48,94,122,1,
macro_C94577,0,2592,1,90,10752,8112,87220224,0,115,3,90,0,
macro_C94578,5445,0,0,0,8613,4290,36949770,0,-1,-1,22,1,
macro_C94579,0,0,0,180,5445,7854,42765030,0,21,49,-1,0,
macro_C94580,26455,0,1,90,11232,7728,86800896,0,-1,86,35,1,
macro_C102137,30527,0,0,270,5709,6369,36360621,0,-1,9,27,1,
macro_C102138,30396,7728,1,0,8112,10752,87220224,0,-1,-1,114,1,
macro_C102139,21836,7854,0,180,8613,4290,36949770,0,62,-1,110,1,
macro_C102140,25082,0,0,180,5445,7854,42765030,0,24,-1,48,1,
macro_C102141,24444,12144,0,0,5412,7854,42505848,0,82,76,1,1,
macro_C109812,9657,34681,0,180,6369,5709,36360621,0,-1,-1,18,0,
macro_C109813,17511,29535,0,0,5676,7524,42706224,0,78,-1,18,1,
macro_C109814,0,34396,1,0,12288,6144,75497472,0,65,-1,12,0,
macro_C109815,1803,26633,0,90,7854,5445,42765030,0,-1,92,13,0,
macro_C109816,1803,33860,0,90,7854,5412,42505848,0,18,-1,92,0,
core_C1,16059,5709,0,0,4507,1485,6692895,0,63,93,94,1,
core_C3,23811,0,1,0,2644,5184,13706496,0,23,-1,120,1,
core_C4,26220,13104,1,90,2112,6433,13586496,0,114,-1,53,1,
core_C5,18615,5184,1,180,5534,2736,15141024,0,-1,-1,61,0,
core_C6,28280,26134,0,0,1829,3564,6518556,0,-1,-1,84,0,
core_C7,1803,10790,0,0,4513,1452,6552876,0,-1,117,41,0,
core_C11,0,21456,1,0,5358,2592,13887936,0,68,12,3,0,
core_C13,1803,9319,0,90,4356,1471,6407676,0,0,39,69,1,
core_C14,5283,0,1,0,5197,2544,13221168,0,-1,-1,90,1,
core_C15,9657,17127,0,180,3858,1254,4837932,0,87,116,45,0,
core_C16,14277,9291,0,90,1782,3635,6477570,0,97,-1,94,0,
core_C18,9657,14619,0,0,2521,2508,6322668,0,46,43,13,1,
core_C19,12178,14741,0,180,3389,1650,5591850,0,59,-1,45,1,
core_C22,0,9319,0,0,1787,3498,6250926,0,-1,69,49,0,
core_C23,20646,0,0,180,4436,1452,6441072,0,27,113,19,1,
core_C24,0,7854,0,90,4356,1465,6381540,0,-1,47,22,0,
core_C26,12396,24148,1,180,5201,2544,13231344,0,79,-1,57,0,
core_C28,26751,29698,0,180,4308,1419,6113052,0,16,-1,78,1,
core_C30,17597,28543,1,180,6190,2016,12479040,0,-1,15,83,0,
core_C31,21228,13162,1,270,4992,2542,12689664,0,36,-1,101,1,
core_C32,21634,18068,0,0,1810,3564,6450840,0,55,-1,103,1,
core_C33,23444,21450,0,0,3520,1716,6040320,0,100,-1,54,1,
core_C34,15996,10341,1,180,2241,6480,14521680,0,-1,101,108,0,
core_C35,12396,21569,1,90,5088,2579,13121952,0,-1,50,60,0,
core_C36,32397,17808,0,90,1650,3360,5544000,0,11,-1,82,1,
core_C37,15567,14741,0,90,2508,1305,3272940,0,1,-1,46,1,
core_C38,12396,16289,1,0,2718,5280,14351040,0,121,57,85,0,
core_C41,18615,0,1,0,2652,5184,13747968,0,120,37,81,1,
core_C42,30449,14223,0,270,1452,4500,6534000,0,89,-1,26,1,
core_C43,20566,5709,0,180,3631,1782,6470442,0,-1,-1,34,1,
core_C45,13274,12926,0,180,3659,1815,6641085,0,-1,-1,99,1,
core_C47,12288,26692,1,90,5280,2730,14414400,0,-1,-1,31,1,
core_C48,19000,21566,0,180,1789,3564,6375996,0,98,-1,73,1,
core_C49,8987,9999,0,180,4440,1419,6300360,0,-1,-1,118,1,
core_C50,5358,21456,1,180,1879,3744,7034976,0,104,-1,40,1,
core_C51,0,12817,0,180,1803,3498,6306894,0,41,-1,47,0,
core_C54,23746,19537,1,90,2544,5184,13188096,0,4,-1,71,1,
core_C55,21487,15704,1,0,2259,4512,10192608,0,70,-1,121,1,
core_C56,9781,12624,1,180,2615,5088,13305120,0,85,-1,104,1,
core_C57,15333,21745,0,180,3667,1782,6534594,0,66,95,2,1,
core_C58,15333,27582,0,270,4356,1494,6507864,0,102,-1,75,0,
core_C59,15333,26163,0,180,4269,1419,6057711,0,-1,74,95,0,
core_C60,24444,19998,0,180,4520,1452,6563040,0,-1,-1,28,0,
core_C61,17597,23301,1,180,5227,2592,13548384,0,-1,83,79,0,
core_C62,23187,29535,0,90,3564,1793,6390252,0,51,6,30,1,
core_C64,17597,21477,1,0,5697,1824,10391328,0,-1,77,50,1,
core_C65,1803,14024,0,270,3564,1785,6361740,0,118,8,117,0,
core_C66,15996,0,1,0,2619,5184,13576896,0,61,108,85,1,
core_C67,29856,18723,0,270,2541,2593,6588813,0,58,-1,28,1,
core_C68,17597,25893,1,90,5280,2650,13992000,0,-1,52,77,0,
core_C72,28280,22704,0,270,1683,3430,5772690,0,-1,38,14,1,
core_C74,12396,12624,1,90,3600,3665,13194000,0,81,60,72,1,
core_C75,26455,7728,1,180,2316,4608,10672128,0,-1,-1,23,0,
core_C77,13515,16391,0,270,3564,1800,6415200,0,-1,91,43,1,
core_C78,18075,18068,0,180,1792,3498,6268416,0,103,-1,1,0,
core_C79,31901,14223,0,90,1749,3585,6270165,0,-1,-1,62,1,
core_C80,0,0,1,0,5283,2592,13693536,0,42,20,-1,0,
core_C81,13515,18191,0,90,3564,1805,6433020,0,-1,-1,87,0,
core_C82,1803,32078,0,180,3637,1782,6481134,0,-1,33,32,0,
core_C83,16059,7194,0,0,1809,3564,6447276,0,-1,-1,34,0,
core_C84,14277,5709,0,90,1782,3582,6383124,0,34,44,19,0,
core_C85,15333,23527,0,90,2574,2636,6785064,0,-1,75,73,0,
core_C86,9657,11418,0,0,4538,1452,6589176,0,-1,99,8,1,
core_C87,16059,10758,0,180,4160,1353,5628480,0,110,-1,44,1,
core_C88,20789,21632,0,270,1782,3677,6552414,0,14,-1,66,1,
core_C89,9657,12870,0,180,3617,1749,6326133,0,64,-1,96,0,
core_C90,26964,21450,0,180,3829,1254,4801566,0,5,-1,55,1,
core_C91,15996,16821,1,0,5232,2544,13310208,0,53,-1,56,0,
core_C92,19689,25309,0,90,1782,3682,6561324,0,-1,-1,74,1,
core_C93,19867,18068,0,0,1767,3432,6064344,0,54,-1,88,1,
core_C94,7237,21456,1,90,2544,5212,13259328,0,72,-1,68,1,
core_C96,10752,4896,1,0,2666,5184,13820544,0,-1,106,115,0,
core_C98,10752,10080,1,0,5214,2544,13264416,0,-1,-1,105,0,
core_C101,14055,19996,0,0,3614,1749,6320886,0,-1,-1,119,1,
core_C102,15996,5184,1,90,2544,5157,13119408,0,112,56,81,0,
core_C104,18540,10536,1,90,5088,2626,13361088,0,-1,-1,112,0,
core_C107,20219,7491,0,90,1617,4868,7871556,0,26,-1,97,1,
core_C108,23628,7920,1,0,2663,5184,13804992,0,-1,-1,112,1,
core_C109,18540,7920,1,270,5088,2616,13310208,0,111,109,108,1,
core_C110,20646,1452,0,180,1829,3564,6518556,0,-1,-1,48,0,
core_C111,28332,12336,1,90,2064,6355,13116720,0,25,-1,36,1,
core_C112,10752,0,1,180,2482,4896,12151872,0,-1,105,20,1,
core_C113,9657,18381,0,180,3536,1749,6184464,0,-1,119,43,0,
core_C114,1803,12242,0,180,3579,1782,6377778,0,123,80,39,0,
core_C116,5367,14053,0,0,3620,1749,6331380,0,67,-1,80,1,
core_C117,9657,20130,0,180,4398,1452,6385896,0,107,2,116,0,
core_C118,21267,0,1,90,2544,5127,13043088,0,35,-1,61,1,
core_C119,15114,19365,1,180,6373,2112,13459776,0,71,-1,60,1,
core_C120,12528,4290,0,270,1749,3594,6285906,0,19,-1,0,1,
core_C121,5382,12242,0,90,3564,1811,6454404,0,-1,-1,117,1,
Wirelength: 9.67032e+07
layer(tree) info:
layer: 0 ,width: 39672 ,height: 40390 ,area: 1602352080 ,blocks_area: 1300781196, filling_rate: 0.811795, utilizatio_rate: 0.778005
layer: 1 ,width: 40162 ,height: 41311 ,area: 1659132382 ,blocks_area: 1317529488, filling_rate: 0.794108, utilizatio_rate: 0.788022
random seed: 10
alpha: 0
gamma: 1
best wirelength: 9.67032e+07
initial_num_perturbs: 15376
iter: 0
best_iter: 0
best_cost: 0.25516
reject_time: 0
accept_inferior_time: 0
update_best_time: 0
adjustLegalOutline_fail_times: 0
outline_adjust_time: 0.143
initial_wirelength: 1.15016e+09
initial_average_wirelength: 2.48243e+09
8.7206e+08,initial_iter: 15376
initial_time: 11.551
total time cost: 176.538
