name,x,y,layer,rotated_angle,width,height,area,exceed_outline_area,left,right,parent,is_from_left,
macro_C2790,123,33,0,270,33,142,4686,0,2,-1,5,0,
macro_C2791,90,0,0,270,33,308,10164,0,5,-1,3,1,
macro_C2792,156,33,0,270,33,384,12672,0,-1,-1,0,1,
macro_C2793,0,0,0,0,90,33,2970,0,1,-1,-1,0,
macro_C2794,7387,6827,1,180,142,33,4686,0,-1,-1,13,1,
macro_C2795,123,0,0,0,109,33,3597,0,-1,0,1,1,
core_C0,6831,0,1,90,2211,4550,10060050,0,-1,-1,7,1,
core_C1,4158,0,1,90,2673,4084,10916532,0,6,12,9,1,
core_C4,0,0,1,90,1848,5660,10459680,0,9,-1,-1,0,
core_C7,1848,0,1,270,2310,4676,10801560,0,7,10,8,1,
core_C9,1848,4676,1,90,2310,4644,10727640,0,-1,-1,9,0,
core_C11,8732,4550,1,270,1980,4950,9801000,0,-1,-1,12,1,
core_C12,4158,4550,1,0,4574,2277,10414998,0,11,13,7,0,
core_C13,4158,6827,1,180,3229,3168,10229472,0,4,-1,12,0,
Wirelength: 1.9155e+20
layer(tree) info:
layer: 0 ,width: 232 ,height: 417 ,area: 96744 ,blocks_area: 34089, filling_rate: 0.352363, utilizatio_rate: 7.80069e-05
layer: 1 ,width: 10712 ,height: 9995 ,area: 107066440 ,blocks_area: 83415618, filling_rate: 0.779101, utilizatio_rate: 0.190882
random seed: 2
alpha: 0
gamma: 1
best wirelength: 1.9155e+20
initial_num_perturbs: 420
iter: 0
best_iter: 0
best_cost: 0.588637
reject_time: 0
accept_inferior_time: 0
update_best_time: 0
adjustLegalOutline_fail_times: 0
outline_adjust_time: 0.001
initial_wirelength: 4.58139e+20
initial_average_wirelength: 4.89234e+20
5.59491e+20,initial_iter: 420
initial_time: 0.039
total time cost: 0.614
