name,x,y,layer,rotated_angle,width,height,area,exceed_outline_area,left,right,parent,is_from_left,
core_C90,16335,5709,0,0,3829,1254,4801566,0,-1,-1,98,1,
core_C67,10659,16368,0,0,4539,1452,6590628,0,-1,98,47,0,
core_C34,0,15793,0,90,1518,4596,6976728,0,-1,35,46,0,
core_C16,8184,30158,0,90,1782,3635,6477570,0,103,-1,102,1,
core_C18,35507,26150,0,0,3993,1584,6324912,0,-1,62,91,0,
core_C22,34055,26979,0,90,1419,4407,6253533,0,-1,-1,82,0,
core_C56,30888,35017,0,90,1452,4402,6391704,0,-1,-1,78,0,
core_C110,25476,37667,0,0,4490,1452,6519480,0,-1,84,108,0,
core_C118,16512,37296,1,0,6319,2064,13042416,0,-1,-1,121,0,
core_C60,33312,28128,1,270,2976,4590,13659840,0,-1,-1,110,1,
core_C68,27060,0,0,270,1485,4527,6722595,0,-1,-1,50,1,
core_C35,29930,0,0,90,1419,4442,6303198,0,-1,59,20,1,
core_C114,16512,27072,1,180,6431,2064,13273584,0,-1,121,113,0,
core_C48,16335,21258,0,270,1452,4392,6377184,0,68,54,34,0,
core_C4,0,8790,0,270,1452,4495,6526740,0,64,46,16,0,
core_C98,2739,16269,0,90,1452,4388,6371376,0,-1,86,48,0,
core_C107,0,4290,0,90,1749,4500,7870500,0,-1,14,94,0,
core_C6,17886,12408,0,0,4491,1452,6520932,0,66,-1,34,1,
core_C78,24215,6120,0,180,4417,1419,6267723,0,-1,-1,66,1,
core_C33,35507,13280,0,90,1419,4257,6040683,0,-1,91,22,0,
core_C50,27654,23247,0,180,2276,1485,3379860,0,11,-1,74,1,
core_C119,35507,4446,0,270,1452,4453,6465756,0,-1,22,82,1,
core_C65,35507,8899,0,270,1452,4381,6361212,0,-1,19,21,0,
core_C84,21600,7728,1,90,2064,6438,13288032,0,-1,-1,111,0,
core_C92,2739,12144,0,180,3156,2079,6561324,0,43,48,114,0,
core_C26,0,26772,0,270,1584,4013,6356592,0,-1,-1,28,0,
core_C42,5219,26561,0,90,1584,4125,6534000,0,73,-1,75,1,
core_C108,2739,31379,0,180,4102,1617,6632934,0,55,102,75,0,
core_C93,0,24330,0,0,2484,2442,6065928,0,-1,25,35,0,
core_C14,31184,26203,0,90,1452,4374,6351048,0,58,-1,31,1,
core_C91,29930,18866,0,270,2508,2549,6392892,0,32,69,42,0,
core_C55,29930,25908,0,90,1254,3905,4896870,0,29,-1,69,0,
core_C88,32438,18866,0,90,1782,3677,6552414,0,-1,-1,30,1,
core_C66,31415,22543,0,90,1782,3660,6522120,0,-1,-1,69,1,
core_C5,16335,16568,0,90,1551,4690,7274190,0,17,13,67,0,
core_C28,0,20389,0,90,1551,3941,6112491,0,-1,28,2,0,
core_C62,24189,4536,0,180,4035,1584,6391440,0,-1,-1,104,1,
core_C75,31976,13814,0,90,1584,3237,5127408,0,-1,-1,61,1,
core_C80,24024,34724,0,90,1452,4530,6577560,0,108,-1,92,1,
core_C54,8613,5676,0,90,1584,4000,6336000,0,-1,44,96,0,
core_C117,19041,26177,0,0,4398,1452,6385896,0,-1,-1,76,0,
core_C112,4191,16269,0,270,1947,2999,5839053,0,80,118,86,1,
core_C1,29930,17051,0,180,3687,1815,6691905,0,-1,30,61,0,
core_C104,5895,12144,0,0,2559,2508,6417972,0,-1,-1,24,1,
core_C96,8613,9676,0,90,1485,4473,6642405,0,-1,87,39,0,
core_C51,6138,17285,0,0,4445,1419,6307455,0,-1,-1,80,0,
core_C32,0,13285,0,0,2573,2508,6453084,0,-1,2,14,0,
core_C116,10659,14784,0,180,3997,1584,6331248,0,-1,1,49,0,
core_C24,2739,14223,0,180,3119,2046,6381474,0,-1,15,24,0,
core_C61,10659,13200,0,0,4109,1584,6508656,0,-1,47,99,0,
core_C109,25608,0,0,90,1452,4405,6396060,0,10,-1,57,1,
core_C111,32340,30622,0,90,1419,4441,6301779,0,105,-1,78,1,
core_C102,0,0,1,90,2064,6357,13120848,0,-1,83,-1,0,
core_C89,4191,24977,0,180,3993,1584,6324912,0,-1,-1,118,0,
core_C7,16335,25650,0,90,1452,4513,6552876,0,81,95,13,0,
core_C85,6841,28343,0,180,3738,1815,6784470,0,-1,-1,27,1,
core_C36,17787,27629,0,180,4098,1353,5544594,0,-1,-1,68,0,
core_C3,24156,0,0,90,1452,4536,6586272,0,50,-1,79,1,
core_C79,32636,26203,0,90,1419,4419,6270561,0,82,-1,29,1,
core_C47,29930,4442,0,0,4563,1518,6926634,0,85,115,11,0,
core_C41,24717,23247,0,270,1452,4549,6605148,0,74,-1,88,1,
core_C94,29930,13814,0,90,2046,3113,6369198,0,37,42,115,0,
core_C101,35507,27734,0,180,3089,2046,6320094,0,-1,89,4,0,
core_C31,10368,15840,1,180,5748,2208,12691584,0,-1,93,117,0,
core_C64,1452,8790,0,90,1287,3879,4992273,0,114,-1,14,1,
core_C30,0,12797,1,90,2208,5652,12479616,0,122,-1,83,0,
core_C37,22377,12408,0,180,1838,1782,3275316,0,18,-1,17,1,
core_C87,16335,12408,0,90,1353,4160,5628480,0,-1,34,104,0,
core_C15,17787,21258,0,90,1254,3858,4837932,0,116,56,13,1,
core_C11,29930,21415,0,90,1485,4493,6672105,0,33,31,30,0,
core_C72,2739,26561,0,180,2430,2376,5773680,0,-1,75,86,0,
core_C19,20823,22044,0,90,1353,4133,5591949,0,88,-1,76,1,
core_C113,22153,27796,0,180,3536,1749,6184464,0,-1,-1,81,1,
core_C58,6803,26561,0,180,3653,1782,6509646,0,-1,-1,26,1,
core_C38,26169,23247,0,90,1485,4643,6894855,0,20,-1,60,1,
core_C59,2739,28937,0,180,2480,2442,6056160,0,26,27,70,0,
core_C82,19041,22044,0,90,1782,3637,6481134,0,71,40,116,0,
core_C49,24240,15840,1,180,6353,2064,13112592,0,-1,119,97,0,
core_C83,30888,30577,0,270,1452,4440,6446880,0,51,6,108,1,
core_C43,22704,0,0,90,1452,4457,6471564,0,57,-1,123,1,
core_C120,6138,14652,0,90,2475,2540,6286500,0,96,45,41,1,
core_C74,17787,28982,0,0,4366,1452,6339432,0,72,-1,54,1,
core_C23,34055,22543,0,270,1452,4436,6441072,0,21,5,58,1,
core_C57,0,6357,1,90,2112,6440,13601280,0,-1,65,52,0,
core_C81,25476,39119,0,180,4432,1452,6435264,0,-1,-1,7,0,
core_C121,34493,0,0,90,1452,4446,6455592,0,-1,-1,59,1,
core_C13,2739,20657,0,90,1452,4413,6407676,0,41,70,15,0,
core_C77,8613,14149,0,270,2046,3136,6416256,0,99,-1,44,0,
core_C86,22176,23247,0,90,2541,2593,6588813,0,60,-1,71,1,
core_C45,35507,29780,0,180,4107,1617,6641019,0,-1,-1,62,0,
macro_C124176,33312,15840,1,90,6144,12288,75497472,0,-1,-1,119,1,
macro_C124187,35507,17537,0,90,4290,8613,36949770,0,-1,4,19,0,
macro_C124192,15411,34724,0,0,8613,4290,36949770,0,38,-1,103,1,
macro_C124197,10368,18048,1,90,6144,12288,75497472,0,113,-1,63,0,
macro_C124175,0,0,0,0,8613,4290,36949770,0,-1,16,-1,0,
macro_C124202,16335,30434,0,0,8613,4290,36949770,0,-1,-1,54,0,
macro_C124174,8613,0,0,90,7524,5676,42706224,0,-1,39,80,1,
macro_C124201,24240,7728,1,90,10752,8112,87220224,0,-1,77,113,1,
macro_C124196,10659,17820,0,0,5676,7524,42706224,0,0,100,1,0,
macro_C124186,10659,5676,0,0,5676,7524,42706224,0,123,49,87,1,
macro_C124173,10659,25344,0,0,5676,7524,42706224,0,104,-1,98,0,
macro_C124191,10368,0,1,90,10752,8112,87220224,0,-1,117,120,1,
macro_C124198,2739,32996,0,0,5445,7854,42765030,0,3,-1,27,0,
macro_C124188,9966,32868,0,0,5445,7854,42765030,0,92,-1,3,1,
macro_C124203,16335,6963,0,90,7854,5445,42765030,0,36,67,100,1,
macro_C124178,33759,31397,0,0,5445,7854,42765030,0,-1,-1,51,1,
macro_C124193,24453,7539,0,0,5445,7854,42765030,0,-1,107,116,1,
macro_C124177,24453,15393,0,0,5445,7854,42765030,0,-1,-1,106,0,
macro_C124189,25476,29813,0,0,5412,7854,42505848,0,78,7,38,1,
macro_C124179,2208,20304,1,0,7728,11232,86800896,0,-1,120,112,0,
macro_C124180,25584,26064,1,0,7728,11232,86800896,0,9,-1,121,1,
macro_C124181,21600,0,1,90,11232,7728,86800896,0,-1,23,117,1,
macro_C124182,2208,9072,1,0,7728,11232,86800896,0,-1,109,122,0,
macro_C124183,16512,15840,1,0,7728,11232,86800896,0,97,12,93,1,
macro_C124184,2739,4290,0,180,5412,7854,42505848,0,-1,24,64,1,
macro_C124194,29930,5960,0,0,5412,7854,42505848,0,-1,61,59,0,
macro_C124199,19041,14190,0,0,5412,7854,42505848,0,106,76,68,1,
macro_C124204,10368,8112,1,90,11232,7728,86800896,0,111,63,101,0,
macro_C124185,4191,19268,0,180,6369,5709,36360621,0,-1,53,41,0,
macro_C124190,24240,17904,1,0,9072,8160,74027520,0,90,-1,77,0,
macro_C124195,2208,31536,1,270,8160,9072,74027520,0,101,-1,109,0,
macro_C124200,16512,29136,1,180,9072,8160,74027520,0,110,8,12,0,
macro_C124172,2208,0,1,90,8160,9072,74027520,0,-1,112,65,1,
macro_C124171,16335,0,0,0,6369,5709,36360621,0,79,-1,99,1,
Wirelength: 1.77511e+08
layer(tree) info:
layer: 0 ,width: 39797 ,height: 40850 ,area: 1625707450 ,blocks_area: 1324957689, filling_rate: 0.815004, utilizatio_rate: 0.792465
layer: 1 ,width: 39456 ,height: 40608 ,area: 1602229248 ,blocks_area: 1260620640, filling_rate: 0.786792, utilizatio_rate: 0.753984
random seed: 17
alpha: 0
gamma: 1
best wirelength: 1.77511e+08
initial_num_perturbs: 3720
iter: 0
best_iter: 0
best_cost: 0.301813
reject_time: 0
accept_inferior_time: 0
update_best_time: 0
adjustLegalOutline_fail_times: 0
outline_adjust_time: 0.546
initial_wirelength: 5.62161e+08
initial_average_wirelength: 1.86261e+09
5.62161e+08,initial_iter: 3720
initial_time: 3.034
total time cost: 50.198
