name,x,y,layer,rotated_angle,width,height,area,exceed_outline_area,left,right,parent,is_from_left,
macro_C415824,39192,4048,0,0,5520,23736,131022720,0,12,271,533,1,
macro_C393731,9361,45749,1,0,8625,37030,319383750,0,33,494,647,0,
macro_C396425,19136,27784,0,0,5520,23736,131022720,0,103,-1,29,1,
macro_C399323,3496,103007,0,0,5520,23736,131022720,0,-1,-1,650,0,
macro_C401933,35236,104896,0,0,5520,23736,131022720,0,241,-1,109,0,
macro_C404827,29164,32126,0,0,5520,23736,131022720,0,281,140,465,0,
macro_C407516,19136,4048,0,0,5520,23736,131022720,0,-1,-1,25,1,
macro_C410398,44873,65118,1,0,8625,37030,319383750,0,196,424,448,0,
macro_C413082,30176,0,1,0,8625,37030,319383750,0,24,648,155,1,
macro_C40987,15640,96626,0,0,5520,23736,131022720,0,-1,123,592,0,
macro_C418718,13616,2024,0,0,5520,23736,131022720,0,573,25,452,0,
macro_C421703,42946,92451,0,0,5520,23736,131022720,0,-1,540,637,0,
macro_C424481,44712,0,0,0,5520,23736,131022720,0,298,387,0,1,
macro_C427156,9568,101926,0,0,5520,23736,131022720,0,-1,-1,342,0,
macro_C429952,29164,58512,0,0,5520,23736,131022720,0,230,256,616,0,
macro_C432667,69442,98797,0,0,5520,23736,131022720,0,-1,294,330,0,
macro_C38059,58834,23684,1,0,8625,37030,319383750,0,-1,169,158,0,
macro_C78506,21252,75256,0,0,5520,23736,131022720,0,291,535,26,0,
macro_C390724,51042,28556,0,0,5520,23736,131022720,0,89,529,72,0,
macro_C43597,19021,29944,1,0,8625,37030,319383750,0,155,520,266,0,
macro_C46411,63202,63792,0,0,5520,23736,131022720,0,524,-1,377,1,
macro_C48981,35834,67878,1,0,8625,37030,319383750,0,-1,620,209,1,
macro_C51791,42964,27784,0,0,5520,23736,131022720,0,226,571,271,1,
macro_C54384,0,40135,1,0,8625,37030,319383750,0,-1,513,31,0,
macro_C57054,38801,0,1,0,8625,37030,319383750,0,456,-1,8,1,
macro_C62277,13616,25760,0,0,5520,23736,131022720,0,6,29,10,0,
macro_C65066,21252,51520,0,0,5520,23736,131022720,0,340,17,360,1,
macro_C67838,39266,57868,0,0,5520,23736,131022720,0,574,491,611,1,
macro_C70493,54906,61216,0,0,5520,23736,131022720,0,367,111,641,0,
macro_C73067,13616,49496,0,0,5520,23736,131022720,0,2,186,25,0,
macro_C75793,7846,40637,0,0,5520,23736,131022720,0,-1,-1,176,1,
macro_C59667,0,3105,1,0,8625,37030,319383750,0,432,23,556,0,
core_C930,8332,110221,1,180,5602,3680,20615360,0,-1,56,84,1,
core_C1124,17986,77796,1,90,2645,8040,21265800,0,472,-1,1,1,
core_C1270,54906,90656,0,0,6417,2116,13578372,0,-1,156,265,0,
core_C1382,60997,6530,0,90,2024,6366,12884784,0,181,537,438,0,
core_C1112,41425,44056,1,180,5407,3450,18654150,0,-1,-1,254,0,
core_C126,62450,57449,0,90,2852,4319,12317788,0,-1,60,71,0,
core_C1684,61226,109046,1,90,2530,8064,20401920,0,39,-1,427,1,
core_C1556,63756,60714,1,180,5545,3680,20405600,0,-1,605,38,1,
core_C599,51042,68235,0,180,3583,3496,12526168,0,-1,464,44,0,
core_C919,14076,29578,1,90,2530,8236,20837080,0,486,-1,255,0,
core_C1502,16606,17365,1,180,7438,2760,20528880,0,-1,239,486,0,
core_C356,31188,114858,0,90,2024,6233,12615592,0,55,-1,225,0,
core_C1322,51042,64647,0,0,3634,3588,13038792,0,-1,40,264,0,
core_C1329,71374,85834,0,90,2024,6501,13158024,0,-1,454,509,0,
core_C1044,1472,5789,0,270,2300,5900,13570000,0,408,343,500,1,
core_C318,41014,89515,0,90,1932,6063,11713716,0,162,-1,403,1,
core_C1681,54906,55144,0,0,6389,2024,12931336,0,-1,565,182,0,
core_C1652,44873,108013,1,90,4255,4429,18845395,0,-1,581,511,0,
core_C667,33258,43355,1,0,4782,4600,21997200,0,-1,439,53,0,
core_C285,63830,103223,0,0,5183,2576,13351408,0,-1,321,168,0,
core_C15,56442,116369,1,180,4599,4370,20097630,0,-1,457,593,0,
core_C925,33258,39675,1,0,5522,3680,20320960,0,137,50,227,0,
core_C1409,13616,79028,0,180,6343,2024,12838232,0,-1,507,496,0,
core_C562,33212,95294,0,180,3521,3496,12309416,0,-1,115,43,1,
core_C168,8332,115051,1,0,7630,2530,19303900,0,131,470,32,0,
core_C458,52882,86175,0,90,2024,6573,13303752,0,182,-1,499,1,
core_C1109,42228,53544,0,0,5940,2300,13662000,0,-1,-1,422,1,
core_C943,69487,18879,1,90,4485,4522,20281170,0,-1,589,471,0,
core_C1583,62450,61768,0,0,6483,2024,13121592,0,-1,-1,37,0,
core_C100,2415,91048,1,90,1725,5758,9932550,0,614,-1,325,1,
core_C1141,35638,124708,1,0,8012,2645,21191740,0,-1,-1,100,1,
core_C879,33212,116938,0,90,2024,6525,13206600,0,-1,-1,586,0,
core_C355,49140,23736,0,90,1840,5935,10920400,0,-1,-1,387,1,
core_C387,69487,32040,1,270,3565,5520,19678800,0,-1,555,214,0,
core_C647,61133,26200,0,0,4557,2852,12996564,0,-1,421,220,0,
core_C439,24476,20262,1,180,5637,1840,10372080,0,-1,-1,644,0,
core_C721,33442,59598,1,0,8124,2530,20553720,0,583,267,612,1,
core_C239,39266,95578,0,180,3678,3588,13196664,0,-1,-1,597,0,
core_C1333,29164,26514,0,0,3698,3588,13268424,0,350,465,501,0,
core_C266,62450,53110,0,90,2852,4339,12374828,0,442,37,367,1,
core_C951,51042,11232,0,90,3588,3746,13440648,0,349,18,287,1,
core_C406,42946,122348,0,90,1932,6005,11601660,0,-1,-1,540,0,
core_C259,3496,15093,0,90,2484,5285,13127940,0,-1,356,143,0,
core_C522,8133,29197,0,0,5297,2484,13157748,0,-1,286,418,1,
core_C1618,47914,65384,0,270,2484,5320,13214880,0,-1,-1,554,1,
core_C875,72592,51609,1,90,2530,7653,19362090,0,-1,416,101,0,
core_C841,3496,63465,0,0,3739,3588,13415532,0,-1,473,364,0,
core_C1299,40273,111568,1,90,2530,7721,19534130,0,273,-1,602,1,
core_C44,49018,108122,0,180,5863,2208,12945504,0,-1,373,113,0,
core_C1017,65457,16944,0,90,2024,6266,12682384,0,290,-1,296,1,
core_C1331,44970,116187,0,90,2024,6288,12726912,0,381,134,540,1,
core_C98,65626,47314,0,0,5281,2484,13118004,0,-1,135,544,1,
core_C330,115,110221,1,0,8217,2530,20789010,0,32,420,262,0,
core_C358,73398,4463,0,270,2024,6097,12340328,0,-1,-1,626,1,
core_C210,37260,2024,0,0,6603,2024,13364472,0,-1,94,259,0,
core_C996,27646,53552,1,180,5260,3335,17542100,0,-1,552,423,0,
core_C780,6992,85692,0,180,4531,2852,12922412,0,177,-1,485,0,
core_C1441,56562,28556,0,270,2024,6249,12647976,0,326,-1,18,1,
core_C576,49243,117670,1,180,7175,2760,19803000,0,-1,-1,603,0,
core_C1456,61981,36391,0,90,1932,6065,11717580,0,235,112,474,0,
core_C309,69487,52062,1,90,3105,6639,20614095,0,101,559,331,0,
core_C57,63940,96003,1,270,3105,6638,20610990,0,-1,545,516,0,
core_C1493,37260,4048,0,90,1840,5858,10778720,0,-1,533,86,0,
core_C1295,26772,20187,0,0,5216,2576,13436416,0,-1,467,627,0,
core_C1113,53498,58699,1,90,2645,7954,21038330,0,318,206,531,0,
core_C1022,35926,111472,1,90,2530,7716,19521480,0,525,-1,572,0,
core_C34,8071,0,1,180,6287,3105,19521135,0,-1,-1,556,1,
core_C1287,3496,28075,0,90,2208,5748,12691584,0,-1,246,384,0,
core_C729,31345,112763,1,180,4293,4140,17773020,0,62,-1,180,1,
core_C1070,72592,44036,1,90,2415,7573,18288795,0,-1,77,92,1,
core_C820,9475,91862,0,180,3638,3588,13053144,0,-1,-1,563,1,
core_C1151,24656,4048,0,90,2024,6513,13182312,0,-1,282,2,1,
core_C1685,23184,110733,0,90,2024,6549,13255176,0,229,376,157,1,
core_C929,67229,31847,0,180,3515,3404,11965060,0,-1,-1,474,1,
core_C1114,33258,90996,1,90,2530,8265,20910450,0,284,236,570,0,
core_C1484,49335,108013,1,90,2185,6765,14781525,0,199,-1,603,1,
core_C1084,67014,25599,0,90,2024,6100,12346400,0,577,-1,421,1,
core_C1197,35236,98790,0,90,2024,6106,12358544,0,259,4,586,1,
core_C1135,3496,75977,0,90,2116,5700,12061200,0,-1,564,519,0,
core_C934,54906,84952,0,0,3758,3588,13483704,0,377,265,28,0,
core_C845,61981,42456,0,0,5862,2208,12943296,0,508,594,91,0,
core_C206,49018,105914,0,0,5730,2208,12651840,0,-1,80,547,0,
core_C33,6762,87494,1,180,7193,2760,19852680,0,587,632,596,0,
core_C302,33212,98790,0,90,1840,5523,10162320,0,-1,201,55,0,
core_C589,47426,23484,1,0,7189,2875,20668375,0,-1,495,456,0,
core_C158,58586,43760,0,90,2024,6108,12362592,0,-1,-1,326,0,
core_C414,70495,111972,1,90,2415,7821,18887715,0,440,-1,316,0,
core_C1116,23184,120226,0,180,5033,2484,12501972,0,469,306,376,0,
core_C1033,7878,126743,0,0,6191,2024,12530584,0,-1,-1,477,1,
core_C1170,63940,82342,1,90,2300,7385,16985500,0,396,516,510,0,
core_C376,115,103364,1,180,5522,3565,19685930,0,-1,262,278,0,
core_C1265,15640,120362,0,90,2208,5922,13075776,0,360,-1,9,0,
core_C613,63830,120371,0,90,1932,5926,11449032,0,127,-1,329,1,
core_C459,30176,60337,1,90,2530,8197,20738410,0,-1,-1,276,1,
core_C238,16606,26795,1,90,2415,7917,19119555,0,266,-1,217,0,
core_C506,65762,120371,0,270,3588,3736,13404768,0,317,-1,124,1,
core_C46,54906,109177,0,0,3740,3680,13763200,0,247,292,237,0,
core_C1232,26772,79820,0,270,1932,6246,12067272,0,-1,297,651,0,
core_C187,24656,29594,0,90,2116,6630,14029080,0,-1,406,147,0,
core_C450,15962,115051,1,90,2530,7790,19708700,0,415,-1,56,1,
core_C494,33090,18163,0,90,2024,6268,12686432,0,-1,-1,627,1,
core_C915,60592,101385,0,90,2852,4458,12714216,0,-1,-1,237,1,
core_C1043,44970,122475,0,180,4432,2944,13047808,0,431,-1,82,0,
core_C449,65626,49798,0,0,5131,2484,12745404,0,-1,138,83,0,
core_C10,33258,75273,1,90,2530,7903,19994590,0,-1,570,604,0,
core_C178,38780,39675,1,90,2530,8136,20584080,0,607,-1,53,1,
core_C1045,65626,52282,0,270,2944,4622,13607168,0,-1,-1,135,0,
core_C1298,54906,94888,0,0,6437,2116,13620692,0,-1,222,156,0,
core_C1488,29164,55862,0,0,5178,2576,13338528,0,-1,616,5,0,
core_C1587,66240,84872,1,90,1725,5598,9656550,0,308,-1,396,0,
core_C1285,56029,20276,0,0,4671,2944,13751424,0,-1,243,240,0,
core_C1313,3496,11689,0,180,3538,3404,12043352,0,-1,74,458,1,
core_C1249,21252,101165,0,180,5481,2576,14119056,0,-1,417,535,0,
core_C1067,69278,76313,0,90,1932,6312,12194784,0,-1,-1,321,1,
core_C922,49018,112814,0,90,2852,4395,12534540,0,383,461,373,0,
core_C1050,24656,23229,0,90,2024,6365,12882760,0,497,130,390,0,
core_C306,49018,70704,0,90,2024,6237,12623688,0,234,634,381,1,
core_C228,56594,0,0,90,2024,6256,12662144,0,366,-1,268,1,
core_C28,14009,101251,1,180,6544,3105,20319120,0,-1,-1,521,0,
core_C326,33258,52555,1,180,8086,2530,20457580,0,-1,649,439,0,
core_C443,58926,69799,1,0,4566,4485,20478510,0,-1,453,623,1,
core_C156,71374,38336,0,90,2024,6326,12803824,0,584,260,359,0,
core_C1159,9361,85309,1,180,6953,2185,15192305,0,610,-1,494,0,
core_C446,27646,29944,1,90,2530,8289,20971170,0,8,423,19,1,
core_C1155,54906,92772,0,180,6379,2116,13497964,0,-1,139,34,0,
core_C1548,21252,110733,0,90,1932,6347,12262404,0,104,163,434,0,
core_C1326,58834,21269,1,0,7783,2415,18795945,0,430,16,630,0,
core_C740,31648,0,0,270,2024,6107,12360568,0,-1,-1,391,1,
core_C27,62945,117110,1,180,6329,2990,18923710,0,-1,-1,210,1,
core_C133,67965,95452,1,180,6852,3220,22063440,0,-1,528,327,0,
core_C350,42946,85744,0,270,2852,4407,12568764,0,309,637,47,1,
core_C616,21252,124734,0,0,5848,2208,12912384,0,-1,-1,157,0,
core_C1605,26772,41733,0,90,2024,6438,13030512,0,-1,407,468,0,
core_C254,63040,14920,0,0,6278,2024,12706672,0,203,-1,380,1,
core_C574,2208,0,0,180,5257,2484,13058388,0,-1,-1,183,1,
core_C191,4232,93359,1,180,8079,2530,20439870,0,-1,-1,263,0,
core_C1019,63830,100739,0,0,5172,2484,12847248,0,-1,51,399,0,
core_C244,58834,60714,1,180,4612,4485,20684820,0,-1,402,16,0,
core_C591,61981,44738,0,0,5273,2576,13583248,0,-1,544,594,0,
core_C200,18087,73232,0,90,2944,4523,13315712,0,-1,-1,186,1,
core_C972,28428,109888,1,0,7281,2875,20932875,0,-1,-1,198,0,
core_C74,58834,2645,1,0,8273,2530,20930690,0,-1,530,193,0,
core_C1261,68722,69924,0,90,2116,6389,13519124,0,-1,-1,524,0,
core_C978,69069,0,1,90,2185,6989,15270965,0,-1,-1,378,1,
core_C627,3496,50460,0,0,4350,2852,12406200,0,30,197,463,0,
core_C748,11523,85692,0,90,2024,6170,12488080,0,-1,-1,88,1,
core_C373,23276,87904,1,0,7326,2760,20219760,0,562,370,189,0,
core_C1009,38846,55085,1,90,4485,4513,20240805,0,345,-1,649,1,
core_C108,25806,112763,1,180,5539,3565,19746535,0,100,-1,609,0,
core_C380,63021,5830,0,270,2024,6246,12641904,0,635,-1,35,1,
core_C555,54906,52292,0,180,4511,2852,12865372,0,476,48,57,1,
core_C1030,0,0,0,270,2208,5789,12782112,0,166,500,-1,0,
core_C1455,56580,75553,1,90,1725,5291,9126975,0,-1,-1,568,1,
core_C537,6992,76805,0,0,4461,2944,13133184,0,395,482,512,1,
core_C1284,13616,73232,0,0,4471,2944,13162624,0,171,496,29,0,
core_C1089,63848,67959,1,0,5610,3680,20644800,0,-1,606,553,0,
core_C1356,26869,68534,1,180,5622,3680,20688960,0,-1,-1,520,1,
core_C476,23276,84684,1,0,6605,3220,21268100,0,-1,178,532,1,
core_C1688,67965,90162,1,180,7220,2875,20757500,0,-1,327,200,0,
core_C959,33442,65348,1,0,8205,2530,20758650,0,-1,598,267,0,
core_C1037,13616,86892,0,90,2024,6616,13390784,0,419,-1,507,0,
core_C289,58834,0,1,0,8118,2645,21472110,0,-1,173,578,1,
core_C1691,34684,50831,0,90,2024,6631,13421144,0,-1,362,269,0,
core_C753,25175,0,1,270,2645,7957,21046265,0,-1,-1,590,1,
core_C1140,53498,26359,1,90,2645,8179,21633455,0,-1,272,7,1,
core_C431,3496,53312,0,180,4287,2852,12226524,0,-1,202,176,0,
core_C153,28428,101309,1,90,2645,8579,22691455,0,295,172,551,0,
core_C954,51520,104793,1,90,2415,7840,18933600,0,625,374,107,1,
core_C654,67965,87632,1,180,7754,2530,19617620,0,-1,190,308,0,
core_C422,33212,104313,0,90,2024,6221,12591304,0,-1,586,115,0,
core_C649,3496,56164,0,90,1472,4449,6548928,0,-1,364,197,0,
core_C1185,69318,8682,0,90,2024,6448,13050752,0,580,-1,165,1,
core_C1450,11592,95450,0,90,2024,6476,13107424,0,452,-1,342,1,
core_C1250,52751,96336,0,90,2024,6484,13123616,0,-1,-1,646,1,
core_C1288,53498,66698,1,0,4579,4485,20536815,0,-1,-1,96,0,
core_C1076,60058,113719,0,90,1840,6031,11097040,0,566,-1,248,1,
core_C1698,46977,51959,1,180,4644,4485,20828340,0,-1,-1,313,0,
core_C1620,33534,67878,1,90,2300,7395,17008500,0,21,-1,598,1,
core_C1303,56442,123844,1,180,6503,3220,20939660,0,160,-1,457,0,
core_C183,61898,117795,0,180,5211,2576,13423536,0,-1,329,324,0,
core_C888,8209,69077,0,180,5245,2576,13511120,0,-1,-1,358,1,
core_C1321,42803,118975,1,90,3795,5733,21756735,0,-1,-1,273,0,
core_C583,69487,28590,1,180,5341,3450,18426450,0,-1,65,589,0,
core_C1059,54027,105299,1,90,2415,7771,18766965,0,593,-1,595,1,
core_C313,46977,40710,1,0,6397,3105,19862685,0,-1,313,437,1,
core_C129,16606,23690,1,0,7870,3105,24436350,0,644,126,239,0,
core_C106,53935,100929,1,0,4600,4370,20102000,0,-1,595,285,0,
core_C952,15640,89358,0,0,5271,2576,13578096,0,-1,428,355,0,
core_C1142,61133,20276,0,90,2300,5924,13625200,0,296,66,243,1,
core_C1085,71374,57413,0,180,4119,1564,6442116,0,-1,550,392,0,
core_C1369,54906,97004,0,0,6570,2024,13297680,0,483,410,139,0,
core_C905,13962,41264,1,180,5046,3335,16828410,0,-1,-1,647,1,
core_C284,33202,10124,0,90,2024,6591,13340184,0,-1,-1,291,1,
core_C1306,31188,108224,0,90,2024,6634,13427216,0,-1,43,475,0,
core_C1391,48484,29671,0,90,2024,6634,13427216,0,-1,-1,22,1,
core_C1086,33258,37030,1,0,7995,2645,21146775,0,-1,53,295,1,
core_C22,115,80270,1,180,6685,2645,17681825,0,-1,249,621,1,
core_C1566,25208,110733,0,90,1932,6023,11636436,0,344,-1,104,1,
core_C789,34684,75738,0,90,1932,5868,11336976,0,-1,-1,14,1,
core_C368,53935,93339,1,180,4745,3105,14733225,0,-1,285,334,0,
core_C700,20861,102860,1,0,4416,4255,18790080,0,-1,549,411,0,
core_C141,73398,44587,0,90,2024,6120,12386880,0,-1,-1,260,1,
core_C1068,51042,8748,0,180,4987,2484,12387708,0,505,-1,148,1,
core_C173,63913,36391,0,270,2208,5629,12428832,0,-1,-1,91,1,
core_C138,33258,99261,1,90,2415,7878,19025370,0,-1,-1,106,0,
core_C664,54906,106969,0,0,5686,2208,12554688,0,133,128,322,0,
core_C470,56654,116537,0,90,2024,6224,12597376,0,248,-1,450,1,
core_C1097,16606,20125,1,0,5523,3565,19689495,0,-1,217,42,0,
core_C1134,56029,17516,0,0,5753,2760,15878280,0,-1,142,505,0,
core_C1418,40756,99166,0,90,2024,6252,12654048,0,-1,639,4,1,
core_C222,18216,81052,0,90,2208,5730,12651840,0,-1,-1,419,1,
core_C1041,56029,23220,0,0,5104,2484,12678336,0,220,-1,142,0,
core_C1606,3496,91798,0,180,5116,2484,12708144,0,-1,563,618,0,
core_C66,10617,34165,0,270,2024,6472,13099328,0,-1,-1,631,1,
core_C1398,3496,33823,0,180,3675,3588,13185900,0,546,418,99,0,
core_C992,58646,109177,0,270,2944,4542,13371648,0,-1,-1,128,1,
core_C505,58678,113719,0,90,1380,4476,6176880,0,207,-1,238,1,
core_C1294,115,82915,1,90,2645,8133,21511785,0,-1,325,228,0,
core_C916,29392,121091,0,0,3759,3588,13487292,0,-1,-1,306,1,
core_C176,16539,90599,1,90,2415,7518,18155970,0,-1,-1,642,1,
core_C342,60426,67605,0,270,1932,5939,11474148,0,-1,-1,367,0,
core_C586,56143,59060,1,90,2530,7638,19324140,0,-1,-1,258,0,
core_C271,41425,37030,1,90,2760,7026,19391760,0,354,36,607,1,
core_C327,14076,21588,1,90,2530,7990,20214700,0,-1,41,341,0,
core_C1293,29164,82248,0,0,6232,2024,12613568,0,-1,449,14,0,
core_C1081,3588,89774,0,180,6239,2024,12627736,0,-1,-1,618,1,
core_C1361,56143,51044,1,90,2530,8016,20280480,0,-1,253,318,0,
core_C840,37260,0,0,0,6431,2024,13016344,0,-1,86,109,1,
core_C1374,71374,44662,0,90,2024,6282,12714768,0,233,392,153,0,
core_C953,61364,7705,1,90,2530,8078,20437340,0,548,-1,455,1,
core_C849,115,106929,1,0,7923,2530,20045190,0,270,84,122,0,
core_C1532,4232,82915,1,90,2530,7940,20088200,0,596,167,614,1,
core_C1328,51042,59468,0,90,2484,5179,12864636,0,-1,44,479,0,
core_C1319,54906,88540,0,0,6442,2116,13631272,0,541,34,111,0,
core_C1527,19021,26795,1,0,8238,2530,20842140,0,337,19,126,1,
core_C838,33442,62128,1,180,6529,3220,21023380,0,-1,191,68,0,
core_C317,50232,6632,0,180,6362,2116,13461992,0,149,-1,298,0,
core_C778,34684,44441,0,90,2116,6390,13521240,0,-1,194,567,0,
core_C329,8038,107001,1,0,6570,3220,21155400,0,332,-1,262,1,
core_C76,39192,27784,0,90,3772,3852,14529744,0,22,478,0,0,
core_C1463,53498,34538,1,90,2760,8281,22855560,0,-1,487,196,0,
core_C520,42803,104908,1,90,2070,6630,13724100,0,448,213,79,1,
core_C214,45570,61364,0,90,2024,6117,12380808,0,-1,-1,491,1,
core_C1052,67965,104767,1,90,2530,7684,19440520,0,316,-1,576,0,
core_C1524,27646,60337,1,90,2530,7769,19655570,0,125,-1,552,0,
core_C1004,51594,117209,0,90,2484,5062,12574008,0,301,-1,461,1,
core_C5,115,100834,1,0,7982,2530,20194460,0,-1,122,325,0,
core_C442,58926,102541,1,90,3105,6505,20198025,0,-1,427,617,0,
core_C250,51042,75411,0,180,3605,3588,12934740,0,-1,443,464,0,
core_C1246,34684,32126,0,90,2024,6240,12629760,0,-1,567,5,1,
core_C885,24656,10561,0,90,2024,6249,12647976,0,-1,390,103,0,
core_C1694,73398,92370,0,90,2024,6427,13008248,0,-1,-1,353,0,
core_C921,35788,119188,1,90,4485,4485,20115225,0,-1,-1,106,1,
core_C1656,53935,96444,1,0,4543,4485,20375355,0,-1,218,231,0,
core_C12,8133,31681,0,0,5119,2484,12715596,0,-1,631,75,0,
core_C164,49018,89399,0,90,2024,6447,13048728,0,72,608,460,0,
core_C205,49895,32660,1,90,2760,7448,20556480,0,-1,-1,354,1,
core_C290,20861,80314,1,0,4593,4370,20071410,0,-1,532,542,0,
core_C132,67481,16944,0,270,2484,5318,13209912,0,413,-1,81,1,
core_C715,26772,16047,0,0,6430,2116,13605880,0,224,627,17,1,
core_C1296,54906,112857,0,180,3713,3680,13663840,0,-1,450,128,0,
core_C1649,4140,95889,1,0,8240,2530,20847200,0,-1,498,614,0,
core_C1517,69442,122533,0,0,3733,3588,13394004,0,-1,-1,15,0,
core_C1082,31073,94252,1,90,2185,7174,15675190,0,227,-1,198,1,
core_C730,63433,16944,0,90,2024,6631,13421144,0,81,514,220,1,
core_C275,26772,86066,0,90,2024,6631,13421144,0,-1,636,129,0,
core_C1559,50232,0,0,90,2024,6632,13423168,0,-1,268,12,1,
core_C567,39266,83628,0,0,6364,2116,13466224,0,-1,447,491,0,
core_C557,58053,6375,0,90,2944,4575,13468800,0,438,429,505,1,
core_C1383,54078,122761,0,0,5981,2392,14306552,0,-1,-1,277,1,
core_C515,29164,86296,0,180,6016,1932,11622912,0,-1,536,449,0,
core_C397,8579,73585,0,0,4964,3220,15984080,0,-1,-1,519,1,
core_C604,53935,83568,1,90,3450,5401,18633450,0,-1,334,568,0,
core_C736,26772,54557,0,90,1932,6318,12206376,0,-1,506,407,0,
core_C1498,23184,122710,0,180,6208,2024,12564992,0,250,-1,119,0,
core_C816,71374,27724,0,90,2024,6399,12951576,0,488,359,626,0,
core_C873,67965,84872,1,0,7335,2760,20244600,0,-1,200,141,1,
core_C609,45798,67481,0,90,2024,6420,12994080,0,-1,554,162,1,
core_C1423,58926,85439,1,90,3105,6381,19813005,0,-1,433,504,0,
core_C782,66700,74533,1,90,4485,4539,20357415,0,-1,-1,585,1,
core_C21,69487,66478,1,270,2530,8055,20379150,0,-1,-1,559,0,
core_C507,46977,43815,1,90,2530,8144,20604320,0,-1,208,216,0,
core_C1157,73398,50707,0,90,2024,6353,12858472,0,-1,-1,392,1,
core_C1096,49018,96336,0,90,3588,3690,13239720,0,-1,646,608,0,
core_C724,70495,104767,1,90,2875,7205,20714375,0,-1,118,275,1,
core_C352,69350,126121,0,0,5336,2484,13254624,0,-1,-1,127,1,
core_C1136,56143,42819,1,90,2530,8225,20809250,0,-1,258,96,1,
core_C491,32620,116903,1,90,2530,8242,20852260,0,-1,-1,489,1,
core_C1377,10022,0,0,90,2024,6599,13356376,0,-1,-1,408,1,
core_C435,63830,105799,0,180,5448,2576,14034048,0,145,333,51,0,
core_C1291,54906,104301,0,180,5545,2668,14794060,0,-1,237,410,0,
core_C1012,39192,48712,0,270,2484,2620,6508080,0,-1,372,422,0,
core_C918,61898,112193,0,90,1840,5602,10307680,0,-1,211,566,0,
core_C1705,115,91048,1,90,2300,7515,17284500,0,61,278,249,0,
core_C1102,58586,38257,0,270,2024,5503,11138072,0,-1,117,89,1,
core_C792,67965,93037,1,180,7355,2415,17762325,0,-1,161,190,0,
core_C1153,63830,87528,0,90,2116,5667,11991372,0,526,414,566,1,
core_C1706,61898,120371,0,90,1932,6222,12020904,0,124,-1,211,0,
core_C763,69442,82625,0,90,1932,6230,12036360,0,626,15,426,1,
core_C1008,69487,45821,1,90,3105,6241,19378305,0,441,92,555,0,
core_C1000,14608,107001,1,180,5655,3565,20160075,0,-1,503,270,1,
core_C1461,63830,108375,0,90,2024,6373,12898952,0,561,-1,321,0,
core_C1060,53935,88969,1,180,4500,4370,19665000,0,-1,231,304,0,
core_C1104,51886,125153,0,180,5234,2484,13001256,0,-1,-1,431,1,
core_C363,31188,95294,0,90,2024,6430,13014320,0,-1,622,615,0,
core_C550,27259,22102,1,90,2530,7842,19840260,0,-1,-1,266,1,
core_C965,9269,18786,1,90,2530,8058,20386740,0,-1,613,569,0,
core_C9,22221,13822,1,180,7204,2760,19883040,0,-1,-1,348,0,
core_C1003,26772,9762,0,90,2024,6285,12720840,0,391,-1,26,1,
core_C1554,14076,13685,1,90,2530,7903,19994590,0,-1,255,386,0,
core_C746,9568,95450,0,90,2024,6327,12805848,0,204,13,591,1,
core_C870,1472,11689,0,90,2024,6494,13143856,0,-1,458,46,0,
core_C626,27140,101165,0,90,2024,6493,13141832,0,501,527,229,1,
core_C1541,43331,51876,1,90,3565,5620,20035300,0,-1,-1,179,1,
core_C1631,31188,88228,0,0,5806,2208,12819648,0,-1,601,560,1,
core_C1362,63830,95679,0,0,5297,2484,13157748,0,-1,399,414,0,
core_C88,22221,11062,1,180,7459,2760,20586840,0,-1,339,486,1,
core_C786,54630,25704,0,0,4499,2852,12831148,0,382,-1,72,1,
core_C1168,32862,24431,0,90,2484,5309,13187556,0,-1,-1,70,1,
core_C186,26472,80103,1,0,6645,3105,20632725,0,-1,-1,542,1,
core_C38,25898,91032,1,0,6579,3220,21184380,0,-1,365,609,1,
core_C508,73398,85834,0,90,2024,6536,13228864,0,-1,283,454,1,
core_C950,44185,37030,1,0,5710,3680,21012800,0,288,-1,254,1,
core_C1166,15640,86782,0,180,5253,2576,13531728,0,-1,219,419,0,
core_C404,3496,20378,0,180,3813,2484,9471492,0,-1,384,74,0,
core_C539,11661,37814,1,0,6916,3450,23860200,0,-1,-1,361,0,
core_C1397,3496,69077,0,180,4713,2208,10406304,0,212,543,473,0,
core_C1513,71374,34123,0,90,2760,4213,11627880,0,-1,153,307,0,
core_C633,17848,120362,0,90,3404,3488,11873152,0,26,388,123,1,
core_C1604,11661,26844,1,90,2415,7909,19100235,0,480,357,534,1,
core_C1426,34684,57462,0,90,1932,6356,12279792,0,-1,412,194,0,
core_C1338,71374,67114,0,180,4383,2852,12500316,0,-1,435,493,0,
core_C263,3496,60613,0,0,4278,2852,12200856,0,425,78,202,0,
core_C1324,25898,94252,1,90,2530,7970,20164100,0,-1,640,352,0,
core_C1572,58618,0,0,90,2024,6375,12903000,0,-1,-1,149,1,
core_C167,60426,61216,0,90,2024,6389,12931336,0,71,252,28,1,
core_C693,28796,8100,0,180,6404,2024,12961696,0,-1,397,391,0,
core_C1521,37887,47955,1,180,4521,4485,20276685,0,437,-1,439,1,
core_C503,23276,90664,1,90,2530,7826,19799780,0,609,-1,178,0,
core_C1626,46943,120430,1,180,6567,3105,20390535,0,459,-1,588,0,
core_C861,39192,51332,0,90,2024,6302,12755248,0,389,611,323,0,
core_C354,49018,110330,0,0,5292,2484,13145328,0,-1,146,80,0,
core_C975,51520,113070,1,0,4606,4600,21187600,0,-1,-1,199,0,
core_C1536,61133,31699,0,180,5986,2208,13217088,0,-1,-1,421,0,
core_C1702,23184,117282,0,180,4514,2944,13289216,0,-1,119,104,0,
core_C622,58664,84952,0,0,4538,2944,13359872,0,20,-1,111,1,
core_C1225,66424,7705,1,90,2645,8107,21443015,0,175,-1,548,1,
core_C1515,48384,59410,0,90,1932,5974,11541768,0,-1,-1,538,0,
core_C1412,58053,15124,0,0,4987,2392,11928904,0,165,-1,429,0,
core_C115,46994,116187,0,90,2024,6111,12368664,0,148,-1,82,1,
core_C1062,59129,33907,0,90,2852,4350,12406200,0,474,-1,349,1,
core_C166,51870,112814,0,90,2852,4366,12451832,0,-1,-1,146,1,
core_C341,3496,22862,0,90,2484,5213,12949092,0,-1,99,356,0,
core_C1077,45798,80287,0,90,2024,6398,12949552,0,-1,-1,554,0,
core_C196,14076,11155,1,180,8000,2530,20240000,0,-1,341,539,0,
core_C1115,44712,23736,0,180,4428,2852,12628656,0,64,-1,12,0,
core_C643,17848,123850,0,90,2852,4434,12645768,0,-1,-1,360,0,
core_C1538,41216,55844,0,0,6420,2024,12994080,0,-1,-1,372,1,
core_C821,24656,16810,0,90,2024,6419,12992056,0,-1,147,282,0,
core_C852,28796,3627,0,270,2852,4473,12756996,0,159,368,340,1,
core_C545,71374,50944,0,90,2024,6469,13093256,0,314,221,260,0,
core_C438,20861,72264,1,180,4562,4485,20460570,0,517,542,523,1,
core_C832,29937,72214,1,90,2530,7889,19959170,0,-1,-1,517,1,
core_C1480,11453,76805,0,90,2024,6311,12773464,0,-1,-1,185,1,
core_C1477,66240,82342,1,0,8096,2530,20482880,0,-1,141,121,1,
core_C109,28796,10124,0,90,2484,5294,13150296,0,-1,-1,368,0,
core_C941,29164,94706,0,90,2024,6512,13180288,0,-1,560,536,0,
core_C962,63830,98163,0,0,5345,2576,13768720,0,-1,168,347,0,
core_C630,49956,7456,1,90,2645,7974,21091230,0,629,643,633,0,
core_C1529,69487,6989,1,0,5699,3795,21627705,0,-1,471,553,1,
core_C801,58834,65199,1,0,4732,4600,21767200,0,-1,623,169,0,
core_C881,39266,89515,0,90,1748,5794,10127912,0,47,597,447,0,
core_C807,24656,42411,0,90,2024,6152,12451648,0,-1,-1,406,0,
core_C1601,26772,67160,0,90,2024,6174,12496176,0,-1,651,506,0,
core_C552,24656,36224,0,90,2024,6187,12522488,0,-1,404,130,0,
core_C1238,26772,48171,0,90,2024,6386,12925264,0,-1,305,164,0,
core_C1120,3772,2484,0,180,6250,2024,12650000,0,320,-1,46,1,
core_C612,31280,92810,0,0,5108,2484,12688272,0,-1,-1,615,1,
core_C382,54906,99028,0,90,2484,5273,13098132,0,446,322,222,0,
core_C269,20861,98490,1,180,4578,4370,20005860,0,-1,232,532,0,
core_C1534,34684,63818,0,90,2484,5296,13155264,0,-1,638,362,0,
core_C143,69965,15130,0,90,2024,6513,13182312,0,-1,-1,290,1,
core_C1202,63830,93195,0,0,5313,2484,13197492,0,-1,347,328,0,
core_C790,18492,119433,1,0,8160,2530,20644800,0,-1,-1,131,1,
core_C1422,72592,59262,1,90,2530,8160,20644800,0,-1,451,77,0,
core_C911,21252,103741,0,0,5750,2300,13225000,0,-1,515,144,0,
core_C1318,3496,37411,0,0,4637,2944,13651328,0,75,645,246,0,
core_C1098,15640,81052,0,90,2576,5217,13438992,0,242,355,192,1,
core_C1597,115,112751,1,0,7967,2645,21072715,0,-1,-1,84,0,
core_C610,61133,29052,0,0,5881,2300,13526300,0,108,375,66,0,
core_C104,39192,44143,0,90,3036,4569,13871484,0,58,323,522,0,
core_C1460,27646,45132,1,270,2645,8420,22270900,0,-1,87,155,0,
core_C624,44873,102148,1,0,8388,2645,22186260,0,600,511,7,0,
core_C379,7774,64373,0,0,3244,2024,6565856,0,-1,-1,364,1,
core_C1522,67602,108375,0,90,1840,5746,10572640,0,330,-1,561,1,
core_C478,58926,109046,1,90,2300,7323,16842900,0,38,-1,279,0,
core_C1341,15640,91934,0,0,5334,2116,11286744,0,-1,592,219,0,
core_C6,58053,10950,0,90,2760,4174,11520240,0,-1,380,300,0,
core_C377,66617,15812,1,90,2415,7778,18783870,0,-1,-1,158,1,
core_C1339,49402,122429,0,90,2484,4992,12400128,0,335,-1,134,1,
core_C489,8625,3105,1,270,2530,7686,19445580,0,-1,-1,31,1,
core_C1487,58926,91820,1,0,4454,4370,19463980,0,-1,582,310,0,
core_C920,21252,108525,0,180,5743,2208,12680544,0,-1,157,515,0,
core_C189,71374,69966,0,0,4420,2944,13012480,0,-1,481,363,0,
core_C956,5520,96490,0,90,2024,6458,13070992,0,591,-1,650,1,
core_C1164,42408,47506,1,180,4569,4370,19966530,0,216,-1,369,1,
core_C42,60997,0,0,90,2024,6530,13216720,0,624,35,300,1,
core_C1402,33258,47955,1,180,4629,4600,21293400,0,369,151,50,0,
core_C1378,72910,111972,1,90,2530,8224,20806720,0,-1,-1,118,1,
core_C488,72592,37560,1,90,3220,6476,20852720,0,-1,-1,331,1,
core_C703,65302,56904,0,0,5180,2576,13343680,0,-1,490,71,1,
core_C399,51042,78999,0,180,3731,3588,13386828,0,-1,557,280,0,
core_C656,31188,90510,0,0,5820,2300,13386000,0,-1,615,601,0,
core_C854,11756,104356,1,0,7961,2645,21056845,0,-1,-1,498,1,
core_C768,57390,99269,0,0,6387,2116,13514892,0,-1,-1,410,1,
core_C125,39266,85744,0,270,3588,3771,13530348,0,-1,403,299,0,
core_C281,44873,62128,1,180,7497,2990,22416030,0,-1,7,273,1,
core_C696,29164,84272,0,0,6397,2024,12947528,0,-1,302,256,0,
core_C1483,54906,116537,0,90,1748,5740,10033520,0,238,-1,292,0,
core_C865,72592,67422,1,90,2185,6687,14611095,0,-1,-1,416,0,
core_C556,13616,0,0,0,6396,2024,12945504,0,-1,10,204,1,
core_C1408,58926,74284,1,0,4485,4485,20115225,0,-1,504,152,0,
core_C632,71374,92335,0,90,2024,6342,12836208,0,353,-1,45,0,
core_C1542,58834,7705,1,90,2530,7765,19645450,0,261,630,530,0,
core_C836,47426,0,1,90,2530,8155,20632150,0,633,116,24,1,
core_C872,56442,120739,1,180,6467,3105,20080035,0,-1,210,52,0,
core_C361,1472,18183,0,90,2024,6510,13176240,0,143,462,343,0,
core_C570,53510,120430,1,90,2530,7851,19863030,0,-1,-1,371,1,
core_C233,49018,83139,0,90,2024,6260,12670240,0,-1,287,634,0,
core_C675,49018,117209,0,270,2576,5220,13446720,0,277,-1,146,0,
core_C456,1472,24693,0,90,1932,5986,11564952,0,-1,477,458,0,
core_C1703,3496,46780,0,0,3853,3680,14179040,0,-1,176,645,0,
core_C1216,51042,71731,0,180,3765,3680,13855200,0,-1,280,40,0,
core_C702,29164,30102,0,0,6610,2024,13378640,0,-1,5,70,0,
core_C1320,51042,92748,0,0,3725,3588,13365300,0,-1,-1,499,0,
core_C392,26772,22763,0,90,2116,6458,13665128,0,-1,558,95,0,
core_C298,26772,35389,0,90,2024,6344,12840256,0,-1,164,558,0,
core_C1428,28217,113950,0,90,2484,5169,12839796,0,-1,-1,119,1,
core_C463,8332,122841,1,0,8120,2530,20543600,0,-1,-1,56,0,
core_C240,69487,10784,1,90,2530,8095,20480350,0,-1,59,401,0,
core_C524,20631,116328,1,180,6398,3105,19865790,0,489,-1,33,1,
core_C396,3496,67053,0,0,6440,2024,13034560,0,-1,358,78,0,
core_C62,61981,33907,0,0,5248,2484,13036032,0,105,91,382,1,
core_C434,31188,101798,0,90,2024,6426,13006224,0,-1,225,622,0,
core_C1591,59417,50902,0,0,5733,2208,12658464,0,-1,-1,182,1,
core_C564,1472,126743,0,180,6406,2024,12965744,0,120,-1,462,0,
core_C311,39192,31636,0,90,2024,6406,12965744,0,-1,522,271,0,
core_C391,51042,55880,0,180,3601,3588,12920388,0,-1,264,529,0,
core_C1537,14076,3105,1,180,6488,3105,20145240,0,-1,484,361,1,
core_C1128,71374,72910,0,90,2024,6186,12520464,0,-1,509,435,0,
core_C1314,6992,79749,0,180,4341,2852,12380532,0,-1,485,185,0,
core_C1586,61476,93512,0,90,1840,5757,10592880,0,-1,-1,222,1,
core_C1608,14076,6210,1,0,8569,2645,22665005,0,590,539,480,0,
core_C194,6992,83116,0,0,5212,2576,13426112,0,-1,88,482,0,
core_C67,16606,13685,1,0,5615,3680,20663200,0,348,42,41,1,
core_C1510,53498,42819,1,90,2530,8141,20596730,0,-1,531,272,0,
core_C814,73398,10560,0,90,2024,6506,13168144,0,-1,-1,307,1,
core_C874,27029,116903,1,180,5591,3680,20574880,0,319,-1,472,1,
core_C735,65302,59480,0,0,5792,2208,12788736,0,-1,-1,442,0,
core_C898,39266,81604,0,0,6304,2024,12759296,0,274,299,27,0,
core_C1355,63940,112451,1,0,4512,4485,20236320,0,-1,-1,545,0,
core_C1073,71374,64262,0,180,4284,2852,12217968,0,-1,363,550,0,
core_C1675,9361,82779,1,0,7955,2530,20126150,0,-1,154,1,0,
core_C1567,47426,26359,1,90,3105,6301,19564605,0,-1,-1,116,0,
core_C687,13616,76176,0,180,4361,2852,12437572,0,-1,54,186,0,
core_C754,26680,3627,0,90,1932,6135,11852820,0,-1,-1,147,1,
core_C805,4140,98419,1,0,7616,2415,18392640,0,445,-1,293,0,
core_C1474,51042,86175,0,90,1840,6002,11043680,0,57,466,557,0,
core_C722,0,5789,0,90,1472,4890,7198080,0,46,-1,183,0,
core_C107,29164,22763,0,90,3588,3751,13458588,0,-1,70,344,1,
core_C40,19021,69389,1,0,7313,2875,21024875,0,-1,523,520,0,
core_C859,14608,110566,1,180,4678,4485,20980830,0,-1,-1,332,0,
core_C670,58926,78769,1,90,3105,6670,20710350,0,-1,310,453,0,
core_C1479,56029,8748,0,90,2024,6495,13145880,0,300,240,234,1,
core_C447,26772,60875,0,90,2024,6285,12720840,0,-1,405,305,0,
core_C1636,13616,81052,0,90,1932,5840,11282880,0,-1,192,54,0,
core_C839,67843,35251,0,90,1840,5892,10841280,0,-1,-1,112,1,
core_C1344,71374,79096,0,90,2116,6738,14257608,0,-1,45,481,0,
core_C1575,63940,79122,1,0,6559,3220,21119980,0,-1,121,585,0,
core_C1156,44873,104793,1,0,6518,3220,20987960,0,-1,49,424,0,
core_C835,3496,86094,0,90,3496,3680,12865280,0,185,618,564,0,
core_C1663,0,77165,1,0,6459,3105,20055195,0,-1,621,23,0,
core_C1671,63433,23575,0,180,6496,2024,13147904,0,-1,-1,296,0,
core_C595,21252,106041,0,0,5252,2484,13045968,0,-1,434,417,0,
core_C1615,63940,90470,1,90,3565,5533,19725145,0,-1,93,121,0,
core_C221,25423,72264,1,0,4514,4370,19726180,0,394,-1,393,1,
core_C800,6854,77165,1,90,2415,7901,19080915,0,569,-1,596,1,
core_C54,3496,73585,0,180,5083,2392,12158536,0,303,110,543,0,
core_C798,19021,66974,1,180,7848,2415,18952920,0,188,502,19,0,
core_C314,14009,98261,1,180,6303,2990,18845970,0,-1,150,642,0,
core_C1616,39192,38042,0,90,2024,6101,12348424,0,-1,422,478,0,
core_C986,19021,72264,1,90,1840,5532,10178880,0,393,-1,502,0,
core_C1325,68722,63792,0,90,1932,6132,11847024,0,-1,174,20,1,
core_C851,38456,111568,1,90,1725,5819,10037775,0,602,-1,97,1,
core_C452,65946,87528,0,90,2300,4902,11274600,0,-1,-1,328,1,
core_C1395,27140,107888,0,90,2300,6062,13942600,0,-1,-1,344,0,
core_C659,67965,98672,1,0,7355,2875,21145625,0,-1,576,161,0,
core_C1336,51042,52292,0,180,3725,3588,13365300,0,-1,479,18,0,
core_C31,58834,5175,1,0,7987,2530,20207110,0,-1,455,173,0,
core_C521,53498,50960,1,90,2530,7739,19579670,0,-1,96,487,0,
core_C86,20861,84684,1,90,2415,7926,19141290,0,189,411,289,0,
core_C751,37260,9906,0,90,1932,6120,11823840,0,0,-1,94,0,
core_C1063,9361,26844,1,90,2300,7606,17493800,0,361,647,613,1,
core_C150,21252,99049,0,0,6709,2116,14196244,0,-1,144,17,0,
core_C823,29164,88228,0,90,2024,6478,13111472,0,-1,398,302,0,
core_C741,60997,12896,0,0,6305,2024,12761320,0,-1,-1,35,0,
core_C1241,48384,53544,0,90,1932,5866,11333112,0,-1,379,574,1,
core_C634,14076,8855,1,180,7431,2300,17091300,0,-1,386,484,0,
core_C389,42946,116187,0,90,2024,6161,12469864,0,82,73,11,0,
core_C39,61348,87896,0,270,2116,5616,11883456,0,-1,-1,265,1,
core_C776,20861,76749,1,0,5611,3565,20003215,0,351,289,393,0,
core_C1038,3496,71653,0,180,5932,1932,11460624,0,-1,519,358,0,
core_C1360,61981,47314,0,180,3645,3588,13078260,0,83,-1,170,0,
core_C1346,63940,102641,1,90,3565,5393,19226045,0,-1,492,93,0,
core_C423,7171,22862,0,90,1932,6335,12239220,0,-1,-1,246,1,
core_C280,49018,103706,0,180,5811,2208,12830688,0,-1,113,646,0,
core_C1669,63894,7705,1,90,2530,8085,20455050,0,378,-1,261,1,
core_C1330,20861,107115,1,0,4505,4485,20204925,0,-1,-1,232,0,
core_C63,71374,58977,0,90,2576,5285,13614160,0,-1,493,221,0,
core_C1342,28428,94252,1,90,2645,7057,18665765,0,-1,198,640,1,
core_C1236,27646,56887,1,180,5286,3450,18236700,0,-1,276,87,0,
core_C641,63848,64394,1,0,5639,3565,20103035,0,401,187,605,1,
core_C523,45798,73901,0,90,2116,6386,13512776,0,76,385,309,0,
core_C871,69487,37560,1,90,2530,8261,20900330,0,-1,331,65,0,
core_C1410,0,0,1,0,8071,2645,21347795,0,98,31,-1,0,
core_C1207,51042,82587,0,180,3700,3588,13275600,0,-1,499,443,0,
core_C1259,26772,29221,0,90,2024,6168,12484032,0,-1,468,467,0,
core_C353,69487,58701,1,90,2415,7777,18781455,0,-1,312,92,0,
core_C909,29164,101218,0,90,2024,6596,13350304,0,346,619,398,0,
core_C1690,65854,108375,0,90,1748,5388,9418224,0,426,-1,333,1,
core_C1337,30602,83208,1,90,2530,7824,19794720,0,-1,-1,178,1,
core_C1617,3496,94282,0,180,5979,2208,13201632,0,102,650,244,0,
core_C204,3496,81677,0,90,2852,4417,12597284,0,-1,512,110,0,
core_C312,54906,57168,0,0,6185,2024,12518440,0,-1,641,48,0,
core_C136,61898,105843,0,90,1932,6350,12268200,0,328,324,207,1,
core_C1535,34684,38366,0,90,2024,6075,12295800,0,-1,269,281,0,
core_C219,53935,75553,1,90,2645,8015,21199675,0,184,304,625,0,
core_C390,9269,10791,1,90,2645,7995,21146775,0,-1,338,518,1,
core_C1465,33258,83176,1,90,2530,7820,19784600,0,-1,106,136,0,
core_C1262,42964,51520,0,0,6595,2024,13348280,0,-1,-1,22,0,
core_C1121,35926,104908,1,90,3220,6564,21136080,0,628,97,620,1,
core_C549,19136,2024,0,0,6338,2024,12828112,0,579,-1,10,1,
core_C697,44786,57868,0,180,3598,3496,12578608,0,538,599,27,1,
core_C1674,22645,7957,1,180,6435,3105,19980675,0,-1,-1,590,0,
core_C713,67965,101547,1,0,6531,3220,21029820,0,-1,275,528,0,
core_C409,69038,25599,0,270,2024,6248,12645952,0,-1,-1,108,1,
core_C437,56534,105299,1,90,2300,7473,17187900,0,193,-1,593,1,
core_C24,25474,0,0,270,3496,3627,12679992,0,-1,-1,573,1,
core_C766,71342,0,0,270,2852,4463,12728476,0,-1,-1,203,1,
core_C1,44873,112442,1,90,2070,6533,13523310,0,588,-1,49,0,
core_C635,58926,96190,1,90,3105,6259,19434195,0,-1,617,433,0,
core_C771,41566,59598,1,0,8233,2530,20829490,0,-1,-1,68,1,
core_C1179,73398,38336,0,90,2024,6251,12652024,0,-1,-1,153,1,
core_C1632,63940,71639,1,270,2760,7483,20653080,0,311,510,606,1,
core_C1657,33212,110534,0,90,2024,6404,12961696,0,109,63,201,0,
core_C112,13955,87494,1,180,6290,3105,19530450,0,-1,-1,114,1,
core_C127,46943,112442,1,90,2300,7334,16868200,0,603,371,581,1,
core_C793,69487,23401,1,90,3450,5189,17902050,0,-1,214,59,0,
core_C1507,22645,0,1,90,2530,7915,20024950,0,195,575,484,1,
core_C71,7544,96490,0,90,2024,6517,13190408,0,342,-1,436,1,
core_C1359,15640,94050,0,0,5175,2576,13330800,0,-1,9,428,0,
core_C1036,56442,105299,1,0,92,115,10580,0,578,52,215,1,
core_C1240,61981,44664,0,90,92,74,6808,0,-1,170,112,0,
core_C1628,53935,105299,1,180,92,115,10580,0,215,-1,218,0,
core_C1061,6762,82915,1,0,92,115,10580,0,518,114,263,1,
core_C473,39266,95309,0,270,92,74,6808,0,-1,69,403,0,
core_C1110,33442,67878,1,0,92,115,10580,0,209,-1,191,0,
core_C1147,44786,61364,0,180,74,92,6808,0,-1,-1,574,0,
core_C1200,53261,102148,1,90,115,92,10580,0,-1,-1,424,1,
core_C1501,31188,90436,0,90,92,74,6808,0,-1,444,346,0,
core_C1650,40181,111568,1,0,92,115,10580,0,79,-1,525,1,
core_C994,49243,108013,1,0,92,115,10580,0,107,90,588,1,
core_C982,33258,58765,1,180,92,115,10580,0,612,136,649,0,
core_C946,63756,64394,1,0,92,115,10580,0,553,-1,39,0,
core_C652,63848,71639,1,0,92,115,10580,0,585,-1,187,0,
core_C674,41310,37030,1,270,115,92,10580,0,254,-1,137,1,
core_C26,49018,95846,0,90,92,74,6808,0,-1,315,287,0,
core_C743,25806,90664,1,0,92,115,10580,0,352,180,370,1,
core_C843,16314,85309,1,180,92,115,10580,0,-1,-1,154,1,
core_C819,39192,57634,0,0,74,92,6808,0,27,-1,372,0,
core_C806,33350,58765,1,0,92,115,10580,0,68,-1,604,1,
core_C1494,9269,26844,1,0,92,115,10580,0,534,-1,338,0,
core_C1434,4140,82915,1,180,92,115,10580,0,263,293,61,1,
core_C1416,31188,92810,0,270,92,74,6808,0,409,336,444,0,
core_C169,29164,58438,0,90,92,74,6808,0,-1,14,140,0,
core_C267,58926,102449,1,90,115,92,10580,0,-1,279,582,0,
core_C93,3496,89774,0,90,92,74,6808,0,257,244,512,0,
core_C297,29164,107814,0,90,92,74,6808,0,-1,-1,560,0,
core_C1281,35834,104908,1,0,92,115,10580,0,572,-1,21,0,
core_C1277,0,80270,1,90,115,92,10580,0,228,-1,513,0,
core_C140,31188,101724,0,90,92,74,6808,0,-1,475,336,0,
core_C1253,58834,69799,1,0,92,115,10580,0,152,-1,402,0,
core_C1316,63021,0,0,270,2300,5830,13409000,0,-1,-1,438,1,
core_C878,53935,71183,1,0,4585,4370,20036450,0,-1,568,199,1,
core_C1014,71374,21643,0,90,2024,6081,12307944,0,85,307,330,1,
core_C307,26772,18163,0,0,6318,2024,12787632,0,132,95,291,0,
core_C241,39146,104908,1,90,3105,6660,20679300,0,-1,-1,572,1,
core_C1545,52601,7456,1,90,2530,7728,19551840,0,-1,-1,400,1,
core_C381,58834,15783,1,270,3450,5486,18926700,0,-1,158,455,0,
core_C87,8133,34165,0,90,2484,5334,13249656,0,245,-1,286,0,
core_C50,6762,90599,1,0,7247,2760,20001720,0,642,-1,114,0,
core_C385,49956,0,1,90,2760,7456,20578560,0,-1,400,456,1,
core_C249,49018,76941,0,90,2024,6198,12544752,0,-1,460,148,0,
core_C97,65045,5830,0,0,4511,2852,12865372,0,-1,-1,181,1,
core_C619,26772,92697,0,90,2024,6352,12856448,0,-1,-1,297,0,
core_C747,42946,90151,0,180,5773,2300,13277900,0,-1,11,162,0,
core_C223,34684,69114,0,90,2024,6624,13406976,0,-1,-1,412,0,
core_C1440,40756,105418,0,270,2024,6172,12492128,0,-1,-1,241,0,
core_C1305,25898,102222,1,90,2530,8146,20609380,0,551,-1,365,0,
core_C783,54906,59192,0,0,6523,2024,13202552,0,-1,28,565,0,
core_C407,14009,90599,1,90,2530,7662,19384860,0,251,521,632,1,
core_C846,49956,15430,1,90,2530,8054,20376620,0,-1,-1,400,0,
core_C926,24476,16582,1,180,5589,3680,20567520,0,-1,67,217,1,
core_C1593,3496,40355,0,90,2024,6425,13004200,0,-1,463,418,0,
core_C575,49018,100026,0,180,3733,3680,13737440,0,205,547,315,0,
core_C588,9361,41264,1,0,4601,4485,20635485,0,223,1,534,0,
core_C848,30176,37030,1,90,2530,8102,20498060,0,-1,-1,8,0,
core_C1209,33258,55085,1,0,5588,3680,20563840,0,179,604,151,0,
core_C1245,3496,96490,0,90,2024,6471,13097304,0,436,3,563,0,
core_C1040,26772,73334,0,90,2024,6486,13127664,0,-1,129,405,0,
Wirelength: 5.08705e+09
layer(tree) info:
layer: 0 ,width: 75794 ,height: 128767 ,area: 9759765998 ,blocks_area: 7421606604, filling_rate: 0.760429, utilizatio_rate: 0.757905
layer: 1 ,width: 75812 ,height: 128281 ,area: 9725239172 ,blocks_area: 7642035775, filling_rate: 0.785794, utilizatio_rate: 0.780416
random seed: 6
alpha: 0
gamma: 1
best wirelength: 5.08705e+09
initial_num_perturbs: 19560
iter: 0
best_iter: 0
best_cost: 0.164006
reject_time: 0
accept_inferior_time: 0
update_best_time: 1841
adjustLegalOutline_fail_times: 0
outline_adjust_time: 98.529
initial_wirelength: 1.21199e+10
initial_average_wirelength: 7.3899e+10
1.21199e+10,initial_iter: 19560
initial_time: 206.15
total time cost: 601.112
