name,x,y,layer,rotated_angle,width,height,area,exceed_outline_area,left,right,parent,is_from_left,
macro_C8466,24949,17930,0,0,6369,5709,36360621,0,-1,14,60,0,
macro_C8467,16864,23132,0,0,6369,5709,36360621,0,50,75,22,0,
macro_C16429,33166,13595,0,0,5676,7524,42706224,0,-1,61,72,1,
macro_C16430,4176,0,1,270,10752,8112,87220224,0,-1,-1,123,1,
macro_C32011,30163,32253,0,90,4290,8613,36949770,0,33,-1,7,1,
macro_C32012,31422,27165,1,90,6144,12288,75497472,0,-1,-1,13,1,
macro_C39784,1452,1584,0,270,7854,5445,42765030,0,67,82,99,0,
macro_C39785,24718,32549,0,0,5445,7854,42765030,0,4,-1,22,1,
macro_C55552,3003,30741,0,180,5412,7854,42505848,0,-1,-1,37,1,
macro_C55553,18283,0,0,0,5412,7854,42505848,0,100,-1,55,1,
macro_C63404,20190,0,1,270,11232,7728,86800896,0,26,74,93,1,
macro_C63405,16864,7854,0,270,7854,5412,42505848,0,62,65,55,0,
macro_C71293,4176,8112,1,0,7728,11232,86800896,0,118,-1,91,1,
macro_C71294,20190,27165,1,270,11232,7728,86800896,0,5,85,25,0,
macro_C86866,24949,23639,0,270,5709,6369,36360621,0,72,-1,0,0,
macro_C86867,9306,10386,0,90,7524,5676,42706224,0,-1,-1,18,0,
macro_C86868,33892,4482,0,270,4290,8613,36949770,0,-1,-1,83,1,
macro_C86869,28302,15933,1,180,7776,11232,87340032,0,-1,-1,105,0,
macro_C86870,9306,2532,0,0,5412,7854,42505848,0,64,15,27,1,
macro_C94576,2064,32112,1,270,8160,9072,74027520,0,-1,-1,24,0,
macro_C94577,8515,35242,0,90,7524,5676,42706224,0,-1,-1,122,0,
macro_C94578,34618,21119,0,270,4290,8613,36949770,0,106,-1,61,1,
macro_C94579,16864,17687,0,90,7854,5445,42765030,0,7,1,41,0,
macro_C94580,24949,5953,0,0,5412,7854,42505848,0,44,63,113,0,
macro_C102137,2064,23040,1,270,8160,9072,74027520,0,86,19,111,0,
macro_C102138,20190,14186,1,0,8112,10752,87220224,0,105,13,74,0,
macro_C102139,31422,0,1,90,6144,12288,75497472,0,46,-1,10,1,
macro_C102140,1452,16188,0,90,7854,5445,42765030,0,18,95,94,0,
macro_C102141,16864,30392,0,90,7854,5412,42505848,0,-1,32,75,0,
macro_C109812,10065,16062,0,0,6369,5709,36360621,0,-1,81,31,1,
macro_C109813,10065,23223,0,180,5676,7524,42706224,0,-1,-1,81,0,
macro_C109814,1452,26451,0,0,8613,4290,36949770,0,29,37,110,0,
macro_C109815,16864,35804,0,90,7854,5445,42765030,0,-1,-1,28,0,
macro_C109816,34453,32253,0,180,5412,7854,42505848,0,-1,-1,4,1,
core_C1,28214,16313,0,180,4139,1617,6692763,0,-1,-1,60,1,
core_C3,1452,11814,0,270,2541,2592,6586272,0,-1,94,54,0,
core_C4,9934,30747,0,270,1452,4495,6526740,0,92,-1,122,1,
core_C5,1452,30741,0,270,1551,4690,7274190,0,8,114,31,0,
core_C6,5379,38595,0,0,3136,2079,6519744,0,122,-1,104,1,
core_C7,22302,7728,1,270,2112,6458,13639296,0,80,-1,74,1,
core_C11,6320,21633,0,90,2079,3209,6671511,0,-1,-1,110,1,
core_C13,16864,15114,0,0,2555,2508,6407940,0,-1,22,65,0,
core_C14,12385,0,0,90,2508,2532,6350256,0,56,-1,67,1,
core_C15,17745,0,1,90,1824,5520,10068480,0,-1,-1,118,1,
core_C16,30361,13147,0,90,2046,3166,6477636,0,83,-1,23,1,
core_C18,33166,29732,0,270,2508,2521,6322668,0,121,-1,61,0,
core_C19,37566,0,1,270,2784,4179,11634336,0,-1,97,26,1,
core_C22,12096,10368,1,180,4446,2928,13017888,0,93,117,86,1,
core_C23,24949,0,0,90,1452,4436,6441072,0,58,113,100,1,
core_C24,0,0,1,90,2064,6435,13281840,0,123,-1,-1,0,
core_C26,23233,23132,0,90,1452,4378,6356856,0,-1,-1,1,1,
core_C28,37566,10132,1,90,2256,5640,12723840,0,-1,-1,97,0,
core_C30,30625,4405,0,270,1386,4325,5994450,0,-1,88,112,0,
core_C31,10224,29918,1,270,2016,6296,12692736,0,-1,-1,86,0,
core_C32,1452,10032,0,0,3621,1782,6452622,0,103,35,115,0,
core_C33,16864,2642,0,270,1419,4257,6040683,0,9,11,69,1,
core_C34,14893,0,0,270,2640,2642,6974880,0,-1,-1,42,1,
core_C35,30414,12288,1,270,3600,3645,13122000,0,-1,-1,105,1,
core_C36,26401,0,0,270,1353,4098,5544594,0,73,-1,48,1,
core_C37,12838,30747,0,90,1023,3201,3274623,0,108,-1,92,1,
core_C38,24949,15589,0,0,3265,2112,6895680,0,34,0,63,0,
core_C41,33166,21119,0,90,1452,4549,6605148,0,21,45,2,0,
core_C42,24718,30008,0,0,2571,2541,6532911,0,-1,-1,11,1,
core_C43,24949,13807,0,0,3631,1782,6470442,0,-1,60,23,0,
core_C45,14718,2642,0,270,2079,3194,6640326,0,-1,-1,18,1,
core_C47,16864,13266,0,0,3748,1848,6926304,0,109,41,11,0,
core_C48,1452,23250,0,0,4026,1584,6377184,0,-1,110,95,0,
core_C49,9306,0,0,180,3079,2046,6299634,0,42,-1,6,1,
core_C50,16272,20485,1,270,1488,4728,7035264,0,-1,-1,119,0,
core_C51,15280,30747,0,270,1584,3982,6307488,0,55,-1,108,1,
core_C54,5800,19344,1,270,3600,3663,13186800,0,-1,-1,111,1,
core_C55,36268,0,0,90,1254,3905,4896870,0,120,-1,79,1,
core_C56,30658,23639,0,270,2508,2548,6390384,0,2,101,14,1,
core_C57,27754,0,0,270,1452,4501,6535452,0,107,-1,58,1,
core_C58,20190,7728,1,270,2112,6416,13550592,0,39,25,10,0,
core_C59,16864,28841,0,180,3905,1551,6056655,0,-1,28,1,0,
core_C60,14160,16983,1,270,2112,6468,13660416,0,119,-1,78,1,
core_C61,33529,0,0,270,1452,4482,6507864,0,79,-1,90,1,
core_C62,12096,16983,1,90,2064,6446,13304544,0,76,102,117,0,
core_C64,34981,0,0,270,1287,3879,4992273,0,71,-1,77,1,
core_C65,24414,7728,1,270,2064,6416,13242624,0,-1,-1,39,1,
core_C66,10065,21771,0,180,4492,1452,6522384,0,-1,30,29,0,
core_C67,1452,7029,0,180,4075,1617,6589275,0,-1,115,6,0,
core_C68,32407,9068,0,90,1485,4527,6722595,0,16,-1,44,1,
core_C72,20190,38493,1,0,4909,2448,12017232,0,-1,-1,85,0,
core_C74,20190,34893,1,0,3665,3600,13194000,0,-1,84,13,0,
core_C75,10224,19344,1,90,1872,5703,10676016,0,47,53,24,1,
core_C77,0,0,0,270,1452,4419,6416388,0,99,-1,-1,0,
core_C78,30625,8730,0,270,1419,4417,6267723,0,96,-1,52,0,
core_C79,5034,11814,0,180,3585,1749,6270165,0,-1,-1,94,1,
core_C80,32077,0,0,270,1452,4530,6577560,0,77,-1,112,1,
core_C81,2064,6362,1,270,2112,6342,13394304,0,12,116,123,0,
core_C82,11386,30747,0,90,1452,4464,6481728,0,59,-1,36,1,
core_C83,16542,10368,1,270,3648,3677,13413696,0,10,-1,47,1,
core_C84,1452,14406,0,0,3582,1782,6383124,0,89,27,35,0,
core_C85,1452,21633,0,180,4196,1617,6784932,0,-1,66,27,0,
core_C86,32044,4530,0,90,1452,4538,6589176,0,-1,-1,88,1,
core_C87,37566,4179,1,270,1968,5953,11715504,0,-1,51,46,0,
core_C88,5665,7029,0,180,2578,2541,6550698,0,-1,-1,115,1,
core_C89,1452,0,0,0,3993,1584,6324912,0,-1,6,87,1,
core_C90,23695,0,0,90,1254,3829,4801566,0,48,-1,9,1,
core_C91,30658,26187,0,270,1452,4403,6393156,0,-1,-1,72,0,
core_C92,12096,23451,1,90,2112,6467,13658304,0,-1,-1,78,0,
core_C93,5073,10032,0,180,3911,1551,6065961,0,-1,-1,54,1,
core_C94,2871,38595,0,90,2508,2540,6370320,0,38,-1,114,1,
core_C96,28302,7728,1,270,2112,6546,13825152,0,57,17,25,1,
core_C98,38908,4416,0,90,1452,4388,6371376,0,-1,-1,21,1,
core_C101,29206,0,0,90,1419,4454,6320226,0,112,-1,73,1,
core_C102,13861,30747,0,270,1419,4442,6303198,0,69,-1,59,1,
core_C104,20612,13266,0,270,1452,4421,6419292,0,-1,-1,65,1,
core_C107,1452,24834,0,180,4868,1617,7871556,0,40,31,66,0,
core_C108,2064,19344,1,180,3736,3696,13808256,0,70,24,116,0,
core_C109,30625,0,0,270,1452,4405,6396060,0,90,52,107,1,
core_C110,24949,4501,0,180,4490,1452,6519480,0,-1,23,48,0,
core_C111,1452,35431,0,270,1419,4441,6301779,0,104,-1,37,0,
core_C112,1452,8646,0,0,4213,1386,5839218,0,98,54,82,0,
core_C113,2064,12704,1,270,2064,6237,12873168,0,-1,111,91,0,
core_C114,12096,13296,1,90,3600,3687,13273200,0,-1,78,47,0,
core_C116,11904,8112,1,0,5841,2256,13177296,0,43,-1,12,1,
core_C117,16272,14045,1,90,2064,6440,13292160,0,-1,68,76,1,
core_C118,37522,0,0,90,1419,4416,6266304,0,-1,-1,71,1,
core_C119,35674,29732,0,180,4453,1452,6465756,0,-1,-1,45,1,
core_C120,8515,30741,0,270,1419,4431,6287589,0,36,20,38,1,
core_C121,2064,0,1,270,2112,6362,13436544,0,3,91,49,1,
Wirelength: 5.9459e+08
layer(tree) info:
layer: 0 ,width: 40360 ,height: 41249 ,area: 1664809640 ,blocks_area: 1368250158, filling_rate: 0.821866, utilizatio_rate: 0.818358
layer: 1 ,width: 40350 ,height: 41184 ,area: 1661774400 ,blocks_area: 1177148640, filling_rate: 0.708369, utilizatio_rate: 0.704059
random seed: 7
alpha: 0
gamma: 1
best wirelength: 5.9459e+08
initial_num_perturbs: 3720
iter: 0
best_iter: 0
best_cost: 0.203353
reject_time: 0
accept_inferior_time: 0
update_best_time: 0
adjustLegalOutline_fail_times: 0
outline_adjust_time: 21.804
initial_wirelength: 4.46992e+08
initial_average_wirelength: 2.19811e+09
4.46992e+08,initial_iter: 3720
initial_time: 14.799
total time cost: 217.359
