name,x,y,layer,rotated_angle,width,height,area,exceed_outline_area,left,right,parent,is_from_left,
macro_C415824,46682,39744,0,0,5520,23736,131022720,0,-1,28,467,0,
macro_C393731,24817,54662,1,0,8625,37030,319383750,0,-1,360,96,0,
macro_C396425,15714,103416,0,0,5520,23736,131022720,0,470,-1,9,0,
macro_C399323,56787,0,1,0,8625,37030,319383750,0,186,600,473,1,
macro_C401933,62304,30403,0,0,5520,23736,131022720,0,496,346,623,1,
macro_C404827,66861,53506,1,0,8625,37030,319383750,0,-1,635,185,1,
macro_C407516,46736,89234,1,0,8625,37030,319383750,0,409,189,11,0,
macro_C410398,36892,8789,1,0,8625,37030,319383750,0,-1,18,517,1,
macro_C413082,48706,96214,0,0,5520,23736,131022720,0,310,232,618,0,
macro_C40987,15714,79680,0,0,5520,23736,131022720,0,-1,2,94,0,
macro_C418718,21418,62522,0,0,5520,23736,131022720,0,135,137,372,1,
macro_C421703,46736,52204,1,0,8625,37030,319383750,0,55,6,43,0,
macro_C424481,21418,88742,0,0,5520,23736,131022720,0,63,146,137,0,
macro_C427156,9614,0,1,0,8625,37030,319383750,0,255,142,426,1,
macro_C429952,19394,35198,0,0,5520,23736,131022720,0,432,478,115,1,
macro_C432667,1730,0,0,0,5520,23736,131022720,0,369,102,603,1,
macro_C38059,46682,10396,0,0,5520,23736,131022720,0,284,354,51,0,
macro_C78506,41162,72171,0,0,5520,23736,131022720,0,-1,624,502,0,
macro_C390724,36892,45819,1,0,8625,37030,319383750,0,278,417,7,0,
macro_C43597,56526,82026,0,0,5520,23736,131022720,0,-1,521,147,0,
macro_C46411,15714,0,0,0,5520,23736,131022720,0,445,365,643,1,
macro_C48981,39138,22123,0,0,5520,23736,131022720,0,-1,178,499,1,
macro_C51791,62304,92095,0,0,5520,23736,131022720,0,-1,162,30,0,
macro_C54384,0,23426,1,0,8625,37030,319383750,0,-1,506,316,0,
macro_C57054,56526,50746,0,0,5520,23736,131022720,0,105,90,243,0,
macro_C62277,33434,96818,0,0,5520,23736,131022720,0,-1,-1,342,0,
macro_C65066,31502,10282,0,0,5520,23736,131022720,0,535,520,604,1,
macro_C67838,33434,34018,0,0,5520,23736,131022720,0,-1,483,197,1,
macro_C70493,46682,63480,0,0,5520,23736,131022720,0,-1,219,0,0,
macro_C73067,24817,0,1,0,8625,37030,319383750,0,-1,424,91,1,
macro_C75793,62304,68359,0,0,5520,23736,131022720,0,-1,22,510,0,
macro_C59667,41162,45859,0,0,5520,23736,131022720,0,267,502,536,1,
core_C930,67145,14278,0,90,2024,6501,13158024,0,641,93,577,1,
core_C1124,19987,92024,1,180,4623,4600,21265800,0,-1,201,614,1,
core_C1270,52202,14371,0,90,2300,5904,13579200,0,-1,311,284,0,
core_C1382,71918,29737,1,90,2530,7977,20181810,0,-1,338,301,1,
core_C1112,26938,45159,0,180,4315,2760,11909400,0,-1,388,152,0,
core_C126,29496,107974,0,90,3496,3524,12319904,0,-1,449,252,0,
core_C1684,1730,70542,0,0,4427,2944,13033088,0,-1,309,376,0,
core_C1556,61709,56855,1,90,2530,8066,20406980,0,593,-1,459,0,
core_C599,73694,101017,0,90,2024,6189,12526536,0,-1,-1,615,0,
core_C919,20304,65953,1,90,2875,7248,20838000,0,-1,-1,492,1,
core_C1502,0,0,1,270,3680,5578,20527040,0,-1,480,-1,0,
core_C356,46736,49674,1,180,7804,2530,19744120,0,-1,11,121,0,
core_C1322,1730,64010,0,180,3634,3588,13038792,0,453,376,533,0,
core_C1329,6943,54113,0,90,2944,4469,13156736,0,-1,-1,126,0,
core_C1044,44566,118529,0,270,3680,3687,13568160,0,-1,-1,300,0,
core_C318,70434,46625,0,90,2392,4897,11713624,0,-1,-1,208,0,
core_C1681,22706,11376,0,270,2024,6389,12931336,0,-1,-1,500,1,
core_C1652,68008,108374,0,90,1932,6234,12044088,0,403,-1,282,0,
core_C667,29496,95204,0,0,3820,3680,14057600,0,-1,84,65,0,
core_C285,46682,8096,0,180,5805,2300,13351500,0,62,16,69,0,
core_C15,40130,6475,0,0,6346,2024,12844304,0,-1,-1,471,0,
core_C925,59754,39895,0,90,2208,5883,12989664,0,-1,-1,371,1,
core_C1409,67827,35193,1,90,3105,6468,20083140,0,196,-1,275,0,
core_C562,55361,105018,1,90,4370,4407,19258590,0,259,-1,11,1,
core_C168,41162,100967,0,180,4968,2484,12340512,0,-1,411,164,0,
core_C458,62046,11334,0,90,2576,5164,13302464,0,-1,238,190,0,
core_C1109,17554,68824,0,0,3712,3680,13660160,0,-1,103,115,0,
core_C943,46552,12582,1,90,3565,5689,20281285,0,-1,292,130,0,
core_C1583,46552,24922,1,0,6611,3105,20527155,0,-1,321,292,0,
core_C100,0,0,0,90,1380,4600,6348000,0,-1,273,-1,0,
core_C1141,52487,6944,0,90,2944,4602,13548288,0,-1,-1,51,1,
core_C879,26938,82536,0,0,4486,2944,13206784,0,307,-1,12,1,
core_C355,15268,56753,1,180,5941,2875,17080375,0,-1,651,175,0,
core_C387,29496,91708,0,0,3598,3496,12578608,0,-1,50,559,0,
core_C647,11758,67425,0,0,3622,3588,12995736,0,-1,592,550,0,
core_C439,73768,91088,0,270,1748,3794,6631912,0,-1,596,512,0,
core_C721,6244,63458,0,180,3662,3588,13139256,0,-1,532,376,1,
core_C239,46682,5152,0,180,4483,2944,13197952,0,-1,51,138,1,
core_C1333,56879,45093,1,90,2530,8205,20758650,0,95,233,287,0,
core_C266,68008,103682,0,0,5604,2208,12373632,0,-1,282,366,0,
core_C951,46645,0,0,180,5218,2576,13441568,0,-1,-1,313,1,
core_C406,50638,119950,0,90,1932,6005,11601660,0,430,-1,232,1,
core_C259,0,91692,1,0,6615,3105,20539575,0,-1,391,133,0,
core_C522,56787,101913,1,180,6628,3105,20579940,0,-1,-1,587,0,
core_C1618,35366,76277,0,180,3683,3588,13214604,0,-1,608,511,0,
core_C875,73485,34931,0,90,2024,6116,12378784,0,-1,-1,644,1,
core_C841,29647,114205,1,0,4679,4485,20985315,0,-1,584,611,0,
core_C1299,26938,39363,0,180,4378,2852,12486056,0,-1,152,495,0,
core_C44,63526,111228,1,90,2530,8003,20247590,0,627,-1,444,1,
core_C1017,0,79617,1,0,7189,2760,19841640,0,-1,438,179,0,
core_C1331,5686,95987,0,180,5124,2484,12728016,0,-1,205,108,0,
core_C98,9706,90114,1,180,7434,2760,20517840,0,-1,183,124,0,
core_C330,29496,98884,0,90,2300,5778,13289400,0,-1,252,50,0,
core_C358,70584,69840,0,90,2024,6097,12340328,0,-1,-1,227,1,
core_C210,66861,100942,1,90,2530,8262,20902860,0,-1,177,323,0,
core_C996,58475,23773,0,180,3386,3312,11214432,0,-1,-1,439,0,
core_C780,15714,26182,0,0,6384,2024,12921216,0,-1,344,365,0,
core_C1441,69940,114256,0,180,3617,3496,12645032,0,-1,-1,403,0,
core_C576,56526,74482,0,0,5097,2484,12660948,0,-1,402,24,0,
core_C1456,22402,102145,1,90,2415,7589,18327435,0,29,-1,302,1,
core_C309,46682,97843,0,90,2024,6511,13178264,0,228,-1,112,0,
core_C57,67145,20779,0,0,4477,2944,13180288,0,-1,-1,32,0,
core_C1493,15714,63194,0,90,1840,5858,10778720,0,115,9,433,0,
core_C1295,59409,37030,1,90,3220,6527,21016940,0,472,562,70,1,
core_C1113,24817,50598,1,180,5717,3680,21038560,0,-1,1,211,0,
core_C1022,73071,117593,1,90,2530,7716,19521480,0,-1,-1,107,1,
core_C34,66254,48906,1,0,4467,4370,19520790,0,170,-1,459,1,
core_C1287,39056,10615,0,90,2208,5748,12691584,0,605,286,315,1,
core_C729,71688,108374,0,90,1932,5882,11364024,0,622,-1,403,1,
core_C1070,25540,116986,0,90,1932,6052,11692464,0,505,-1,469,1,
core_C820,1730,23736,0,180,3638,3588,13053144,0,202,250,15,0,
core_C1151,17554,72504,0,0,3674,3588,13182312,0,-1,187,58,0,
core_C1685,39138,65375,0,90,2024,6549,13255176,0,-1,386,414,0,
core_C929,62046,0,0,180,5002,2392,11964784,0,486,448,24,1,
core_C1114,56787,86388,1,0,6494,3220,20910680,0,-1,272,298,0,
core_C1484,69966,117593,1,270,3105,4761,14782905,0,97,-1,393,0,
core_C1084,5686,87381,0,90,2024,6100,12346400,0,-1,82,370,0,
core_C1197,56451,30413,0,90,2024,6106,12358544,0,439,-1,629,1,
core_C1135,2415,107217,1,90,2415,7812,18865980,0,578,-1,327,1,
core_C934,34362,112390,1,0,7336,2875,21091000,0,-1,465,271,0,
core_C845,46682,91448,0,90,2024,6395,12943480,0,-1,92,128,0,
core_C206,64058,95473,1,90,2530,7821,19787130,0,-1,-1,247,1,
core_C33,56526,45778,0,180,5111,2484,12695724,0,-1,243,332,1,
core_C302,17554,63194,0,90,1840,5523,10162320,0,14,58,94,1,
core_C589,4214,29440,0,90,2208,5985,13214880,0,-1,-1,122,1,
core_C158,38589,91219,0,90,2208,5599,12362592,0,198,-1,342,1,
core_C414,33632,2024,0,270,2116,5707,12076012,0,-1,-1,307,1,
core_C1116,29496,116037,0,90,2024,6177,12502248,0,-1,-1,449,0,
core_C1033,19987,114219,1,0,4484,4370,19595080,0,-1,576,150,0,
core_C1170,46736,46160,1,180,5093,3335,16985155,0,-1,43,223,0,
core_C376,1730,29440,0,90,2484,5067,12586428,0,116,544,250,0,
core_C1265,27472,91975,0,90,2024,6460,13075040,0,-1,456,505,0,
core_C613,9706,79326,1,90,2415,7415,17907225,0,153,83,610,1,
core_C459,9614,50806,1,180,8197,2530,20738410,0,-1,440,625,0,
core_C238,6943,47784,0,90,1932,6329,12227628,0,-1,45,384,1,
core_C506,17774,62733,1,0,6511,3220,20965420,0,-1,492,416,1,
core_C46,46682,89332,0,180,6504,2116,13762464,0,-1,112,219,0,
core_C1232,59539,0,0,90,1932,6246,12067272,0,-1,-1,330,1,
core_C187,46552,7982,1,0,4769,4600,21937400,0,572,59,589,1,
core_C450,24817,44848,1,0,7790,2530,19708700,0,-1,211,155,0,
core_C494,73768,72357,0,90,2024,6268,12686432,0,-1,159,406,0,
core_C915,0,88587,1,180,6405,3105,19887525,0,-1,74,262,0,
core_C1043,64788,62971,0,0,6447,2024,13048728,0,546,-1,570,0,
core_C449,26938,52317,0,90,2208,5772,12744576,0,487,180,10,1,
core_C10,13405,3686,0,90,2024,6316,12783584,0,-1,-1,299,1,
core_C178,21418,86258,0,0,5299,2484,13162716,0,-1,12,10,0,
core_C1045,44566,108511,0,90,2116,6430,13605880,0,69,300,364,1,
core_C1298,9974,34330,0,90,2300,5922,13620600,0,-1,225,451,0,
core_C1488,36892,88944,1,180,5667,3680,20854560,0,-1,293,269,0,
core_C1587,0,18021,1,180,5598,1725,9656550,0,-1,316,436,0,
core_C1285,9614,37030,1,0,6678,3220,21503160,0,351,264,13,0,
core_C1313,23007,58934,0,270,3404,3538,12043352,0,523,-1,478,1,
core_C1249,55491,0,0,90,2576,5481,14119056,0,-1,352,628,1,
core_C1067,31424,7890,0,180,5098,2392,12194416,0,452,-1,307,0,
core_C922,21418,112478,0,0,5678,2208,12537024,0,-1,268,12,0,
core_C1050,56526,79542,0,180,5186,2484,12882024,0,-1,19,402,0,
core_C306,0,68791,1,90,3565,5536,19735840,0,-1,385,395,0,
core_C228,54502,112006,0,0,3622,3496,12662512,0,-1,158,588,0,
core_C28,19987,109734,1,180,4531,4485,20321535,0,-1,120,302,0,
core_C326,6328,75510,0,0,3646,3588,13081848,0,331,-1,528,1,
core_C443,26938,42215,0,0,4449,2944,13097856,0,-1,36,79,0,
core_C156,12121,79326,1,90,2530,7913,20019890,0,172,374,124,1,
core_C1159,32177,118690,1,90,2185,6953,15192305,0,240,461,584,1,
core_C446,24817,40825,1,0,6513,3220,20971860,0,241,131,424,0,
core_C1155,68008,85781,0,180,3762,3588,13498056,0,581,648,394,0,
core_C1548,58458,120196,0,90,1932,6347,12262404,0,539,-1,488,0,
core_C1326,54502,115502,0,90,2392,5024,12017408,0,-1,-1,149,0,
core_C740,73768,78625,0,90,2024,6107,12360568,0,-1,512,132,0,
core_C27,12458,19542,0,90,1932,6264,12102048,0,-1,-1,336,1,
core_C133,11397,95509,0,180,3834,3680,14109120,0,-1,-1,353,1,
core_C350,62304,115831,0,180,5060,2484,12569040,0,-1,538,22,0,
core_C616,0,90937,0,180,3599,3588,12913212,0,-1,503,340,0,
core_C1605,41162,98483,0,180,5245,2484,13028580,0,-1,56,624,0,
core_C254,3754,112465,0,0,6278,2024,12706672,0,-1,501,458,0,
core_C574,4830,115529,1,180,6576,3105,20418480,0,317,-1,578,0,
core_C191,58458,112938,0,180,3643,3588,13071084,0,-1,488,466,0,
core_C1019,26938,72592,0,180,3675,3496,12847800,0,-1,498,405,0,
core_C244,41722,102292,1,0,4612,4485,20684820,0,-1,203,248,0,
core_C591,70721,48906,1,0,4617,4600,21238200,0,-1,-1,98,1,
core_C200,15714,54303,0,90,2944,4523,13315712,0,-1,433,220,0,
core_C972,14651,74841,1,0,8274,2530,20933220,0,-1,613,153,1,
core_C74,34362,8789,1,270,2530,8273,20930690,0,-1,517,240,0,
core_C1261,6514,38870,0,90,2300,5878,13519400,0,-1,-1,215,0,
core_C978,15268,54338,1,180,6324,2415,15272460,0,-1,64,440,1,
core_C627,68008,92957,0,270,2852,4350,12406200,0,324,366,648,0,
core_C748,66861,109204,1,270,3105,6288,19524240,0,626,-1,86,0,
core_C373,39138,45859,0,90,2024,6388,12929312,0,-1,583,21,0,
core_C1009,0,77087,1,0,8001,2530,20242530,0,-1,81,385,0,
core_C108,26938,58830,0,180,4428,2852,12628656,0,-1,398,135,0,
core_C380,0,101352,1,0,6366,3105,19766430,0,-1,361,357,0,
core_C555,13155,103237,0,90,2484,5180,12867120,0,-1,-1,429,1,
core_C1030,9706,92874,1,180,7242,2760,19987920,0,-1,-1,83,0,
core_C1455,5629,19648,1,180,3779,2415,9126285,0,-1,-1,191,0,
core_C537,64331,56855,1,90,2530,8116,20533480,0,5,-1,593,1,
core_C1284,65412,0,1,270,2530,8133,20576490,0,575,574,3,1,
core_C1089,17554,76092,0,0,3680,3588,13203840,0,-1,-1,103,0,
core_C1356,26938,78848,0,90,3588,3688,13232544,0,-1,-1,498,0,
core_C476,46736,126264,1,0,7398,2875,21269250,0,-1,-1,6,0,
core_C1688,62046,8390,0,0,4509,2944,13274496,0,290,57,448,0,
core_C959,5629,11443,1,90,2530,8205,20758650,0,-1,184,316,1,
core_C1037,63640,78578,1,90,2530,8276,20938280,0,-1,-1,272,1,
core_C289,59409,49265,1,0,6669,3220,21474180,0,-1,508,562,0,
core_C1691,48706,93564,0,0,5210,2576,13420960,0,-1,618,228,0,
core_C753,19803,87539,1,0,4693,4485,21048105,0,-1,606,446,0,
core_C1140,70932,21558,1,90,2645,8179,21633455,0,-1,-1,54,1,
core_C431,31502,40298,0,90,1932,6329,12227628,0,27,-1,520,0,
core_C153,40797,122216,0,0,6859,2116,14513644,0,-1,-1,117,1,
core_C954,4582,38369,0,90,1932,6268,12109776,0,285,527,582,1,
core_C654,70434,30515,0,180,5052,2484,12549168,0,-1,356,251,1,
core_C422,19987,96624,1,90,3565,5521,19682365,0,-1,302,33,0,
core_C649,5368,23736,0,180,4449,1472,6548928,0,299,-1,102,1,
core_C1185,41722,106777,1,90,2760,7393,20404680,0,-1,457,169,0,
core_C1450,7130,98164,1,0,8100,2530,20493000,0,555,475,513,0,
core_C1250,5686,99189,0,0,6484,2024,13123616,0,-1,263,82,0,
core_C1288,25784,12386,0,90,2024,6490,13135760,0,249,-1,258,1,
core_C1076,6488,0,1,90,2300,7543,17348900,0,-1,-1,480,1,
core_C1698,70434,40042,0,90,2024,6583,13323992,0,-1,47,337,0,
core_C1620,39422,92624,1,90,2300,7395,17008500,0,462,-1,293,1,
core_C1303,66284,122354,1,180,6503,3220,20939660,0,-1,-1,259,1,
core_C183,24817,47378,1,0,6518,3220,20987960,0,218,96,131,0,
core_C888,41162,108511,0,90,2944,4589,13510016,0,-1,364,422,0,
core_C1321,9614,43240,1,0,7567,2875,21755125,0,-1,625,264,0,
core_C583,71377,16320,0,270,2760,4270,11785200,0,-1,-1,387,0,
core_C1059,6514,35344,0,90,3404,3526,12002504,0,399,174,285,0,
core_C313,26938,64626,0,90,2484,5114,12703176,0,425,405,398,0,
core_C129,46736,33547,1,180,5059,4830,24434970,0,-1,223,619,0,
core_C106,31335,47378,1,90,2760,7284,20103840,0,-1,-1,211,1,
core_C952,46682,87216,0,0,6418,2116,13580488,0,-1,128,28,0,
core_C1142,15714,49675,0,270,2944,4628,13624832,0,-1,171,591,0,
core_C1085,3565,60456,1,180,5838,1725,10070550,0,-1,413,506,1,
core_C1369,58671,27085,0,90,2024,6570,13297680,0,-1,281,310,1,
core_C905,46736,38377,1,90,2300,7317,16829100,0,597,121,217,0,
core_C284,18239,7990,1,90,2530,8243,20854790,0,-1,447,255,0,
core_C1306,9974,40252,0,0,5213,2576,13428688,0,-1,-1,139,0,
core_C1391,68008,80721,0,0,5213,2576,13428688,0,-1,394,554,0,
core_C1086,68008,69840,0,90,2576,5251,13526576,0,85,522,481,0,
core_C22,48706,91448,0,180,5346,2116,11312136,0,-1,194,92,1,
core_C1566,24914,36689,0,90,1932,6023,11636436,0,-1,-1,432,0,
core_C789,33434,63511,0,90,1932,5868,11336976,0,315,312,483,0,
core_C368,51323,36708,0,0,3104,3036,9423744,0,629,-1,467,1,
core_C700,48706,119950,0,90,1932,6221,12018972,0,73,650,8,0,
core_C141,56879,53298,1,90,2530,7655,19367150,0,-1,515,70,0,
core_C1068,11758,46416,0,90,2852,4344,12389088,0,-1,463,389,0,
core_C173,51321,17881,1,270,2760,7041,19433160,0,-1,-1,334,0,
core_C138,73694,41047,0,90,1932,6299,12169668,0,-1,454,622,1,
core_C664,1730,55696,0,180,5054,2484,12554136,0,-1,431,384,0,
core_C470,62046,16498,0,180,3603,3496,12596088,0,245,-1,57,0,
core_C1097,49128,38377,1,90,2530,7783,19690990,0,607,-1,597,1,
core_C1134,34362,5684,1,180,7995,3105,24824475,0,-1,173,154,1,
core_C1418,31330,37030,1,90,2530,7818,19779540,0,-1,-1,155,1,
core_C222,0,109815,0,0,3619,3496,12652024,0,-1,-1,381,0,
core_C1041,56526,48262,0,0,5104,2484,12678336,0,-1,24,114,0,
core_C1606,3754,116789,0,180,5116,2484,12708144,0,-1,343,501,0,
core_C66,65649,11334,0,180,4449,2944,13097856,0,-1,-1,238,1,
core_C1398,65818,26728,0,90,3588,3675,13185900,0,542,-1,645,1,
core_C992,56787,95473,1,0,7271,2875,20904125,0,113,587,283,0,
core_C505,41722,100107,1,180,4418,2185,9653330,0,-1,169,462,0,
core_C1294,27808,12386,0,270,2116,6502,13758232,0,-1,-1,206,1,
core_C916,1730,27324,0,0,6374,2116,13487384,0,-1,122,102,0,
core_C176,68502,42845,0,90,1932,6012,11615184,0,200,-1,634,1,
core_C342,29496,104662,0,180,3464,3312,11472768,0,-1,37,84,0,
core_C586,26938,24288,0,270,2208,5599,12362592,0,-1,556,432,1,
core_C271,34362,32559,1,90,2530,7665,19392450,0,-1,271,540,0,
core_C327,18239,0,1,90,2530,7990,20214700,0,-1,224,13,1,
core_C1293,59407,11711,0,90,2024,6232,12613568,0,-1,-1,571,1,
core_C1081,23810,6776,0,0,6239,2024,12627736,0,341,-1,631,0,
core_C1361,21234,17765,0,0,4550,2852,12976600,0,206,482,500,0,
core_C840,59731,105018,1,0,6553,3105,20347065,0,210,306,55,1,
core_C1374,21783,54338,1,90,2530,7854,19870620,0,-1,-1,651,1,
core_C953,15551,102904,1,90,3105,6582,20437110,0,-1,-1,509,1,
core_C849,0,85482,1,180,6455,3105,20042775,0,-1,133,438,0,
core_C1532,5686,101213,0,90,2024,6350,12852400,0,297,-1,205,0,
core_C1328,9614,40710,1,0,7949,2530,20110970,0,636,213,142,0,
core_C1319,27232,91692,1,180,6618,3220,21309960,0,-1,380,360,1,
core_C1527,9734,79098,0,90,2024,6587,13332088,0,389,637,549,1,
core_C838,46682,2576,0,180,5221,2576,13449296,0,628,-1,31,1,
core_C317,21418,114686,0,0,5853,2300,13461900,0,-1,580,146,0,
core_C778,36892,85724,1,0,6564,3220,21136080,0,-1,140,417,0,
core_C329,62304,58371,0,0,6396,2116,13533936,0,-1,412,634,0,
core_C76,34362,105579,1,90,3335,6811,22714685,0,401,111,254,0,
core_C1463,56787,89608,1,180,6853,3335,22854755,0,192,283,106,0,
core_C520,0,4600,0,90,1656,5302,8780112,0,603,340,61,0,
core_C214,1730,79098,0,180,6117,2024,12380808,0,-1,490,528,0,
core_C1052,67827,28932,1,90,3105,6261,19440405,0,-1,54,566,1,
core_C1524,21898,27070,1,90,2530,7769,19655570,0,-1,-1,351,1,
core_C1004,72462,90536,1,90,2530,7770,19658100,0,-1,-1,437,1,
core_C5,45517,0,1,90,2530,7982,20194460,0,558,-1,18,1,
core_C442,14743,77371,1,90,2530,7983,20196990,0,348,-1,613,1,
core_C250,1730,47784,0,180,4535,2852,12933820,0,-1,294,582,0,
core_C1246,58671,33655,0,90,2024,6240,12629760,0,-1,-1,222,0,
core_C885,68008,105890,0,0,5091,2484,12646044,0,-1,49,71,0,
core_C1694,56787,92943,1,180,8037,2530,20333610,0,-1,247,272,0,
core_C921,52202,11887,0,0,5181,2484,12869604,0,571,34,16,1,
core_C1656,6514,29440,0,90,2208,5904,13036032,0,-1,215,199,1,
core_C12,39056,16363,0,90,2208,5759,12715872,0,423,-1,99,0,
core_C164,56879,37030,1,90,2530,8063,20399390,0,-1,70,600,1,
core_C205,9614,57016,1,0,5586,3680,20556480,0,-1,525,440,0,
core_C290,52202,22759,0,90,2484,5170,12842280,0,-1,396,311,0,
core_C132,66555,5842,0,0,4487,2944,13209728,0,-1,-1,190,1,
core_C715,56879,65497,1,270,4600,4623,21265800,0,468,455,515,0,
core_C1296,46552,18271,1,90,3220,6633,21358260,0,-1,60,59,0,
core_C1649,36892,92624,1,90,2530,8240,20847200,0,209,484,140,0,
core_C1517,1730,50636,0,180,5200,2576,13395200,0,-1,384,280,0,
core_C1082,3754,87434,0,90,1748,5737,10028276,0,-1,326,630,0,
core_C730,13690,88878,0,90,2024,6631,13421144,0,-1,-1,643,0,
core_C275,7710,101213,0,0,6631,2024,13421144,0,-1,429,263,1,
core_C1559,56787,79090,1,90,2875,7298,20981750,0,434,106,335,0,
core_C567,9817,4549,0,90,3588,3753,13465764,0,136,-1,202,1,
core_C557,44566,114941,0,0,3753,3588,13465764,0,-1,46,138,0,
core_C1383,67175,41661,1,180,4743,4715,22363245,0,35,383,472,1,
core_C515,19987,102145,1,90,2415,7523,18168045,0,91,150,201,0,
core_C397,23516,123330,0,0,6950,2300,15985000,0,-1,-1,469,0,
core_C604,72496,109877,1,90,2415,7716,18634140,0,-1,-1,477,0,
core_C736,26560,8800,0,90,3404,3586,12206744,0,-1,-1,378,1,
core_C1498,59731,108123,1,0,6326,3105,19642230,0,-1,-1,259,0,
core_C816,31424,2024,0,90,2208,5866,12952128,0,118,145,63,1,
core_C873,73768,59770,0,90,2024,6400,12953600,0,-1,406,615,1,
core_C609,1730,73486,0,0,6420,2024,12994080,0,-1,528,38,0,
core_C1423,54226,40268,0,0,4445,2852,12677140,0,222,-1,8,1,
core_C782,52202,20275,0,0,5243,2484,13023612,0,-1,289,34,0,
core_C21,33434,86146,0,0,5250,2484,13041000,0,-1,421,230,0,
core_C507,41338,10615,0,0,5307,2484,13182588,0,72,362,605,1,
core_C1157,46736,30672,1,0,7282,2760,20098320,0,-1,619,620,1,
core_C1096,35366,57754,0,0,3690,3588,13239720,0,99,529,230,1,
core_C724,0,19746,1,0,5629,3680,20714720,0,191,23,141,0,
core_C352,11406,115529,1,0,7206,2875,20717250,0,-1,-1,166,1,
core_C1136,54502,45604,0,90,2024,6577,13311848,0,-1,332,371,0,
core_C491,17922,33174,0,0,6591,2024,13340184,0,-1,-1,632,1,
core_C1377,21234,2576,0,90,2576,5185,13356560,0,631,378,445,0,
core_C435,46552,28027,1,0,8294,2645,21937630,0,-1,612,60,0,
core_C1291,0,8683,1,0,8378,2760,23123280,0,-1,436,480,0,
core_C1012,66861,97666,1,270,3105,3276,10171980,0,-1,86,437,0,
core_C918,70860,92957,0,270,2208,4669,10309152,0,-1,-1,176,1,
core_C1705,41162,116684,0,180,3339,3312,11058768,0,-1,-1,364,0,
core_C1102,3754,93171,0,90,1840,6053,11137520,0,-1,368,295,0,
core_C792,0,107217,1,90,2415,7355,17762325,0,110,464,361,0,
core_C1153,35366,79939,0,90,1932,6207,11991924,0,499,-1,608,0,
core_C1706,57891,111228,1,90,2415,7779,18786285,0,444,382,409,1,
core_C763,57607,5481,0,90,1932,6230,12036360,0,129,-1,352,1,
core_C1008,9974,12946,0,90,3496,3547,12400312,0,560,586,151,1,
core_C1000,54502,52181,0,90,2024,6373,12898952,0,114,504,318,0,
core_C1461,34362,118140,1,180,7305,2760,20161800,0,-1,-1,465,0,
core_C1060,51321,13511,1,180,4500,4370,19665000,0,-1,235,572,0,
core_C1104,56787,74605,1,0,4530,4485,20317050,0,-1,298,600,0,
core_C363,9974,22897,0,90,2484,5239,13013676,0,160,579,586,0,
core_C550,70434,34931,0,90,2484,5111,12695724,0,-1,208,356,0,
core_C965,71918,37714,1,90,2530,8058,20386740,0,-1,-1,35,0,
core_C9,20220,30230,0,0,4461,2852,12722772,0,476,-1,585,1,
core_C1003,0,87441,0,0,3639,3496,12721944,0,-1,163,273,0,
core_C1554,30049,0,0,0,6320,2024,12791680,0,-1,-1,257,1,
core_C746,33434,91206,0,0,5155,2484,12805020,0,117,25,421,0,
core_C870,3754,119273,0,180,4464,2944,13142016,0,-1,563,244,0,
core_C626,15714,28206,0,0,6493,2024,13141832,0,516,585,88,0,
core_C1541,61479,72958,1,90,3565,5620,20035300,0,-1,-1,468,0,
core_C1631,62304,54139,0,180,5806,2208,12819648,0,-1,634,4,0,
core_C1362,66169,124360,0,0,5297,2484,13157748,0,-1,-1,537,1,
core_C88,17273,77371,1,90,2530,8137,20586610,0,489,-1,279,1,
core_C786,24730,20617,0,90,3496,3671,12833816,0,-1,-1,482,1,
core_C1168,9733,117985,0,0,5973,2208,13188384,0,-1,-1,547,0,
core_C186,16292,37030,1,0,5606,3680,20630080,0,276,-1,142,1,
core_C38,55491,5481,0,90,2116,6406,13555096,0,330,-1,144,0,
core_C508,7710,92399,0,180,3687,3588,13228956,0,161,-1,549,0,
core_C950,46682,34132,0,0,5219,2576,13444144,0,-1,467,16,0,
core_C1166,29647,94912,1,90,3680,5746,21145280,0,-1,633,541,1,
core_C404,70434,32999,0,180,4903,1932,9472596,0,-1,337,200,0,
core_C539,0,97902,1,0,6916,3450,23860200,0,-1,181,391,0,
core_C1397,51903,3712,0,270,3220,3232,10407040,0,-1,-1,628,0,
core_C1513,18239,22799,1,90,4255,4271,18173105,0,-1,-1,447,0,
core_C633,24817,91692,1,90,2415,7684,18556860,0,265,375,1,0,
core_C1604,0,104457,1,0,6920,2760,19099200,0,-1,327,181,0,
core_C1426,41338,13099,0,90,1932,6356,12279792,0,-1,-1,313,0,
core_C1338,20323,40710,1,90,2760,7079,19538040,0,-1,-1,636,1,
core_C263,41162,113100,0,90,3404,3584,12199936,0,138,325,212,0,
core_C1324,15714,24158,0,0,6376,2024,12905024,0,-1,88,20,0,
core_C1572,68008,97307,0,90,2024,6375,12903000,0,-1,71,176,0,
core_C167,54502,71290,0,90,2024,6389,12931336,0,-1,588,551,0,
core_C693,3754,107563,0,180,5218,2484,12961512,0,640,458,326,0,
core_C1521,7250,0,0,90,2852,4549,12973748,0,569,-1,15,1,
core_C503,5686,81122,0,90,2024,6259,12668216,0,549,108,630,1,
core_C1626,54502,43120,0,0,5252,2484,13045968,0,53,318,430,1,
core_C861,19394,62522,0,90,2024,6302,12755248,0,10,-1,478,0,
core_C354,11758,74601,0,90,2944,4465,13144960,0,-1,543,592,0,
core_C975,12121,87239,1,180,7370,2875,21188750,0,400,-1,153,0,
core_C1536,24817,110318,1,0,4606,4485,20657910,0,-1,-1,360,0,
core_C1702,1730,67598,0,0,4514,2944,13289216,0,68,38,44,0,
core_C622,11758,54440,0,90,2300,5809,13360700,0,-1,460,463,0,
core_C1225,21234,8800,0,0,5326,2576,13719776,0,305,500,320,0,
core_C1515,35366,64930,0,180,3485,3312,11542320,0,-1,392,529,0,
core_C1412,27232,94912,1,90,2415,7720,18643800,0,-1,541,265,0,
core_C115,0,105479,0,270,2852,4336,12366272,0,-1,242,450,0,
core_C1062,57891,119007,1,180,4437,4370,19389690,0,-1,-1,329,0,
core_C166,67175,46376,1,0,7690,2530,19455700,0,-1,-1,301,0,
core_C341,1730,53212,0,0,5213,2484,12949092,0,126,237,294,0,
core_C1077,0,74327,1,180,7332,2760,20236320,0,-1,179,148,0,
core_C196,39138,71924,0,90,2024,6398,12949552,0,-1,390,104,0,
core_C1115,71377,10080,0,90,2024,6240,12629760,0,-1,214,641,1,
core_C643,26938,47919,0,0,4434,2852,12645768,0,-1,616,36,0,
core_C1538,11758,42828,0,0,3621,3588,12992148,0,-1,234,266,1,
core_C821,39138,78322,0,90,2024,6419,12992056,0,-1,536,386,0,
core_C852,0,94797,1,0,6420,3105,19934100,0,-1,357,74,0,
core_C545,35366,68242,0,90,2944,4447,13091968,0,-1,511,379,0,
core_C438,69966,101871,1,90,2530,8088,20462640,0,477,107,626,0,
core_C832,68008,83297,0,0,5142,2484,12772728,0,-1,156,226,0,
core_C1480,0,66031,1,0,7231,2760,19957560,0,-1,148,506,0,
core_C1477,52202,27929,0,0,5277,2484,13108068,0,-1,531,289,0,
core_C109,9614,63801,1,0,5584,3680,20549120,0,-1,534,525,0,
core_C941,26938,61682,0,0,4477,2944,13180288,0,-1,216,180,0,
core_C962,9918,10002,0,180,4677,2944,13769088,0,-1,-1,215,1,
core_C630,19491,121464,1,0,7974,2645,21091230,0,-1,-1,374,1,
core_C1529,37697,105579,1,90,3795,5699,21627705,0,-1,-1,271,1,
core_C801,56526,76966,0,0,5407,2576,13928432,0,-1,147,90,0,
core_C881,69940,108374,0,90,1748,5794,10127912,0,100,89,49,1,
core_C807,34324,120554,0,0,6152,2024,12451648,0,-1,-1,442,1,
core_C1601,26938,69740,0,180,4381,2852,12494612,0,-1,168,216,0,
core_C552,73768,66170,0,90,2024,6187,12522488,0,-1,132,308,0,
core_C1238,7130,105869,1,180,5665,3565,20195725,0,548,573,509,0,
core_C1120,19382,124109,1,180,7813,2530,19766890,0,-1,-1,548,1,
core_C612,55361,109425,1,90,2530,7839,19832670,0,329,-1,6,1,
core_C382,26938,33567,0,0,4449,2944,13097856,0,-1,495,556,0,
core_C269,41162,103451,0,0,5154,2484,12802536,0,-1,422,56,0,
core_C1534,62304,60487,0,90,2484,5296,13155264,0,570,510,270,0,
core_C143,3565,62181,1,0,5598,3680,20600640,0,-1,-1,221,0,
core_C1202,39138,58854,0,90,2024,6521,13198504,0,-1,104,583,0,
core_C790,62195,19994,0,90,2024,6528,13212672,0,609,-1,638,1,
core_C1422,9614,72311,1,0,8160,2530,20644800,0,127,649,479,0,
core_C911,36892,82849,1,0,7188,2875,20665500,0,-1,269,18,0,
core_C1318,68008,65056,0,0,5300,2576,13652800,0,-1,481,552,1,
core_C1098,29647,109628,1,0,4683,4485,21003255,0,553,611,441,0,
core_C1597,67942,7898,1,90,2875,7330,21073750,0,-1,564,575,0,
core_C610,33434,88630,0,0,5251,2576,13526576,0,-1,342,312,0,
core_C104,41162,105935,0,180,5385,2576,13871760,0,-1,212,411,0,
core_C1460,41264,19455,0,0,5342,2668,14252456,0,-1,-1,286,1,
core_C624,24817,37030,1,0,5846,3795,22185570,0,-1,155,29,0,
core_C379,29422,64626,0,90,1472,4460,6565120,0,-1,-1,216,1,
core_C1522,7314,79617,1,90,2300,7183,16520900,0,13,-1,617,1,
core_C478,64236,118315,0,90,1840,5858,10778720,0,552,-1,538,1,
core_C1341,69348,0,0,90,1932,5842,11286744,0,646,-1,486,1,
core_C6,7710,103237,0,180,5445,2116,11521620,0,182,507,297,0,
core_C377,52570,119950,0,90,1932,6221,12018972,0,371,-1,73,1,
core_C1339,1730,58582,0,0,6127,2024,12401048,0,-1,533,237,0,
core_C489,24914,30542,0,90,2024,6147,12441528,0,253,229,14,1,
core_C1487,15714,58826,0,270,2852,4368,12457536,0,-1,94,171,0,
core_C920,59662,79090,1,90,2760,7179,19814040,0,-1,-1,298,1,
core_C189,21496,47789,1,90,3105,6549,20334645,0,-1,-1,485,1,
core_C956,0,11443,1,90,3105,6578,20424690,0,-1,141,322,0,
core_C1164,66861,94101,1,0,5601,3565,19967565,0,277,323,635,0,
core_C42,0,82377,1,0,6651,3105,20651355,0,-1,262,81,0,
core_C1402,58475,18482,0,90,2576,5291,13629616,0,-1,87,109,1,
core_C1378,9614,53336,1,0,5654,3680,20806720,0,175,288,125,0,
core_C488,29647,105143,1,0,4649,4485,20850765,0,-1,419,633,0,
core_C703,27731,125630,0,0,6593,2024,13344232,0,404,-1,470,1,
core_C399,40804,0,1,90,3680,5684,20917120,0,-1,-1,553,1,
core_C656,60306,111228,1,90,3220,6496,20917120,0,80,-1,329,1,
core_C854,21234,0,0,180,5231,2576,13475056,0,524,320,20,1,
core_C768,19803,83054,1,180,4709,4485,21119865,0,-1,195,621,0,
core_C125,18239,16233,1,90,3220,6566,21142520,0,-1,359,224,0,
core_C281,62046,2392,0,90,2392,5998,14347216,0,-1,190,105,0,
core_C696,29496,111498,0,90,2852,4539,12945228,0,-1,119,37,0,
core_C1483,0,99739,0,90,1748,5740,10033520,0,-1,381,503,0,
core_C865,9974,32582,0,180,5351,1748,9353548,0,-1,139,579,0,
core_C556,36522,0,0,180,3608,3588,12945504,0,471,-1,145,1,
core_C1408,5364,60606,0,0,4514,2852,12873928,0,-1,-1,44,1,
core_C632,73694,47346,0,90,2024,6342,12836208,0,-1,545,236,0,
core_C1542,56879,70120,1,0,4495,4370,19643150,0,-1,594,291,0,
core_C836,27472,98435,0,90,2024,6523,13202552,0,-1,-1,123,0,
core_C872,41722,114170,1,90,3105,6467,20080035,0,-1,-1,203,0,
core_C361,3754,110441,0,0,6510,2024,13176240,0,-1,165,368,0,
core_C570,61709,52485,1,0,4545,4370,19861650,0,98,39,508,1,
core_C233,11758,60249,0,180,3624,3496,12669504,0,-1,550,377,0,
core_C675,32177,125643,1,0,7944,2645,21011880,0,-1,-1,154,0,
core_C456,41722,92624,1,90,2415,7483,18071445,0,589,248,209,1,
core_C1703,11758,50760,0,0,3853,3680,14179040,0,-1,377,234,0,
core_C1216,0,115029,1,0,4706,4600,21647600,0,-1,-1,327,0,
core_C702,34362,115265,1,0,7271,2875,20904125,0,-1,333,111,0,
core_C1320,58458,109350,0,0,3725,3588,13365300,0,-1,167,638,0,
core_C392,46682,36708,0,0,4641,2944,13663104,0,231,0,354,0,
core_C298,61479,64921,1,90,2530,7931,20065430,0,530,345,291,1,
core_C1428,23516,116986,0,90,2024,6344,12840256,0,101,303,601,1,
core_C463,21234,125630,0,180,6497,2024,13149928,0,442,-1,2,1,
core_C240,40130,0,0,90,2024,6475,13105400,0,-1,52,452,1,
core_C524,62629,37030,1,180,4546,4370,19866020,0,301,-1,95,1,
core_C396,54257,41624,1,90,2530,8050,20366500,0,3,-1,493,1,
core_C62,54427,36635,0,90,3588,3633,13035204,0,-1,-1,629,0,
core_C434,7130,100694,1,180,8032,2530,20320960,0,-1,509,204,0,
core_C1591,24681,24288,0,90,2024,6254,12658096,0,-1,-1,339,1,
core_C564,72496,101871,1,90,2530,8006,20255180,0,-1,304,393,1,
core_C311,19394,58934,0,0,3613,3588,12963444,0,143,372,14,0,
core_C391,9614,69781,1,180,7979,2530,20186870,0,-1,416,534,0,
core_C1537,0,5578,1,180,6488,3105,20145240,0,207,322,42,0,
core_C1128,68008,67632,0,180,5670,2208,12519360,0,-1,227,418,0,
core_C1314,21234,20617,0,90,3496,3541,12379336,0,349,-1,258,0,
core_C1586,33434,57754,0,90,1840,5757,10592880,0,-1,230,27,0,
core_C1608,36892,100864,1,180,4807,4715,22665005,0,-1,-1,293,0,
core_C194,14199,47931,1,0,7297,2875,20978875,0,435,-1,625,1,
core_C67,67048,0,0,270,2300,5751,13227300,0,428,-1,105,1,
core_C1510,29146,52317,0,90,2024,6513,13182312,0,-1,-1,135,1,
core_C814,58458,116526,0,90,3588,3670,13167960,0,-1,157,167,0,
core_C874,19803,77371,1,270,3680,5591,20574880,0,-1,621,348,1,
core_C735,1730,81122,0,90,2024,6319,12789656,0,630,-1,274,0,
core_C898,37022,10615,0,90,2024,6304,12759296,0,-1,-1,535,0,
core_C1355,17774,65953,1,90,2530,8000,20240000,0,41,-1,127,0,
core_C1073,51842,41624,1,90,2415,7906,19092990,0,473,-1,557,0,
core_C1675,7130,112999,1,180,7955,2530,20126150,0,-1,-1,573,0,
core_C1567,26938,36511,0,180,4391,2852,12523132,0,-1,79,410,0,
core_C687,67824,30515,0,90,2024,6145,12437480,0,-1,565,4,1,
core_C754,73842,94882,0,90,1932,6135,11852820,0,-1,-1,596,1,
core_C805,26938,76088,0,180,4265,2760,11771400,0,-1,188,168,0,
core_C1474,37298,79865,0,90,1840,6002,11043680,0,21,-1,328,1,
core_C722,21234,11376,0,90,1472,4890,7198080,0,48,258,378,0,
core_C107,3754,114489,0,180,5852,2300,13459600,0,-1,244,165,0,
core_C40,41162,69595,0,0,5224,2576,13457024,0,-1,17,31,0,
core_C859,0,94525,0,90,2576,5214,13431264,0,-1,450,163,0,
core_C670,54502,58554,0,90,2024,6550,13257200,0,-1,551,332,0,
core_C1479,27472,85480,0,90,2024,6495,13145880,0,559,123,101,1,
core_C447,0,60456,1,90,3565,5575,19874875,0,221,395,23,0,
core_C1636,7710,105353,0,0,5332,2116,11282512,0,-1,-1,429,0,
core_C839,59409,52485,1,90,2300,7365,16939500,0,459,-1,193,0,
core_C1344,7130,103224,1,0,8421,2645,22273545,0,261,407,475,0,
core_C1575,62304,65783,0,0,5248,2576,13518848,0,-1,30,412,0,
core_C1156,35366,72689,0,0,3744,3588,13433472,0,-1,76,392,0,
core_C835,73768,84732,0,90,2024,6356,12864544,0,-1,67,159,0,
core_C1663,7130,95634,1,180,7927,2530,20055310,0,-1,204,602,0,
core_C1671,44137,90262,1,90,2530,8117,20536010,0,-1,-1,589,0,
core_C595,56879,60953,1,270,4485,4544,20379840,0,-1,291,233,0,
core_C1615,22207,24158,0,90,2208,5719,12627552,0,-1,-1,344,1,
core_C221,34362,17062,1,90,2530,7797,19726410,0,7,540,173,0,
core_C800,11758,82378,0,90,1932,6321,12212172,0,643,-1,543,0,
core_C54,62974,41400,1,90,2415,7865,18993975,0,-1,-1,562,1,
core_C798,31502,34018,0,90,1932,6280,12132960,0,-1,197,26,0,
core_C314,56526,105762,0,90,1932,6244,12063408,0,638,-1,19,0,
core_C1616,68008,75937,0,180,5592,2208,12347136,0,-1,554,227,0,
core_C986,26411,50845,0,180,4426,1472,6515072,0,-1,-1,143,1,
core_C1325,26465,0,0,90,2760,4292,11845920,0,-1,-1,445,1,
core_C851,9614,60696,1,180,3233,3105,10038465,0,-1,397,288,0,
core_C452,64293,24428,0,180,4902,2300,11274600,0,-1,-1,577,0,
core_C1395,4582,44748,0,0,4592,3036,13941312,0,-1,-1,199,0,
core_C659,1730,75510,0,0,4598,2944,13536512,0,151,274,309,0,
core_C1336,35366,61342,0,0,3725,3588,13365300,0,-1,379,315,0,
core_C31,64009,64971,1,90,2530,7987,20207110,0,-1,-1,468,1,
core_C521,52202,30413,0,90,2024,6192,12532608,0,-1,-1,396,0,
core_C86,6244,67046,0,90,2392,5123,12254216,0,-1,-1,68,0,
core_C751,1730,60606,0,0,3473,3404,11822092,0,-1,44,431,0,
core_C1063,9614,67481,1,180,7606,2300,17493800,0,-1,479,397,0,
core_C150,37022,8499,0,0,6709,2116,14196244,0,-1,491,26,1,
core_C823,39138,84741,0,90,2024,6478,13111472,0,31,-1,390,0,
core_C741,60390,126143,0,0,5779,2208,12760032,0,347,-1,539,0,
core_C1241,62304,118315,0,90,1932,5866,11333112,0,427,-1,162,0,
core_C634,60390,120196,0,90,1840,5947,10942480,0,645,537,157,1,
core_C389,34362,24859,1,90,2530,7700,19481000,0,-1,254,517,0,
core_C39,27232,102632,1,90,2415,7686,18561690,0,355,-1,380,0,
core_C776,69406,23723,0,270,2852,4492,12811184,0,561,647,246,1,
core_C1038,11758,79066,0,180,3460,3312,11459520,0,-1,518,373,0,
core_C1360,1730,35425,0,180,4443,2944,13080192,0,599,582,122,0,
core_C1346,73694,53688,0,270,2024,6082,12309968,0,-1,615,454,0,
core_C423,71235,58721,0,90,1932,6335,12239220,0,-1,-1,134,1,
core_C280,9733,114489,0,180,3670,3496,12830320,0,-1,350,563,1,
core_C1669,12795,109486,1,180,6587,3105,20452635,0,408,-1,407,1,
core_C1330,7710,81122,0,90,2024,6393,12939432,0,266,353,370,1,
core_C63,11758,63745,0,0,3699,3680,13612320,0,-1,66,460,0,
core_C1342,54502,65104,0,90,1932,6186,11951352,0,-1,367,504,0,
core_C1236,66076,118315,0,90,1932,6045,11678940,0,418,-1,427,1,
core_C641,34330,0,1,180,6474,3105,20101770,0,443,-1,419,1,
core_C523,68008,78145,0,180,5246,2576,13513696,0,-1,226,522,0,
core_C871,15230,95634,1,90,2875,7270,20901250,0,-1,-1,204,1,
core_C1410,26938,29887,0,0,3716,3680,13674880,0,-1,410,253,0,
core_C1207,51842,33432,1,90,2530,8192,20725760,0,-1,493,595,1,
core_C1259,48047,0,1,90,2530,7701,19483530,0,567,-1,278,1,
core_C353,29496,85480,0,90,1932,6228,12032496,0,604,65,505,1,
core_C909,13470,12946,0,90,2024,6596,13350304,0,-1,-1,331,1,
core_C1690,72258,20590,0,90,1932,4875,9418500,0,-1,-1,542,1,
core_C1337,59409,43557,1,90,3565,5552,19792880,0,519,193,95,0,
core_C1617,3754,122217,0,180,5979,2208,13201632,0,547,-1,343,0,
core_C204,67942,15228,1,270,3105,6330,19654650,0,-1,-1,420,0,
core_C312,67824,36660,0,90,2024,6185,12518440,0,-1,598,496,0,
core_C136,65412,28932,1,90,2415,7923,19134045,0,275,-1,568,0,
core_C1535,50577,0,1,90,2760,6947,19173720,0,-1,-1,558,1,
core_C219,65412,21558,1,90,2875,7374,21200250,0,-1,566,574,0,
core_C390,10102,0,0,270,3680,3686,13564480,0,-1,-1,369,1,
core_C1465,64788,60487,0,0,5109,2484,12690756,0,644,134,412,1,
core_C1262,57383,11887,0,270,2024,6595,13348280,0,256,-1,284,1,
core_C1121,51321,6947,1,90,3220,6564,21136080,0,-1,334,130,1,
core_C549,7130,109434,1,0,5608,3565,19992520,0,-1,494,407,0,
core_C697,65412,8133,1,90,2530,7748,19602440,0,-1,568,186,0,
core_C1674,67942,0,1,90,2530,7898,19981940,0,-1,420,186,1,
core_C713,19987,118589,1,0,7314,2875,21027750,0,-1,-1,120,0,
core_C409,64293,19994,0,270,2852,4434,12645768,0,32,526,609,1,
core_C437,4830,107217,1,90,2300,7473,17187900,0,602,166,110,1,
core_C24,9974,28136,0,90,2852,4446,12679992,0,-1,451,336,0,
core_C766,21418,116986,0,90,2024,6288,12726912,0,601,-1,268,0,
core_C1,71770,85781,0,90,1656,5240,8677440,0,-1,-1,156,1,
core_C635,1730,38369,0,90,2852,4374,12474648,0,199,280,544,0,
core_C771,39138,52247,0,90,2024,6607,13372568,0,-1,414,178,0,
core_C1179,29647,118690,1,90,2530,7788,19703640,0,154,-1,78,0,
core_C1632,15714,30230,0,0,4506,2944,13265664,0,339,642,344,0,
core_C1657,9974,16493,0,90,2024,6404,12961696,0,-1,336,331,0,
core_C112,56787,98348,1,180,5478,3565,19529070,0,-1,75,247,0,
core_C127,54502,77679,0,90,1840,5892,10841280,0,-1,149,367,0,
core_C793,44137,82849,1,90,2415,7413,17902395,0,130,514,462,1,
core_C1507,71280,6492,0,0,3588,3588,12873744,0,-1,-1,646,0,
core_C71,15714,45195,0,90,2944,4480,13189120,0,-1,220,632,0,
core_C1359,11758,71013,0,180,3715,3588,13329420,0,-1,373,66,0,
core_C1036,64239,56855,1,0,92,115,10580,0,185,-1,39,1,
core_C1240,56879,74490,1,0,92,115,10580,0,-1,-1,455,0,
core_C1628,51750,38377,1,0,92,115,10580,0,557,-1,607,1,
core_C1061,73768,94882,0,0,74,92,6808,0,497,-1,67,0,
core_C473,49036,38377,1,0,92,115,10580,0,239,-1,223,1,
core_C1110,67824,42845,0,90,92,74,6808,0,-1,-1,565,0,
core_C1147,6173,35425,0,270,92,74,6808,0,-1,-1,544,1,
core_C1200,56787,37030,1,180,92,115,10580,0,287,335,3,0,
core_C1501,23442,116986,0,0,74,92,6808,0,469,-1,580,1,
core_C1650,7130,82377,1,0,92,115,10580,0,617,513,578,1,
core_C994,1656,0,0,0,74,92,6808,0,15,-1,273,1,
core_C982,31428,10282,0,0,74,92,6808,0,26,-1,559,1,
core_C946,41264,10615,0,0,74,92,6808,0,313,-1,99,1,
core_C652,19803,92024,1,0,92,115,10580,0,614,-1,195,0,
core_C674,51658,38377,1,180,92,115,10580,0,595,-1,239,1,
core_C26,35366,79865,0,90,92,74,6808,0,-1,328,76,0,
core_C743,64219,19994,0,0,74,92,6808,0,577,-1,415,1,
core_C843,9614,79326,1,0,92,115,10580,0,124,-1,649,0,
core_C819,29647,114113,1,90,115,92,10580,0,-1,78,419,0,
core_C806,46552,30672,1,0,92,115,10580,0,620,-1,321,0,
core_C1494,14651,77371,1,0,92,115,10580,0,279,-1,172,0,
core_C1434,19895,92024,1,0,92,115,10580,0,33,-1,606,1,
core_C1416,73694,59770,0,0,74,92,6808,0,308,40,545,0,
core_C169,26938,50771,0,90,92,74,6808,0,-1,-1,388,0,
core_C267,7222,79617,1,0,92,115,10580,0,426,-1,602,1,
core_C93,48706,96140,0,90,92,74,6808,0,-1,8,194,0,
core_C297,46736,33432,1,180,92,115,10580,0,-1,217,314,0,
core_C1281,46644,30672,1,0,92,115,10580,0,314,-1,612,1,
core_C1277,19803,82962,1,270,115,92,10580,0,-1,446,489,0,
core_C140,73620,69840,0,0,74,92,6808,0,236,-1,100,1,
core_C1253,62230,30352,0,0,74,92,6808,0,4,-1,645,0,
core_C1316,41162,95907,0,0,5205,2576,13408080,0,-1,164,17,0,
core_C878,9614,46115,1,0,4585,4370,20036450,0,485,125,213,0,
core_C1014,69966,98306,1,180,5361,3565,19111965,0,-1,393,177,1,
core_C307,66056,125574,1,180,7195,2760,19858200,0,-1,-1,80,1,
core_C241,51903,0,0,270,3588,3712,13318656,0,144,358,267,1,
core_C1545,54427,30413,0,90,2024,6222,12593328,0,109,474,231,1,
core_C381,3754,81122,0,90,1932,6312,12194784,0,370,295,490,1,
core_C87,23810,4292,0,0,5334,2484,13249656,0,-1,257,320,1,
core_C50,15714,39358,0,90,2208,5837,12888096,0,319,591,642,0,
core_C385,29647,100658,1,0,4588,4485,20577180,0,-1,441,355,0,
core_C249,62304,56347,0,0,6198,2024,12544752,0,251,270,346,0,
core_C97,66861,90536,1,180,5598,3565,19956870,0,-1,437,5,0,
core_C619,17563,40710,1,90,2760,7221,19929960,0,363,-1,264,1,
core_C747,9734,88699,0,270,3588,3700,13275600,0,-1,-1,266,0,
core_C223,58458,105762,0,180,3737,3588,13408356,0,415,466,521,1,
core_C1440,69897,55225,0,180,3573,3496,12491208,0,-1,-1,644,0,
core_C1305,8972,108417,0,180,6572,2024,13301728,0,-1,-1,368,1,
core_C783,69169,14278,0,90,2208,5979,13201632,0,387,-1,32,1,
core_C407,15714,33174,0,90,2024,6184,12516416,0,-1,632,585,0,
core_C846,13690,82378,0,90,2024,6500,13156000,0,20,296,518,1,
core_C926,69897,51522,0,270,3588,3703,13286364,0,77,639,570,1,
core_C1593,62230,26728,0,270,3588,3624,13002912,0,246,623,539,1,
core_C575,71280,0,0,90,2116,6492,13737072,0,-1,590,428,1,
core_C588,69406,28215,0,0,5803,2300,13346900,0,-1,-1,542,0,
core_C848,68008,89369,0,180,3696,3588,13261248,0,-1,176,156,0,
core_C1209,9614,74841,1,180,4585,4485,20563725,0,-1,610,416,0,
core_C1245,48706,126171,0,180,5931,2208,13095648,0,-1,-1,232,0,
core_C1040,15268,59628,1,0,6515,3105,20229075,0,260,-1,64,0,
Wirelength: 5.27133e+09
layer(tree) info:
layer: 0 ,width: 75792 ,height: 128379 ,area: 9730101168 ,blocks_area: 7478881572, filling_rate: 0.768633, utilizatio_rate: 0.763754
layer: 1 ,width: 75601 ,height: 129139 ,area: 9763037539 ,blocks_area: 7668189650, filling_rate: 0.785431, utilizatio_rate: 0.783086
random seed: 5
alpha: 0
gamma: 1
best wirelength: 5.27133e+09
initial_num_perturbs: 19560
iter: 0
best_iter: 0
best_cost: 0.182774
reject_time: 0
accept_inferior_time: 0
update_best_time: 0
adjustLegalOutline_fail_times: 0
outline_adjust_time: 193.881
initial_wirelength: 1.25772e+10
initial_average_wirelength: 6.88129e+10
1.25772e+10,initial_iter: 19560
initial_time: 278.762
total time cost: 601.111
