name,x,y,layer,rotated_angle,width,height,area,exceed_outline_area,left,right,parent,is_from_left,
macro_C2790,0,10560,0,90,33,142,4686,0,-1,-1,9,0,
macro_C2791,0,0,1,270,33,308,10164,0,-1,4,-1,0,
macro_C2792,6615,6402,0,180,384,33,12672,0,-1,-1,6,1,
macro_C2793,0,450,1,270,33,90,2970,0,-1,-1,4,0,
macro_C2794,0,308,1,270,33,142,4686,0,-1,3,1,0,
macro_C2795,4014,2673,0,180,109,33,3597,0,12,-1,10,1,
core_C0,4041,3995,0,90,2574,3908,10059192,0,2,-1,9,1,
core_C1,0,0,0,0,4084,2673,10916532,0,-1,11,-1,0,
core_C4,6730,0,0,90,3234,3234,10458756,0,-1,13,12,1,
core_C7,0,7887,0,0,4041,2673,10801593,0,6,0,10,0,
core_C9,0,5214,0,0,4014,2673,10729422,0,5,9,11,0,
core_C11,0,2673,0,0,3857,2541,9800637,0,-1,10,7,0,
core_C12,4123,0,0,90,2607,3995,10414965,0,8,-1,5,1,
core_C13,6730,3234,0,0,3229,3168,10229472,0,-1,-1,8,0,
Wirelength: 3.15901e+20
layer(tree) info:
layer: 0 ,width: 9964 ,height: 10702 ,area: 106634728 ,blocks_area: 83431524, filling_rate: 0.782405, utilizatio_rate: 0.190919
layer: 1 ,width: 33 ,height: 540 ,area: 17820 ,blocks_area: 17820, filling_rate: 1, utilizatio_rate: 4.0778e-05
random seed: 6
alpha: 0
gamma: 1
best wirelength: 3.15901e+20
initial_num_perturbs: 420
iter: 0
best_iter: 0
best_cost: 0.776999
reject_time: 0
accept_inferior_time: 0
update_best_time: 0
adjustLegalOutline_fail_times: 0
outline_adjust_time: 0
initial_wirelength: 6.26788e+20
initial_average_wirelength: 5.58162e+20
5.84358e+20,initial_iter: 420
initial_time: 0.04
total time cost: 0.583
