name,x,y,layer,rotated_angle,width,height,area,exceed_outline_area,left,right,parent,is_from_left,
core_C90,4565,15456,1,180,5480,1824,9995520,0,94,-1,14,1,
core_C67,7776,22704,1,0,6496,2112,13719552,0,-1,20,16,0,
core_C34,0,13296,1,180,6724,2160,14523840,0,-1,14,13,0,
core_C16,9840,30960,1,90,2112,6386,13487232,0,15,-1,4,1,
core_C18,7776,30960,1,90,2064,6378,13164192,0,3,-1,6,0,
core_C22,1518,36729,0,90,1419,4407,6253533,0,89,-1,59,1,
core_C56,7776,28656,1,0,5775,2304,13305600,0,-1,4,42,0,
core_C110,18744,24515,0,270,1452,4490,6519480,0,73,-1,75,1,
core_C118,0,0,1,0,5127,2544,13043088,0,117,13,-1,0,
core_C60,7854,9240,0,0,4520,1452,6563040,0,39,45,108,1,
core_C68,27984,9486,0,0,3183,2112,6722496,0,85,-1,79,1,
core_C35,36267,7854,0,90,1419,4442,6303198,0,-1,22,36,1,
core_C114,26202,0,0,270,2046,3117,6377382,0,-1,121,107,1,
core_C48,0,11232,1,180,6431,2064,13273584,0,-1,2,8,0,
core_C4,0,15456,1,0,4565,2976,13585440,0,0,104,2,0,
core_C98,11952,30960,1,270,2064,6426,13263264,0,68,-1,3,1,
core_C107,7776,20400,1,180,7112,2304,16386048,0,-1,1,61,0,
core_C6,21648,27460,0,90,1452,4491,6520932,0,18,25,73,1,
core_C78,23100,27460,0,270,1419,4417,6267723,0,88,52,17,1,
core_C33,22274,23203,0,90,1419,4257,6040683,0,-1,-1,23,0,
core_C50,7776,24816,1,0,4728,1488,7035264,0,-1,42,1,0,
core_C119,18216,0,0,270,2541,2544,6464304,0,107,-1,96,1,
core_C65,36267,12296,0,270,1782,3570,6361740,0,-1,-1,11,0,
core_C84,22274,18806,0,90,1452,4397,6384444,0,-1,19,118,1,
core_C92,27423,23083,0,270,1452,4519,6561588,0,69,-1,29,1,
core_C26,21648,33296,0,180,4378,1452,6356856,0,86,-1,17,0,
core_C42,24471,36943,0,0,4500,1452,6534000,0,-1,-1,53,0,
core_C108,29760,33393,1,270,2112,6538,13808256,0,112,-1,63,0,
core_C93,20196,34748,0,180,4275,1419,6066225,0,53,-1,78,0,
core_C14,25971,23083,0,270,1452,4374,6351048,0,24,-1,88,1,
core_C91,32637,23116,0,270,2046,3125,6393750,0,32,-1,66,1,
core_C55,30360,23083,0,90,1254,3905,4896870,0,66,-1,69,1,
core_C88,34683,23116,0,0,3677,1782,6552414,0,-1,-1,30,1,
core_C66,35066,27769,0,270,1782,3660,6522120,0,-1,35,97,1,
core_C5,29760,21563,1,90,2736,5534,15141024,0,-1,63,56,0,
core_C28,35066,31429,0,270,1716,3562,6112392,0,-1,-1,33,0,
core_C62,34815,7854,0,270,1452,4402,6391704,0,11,-1,91,1,
core_C75,33648,12288,1,180,3270,3264,10673280,0,-1,95,90,0,
core_C80,0,32406,0,180,4530,1452,6577560,0,-1,51,102,0,
core_C54,12374,8976,0,0,3097,2046,6336462,0,67,99,9,1,
core_C117,12855,0,1,180,6440,2064,13292160,0,-1,71,117,1,
core_C112,7854,7854,0,180,4213,1386,5839218,0,-1,-1,103,1,
core_C1,7776,26304,1,180,5923,2352,13930896,0,-1,6,20,0,
core_C104,11088,0,0,90,1452,4421,6419292,0,96,-1,116,1,
core_C96,14420,18546,0,90,1485,4473,6642405,0,118,-1,80,1,
core_C51,7854,10692,0,180,4445,1419,6307455,0,-1,49,9,0,
core_C32,12215,21619,0,270,2046,3154,6453084,0,-1,-1,47,1,
core_C116,7854,14850,0,0,4361,1452,6332172,0,46,-1,64,0,
core_C24,10164,24915,0,270,1452,4395,6381540,0,123,-1,87,1,
core_C61,7854,12111,0,0,4482,1452,6507864,0,-1,64,45,0,
core_C109,33213,7854,0,90,1452,4405,6396060,0,-1,-1,85,1,
core_C111,0,33858,0,180,4441,1419,6301779,0,-1,82,38,0,
core_C102,23100,31877,0,0,4442,1419,6303198,0,97,-1,18,0,
core_C89,24471,35491,0,0,4357,1452,6326364,0,-1,26,28,1,
core_C7,0,25509,0,0,4513,1452,6552876,0,-1,102,108,0,
core_C85,17325,29005,0,90,1815,3738,6784470,0,-1,-1,75,0,
core_C36,29760,15456,1,90,1920,6011,11541120,0,70,34,92,1,
core_C3,0,7524,0,180,4536,1452,6586272,0,-1,103,100,0,
core_C79,5841,32406,0,270,1419,4419,6270561,0,76,-1,62,1,
core_C47,0,36729,0,90,1518,4563,6926634,0,5,-1,82,0,
core_C41,12540,7524,0,0,4549,1452,6605148,0,-1,-1,96,0,
core_C94,7776,18336,1,0,6424,2064,13259136,0,-1,16,104,1,
core_C101,4422,36729,0,90,1419,4454,6320226,0,58,-1,89,1,
core_C31,29760,27097,1,90,2016,6296,12692736,0,-1,27,34,0,
core_C64,7854,13563,0,180,3879,1287,4992273,0,-1,47,49,0,
core_C30,15678,33792,0,180,4325,1386,5994450,0,-1,-1,84,1,
core_C37,31614,23083,0,270,1023,3201,3274623,0,30,74,31,1,
core_C87,15471,8976,0,180,3411,1650,5628150,0,72,-1,39,1,
core_C15,14016,24816,1,270,1824,5520,10068480,0,106,-1,15,1,
core_C11,28875,23083,0,270,1485,4493,6672105,0,31,-1,24,1,
core_C72,31680,15456,1,270,1968,6107,12018576,0,90,-1,56,1,
core_C19,12855,2064,1,0,5912,1968,11634816,0,-1,122,40,0,
core_C113,18882,15708,0,270,2013,3072,6183936,0,81,-1,67,1,
core_C58,20196,24515,0,90,1452,4483,6509316,0,17,78,7,1,
core_C38,31614,26284,0,0,4643,1485,6894855,0,-1,-1,66,0,
core_C59,17325,24515,0,270,1419,4269,6057711,0,7,55,123,1,
core_C82,7260,32406,0,90,1452,4464,6481728,0,87,-1,58,1,
core_C49,14759,31284,0,180,2512,2508,6300096,0,-1,-1,83,1,
core_C83,20196,28998,0,270,1452,4440,6446880,0,-1,28,73,0,
core_C43,26202,9486,0,90,1782,3631,6470442,0,10,91,121,0,
core_C120,12374,18546,0,270,2046,3073,6287358,0,44,-1,99,0,
core_C74,20895,15708,0,90,2046,3098,6338508,0,-1,-1,72,1,
core_C23,0,35277,0,0,4436,1452,6441072,0,-1,59,51,0,
core_C57,11616,31284,0,180,3143,2079,6534297,0,77,84,123,0,
core_C81,11616,33792,0,180,4062,1584,6434208,0,65,111,83,0,
core_C121,31167,9486,0,270,2046,3155,6455130,0,50,-1,10,1,
core_C13,26026,33445,0,0,3132,2046,6408072,0,109,-1,25,1,
core_C77,8712,24915,0,90,1452,4419,6416388,0,48,-1,76,1,
core_C86,24519,15708,0,90,1452,4538,6589176,0,29,-1,18,1,
core_C45,2937,36729,0,270,1485,4472,6640920,0,62,-1,5,1,
macro_C124176,33648,0,1,270,6144,12288,75497472,0,-1,37,70,1,
macro_C124187,26202,13117,0,180,8613,4290,36949770,0,36,101,79,0,
macro_C124192,23616,15456,1,270,6144,12288,75497472,0,56,-1,106,1,
macro_C124197,7854,16302,0,90,4290,8613,36949770,0,-1,-1,102,1,
macro_C124175,10045,12192,1,180,12288,6144,75497472,0,115,-1,0,1,
macro_C124202,33648,15552,1,270,6144,12288,75497472,0,-1,-1,37,0,
macro_C124174,12540,0,0,0,5676,7524,42706224,0,21,60,43,1,
macro_C124201,27542,27769,0,270,7524,5676,42706224,0,33,-1,52,1,
macro_C124196,0,14421,0,90,7524,5676,42706224,0,-1,108,103,0,
macro_C124186,12374,11022,0,0,5676,7524,42706224,0,-1,80,39,0,
macro_C124173,0,0,0,180,5676,7524,42706224,0,116,57,-1,0,
macro_C124191,26202,17407,0,90,7524,5676,42706224,0,119,-1,91,0,
macro_C124198,0,26961,0,270,7854,5445,42765030,0,93,38,54,0,
macro_C124188,0,8976,0,90,7854,5445,42765030,0,41,98,57,0,
macro_C124203,0,18432,1,180,7776,11232,87340032,0,61,-1,14,0,
macro_C124178,20757,7854,0,0,5445,7854,42765030,0,-1,-1,107,0,
macro_C124193,15840,18336,1,180,7776,11232,87340032,0,92,110,68,1,
macro_C124177,20757,0,0,180,5445,7854,42765030,0,12,105,21,1,
macro_C124189,0,20097,0,270,7854,5412,42505848,0,9,54,98,0,
macro_C124179,29158,33445,0,180,5412,7854,42505848,0,120,-1,86,1,
macro_C124180,15840,29568,1,270,11232,7728,86800896,0,-1,-1,106,0,
macro_C124181,11616,35376,0,270,7854,5412,42505848,0,-1,-1,84,0,
macro_C124182,31872,27840,1,180,7728,11232,86800896,0,-1,-1,27,1,
macro_C124183,22333,7728,1,270,11232,7728,86800896,0,-1,-1,115,0,
macro_C124184,31911,0,0,180,5412,7854,42505848,0,-1,-1,121,1,
macro_C124194,22333,0,1,90,11232,7728,86800896,0,-1,113,94,1,
macro_C124199,5676,0,0,180,5412,7854,42505848,0,43,-1,100,1,
macro_C124204,5127,0,1,180,7728,11232,86800896,0,40,-1,8,1,
macro_C124185,15905,18806,0,0,6369,5709,36360621,0,23,-1,44,1,
macro_C124190,33726,17407,0,0,6369,5709,36360621,0,-1,-1,101,1,
macro_C124195,34570,34991,0,270,5709,6369,36360621,0,-1,-1,109,1,
macro_C124200,26202,3117,0,90,5709,6369,36360621,0,114,79,12,0,
macro_C124172,12855,4032,1,0,9072,8160,74027520,0,-1,-1,71,0,
macro_C124171,11616,24915,0,270,5709,6369,36360621,0,75,83,48,1,
Wirelength: 1.64574e+08
layer(tree) info:
layer: 0 ,width: 40279 ,height: 41360 ,area: 1665939440 ,blocks_area: 1318669605, filling_rate: 0.791547, utilizatio_rate: 0.788704
layer: 1 ,width: 39792 ,height: 39931 ,area: 1588934352 ,blocks_area: 1277545056, filling_rate: 0.804026, utilizatio_rate: 0.764107
random seed: 19
alpha: 0
gamma: 1
best wirelength: 1.64574e+08
initial_num_perturbs: 3720
iter: 0
best_iter: 0
best_cost: 0.365553
reject_time: 0
accept_inferior_time: 0
update_best_time: 0
adjustLegalOutline_fail_times: 0
outline_adjust_time: 2.02
initial_wirelength: 7.43069e+08
initial_average_wirelength: 2.03273e+09
7.43069e+08,initial_iter: 3720
initial_time: 4.597
total time cost: 50.195
