name,x,y,layer,rotated_angle,width,height,area,exceed_outline_area,left,right,parent,is_from_left,
macro_C8466,0,22080,1,180,9072,8160,74027520,0,-1,30,3,0,
macro_C8467,15286,10017,1,0,9072,8160,74027520,0,89,103,121,0,
macro_C16429,0,0,0,90,7524,5676,42706224,0,-1,16,-1,0,
macro_C16430,0,13968,1,90,10752,8112,87220224,0,-1,0,107,0,
macro_C32011,36153,11121,0,90,4290,8613,36949770,447876,-1,-1,25,1,
macro_C32012,34074,24519,0,90,4290,8613,36949770,0,-1,-1,27,1,
macro_C39784,23184,20460,0,180,5445,7854,42765030,0,-1,90,83,0,
macro_C39785,34173,33132,0,180,5445,7854,42765030,0,-1,-1,12,1,
macro_C55552,19462,0,1,90,11232,7728,86800896,0,-1,36,57,1,
macro_C55553,19092,5709,0,0,5412,7854,42505848,0,11,118,44,1,
macro_C63404,31572,0,1,180,7728,11232,86800896,0,-1,82,62,1,
macro_C63405,24504,5412,0,0,5412,7854,42505848,0,24,-1,9,1,
macro_C71293,28761,33132,0,0,5412,7854,42505848,0,7,-1,20,1,
macro_C71294,30790,29173,1,0,7728,11232,86800896,0,-1,-1,102,0,
macro_C86866,17640,0,0,0,6369,5709,36360621,0,18,81,34,1,
macro_C86867,8433,17490,0,180,5676,7524,42706224,0,-1,104,41,0,
macro_C86868,0,5676,0,0,8613,4290,36949770,0,65,52,2,0,
macro_C86869,0,0,1,90,11232,7776,87340032,0,79,85,-1,0,
macro_C86870,24009,0,0,270,7854,5412,42505848,0,-1,-1,14,1,
macro_C94576,0,32007,0,180,6369,5709,36360621,0,-1,-1,47,0,
macro_C94577,23085,32844,0,0,5676,7524,42706224,0,12,-1,32,1,
macro_C94578,8433,30921,0,90,4290,8613,36949770,0,115,-1,42,0,
macro_C94579,15286,25562,1,180,7776,11232,87340032,0,33,-1,60,0,
macro_C94580,13977,35876,0,90,7854,5412,42505848,0,-1,-1,71,1,
macro_C102137,29916,5412,0,0,6369,5709,36360621,0,-1,-1,11,1,
macro_C102138,28629,13266,0,270,7524,5676,42706224,0,4,86,70,1,
macro_C102139,31467,20229,0,0,8613,4290,36949770,0,-1,-1,53,1,
macro_C102140,28629,24645,0,0,5445,7854,42765030,0,5,-1,120,0,
macro_C102141,20544,13563,0,90,7854,5412,42505848,0,-1,-1,118,1,
macro_C109812,2526,25638,0,270,5709,6369,36360621,0,-1,-1,43,0,
macro_C109813,0,30240,1,90,10752,8112,87220224,0,119,-1,0,0,
macro_C109814,14109,31586,0,180,8613,4290,36949770,0,-1,-1,63,0,
macro_C109815,17640,23553,0,0,5445,7854,42765030,0,20,-1,35,0,
macro_C109816,23062,24713,1,0,7728,11232,86800896,0,38,-1,22,1,
core_C1,16155,23940,0,90,1485,4507,6692895,0,14,-1,63,1,
core_C3,17640,22101,0,0,4536,1452,6586272,0,-1,32,44,0,
core_C4,19462,7728,1,0,6433,2112,13586496,0,-1,-1,8,0,
core_C5,3780,20064,0,270,2178,3339,7272342,0,116,-1,48,0,
core_C6,30790,16279,1,90,2112,6427,13573824,0,100,102,33,1,
core_C7,3780,15708,0,0,4513,1452,6552876,0,-1,96,64,0,
core_C11,24636,28314,0,90,1485,4493,6672105,0,68,-1,90,1,
core_C13,8433,16038,0,180,4413,1452,6407676,0,-1,15,91,0,
core_C14,8433,29337,0,0,4010,1584,6351840,0,-1,21,69,0,
core_C15,2526,21780,0,90,1254,3858,4837932,0,45,29,47,1,
core_C16,17640,14558,0,90,1452,4462,6478824,0,9,35,99,0,
core_C18,3780,12771,0,0,4356,1452,6324912,0,105,64,43,1,
core_C19,14109,15772,0,0,3389,1650,5591850,0,-1,110,123,0,
core_C22,0,21780,0,180,2526,2475,6251850,0,43,19,61,0,
core_C23,3780,18612,0,0,4436,1452,6441072,0,-1,37,96,0,
core_C24,8613,4563,0,90,1452,4395,6381540,0,-1,-1,65,0,
core_C26,0,9840,1,0,6411,2064,13232304,0,-1,107,85,0,
core_C28,32902,19697,1,90,2016,6311,12722976,0,84,-1,102,1,
core_C30,0,9966,0,180,4325,1386,5994450,0,-1,122,16,0,
core_C31,30048,20229,0,90,1419,4297,6097443,0,26,-1,120,1,
core_C32,19030,18177,1,90,2544,5280,13432320,0,98,-1,60,1,
core_C33,26422,13739,1,90,2208,5694,12572352,0,-1,-1,58,0,
core_C34,0,18117,0,180,3775,1848,6976200,0,-1,61,113,0,
core_C35,17398,3644,1,90,2064,6357,13120848,0,8,-1,121,1,
core_C36,26422,7728,1,90,1920,6011,11541120,0,59,55,89,1,
core_C37,28342,7728,1,0,3228,2112,6817536,0,-1,-1,58,1,
core_C38,15286,21729,1,270,3744,3833,14350752,0,54,22,103,0,
core_C41,0,19965,0,0,3639,1815,6604785,0,-1,47,56,0,
core_C42,29460,9840,1,90,2112,6439,13599168,0,10,-1,78,1,
core_C43,14109,28423,0,90,2046,3163,6471498,0,34,31,74,0,
core_C45,3780,14223,0,0,4472,1485,6640920,0,-1,39,45,0,
core_C47,8613,0,0,270,1518,4563,6926634,0,106,49,16,1,
core_C48,8433,26466,0,180,4392,1452,6377184,0,-1,69,104,0,
core_C49,14109,7240,0,90,1419,4440,6300360,0,-1,80,115,1,
core_C50,26121,28314,0,90,1056,3201,3380256,0,70,-1,40,1,
core_C51,8433,27918,0,180,4445,1419,6307455,0,-1,42,66,0,
core_C54,27177,28314,0,90,1452,4363,6335076,0,25,-1,68,1,
core_C55,12723,33550,0,90,1254,3905,4896870,0,23,-1,115,0,
core_C56,8433,11682,0,0,4402,1452,6391704,0,-1,109,116,1,
core_C57,10752,14994,1,90,2112,6440,13601280,0,75,95,119,0,
core_C58,14109,23940,0,90,1452,4483,6509316,0,-1,63,97,0,
core_C59,12864,14994,1,90,2016,6252,12604032,0,-1,-1,73,1,
core_C60,24358,19433,1,180,4590,2976,13659840,0,-1,-1,89,0,
core_C61,12609,0,0,90,1782,3652,6507864,0,111,101,105,1,
core_C62,23686,22409,1,180,5774,2304,13303296,0,62,-1,98,1,
core_C64,11232,0,1,270,1824,5697,10391328,0,-1,88,17,1,
core_C65,14109,11680,0,0,3109,2046,6361014,0,-1,123,67,0,
core_C66,17640,5709,0,90,1452,4492,6522384,0,-1,99,14,0,
core_C67,31572,11232,1,270,3024,4536,13716864,0,-1,-1,10,0,
core_C68,23184,18975,0,180,4527,1485,6722595,0,-1,6,112,1,
core_C72,34918,19697,1,90,1968,6107,12018576,0,-1,-1,51,1,
core_C74,0,7776,1,0,6394,2064,13197216,0,-1,50,17,0,
core_C75,28629,18942,0,180,3985,1287,5128695,0,-1,120,25,0,
core_C77,15726,17422,0,90,1452,4419,6416388,0,-1,-1,110,1,
core_C78,11232,5697,1,90,2064,6321,13046544,0,-1,-1,79,0,
core_C79,24358,9840,1,270,2064,6325,13054800,0,58,76,1,1,
core_C80,23184,28314,0,90,1452,4530,6577560,0,40,-1,6,0,
core_C81,8433,14586,0,0,4432,1452,6435264,0,-1,41,109,0,
core_C82,10752,26784,1,180,4534,2976,13493184,0,121,-1,95,0,
core_C83,0,14553,0,180,3618,1782,6447276,0,-1,113,117,0,
core_C84,19092,18975,0,270,2046,3120,6383520,0,112,-1,118,0,
core_C85,10752,21434,1,90,2640,5350,14124000,0,-1,92,73,0,
core_C86,3780,17160,0,180,4538,1452,6589176,0,-1,48,39,0,
core_C87,14109,22290,0,0,3411,1650,5628150,0,-1,74,110,0,
core_C88,21574,18177,1,90,2112,6456,13635072,0,78,-1,54,1,
core_C89,17640,10201,0,90,1452,4357,6326364,0,-1,44,81,0,
core_C90,32902,15768,1,90,2544,3929,9995376,0,-1,-1,38,1,
core_C91,12609,3652,0,270,1782,3588,6393816,0,-1,108,77,0,
core_C92,30790,22706,1,270,2112,6467,13658304,0,51,13,38,0,
core_C93,15286,18177,1,0,3555,3552,12627360,0,-1,60,1,0,
core_C94,8433,25014,0,0,4387,1452,6369924,0,-1,66,15,0,
core_C96,8136,9966,0,180,4473,1485,6642405,0,77,-1,45,1,
core_C98,10131,0,0,270,1452,4388,6371376,0,-1,-1,65,1,
core_C101,0,11904,1,0,6374,2064,13155936,0,-1,3,50,0,
core_C102,12609,7240,0,270,1419,4442,6303198,0,-1,-1,101,0,
core_C104,8433,13134,0,0,4421,1452,6419292,0,-1,91,72,0,
core_C107,14109,17422,0,90,1617,4868,7871556,0,87,97,46,0,
core_C108,14391,0,0,90,2079,3191,6634089,0,-1,-1,77,1,
core_C109,21138,18975,0,90,2046,3126,6395796,0,83,-1,94,1,
core_C110,0,16335,0,0,3658,1782,6518556,0,-1,56,93,0,
core_C111,15219,0,1,90,3600,3644,13118400,0,-1,-1,119,1,
core_C112,12723,29337,0,90,1386,4213,5839218,0,67,71,21,1,
core_C113,5958,20064,0,90,2475,2499,6185025,0,72,-1,37,1,
core_C114,0,12771,0,180,3579,1782,6377778,0,-1,93,122,0,
core_C116,19092,13563,0,270,1452,4361,6332172,0,28,94,9,0,
core_C117,10752,12018,1,0,4467,2976,13293792,0,114,73,30,1,
core_C118,28629,20229,0,90,1419,4416,6266304,0,53,27,86,0,
core_C119,15286,3644,1,90,2112,6373,13459776,0,57,1,92,1,
core_C120,0,11352,0,0,4431,1419,6287589,0,-1,117,52,0,
core_C121,14109,13726,0,180,3155,2046,6455130,0,-1,46,80,0,
Wirelength: 1.04088e+08
layer(tree) info:
layer: 0 ,width: 40443 ,height: 41288 ,area: 1669810584 ,blocks_area: 1336824819, filling_rate: 0.800585, utilizatio_rate: 0.799563
layer: 1 ,width: 39300 ,height: 40405 ,area: 1587916500 ,blocks_area: 1242083808, filling_rate: 0.78221, utilizatio_rate: 0.742898
random seed: 14
alpha: 0
gamma: 1
best wirelength: 1.04088e+08
initial_num_perturbs: 15376
iter: 0
best_iter: 0
best_cost: 0.25031
reject_time: 0
accept_inferior_time: 0
update_best_time: 0
adjustLegalOutline_fail_times: 0
outline_adjust_time: 2.013
initial_wirelength: 6.77592e+08
initial_average_wirelength: 2.70701e+09
6.77592e+08,initial_iter: 15376
initial_time: 12.705
total time cost: 100.194
