name,x,y,layer,rotated_angle,width,height,area,exceed_outline_area,left,right,parent,is_from_left,
macro_C2791,11352,8448,1,180,11319,8580,97117020,0,-1,-1,5,1,
macro_C2792,0,0,1,0,11319,8580,97117020,0,3,5,-1,0,
macro_C2793,9115,0,0,0,11616,8448,98131968,0,-1,-1,9,1,
macro_C2794,11319,0,1,0,11616,8448,98131968,0,-1,-1,1,1,
macro_C2795,6805,9235,0,0,11352,8679,98524008,0,-1,-1,13,0,
macro_C2796,0,8580,1,180,11352,8679,98524008,0,0,-1,1,0,
core_C0,0,6897,0,0,4550,2211,10060050,0,-1,12,8,0,
core_C1,0,2310,0,0,4726,2310,10917060,0,-1,8,10,0,
core_C4,0,4620,0,0,4594,2277,10460538,0,11,6,7,0,
core_C7,6805,0,0,90,2310,4676,10801560,0,2,13,11,1,
core_C9,0,0,0,0,4644,2310,10727640,0,-1,7,-1,0,
core_C11,4594,4620,0,90,2211,4433,9801363,0,9,-1,8,1,
core_C12,0,9108,0,90,4554,2287,10414998,0,-1,-1,6,0,
core_C13,6805,4676,0,270,2244,4559,10230396,0,-1,4,9,0,
Wirelength: 5.6658e+06
layer(tree) info:
layer: 0 ,width: 20731 ,height: 17914 ,area: 371375134 ,blocks_area: 280069581, filling_rate: 0.754142, utilizatio_rate: 0.640891
layer: 1 ,width: 22935 ,height: 17259 ,area: 395835165 ,blocks_area: 390890016, filling_rate: 0.987507, utilizatio_rate: 0.894485
random seed: 11
alpha: 0
gamma: 1
best wirelength: 5.6658e+06
initial_num_perturbs: 196
iter: 0
best_iter: 0
best_cost: 0.106343
reject_time: 0
accept_inferior_time: 0
update_best_time: 0
adjustLegalOutline_fail_times: 0
outline_adjust_time: 0.002
initial_wirelength: 4.64725e+07
initial_average_wirelength: 7.4518e+07
2.93633e+07,initial_iter: 196
initial_time: 0.088
total time cost: 0.408
