name,x,y,layer,rotated_angle,width,height,area,exceed_outline_area,left,right,parent,is_from_left,
core_C90,21417,24915,0,90,1254,3829,4801566,0,34,-1,67,1,
core_C67,11232,33328,1,180,6496,2112,13719552,0,8,9,90,0,
core_C34,16974,13497,0,270,2145,3252,6975540,0,122,-1,88,1,
core_C16,17664,14654,1,90,2112,6386,13487232,0,-1,-1,52,0,
core_C18,30096,0,1,90,2064,6378,13164192,0,92,-1,84,1,
core_C22,29997,14388,0,180,4407,1419,6253533,0,-1,59,89,0,
core_C56,25920,0,1,270,2064,6446,13304544,0,84,-1,51,1,
core_C110,17700,35442,1,180,6425,2112,13569600,0,-1,-1,9,1,
core_C118,17728,33328,1,180,6319,2064,13042416,0,108,-1,1,1,
core_C60,11232,35440,1,180,6468,2112,13660416,0,7,-1,1,0,
core_C68,29997,7095,0,0,4527,1485,6722595,0,-1,57,18,0,
core_C35,29997,10032,0,0,4442,1419,6303198,0,-1,32,57,0,
core_C114,0,21978,0,180,4392,1452,6377184,0,40,123,70,0,
core_C48,0,19107,0,180,4392,1452,6377184,0,28,70,71,0,
core_C4,15552,0,1,90,2112,6433,13586496,0,77,-1,86,1,
core_C98,12436,5676,0,180,4388,1452,6371376,0,-1,119,16,0,
core_C107,12436,0,0,270,1617,4868,7871556,0,97,15,49,1,
core_C6,21744,0,1,90,2112,6427,13573824,0,51,-1,65,1,
core_C78,29997,5676,0,180,4417,1419,6267723,0,-1,10,100,0,
core_C33,0,31746,0,270,1716,3520,6040320,0,21,-1,20,0,
core_C50,0,30690,0,180,3201,1056,3380256,0,-1,19,68,0,
core_C119,1716,31746,0,270,1584,4082,6465888,0,25,22,19,1,
core_C65,1716,35828,0,180,4381,1452,6361212,0,-1,-1,21,0,
core_C84,10791,28371,0,90,1452,4397,6384444,0,39,-1,42,1,
core_C92,0,10890,0,0,4519,1452,6561588,0,-1,112,107,0,
core_C26,3300,29139,0,270,1782,3567,6356394,0,37,-1,21,1,
core_C42,7854,4467,0,270,1452,4500,6534000,0,79,-1,27,0,
core_C108,7854,0,0,270,1485,4467,6633495,0,-1,26,107,1,
core_C93,4392,17754,0,180,4275,1419,6066225,0,-1,-1,13,1,
core_C14,13488,21040,1,180,6405,2064,13219920,0,74,-1,86,0,
core_C91,24021,12590,1,90,2976,4472,13308672,0,38,-1,52,1,
core_C55,27093,9817,0,270,1254,3905,4896870,0,-1,73,50,0,
core_C88,29997,11451,0,180,4512,1452,6551424,0,-1,89,11,0,
core_C66,11232,11739,1,90,2112,6429,13578048,0,-1,72,53,0,
core_C5,22671,17061,0,270,1551,4690,7274190,0,87,80,0,1,
core_C28,0,7728,1,0,6311,2016,12722976,0,-1,109,111,0,
core_C62,28545,5412,0,270,1452,4402,6391704,0,100,-1,50,1,
core_C75,5082,29139,0,270,1287,3985,5128695,0,60,-1,25,1,
core_C80,26997,12590,1,270,2112,6484,13694208,0,-1,-1,30,1,
core_C54,12243,28371,0,90,1452,4363,6335076,0,121,-1,23,1,
core_C117,4392,21978,0,180,4398,1452,6385896,0,-1,-1,12,1,
core_C112,17160,24915,0,270,1947,2999,5839053,0,-1,-1,110,0,
core_C1,9306,28371,0,90,1485,4507,6692895,0,23,-1,113,0,
core_C104,12436,13497,0,90,2508,2559,6417972,0,-1,88,119,0,
core_C96,7821,23430,0,90,1485,4473,6642405,0,49,61,60,1,
core_C51,4165,20559,0,0,4445,1419,6307455,0,-1,-1,70,1,
core_C32,29997,21780,0,180,3621,1782,6452622,0,-1,48,55,0,
core_C116,9306,15501,0,0,3095,2046,6332370,0,-1,116,49,0,
core_C24,29997,23562,0,180,4395,1452,6381540,0,-1,54,46,0,
core_C61,9306,13422,0,0,3130,2079,6507270,0,16,47,44,1,
core_C109,27093,5412,0,90,1452,4405,6396060,0,36,31,58,1,
core_C111,23856,0,1,90,2064,6355,13116720,0,6,-1,17,1,
core_C102,17664,12590,1,0,6357,2064,13120848,0,30,3,95,0,
core_C89,11232,5903,1,90,2256,5836,13166016,0,86,33,106,1,
core_C7,29997,25014,0,180,4513,1452,6552876,0,94,91,48,0,
core_C85,29997,20163,0,0,4196,1617,6784932,0,-1,46,64,0,
core_C36,7854,11508,0,180,2897,1914,5544858,0,-1,-1,85,0,
core_C3,29997,8580,0,180,4536,1452,6586272,0,114,11,10,0,
core_C79,25674,11352,0,90,1419,4419,6270561,0,50,93,87,1,
core_C47,29997,15807,0,0,4563,1518,6926634,0,76,82,5,0,
core_C41,6369,23430,0,270,1452,4549,6605148,0,44,-1,37,1,
core_C94,7821,27903,0,270,1452,4387,6369924,0,-1,99,44,0,
core_C101,38800,13530,0,90,1419,4454,6320226,0,-1,-1,94,1,
core_C31,18145,5676,0,270,1419,4297,6097443,0,101,-1,119,1,
core_C64,29997,18777,0,0,3602,1386,4992372,0,-1,55,82,0,
core_C30,19728,0,1,270,2016,6190,12479040,0,17,-1,77,1,
core_C37,22642,17062,1,270,1488,4581,6816528,0,69,78,75,1,
core_C87,20064,24915,0,270,1353,4160,5628480,0,0,-1,121,1,
core_C15,0,29139,0,0,3119,1551,4837569,0,-1,20,123,0,
core_C11,24130,19074,1,180,4592,3024,13886208,0,-1,-1,66,1,
core_C72,0,20559,0,180,4165,1386,5772690,0,45,12,13,0,
core_C19,0,17754,0,180,4133,1353,5591949,0,-1,13,112,0,
core_C113,11232,23104,1,180,5158,2496,12874368,0,75,90,33,0,
core_C58,27093,13722,0,90,2079,3131,6509349,0,-1,-1,31,0,
core_C38,19893,14654,1,90,2160,6645,14353200,0,-1,-1,29,1,
core_C59,16390,23104,1,180,6252,2016,12604032,0,66,81,72,1,
core_C82,34560,13530,0,90,1452,4464,6481728,0,-1,-1,59,1,
core_C49,17664,0,1,270,2064,6353,13112592,0,65,95,14,1,
core_C83,22642,22098,1,0,6351,2112,13413312,0,-1,-1,66,0,
core_C43,9306,4467,0,90,1452,4457,6471564,0,-1,-1,26,1,
core_C120,22671,21751,0,90,1749,3594,6285906,0,-1,118,34,0,
core_C74,16390,25120,1,180,6394,2064,13197216,0,-1,-1,75,0,
core_C23,29997,17325,0,0,4436,1452,6441072,0,-1,64,59,0,
core_C57,11232,0,1,90,2304,5903,13600512,0,-1,-1,109,1,
core_C81,27984,0,1,270,2112,6342,13394304,0,4,-1,6,1,
core_C121,7854,8967,0,0,2541,2541,6456681,0,-1,56,112,1,
core_C13,13488,5903,1,90,2064,6460,13333440,0,14,29,53,1,
core_C77,24222,17061,0,90,1452,4419,6416388,0,58,-1,34,1,
core_C86,12436,16056,0,180,4538,1452,6589176,0,2,-1,43,0,
core_C45,29997,12903,0,0,4472,1485,6640920,0,-1,5,32,0,
macro_C124176,11232,27184,1,180,12288,6144,75497472,0,-1,1,72,0,
macro_C124187,29997,26607,0,180,8613,4290,36949770,0,-1,-1,54,0,
macro_C124192,32160,0,1,270,6144,12288,75497472,0,-1,120,4,1,
macro_C124197,25674,16853,0,270,4290,8613,36949770,0,-1,-1,58,0,
macro_C124175,34510,17994,0,270,4290,8613,36949770,0,62,-1,54,1,
macro_C124202,17664,6446,1,180,12288,6144,75497472,0,-1,52,77,0,
macro_C124174,15345,34080,0,270,7524,5676,42706224,0,103,-1,99,1,
macro_C124201,14053,0,0,90,7524,5676,42706224,0,117,-1,16,1,
macro_C124196,28314,31835,0,270,7524,5676,42706224,0,-1,-1,103,1,
macro_C124186,7821,34080,0,270,7524,5676,42706224,0,96,-1,61,0,
macro_C124173,29997,0,0,270,7524,5676,42706224,0,-1,18,36,1,
macro_C124191,19564,5676,0,270,7524,5676,42706224,0,-1,-1,63,1,
macro_C124198,0,32976,1,90,11232,7776,87340032,0,-1,-1,115,0,
macro_C124188,22869,31835,0,180,5445,7854,42765030,0,98,-1,96,1,
macro_C124203,0,0,0,90,7854,5445,42765030,0,-1,107,-1,0,
macro_C124178,32160,21360,1,0,7776,11232,87340032,0,-1,-1,120,0,
macro_C124193,0,17472,1,90,11232,7776,87340032,0,53,115,109,0,
macro_C124177,0,5445,0,90,7854,5445,42765030,0,27,24,104,0,
macro_C124189,24047,24210,1,0,7728,11232,86800896,0,-1,-1,8,1,
macro_C124179,0,9744,1,270,11232,7728,86800896,0,83,106,35,0,
macro_C124180,17160,17061,0,180,5412,7854,42505848,0,-1,41,113,1,
macro_C124181,0,0,1,90,11232,7728,86800896,0,-1,35,-1,0,
macro_C124182,0,12342,0,270,7854,5412,42505848,0,85,71,24,0,
macro_C124183,9306,22959,0,270,7854,5412,42505848,0,110,42,116,0,
macro_C124184,34533,5676,0,0,5412,7854,42505848,0,-1,-1,57,1,
macro_C124194,0,25248,1,90,11232,7728,86800896,0,-1,102,106,0,
macro_C124199,9306,17547,0,270,7854,5412,42505848,0,-1,113,47,0,
macro_C124204,21577,0,0,90,7854,5412,42505848,0,-1,-1,97,1,
macro_C124185,22671,25466,0,270,5709,6369,36360621,0,-1,-1,80,0,
macro_C124190,12436,7128,0,90,5709,6369,36360621,0,63,43,15,0,
macro_C124195,32160,12288,1,270,8160,9072,74027520,0,-1,105,92,0,
macro_C124200,13695,28371,0,180,6369,5709,36360621,0,67,-1,39,1,
macro_C124172,19119,11352,0,0,6369,5709,36360621,0,-1,-1,2,1,
macro_C124171,0,23430,0,180,6369,5709,36360621,0,-1,68,12,0,
Wirelength: 1.38597e+08
layer(tree) info:
layer: 0 ,width: 40219 ,height: 39756 ,area: 1598946564 ,blocks_area: 1313433429, filling_rate: 0.821437, utilizatio_rate: 0.785572
layer: 1 ,width: 40320 ,height: 40752 ,area: 1643120640 ,blocks_area: 1289844048, filling_rate: 0.784997, utilizatio_rate: 0.771463
random seed: 14
alpha: 0
gamma: 1
best wirelength: 1.38597e+08
initial_num_perturbs: 3720
iter: 0
best_iter: 0
best_cost: 0.266211
reject_time: 0
accept_inferior_time: 0
update_best_time: 0
adjustLegalOutline_fail_times: 0
outline_adjust_time: 2.333
initial_wirelength: 6.38375e+08
initial_average_wirelength: 2.39801e+09
6.38375e+08,initial_iter: 3720
initial_time: 4.82
total time cost: 50.214
