name,x,y,layer,rotated_angle,width,height,area,exceed_outline_area,left,right,parent,is_from_left,
macro_C2790,165,0,0,270,33,142,4686,0,-1,-1,4,1,
macro_C2791,99,0,0,90,33,308,10164,0,4,-1,5,1,
macro_C2792,0,0,0,270,33,384,12672,0,3,-1,-1,0,
macro_C2793,33,0,0,270,33,90,2970,0,5,-1,2,1,
macro_C2794,132,0,0,270,33,142,4686,0,0,-1,1,1,
macro_C2795,66,0,0,270,33,109,3597,0,1,-1,3,1,
core_C0,1881,5251,1,0,3908,2574,10059192,0,-1,13,7,0,
core_C1,1881,0,1,90,2079,5251,10916829,0,12,6,10,1,
core_C4,1881,10432,1,180,4594,2277,10460538,0,-1,-1,13,0,
core_C7,5973,0,1,270,1881,5743,10802583,0,-1,-1,12,1,
core_C9,0,0,1,270,1881,5704,10729224,0,7,-1,-1,0,
core_C11,5805,5743,1,90,2211,4433,9801363,0,-1,-1,13,1,
core_C12,3960,0,1,270,2013,5174,10415262,0,9,-1,7,1,
core_C13,1881,7825,1,0,3924,2607,10229868,0,11,8,6,0,
Wirelength: 9.9776e+19
layer(tree) info:
layer: 0 ,width: 198 ,height: 384 ,area: 76032 ,blocks_area: 38775, filling_rate: 0.509983, utilizatio_rate: 8.873e-05
layer: 1 ,width: 8016 ,height: 12709 ,area: 101875344 ,blocks_area: 83414859, filling_rate: 0.818793, utilizatio_rate: 0.190881
random seed: 19
alpha: 0
gamma: 1
best wirelength: 9.9776e+19
initial_num_perturbs: 420
iter: 0
best_iter: 0
best_cost: 0.602918
reject_time: 0
accept_inferior_time: 0
update_best_time: 0
adjustLegalOutline_fail_times: 0
outline_adjust_time: 0
initial_wirelength: 8.83581e+20
initial_average_wirelength: 9.60253e+20
4.77807e+20,initial_iter: 420
initial_time: 0.038
total time cost: 0.607
