name,x,y,layer,rotated_angle,width,height,area,exceed_outline_area,left,right,parent,is_from_left,
macro_C124171,23032,5709,0,180,6369,5709,36360621,0,43,94,19,0,
macro_C124172,31728,0,1,270,8160,9072,74027520,0,-1,-1,21,1,
macro_C124173,25584,12288,1,90,10752,8112,87220224,0,-1,-1,21,0,
macro_C124174,30853,7524,0,90,7524,5676,42706224,0,-1,-1,123,1,
macro_C124175,11715,15373,0,180,8613,4290,36949770,0,41,97,77,0,
macro_C124176,0,37026,0,0,8613,4290,36949770,0,14,-1,32,0,
macro_C124177,34584,26433,0,0,5445,7854,42765030,0,-1,-1,15,0,
macro_C124178,28413,31812,0,180,5445,7854,42765030,0,-1,-1,28,1,
macro_C124179,0,1488,1,180,7728,11232,86800896,0,71,50,68,0,
macro_C124180,0,3131,0,0,5412,7854,42505848,0,12,81,106,0,
macro_C124181,0,32573,1,270,11232,7728,86800896,0,-1,-1,27,0,
macro_C124182,17856,32496,1,90,11232,7728,86800896,0,16,-1,17,0,
macro_C124183,5412,3131,0,180,5412,7854,42505848,0,105,-1,9,1,
macro_C124184,17620,0,0,180,5412,7854,42505848,0,19,44,91,1,
macro_C124185,8613,34810,0,180,6369,5709,36360621,0,25,-1,5,1,
macro_C124186,34584,18909,0,180,5676,7524,42706224,0,-1,6,31,1,
macro_C124187,29088,20400,1,90,6144,12288,75497472,0,-1,-1,11,1,
macro_C124188,17856,24720,1,270,11232,7776,87340032,0,-1,11,18,0,
macro_C124189,17856,13488,1,0,7728,11232,86800896,0,21,17,42,0,
macro_C124190,23032,0,0,0,6369,5709,36360621,0,20,0,13,1,
macro_C124191,29401,0,0,0,5676,7524,42706224,0,-1,123,19,1,
macro_C124192,25584,0,1,90,6144,12288,75497472,0,1,2,18,1,
macro_C124193,10080,0,1,180,7776,11232,87340032,0,70,79,56,1,
macro_C124194,0,15477,0,90,7854,5412,42505848,0,112,92,81,0,
macro_C124195,13167,28441,0,270,5709,6369,36360621,0,103,-1,109,1,
macro_C124196,14982,34810,0,90,7524,5676,42706224,0,-1,-1,14,1,
macro_C124197,24453,27522,0,180,8613,4290,36949770,0,-1,-1,38,1,
macro_C124198,0,21341,1,180,7776,11232,87340032,0,89,10,50,0,
macro_C124199,23001,31812,0,0,5412,7854,42505848,0,7,-1,38,0,
macro_C124200,32107,13200,0,0,6369,5709,36360621,0,-1,-1,117,1,
macro_C124201,5412,22340,0,0,5676,7524,42706224,0,-1,-1,33,1,
macro_C124202,30294,18909,0,90,4290,8613,36949770,0,15,-1,45,1,
macro_C124203,0,31581,0,90,7854,5445,42765030,0,53,5,84,0,
macro_C124204,0,22341,0,180,5412,7854,42505848,0,30,84,92,0,
core_C1,9306,17833,0,270,1485,4507,6692895,0,-1,-1,112,1,
core_C3,11715,25570,0,180,4536,1452,6586272,0,120,55,83,0,
core_C4,9840,25340,1,180,5897,2304,13586688,0,82,100,89,1,
core_C5,7920,13056,1,0,3894,3888,15139872,0,-1,-1,56,0,
core_C6,23001,24099,0,270,1452,4491,6520932,0,26,28,65,0,
core_C7,25763,14652,0,270,1452,4513,6552876,0,122,-1,46,1,
core_C11,19920,0,1,270,2112,6576,13888512,0,-1,-1,70,1,
core_C13,20328,14043,0,180,2555,2508,6407940,0,-1,93,4,1,
core_C14,17856,11424,1,180,6405,2064,13219920,0,-1,18,90,0,
core_C15,29401,11970,0,90,1254,3858,4837932,0,117,-1,0,1,
core_C16,17620,7854,0,90,2541,2549,6477009,0,47,96,13,0,
core_C18,28842,15828,0,90,1452,4356,6324912,0,31,-1,78,1,
core_C19,22374,17886,0,0,3389,1650,5591850,0,39,-1,93,1,
core_C22,20161,7854,0,270,1419,4407,6253533,0,-1,-1,44,1,
core_C23,25938,19165,0,270,1452,4436,6441072,0,78,-1,75,1,
core_C24,19072,12261,0,180,3581,1782,6381342,0,-1,-1,96,1,
core_C26,0,12720,1,270,2256,5865,13231440,0,85,27,8,0,
core_C28,21582,26724,0,270,1419,4308,6113052,0,65,-1,86,1,
core_C30,8646,15853,0,0,3028,1980,5995440,0,-1,-1,110,0,
core_C31,7854,29864,0,180,3553,1716,6096948,0,-1,-1,32,1,
core_C32,20328,22280,0,90,1452,4444,6452688,0,-1,-1,98,0,
core_C33,11715,27022,0,180,4257,1419,6040683,0,-1,109,35,0,
core_C34,7920,5589,1,90,2160,6724,14523840,0,22,37,61,1,
core_C35,12810,13056,1,90,2256,5816,13120896,0,-1,62,113,1,
core_C36,13769,27644,1,270,1920,6011,11541120,0,-1,-1,100,1,
core_C37,4320,12720,1,90,1488,4581,6816528,0,61,63,85,1,
core_C38,11715,6519,0,0,4643,1485,6894855,0,-1,121,108,0,
core_C41,5808,12720,1,270,2112,6509,13747008,0,56,-1,59,1,
core_C42,12810,18872,1,270,2112,6439,13599168,0,76,-1,57,0,
core_C43,4320,19229,1,0,6378,2112,13470336,0,113,-1,59,0,
core_C45,11715,12436,0,0,4472,1485,6640920,0,-1,77,88,0,
core_C47,23001,19536,0,270,1518,4563,6926634,0,75,38,51,1,
core_C48,5775,10985,0,90,1452,4392,6377184,0,107,-1,119,1,
core_C49,11715,9456,0,0,4440,1419,6300360,0,-1,88,121,0,
core_C50,0,0,1,180,4728,1488,7035264,0,-1,8,-1,0,
core_C51,2904,10985,0,90,1419,4445,6307455,0,119,-1,72,1,
core_C54,17856,0,1,90,2064,6389,13186896,0,40,104,22,1,
core_C55,7728,0,1,270,1824,5589,10194336,0,-1,-1,8,1,
core_C56,1452,10985,0,270,1452,4402,6391704,0,69,-1,81,1,
core_C57,15751,21082,0,180,4501,1452,6535452,0,-1,-1,101,1,
core_C58,4388,0,0,270,2079,3131,6509349,0,-1,-1,106,1,
core_C59,24519,19536,0,90,1419,4269,6057711,0,48,102,65,1,
core_C60,14922,18872,1,90,2112,6468,13660416,0,-1,-1,62,1,
core_C61,11715,13921,0,180,4482,1452,6507864,0,-1,4,64,0,
core_C62,27390,19083,0,90,1452,4402,6391704,0,45,-1,48,1,
core_C64,10080,11232,1,0,5697,1824,10391328,0,115,-1,22,0,
core_C65,25554,12870,0,180,3570,1782,6361740,0,-1,-1,99,1,
core_C66,0,10985,0,270,1452,4492,6522384,0,72,23,9,0,
core_C67,15737,25340,1,90,2112,6496,13719552,0,-1,-1,36,1,
core_C68,11715,24085,0,180,4527,1485,6722595,0,-1,35,95,0,
core_C72,0,30195,0,0,4165,1386,5772690,0,-1,32,33,0,
core_C74,2256,12720,1,90,2064,6394,13197216,0,59,-1,50,1,
core_C75,20295,26724,0,270,1287,3985,5128695,0,51,-1,103,1,
core_C77,10263,10985,0,90,1452,4419,6416388,0,108,-1,110,1,
core_C78,11715,10875,0,180,4417,1419,6267723,0,-1,64,67,0,
core_C79,7776,21341,1,90,2064,6325,13054800,0,36,114,27,1,
core_C80,17856,9120,1,180,5943,2304,13692672,0,-1,42,104,0,
core_C81,16168,8004,0,90,1452,4432,6435264,0,13,-1,121,1,
core_C82,0,20889,0,180,4464,1452,6481728,0,-1,33,23,0,
core_C83,20328,16551,0,90,2046,3151,6446946,0,46,98,41,0,
core_C84,23032,11418,0,0,4397,1452,6384444,0,-1,99,0,0,
core_C85,11715,22600,0,180,4569,1485,6784965,0,111,83,101,0,
core_C86,17620,10403,0,270,1452,4538,6589176,0,49,-1,44,0,
core_C87,11715,19663,0,180,4160,1353,5628480,0,116,101,4,0,
core_C88,20328,19702,0,90,2541,2578,6550698,0,-1,54,93,0,
core_C89,23032,12870,0,0,2522,2508,6325176,0,80,118,94,0,
core_C90,9840,27644,1,0,3929,2544,9995376,0,58,-1,36,0,
core_C91,11715,21016,0,0,4036,1584,6393024,0,73,95,97,0,
core_C92,24519,23805,0,90,1782,3682,6561324,0,-1,-1,75,0,
core_C93,18876,22534,0,270,1419,4275,6066225,0,86,-1,24,1,
core_C94,17856,6576,1,180,5212,2544,13259328,0,-1,90,70,0,
core_C96,10824,0,0,270,1485,4473,6642405,0,-1,-1,12,1,
core_C98,0,0,0,0,4388,1452,6371376,0,74,9,-1,0,
core_C101,7227,10985,0,90,1419,4454,6320226,0,110,-1,66,1,
core_C102,11715,4473,0,0,3081,2046,6303726,0,-1,60,87,1,
core_C104,11715,28441,0,270,1452,4421,6419292,0,24,-1,55,0,
core_C107,8646,10985,0,90,1617,4868,7871556,0,87,52,107,1,
core_C108,16284,22534,0,90,2574,2577,6633198,0,-1,-1,95,1,
core_C109,7854,17833,0,90,1452,4405,6396060,0,34,-1,23,1,
core_C110,10698,16944,1,270,2112,6425,13569600,0,57,-1,63,1,
core_C111,7776,30188,1,0,5814,2256,13116384,0,-1,-1,89,0,
core_C112,15777,11232,1,90,1968,6176,12154368,0,-1,-1,79,1,
core_C113,15875,19663,0,0,4359,1419,6185421,0,-1,-1,97,1,
core_C114,30655,13200,0,90,1452,4392,6377184,0,29,-1,43,1,
core_C116,23032,15378,0,0,2524,2508,6330192,0,-1,-1,99,0,
core_C117,4323,10985,0,270,1452,4398,6385896,0,66,-1,69,1,
core_C118,16251,25111,0,270,2013,3113,6266469,0,-1,-1,35,1,
core_C119,11715,8004,0,0,4453,1452,6465756,0,91,67,60,0,
core_C120,27215,14652,0,90,1419,4431,6287589,0,-1,-1,39,1,
core_C121,29401,7524,0,270,1452,4446,6455592,0,3,-1,20,0,
Wirelength: 1.02212e+08
layer(tree) info:
layer: 0 ,width: 40260 ,height: 41316 ,area: 1663382160 ,blocks_area: 1333623654, filling_rate: 0.801754, utilizatio_rate: 0.797648
layer: 1 ,width: 39888 ,height: 40301 ,area: 1607526288 ,blocks_area: 1247579232, filling_rate: 0.776086, utilizatio_rate: 0.746184
random seed: 3
alpha: 0
gamma: 1
best wirelength: 1.02212e+08
initial_num_perturbs: 3720
iter: 0
best_iter: 0
best_cost: 0.309449
reject_time: 0
accept_inferior_time: 0
update_best_time: 843
adjustLegalOutline_fail_times: 0
outline_adjust_time: 1.871
initial_wirelength: 6.64261e+08
initial_average_wirelength: 2.14659e+09
6.64261e+08,initial_iter: 3720
initial_time: 3.511
total time cost: 100.002
