name,x,y,layer,rotated_angle,width,height,area,exceed_outline_area,left,right,parent,is_from_left,
macro_C8466,15846,0,0,270,5709,6369,36360621,0,51,-1,122,1,
macro_C8467,1749,25570,0,180,6369,5709,36360621,0,64,21,46,0,
macro_C16429,23336,0,0,90,7524,5676,42706224,0,12,-1,51,1,
macro_C16430,13017,5472,1,90,10752,8112,87220224,0,40,72,89,0,
macro_C32011,12606,12111,0,0,8613,4290,36949770,0,37,55,5,0,
macro_C32012,12606,7821,0,0,8613,4290,36949770,0,78,4,7,1,
macro_C39784,23320,5676,0,90,7854,5445,42765030,0,32,-1,75,1,
macro_C39785,7161,7222,0,180,5445,7854,42765030,0,5,67,11,1,
macro_C55552,7062,1810,0,90,7854,5412,42505848,0,102,-1,123,1,
macro_C55553,2619,0,1,0,7728,11232,86800896,0,62,105,81,1,
macro_C63404,1749,35569,0,90,7854,5412,42505848,0,-1,-1,21,0,
macro_C63405,1749,10674,0,0,5412,7854,42505848,0,7,44,94,0,
macro_C71293,30860,0,0,90,7854,5412,42505848,0,-1,-1,2,1,
macro_C71294,27080,0,1,90,11232,7728,86800896,0,-1,-1,70,1,
macro_C86866,34359,20790,0,90,5709,6369,36360621,0,-1,-1,29,1,
macro_C86867,26000,34463,0,270,7524,5676,42706224,0,-1,-1,19,1,
macro_C86868,34180,32604,0,270,4290,8613,36949770,0,-1,-1,65,1,
macro_C86869,24655,31392,1,90,11232,7776,87340032,0,-1,-1,115,1,
macro_C86870,32354,27192,0,90,7854,5412,42505848,0,-1,-1,83,1,
macro_C94576,19631,34463,0,180,6369,5709,36360621,0,15,-1,22,1,
macro_C94577,20452,28787,0,90,7524,5676,42706224,0,-1,-1,63,1,
macro_C94578,1749,31279,0,0,8613,4290,36949770,0,-1,10,1,0,
macro_C94579,11777,33066,0,90,7854,5445,42765030,0,19,-1,26,0,
macro_C94580,11549,26149,1,0,7728,11232,86800896,0,-1,-1,121,1,
macro_C102137,26470,7728,1,0,9072,8160,74027520,0,-1,-1,56,1,
macro_C102138,14366,16401,0,0,5676,7524,42706224,0,-1,97,55,1,
macro_C102139,11777,28776,0,0,8613,4290,36949770,0,-1,22,64,1,
macro_C102140,27060,15888,1,90,11232,7776,87340032,0,-1,-1,53,1,
macro_C102141,23012,11121,0,270,7854,5412,42505848,0,84,-1,78,1,
macro_C109812,28650,20823,0,90,5709,6369,36360621,0,14,83,74,1,
macro_C109813,34232,13266,0,180,5676,7524,42706224,0,-1,-1,84,1,
macro_C109814,24790,16533,0,180,8613,4290,36949770,0,-1,-1,66,1,
macro_C109815,31174,5412,0,0,5445,7854,42765030,0,-1,-1,6,1,
macro_C109816,25035,23664,1,90,11232,7728,86800896,0,-1,-1,61,1,
core_C1,14345,25575,0,180,3687,1815,6691905,0,-1,52,96,1,
core_C3,21972,15918,1,90,2592,5289,13709088,0,53,-1,109,1,
core_C4,2619,27073,1,0,6433,2112,13586496,0,-1,57,59,0,
core_C5,21219,26891,0,180,3867,1881,7273827,0,74,-1,4,1,
core_C6,21219,13530,0,90,1782,3659,6520338,0,66,69,78,0,
core_C7,1749,7110,0,0,3677,1782,6552414,0,-1,94,117,0,
core_C11,23769,5184,1,90,2592,5358,13887936,0,-1,56,3,1,
core_C13,5366,22129,0,0,3596,1782,6408072,0,-1,-1,87,0,
core_C14,19731,26103,1,0,5197,2544,13221168,0,-1,90,61,0,
core_C15,21555,3432,0,0,1559,3102,4836018,0,-1,75,51,0,
core_C16,1749,18528,0,90,3564,1817,6475788,0,-1,99,11,0,
core_C18,0,0,0,180,3616,1749,6324384,0,-1,49,-1,0,
core_C19,1749,23876,0,90,3300,1694,5590200,0,-1,1,48,0,
core_C22,0,3531,0,90,1749,3575,6252675,0,117,-1,49,0,
core_C23,1749,22094,0,0,3614,1782,6440148,0,-1,46,99,0,
core_C24,0,1749,0,0,3581,1782,6381342,0,-1,47,45,0,
core_C26,2619,21649,1,0,3675,3600,13230000,0,-1,59,60,0,
core_C28,21555,0,0,0,1781,3432,6112392,0,2,43,0,1,
core_C30,14345,27390,0,0,4325,1386,5994450,0,63,-1,34,0,
core_C31,24564,15918,1,90,2496,5085,12692160,0,27,-1,35,1,
core_C32,7161,16825,0,0,3621,1782,6452622,0,73,98,67,0,
core_C33,12606,16401,0,0,1760,3432,6040320,0,25,-1,4,0,
core_C34,23769,10542,1,180,2701,5376,14520576,0,24,-1,40,0,
core_C35,2619,29185,1,90,5088,2579,13121952,0,-1,114,36,0,
core_C36,12892,16513,1,180,4808,2400,11539200,0,100,-1,103,1,
core_C37,2619,25249,1,0,3737,1824,6816288,0,88,36,50,0,
core_C38,2619,19009,1,0,5437,2640,14353680,0,119,50,108,0,
core_C41,19731,23511,1,180,5304,2592,13747968,0,33,42,112,1,
core_C42,10347,0,1,90,2592,5247,13600224,0,-1,-1,9,1,
core_C43,18670,23925,0,90,1782,3631,6470442,0,20,-1,52,1,
core_C45,8118,23911,0,180,3659,1815,6641085,0,26,-1,1,1,
core_C47,30432,32604,0,0,3748,1848,6926304,0,16,-1,77,1,
core_C48,23001,16533,0,180,1789,3564,6375996,0,31,-1,38,1,
core_C49,7161,15076,0,0,3602,1749,6299898,0,-1,54,7,0,
core_C50,22657,0,1,180,1879,3744,7034976,0,70,-1,71,1,
core_C51,21219,17189,0,180,1481,4257,6304617,0,-1,111,38,0,
core_C54,24536,0,1,90,2544,5184,13188096,0,13,-1,68,1,
core_C55,20794,0,1,0,1863,5472,10194336,0,68,-1,104,1,
core_C56,13017,13584,1,90,5088,2615,13305120,0,-1,-1,3,0,
core_C57,10782,15076,0,90,1782,3667,6534594,0,-1,-1,54,1,
core_C58,25086,23397,0,90,3564,1826,6507864,0,29,101,37,1,
core_C59,21555,6534,0,0,1765,3432,6057480,0,6,-1,43,0,
core_C60,7833,13878,1,270,5184,2635,13659840,0,-1,103,82,0,
core_C61,28650,30789,0,270,1782,3652,6507864,0,65,-1,92,0,
core_C62,21219,9966,0,0,1793,3564,6390252,0,28,38,5,1,
core_C64,8974,37381,1,180,5697,1824,10391328,0,85,-1,114,1,
core_C65,8778,0,0,180,3570,1782,6361740,0,122,-1,118,1,
core_C66,0,0,1,180,2619,5184,13576896,0,9,-1,-1,0,
core_C67,7833,11232,1,270,5184,2646,13716864,0,89,76,106,1,
core_C68,28650,27192,0,0,3704,1815,6722760,0,18,92,29,0,
core_C72,30866,13266,0,270,3366,1715,5772690,0,30,-1,28,1,
core_C74,14671,37381,1,90,5088,2593,13193184,0,115,-1,79,1,
core_C75,20952,21207,1,0,4633,2304,10674432,0,-1,-1,120,1,
core_C77,5366,18528,0,270,1782,3601,6416982,0,-1,41,99,1,
core_C78,6356,21649,1,180,5129,2544,13048176,0,-1,121,59,1,
core_C79,13017,0,1,180,2565,5088,13050720,0,104,3,82,1,
core_C80,19731,28647,1,0,5283,2592,13693536,0,-1,-1,42,0,
core_C81,10725,20195,0,0,1805,3564,6433020,0,96,-1,93,1,
core_C82,28650,29007,0,0,3637,1782,6481134,0,-1,77,83,0,
core_C83,7161,20195,0,90,3564,1809,6447276,0,91,-1,98,0,
core_C84,1749,8892,0,180,3582,1782,6383124,0,-1,11,39,0,
core_C85,25686,20823,0,0,2636,2574,6785064,0,-1,-1,111,1,
core_C86,12530,19833,0,90,1815,3630,6588450,0,34,-1,91,1,
core_C87,14366,23925,0,0,3411,1650,5628150,0,-1,-1,25,0,
core_C88,7161,18743,0,0,4512,1452,6551424,0,-1,93,54,0,
core_C89,1749,20345,0,0,3617,1749,6326133,0,87,48,44,0,
core_C90,17700,16199,1,90,2208,4527,9995616,0,109,-1,58,1,
core_C91,25086,25223,0,180,1794,3564,6393816,0,-1,-1,74,0,
core_C92,14916,6369,0,180,4519,1452,6561588,0,-1,-1,8,1,
core_C93,7833,16513,1,180,5059,2496,12627264,0,58,-1,76,0,
core_C94,15582,0,1,0,5212,2544,13259328,0,71,-1,89,1,
core_C96,2619,11232,1,90,5184,2666,13820544,0,-1,106,9,0,
core_C98,2619,13898,1,0,5214,2544,13264416,0,82,108,105,0,
core_C101,13281,18913,1,90,2544,5172,13157568,0,120,112,119,1,
core_C102,2619,16442,1,180,5157,2544,13119408,0,-1,60,106,0,
core_C104,19908,13584,1,90,2064,6474,13362336,0,35,-1,100,1,
core_C107,21219,22931,0,0,1987,3960,7868520,0,113,-1,111,0,
core_C108,21219,21446,0,0,4467,1485,6633495,0,95,110,69,0,
core_C109,13281,24085,1,0,6450,2064,13312800,0,61,-1,107,0,
core_C110,23206,22931,0,270,1782,3658,6518556,0,-1,-1,110,1,
core_C111,2619,31764,1,0,6355,2064,13116720,0,79,-1,57,0,
core_C112,19759,31239,1,270,4896,2482,12151872,0,17,-1,85,1,
core_C113,3531,3531,0,90,1749,3536,6184464,0,118,-1,117,1,
core_C114,1749,3531,0,90,1782,3579,6377778,0,116,39,47,1,
core_C116,5280,0,0,90,3498,1810,6331380,0,80,123,116,1,
core_C117,8056,19009,1,0,5225,2544,13292400,0,107,-1,60,1,
core_C118,15825,20726,1,180,5127,2544,13043088,0,86,-1,107,1,
core_C119,6356,24193,1,0,5193,2592,13460256,0,23,-1,88,0,
core_C120,12348,0,0,90,3498,1797,6285906,0,0,-1,80,1,
core_C121,5280,1810,0,90,1782,3623,6456186,0,8,-1,118,0,
Wirelength: 1.0224e+08
layer(tree) info:
layer: 0 ,width: 40208 ,height: 41217 ,area: 1657253136 ,blocks_area: 1363000980, filling_rate: 0.822446, utilizatio_rate: 0.815219
layer: 1 ,width: 38312 ,height: 39974 ,area: 1531483888 ,blocks_area: 1190869248, filling_rate: 0.777592, utilizatio_rate: 0.712266
random seed: 2
alpha: 0
gamma: 1
best wirelength: 1.0224e+08
initial_num_perturbs: 15376
iter: 0
best_iter: 0
best_cost: 0.296996
reject_time: 0
accept_inferior_time: 0
update_best_time: 0
adjustLegalOutline_fail_times: 0
outline_adjust_time: 0.083
initial_wirelength: 1.15016e+09
initial_average_wirelength: 2.77284e+09
1.04296e+09,initial_iter: 15376
initial_time: 11.354
total time cost: 189.503
