name,x,y,layer,rotated_angle,width,height,area,exceed_outline_area,left,right,parent,is_from_left,
macro_C124171,1452,26498,0,270,5709,6369,36360621,0,-1,29,64,0,
macro_C124172,0,4322,0,0,6369,5709,36360621,0,23,115,37,0,
macro_C124173,7161,34931,0,270,7524,5676,42706224,0,-1,-1,26,0,
macro_C124174,7161,24965,0,270,7524,5676,42706224,0,19,26,109,0,
macro_C124175,34335,31416,0,90,4290,8613,36949770,0,-1,-1,5,1,
macro_C124176,25722,35046,0,180,8613,4290,36949770,0,4,-1,30,0,
macro_C124177,14685,6369,0,90,7854,5445,42765030,0,-1,61,19,0,
macro_C124178,8448,0,1,0,7776,11232,87340032,0,38,78,84,1,
macro_C124179,33390,15708,0,180,5412,7854,42505848,0,-1,-1,14,1,
macro_C124180,31245,7854,0,180,5412,7854,42505848,0,-1,-1,13,1,
macro_C124181,33660,0,0,0,5412,7854,42505848,0,-1,-1,11,1,
macro_C124182,28248,0,0,0,5412,7854,42505848,0,10,-1,22,1,
macro_C124183,18912,7776,1,90,11232,7728,86800896,0,-1,56,17,0,
macro_C124184,23391,7854,0,90,7854,5412,42505848,0,9,16,111,1,
macro_C124185,27681,15708,0,270,5709,6369,36360621,0,8,-1,16,1,
macro_C124186,7161,15707,0,90,7524,5676,42706224,0,-1,90,29,1,
macro_C124187,23391,13266,0,90,4290,8613,36949770,0,14,27,13,0,
macro_C124188,18912,0,1,90,11232,7776,87340032,0,-1,12,70,1,
macro_C124189,17868,27885,0,0,5412,7854,42505848,0,-1,32,110,0,
macro_C124190,14685,0,0,90,5709,6369,36360621,0,22,6,3,1,
macro_C124191,8976,7854,0,0,5676,7524,42706224,0,-1,-1,25,1,
macro_C124192,18924,13266,0,90,4290,8613,36949770,0,-1,101,42,0,
macro_C124193,20394,0,0,90,7854,5445,42765030,0,11,-1,19,1,
macro_C124194,6369,0,0,180,5412,7854,42505848,0,-1,-1,1,1,
macro_C124195,0,0,1,90,8160,9072,74027520,0,-1,91,-1,0,
macro_C124196,1452,10031,0,90,7524,5676,42706224,0,20,28,35,1,
macro_C124197,7161,30641,0,0,8613,4290,36949770,0,-1,2,3,0,
macro_C124198,23391,22077,0,90,7854,5445,42765030,0,-1,77,16,0,
macro_C124199,1452,15707,0,0,5412,7854,42505848,0,-1,96,25,0,
macro_C124200,1452,32867,0,90,5709,6369,36360621,0,15,-1,0,0,
macro_C124201,25722,27522,0,0,5676,7524,42706224,0,33,5,32,1,
macro_C124202,6432,34667,1,0,12288,6144,75497472,0,-1,-1,80,1,
macro_C124203,17868,35739,0,270,7854,5445,42765030,0,30,-1,18,0,
macro_C124204,31398,23562,0,180,5412,7854,42505848,0,-1,-1,30,1,
core_C1,14685,27953,0,180,3168,2112,6690816,0,-1,-1,113,0,
core_C3,0,18229,0,90,1452,4536,6586272,0,25,-1,86,0,
core_C4,30329,0,1,270,2112,6433,13586496,0,114,79,58,1,
core_C5,0,0,0,270,1683,4322,7273926,0,-1,1,-1,0,
core_C6,16224,0,1,90,2112,6427,13573824,0,-1,-1,7,1,
core_C7,10368,22055,1,90,2112,6458,13639296,0,121,-1,67,0,
core_C11,12480,17424,1,90,3024,4592,13886208,0,-1,44,107,0,
core_C13,4368,26533,1,180,5787,2304,13333248,0,-1,122,46,0,
core_C14,18924,11814,0,0,4374,1452,6351048,0,-1,21,68,1,
core_C15,6480,20079,1,90,1824,5520,10068480,0,117,-1,75,0,
core_C16,12480,22016,1,180,3697,3648,13486656,0,-1,47,40,0,
core_C18,0,23738,1,270,2256,5836,13166016,0,87,99,123,0,
core_C19,4368,21024,1,90,2112,5509,11635008,0,84,41,93,1,
core_C22,12480,25664,1,90,2064,6307,13017648,0,66,-1,44,0,
core_C23,0,33174,1,0,3674,3648,13402752,0,-1,-1,99,0,
core_C24,4368,31381,1,180,5765,2304,13282560,0,54,80,122,0,
core_C26,37097,6394,1,270,2064,6411,13232304,0,-1,-1,81,1,
core_C28,12480,13344,1,180,6311,2016,12722976,0,-1,107,121,0,
core_C30,17284,11814,0,90,1386,4325,5994450,0,-1,-1,61,1,
core_C31,14685,19901,0,0,3029,2013,6097377,0,-1,112,83,0,
core_C32,10133,28837,1,270,2304,5830,13432320,0,103,-1,49,1,
core_C33,18912,27124,1,270,2016,6237,12573792,0,74,98,92,0,
core_C34,18912,15504,1,270,2160,6724,14523840,0,71,76,12,0,
core_C35,34505,0,1,90,2064,6357,13120848,0,85,-1,114,1,
core_C36,28409,28616,1,90,1920,6011,11541120,0,36,-1,108,1,
core_C37,23568,30100,1,90,1488,4581,6816528,0,-1,-1,95,1,
core_C38,26832,15504,1,270,2160,6645,14353200,0,-1,-1,104,1,
core_C41,14685,11814,0,0,2599,2541,6604059,0,52,65,6,0,
core_C42,30329,34004,1,90,2112,6439,13599168,0,72,-1,100,0,
core_C43,18924,23331,0,0,4457,1452,6471564,0,-1,111,101,0,
core_C45,1452,25013,0,0,4472,1485,6640920,0,-1,0,96,0,
core_C47,14685,16139,0,180,4198,1650,6926700,0,-1,83,61,0,
core_C48,14544,25664,1,270,2304,5761,13273344,0,70,-1,47,1,
core_C49,10368,15702,1,90,2064,6353,13112592,0,-1,39,117,1,
core_C50,17868,17789,0,90,1056,3201,3380256,0,42,110,83,1,
core_C51,16848,23813,1,90,2064,6361,13129104,0,-1,-1,70,0,
core_C54,16848,17424,1,90,2064,6389,13186896,0,17,69,66,1,
core_C55,21072,15504,1,270,1824,5589,10194336,0,-1,-1,56,1,
core_C56,32441,15763,1,270,2544,5230,13305120,0,81,-1,62,1,
core_C57,25481,22149,1,90,2112,6440,13601280,0,102,82,74,1,
core_C58,20928,27124,1,180,4553,2976,13549728,0,73,-1,55,1,
core_C59,6480,15702,1,90,2880,4377,12605760,0,-1,43,84,0,
core_C60,18912,22228,1,0,5270,2592,13659840,0,-1,92,56,0,
core_C61,23391,27522,0,270,1452,4482,6507864,0,-1,-1,27,0,
core_C62,8448,11232,1,90,2976,4470,13302720,0,-1,-1,7,0,
core_C64,30329,6433,1,90,2016,5154,10390464,0,-1,105,36,0,
core_C65,4368,33685,1,90,2064,6416,13242624,0,31,-1,49,0,
core_C66,34985,15763,1,90,2112,6429,13578048,0,50,-1,72,1,
core_C67,25481,28616,1,270,2592,5293,13719456,0,-1,108,73,0,
core_C68,14685,17789,0,180,3183,2112,6722496,0,68,53,65,0,
core_C72,6480,9072,1,90,1968,6107,12018576,0,7,75,46,1,
core_C74,36569,0,1,270,2064,6394,13197216,0,-1,-1,57,1,
core_C75,0,14244,0,90,1287,3985,5128695,0,-1,35,115,0,
core_C77,2256,17376,1,0,3659,3648,13348032,0,-1,93,45,1,
core_C78,30329,15763,1,270,2064,6321,13046544,0,-1,119,106,0,
core_C79,18912,39279,1,180,6325,2064,13054800,0,-1,-1,98,0,
core_C80,7161,21383,0,180,4530,1452,6577560,0,120,109,15,0,
core_C81,0,9072,1,180,6342,2112,13394304,0,-1,118,24,0,
core_C82,18912,24820,1,0,5856,2304,13492224,0,104,55,76,0,
core_C83,2256,21024,1,90,2112,6351,13413312,0,46,-1,87,0,
core_C84,0,13248,1,180,6438,2064,13288032,0,-1,116,118,0,
core_C85,21216,30100,1,90,2352,6005,14123760,0,59,-1,98,1,
core_C86,1452,23561,0,0,4538,1452,6589176,0,-1,64,28,0,
core_C87,14685,23960,0,0,2940,1914,5627160,0,-1,113,112,0,
core_C88,18912,33361,1,90,2304,5918,13635072,0,95,89,55,0,
core_C89,0,29574,1,0,3657,3600,13165200,0,-1,48,45,0,
core_C90,30329,28524,1,270,1824,5480,9995520,0,-1,62,119,0,
core_C91,18924,21879,0,0,4403,1452,6393156,0,-1,63,21,0,
core_C92,27593,22149,1,90,2112,6467,13658304,0,-1,-1,73,1,
core_C93,12437,31971,1,0,6264,2016,12628224,0,-1,-1,54,1,
core_C94,24768,15504,1,270,2064,6424,13259136,0,60,-1,92,1,
core_C96,30329,11587,1,180,6546,2112,13825152,0,-1,106,79,0,
core_C98,30329,13699,1,180,6426,2064,13263264,0,-1,88,105,0,
core_C101,12480,15360,1,180,6374,2064,13155936,0,-1,40,51,0,
core_C102,25481,33909,1,270,2928,4481,13120368,0,58,-1,82,0,
core_C104,7161,22835,0,180,4421,1452,6419292,0,-1,3,90,0,
core_C107,17868,26268,0,0,4868,1617,7871556,0,-1,18,68,0,
core_C108,18924,24783,0,0,4467,1485,6633495,0,13,-1,63,0,
core_C109,14685,21914,0,180,3126,2046,6395796,0,-1,97,53,0,
core_C110,14685,25874,0,180,3136,2079,6519744,0,-1,34,97,0,
core_C111,32441,0,1,90,2064,6355,13116720,0,57,-1,36,1,
core_C112,0,10031,0,90,1386,4213,5839218,0,-1,86,1,0,
core_C113,0,15312,1,180,6237,2064,12873168,0,-1,123,94,0,
core_C114,8304,20079,1,90,2064,6431,13273584,0,67,-1,43,1,
core_C116,0,11184,1,180,6384,2064,13176576,0,-1,94,91,0,
core_C117,30329,22084,1,270,2064,6440,13292160,0,-1,100,88,0,
core_C118,11691,21383,0,90,1749,3582,6264918,0,-1,-1,90,1,
core_C119,12480,11232,1,0,6373,2112,13459776,0,-1,51,39,1,
core_C120,4368,28837,1,0,5143,2544,13083792,0,-1,49,41,0,
core_C121,0,17376,1,90,2112,6362,13436544,0,-1,45,116,0,
Wirelength: 1.10101e+08
layer(tree) info:
layer: 0 ,width: 39072 ,height: 41184 ,area: 1609141248 ,blocks_area: 1334909565, filling_rate: 0.829579, utilizatio_rate: 0.798417
layer: 1 ,width: 39161 ,height: 41343 ,area: 1619033223 ,blocks_area: 1254646848, filling_rate: 0.774936, utilizatio_rate: 0.750412
random seed: 6
alpha: 0
gamma: 1
best wirelength: 1.10101e+08
initial_num_perturbs: 3720
iter: 0
best_iter: 0
best_cost: 0.340139
reject_time: 0
accept_inferior_time: 0
update_best_time: 822
adjustLegalOutline_fail_times: 0
outline_adjust_time: 0.889
initial_wirelength: 6.55318e+08
initial_average_wirelength: 1.92662e+09
6.55318e+08,initial_iter: 3720
initial_time: 2.987
total time cost: 100.002
