name,x,y,layer,rotated_angle,width,height,area,exceed_outline_area,left,right,parent,is_from_left,
macro_C415824,1380,29974,0,90,23736,5520,131022720,0,568,622,570,0,
macro_C393731,51890,70957,0,180,5520,23736,131022720,0,-1,75,66,0,
macro_C396425,24474,52012,0,270,23736,5520,131022720,0,-1,-1,64,1,
macro_C399323,7770,79324,0,270,23736,5520,131022720,0,546,-1,280,1,
macro_C401933,0,0,1,180,8625,37030,319383750,0,177,112,-1,0,
macro_C404827,9974,113573,0,90,23736,5520,131022720,0,271,-1,48,0,
macro_C407516,35328,29324,0,270,23736,5520,131022720,0,138,539,162,0,
macro_C410398,42456,102297,0,0,5520,23736,131022720,0,-1,334,130,1,
macro_C413082,13208,5520,0,180,5520,23736,131022720,0,12,-1,299,1,
macro_C40987,29785,89159,1,180,8625,37030,319383750,0,114,-1,248,0,
macro_C418718,54958,0,0,180,5520,23736,131022720,0,40,-1,590,1,
macro_C421703,7245,88525,1,180,8625,37030,319383750,0,502,631,455,0,
macro_C424481,18728,5520,0,180,5520,23736,131022720,0,623,-1,8,1,
macro_C427156,25116,46492,0,270,23736,5520,131022720,0,245,-1,25,1,
macro_C429952,11558,73804,0,90,23736,5520,131022720,0,630,-1,445,1,
macro_C432667,31510,38490,1,180,8625,37030,319383750,0,533,511,369,0,
macro_C38059,26714,5680,0,270,23736,5520,131022720,0,584,279,105,1,
macro_C78506,28520,57532,0,90,23736,5520,131022720,0,567,-1,236,1,
macro_C390724,49792,120494,0,90,23736,5520,131022720,0,-1,322,24,0,
macro_C43597,25116,40972,0,90,23736,5520,131022720,0,544,-1,557,0,
macro_C46411,1380,60740,0,270,23736,5520,131022720,0,236,325,273,0,
macro_C48981,7245,45055,1,180,8625,37030,319383750,0,635,212,477,0,
macro_C51791,53780,18804,1,0,8625,37030,319383750,0,352,388,45,1,
macro_C54384,48433,23736,0,270,23736,5520,131022720,0,59,-1,540,1,
macro_C57054,49792,114974,0,270,23736,5520,131022720,0,387,18,505,0,
macro_C62277,1380,35734,0,90,23736,5520,131022720,0,13,116,593,0,
macro_C65066,43815,5290,1,0,8625,37030,319383750,0,524,589,229,0,
macro_C67838,51890,107246,0,270,23736,5520,131022720,0,-1,-1,31,0,
macro_C70493,7953,0,0,90,23736,5520,131022720,0,198,108,57,1,
macro_C73067,7831,68284,0,270,23736,5520,131022720,0,287,-1,531,0,
macro_C75793,51917,71014,1,180,8625,37030,319383750,0,488,-1,396,0,
macro_C59667,51890,101726,0,90,23736,5520,131022720,0,-1,27,359,0,
core_C930,9775,14530,1,90,2530,8149,20616970,0,-1,327,429,0,
core_C1124,46990,38560,0,0,6415,2116,13574140,0,362,-1,266,0,
core_C1270,52474,17299,0,90,2116,6417,13578372,0,-1,-1,551,0,
core_C1382,15870,89558,1,180,6500,3105,20182500,0,449,189,519,0,
core_C1112,1380,80264,0,180,6165,1932,11910780,0,-1,613,600,0,
core_C126,64986,6548,0,90,3496,3524,12319904,0,-1,-1,132,0,
core_C1684,66058,56765,0,90,2024,6440,13034560,0,216,293,595,1,
core_C1556,33925,0,1,270,2530,8066,20406980,0,232,-1,430,1,
core_C599,60478,0,0,270,2208,5673,12525984,0,303,171,10,1,
core_C919,1380,52938,0,0,6578,2024,13313872,0,238,610,178,0,
core_C1502,38876,65996,0,90,2944,4455,13115520,0,122,120,125,0,
core_C356,19780,17346,1,0,6358,3105,19741590,0,-1,-1,209,0,
core_C1322,43815,98794,1,180,7394,2760,20407440,0,-1,98,562,0,
core_C1329,48185,55462,1,0,5595,3680,20589600,0,22,-1,241,1,
core_C1044,65205,30593,1,0,8029,2645,21236705,0,-1,504,110,0,
core_C318,47563,96225,0,90,1932,6063,11713716,0,-1,-1,358,1,
core_C1681,9974,107336,0,0,4534,2852,12930968,0,-1,5,291,0,
core_C1652,17578,42664,1,270,2415,7804,18846660,0,275,-1,257,1,
core_C667,16084,90180,0,0,6645,2116,14060820,0,-1,78,515,0,
core_C285,14351,45486,0,0,6597,2024,13352328,0,284,-1,219,0,
core_C15,43815,80279,1,0,7945,2530,20100850,0,-1,63,174,0,
core_C925,31510,83317,1,180,6545,3105,20322225,0,-1,330,205,0,
core_C1409,59524,53459,0,180,6343,2024,12838232,0,179,153,582,0,
core_C562,35537,0,0,180,6083,2024,12311992,0,158,73,198,1,
core_C168,62675,75591,1,270,2530,7630,19303900,0,338,499,225,1,
core_C458,1380,5152,0,0,6573,2024,13303752,0,28,614,326,0,
core_C1109,69646,61792,0,270,2944,4641,13663104,0,-1,-1,293,1,
core_C943,72169,8565,0,90,2024,6406,12965744,0,-1,649,23,1,
core_C1583,72130,51525,0,270,2208,5943,13122144,0,-1,-1,276,0,
core_C100,1380,104242,0,0,4600,1380,6348000,0,-1,432,617,0,
core_C1141,7137,45302,0,180,4602,2944,13548288,0,482,-1,483,1,
core_C879,43815,82809,1,180,7486,2760,20661360,0,-1,491,52,0,
core_C355,20381,54326,0,0,4093,2668,10920124,0,2,-1,65,1,
core_C387,14166,54326,0,180,6215,2024,12579160,0,64,380,306,1,
core_C647,51890,63052,0,90,2024,6422,12998128,0,351,1,368,1,
core_C439,1380,117932,0,0,4505,1472,6631360,0,-1,231,577,0,
core_C721,1380,25926,0,180,6492,2024,13139808,0,508,570,535,0,
core_C239,61918,81366,0,180,6521,2024,13198504,0,-1,560,487,0,
core_C1333,34906,96034,0,0,5341,2484,13267044,0,-1,-1,393,1,
core_C266,15870,118965,1,180,6234,3105,19356570,0,-1,-1,230,0,
core_C951,26166,108973,0,180,6352,2116,13440832,0,-1,-1,624,0,
core_C406,35537,2024,0,270,3404,3408,11600832,0,-1,-1,55,0,
core_C259,53780,59399,1,180,5581,3680,20538080,0,87,-1,388,0,
core_C522,51890,94693,0,180,3667,3588,13157196,0,-1,359,1,0,
core_C1618,35328,20676,0,90,3588,3683,13214604,0,476,162,215,0,
core_C875,65205,48303,1,180,7653,2530,19362090,0,-1,192,518,0,
core_C841,16084,92296,0,0,5833,2300,13415900,0,645,-1,50,0,
core_C1299,47116,77184,0,90,2208,5655,12486240,0,-1,253,437,1,
core_C44,65205,116590,1,0,8003,2530,20247590,0,-1,256,400,0,
core_C1017,63942,97098,0,180,4447,2852,12682844,0,220,-1,111,0,
core_C1331,66350,91486,0,0,3640,3496,12725440,0,-1,-1,181,1,
core_C98,65205,123632,1,0,4575,4485,20518875,0,-1,-1,256,0,
core_C330,8198,86868,0,0,3704,3588,13289952,0,-1,-1,523,1,
core_C358,17250,8148,1,90,2530,7628,19298840,0,527,586,246,0,
core_C210,15870,109535,1,180,8262,2530,20902860,0,-1,270,441,0,
core_C996,59361,55834,1,180,5260,3335,17542100,0,-1,-1,74,1,
core_C780,31962,89978,0,180,4531,2852,12922412,0,418,386,222,0,
core_C1441,65205,76455,1,0,7819,2530,19782070,0,-1,240,486,0,
core_C576,16084,84844,0,180,5097,2484,12660948,0,427,515,365,1,
core_C1456,1380,90274,0,0,6065,1932,11717580,0,-1,597,283,0,
core_C309,9900,126821,0,0,6511,2024,13178264,0,249,-1,364,0,
core_C57,19205,34517,1,90,2530,8147,20611910,0,534,-1,510,1,
core_C1493,39628,75520,1,90,2300,7329,16856700,0,-1,-1,206,1,
core_C1295,66058,66922,0,0,6350,2116,13436600,0,-1,464,293,0,
core_C1113,37482,102106,0,180,3749,3588,13451412,0,425,-1,297,0,
core_C1022,24840,0,1,270,2530,7716,19521480,0,160,-1,315,1,
core_C34,43815,101554,1,0,7716,2530,19521480,0,-1,155,44,0,
core_C1287,60333,0,1,180,5568,3565,19849920,0,-1,573,397,1,
core_C729,15870,96343,1,0,4293,4140,17773020,0,-1,394,189,0,
core_C1070,43815,106959,1,0,7573,2415,18288795,0,-1,626,155,0,
core_C820,26714,13224,0,0,6450,2024,13054800,0,-1,438,279,0,
core_C1151,24443,111089,0,180,5307,2484,13182588,0,239,-1,333,1,
core_C1685,69300,14927,0,270,2024,6549,13255176,0,-1,-1,555,1,
core_C929,24322,5520,0,270,2392,5002,11964784,0,16,237,623,1,
core_C1114,1380,109744,0,0,6606,2024,13370544,0,-1,131,172,0,
core_C1484,1380,98426,0,180,5406,1748,9449688,0,-1,627,127,0,
core_C1084,7953,5520,0,270,2024,6100,12346400,0,-1,-1,28,0,
core_C1197,52256,56338,0,0,5597,2208,12358176,0,-1,296,567,0,
core_C1135,65205,28178,1,180,7812,2415,18865980,0,-1,46,197,0,
core_C934,63942,94982,0,180,6373,2116,13485268,0,167,81,318,1,
core_C845,0,37030,1,90,3105,6519,20241495,0,-1,247,4,0,
core_C206,34453,105694,0,0,6251,2024,12652024,0,-1,-1,188,1,
core_C33,38410,90792,1,0,4543,4370,19852910,0,-1,376,9,1,
core_C302,1380,70198,0,180,5523,1840,10162320,0,-1,609,601,0,
core_C589,1380,41254,0,0,6529,2024,13214696,0,265,591,25,0,
core_C158,1380,48890,0,0,6108,2024,12362592,0,-1,178,154,0,
core_C414,1380,14794,0,0,6251,1932,12076932,0,-1,446,371,0,
core_C1116,18070,106546,0,270,2208,5663,12503904,0,385,-1,274,0,
core_C1033,38876,70451,0,90,2024,6191,12530584,0,-1,-1,42,0,
core_C1170,65205,103480,1,0,7385,2300,16985500,0,580,207,435,0,
core_C376,41820,66548,0,0,6219,2024,12587256,0,-1,-1,42,1,
core_C1265,59064,38798,0,0,6460,2024,13075040,0,-1,-1,292,0,
core_C613,65205,53363,1,180,7415,2415,17907225,0,-1,126,192,0,
core_C459,38876,63052,0,180,4504,2944,13259776,0,244,42,630,1,
core_C238,65205,55778,1,180,7917,2415,19119555,0,-1,490,124,0,
core_C506,1380,96402,0,180,6623,2024,13404952,0,-1,107,309,0,
core_C46,31567,67468,0,0,4675,2944,13763200,0,422,-1,217,0,
core_C1232,69314,31648,0,270,1932,6246,12067272,0,-1,-1,484,1,
core_C187,35826,113113,0,180,6630,2116,14029080,0,7,-1,271,1,
core_C450,1380,111768,0,0,6228,2024,12605472,0,-1,378,106,0,
core_C494,64986,0,0,90,2024,6268,12686432,0,317,37,303,1,
core_C915,7958,51558,0,0,6283,2024,12716792,0,-1,306,238,0,
core_C1043,65205,108310,1,180,6572,3105,20406060,0,-1,203,207,0,
core_C449,24322,27473,0,0,6297,2024,12745128,0,-1,-1,237,0,
core_C10,64346,29256,0,90,2484,5147,12785148,0,199,146,138,1,
core_C178,5870,122624,0,90,2024,6504,13164096,0,618,-1,598,1,
core_C1045,59064,29256,0,180,5282,2576,13606432,0,136,292,6,1,
core_C1298,52900,52198,0,180,6437,2116,13620692,0,-1,-1,442,0,
core_C1488,1380,74044,0,180,6590,2024,13338160,0,445,187,328,0,
core_C1587,0,0,0,90,1380,4476,6176880,0,361,-1,-1,0,
core_C1285,10878,5520,0,90,2116,6499,13751884,0,-1,-1,259,1,
core_C1313,7968,122624,0,90,1932,6235,12046020,0,599,-1,618,1,
core_C1249,43815,44735,1,180,8349,2645,22083105,0,-1,521,589,0,
core_C1067,46020,68572,0,270,1932,6312,12194784,0,426,-1,405,1,
core_C922,64346,34403,0,270,2852,4395,12534540,0,484,-1,136,0,
core_C1050,70106,50368,0,270,2024,6365,12882760,0,276,304,216,1,
core_C306,59894,71680,0,270,2024,6237,12623688,0,183,-1,164,1,
core_C228,68514,82436,0,0,6256,2024,12662144,0,-1,-1,514,0,
core_C28,61918,87530,0,0,6421,2024,12996104,0,-1,360,572,0,
core_C326,71333,86944,0,90,2484,5267,13083228,0,-1,507,220,1,
core_C443,25541,87696,0,90,2024,6472,13099328,0,-1,-1,645,1,
core_C156,59524,55483,0,180,5155,2484,12805020,0,-1,-1,54,0,
core_C1159,1380,47142,0,0,5559,1748,9717132,0,-1,117,483,0,
core_C446,43815,104084,1,0,7295,2875,20973125,0,-1,101,98,0,
core_C1155,35328,15800,0,0,6379,2116,13497964,0,-1,215,650,0,
core_C1548,1380,121152,0,90,2392,5126,12261392,0,523,525,231,0,
core_C1326,41620,0,0,90,2116,5680,12018880,0,226,-1,55,1,
core_C740,7933,55606,0,180,6107,2024,12360568,0,-1,267,633,1,
core_C27,27370,0,1,270,2415,7836,18923940,0,248,213,97,1,
core_C133,18515,72248,1,180,8342,2645,22064590,0,-1,-1,481,0,
core_C350,35328,24359,0,180,5060,2484,12569040,0,374,6,76,0,
core_C616,31510,8066,1,90,3105,6504,20194920,0,-1,301,430,0,
core_C1605,57870,71680,0,270,2024,6438,13030512,0,148,340,566,1,
core_C254,2530,61398,1,270,2530,7854,19870620,0,-1,-1,202,0,
core_C574,1380,68100,0,0,6451,2024,13056824,0,531,601,325,0,
core_C191,70315,84460,0,0,5263,2484,13073292,0,-1,-1,111,1,
core_C1019,65205,6095,1,0,6470,3105,20089350,0,-1,522,338,0,
core_C244,58331,62567,0,270,2024,6537,13230888,0,-1,-1,191,0,
core_C591,39677,17916,0,180,6420,2116,13584720,0,538,-1,215,1,
core_C200,60478,5673,0,90,2024,6579,13315896,0,-1,-1,40,0,
core_C972,1380,107720,0,180,6615,2024,13388760,0,-1,106,611,0,
core_C74,20094,95884,0,270,2024,6614,13386736,0,406,-1,636,1,
core_C1261,43815,77059,1,0,6563,3220,21132860,0,-1,52,233,0,
core_C978,71708,71154,0,270,1748,5588,9767824,0,574,-1,382,1,
core_C627,44382,79668,0,270,2024,6129,12405096,0,-1,-1,348,1,
core_C748,8625,0,1,270,2760,7074,19524240,0,-1,-1,4,1,
core_C373,1380,50914,0,0,6388,2024,12929312,0,-1,41,117,0,
core_C1009,65867,50368,0,270,2024,6397,12947528,0,-1,-1,54,1,
core_C108,21085,119093,0,180,4428,2852,12628656,0,554,-1,249,1,
core_C380,61918,91486,0,180,4432,2852,12640064,0,82,-1,360,0,
core_C555,35974,107718,0,180,6357,2024,12866568,0,-1,-1,239,1,
core_C1030,61918,71680,0,90,2024,6316,12783584,0,384,487,148,1,
core_C1455,1380,1932,0,180,4229,1380,5836020,0,-1,326,361,0,
core_C537,9900,122865,0,180,6489,2024,13133736,0,-1,364,305,0,
core_C1284,48875,119264,1,270,2530,8133,20576490,0,300,-1,255,1,
core_C1089,1380,76068,0,180,6523,2024,13202552,0,-1,603,140,0,
core_C1356,27914,104925,0,0,6539,2024,13234936,0,113,-1,434,0,
core_C476,15870,92663,1,0,5779,3680,21266720,0,-1,100,35,0,
core_C1688,10637,16041,0,90,2024,6559,13275416,0,-1,-1,646,1,
core_C959,58331,59991,0,180,5153,2576,13274128,0,-1,169,485,0,
core_C1037,65205,50833,1,180,8276,2530,20938280,0,-1,124,77,0,
core_C289,65205,71280,1,0,8118,2645,21472110,0,-1,486,616,0,
core_C1691,17250,26431,1,0,7298,2875,20981750,0,250,-1,586,0,
core_C753,54924,45605,0,90,2576,5226,13462176,0,513,-1,442,1,
core_C1140,26714,18931,0,180,6539,2116,13836524,0,-1,319,438,0,
core_C431,65205,25763,1,180,7916,2415,19117140,0,-1,110,421,0,
core_C153,31689,0,0,0,3848,3772,14514656,0,55,-1,28,1,
core_C954,66830,29256,0,180,5062,2392,12108304,0,-1,-1,136,1,
core_C654,57870,82578,0,270,2484,5052,12549168,0,-1,647,340,0,
core_C422,35328,36684,0,180,6221,2024,12591304,0,-1,411,539,0,
core_C649,2530,58293,1,0,3297,3105,10237185,0,-1,165,416,0,
core_C1185,65205,111415,1,180,8065,2530,20404450,0,559,400,134,0,
core_C1450,33986,83408,0,90,2024,6476,13107424,0,345,-1,222,1,
core_C1250,31510,80787,1,0,8108,2530,20513240,0,-1,53,206,0,
core_C1288,31510,78257,1,0,8118,2530,20538540,0,94,205,606,0,
core_C1076,65205,105780,1,0,6857,2530,17348210,0,-1,134,121,0,
core_C1698,51917,63079,1,0,7245,2875,20829375,0,-1,409,648,1,
core_C1620,19780,13121,1,270,4025,4225,17005625,0,-1,43,571,0,
core_C1303,41441,11200,0,90,2944,4550,13395200,0,308,-1,272,1,
core_C183,57155,119911,1,0,4679,4485,20985315,0,-1,370,408,1,
core_C888,7245,82085,1,180,5740,3680,21123200,0,-1,455,21,0,
core_C1321,27370,126189,1,0,8225,2645,21755125,0,462,-1,160,0,
core_C583,54521,126014,0,0,6100,1932,11785200,0,353,-1,322,1,
core_C1059,35328,17916,0,180,4349,2760,12003240,0,170,76,156,0,
core_C313,68082,50368,0,270,2024,6277,12704648,0,147,-1,38,1,
core_C129,31567,65260,0,180,7079,2208,15630432,0,-1,128,287,0,
core_C106,33304,25095,0,270,2024,6353,12858472,0,272,-1,344,1,
core_C952,14351,43370,0,180,6418,2116,13580488,0,-1,51,355,0,
core_C1142,68389,97098,0,270,2944,4628,13624832,0,151,-1,81,1,
core_C1085,65205,94280,1,180,5838,1725,10070550,0,-1,548,436,0,
core_C1369,31962,83408,0,270,2024,6570,13297680,0,204,88,456,1,
core_C905,39964,20538,1,90,2300,7317,16829100,0,-1,-1,323,0,
core_C284,65966,71154,0,180,3718,3588,13340184,0,382,-1,595,0,
core_C1306,60030,108044,1,90,2645,7936,20990720,0,56,-1,463,1,
core_C1391,43736,0,0,270,2576,5213,13428688,0,-1,-1,158,1,
core_C1086,61305,10809,1,90,2645,7995,21146775,0,-1,-1,243,1,
core_C22,43678,34844,0,90,3312,3415,11310480,0,266,-1,254,1,
core_C1566,43815,2645,1,180,6879,2645,18194955,0,-1,26,399,0,
core_C789,15870,116550,1,0,7339,2415,17723685,0,625,71,270,0,
core_C368,1380,119404,0,0,5392,1748,9425216,0,-1,157,67,0,
core_C700,36455,0,1,270,2415,7781,18791115,0,497,366,39,1,
core_C141,43815,74529,1,180,7655,2530,19367150,0,-1,174,537,0,
core_C1068,33710,119979,0,0,6121,2024,12388904,0,-1,288,271,0,
core_C173,60542,71221,1,0,4446,4370,19429020,0,-1,-1,488,0,
core_C138,25116,57532,0,90,3404,3575,12169300,0,17,480,20,1,
core_C664,24322,23071,0,270,2852,4402,12554504,0,470,135,105,0,
core_C470,7958,49534,0,0,6224,2024,12597376,0,-1,133,41,1,
core_C1097,29750,111089,0,0,6224,2024,12597376,0,182,-1,103,1,
core_C1134,65205,78985,1,180,8635,2875,24825625,0,-1,569,89,0,
core_C1418,43815,53705,1,90,4370,4526,19778620,0,45,474,536,0,
core_C222,73276,53363,1,270,2530,7818,19779540,0,-1,-1,556,1,
core_C1041,53470,16167,1,180,7835,2530,19822550,0,227,-1,641,1,
core_C1606,43380,63052,0,0,3635,3496,12707960,0,541,-1,125,1,
core_C66,48852,43160,0,90,2024,6472,13099328,0,629,372,13,1,
core_C1398,17250,0,1,270,2530,8148,20614440,0,571,85,298,1,
core_C992,0,43549,1,270,2530,8262,20902860,0,471,-1,112,0,
core_C505,29785,0,1,270,1725,5596,9653100,0,430,9,160,1,
core_C1294,16411,119093,0,180,4674,2944,13760256,0,180,-1,92,1,
core_C916,24548,23326,1,90,2645,7971,21083295,0,-1,-1,194,1,
core_C176,11998,93045,0,90,1932,6012,11615184,0,-1,-1,363,0,
core_C342,65205,98535,1,0,7427,2415,17936205,0,-1,435,548,0,
core_C586,47116,82839,0,270,2208,5599,12362592,0,-1,-1,79,0,
core_C271,41654,34844,0,270,2024,6128,12403072,0,228,-1,411,1,
core_C327,46345,119264,1,90,2530,7990,20214700,0,186,-1,465,1,
core_C1293,65205,119120,1,270,4370,4512,19717440,0,-1,83,80,0,
core_C1081,9775,42525,1,180,7803,2530,19741590,0,49,-1,314,0,
core_C1361,1380,92354,0,180,6411,2024,12975864,0,-1,309,607,0,
core_C840,7934,11620,0,90,2944,4421,13015424,0,142,-1,585,1,
core_C1374,18515,56728,1,180,6399,3105,19868895,0,-1,433,502,1,
core_C953,65205,15413,1,0,8078,2530,20437340,0,-1,398,522,0,
core_C849,31962,99762,0,90,2484,5163,12824892,0,321,-1,393,0,
core_C1532,70106,59584,0,180,5821,2208,12852768,247296,-1,-1,304,0,
core_C1328,43815,93734,1,0,7949,2530,20110970,0,-1,562,542,0,
core_C1319,7909,41254,0,0,6442,2116,13631272,0,355,-1,116,1,
core_C1527,46990,34844,0,90,3588,3716,13333008,0,-1,33,228,1,
core_C838,7933,58282,0,0,6356,2116,13449296,0,-1,-1,159,0,
core_C317,69034,8565,0,270,2116,6362,13461992,0,-1,-1,410,0,
core_C778,61548,42846,0,90,2116,6390,13521240,0,644,-1,637,1,
core_C329,15870,112065,1,0,4717,4485,21155745,0,-1,230,86,0,
core_C76,33710,113113,0,90,2116,6866,14528456,0,130,234,5,1,
core_C1463,35328,11200,0,180,6113,2392,14622296,0,210,650,218,1,
core_C520,1380,59084,0,0,5302,1656,8780112,0,-1,20,407,0,
core_C214,18070,104522,0,180,6117,2024,12380808,0,-1,119,333,0,
core_C1052,19993,45688,1,180,7043,2760,19438680,0,-1,402,49,1,
core_C1524,72130,45312,0,270,2024,6213,12575112,0,-1,60,147,1,
core_C1004,15870,74893,1,180,7770,2530,19658100,0,-1,331,632,0,
core_C5,9974,90456,0,270,2024,6384,12921216,0,363,563,599,1,
core_C442,26714,11200,0,180,6385,2024,12923240,0,-1,102,16,0,
core_C250,1380,78166,0,0,6390,2024,12933360,0,3,600,603,0,
core_C1246,12190,0,1,270,2530,7803,19741590,0,298,-1,429,1,
core_C885,37175,92417,0,270,3496,3617,12645032,0,579,-1,386,1,
core_C1694,1380,88250,0,0,6427,2024,13008248,0,-1,91,354,0,
core_C921,20948,41254,0,270,2484,5181,12869604,0,-1,576,51,1,
core_C1656,54625,112529,1,90,2760,7382,20374320,0,463,408,300,1,
core_C12,73528,119006,0,90,2024,6283,12716792,0,-1,-1,387,0,
core_C164,31567,63052,0,0,5910,2208,13049280,0,-1,217,29,1,
core_C205,33710,122003,0,0,6497,2024,13149928,0,307,-1,234,0,
core_C290,51816,112766,0,0,5816,2208,12841728,0,-1,-1,505,1,
core_C132,65205,89220,1,0,8160,2530,20644800,0,-1,436,501,0,
core_C715,9974,105036,0,180,5916,2300,13606800,0,444,48,563,0,
core_C1296,59064,31832,0,270,2116,6458,13665128,0,343,123,138,0,
core_C1649,66058,63205,0,270,3588,3717,13336596,0,58,95,38,0,
core_C1517,54117,40405,0,270,2576,5200,13395200,0,332,-1,544,1,
core_C1082,1380,102346,0,0,5737,1748,10028276,0,-1,596,594,0,
core_C730,52256,58546,0,0,5836,2300,13422800,0,550,-1,109,0,
core_C275,37482,98518,0,180,3741,3588,13422708,0,346,96,321,1,
core_C1559,14720,0,1,90,2530,8294,20983820,0,246,310,281,1,
core_C567,11092,22600,0,270,2116,6364,13466224,0,8,-1,508,1,
core_C557,51405,116849,1,90,3220,6536,21045920,0,285,-1,186,1,
core_C1383,31510,15010,1,180,8454,2645,22360830,0,323,530,163,0,
core_C515,15371,125555,1,180,7523,2415,18168045,0,-1,-1,631,1,
core_C397,62686,0,0,90,2300,6950,15985000,0,132,389,40,1,
core_C604,70106,57468,0,0,5634,2116,11921544,0,-1,263,147,0,
core_C736,9900,120933,0,0,6318,1932,12206376,0,-1,185,324,0,
core_C1498,7958,53582,0,180,6208,2024,12564992,0,65,-1,133,0,
core_C816,40207,115229,0,270,2024,6399,12951576,0,-1,-1,288,1,
core_C873,44385,11200,0,270,2024,6400,12953600,0,540,-1,210,1,
core_C609,1380,94378,0,180,6420,2024,12994080,0,-1,127,258,0,
core_C1423,14720,29306,1,180,5557,3565,19810705,0,420,510,298,0,
core_C782,59894,92163,0,90,2024,6435,13024440,0,318,-1,349,1,
core_C21,63942,66389,0,270,2024,6443,13040632,0,-1,439,384,0,
core_C507,60013,59169,1,90,2760,7465,20603400,0,-1,-1,396,1,
core_C1157,9775,39995,1,0,7944,2530,20098320,0,-1,257,327,0,
core_C1096,22310,0,1,270,2530,8181,20697930,0,97,357,571,1,
core_C724,43996,74884,0,180,5762,2300,13252600,0,-1,-1,405,0,
core_C352,67010,0,0,90,2024,6548,13253152,0,401,-1,132,1,
core_C1136,61918,94338,0,270,2024,6577,13311848,0,111,-1,311,1,
core_C491,26714,21047,0,0,6591,2024,13340184,0,-1,-1,196,0,
core_C1377,65205,35768,1,180,8251,2530,20875030,0,-1,479,504,0,
core_C435,34446,99762,0,270,3036,4623,14035428,0,297,-1,262,1,
core_C1291,49792,126014,0,180,4729,3128,14792312,0,214,-1,18,0,
core_C1012,39964,15010,1,270,1840,5528,10171520,0,-1,223,301,1,
core_C918,9900,119093,0,0,5602,1840,10307680,0,-1,305,599,0,
core_C1705,1380,66260,0,180,6010,1840,11058400,0,-1,166,20,0,
core_C1102,1380,3312,0,180,6053,1840,11137520,0,-1,57,184,0,
core_C792,9775,37580,1,180,7355,2415,17762325,0,-1,314,32,0,
core_C1153,1380,72112,0,0,6207,1932,11991924,0,-1,140,609,0,
core_C1706,23811,74893,1,270,2415,7779,18786285,0,-1,-1,419,1,
core_C763,31510,86422,1,0,7111,2645,18808595,0,587,602,53,0,
core_C1008,15870,77423,1,180,7660,2530,19379800,0,-1,419,277,0,
core_C1000,56693,34844,0,270,2024,6373,12898952,0,440,-1,294,1,
core_C1461,18070,102498,0,0,6373,2024,12898952,0,103,274,636,0,
core_C1060,42456,126033,0,0,6217,2024,12583208,0,-1,-1,7,0,
core_C1104,17856,52302,0,180,6423,2024,13000152,0,-1,-1,482,1,
core_C363,65712,44480,0,180,4420,2944,13012480,0,367,529,495,1,
core_C550,67896,40436,0,180,6273,2024,12696552,0,-1,-1,532,0,
core_C965,65205,3565,1,0,8058,2530,20386740,0,-1,168,56,1,
core_C9,43815,88674,1,180,7859,2530,19883270,0,-1,542,491,0,
core_C1003,57870,78118,0,270,2852,4460,12719920,0,-1,200,164,0,
core_C1554,52440,12602,1,180,5608,3565,19992520,0,-1,-1,549,0,
core_C746,7733,84844,0,0,6327,2024,12805848,0,365,-1,354,1,
core_C870,61180,31832,0,90,2024,6494,13143856,0,-1,-1,292,1,
core_C626,31280,25095,0,270,2024,6493,13141832,0,218,383,414,1,
core_C1541,36010,83408,0,90,2024,6334,12820016,0,575,-1,204,1,
core_C1631,41223,98801,0,0,6334,2024,12820016,0,-1,-1,297,1,
core_C1362,18400,54198,1,0,8129,2530,20566370,0,-1,-1,458,0,
core_C88,41898,79668,0,270,2484,5303,13172652,0,176,-1,604,0,
core_C786,57870,92163,0,270,2024,6340,12832160,0,311,-1,647,0,
core_C1168,53914,67369,0,0,3675,3588,13185900,0,-1,-1,351,0,
core_C186,53914,60846,0,270,2024,6523,13202552,0,566,350,66,1,
core_C38,62405,18804,1,270,2645,8009,21183805,0,-1,-1,22,1,
core_C508,60621,126014,0,180,5325,2484,13227300,0,-1,-1,214,1,
core_C950,1380,86134,0,180,6353,2116,13442948,0,342,283,498,0,
core_C1166,14351,41254,0,180,6395,2116,13531820,0,-1,219,265,1,
core_C404,5060,37030,1,270,2185,6776,14805560,0,477,-1,471,1,
core_C539,22310,8181,1,90,4830,4940,23860200,0,-1,-1,315,0,
core_C1397,43523,96225,0,180,4040,2576,10407040,0,47,-1,373,0,
core_C1513,51890,98503,0,0,6019,1932,11628708,0,-1,31,75,0,
core_C633,61918,89554,0,0,6146,1932,11874072,0,-1,181,150,0,
core_C1604,1380,0,0,180,6327,1932,12223764,0,-1,184,141,1,
core_C1426,53405,34844,0,90,2208,5561,12278688,0,-1,-1,33,1,
core_C1338,11998,86868,0,90,2024,6177,12502248,0,415,251,278,1,
core_C263,9900,124889,0,0,6315,1932,12200580,0,-1,92,185,0,
core_C1324,14060,84844,0,270,2024,6376,12905024,0,90,-1,342,1,
core_C1572,36455,7880,1,180,7306,2760,20164560,0,-1,496,232,0,
core_C167,70132,42460,0,180,4534,2852,12930968,0,-1,-1,336,1,
core_C693,49866,66456,0,90,2024,6404,12961696,0,66,-1,605,1,
core_C1521,31510,30055,1,270,2760,7347,20277720,0,506,15,489,0,
core_C503,57155,124396,1,0,7826,2530,19799780,0,-1,-1,211,0,
core_C1626,1380,12770,0,180,6445,2024,13044680,0,-1,118,585,0,
core_C861,48852,49632,0,180,3648,3496,12753408,0,-1,552,245,0,
core_C354,43523,94017,0,180,5954,2208,13146432,0,-1,358,579,1,
core_C975,40388,22700,0,90,2116,6407,13557212,0,638,-1,162,1,
core_C1536,62686,17418,0,0,6531,2024,13218744,0,-1,555,413,0,
core_C1702,38410,95162,1,90,2530,8210,20771300,0,-1,390,114,0,
core_C622,20341,57532,0,0,4538,2944,13359872,0,-1,-1,380,1,
core_C1225,1380,113792,0,180,6484,2116,13720144,0,-1,577,131,0,
core_C1515,1380,82270,0,180,5974,1932,11541768,0,-1,498,613,0,
core_C1412,14166,56350,0,0,6175,1932,11930100,0,377,-1,65,0,
core_C115,43815,111789,1,0,7638,2530,19324140,0,-1,431,626,0,
core_C1062,69684,71154,0,90,2024,6130,12407120,0,175,-1,224,1,
core_C166,31280,31588,0,270,2852,4366,12451832,0,-1,-1,344,0,
core_C341,63942,59991,0,270,2024,6398,12949552,0,595,312,183,1,
core_C1077,20278,106546,0,90,3588,3609,12949092,0,-1,-1,119,1,
core_C196,31962,92830,0,180,5213,2484,12949092,0,282,393,88,0,
core_C1115,73528,112766,0,270,2024,6240,12629760,0,-1,286,24,1,
core_C643,53780,55834,1,0,5543,3565,19760795,0,-1,74,22,0,
core_C1538,62686,6950,0,90,2024,6420,12994080,0,-1,547,303,0,
core_C821,38410,103372,1,90,2530,8026,20305780,0,628,-1,376,0,
core_C852,41285,0,1,270,2530,7880,19936400,0,399,-1,497,1,
core_C545,52474,5183,0,270,2208,5930,13093440,0,-1,551,590,0,
core_C438,31962,95314,0,90,2944,4448,13094912,0,70,262,386,0,
core_C832,15870,100483,1,270,4370,4567,19957790,0,-1,441,100,0,
core_C1480,43815,61764,1,180,7888,2530,19956640,0,-1,648,620,0,
core_C1477,51917,68484,1,0,8096,2530,20482880,0,313,30,409,0,
core_C109,57803,2645,1,90,2530,8122,20548660,0,99,-1,524,1,
core_C941,65205,17943,1,180,8141,2530,20596730,0,-1,404,261,0,
core_C962,43815,0,1,0,8135,2645,21517075,0,461,229,391,1,
core_C630,65205,113945,1,0,7974,2645,21091230,0,-1,80,203,0,
core_C1529,69034,0,0,90,2116,6541,13840756,0,-1,410,317,1,
core_C801,19993,48448,1,0,6760,3220,21767200,0,-1,-1,275,0,
core_C881,26166,94168,0,270,1748,5794,10127912,0,583,624,494,1,
core_C807,65205,20473,1,0,7691,2530,19458230,0,-1,619,398,0,
core_C1601,43996,68572,0,270,2024,6174,12496176,0,145,316,412,1,
core_C552,22118,95884,0,270,2024,6187,12522488,0,494,-1,173,1,
core_C1238,1380,57060,0,180,6386,2024,12925264,0,-1,273,633,0,
core_C1120,54625,119911,1,270,2530,7813,19766890,0,211,-1,285,0,
core_C612,51917,65954,1,180,7839,2530,19832670,0,-1,396,208,0,
core_C382,69034,6541,0,0,6471,2024,13097304,0,-1,268,401,0,
core_C269,35328,38708,0,180,6326,2024,12803824,0,254,-1,201,0,
core_C1534,41972,68572,0,90,2024,6500,13156000,0,405,437,604,1,
core_C143,62686,15394,0,0,6513,2024,13182312,0,-1,375,547,0,
core_C1202,29256,29497,0,270,2024,6521,13198504,0,344,517,558,1,
core_C790,14022,91220,0,90,2024,6528,13212672,0,478,553,363,1,
core_C1422,2530,51644,1,90,3105,6649,20645145,0,-1,202,471,0,
core_C911,34270,27855,1,0,8169,2530,20667570,0,-1,642,489,1,
core_C1318,36493,90301,0,0,6452,2116,13652432,0,423,-1,88,1,
core_C1098,15870,79953,1,180,7941,2645,21003945,0,329,459,331,0,
core_C1597,20277,31297,1,180,6544,3220,21071680,0,-1,-1,310,1,
core_C610,65205,23118,1,180,7992,2645,21138840,0,-1,197,619,0,
core_C104,36242,67468,0,90,2116,6556,13872496,0,-1,-1,128,1,
core_C1460,42945,85797,0,270,2300,6196,14250800,0,520,443,418,1,
core_C624,37835,32915,1,180,5846,3795,22185570,0,-1,-1,506,1,
core_C379,41231,100825,0,180,4460,1472,6565120,0,-1,-1,96,1,
core_C1522,47952,68572,0,90,1840,5746,10572640,0,605,608,145,1,
core_C478,21181,84844,0,0,5858,1840,10778720,0,565,-1,90,1,
core_C1341,62686,21466,0,180,5842,1932,11286744,0,-1,-1,555,0,
core_C6,9775,7074,1,270,2415,7456,18006240,0,281,32,477,1,
core_C377,31510,0,1,270,2415,7778,18783870,0,39,163,248,1,
core_C1339,43815,114319,1,180,7660,2530,19379800,0,-1,543,381,0,
core_C489,1380,105622,0,180,6147,2024,12441528,0,-1,611,61,0,
core_C1487,18515,59833,1,180,7694,2530,19465820,0,-1,528,260,0,
core_C920,27914,100906,0,0,3627,3496,12679992,0,-1,188,466,0,
core_C189,65205,100950,1,180,8038,2530,20336140,0,-1,121,252,0,
core_C956,65205,91750,1,0,8073,2530,20424690,0,-1,221,290,0,
core_C1164,41972,77184,0,0,5144,2484,12777696,0,79,-1,412,0,
core_C42,26714,15248,0,270,3588,3683,13214604,0,-1,196,102,0,
core_C1402,63942,74742,0,0,5291,2576,13629616,0,-1,469,312,0,
core_C1378,58717,40822,0,180,6579,2024,13315896,0,-1,-1,332,1,
core_C488,15870,105050,1,180,4649,4485,20850765,0,451,86,394,0,
core_C703,52900,45605,0,90,2024,6593,13344232,0,195,139,629,1,
core_C399,42945,91993,0,0,6615,2024,13388760,0,-1,-1,423,0,
core_C656,15890,104590,0,90,2024,6614,13386736,0,-1,-1,291,1,
core_C854,7970,73804,0,90,3588,3755,13472940,0,14,-1,140,1,
core_C768,1380,16726,0,180,4591,2944,13515904,0,646,467,118,0,
core_C125,43815,69354,1,180,7994,2645,21144130,0,492,537,475,0,
core_C281,65205,65898,1,0,8475,2645,22416375,0,-1,509,556,0,
core_C696,22370,89558,1,0,4510,4485,20227350,0,-1,-1,35,1,
core_C1483,29938,94219,0,90,1748,5740,10033520,0,-1,-1,456,0,
core_C865,20519,96343,1,180,6687,2185,14611095,0,-1,457,441,1,
core_C556,1380,8722,0,180,6396,2024,12945504,0,-1,585,500,0,
core_C1408,38078,79452,0,270,2852,4514,12873928,0,-1,-1,640,1,
core_C632,65205,43358,1,180,7929,2530,20060370,0,-1,518,503,0,
core_C1542,7245,85765,1,180,7118,2760,19645680,0,-1,11,212,0,
core_C836,29938,87696,0,90,2024,6523,13202552,0,222,450,583,1,
core_C872,20519,98528,1,180,6467,3105,20080035,0,-1,-1,451,0,
core_C361,18400,51668,1,0,8138,2530,20589140,0,-1,347,635,1,
core_C570,15870,82598,1,90,4370,4545,19861650,0,-1,519,419,0,
core_C233,23735,82672,1,270,3105,6375,19794375,0,-1,-1,519,1,
core_C675,51950,0,1,180,7944,2645,21011880,0,-1,-1,399,1,
core_C456,35595,126189,1,180,7483,2415,18071445,0,-1,-1,213,1,
core_C1703,57385,108044,1,90,2645,8375,22151875,0,225,-1,285,1,
core_C1216,66058,69038,0,180,6547,2116,13853452,0,639,-1,95,0,
core_C702,43815,119264,1,270,2530,8262,20902860,0,255,-1,543,0,
core_C1320,27914,94303,0,90,2024,6603,13364472,0,-1,434,583,0,
core_C392,1380,19670,0,0,6458,2116,13665128,0,-1,473,446,0,
core_C298,14023,66260,0,180,6344,2024,12840256,0,-1,-1,531,1,
core_C1428,63942,77318,0,180,6344,2024,12840256,0,564,-1,439,0,
core_C463,27174,23071,0,180,6497,2024,13149928,0,-1,-1,237,1,
core_C240,2530,43549,1,270,2530,8095,20480350,0,356,416,247,1,
core_C524,21336,86684,0,0,3637,3496,12714952,0,-1,-1,515,1,
core_C396,1380,21786,0,180,6440,2024,13034560,0,-1,535,467,0,
core_C62,43815,59142,1,180,8050,2530,20366500,0,-1,620,241,0,
core_C434,43815,66824,1,0,8032,2530,20320960,0,-1,447,648,0,
core_C1591,38916,20676,0,0,6254,2024,12658096,0,-1,-1,76,1,
core_C564,7245,37030,1,270,2530,8006,20255180,0,429,21,356,1,
core_C311,16046,94596,0,90,2024,6406,12965744,0,636,-1,415,1,
core_C391,65205,38298,1,0,7979,2530,20186870,0,-1,503,320,0,
core_C1537,25116,63052,0,270,3588,3593,12891684,0,-1,-1,236,0,
core_C1128,18515,69718,1,180,7732,2530,19561960,0,-1,161,528,0,
core_C1314,11739,47510,0,180,6117,2024,12380808,0,335,-1,62,1,
core_C1586,1380,45302,0,0,5757,1840,10592880,0,62,154,591,0,
core_C1608,67198,31648,0,90,2116,6856,14507296,0,129,-1,146,1,
core_C194,58331,57967,0,0,6633,2024,13425192,0,-1,191,567,1,
core_C67,65205,73925,1,0,8168,2530,20665040,0,-1,89,193,0,
core_C1510,61918,79342,0,0,6513,2024,13182312,0,-1,69,183,0,
core_C814,60542,66634,1,90,4485,4587,20572695,0,-1,235,30,1,
core_C874,31510,22600,1,270,2760,7455,20575800,0,417,369,526,0,
core_C735,65205,58193,1,180,7897,2530,19979410,0,-1,643,126,0,
core_C898,43815,85569,1,0,6421,3105,19937205,0,-1,339,63,0,
core_C1355,51809,108044,1,180,4512,4485,20236320,0,-1,-1,447,1,
core_C1073,3864,122624,0,270,1932,6325,12219900,0,598,-1,525,1,
core_C1675,24142,95884,0,270,2024,6364,12880736,0,403,-1,406,1,
core_C1567,59524,49411,0,180,6188,2024,12524512,0,336,582,637,0,
core_C687,36455,10640,1,180,4447,4370,19433390,0,-1,-1,366,0,
core_C754,38870,0,1,90,2415,7669,18520635,0,391,-1,232,1,
core_C805,1380,84202,0,0,6093,1932,11771676,0,-1,354,379,0,
core_C1474,62675,83221,1,270,2300,7501,17252300,0,-1,-1,56,0,
core_C722,1380,7250,0,0,4890,1472,7198080,0,-1,452,614,0,
core_C107,65205,86575,1,0,7950,2645,21027750,0,-1,290,581,0,
core_C40,15870,58356,1,90,2645,7949,21025105,0,260,632,11,1,
core_C859,65205,40828,1,0,8294,2530,20983820,0,-1,454,479,0,
core_C670,65205,33238,1,180,8186,2530,20710580,0,-1,320,46,0,
core_C1479,49792,72860,0,90,2024,6495,13145880,0,289,24,605,0,
core_C447,34270,32915,1,270,3565,5575,19874875,0,424,-1,369,1,
core_C1636,71333,92211,0,90,2668,4229,11282972,0,-1,-1,151,0,
core_C839,7872,26156,0,270,3220,3367,10841740,0,299,-1,68,1,
core_C1344,65205,68543,1,0,8421,2645,22273545,0,-1,616,448,0,
core_C1575,14720,32871,1,270,4485,4709,21119865,0,93,-1,310,0,
core_C1156,31510,75520,1,0,7935,2645,20988075,0,-1,606,15,0,
core_C835,44528,23466,0,90,2484,5179,12864636,0,-1,-1,638,1,
core_C1663,57500,42846,0,270,2024,6342,12836208,0,637,-1,195,1,
core_C1671,68514,79492,0,0,4466,2944,13147904,0,-1,149,560,1,
core_C595,16084,87328,0,0,5252,2484,13045968,0,472,50,90,0,
core_C1615,21735,42123,1,180,5533,3565,19725145,0,-1,-1,534,0,
core_C221,29256,36018,0,270,2852,4428,12628656,0,-1,-1,414,0,
core_C800,65205,45888,1,180,7901,2415,19080915,0,-1,77,454,0,
core_C54,15870,87143,1,180,7865,2415,18993975,0,460,35,459,0,
core_C798,45245,88438,0,180,3564,3404,12131856,0,-1,-1,423,1,
core_C314,43815,47380,1,0,7125,2645,18845625,0,641,536,144,0,
core_C1616,65205,9200,1,90,3105,6213,19291365,0,-1,261,168,0,
core_C986,3772,121152,0,180,4426,1472,6515072,0,84,-1,157,1,
core_C1325,52440,2645,1,180,5363,3450,18502350,0,397,549,26,1,
core_C851,1380,126278,0,90,2484,2587,6426108,0,493,-1,157,0,
core_C452,31510,20185,1,180,7293,2415,17612595,0,-1,489,530,0,
core_C1395,19780,20451,1,0,7577,2875,21783875,0,-1,-1,85,1,
core_C659,18515,62363,1,270,2875,7355,21145625,0,545,481,433,0,
core_C1336,65712,47424,0,0,4540,2944,13365760,0,-1,-1,336,0,
core_C31,31510,17655,1,180,7987,2530,20207110,0,-1,526,301,0,
core_C521,7831,66260,0,0,6192,2024,12532608,0,468,29,166,1,
core_C86,67896,38504,0,0,6342,1932,12252744,0,-1,337,634,1,
core_C751,40135,36710,1,270,2415,7646,18465090,0,-1,-1,15,1,
core_C1063,21735,34517,1,90,2300,7606,17493800,0,-1,516,93,1,
core_C150,1380,23810,0,180,6709,2116,14196244,0,651,68,473,0,
core_C823,43815,50025,1,0,5565,3680,20479200,0,-1,241,521,0,
core_C741,43815,71999,1,180,7879,2530,19933870,0,-1,233,447,0,
core_C1241,46097,17600,0,270,1932,5866,11333112,0,-1,-1,170,1,
core_C634,35328,34844,0,180,5947,1840,10942480,0,-1,201,6,0,
core_C389,46409,11200,0,270,2024,6161,12469864,0,23,-1,308,1,
core_C39,47015,63052,0,180,3491,3404,11883364,0,-1,-1,244,1,
core_C776,43815,91204,1,0,7907,2530,20004710,0,-1,264,339,0,
core_C1038,43815,116849,1,0,7410,2415,17895150,0,-1,465,431,0,
core_C1360,48852,40676,0,0,5265,2484,13078260,0,294,-1,19,1,
core_C1346,21390,62363,1,0,5393,3565,19226045,0,-1,-1,528,1,
core_C423,31506,79452,0,0,6335,1932,12239220,0,-1,640,3,1,
core_C280,62686,13370,0,180,6339,2024,12830136,0,-1,413,389,0,
core_C1669,65205,96005,1,0,8085,2530,20455050,0,-1,252,221,0,
core_C1330,52440,6095,1,270,3105,6507,20204235,0,-1,341,524,0,
core_C63,58092,69104,0,180,5285,2576,13614160,0,621,-1,296,1,
core_C1342,52474,11113,0,90,1932,6186,11951352,0,-1,34,392,0,
core_C1236,48852,53128,0,90,3404,3431,11679124,0,-1,-1,372,0,
core_C641,14022,101002,0,0,3588,3588,12873744,0,-1,-1,415,0,
core_C523,25513,119093,0,180,6386,2116,13512776,0,-1,-1,180,1,
core_C871,62686,19442,0,0,6614,2024,13386736,0,104,428,375,0,
core_C1410,65205,63253,1,0,8071,2645,21347795,0,242,448,643,0,
core_C1207,25116,35923,0,270,2944,4510,13277440,0,-1,19,568,0,
core_C1259,27232,29497,0,270,2024,6168,12484032,0,414,-1,568,1,
core_C353,73270,110664,1,270,2415,7777,18781455,0,-1,-1,203,1,
core_C909,61918,83390,0,180,6596,2024,13350304,0,514,572,69,0,
core_C1690,38621,87687,1,0,4733,3105,14695965,0,-1,-1,587,0,
core_C1337,43815,96264,1,180,7824,2530,19794720,0,-1,44,264,0,
core_C1617,9974,99057,0,90,2208,5979,13201632,0,-1,291,278,0,
core_C204,70286,77284,0,0,5706,2208,12598848,390816,-1,-1,469,1,
core_C312,27039,84844,0,0,4389,2852,12517428,0,-1,-1,427,1,
core_C136,55938,60846,0,270,1932,6350,12268200,0,164,-1,351,1,
core_C1535,52256,54314,0,0,6075,2024,12295800,0,485,109,17,1,
core_C219,25116,29497,0,90,2116,6426,13597416,0,558,557,0,1,
core_C390,65205,81860,1,0,7995,2645,21146775,0,-1,581,240,0,
core_C1465,1380,27950,0,0,6271,2024,12692504,0,-1,0,68,0,
core_C1262,19780,0,1,90,2530,8224,20806720,0,315,209,246,1,
core_C1121,61918,85414,0,0,6410,2116,13563560,0,-1,150,560,0,
core_C549,60333,3565,1,90,2760,7244,19993440,0,-1,-1,99,0,
core_C697,73456,66172,0,90,2024,6215,12579160,0,-1,-1,175,1,
core_C1674,38034,83966,0,270,2024,6335,12822040,0,578,-1,345,1,
core_C713,20948,46435,0,90,2300,5867,13494100,0,-1,-1,284,0,
core_C409,1380,115908,0,0,6248,2024,12645952,0,-1,67,378,0,
core_C437,40058,83966,0,270,1840,5994,11028960,0,604,-1,575,1,
core_C24,40671,94017,0,270,2852,4446,12679992,0,373,-1,282,1,
core_C766,72590,103480,1,270,2760,7184,19827840,0,-1,-1,121,1,
core_C1,65205,84505,1,0,6533,2070,13523310,0,-1,501,569,0,
core_C635,59524,51435,0,0,6164,2024,12475936,0,-1,54,495,0,
core_C771,27914,87696,0,270,2024,6607,13372568,0,456,466,403,1,
core_C1179,50450,0,0,90,2024,6251,12652024,0,590,588,16,1,
core_C1632,1380,10746,0,0,6554,2024,13265296,0,259,371,452,0,
core_C1657,17250,23326,1,0,6500,3105,20182500,0,-1,194,85,0,
core_C112,38621,83317,1,180,4469,4370,19529530,0,-1,561,330,1,
core_C127,50450,6251,0,90,2024,5356,10840544,0,-1,-1,584,0,
core_C793,43815,42320,1,0,7413,2415,17902395,0,-1,144,26,0,
core_C1507,52474,0,0,90,2484,5183,12874572,0,10,392,584,1,
core_C71,1380,43278,0,0,6517,2024,13190408,0,-1,483,116,0,
core_C1359,35294,77428,0,0,6586,2024,13330064,0,-1,-1,630,0,
core_C1036,1380,35660,0,90,92,74,6808,0,-1,25,612,0,
core_C1240,1380,102272,0,90,92,74,6808,0,-1,295,615,0,
core_C1628,65966,56765,0,90,92,74,6808,0,38,224,384,1,
core_C1061,1380,104094,0,90,92,74,6808,0,-1,617,295,0,
core_C473,1380,92206,0,90,92,74,6808,0,-1,607,91,0,
core_C1110,5796,122624,0,0,74,92,6808,0,137,-1,493,1,
core_C1147,9900,90456,0,180,74,92,6808,0,278,324,143,1,
core_C1200,1380,80190,0,270,92,74,6808,0,-1,36,280,0,
core_C1501,1380,70124,0,270,92,74,6808,0,-1,115,166,0,
core_C1650,31510,89067,1,90,115,92,10580,0,-1,-1,330,0,
core_C994,1380,78092,0,270,92,74,6808,0,-1,280,187,0,
core_C982,41898,68572,0,0,74,92,6808,0,412,348,578,1,
core_C946,49792,66456,0,180,74,92,6808,0,368,505,426,1,
core_C652,31510,78165,1,270,115,92,10580,0,-1,206,511,0,
core_C674,1380,92280,0,270,92,74,6808,0,-1,258,597,0,
core_C26,47952,74318,0,0,74,92,6808,0,-1,-1,426,0,
core_C743,1380,72038,0,270,92,74,6808,0,-1,328,115,0,
core_C843,1380,54962,0,270,92,74,6808,0,-1,633,41,0,
core_C819,1380,107646,0,270,92,74,6808,0,-1,172,432,0,
core_C806,1380,35586,0,90,92,74,6808,0,-1,593,622,0,
core_C1494,1380,82196,0,270,92,74,6808,0,-1,379,36,0,
core_C1434,1380,7176,0,270,92,74,6808,0,-1,500,57,0,
core_C1416,1380,102198,0,90,92,74,6808,0,-1,594,627,0,
core_C169,65205,71188,1,270,115,92,10580,0,-1,193,509,0,
core_C267,1380,104168,0,270,92,74,6808,0,-1,61,596,0,
core_C93,7894,122624,0,0,74,92,6808,0,143,-1,137,1,
core_C297,65205,23003,1,180,92,115,10580,0,-1,421,404,0,
core_C1281,43815,61672,1,270,115,92,10580,0,-1,395,474,0,
core_C1277,63377,62567,0,180,74,92,6808,0,-1,-1,550,1,
core_C140,1380,35494,0,0,74,92,6808,0,-1,612,0,0,
core_C1253,24248,5520,0,180,74,92,6808,0,105,-1,12,1,
core_C1316,26166,106949,0,180,6625,2024,13409000,0,-1,72,403,0,
core_C878,23209,112065,1,270,2530,7920,20037600,0,-1,-1,230,1,
core_C1014,43815,109374,1,0,7914,2415,19112310,0,-1,381,101,0,
core_C307,1380,100174,0,180,6318,2024,12787632,0,-1,615,107,0,
core_C241,40940,95162,1,90,2530,8174,20680220,0,-1,-1,390,1,
core_C1545,50876,43160,0,90,2024,6222,12593328,0,442,-1,245,1,
core_C381,35294,74024,0,0,3582,3404,12193128,0,125,592,14,1,
core_C87,7245,125555,1,0,8126,2530,20558780,0,302,-1,11,0,
core_C50,15870,66305,1,270,2530,7906,20002180,0,-1,277,502,0,
core_C385,1380,55036,0,180,6553,2024,13263272,0,159,407,610,0,
core_C249,65688,38798,0,270,2208,5682,12545856,0,532,-1,644,1,
core_C97,15870,50468,1,90,2530,7888,19956640,0,458,-1,21,1,
core_C619,18070,94596,0,270,2024,6352,12856448,0,173,333,478,1,
core_C747,59524,42846,0,270,2024,6560,13277440,0,269,495,513,1,
core_C223,42504,22700,0,270,2024,6624,13406976,0,512,-1,374,1,
core_C1440,72605,61792,0,90,2852,4380,12491760,0,-1,-1,464,1,
core_C1305,31506,81384,0,180,6572,2024,13301728,0,453,-1,546,0,
core_C783,50940,47380,1,90,2530,8082,20447460,0,243,-1,521,1,
core_C407,34270,30385,1,0,7662,2530,19384860,0,-1,-1,417,0,
core_C846,65205,60723,1,0,8054,2530,20376620,0,-1,556,490,0,
core_C926,63664,42846,0,270,2024,6565,13287560,0,634,-1,269,1,
core_C1593,21917,92296,0,180,3624,3588,13002912,0,152,-1,78,1,
core_C575,5971,16726,0,180,4666,2944,13736704,0,190,-1,446,1,
core_C588,57870,87630,0,270,2944,4533,13345152,0,-1,349,200,0,
core_C848,43815,64294,1,0,8102,2530,20498060,0,208,475,395,0,
core_C1209,72169,14971,0,90,2024,6576,13309824,0,-1,-1,59,0,
core_C1245,35328,13592,0,180,5931,2208,13095648,0,-1,156,272,0,
core_C1040,8089,19670,0,270,2024,6486,13127664,0,-1,-1,535,1,
Wirelength: 6.3441e+09
layer(tree) info:
layer: 0 ,width: 75992 ,height: 129142 ,area: 9813758864 ,blocks_area: 7808765788, filling_rate: 0.795696, utilizatio_rate: 0.797442
layer: 1 ,width: 75806 ,height: 128834 ,area: 9766390204 ,blocks_area: 6923240695, filling_rate: 0.708884, utilizatio_rate: 0.707011
random seed: 20
alpha: 0
gamma: 1
best wirelength: 6.3441e+09
initial_num_perturbs: 19560
iter: 0
best_iter: 0
best_cost: 0.123021
reject_time: 0
accept_inferior_time: 0
update_best_time: 838
adjustLegalOutline_fail_times: 0
outline_adjust_time: 262.752
initial_wirelength: 1.18359e+10
initial_average_wirelength: 9.62111e+10
1.18359e+10,initial_iter: 19560
initial_time: 378.933
total time cost: 601.081
