name,x,y,layer,rotated_angle,width,height,area,exceed_outline_area,left,right,parent,is_from_left,
macro_C2790,66,0,1,270,33,142,4686,0,-1,-1,3,1,
macro_C2791,0,0,1,270,33,308,10164,0,3,4,-1,0,
macro_C2792,3894,8927,0,0,384,33,12672,0,-1,-1,9,0,
macro_C2793,33,0,1,270,33,90,2970,0,0,-1,1,1,
macro_C2794,0,308,1,270,33,142,4686,0,5,-1,1,0,
macro_C2795,33,90,1,270,33,109,3597,0,-1,-1,4,1,
core_C0,0,11633,0,180,3908,2574,10059192,0,-1,-1,13,0,
core_C1,2013,0,0,270,1881,5804,10917324,0,8,11,13,1,
core_C4,3894,0,0,270,1848,5660,10459680,0,-1,9,7,1,
core_C7,3894,5660,0,180,3306,3267,10800702,0,-1,2,8,0,
core_C9,3795,8960,0,0,4014,2673,10729422,0,-1,-1,11,1,
core_C11,2013,5804,0,90,1782,5500,9801000,0,10,-1,7,0,
core_C12,0,0,0,90,2013,5174,10415262,0,-1,13,-1,0,
core_C13,0,5174,0,270,2013,5082,10230066,0,7,6,12,0,
Wirelength: 1.0141e+20
layer(tree) info:
layer: 0 ,width: 7809 ,height: 14207 ,area: 110942463 ,blocks_area: 83425320, filling_rate: 0.751969, utilizatio_rate: 0.190905
layer: 1 ,width: 99 ,height: 450 ,area: 44550 ,blocks_area: 26103, filling_rate: 0.585926, utilizatio_rate: 5.97323e-05
random seed: 7
alpha: 0
gamma: 1
best wirelength: 1.0141e+20
initial_num_perturbs: 420
iter: 0
best_iter: 0
best_cost: 0.646921
reject_time: 0
accept_inferior_time: 0
update_best_time: 0
adjustLegalOutline_fail_times: 0
outline_adjust_time: 0
initial_wirelength: 5.93114e+20
initial_average_wirelength: 5.47919e+20
6.23817e+20,initial_iter: 420
initial_time: 0.039
total time cost: 0.475
