name,x,y,layer,rotated_angle,width,height,area,exceed_outline_area,left,right,parent,is_from_left,
macro_C8466,14102,32841,1,180,9072,8160,74027520,0,-1,-1,10,0,
macro_C8467,24569,33972,0,270,5709,6369,36360621,0,26,-1,48,0,
macro_C16429,7854,8580,0,0,5676,7524,42706224,0,31,72,7,1,
macro_C16430,15923,34624,0,270,7524,5676,42706224,0,-1,-1,117,0,
macro_C32011,33878,18528,1,270,6144,12288,75497472,0,-1,-1,100,1,
macro_C32012,0,0,0,0,8613,4290,36949770,0,-1,16,-1,0,
macro_C39784,24250,10752,1,90,11232,7776,87340032,0,-1,76,15,0,
macro_C39785,0,20262,0,90,7854,5445,42765030,0,2,56,106,0,
macro_C55552,0,9999,0,90,7854,5412,42505848,0,-1,102,69,0,
macro_C55553,0,11232,1,180,7728,11232,86800896,0,32,13,33,0,
macro_C63404,14102,21609,1,180,7728,11232,86800896,0,54,0,107,1,
macro_C63405,7854,20635,0,270,7854,5412,42505848,0,93,-1,72,0,
macro_C71293,0,32774,0,180,5412,7854,42505848,0,-1,-1,70,0,
macro_C71294,0,30140,1,270,11232,7728,86800896,0,-1,-1,9,0,
macro_C86866,28793,11814,0,270,5709,6369,36360621,0,20,78,97,1,
macro_C86867,24250,0,1,180,8112,10752,87220224,0,-1,6,17,1,
macro_C86868,0,4290,0,180,8613,4290,36949770,0,29,69,5,0,
macro_C86869,16474,7776,1,180,7776,11232,87340032,0,15,-1,62,1,
macro_C86870,18959,0,0,90,7854,5412,42505848,0,30,74,99,1,
macro_C94576,33875,28116,0,180,6369,5709,36360621,0,-1,-1,27,1,
macro_C94577,34502,7854,0,180,5676,7524,42706224,0,-1,-1,14,1,
macro_C94578,22952,7524,0,180,8613,4290,36949770,0,-1,110,77,1,
macro_C94579,32489,0,0,180,5445,7854,42765030,0,-1,-1,30,1,
macro_C94580,33644,20262,0,0,5412,7854,42505848,0,-1,-1,84,1,
macro_C102137,31670,30816,1,270,8160,9072,74027520,0,-1,-1,86,0,
macro_C102138,6089,34877,0,90,7524,5676,42706224,0,-1,-1,67,0,
macro_C102139,30278,33885,0,180,8613,4290,36949770,0,-1,-1,1,1,
macro_C102140,26021,28440,0,90,7854,5445,42765030,0,19,-1,45,0,
macro_C102141,23942,27947,1,180,7728,11232,86800896,0,100,-1,54,1,
macro_C109812,8613,0,0,90,5709,6369,36360621,0,95,92,16,1,
macro_C109813,26813,0,0,180,5676,7524,42706224,0,22,-1,18,1,
macro_C109814,13530,6369,0,90,4290,8613,36949770,0,-1,41,2,1,
macro_C109815,7728,0,1,270,11232,7776,87340032,0,-1,58,9,1,
macro_C109816,0,0,1,180,7728,11232,86800896,0,-1,9,-1,0,
core_C1,17507,24757,0,180,4507,1485,6692895,0,-1,112,99,0,
core_C3,28378,18528,1,270,2112,6491,13708992,0,-1,-1,53,1,
core_C4,7508,28852,0,0,4120,1584,6526080,0,-1,104,122,0,
core_C5,36247,15378,0,270,1881,3867,7273827,0,42,-1,115,1,
core_C6,24569,18983,0,0,4117,1584,6521328,0,-1,98,49,0,
core_C7,18959,14676,0,90,1452,4513,6552876,0,77,96,65,0,
core_C11,4604,28281,0,270,1485,4493,6672105,0,67,-1,87,1,
core_C13,13530,14982,0,0,2555,2508,6407940,0,-1,91,31,0,
core_C14,38128,15378,0,270,1452,4374,6351048,0,-1,-1,37,1,
core_C15,13250,26047,0,90,1254,3858,4837932,0,47,-1,57,1,
core_C16,21589,30639,0,0,2549,2541,6477009,0,-1,-1,118,1,
core_C18,26021,24824,0,90,1749,3616,6324384,0,-1,27,55,0,
core_C19,23075,25226,0,270,1353,4133,5591949,0,-1,-1,94,1,
core_C22,14504,26047,0,90,1419,4407,6253533,0,80,-1,43,1,
core_C23,24569,29536,0,90,1452,4436,6441072,0,-1,1,63,0,
core_C24,24569,15402,0,270,1782,3581,6381342,0,83,38,101,0,
core_C26,0,17028,0,180,4378,1452,6356856,0,-1,106,102,0,
core_C28,30278,18183,0,270,1419,4308,6113052,0,90,61,111,1,
core_C30,20477,10113,0,90,1980,3028,5995440,0,-1,-1,65,1,
core_C31,26362,18528,1,90,2016,6296,12692736,0,35,-1,76,1,
core_C32,21830,19008,1,90,2112,6360,13432320,0,28,109,10,1,
core_C33,26021,20567,0,270,1419,4257,6040683,0,97,45,98,1,
core_C34,0,25707,0,180,4596,1518,6976728,0,-1,70,7,0,
core_C35,11831,29952,0,90,1419,4442,6303198,0,43,-1,114,1,
core_C36,7728,7776,1,90,1920,6011,11541120,0,-1,108,32,0,
core_C37,7728,20144,1,270,2112,3228,6817536,0,119,107,108,0,
core_C38,7728,27500,1,180,5437,2640,14353680,0,-1,-1,89,0,
core_C41,30278,23227,0,0,3177,2079,6604983,0,-1,-1,51,0,
core_C42,11904,12312,1,0,4570,2976,13600320,0,17,121,119,1,
core_C43,24569,25079,0,90,1452,4457,6471564,0,-1,48,98,0,
core_C45,20411,17237,0,90,1815,3659,6641085,0,-1,-1,77,0,
core_C47,18959,10113,0,90,1518,4563,6926634,0,52,39,66,0,
core_C48,18959,6996,0,90,2046,3117,6377382,0,-1,65,74,0,
core_C49,6089,25707,0,90,1419,4440,6300360,0,79,25,40,1,
core_C50,2046,27225,0,0,3201,1056,3380256,0,-1,87,70,1,
core_C51,0,8580,0,180,4445,1419,6307455,0,-1,8,16,0,
core_C54,0,27225,0,90,2046,3097,6336462,0,68,12,56,0,
core_C55,11939,26047,0,90,1254,3905,4896870,0,-1,-1,122,1,
core_C56,7854,16104,0,270,1452,4402,6391704,0,-1,11,2,0,
core_C57,18959,22975,0,180,3667,1782,6534594,0,-1,-1,96,0,
core_C58,18959,5412,0,180,4110,1584,6510240,0,-1,66,18,0,
core_C59,22952,16682,0,90,1419,4269,6057711,0,-1,103,110,0,
core_C60,24250,18528,1,270,2112,6468,13660416,0,53,120,6,0,
core_C61,20411,14676,0,270,2541,2561,6507501,0,21,64,39,1,
core_C62,28793,18183,0,90,1452,4402,6391704,0,-1,111,14,0,
core_C64,7508,26047,0,180,3602,1386,4992372,0,-1,122,67,1,
core_C65,15923,24009,0,270,1584,4016,6361344,0,99,123,47,1,
core_C66,3576,18480,0,180,4118,1584,6522912,0,-1,-1,106,1,
core_C67,9792,7776,1,270,3024,4536,13716864,0,-1,-1,108,1,
core_C68,26351,11814,0,270,2112,3183,6722496,0,-1,-1,49,1,
core_C72,31697,20262,0,270,1947,2965,5772855,0,23,-1,90,0,
core_C74,8960,30436,0,90,1452,4366,6339432,0,114,-1,104,1,
core_C75,31670,23055,1,90,1872,5703,10676016,0,-1,24,100,0,
core_C77,2046,28281,0,0,2558,2508,6415464,0,40,-1,68,0,
core_C78,14016,15288,1,90,2064,6321,13046544,0,-1,-1,121,1,
core_C79,7728,25436,1,180,6325,2064,13054800,0,-1,60,107,0,
core_C80,31697,18183,0,0,3164,2079,6577956,0,115,84,51,1,
core_C81,13530,17490,0,90,2046,3145,6434670,0,-1,-1,41,0,
core_C82,8613,6369,0,0,4092,1584,6481728,0,-1,-1,29,0,
core_C83,15708,17490,0,180,3151,2046,6446946,0,-1,105,11,1,
core_C84,21623,26242,0,90,1452,4397,6384444,0,46,-1,113,1,
core_C85,14322,0,0,90,1485,4569,6784965,0,-1,-1,29,1,
core_C86,18959,20896,0,0,3169,2079,6588351,0,-1,73,39,0,
core_C87,27440,20567,0,270,1353,4160,5628480,0,14,-1,55,1,
core_C88,24569,20567,0,90,1452,4512,6551424,0,55,63,38,0,
core_C89,17507,19536,0,270,1452,4357,6326364,0,18,34,80,1,
core_C90,31670,18528,1,270,2208,4527,9995616,0,4,86,28,1,
core_C91,24569,11814,0,270,1782,3588,6393816,0,-1,49,110,1,
core_C92,0,15411,0,180,4058,1617,6561786,0,-1,50,8,0,
core_C93,22952,20951,0,90,1419,4275,6066225,0,-1,-1,75,0,
core_C94,7508,30436,0,90,1452,4387,6369924,0,85,-1,36,0,
core_C96,15708,19536,0,90,1485,4473,6642405,0,-1,-1,93,0,
core_C98,0,18480,0,0,3576,1782,6372432,0,81,7,50,0,
core_C101,7728,23372,1,180,6374,2064,13155936,0,10,89,59,0,
core_C102,7728,13787,1,90,2064,6357,13120848,0,82,59,58,0,
core_C104,21830,25368,1,270,2064,6474,13362336,0,-1,-1,54,0,
core_C107,22952,11814,0,90,1617,4868,7871556,0,101,75,21,0,
core_C108,28793,22585,0,90,1485,4467,6633495,0,51,-1,78,0,
core_C109,17507,26242,0,0,4038,1584,6396192,0,-1,113,34,0,
core_C110,17507,27826,0,0,4116,1584,6519744,0,94,-1,112,0,
core_C111,10412,30436,0,90,1419,4441,6301779,0,57,-1,85,1,
core_C112,34861,15378,0,90,1386,4213,5839218,0,37,-1,90,1,
core_C113,17969,32611,0,0,3072,2013,6183936,0,-1,-1,118,0,
core_C114,15923,30862,0,90,2046,3117,6377382,0,118,3,123,0,
core_C116,17969,30862,0,0,3620,1749,6331380,0,44,116,117,1,
core_C117,9840,12312,1,270,2064,6440,13292160,0,62,-1,59,1,
core_C118,24250,25019,1,180,4454,2928,13041312,0,-1,-1,76,0,
core_C119,11904,15288,1,90,2112,6373,13459776,0,88,-1,62,0,
core_C120,7508,27433,0,180,4431,1419,6287589,0,71,36,79,0,
core_C121,15923,29410,0,180,4446,1452,6455592,0,-1,117,80,0,
Wirelength: 1.08518e+08
layer(tree) info:
layer: 0 ,width: 40244 ,height: 40628 ,area: 1635033232 ,blocks_area: 1333211220, filling_rate: 0.815403, utilizatio_rate: 0.797401
layer: 1 ,width: 40022 ,height: 41001 ,area: 1640942022 ,blocks_area: 1246526640, filling_rate: 0.759641, utilizatio_rate: 0.745555
random seed: 22
alpha: 0
gamma: 1
best wirelength: 1.08518e+08
initial_num_perturbs: 15376
iter: 0
best_iter: 0
best_cost: 0.224166
reject_time: 0
accept_inferior_time: 0
update_best_time: 0
adjustLegalOutline_fail_times: 0
outline_adjust_time: 4.573
initial_wirelength: 6.54108e+08
initial_average_wirelength: 2.91796e+09
6.54108e+08,initial_iter: 15376
initial_time: 15.392
total time cost: 100.191
