name,x,y,layer,rotated_angle,width,height,area,exceed_outline_area,left,right,parent,is_from_left,
macro_C415824,35604,74378,0,0,5520,23736,131022720,0,154,638,224,1,
macro_C393731,276,34644,1,0,8625,37030,319383750,0,-1,432,141,0,
macro_C396425,53084,84548,0,0,5520,23736,131022720,0,-1,-1,456,0,
macro_C399323,25300,49507,0,0,5520,23736,131022720,0,409,525,649,0,
macro_C401933,55108,53015,0,0,5520,23736,131022720,0,16,77,456,1,
macro_C404827,7912,85712,0,0,5520,23736,131022720,0,164,502,512,1,
macro_C407516,276,91967,1,0,8625,37030,319383750,0,114,-1,354,0,
macro_C410398,5888,37376,0,0,5520,23736,131022720,0,93,11,301,0,
macro_C413082,18086,104022,0,0,5520,23736,131022720,0,235,-1,572,0,
macro_C40987,92,62812,0,0,5520,23736,131022720,0,-1,20,489,0,
macro_C418718,68246,103465,0,0,5520,23736,131022720,0,-1,-1,395,0,
macro_C421703,5888,61112,0,0,5520,23736,131022720,0,344,512,7,0,
macro_C424481,28014,0,1,0,8625,37030,319383750,0,486,609,317,1,
macro_C427156,14053,91280,1,0,8625,37030,319383750,0,187,-1,148,0,
macro_C429952,52486,5750,1,0,8625,37030,319383750,0,-1,617,184,1,
macro_C432667,19320,42665,1,0,8625,37030,319383750,0,-1,549,273,1,
macro_C38059,60628,52244,0,0,5520,23736,131022720,0,-1,-1,4,1,
macro_C78506,28106,37030,1,0,8625,37030,319383750,0,423,341,609,1,
macro_C390724,33344,45674,0,0,5520,23736,131022720,0,29,288,596,1,
macro_C43597,70227,6446,0,0,5520,23736,131022720,0,-1,-1,472,1,
macro_C46411,92,86548,0,0,5520,23736,131022720,0,-1,105,9,0,
macro_C48981,66774,30182,0,0,5520,23736,131022720,0,243,205,546,1,
macro_C51791,17158,5635,1,0,8625,37030,319383750,0,-1,605,254,1,
macro_C54384,92,4600,0,0,5520,23736,131022720,0,-1,136,420,0,
macro_C57054,29440,92751,0,0,5520,23736,131022720,0,-1,434,509,0,
macro_C62277,49220,23759,0,0,5520,23736,131022720,0,103,493,117,1,
macro_C65066,45724,0,0,0,5520,23736,131022720,0,102,232,158,1,
macro_C67838,19412,18043,0,0,5520,23736,131022720,0,646,198,318,0,
macro_C70493,59064,76751,0,0,5520,23736,131022720,0,-1,255,49,1,
macro_C73067,38864,40392,0,0,5520,23736,131022720,0,-1,644,18,1,
macro_C75793,92,30544,0,0,5520,23736,131022720,0,-1,424,136,0,
macro_C59667,5888,2024,0,0,5520,23736,131022720,0,63,227,430,1,
core_C930,24308,0,0,180,5960,2208,13159680,0,40,-1,295,1,
core_C1124,66820,2530,1,0,7396,2875,21263500,0,-1,-1,465,1,
core_C1270,45724,80971,0,90,2944,4612,13577728,0,240,287,41,0,
core_C1382,25300,105492,1,180,7313,2760,20183880,0,-1,416,594,0,
core_C1112,45724,65320,0,90,1932,6165,11910780,0,583,360,146,0,
core_C126,42849,100517,0,90,2852,4319,12317788,0,-1,-1,267,1,
core_C1684,92,0,0,0,6440,2024,13034560,0,-1,420,607,1,
core_C1556,9489,30936,0,90,2024,6440,13034560,0,526,-1,479,1,
core_C599,30268,0,0,0,5673,2208,12525984,0,464,-1,32,1,
core_C919,45724,76449,0,90,2944,4522,13312768,0,-1,34,360,0,
core_C1502,57063,77844,1,0,8114,2530,20528420,0,266,402,372,0,
core_C356,35023,21777,0,90,2024,6233,12615592,0,137,-1,332,0,
core_C1322,3386,30964,1,180,5545,3680,20405600,0,-1,-1,141,1,
core_C1329,14053,83155,1,90,3680,5595,20589600,0,-1,148,615,0,
core_C1044,62954,22255,1,180,7386,2875,21234750,0,-1,212,614,1,
core_C318,48461,90301,1,90,2415,7590,18329850,0,476,-1,508,0,
core_C1681,25300,116992,1,90,3565,5676,20234940,0,-1,-1,50,0,
core_C1652,57132,76751,0,90,1932,6234,12044088,0,28,-1,77,1,
core_C667,25300,113772,1,0,6832,3220,21999040,0,-1,48,548,0,
core_C285,58995,88769,1,0,6487,3220,20888140,0,-1,297,192,0,
core_C15,59823,70882,1,0,7945,2530,20100850,0,390,200,372,1,
core_C925,33115,43190,0,0,5229,2484,12988836,0,-1,-1,412,0,
core_C1409,11408,65084,0,180,3672,3496,12837312,0,404,319,135,0,
core_C562,13445,34532,0,90,2024,6083,12311992,0,-1,309,365,0,
core_C168,58995,103125,1,180,6994,2760,19303440,0,-1,588,592,0,
core_C458,39054,106514,1,0,7240,2875,20815000,0,-1,622,601,1,
core_C1109,11408,17191,0,90,2300,5940,13662000,0,-1,524,188,0,
core_C943,34545,117317,0,90,2852,4546,12965192,0,-1,-1,434,1,
core_C1583,66125,79852,1,0,4577,4485,20527845,0,-1,573,566,1,
core_C100,46736,82936,1,90,1725,5758,9932550,0,508,134,619,1,
core_C1141,39472,61785,1,0,6581,3220,21190820,0,-1,-1,340,1,
core_C879,11408,0,0,270,2944,4486,13206784,0,498,98,31,1,
core_C355,54763,70623,1,90,2300,7427,17082100,0,372,-1,144,0,
core_C387,48668,96827,0,270,2852,4411,12580172,0,-1,185,246,0,
core_C647,11502,114416,0,0,5887,2208,12998496,0,-1,-1,147,1,
core_C439,73485,5405,1,90,1840,5637,10372080,0,-1,-1,68,1,
core_C721,70955,22255,1,90,2530,8124,20553720,0,67,260,632,1,
core_C239,72018,86915,0,180,3678,3588,13196664,0,-1,124,513,0,
core_C1333,41538,117315,1,270,3220,6447,20759340,0,-1,-1,612,0,
core_C266,40066,10445,1,90,2760,7013,19355880,0,278,-1,423,1,
core_C951,46552,55487,1,180,5713,3680,21023840,0,-1,590,78,0,
core_C406,72018,70213,0,270,2760,4203,11600280,0,-1,645,624,0,
core_C259,48668,81512,0,90,2944,4459,13127296,0,-1,182,112,0,
core_C522,13616,122875,0,0,4470,2944,13159680,0,572,-1,380,0,
core_C1618,19412,87104,0,0,5320,2484,13214880,0,-1,280,530,0,
core_C875,55108,76751,0,90,2024,6116,12378784,0,49,-1,4,0,
core_C841,46552,51807,1,180,5703,3680,20987040,0,-1,72,535,0,
core_C1299,21771,93990,0,0,4378,2852,12486056,0,-1,528,572,1,
core_C44,43407,106860,0,90,2024,6396,12945504,0,-1,-1,393,1,
core_C1017,28106,101122,1,180,4540,4370,19839800,0,-1,-1,403,0,
core_C1331,27324,103357,0,90,2024,6288,12726912,0,-1,91,165,0,
core_C98,27324,90598,0,90,2024,6481,13117544,0,-1,165,401,0,
core_C330,27324,73243,0,0,5778,2300,13289400,0,276,483,525,1,
core_C358,66643,58393,1,90,2760,6992,19297920,0,-1,-1,308,1,
core_C210,60619,6530,0,0,6603,2024,13364472,0,-1,-1,438,0,
core_C996,9338,11247,1,90,2415,7264,17542560,0,219,-1,186,0,
core_C780,4761,77884,1,90,3565,5669,20209985,0,-1,258,167,1,
core_C1441,41138,28673,0,0,4434,2852,12645768,0,-1,-1,223,1,
core_C576,46736,105251,1,0,7175,2760,19803000,0,536,-1,116,0,
core_C1456,27324,109645,0,90,2116,5537,11716292,0,350,475,82,0,
core_C309,48668,118793,0,0,5305,2484,13177620,0,304,-1,177,0,
core_C57,11408,53768,0,90,2208,5969,13179552,0,237,-1,7,1,
core_C1493,46755,18628,1,90,2300,7329,16856700,0,-1,179,284,1,
core_C1295,25167,44355,0,0,5216,2576,13436416,0,-1,-1,166,1,
core_C1113,46552,32477,1,90,3680,5717,21038560,0,323,277,603,1,
core_C1022,276,79360,1,180,4467,4370,19520790,0,-1,167,432,0,
core_C34,11408,4486,0,90,2024,6166,12479984,0,-1,188,63,0,
core_C1287,62954,31915,1,180,6393,3105,19850265,0,-1,349,565,0,
core_C729,11408,83780,0,180,5882,1932,11364024,0,-1,-1,582,0,
core_C1070,39928,117992,0,90,1932,6052,11692464,0,236,-1,303,1,
core_C820,51244,0,0,270,2944,4434,13053696,0,334,585,26,1,
core_C1151,54740,20169,0,90,3588,3674,13182312,0,374,533,25,1,
core_C1685,11513,49168,0,0,5763,2300,13254900,0,-1,222,322,0,
core_C929,92,110284,0,90,1932,6194,11966808,0,463,262,20,0,
core_C1114,41027,5856,0,90,2024,6606,13370544,0,-1,324,126,1,
core_C1484,52578,65131,1,90,2185,6765,14781525,0,453,152,462,0,
core_C1084,41354,0,1,270,2760,6995,19306200,0,-1,-1,451,1,
core_C1197,40277,51609,1,90,2530,7640,19329200,0,-1,-1,244,0,
core_C1135,68246,83156,0,90,2392,5042,12060464,0,-1,174,209,0,
core_C934,62806,100487,0,0,3758,3588,13483704,0,366,-1,226,1,
core_C845,48668,77924,0,180,3607,3588,12941916,0,-1,74,557,0,
core_C206,72294,36447,0,90,2024,6251,12652024,0,-1,449,243,0,
core_C33,8901,90490,1,90,3565,5569,19853485,0,-1,176,6,1,
core_C302,66125,100657,1,90,2300,6911,15895300,0,632,563,286,0,
core_C589,46736,102376,1,180,7189,2875,20668375,0,145,90,134,0,
core_C158,47196,48287,0,90,2024,6108,12362592,0,25,275,425,1,
core_C414,15548,116624,0,90,1932,6251,12076932,0,149,-1,380,1,
core_C1116,48208,121277,0,180,5663,2208,12503904,0,-1,-1,470,1,
core_C1033,36685,116958,1,90,3105,6311,19595655,0,-1,-1,606,0,
core_C1170,7912,118004,0,90,1840,5903,10861520,0,428,-1,147,0,
core_C376,59936,39119,0,180,5701,2208,12587808,0,-1,487,444,1,
core_C1265,30643,28010,0,180,5922,2208,13075776,0,-1,291,639,0,
core_C613,72018,90503,0,90,3312,3457,11449584,0,-1,353,69,0,
core_C459,31244,2208,0,90,2024,6552,13261248,0,302,208,252,1,
core_C238,39095,9893,0,90,1932,6329,12227628,0,106,-1,635,1,
core_C506,54188,17225,0,0,4553,2944,13404032,0,474,-1,584,0,
core_C46,92,6103,1,90,3220,6685,21525700,0,-1,454,357,0,
core_C1232,71047,97949,1,90,2415,7814,18870810,0,-1,-1,478,0,
core_C187,29440,81155,0,0,3812,3680,14028160,0,596,509,350,0,
core_C450,70955,74672,1,180,4510,4370,19708700,0,-1,618,501,0,
core_C494,43152,26103,1,90,2530,7841,19837730,0,-1,414,376,1,
core_C915,70730,56402,0,90,2208,5759,12715872,0,-1,-1,367,1,
core_C1043,46736,97891,1,180,4550,4485,20406750,0,-1,116,61,0,
core_C449,11408,62876,0,0,5772,2208,12744576,0,-1,54,344,0,
core_C10,92,28336,0,180,5790,2208,12784320,0,-1,30,23,0,
core_C178,37047,23607,0,90,2944,4471,13162624,0,383,-1,43,1,
core_C1045,37628,98217,0,0,5916,2300,13606800,0,204,267,638,1,
core_C1298,32798,112875,1,90,3680,5788,21299840,0,-1,418,279,0,
core_C1488,53084,50439,0,0,5178,2576,13338528,0,386,517,156,0,
core_C1587,276,30964,1,180,3110,3105,9656550,0,44,1,545,0,
core_C1285,57669,44915,0,180,6499,2116,13751884,0,373,-1,156,1,
core_C1313,71047,83527,1,0,4426,4255,18832630,0,-1,555,150,0,
core_C1249,54763,67748,1,180,7681,2875,22082875,0,-1,64,453,0,
core_C1067,53925,97526,1,270,2760,6908,19066080,0,-1,-1,116,1,
core_C922,45724,63296,0,180,6194,2024,12536656,0,-1,36,604,0,
core_C1050,7912,114416,0,0,3590,3588,12880920,0,66,121,564,0,
core_C306,14053,88750,1,0,7801,2530,19736530,0,-1,13,45,0,
core_C228,17480,0,0,180,3622,3496,12662512,0,295,436,118,1,
core_C28,71047,79042,1,180,4531,4485,20321535,0,-1,143,593,1,
core_C326,27048,19790,0,90,2484,5267,13083228,0,-1,-1,646,1,
core_C443,52578,78050,1,90,4485,4566,20478510,0,-1,506,107,0,
core_C156,27324,123019,0,180,6326,2024,12803824,0,338,-1,648,0,
core_C1159,41124,72224,0,90,1748,5559,9717132,0,261,333,0,1,
core_C446,27521,8004,0,270,2944,4556,13412864,0,-1,-1,396,1,
core_C1155,53084,47495,0,0,4585,2944,13498240,0,142,140,305,1,
core_C1548,11684,121316,0,90,1932,6347,12262404,0,380,-1,364,1,
core_C1326,43792,116060,0,90,1932,6221,12018972,0,26,-1,236,1,
core_C740,68588,0,0,90,2208,5598,12360384,0,183,-1,366,1,
core_C27,70955,65932,1,180,4447,4255,18921985,0,-1,501,531,0,
core_C133,63480,91989,1,90,2645,8342,22064590,0,-1,-1,592,1,
core_C350,56212,0,0,180,4407,2852,12568764,0,438,631,334,1,
core_C616,2806,74779,1,0,6504,3105,20194920,0,-1,-1,437,0,
core_C1605,13432,85712,0,270,2944,4426,13030144,0,-1,300,5,1,
core_C254,27324,97079,0,90,2024,6278,12706672,0,-1,82,83,0,
core_C574,21528,48916,0,180,3639,3588,13056732,0,95,339,225,0,
core_C191,276,83730,1,270,4485,4557,20438145,0,88,354,97,0,
core_C1019,52486,91661,1,0,6470,3105,20089350,0,-1,-1,608,0,
core_C244,57332,42780,1,180,5621,3680,20685280,0,457,-1,448,1,
core_C591,9246,77999,1,90,2875,7388,21240500,0,-1,-1,597,0,
core_C200,73122,51585,0,90,2024,6579,13315896,0,-1,625,343,1,
core_C972,21528,59496,0,180,3731,3588,13386828,0,-1,238,495,0,
core_C74,45724,112653,0,90,2024,6614,13386736,0,-1,455,433,0,
core_C1261,68246,88198,0,180,3767,3588,13515996,0,-1,514,110,0,
core_C978,36777,100994,1,90,2185,6989,15270965,0,-1,450,485,0,
core_C627,8901,96059,1,180,4438,4370,19394060,0,-1,399,114,0,
core_C748,48668,116309,0,180,5027,2484,12487068,0,-1,92,377,0,
core_C373,41645,0,0,90,2208,5856,12930048,0,-1,-1,560,1,
core_C1009,46755,25957,1,90,3105,6520,20244600,0,-1,-1,94,0,
core_C108,47311,4678,1,90,2530,7805,19746650,0,-1,-1,278,1,
core_C380,52368,110584,0,90,2208,5725,12640800,0,214,-1,557,1,
core_C555,48668,85971,0,90,3496,3680,12865280,0,-1,637,74,0,
core_C1030,70796,0,0,90,2024,6316,12783584,0,515,-1,159,1,
core_C1455,50761,77337,1,90,1725,5291,9126975,0,14,-1,508,1,
core_C537,48668,101238,0,180,3660,3588,13132080,0,-1,263,65,0,
core_C1284,9338,7567,1,180,5591,3680,20574880,0,311,87,268,0,
core_C1089,22678,86262,1,90,2530,8160,20644800,0,-1,-1,13,1,
core_C1356,11408,10652,0,90,2024,6539,13234936,0,556,58,98,0,
core_C476,58328,28512,0,0,5280,2576,13601280,0,-1,429,271,0,
core_C1688,33268,9893,0,90,2576,5153,13274128,0,-1,635,302,0,
core_C959,35264,30218,0,180,5772,2300,13275600,0,-1,-1,291,1,
core_C1037,58995,85549,1,0,6502,3220,20936440,0,-1,51,600,1,
core_C289,14053,32958,1,90,2645,8118,21472110,0,-1,-1,578,1,
core_C1691,52682,108284,0,0,5835,2300,13420500,0,-1,-1,240,1,
core_C753,59064,109703,0,0,3752,3588,13462176,0,554,213,282,0,
core_C1140,52578,56441,1,90,3795,5700,21631500,0,616,462,527,0,
core_C431,59064,115407,0,90,1932,6329,12227628,0,620,347,213,0,
core_C153,19412,41779,0,90,2116,6859,14513644,0,421,231,27,0,
core_C954,36731,38327,1,90,2415,7840,18933600,0,-1,-1,371,0,
core_C654,59823,73412,1,180,7108,2760,19618080,0,-1,-1,52,0,
core_C422,26779,36027,0,270,2024,6221,12591304,0,-1,-1,388,0,
core_C649,66774,56402,0,90,1472,4449,6548928,0,-1,523,205,0,
core_C1185,41027,15038,0,90,3588,3637,13049556,0,-1,-1,324,0,
core_C1450,43544,92469,0,90,2024,6476,13107424,0,-1,-1,138,1,
core_C1250,66774,53918,0,0,5283,2484,13122972,0,-1,202,21,0,
core_C1288,27324,77567,0,90,2024,6490,13135760,0,-1,401,483,0,
core_C1076,68655,114154,1,90,2300,7543,17348900,0,307,-1,563,1,
core_C1698,31244,8760,0,90,2024,6583,13323992,0,-1,-1,125,0,
core_C1620,68246,77137,0,90,1840,5912,10878080,0,359,110,505,0,
core_C1303,66125,122294,1,270,4485,4669,20940465,0,-1,-1,563,0,
core_C183,46552,108011,1,90,2645,7935,20988075,0,552,-1,599,0,
core_C888,62954,25130,1,0,6560,3220,21123200,0,-1,565,46,0,
core_C1321,59064,113291,0,0,6576,2116,13914816,0,-1,197,195,0,
core_C583,54576,110584,0,270,2760,4270,11785200,0,-1,-1,181,1,
core_C1059,42577,74868,1,90,2415,7771,18766965,0,-1,-1,587,1,
core_C313,46644,66412,1,180,5572,3565,19864180,0,-1,351,410,0,
core_C129,52486,42872,1,90,4830,5059,24434970,0,-1,608,617,0,
core_C106,45724,29416,0,90,2024,6353,12858472,0,-1,233,232,0,
core_C952,11753,11247,1,90,2645,8026,21228770,0,-1,407,87,1,
core_C1142,19412,60270,0,90,2116,6439,13624924,0,-1,530,281,0,
core_C1085,34868,94916,1,90,1725,5838,10070550,0,443,-1,435,0,
core_C1369,11513,51468,0,0,5781,2300,13296300,0,-1,-1,104,0,
core_C905,39298,32518,0,90,1840,5850,10764000,0,89,-1,522,1,
core_C284,33580,86160,0,90,2024,6591,13340184,0,0,-1,358,0,
core_C1306,21528,44355,0,90,2944,4561,13427584,0,-1,166,421,0,
core_C1391,59064,104091,0,0,3742,3588,13426296,0,111,282,255,0,
core_C1086,5888,25760,0,180,4594,2944,13524736,0,256,479,31,0,
core_C22,38057,3721,0,270,2668,4240,11312320,0,-1,-1,560,0,
core_C1566,68246,61608,0,90,1932,6023,11636436,0,343,406,367,0,
core_C789,36731,17122,1,90,2415,7339,17723685,0,-1,507,423,0,
core_C368,19412,48638,0,90,1748,5392,9425216,0,-1,281,198,0,
core_C700,45724,23736,0,90,2116,5680,12018880,0,-1,218,26,0,
core_C141,45724,35769,0,90,2024,6120,12386880,0,-1,385,218,0,
core_C1068,38962,100994,1,180,7016,2760,19364160,0,-1,591,450,1,
core_C173,23606,99418,0,180,3555,3496,12428280,0,-1,-1,8,1,
core_C138,41860,117992,0,90,1932,6299,12169668,0,158,-1,101,1,
core_C664,13616,53768,0,0,3591,3496,12554136,0,-1,251,93,1,
core_C470,21528,63084,0,180,3603,3496,12596088,0,-1,270,172,0,
core_C1097,66125,89945,1,90,3105,6342,19691910,0,-1,286,573,0,
core_C1134,48668,70380,0,0,4014,3956,15879384,0,194,557,34,1,
core_C1418,70955,55192,1,90,3105,6370,19778850,0,-1,531,315,0,
core_C222,14053,70447,1,90,3105,6370,19778850,0,-1,254,499,1,
core_C1041,72294,30182,0,90,2024,6265,12680360,0,-1,113,21,1,
core_C1606,40277,45211,1,90,3105,6398,19865790,0,534,109,628,0,
core_C66,58328,22745,0,270,3588,3651,13099788,0,-1,271,374,0,
core_C1398,48668,93239,0,180,3675,3588,13185900,0,-1,65,637,0,
core_C992,54740,39628,0,90,2024,6607,13372568,0,369,-1,444,0,
core_C505,29263,25057,0,90,1380,4476,6176880,0,639,496,388,1,
core_C1294,39991,22171,0,90,2116,6502,13758232,0,-1,-1,383,0,
core_C916,40047,67535,1,90,2875,7333,21082375,0,-1,587,469,1,
core_C176,13616,57264,0,0,3412,3404,11614448,0,-1,-1,237,0,
core_C342,29128,2208,0,90,2116,5422,11472952,0,125,-1,643,1,
core_C586,53084,59254,0,90,2024,6108,12362592,0,-1,285,517,0,
core_C271,14053,76817,1,90,3105,6246,19393830,0,22,615,242,0,
core_C327,59064,100487,0,90,3588,3604,12931152,0,-1,226,28,0,
core_C1293,10482,28084,0,180,4423,2852,12614396,0,-1,-1,227,1,
core_C1081,62954,48309,1,180,4517,4370,19739290,0,348,-1,272,0,
core_C1361,4761,83553,1,90,4485,4522,20281170,0,597,-1,88,0,
core_C840,33580,71894,0,0,5240,2484,13016160,0,-1,331,310,1,
core_C1374,70955,30379,1,180,4547,4370,19870390,0,-1,467,68,0,
core_C953,42872,72224,0,90,2208,5921,13073568,0,-1,-1,154,1,
core_C849,92,120194,0,180,5808,2208,12824064,0,627,550,105,0,
core_C1532,48668,104826,0,180,3676,3496,12851296,0,-1,377,185,0,
core_C1328,60260,33940,0,90,2484,5179,12864636,0,468,-1,408,0,
core_C1319,61070,115407,0,180,5292,2576,13632192,0,-1,426,620,1,
core_C1527,65177,76172,1,180,5663,3680,20839840,0,-1,-1,42,1,
core_C838,37628,100517,0,0,5221,2576,13449296,0,37,442,138,0,
core_C317,9338,2875,1,270,4485,4692,21043620,0,368,186,597,1,
core_C778,24932,25057,0,270,2300,5879,13521700,0,-1,-1,646,0,
core_C329,21528,66580,0,0,3772,3588,13533936,0,-1,335,238,0,
core_C76,58328,26396,0,0,6866,2116,14528456,0,-1,189,245,0,
core_C1463,62954,42287,1,90,3795,6022,22853490,0,558,257,349,0,
core_C520,17250,42665,1,90,2070,6630,13724100,0,15,-1,605,1,
core_C214,13616,78076,0,180,3541,3496,12379336,0,-1,-1,529,0,
core_C1052,47196,54395,0,90,2024,6145,12437480,0,283,647,117,0,
core_C1524,33102,37210,0,0,3597,3496,12575112,0,337,-1,84,1,
core_C1004,46552,38194,1,90,2530,7770,19658100,0,-1,535,96,0,
core_C5,42826,10445,1,270,4485,4503,20195955,0,180,471,71,1,
core_C442,32798,106370,1,90,3105,6505,20198025,0,-1,139,417,0,
core_C250,19412,89942,0,0,6390,2024,12933360,0,-1,491,76,0,
core_C1246,19412,54030,0,90,2024,6240,12629760,0,-1,220,231,0,
core_C885,59064,107679,0,180,6249,2024,12647976,0,-1,195,226,0,
core_C1694,49220,57408,0,0,3625,3588,13006500,0,-1,-1,275,1,
core_C921,40277,22998,1,0,6478,3105,20114190,0,94,397,327,1,
core_C1656,53084,65362,0,90,2024,6441,13036584,0,-1,329,253,0,
core_C12,66125,96287,1,180,4548,4370,19874760,0,-1,115,239,0,
core_C164,45724,85583,0,270,2024,6447,13048728,0,-1,650,34,0,
core_C205,33344,69410,0,0,5294,2484,13150296,0,-1,-1,18,0,
core_C290,11753,50161,1,90,2530,7934,20073020,0,-1,398,415,0,
core_C132,17480,12891,0,0,5982,2208,13208256,0,-1,539,490,0,
core_C715,30643,30218,0,0,4621,2944,13604224,0,191,-1,123,0,
core_C1296,11753,41076,1,0,4643,4600,21357800,0,-1,415,578,0,
core_C1649,52298,2875,1,0,7251,2875,20846625,0,465,-1,571,1,
core_C1517,53015,112297,1,90,3220,6502,20936440,0,-1,-1,375,1,
core_C1082,21102,0,0,180,3206,3128,10028368,0,32,-1,149,1,
core_C730,44632,0,1,90,4485,4678,20980830,0,-1,-1,521,1,
core_C275,58995,91989,1,90,3220,6516,20981520,0,-1,592,51,0,
core_C1559,3542,6103,1,90,2530,8294,20983820,0,-1,-1,543,1,
core_C567,38900,124942,0,180,6364,2116,13466224,0,-1,-1,338,1,
core_C557,13432,90138,0,180,3753,3588,13465764,0,-1,-1,164,0,
core_C1383,5888,32292,0,270,3036,4712,14305632,0,-1,7,479,0,
core_C515,33268,7961,0,180,6016,1932,11622912,0,-1,190,125,1,
core_C397,37628,117992,0,90,2300,6950,15985000,0,101,-1,541,0,
core_C604,53973,116309,0,180,4984,2392,11921728,0,-1,504,92,1,
core_C736,51152,47495,0,90,1932,6318,12206376,0,156,-1,493,1,
core_C1498,21528,73756,0,180,3594,3496,12564624,0,-1,325,335,0,
core_C816,70955,114154,1,90,4485,4514,20245290,0,-1,-1,207,1,
core_C873,63078,60719,1,90,3565,5678,20242070,0,85,480,336,0,
core_C609,13445,40615,0,90,2208,5885,12994080,0,-1,-1,55,0,
core_C1423,31556,84835,0,90,2024,6264,12678336,0,259,-1,509,1,
core_C782,14929,3105,1,0,8047,2530,20358910,0,-1,-1,186,1,
core_C21,58318,46460,1,0,4544,4485,20379840,0,614,482,527,1,
core_C507,46644,77337,1,90,3680,5599,20604320,0,-1,619,571,0,
core_C1157,37875,17254,0,90,2024,6353,12858472,0,-1,-1,332,1,
core_C1096,70955,48526,1,90,3105,6666,20697930,0,-1,241,516,0,
core_C724,30383,88589,1,90,4485,4619,20716215,0,-1,626,651,0,
core_C352,25484,79695,1,90,2530,8189,20718170,0,12,-1,623,1,
core_C1136,19412,15099,0,0,4521,2944,13309824,0,396,27,630,1,
core_C491,11408,71236,0,0,5800,2300,13340000,0,-1,382,54,0,
core_C1377,61295,105885,1,180,4654,4485,20873190,0,-1,361,588,1,
core_C435,56212,6544,0,90,2116,6633,14035428,0,-1,389,631,0,
core_C1291,11513,46500,0,0,5545,2668,14794060,0,-1,104,526,0,
core_C1012,50232,0,1,180,5528,1840,10171520,0,446,-1,96,1,
core_C918,41027,12462,0,180,4002,2576,10309152,0,-1,203,106,0,
core_C1705,21528,77252,0,90,1840,6010,11058400,0,362,-1,306,0,
core_C1102,39238,109389,1,90,2300,7569,17408700,0,612,-1,610,1,
core_C792,36942,46167,1,90,3335,5326,17762210,0,284,328,510,1,
core_C1153,36942,51493,1,90,2415,7762,18745230,0,-1,540,327,0,
core_C1706,53084,71803,0,90,1932,6222,12020904,0,-1,456,285,0,
core_C763,2024,113964,0,90,1932,6230,12036360,0,430,-1,463,0,
core_C1008,33580,74378,0,90,2024,6126,12399024,0,-1,358,259,0,
core_C1000,35023,17254,0,270,2852,4523,12899596,0,314,43,639,1,
core_C1461,41124,78145,0,90,2484,5192,12896928,0,-1,567,154,0,
core_C1060,54188,0,0,90,2024,6217,12583208,0,162,584,102,1,
core_C1104,21528,70168,0,180,3623,3588,12999324,0,-1,306,270,0,
core_C363,63078,52679,1,90,2530,8040,20341200,0,576,308,439,1,
core_C550,36699,38368,0,0,6273,2024,12696552,0,562,-1,276,1,
core_C965,33650,125359,0,0,5250,2484,13041000,0,299,-1,153,1,
core_C9,21528,52504,0,180,3639,3496,12721944,0,-1,495,166,0,
core_C1003,36942,61785,1,90,2530,7860,19885800,0,62,345,540,0,
core_C1554,28106,74060,1,0,7903,2530,19994590,0,-1,403,17,0,
core_C746,37628,114036,0,0,6327,2024,12805848,0,-1,541,466,0,
core_C870,70178,62161,0,90,2944,4464,13142016,0,171,-1,229,1,
core_C626,11408,60668,0,0,5952,2208,13142016,0,-1,135,11,1,
core_C1541,36942,69645,1,90,2760,7260,20037600,0,427,469,340,0,
core_C1631,25100,83608,0,90,2024,6334,12820016,0,-1,-1,542,1,
core_C1362,59064,123729,0,180,3667,3588,13157196,0,-1,-1,197,0,
core_C88,67471,42721,1,90,2530,8137,20586610,0,-1,-1,257,1,
core_C786,62954,35020,1,90,2760,7267,20056920,0,-1,272,99,0,
core_C1168,29440,77567,0,0,3675,3588,13185900,0,412,130,91,1,
core_C186,46644,69977,1,0,5606,3680,20630080,0,-1,571,216,0,
core_C38,4002,0,1,0,7368,2875,21183000,0,-1,-1,357,1,
core_C508,72018,93960,0,90,2944,4493,13227392,0,-1,-1,124,0,
core_C950,276,88287,1,180,5710,3680,21012800,0,551,6,167,0,
core_C1166,22080,79695,1,90,3220,6567,21145740,0,594,-1,549,1,
core_C404,30820,37210,0,90,1748,5419,9472412,0,-1,-1,409,0,
core_C539,92,0,1,270,3910,6103,23862730,0,352,128,611,1,
core_C1397,33580,80504,0,270,1840,5656,10407040,0,-1,224,331,0,
core_C1513,70086,77137,0,90,1932,6019,11628708,0,624,-1,209,1,
core_C633,45724,71485,0,270,2392,4964,11873888,0,-1,41,36,0,
core_C1604,61295,110370,1,90,2415,7909,19100235,0,566,-1,320,0,
core_C1426,23368,77252,0,90,1932,6356,12279792,0,649,-1,325,1,
core_C1338,41124,86189,0,90,2024,6177,12502248,0,459,570,567,0,
core_C263,9752,121316,0,90,1932,6315,12200580,0,157,-1,428,0,
core_C1324,13445,30936,0,90,3588,3596,12902448,0,-1,55,526,1,
core_C1572,66564,19289,0,90,2024,6375,12903000,0,159,-1,111,1,
core_C167,68246,56402,0,90,2484,5206,12931704,0,133,229,523,1,
core_C693,13823,0,1,0,6523,3105,20253915,0,-1,-1,268,1,
core_C1521,56764,39628,0,90,2484,5223,12973932,0,-1,-1,247,1,
core_C503,47656,67896,0,0,5100,2484,12668400,0,-1,-1,583,0,
core_C1626,36731,31760,1,90,3105,6567,20390535,0,-1,199,507,0,
core_C861,57063,70623,1,90,2760,7221,19929960,0,52,42,64,1,
core_C354,64168,41327,0,90,2024,6495,13145880,0,-1,-1,142,1,
core_C975,58328,20169,0,0,5263,2576,13557488,0,394,245,103,1,
core_C1536,49335,112297,1,270,3680,5614,20659520,0,294,-1,378,1,
core_C1702,40277,34225,1,90,2875,7225,20771875,0,132,628,397,0,
core_C622,48668,108322,0,90,2300,5809,13360700,0,-1,177,263,0,
core_C1225,46460,115946,1,90,2875,7458,21441750,0,375,-1,603,0,
core_C1515,40864,123762,1,180,7469,2415,18037635,0,-1,-1,418,1,
core_C1412,13616,116624,0,90,1932,6175,11930100,0,118,75,157,1,
core_C115,65615,14953,0,270,2852,4336,12366272,0,-1,-1,394,1,
core_C1062,11408,73536,0,90,2208,5619,12406752,0,529,582,319,0,
core_C166,39991,18675,0,180,3561,3496,12449256,0,-1,249,137,1,
core_C341,34868,85897,1,180,4512,4485,20236320,0,629,435,452,0,
core_C1077,45724,41889,0,90,2024,6398,12949552,0,-1,425,233,0,
core_C196,58262,47031,0,90,2484,5213,12949092,0,461,-1,140,1,
core_C1115,35604,111077,0,90,2024,6240,12629760,0,-1,-1,547,0,
core_C643,26779,30936,0,90,2484,5091,12646044,0,248,201,421,1,
core_C1538,56212,13177,0,0,6420,2024,12994080,0,-1,-1,321,0,
core_C821,67768,65385,1,90,2530,8026,20305780,0,-1,-1,52,1,
core_C852,63107,0,1,0,7880,2530,19936400,0,-1,-1,446,1,
core_C545,28496,15343,0,270,2944,4447,13091968,0,-1,-1,511,1,
core_C438,41383,106860,0,90,2024,6469,13093256,0,80,-1,445,1,
core_C832,63591,15107,0,90,2024,6311,12773464,0,381,-1,374,1,
core_C1480,68246,101257,0,180,5785,2208,12773280,0,-1,10,447,0,
core_C1477,23933,8004,0,90,3588,3653,13106964,0,155,511,318,1,
core_C109,40277,26103,1,90,2530,8122,20548660,0,-1,376,284,0,
core_C941,11753,58095,1,90,2760,7462,20595120,0,568,575,289,0,
core_C962,8901,100429,1,180,4677,4600,21514200,0,-1,577,176,0,
core_C630,72018,78004,0,90,2576,5239,13495664,0,-1,513,645,0,
core_C1529,27324,84057,0,90,2116,6541,13840756,0,-1,83,206,0,
core_C801,57063,80374,1,180,8230,2645,21768350,0,-1,640,42,0,
core_C881,28106,76590,1,90,2185,7244,15828140,0,574,81,341,0,
core_C807,15080,65084,0,90,2024,6152,12451648,0,-1,-1,54,1,
core_C1601,38864,68176,0,0,6174,2024,12496176,0,-1,634,586,0,
core_C552,68246,67631,0,270,2484,5041,12521844,0,-1,505,229,0,
core_C1238,11753,19273,1,0,4503,4485,20195955,0,-1,440,219,0,
core_C1120,60260,31088,0,180,4436,2852,12651472,0,-1,264,429,1,
core_C612,30820,35186,0,0,6270,2024,12690480,0,522,356,3,1,
core_C382,46644,62732,1,0,5562,3680,20468160,0,-1,216,599,1,
core_C269,276,25904,1,0,7907,2530,20004710,0,-1,545,602,1,
core_C1534,33115,40706,0,0,5296,2484,13155264,0,-1,53,350,1,
core_C143,58995,118293,1,0,6634,3105,20598570,0,-1,-1,588,0,
core_C1202,43152,33944,1,90,2760,7472,20622720,0,-1,613,132,0,
core_C790,11753,45676,1,0,4603,4485,20644455,0,-1,289,292,0,
core_C1422,25300,108252,1,0,7480,2760,20644800,0,-1,548,35,0,
core_C911,32798,100754,1,90,3680,5616,20666880,0,-1,279,581,0,
core_C1318,32798,123269,1,180,8066,2645,21334570,0,379,-1,139,0,
core_C1098,17480,93990,0,90,2116,6352,13440832,0,-1,-1,630,0,
core_C1597,92,2024,0,0,5235,2576,13485360,0,-1,23,38,0,
core_C610,21528,41779,0,0,5251,2576,13526576,0,388,225,198,1,
core_C104,62910,117983,0,90,3680,3770,13873600,0,472,519,426,1,
core_C1460,36731,10445,1,90,3335,6677,22267795,0,71,230,17,1,
core_C624,92,54280,0,0,5511,2576,14196336,0,-1,489,30,0,
core_C379,45724,48287,0,90,1472,4460,6565120,0,117,604,385,0,
core_C1522,61070,117983,0,90,1840,5746,10572640,0,422,-1,265,0,
core_C478,39702,65005,1,180,6657,2530,16842210,0,-1,-1,345,1,
core_C1341,9752,118004,0,180,3407,3312,11283984,0,-1,364,121,1,
core_C6,58328,31088,0,90,1932,5964,11522448,0,408,-1,189,0,
core_C377,3956,113964,0,90,1932,6221,12018972,0,31,-1,330,1,
core_C1339,72294,47237,0,90,2852,4348,12400496,0,-1,-1,449,0,
core_C489,276,71674,1,90,2530,7686,19445580,0,437,97,1,0,
core_C1487,45724,107638,0,90,2484,5015,12457260,0,-1,173,470,0,
core_C920,29440,116487,0,180,5105,2484,12680820,0,59,-1,24,0,
core_C189,34868,90382,1,270,4485,4534,20334990,0,-1,221,384,0,
core_C956,17480,3496,0,0,5262,2484,13070808,0,569,473,149,0,
core_C1164,2806,71674,1,0,6431,3105,19968255,0,-1,163,432,1,
core_C42,60619,0,0,270,2024,6530,13216720,0,-1,86,162,1,
core_C1402,56465,56441,1,0,6613,3220,21293860,0,336,-1,616,1,
core_C1378,11753,23758,1,180,4639,4485,20805915,0,-1,484,407,0,
core_C488,45724,124961,0,180,5181,2576,13346256,0,537,-1,455,0,
core_C703,37628,104836,0,0,6593,2024,13344232,0,-1,445,267,0,
core_C399,36593,94916,1,0,6496,3220,20917120,0,641,595,221,1,
core_C656,54740,37052,0,0,5196,2576,13384896,0,122,247,497,0,
core_C854,37628,106860,0,0,3755,3588,13472940,0,393,466,442,0,
core_C768,55760,0,1,0,7347,2875,21122625,0,391,-1,323,1,
core_C125,68246,95374,0,90,2300,5883,13530900,0,-1,395,514,0,
core_C281,52578,47931,1,0,4754,4715,22415110,0,169,527,608,1,
core_C696,72294,42698,0,90,2852,4539,12945228,0,-1,431,113,0,
core_C1483,36777,107983,1,90,2185,7177,15681745,0,234,-1,175,0,
core_C865,39169,0,1,90,2185,6687,14611095,0,108,521,486,1,
core_C556,34868,83367,1,180,7995,2530,20227350,0,-1,384,581,1,
core_C1408,54763,65218,1,0,7952,2530,20118560,0,-1,144,107,1,
core_C632,92,12788,1,90,2530,7929,20060370,0,-1,543,128,0,
core_C1542,45724,119267,0,90,2208,5694,12572352,0,-1,441,173,0,
core_C836,53084,78025,0,90,2024,6523,13202552,0,4,2,329,0,
core_C872,62953,5750,1,0,5632,3565,20078080,0,580,477,169,1,
core_C361,8901,111376,1,180,4590,4485,20586150,0,-1,-1,577,0,
core_C570,43148,86189,0,90,2024,6280,12710720,0,-1,-1,363,1,
core_C233,39146,18628,1,0,4530,4370,19796100,0,-1,-1,507,1,
core_C675,60746,47822,0,0,5220,2576,13446720,0,-1,-1,386,1,
core_C456,52578,62141,1,180,6044,2990,18071560,0,561,107,196,0,
core_C1703,2024,110284,0,180,3853,3680,14179040,0,-1,330,105,1,
core_C1216,35941,0,0,90,2116,6547,13853452,0,560,-1,40,1,
core_C702,59549,2875,1,0,7271,2875,20904125,0,33,-1,293,1,
core_C1320,37628,110448,0,0,3725,3588,13365300,0,-1,342,445,0,
core_C392,70955,34749,1,90,3220,6630,21348600,0,-1,516,260,0,
core_C298,62744,33940,0,90,2484,5169,12839796,0,-1,-1,264,1,
core_C1428,36942,76905,1,90,3105,6462,20064510,0,250,-1,345,0,
core_C463,45724,102344,0,90,2484,5294,13150296,0,119,433,538,0,
core_C240,42826,14948,1,180,5565,3680,20479200,0,-1,-1,278,0,
core_C524,66590,25664,0,0,3637,3496,12714952,0,19,-1,422,1,
core_C396,17480,5980,0,270,2944,4427,13033088,0,-1,490,436,0,
core_C62,58741,17225,0,180,4428,2944,13036032,0,633,-1,127,1,
core_C434,27324,118971,0,0,6426,2024,13006224,0,-1,648,91,0,
core_C1591,50876,94766,1,180,7166,2760,19778160,0,-1,-1,47,1,
core_C564,62953,19725,1,0,8006,2530,20255180,0,-1,-1,457,0,
core_C311,71047,92267,1,90,3565,5682,20256330,0,-1,129,555,0,
core_C391,5888,28704,0,0,3601,3588,12920388,0,39,301,227,0,
core_C1537,63078,66397,1,0,4491,4485,20142135,0,-1,-1,308,0,
core_C1128,12329,111564,0,180,5040,2484,12519360,0,-1,-1,564,1,
core_C1314,58318,50945,1,270,3565,5426,19343690,0,-1,-1,312,0,
core_C1586,27324,75543,0,180,5234,2024,10593616,0,-1,206,84,0,
core_C1608,11753,28243,1,0,4807,4715,22665005,0,-1,578,440,0,
core_C194,36777,98464,1,0,8292,2530,20978760,0,-1,175,606,1,
core_C67,36639,0,1,90,2530,8168,20665040,0,451,-1,12,1,
core_C1510,59936,41327,0,180,3674,3588,13182312,0,-1,-1,122,0,
core_C814,51244,17253,0,90,2024,6506,13168144,0,-1,-1,579,0,
core_C874,92,56856,0,90,3588,3670,13167960,0,589,9,424,0,
core_C735,17480,10407,0,180,5148,2484,12787632,0,643,290,473,0,
core_C898,19412,91966,0,0,6304,2024,12759296,0,-1,-1,280,0,
core_C1355,65193,8554,0,90,2024,6399,12951576,0,-1,-1,633,1,
core_C1073,49220,47495,0,90,1932,6325,12219900,0,305,503,25,0,
core_C1675,68585,13243,1,90,3105,6482,20126610,0,-1,-1,580,0,
core_C1567,21528,56000,0,180,3582,3496,12522672,0,-1,172,339,0,
core_C687,29263,33162,0,0,6145,2024,12437480,0,-1,-1,248,0,
core_C754,54740,33527,0,270,3404,3482,11852728,0,-1,444,520,0,
core_C805,14352,0,0,90,1932,6093,11771676,0,-1,-1,63,1,
core_C1474,11753,70447,1,90,2300,7501,17252300,0,242,-1,575,0,
core_C722,57063,85549,1,90,1840,6112,11246080,0,600,-1,640,0,
core_C107,70955,70187,1,0,4688,4485,21025680,0,-1,131,160,0,
core_C40,7912,109448,0,0,6360,2116,13457760,0,-1,564,5,0,
core_C859,49220,53820,0,0,3743,3588,13429884,0,-1,-1,493,0,
core_C670,53973,118701,0,0,4503,2944,13256832,0,-1,-1,304,0,
core_C1479,68246,72672,0,270,2944,4465,13144960,0,-1,209,406,0,
core_C447,52578,82616,1,90,2760,7201,19874760,0,-1,-1,152,0,
core_C1636,36731,24461,1,90,2415,7299,17627085,0,460,371,230,0,
core_C839,48461,82936,1,90,2300,7365,16939500,0,184,47,61,1,
core_C1344,29440,84835,0,90,2116,6738,14257608,0,310,24,130,0,
core_C1575,30383,79695,1,0,6559,3220,21119980,0,327,651,621,1,
core_C1156,23933,12560,0,0,4563,2944,13433472,0,392,-1,396,0,
core_C835,5888,84848,0,90,2024,6356,12864544,0,5,-1,11,0,
core_C1663,72018,83243,0,90,3496,3672,12837312,0,-1,69,400,0,
core_C1671,68246,91786,0,180,3664,3588,13146432,0,-1,447,174,0,
core_C595,72820,0,0,90,2024,6446,13046704,0,-1,-1,183,1,
core_C1615,70955,41379,1,90,2760,7147,19725720,0,-1,315,467,0,
core_C221,53084,53015,0,90,2024,6239,12627736,0,-1,253,140,0,
core_C800,14513,58176,1,90,2415,7901,19080915,0,-1,-1,568,0,
core_C54,62910,121753,0,90,1932,6294,12160008,0,546,-1,422,0,
core_C798,54740,29963,0,270,3404,3564,12131856,0,-1,497,533,0,
core_C314,39169,6995,1,180,5463,3450,18847350,0,296,-1,451,0,
core_C1616,37090,32518,0,90,2208,5592,12347136,0,223,-1,409,1,
core_C986,66774,60851,0,90,1472,4426,6515072,0,367,-1,202,0,
core_C1325,11408,23131,0,90,2392,4953,11847576,0,-1,-1,58,0,
core_C851,25300,73243,0,90,2024,3176,6428224,0,84,-1,3,0,
core_C452,11513,30936,0,90,1932,5836,11275152,0,365,322,39,1,
core_C1395,52578,52646,1,0,5740,3795,21783300,0,312,196,448,0,
core_C659,21771,96842,0,0,5255,2576,13536880,0,-1,-1,79,0,
core_C1336,13616,73536,0,90,2944,4540,13365760,0,-1,274,382,1,
core_C31,19412,66709,0,90,2024,6390,12933360,0,542,76,220,0,
core_C521,70955,61562,1,0,4480,4370,19577600,0,-1,160,241,0,
core_C86,41630,109389,1,90,2415,7926,19141290,0,559,-1,612,1,
core_C751,54740,23843,0,90,1932,6120,11823840,0,-1,520,103,0,
core_C1063,43382,45211,1,90,2300,7606,17493800,0,-1,-1,244,1,
core_C150,46552,45964,1,90,3795,5843,22174185,0,-1,78,277,0,
core_C823,53911,105251,1,90,4485,4566,20478510,0,-1,-1,90,1,
core_C741,50905,123485,0,180,4474,2852,12759848,0,-1,-1,441,1,
core_C1241,45724,96478,0,90,1932,5866,11333112,0,-1,470,650,0,
core_C634,17480,15099,0,90,1840,5947,10942480,0,-1,630,290,0,
core_C389,36942,59255,1,180,7700,2530,19481000,0,-1,340,328,0,
core_C39,37628,116060,0,180,6151,1932,11883732,0,-1,303,342,0,
core_C776,21436,83608,0,180,3664,3496,12809344,0,346,-1,530,1,
core_C1038,92,20717,1,270,3450,5187,17895150,0,298,598,454,0,
core_C1360,41910,85897,1,180,4554,4485,20424690,0,-1,-1,629,1,
core_C1346,276,28434,1,180,7599,2530,19225470,0,-1,141,411,0,
core_C423,64842,121753,0,90,1932,6335,12239220,0,21,-1,519,1,
core_C280,35604,104738,0,90,2024,6339,12830136,0,-1,387,638,0,
core_C1669,25300,111012,1,0,7411,2760,20454360,0,-1,50,416,0,
core_C1330,19320,79695,1,90,2760,7321,20205960,0,355,-1,15,0,
core_C63,92,122402,0,180,4624,2944,13613056,0,-1,-1,262,0,
core_C1342,5986,88075,1,0,7729,2415,18665535,0,-1,-1,354,1,
core_C1236,49197,108011,1,90,4255,4286,18236930,0,-1,-1,211,1,
core_C641,13432,12556,0,0,3588,3588,12873744,0,-1,-1,556,0,
core_C523,62816,109703,0,0,3766,3588,13512408,0,-1,-1,195,1,
core_C871,71047,87782,1,180,4660,4485,20900100,0,-1,478,143,0,
core_C1410,13432,6093,0,90,2116,6463,13675708,0,-1,553,188,1,
core_C1207,48668,74336,0,180,3700,3588,13275600,0,181,112,240,0,
core_C1259,66749,35020,1,90,2530,7701,19483530,0,-1,-1,272,1,
core_C353,44045,109389,1,90,2415,7777,18781455,0,603,-1,532,1,
core_C909,38057,0,0,270,3588,3721,13350948,0,178,228,464,1,
core_C1690,58622,59661,1,90,2645,5557,14698265,0,-1,-1,462,1,
core_C1337,42972,31525,0,90,2024,6266,12682384,0,-1,-1,337,1,
core_C1617,66125,114154,1,90,2530,8140,20594200,0,207,210,115,0,
core_C204,7912,111564,0,180,4417,2852,12597284,0,481,147,502,0,
core_C312,62954,28350,1,180,5479,3565,19532635,0,-1,99,212,0,
core_C136,63710,110370,1,90,2415,7923,19134045,0,60,-1,361,1,
core_C1535,41124,83337,0,180,4311,2852,12294972,0,-1,363,333,0,
core_C219,14513,50161,1,90,2645,8015,21199675,0,-1,518,398,1,
core_C390,22742,3128,0,0,5265,2576,13562640,0,-1,-1,436,1,
core_C1465,41124,92469,0,90,2208,5748,12691584,0,-1,-1,363,0,
core_C1262,46644,73657,1,0,5654,3680,20806720,0,293,313,351,0,
core_C1121,18086,100342,0,0,3685,3680,13560800,0,79,8,75,1,
core_C549,66125,84337,1,90,3565,5608,19992520,0,-1,239,60,0,
core_C697,30291,76590,1,0,6313,3105,19601865,0,-1,621,403,1,
core_C1674,11753,66077,1,180,4572,4370,19979640,0,-1,499,398,0,
core_C713,65608,52679,1,90,3680,5714,21027520,0,-1,-1,336,1,
core_C409,8901,105029,1,90,3105,6347,19707435,0,-1,458,399,0,
core_C437,11753,32958,1,90,2300,7473,17187900,0,193,292,484,0,
core_C24,51244,10988,0,90,2024,6265,12680360,0,-1,488,585,0,
core_C766,68585,5405,1,90,2530,7838,19830140,0,-1,494,457,1,
core_C1,32798,93208,1,90,2070,6533,13523310,0,452,417,626,1,
core_C635,11408,81572,0,0,5650,2208,12475200,0,-1,100,382,0,
core_C771,47656,65320,0,0,5191,2576,13372016,0,-1,370,36,1,
core_C1179,54188,15201,0,180,6251,2024,12652024,0,-1,127,334,0,
core_C1632,51244,4434,0,90,2024,6554,13265296,0,-1,579,102,0,
core_C1657,38864,66152,0,0,6404,2024,12961696,0,-1,405,644,0,
core_C112,40047,74868,1,90,2530,7719,19529070,0,215,-1,250,0,
core_C127,58995,105885,1,90,2300,7334,16868200,0,320,413,56,0,
core_C793,3680,56856,0,90,1932,5956,11506992,0,-1,-1,489,1,
core_C1507,46552,59167,1,0,5617,3565,20024605,0,-1,599,72,0,
core_C71,38962,103754,1,0,7433,2760,20515080,0,-1,601,234,0,
core_C1359,58995,98505,1,90,4485,4620,20720700,0,161,56,297,0,
core_C1036,70955,79157,1,180,92,115,10580,0,150,-1,618,0,
core_C1240,25300,79695,1,0,92,115,10580,0,623,35,355,1,
core_C1628,36593,98136,1,0,92,115,10580,0,606,-1,443,0,
core_C1061,33252,45674,0,270,92,74,6808,0,18,-1,130,1,
core_C473,9246,77884,1,0,92,115,10580,0,268,170,258,1,
core_C1110,92,25904,1,0,92,115,10580,0,602,-1,543,0,
core_C1147,46552,62732,1,0,92,115,10580,0,410,211,590,0,
core_C1200,58903,85549,1,0,92,115,10580,0,192,-1,500,1,
core_C1501,38962,106514,1,0,92,115,10580,0,57,-1,591,0,
core_C1650,184,25904,1,0,92,115,10580,0,411,-1,598,1,
core_C994,46460,90382,1,0,92,115,10580,0,96,378,559,1,
core_C982,45724,52747,0,180,74,92,6808,0,-1,146,425,0,
core_C946,17158,42665,1,0,92,115,10580,0,273,-1,22,0,
core_C652,36685,98136,1,0,92,115,10580,0,485,120,595,1,
core_C674,0,0,0,270,92,74,6808,0,38,-1,-1,0,
core_C26,52486,47931,1,0,92,115,10580,0,448,168,217,0,
core_C743,28014,37030,1,0,92,115,10580,0,17,-1,12,0,
core_C843,39146,109389,1,0,92,115,10580,0,326,-1,622,1,
core_C819,0,0,1,0,92,115,10580,0,357,-1,-1,0,
core_C806,41538,109389,1,0,92,115,10580,0,532,70,326,1,
core_C1494,43152,41416,1,180,92,115,10580,0,-1,-1,414,0,
core_C1434,62862,46460,1,180,92,115,10580,0,46,-1,312,1,
core_C1416,14053,83063,1,270,115,92,10580,0,-1,45,254,0,
core_C169,56373,56441,1,0,92,115,10580,0,439,-1,196,1,
core_C267,52486,42780,1,90,115,92,10580,0,-1,217,14,0,
core_C93,70955,79042,1,0,92,115,10580,0,-1,593,131,0,
core_C297,46644,82936,1,0,92,115,10580,0,61,-1,313,0,
core_C1281,60996,115407,0,0,74,92,6808,0,265,-1,197,1,
core_C1277,30291,79695,1,0,92,115,10580,0,510,-1,574,0,
core_C140,39054,109389,1,0,92,115,10580,0,610,-1,57,0,
core_C1253,25392,79695,1,0,92,115,10580,0,317,-1,594,1,
core_C1316,72018,66625,0,180,3737,3588,13408356,0,-1,73,359,1,
core_C878,73122,58164,0,90,2208,5843,12901344,0,-1,-1,171,0,
core_C1014,30383,93208,1,90,2415,7914,19112310,0,581,-1,316,0,
core_C307,5900,123907,0,180,3658,3496,12788368,0,-1,-1,262,1,
core_C241,40277,41531,1,180,5620,3680,20681600,0,-1,244,376,0,
core_C1545,39380,85897,1,90,2530,7728,19551840,0,544,-1,384,1,
core_C381,17480,21046,0,90,1932,6312,12194784,0,318,419,539,0,
core_C87,56212,2852,0,270,3588,3692,13246896,0,-1,321,162,0,
core_C50,68425,100657,1,90,2530,7906,20002180,0,68,636,115,1,
core_C385,63169,8554,0,90,2024,6553,13263272,0,492,-1,474,1,
core_C249,38864,70200,0,0,6198,2024,12544752,0,-1,-1,405,0,
core_C97,33268,15046,0,0,5827,2208,12866016,0,126,-1,190,0,
core_C619,68425,108563,1,270,3565,5591,19931915,0,-1,-1,632,0,
core_C747,48668,89651,0,0,3700,3588,13275600,0,-1,246,182,0,
core_C223,35604,98114,0,90,2024,6624,13406976,0,138,547,0,0,
core_C1440,30643,19790,0,0,4380,2852,12491760,0,332,123,248,1,
core_C1305,57063,83019,1,0,8146,2530,20609380,0,-1,500,402,0,
core_C783,43089,90382,1,90,2530,8082,20447460,0,-1,-1,443,1,
core_C407,33876,121863,0,180,3580,3496,12515680,0,-1,-1,648,1,
core_C846,22628,5980,0,0,6500,2024,13156000,0,252,-1,490,1,
core_C926,38864,64128,0,0,6565,2024,13287560,0,-1,586,29,0,
core_C1593,72018,74416,0,0,3624,3588,13002912,0,-1,400,73,0,
core_C575,24932,15504,0,90,2116,6492,13737072,0,151,269,27,1,
core_C588,47196,60996,0,180,5803,2300,13346900,0,-1,-1,275,0,
core_C848,27324,120995,0,0,6552,2024,13261248,0,642,153,475,0,
core_C1209,25300,46931,0,0,5167,2576,13310192,0,-1,3,362,1,
core_C1245,45724,92030,0,90,2944,4448,13094912,0,-1,538,287,0,
core_C1040,30383,82915,1,90,3565,5674,20227810,0,-1,316,510,0,
Wirelength: 5.46488e+09
layer(tree) info:
layer: 0 ,width: 75755 ,height: 128088 ,area: 9703306440 ,blocks_area: 7558934176, filling_rate: 0.779006, utilizatio_rate: 0.771929
layer: 1 ,width: 75707 ,height: 128997 ,area: 9765975879 ,blocks_area: 7313451335, filling_rate: 0.748871, utilizatio_rate: 0.74686
random seed: 8
alpha: 0
gamma: 1
best wirelength: 5.46488e+09
initial_num_perturbs: 19560
iter: 0
best_iter: 0
best_cost: 0.200302
reject_time: 0
accept_inferior_time: 0
update_best_time: 1483
adjustLegalOutline_fail_times: 0
outline_adjust_time: 158.919
initial_wirelength: 1.24538e+10
initial_average_wirelength: 6.21751e+10
1.24538e+10,initial_iter: 19560
initial_time: 256.488
total time cost: 601.059
