name,x,y,layer,rotated_angle,width,height,area,exceed_outline_area,left,right,parent,is_from_left,
macro_C8466,2537,17182,0,180,6369,5709,36360621,0,-1,104,98,0,
macro_C8467,10477,6144,1,0,9072,8160,74027520,0,73,-1,76,1,
macro_C16429,10328,30624,1,0,8112,10752,87220224,0,-1,-1,70,0,
macro_C16430,29619,21488,1,180,8112,10752,87220224,0,-1,14,39,0,
macro_C32011,2537,11143,0,0,8613,4290,36949770,0,44,98,51,1,
macro_C32012,14714,32535,0,0,8613,4290,36949770,0,-1,-1,29,0,
macro_C39784,22826,7935,0,90,7854,5445,42765030,0,-1,27,37,0,
macro_C39785,12872,14304,1,0,7776,11232,87340032,0,77,106,70,1,
macro_C55552,20648,29573,1,180,7728,11232,86800896,0,-1,-1,110,0,
macro_C55553,14972,8864,0,90,7854,5412,42505848,0,112,36,122,1,
macro_C63404,31640,13530,0,0,5412,7854,42505848,0,-1,33,13,0,
macro_C63405,11418,0,0,180,5412,7854,42505848,0,119,61,23,1,
macro_C71293,0,14304,1,90,11232,7728,86800896,0,-1,65,71,0,
macro_C71294,31640,5676,0,0,5412,7854,42505848,0,94,10,20,0,
macro_C86866,29619,32240,1,180,9072,8160,74027520,0,-1,-1,3,0,
macro_C86867,7194,32666,0,180,5676,7524,42706224,0,-1,-1,114,0,
macro_C86868,17094,16068,0,90,4290,8613,36949770,0,18,-1,30,1,
macro_C86869,6035,25432,0,90,7854,5445,42765030,0,-1,-1,81,1,
macro_C86870,21384,18825,0,270,7854,5412,42505848,0,38,-1,16,1,
macro_C94576,34178,26796,0,270,5709,6369,36360621,0,-1,-1,72,1,
macro_C94577,31640,0,0,270,7524,5676,42706224,0,-1,13,66,1,
macro_C94578,25213,12800,1,0,12288,6144,75497472,0,-1,-1,116,1,
macro_C94579,20423,24681,0,0,5445,7854,42765030,0,118,-1,29,1,
macro_C94580,6006,0,0,0,5412,7854,42505848,0,11,56,50,1,
macro_C102137,16830,2495,0,270,5709,6369,36360621,0,-1,-1,119,0,
macro_C102138,0,3619,0,180,5676,7524,42706224,0,-1,51,74,0,
macro_C102139,14382,36825,0,0,8613,4290,36949770,0,-1,-1,47,1,
macro_C102140,22826,13380,0,270,7854,5445,42765030,0,-1,-1,6,0,
macro_C102141,25868,29274,0,0,5412,7854,42505848,0,-1,48,118,0,
macro_C109812,14714,24681,0,90,5709,6369,36360621,0,22,5,44,1,
macro_C109813,11418,16068,0,180,5676,7524,42706224,0,16,-1,61,0,
macro_C109814,31640,35689,0,0,8613,4290,36949770,0,-1,-1,105,0,
macro_C109815,0,33238,0,0,5445,7854,42765030,0,120,-1,83,0,
macro_C109816,31640,21384,0,90,7854,5412,42505848,0,-1,72,10,0,
core_C0,22895,0,0,90,1749,3572,6247428,0,62,-1,68,1,
core_C1,0,27120,1,180,5108,2496,12749568,0,109,75,117,0,
core_C2,14972,14276,0,90,3564,1792,6386688,0,-1,-1,9,0,
core_C3,22826,5394,0,180,2543,2541,6461763,0,-1,6,112,0,
core_C5,29238,18825,0,90,1749,3617,6326133,0,-1,-1,18,1,
core_C6,29619,18944,1,180,5169,2544,13149936,0,-1,3,100,1,
core_C7,25979,0,1,0,5173,2544,13160112,0,101,-1,87,1,
core_C8,2508,26473,0,90,2508,2508,6290064,0,-1,95,92,1,
core_C9,25645,6144,1,90,3600,3691,13287600,0,78,-1,103,1,
core_C10,0,13651,0,90,2475,2507,6204825,0,-1,92,51,0,
core_C12,11150,23592,0,90,3564,1798,6408072,0,29,-1,4,1,
core_C13,28442,26766,0,0,2537,2508,6362796,0,-1,-1,86,0,
core_C14,12872,28080,1,0,5271,2544,13409424,0,-1,-1,106,0,
core_C15,10884,30877,0,90,3498,1789,6257922,0,26,-1,114,1,
core_C16,25868,37128,0,90,2508,2561,6422988,0,-1,-1,28,0,
core_C17,5187,32253,1,0,5141,2544,13078704,0,70,-1,115,1,
core_C19,3498,0,0,90,2508,2521,6322668,0,23,-1,84,1,
core_C20,0,11143,0,0,2537,2508,6362796,0,4,43,25,0,
core_C23,28142,3610,0,90,2508,2536,6360288,0,-1,-1,99,0,
core_C24,8551,22891,0,0,2548,2541,6474468,0,-1,-1,59,1,
core_C25,23101,10208,1,180,5204,2592,13488768,0,-1,116,103,0,
core_C26,26393,0,0,90,1749,3537,6186213,0,99,-1,62,1,
core_C27,6006,7854,0,0,2558,2508,6415464,0,-1,-1,23,0,
core_C28,34752,0,1,0,5218,2592,13525056,0,-1,-1,101,1,
core_C29,35222,33165,0,270,2475,2524,6246900,0,-1,-1,105,1,
core_C31,6035,22891,0,0,2516,2475,6227100,0,53,-1,104,1,
core_C32,19549,8663,1,0,2576,5088,13106688,0,-1,-1,73,0,
core_C33,11418,7854,0,270,1782,3662,6525684,0,122,30,11,0,
core_C35,24644,0,0,270,1749,3612,6317388,0,55,-1,34,1,
core_C37,31640,29304,0,180,1789,3498,6257922,0,-1,105,72,0,
core_C38,10412,2544,1,180,3667,3600,13201200,0,-1,-1,79,1,
core_C39,0,22032,1,180,5232,2544,13310208,0,-1,117,12,0,
core_C41,29891,0,0,270,1749,3610,6313890,0,20,-1,99,1,
core_C42,5234,2544,1,90,5088,2630,13381440,0,-1,79,96,0,
core_C43,19305,0,0,0,3590,1782,6397380,0,34,-1,119,1,
core_C46,29620,3611,1,0,3665,3648,13369920,0,80,-1,107,1,
core_C47,10328,22032,1,90,2544,5129,13048176,0,7,2,49,1,
core_C48,0,10068,1,0,3619,3600,13028400,0,111,12,91,0,
core_C49,31640,26796,0,0,2538,2508,6365304,0,19,63,33,0,
core_C50,19549,5040,1,90,3552,3623,12868896,0,103,60,1,1,
core_C51,0,0,0,90,1749,3619,6329631,0,84,25,-1,0,
core_C53,0,32253,1,0,5162,2544,13132128,0,-1,102,35,0,
core_C54,5234,7718,1,0,5243,2544,13338192,0,1,-1,79,0,
core_C56,20648,19159,1,0,5273,2544,13414512,0,100,85,7,1,
core_C57,29245,7259,1,90,2544,5217,13272048,0,121,-1,42,1,
core_C58,5234,5174,1,180,5178,2544,13172832,0,64,76,67,0,
core_C60,33285,3611,1,90,3600,3624,13046400,0,-1,-1,69,1,
core_C61,2537,24673,0,90,3498,1800,6296400,0,17,-1,104,0,
core_C65,10446,0,1,0,5136,2544,13065984,0,97,-1,96,1,
core_C67,0,31489,0,0,3582,1749,6264918,0,-1,32,92,0,
core_C69,1749,0,0,90,1749,3617,6326133,0,50,-1,74,1,
core_C70,20648,21703,1,0,5181,2544,13180464,0,-1,110,77,0,
core_C71,28442,24237,0,90,2508,2529,6342732,0,-1,45,118,1,
core_C74,20843,0,1,0,5136,2544,13065984,0,40,89,97,1,
core_C75,0,2544,1,180,5234,2544,13315296,0,96,93,113,0,
core_C76,20843,2544,1,0,5150,2496,12854400,0,107,-1,87,0,
core_C77,25921,22640,1,90,2544,5240,13330560,0,-1,-1,100,0,
core_C78,0,7524,1,0,5140,2544,13076160,0,-1,71,93,0,
core_C79,0,16158,0,90,2508,2540,6370320,0,41,83,43,0,
core_C80,0,5088,1,90,4704,2436,11458944,0,-1,91,88,0,
core_C81,37052,5676,0,0,1467,4356,6390252,0,-1,-1,13,1,
core_C82,2508,28981,0,180,2547,2508,6387876,0,-1,-1,41,0,
core_C84,5234,0,1,180,5212,2544,13259328,0,82,67,88,1,
core_C85,15582,0,1,180,5261,2544,13383984,0,87,-1,82,1,
core_C87,2537,15433,0,180,3628,1749,6345372,0,-1,0,4,0,
core_C88,28142,0,0,90,1749,3543,6196707,0,66,52,55,1,
core_C89,25921,18944,1,0,3698,3696,13667808,0,39,90,77,1,
core_C92,31152,0,1,90,3600,3611,12999600,0,57,-1,40,1,
core_C93,0,34797,1,90,5184,2593,13442112,0,-1,115,75,0,
core_C95,23101,5040,1,90,2544,5168,13147392,0,42,54,73,1,
core_C96,2537,22891,0,90,3498,1782,6233436,0,59,81,0,0,
core_C97,31640,33165,0,0,3582,1782,6383124,0,58,31,63,0,
core_C99,12872,25536,1,0,5162,2544,13132128,0,-1,46,7,0,
core_C100,25993,2544,1,180,3627,3600,13057200,0,69,-1,89,1,
core_C103,35407,7235,1,0,3612,3600,13003200,0,-1,-1,121,1,
core_C104,5108,27120,1,90,2496,5133,12811968,0,-1,-1,35,1,
core_C106,20648,24247,1,270,2592,5326,13804992,0,-1,8,85,0,
core_C108,3619,10262,1,180,3629,3600,13064400,0,-1,-1,71,1,
core_C110,22826,3612,0,180,3601,1782,6416982,0,-1,37,9,1,
core_C112,0,0,1,0,5217,2544,13272048,0,-1,88,-1,0,
core_C113,7194,30877,0,0,3690,1782,6575580,0,47,15,120,1,
core_C114,0,37390,1,0,5187,2592,13444704,0,49,-1,102,0,
core_C115,23101,12800,1,90,2112,6359,13430208,0,21,-1,54,0,
core_C116,0,24576,1,0,5213,2544,13261872,0,-1,35,65,0,
core_C118,25868,24237,0,90,2574,2588,6661512,0,86,28,22,1,
core_C119,16830,0,0,90,2475,2495,6175125,0,68,24,11,1,
core_C120,5445,30877,0,270,1749,3617,6326133,0,114,-1,32,1,
core_C121,31789,7259,1,180,3618,3600,13024800,0,108,-1,78,1,
core_C122,13200,7854,0,180,1772,3498,6198456,0,9,-1,61,1,
Wirelength: 1.07601e+09
layer(tree) info:
layer: 0 ,width: 40253 ,height: 41115 ,area: 1655002095, filling_rate: 0.798338, utilizatio_rate: 0.790248
layer: 1 ,width: 39970 ,height: 41376 ,area: 1653798720, filling_rate: 0.772785, utilizatio_rate: 0.764397
random seed: 9
alpha: 0
gamma: 1
best wirelength: 1.07601e+09
initial_num_perturbs: 15129
iter: 0
best_iter: 0
best_cost: 0.245734
reject_time: 402
accept_inferior_time: 283215
update_best_time: 0
adjustLegalOutline_fail_times: 0
initial_wirelength: 1.66853e+09
initial_average_wirelength: 4.37877e+09
1.68183e+09,initial_iter: 15129
initial_time: 27.883
total time cost: 1000
