name,x,y,layer,rotated_angle,width,height,area,exceed_outline_area,left,right,parent,is_from_left,
macro_C124171,33086,5676,0,180,6369,5709,36360621,0,-1,81,123,1,
macro_C124172,18643,3675,1,180,9072,8160,74027520,0,11,21,50,0,
macro_C124173,32030,0,0,270,7524,5676,42706224,0,-1,-1,80,1,
macro_C124174,26222,10327,0,0,5676,7524,42706224,0,72,108,47,0,
macro_C124175,8440,0,0,180,8613,4290,36949770,0,-1,10,103,1,
macro_C124176,1488,20016,1,0,12288,6144,75497472,0,-1,112,59,1,
macro_C124177,21120,17979,1,90,11232,7776,87340032,0,9,12,115,1,
macro_C124178,33350,20691,0,0,5445,7854,42765030,0,-1,-1,78,1,
macro_C124179,34835,12837,0,0,5412,7854,42505848,0,-1,-1,105,1,
macro_C124180,32352,11232,1,0,7728,11232,86800896,0,-1,32,6,1,
macro_C124181,8440,4290,0,180,5412,7854,42505848,0,-1,119,4,0,
macro_C124182,27715,0,1,0,7728,11232,86800896,0,-1,-1,1,1,
macro_C124183,21120,25755,1,90,11232,7728,86800896,0,-1,-1,6,0,
macro_C124184,20592,16556,0,0,5412,7854,42505848,0,-1,-1,19,1,
macro_C124185,7524,13596,0,0,6369,5709,36360621,0,57,-1,20,1,
macro_C124186,26222,23593,0,0,5676,7524,42706224,0,78,-1,51,0,
macro_C124187,0,2064,1,180,12288,6144,75497472,0,114,18,85,0,
macro_C124188,0,1419,0,270,7854,5445,42765030,0,-1,98,84,0,
macro_C124189,0,8208,1,90,11232,7728,86800896,0,90,42,16,0,
macro_C124190,14223,18833,0,0,6369,5709,36360621,0,13,-1,22,0,
macro_C124191,0,12507,0,90,7524,5676,42706224,0,14,82,76,0,
macro_C124192,18643,11835,1,0,12288,6144,75497472,0,-1,-1,1,0,
macro_C124193,14223,10979,0,180,5445,7854,42765030,0,121,19,73,0,
macro_C124194,11517,24542,0,270,7854,5412,42505848,0,30,74,100,0,
macro_C124195,2541,33957,0,270,5709,6369,36360621,0,92,-1,111,0,
macro_C124196,21252,32066,0,180,5676,7524,42706224,0,33,-1,27,1,
macro_C124197,13776,27763,1,90,6144,12288,75497472,0,28,-1,104,0,
macro_C124198,15807,32066,0,0,5445,7854,42765030,0,25,-1,31,1,
macro_C124199,19920,33483,1,90,11232,7728,86800896,0,-1,-1,26,1,
macro_C124200,5133,21087,0,0,6369,5709,36360621,0,-1,110,40,1,
macro_C124201,19371,24542,0,0,5676,7524,42706224,0,-1,-1,23,1,
macro_C124202,11517,32033,0,270,4290,8613,36949770,0,27,-1,74,0,
macro_C124203,32352,22464,1,0,7776,11232,87340032,0,-1,-1,9,0,
macro_C124204,26928,31117,0,90,7854,5412,42505848,0,-1,-1,25,1,
core_C1,2541,23628,0,90,2574,2600,6692400,0,-1,40,113,0,
core_C3,7488,30288,1,270,2112,6491,13708992,0,66,-1,109,1,
core_C4,12288,2064,1,270,2304,5897,13586688,0,-1,56,114,0,
core_C5,6405,15936,1,270,3888,3894,15139872,0,-1,-1,42,1,
core_C6,26222,20722,0,0,4491,1452,6520932,0,-1,51,102,0,
core_C7,27674,4395,0,270,1452,4513,6552876,0,116,-1,49,0,
core_C11,2541,26228,0,180,2592,2574,6671808,0,29,69,34,0,
core_C13,23186,0,0,90,1452,4413,6407676,0,122,-1,93,1,
core_C14,0,15936,1,0,6405,2064,13219920,0,37,53,18,0,
core_C15,24767,8796,0,270,1386,3491,4838526,0,-1,75,67,1,
core_C16,26222,4397,0,270,1452,4462,6478824,0,-1,47,94,0,
core_C18,29126,0,0,90,1452,4356,6324912,0,80,-1,49,1,
core_C19,17160,2046,0,180,2921,1914,5590794,0,-1,87,107,0,
core_C22,26222,8908,0,180,4407,1419,6253533,0,-1,3,44,0,
core_C23,21734,7344,0,0,4436,1452,6441072,0,-1,-1,118,0,
core_C24,27674,0,0,90,1452,4395,6381540,0,45,39,94,1,
core_C26,18643,0,1,270,3600,3675,13230000,0,-1,1,114,1,
core_C28,26222,22174,0,180,4308,1419,6113052,0,-1,15,38,0,
core_C30,0,8316,0,0,4325,1386,5994450,0,-1,58,98,0,
core_C31,0,18000,1,0,6296,2016,12692736,0,-1,59,42,0,
core_C32,4520,6864,0,90,1452,4444,6452688,0,55,-1,76,1,
core_C33,5972,6864,0,270,1419,4257,6040683,0,-1,-1,54,1,
core_C34,12288,7961,1,270,2160,6724,14523840,0,-1,-1,36,0,
core_C35,13893,4290,0,0,3081,2046,6303726,0,-1,-1,14,1,
core_C36,0,9702,0,180,4098,1353,5544594,0,-1,76,52,0,
core_C37,0,20016,1,270,1488,4581,6816528,0,5,-1,53,0,
core_C38,15675,6336,0,90,1485,4643,6894855,0,107,-1,73,1,
core_C41,11664,26160,1,90,2112,6509,13747008,0,104,-1,66,1,
core_C42,0,22258,0,90,1782,3666,6532812,0,-1,63,82,0,
core_C43,0,25924,0,270,2541,2547,6471927,0,83,65,62,0,
core_C45,20249,0,0,270,1485,4472,6640920,0,93,-1,107,1,
core_C47,0,28471,0,90,1650,4198,6926700,0,-1,-1,63,0,
core_C48,9600,26160,1,90,2064,6431,13273584,0,61,-1,35,1,
core_C49,20790,8796,0,180,3977,1584,6299568,0,43,-1,96,1,
core_C50,17664,17979,1,270,1488,4728,7035264,0,115,-1,79,1,
core_C51,2541,29601,0,0,4445,1419,6307455,0,-1,101,40,0,
core_C54,3360,30288,1,90,2064,6389,13186896,0,109,-1,86,1,
core_C55,15840,22707,1,90,2016,5056,10192896,0,-1,-1,79,0,
core_C56,31898,12837,0,90,1452,4402,6391704,0,105,106,3,1,
core_C57,14223,6336,0,90,1452,4501,6535452,0,60,22,77,1,
core_C58,11517,29954,0,0,3131,2079,6509349,0,-1,31,23,0,
core_C59,24767,12287,0,270,1419,4269,6057711,0,-1,-1,43,0,
core_C60,0,11055,0,0,4520,1452,6563040,0,54,20,58,0,
core_C61,12771,19305,0,270,1452,4482,6507864,0,73,-1,100,1,
core_C62,31898,19818,0,90,1452,4402,6391704,0,7,-1,15,1,
core_C64,15840,2064,1,90,1824,5697,10391328,0,68,71,104,1,
core_C65,30578,0,0,90,1452,4381,6361212,0,2,-1,45,1,
core_C66,33086,11385,0,0,4492,1452,6522384,0,-1,-1,0,0,
core_C67,0,18183,0,90,1617,4075,6589275,0,-1,62,20,0,
core_C68,2541,18183,0,0,4527,1485,6722595,0,-1,89,63,1,
core_C72,0,0,0,180,4165,1386,5772690,0,103,17,-1,0,
core_C74,0,0,1,0,6394,2064,13197216,0,-1,16,-1,0,
core_C75,1488,30288,1,90,1872,5703,10676016,0,70,-1,120,0,
core_C77,17160,4472,0,180,4419,1452,6416388,0,-1,91,46,0,
core_C78,17160,9191,0,0,3584,1749,6268416,0,-1,-1,96,0,
core_C79,2541,19668,0,180,4419,1419,6270561,0,-1,113,83,0,
core_C80,11232,14685,1,90,2592,5283,13693536,0,-1,-1,18,1,
core_C81,17160,5924,0,180,4432,1452,6435264,0,-1,96,87,0,
core_C82,8250,30586,0,90,1782,3637,6481134,0,95,-1,24,1,
core_C83,21734,0,0,270,1452,4440,6446880,0,41,99,64,1,
core_C84,26222,0,0,90,1452,4397,6384444,0,49,44,122,1,
core_C85,10032,26796,0,270,1485,4569,6784965,0,100,-1,92,1,
core_C86,17160,7376,0,0,3630,1815,6588450,0,67,88,91,0,
core_C87,7939,26796,0,270,1485,3790,5628150,0,-1,-1,110,1,
core_C88,0,6864,0,0,4512,1452,6551424,0,-1,52,17,0,
core_C89,21734,4440,0,0,4357,1452,6326364,0,-1,118,93,0,
core_C90,11517,19305,0,270,1254,3829,4801566,0,77,23,95,1,
core_C91,2541,31020,0,180,4403,1452,6393156,0,-1,111,69,0,
core_C92,26222,19270,0,180,4519,1452,6561588,0,-1,38,108,0,
core_C93,4165,0,0,180,4275,1419,6066225,0,4,-1,84,1,
core_C94,13776,19968,1,90,2064,6424,13259136,0,79,26,61,1,
core_C96,33350,12837,0,270,1485,4473,6642405,0,8,-1,72,1,
core_C98,31898,17310,0,0,2540,2508,6370320,0,-1,-1,72,0,
core_C101,17160,0,0,0,3089,2046,6320094,0,64,46,60,1,
core_C102,26222,17851,0,0,4442,1419,6303198,0,-1,102,3,0,
core_C104,5424,30288,1,270,2064,6474,13362336,0,35,-1,70,1,
core_C107,5133,26796,0,0,2806,2805,7870830,0,97,-1,29,0,
core_C108,2541,32472,0,0,4467,1485,6633495,0,-1,24,101,0,
core_C109,1488,26160,1,180,6450,2064,13312800,0,-1,120,5,0,
core_C110,2541,21087,0,0,2565,2541,6517665,0,-1,34,89,0,
core_C111,12288,0,1,180,6355,2064,13116720,0,50,36,16,1,
core_C112,19152,17979,1,270,1968,6176,12154368,0,6,-1,68,1,
core_C113,29126,4356,0,270,1419,4359,6185421,0,123,-1,39,1,
core_C114,21450,10380,0,0,3117,2046,6377382,0,-1,-1,121,1,
core_C116,21734,5892,0,0,4361,1452,6332172,0,-1,48,99,0,
core_C117,8440,12144,0,180,4398,1452,6385896,0,-1,-1,10,0,
core_C118,1488,28224,1,180,6319,2064,13042416,0,-1,86,112,0,
core_C119,19668,10940,0,270,1782,3628,6465096,0,117,-1,22,1,
core_C120,24638,0,0,90,1584,3969,6286896,0,94,-1,41,1,
core_C121,30545,5676,0,180,2541,2541,6456681,0,0,-1,116,1,
Wirelength: 1.24932e+08
layer(tree) info:
layer: 0 ,width: 40247 ,height: 40646 ,area: 1635879562 ,blocks_area: 1321685178, filling_rate: 0.807936, utilizatio_rate: 0.790508
layer: 1 ,width: 40128 ,height: 41211 ,area: 1653715008 ,blocks_area: 1271262048, filling_rate: 0.768731, utilizatio_rate: 0.760349
random seed: 2
alpha: 0
gamma: 1
best wirelength: 1.24932e+08
initial_num_perturbs: 3720
iter: 0
best_iter: 0
best_cost: 0.306984
reject_time: 0
accept_inferior_time: 0
update_best_time: 756
adjustLegalOutline_fail_times: 0
outline_adjust_time: 1.756
initial_wirelength: 7.36853e+08
initial_average_wirelength: 2.4003e+09
7.36853e+08,initial_iter: 3720
initial_time: 4.028
total time cost: 100.001
