name,x,y,layer,rotated_angle,width,height,area,exceed_outline_area,left,right,parent,is_from_left,
macro_C2790,33,0,1,270,33,142,4686,0,-1,4,5,1,
macro_C2791,4574,5660,0,90,33,308,10164,0,-1,-1,8,0,
macro_C2792,33,284,1,270,33,384,12672,0,-1,3,4,0,
macro_C2793,33,668,1,270,33,90,2970,0,-1,-1,2,0,
macro_C2794,33,142,1,270,33,142,4686,0,-1,2,0,0,
macro_C2795,0,0,1,270,33,109,3597,0,0,-1,-1,0,
core_C0,4041,5968,0,90,1980,5080,10058400,0,13,-1,9,1,
core_C1,0,7161,0,90,3300,3308,10916400,0,-1,9,10,0,
core_C4,4574,0,0,90,1848,5660,10459680,0,-1,1,12,1,
core_C7,0,10469,0,180,4041,2673,10801593,0,6,-1,7,0,
core_C9,0,4488,0,180,4014,2673,10729422,0,-1,7,11,0,
core_C11,0,2277,0,0,4433,2211,9801363,0,-1,10,12,0,
core_C12,0,0,0,180,4574,2277,10414998,0,8,11,-1,0,
core_C13,6021,5660,0,90,1815,5637,10231155,0,-1,-1,6,1,
Wirelength: 1.07541e+20
layer(tree) info:
layer: 0 ,width: 7836 ,height: 13142 ,area: 102980712 ,blocks_area: 83423175, filling_rate: 0.810085, utilizatio_rate: 0.1909
layer: 1 ,width: 66 ,height: 758 ,area: 50028 ,blocks_area: 28611, filling_rate: 0.5719, utilizatio_rate: 6.54714e-05
random seed: 13
alpha: 0
gamma: 1
best wirelength: 1.07541e+20
initial_num_perturbs: 420
iter: 0
best_iter: 0
best_cost: 0.76806
reject_time: 0
accept_inferior_time: 0
update_best_time: 0
adjustLegalOutline_fail_times: 0
outline_adjust_time: 0
initial_wirelength: 6.51969e+20
initial_average_wirelength: 5.49258e+20
6.98559e+20,initial_iter: 420
initial_time: 0.039
total time cost: 0.535
