name,x,y,layer,rotated_angle,width,height,area,exceed_outline_area,left,right,parent,is_from_left,
macro_C2791,0,8580,0,180,11319,8580,97117020,0,4,-1,1,0,
macro_C2792,0,0,0,0,11319,8580,97117020,0,7,0,-1,0,
macro_C2793,0,8679,1,0,11616,8448,98131968,0,9,-1,5,0,
macro_C2794,11616,6699,1,90,8448,11616,98131968,0,-1,-1,9,0,
macro_C2795,11319,4620,0,0,11352,8679,98524008,0,-1,-1,0,1,
macro_C2796,0,0,1,0,11352,8679,98524008,0,-1,2,-1,0,
core_C0,13497,0,1,0,2275,4422,10060050,0,11,8,9,1,
core_C1,11319,0,0,180,2363,4620,10917060,0,13,-1,1,1,
core_C4,13497,4422,1,0,4594,2277,10460538,0,10,-1,6,0,
core_C7,11616,0,1,90,1881,5743,10802583,0,6,3,2,1,
core_C9,18091,0,1,90,2310,4644,10727640,0,-1,-1,8,1,
core_C11,15772,0,1,0,2216,4422,9799152,0,-1,-1,6,1,
core_C12,15961,0,0,0,2287,4554,10414998,0,-1,-1,13,1,
core_C13,13682,0,0,180,2279,4488,10228152,0,12,-1,7,1,
Wirelength: 1.62984e+07
layer(tree) info:
layer: 0 ,width: 22671 ,height: 17160 ,area: 389034360 ,blocks_area: 324318258, filling_rate: 0.833649, utilizatio_rate: 0.742147
layer: 1 ,width: 20401 ,height: 18315 ,area: 373644315 ,blocks_area: 346637907, filling_rate: 0.927722, utilizatio_rate: 0.793222
random seed: 9
alpha: 0
gamma: 1
best wirelength: 1.62984e+07
initial_num_perturbs: 196
iter: 0
best_iter: 0
best_cost: 0.740555
reject_time: 0
accept_inferior_time: 0
update_best_time: 0
adjustLegalOutline_fail_times: 0
outline_adjust_time: 0.012
initial_wirelength: 4.91462e+07
initial_average_wirelength: 6.63641e+07
4.91462e+07,initial_iter: 196
initial_time: 0.034
total time cost: 0.977
