name,x,y,layer,rotated_angle,width,height,area,exceed_outline_area,left,right,parent,is_from_left,
macro_C415824,38755,61701,1,0,8625,37030,319383750,0,47,445,305,1,
macro_C393731,5152,13110,1,0,8625,37030,319383750,0,349,10,610,1,
macro_C396425,35604,66063,0,0,5520,23736,131022720,0,-1,429,76,0,
macro_C399323,24058,74176,1,0,8625,37030,319383750,0,-1,383,637,0,
macro_C401933,33580,13475,0,0,5520,23736,131022720,0,298,51,345,1,
macro_C404827,53360,39954,0,0,5520,23736,131022720,0,458,274,483,0,
macro_C407516,63474,0,1,0,8625,37030,319383750,0,497,-1,254,1,
macro_C410398,41492,67937,0,0,5520,23736,131022720,0,402,585,502,0,
macro_C413082,62721,37030,1,0,8625,37030,319383750,0,83,-1,206,1,
macro_C40987,67436,0,0,0,5520,23736,131022720,0,-1,12,146,1,
macro_C418718,5152,50140,1,0,8625,37030,319383750,0,494,184,1,0,
macro_C421703,67436,51796,0,0,5520,23736,131022720,0,-1,310,376,0,
macro_C424481,67436,23736,0,0,5520,23736,131022720,0,-1,392,9,0,
macro_C427156,12972,38449,0,0,5520,23736,131022720,0,-1,-1,18,1,
macro_C429952,35604,39843,0,0,5520,23736,131022720,0,306,76,264,0,
macro_C432667,64935,103673,0,0,5520,23736,131022720,0,-1,-1,558,1,
macro_C38059,15249,25136,1,0,8625,37030,319383750,0,-1,257,333,1,
macro_C78506,41492,34838,0,0,5520,23736,131022720,0,164,456,552,1,
macro_C390724,7452,38440,0,0,5520,23736,131022720,0,13,-1,20,1,
macro_C43597,43225,8618,0,0,5520,23736,131022720,0,397,255,407,1,
macro_C46411,1932,61587,0,0,5520,23736,131022720,0,18,503,327,1,
macro_C48981,57408,105018,0,0,5520,23736,131022720,0,-1,-1,574,0,
macro_C51791,23966,29786,1,0,8625,37030,319383750,0,-1,207,451,0,
macro_C54384,53360,13642,0,0,5520,23736,131022720,0,428,483,138,0,
macro_C57054,5980,104764,0,0,5520,23736,131022720,0,401,-1,78,0,
macro_C62277,33718,2530,1,0,8625,37030,319383750,0,488,270,394,0,
macro_C65066,25576,55195,0,0,5520,23736,131022720,0,647,196,344,1,
macro_C67838,0,0,0,0,5520,23736,131022720,0,120,86,-1,0,
macro_C70493,35604,103534,0,0,5520,23736,131022720,0,230,-1,202,0,
macro_C73067,9844,69453,0,0,5520,23736,131022720,0,328,624,197,1,
macro_C75793,55384,63690,0,0,5520,23736,131022720,0,229,353,153,1,
macro_C59667,23552,31459,0,0,5520,23736,131022720,0,-1,45,219,0,
core_C930,31188,120406,1,90,2530,8149,20616970,0,394,-1,493,1,
core_C1124,15249,87091,1,0,8040,2645,21265800,0,-1,74,461,0,
core_C1270,11739,14436,0,0,5904,2300,13579200,0,-1,-1,122,1,
core_C1382,43916,51653,1,0,7977,2530,20181810,0,-1,-1,325,0,
core_C1112,41492,63889,0,180,6165,1932,11910780,0,-1,502,456,0,
core_C126,67965,95450,1,90,2760,6989,19289640,0,294,630,199,1,
core_C1684,19872,85573,0,180,3632,3588,13031616,0,-1,324,66,0,
core_C1556,19872,0,0,270,2944,4427,13033088,0,170,463,60,1,
core_C599,38777,6239,0,270,2484,5043,12526812,0,487,-1,289,1,
core_C919,18354,72026,1,0,5662,3680,20836160,0,-1,84,538,0,
core_C1502,24058,118896,1,90,2530,8114,20528420,0,295,-1,383,0,
core_C356,1932,115475,0,180,3608,3496,12613568,0,-1,492,59,0,
core_C1322,57960,92526,1,0,7394,2760,20407440,0,-1,46,299,0,
core_C1329,23552,55195,0,90,2024,6501,13158024,0,-1,342,31,0,
core_C1044,57960,95286,1,0,7386,2875,21234750,0,-1,300,44,0,
core_C318,47380,89704,1,0,4308,4255,18330540,0,-1,591,0,1,
core_C1681,63823,0,0,90,2024,6389,12931336,0,-1,-1,156,1,
core_C1652,4779,34944,0,90,2116,5692,12044272,0,621,236,484,1,
core_C667,23552,98331,0,0,3820,3680,14057600,0,-1,162,344,0,
core_C285,33580,37211,0,90,2024,6597,13352328,0,-1,276,4,0,
core_C15,45356,113914,0,180,3674,3496,12844304,0,-1,379,261,0,
core_C925,44873,7686,1,90,2530,8033,20323490,0,-1,188,432,0,
core_C1409,19872,32988,0,0,3672,3496,12837312,0,-1,218,403,0,
core_C562,17737,62185,0,90,2024,6083,12311992,0,-1,424,650,1,
core_C168,14459,5855,0,270,2024,6097,12340328,0,-1,390,437,1,
core_C458,49312,112506,0,0,6573,2024,13303752,0,-1,-1,607,0,
core_C1109,52877,68484,1,270,4600,4646,21371600,0,-1,404,266,0,
core_C943,1932,93750,0,90,2024,6406,12965744,0,546,43,431,0,
core_C1583,17848,101285,0,90,2024,6483,13121592,0,39,-1,109,1,
core_C100,52877,83576,1,90,2185,4546,9933010,0,-1,65,302,0,
core_C1141,28251,11989,0,90,2116,6402,13546632,0,-1,-1,194,1,
core_C879,41124,123837,0,270,2484,5317,13207428,0,-1,-1,234,0,
core_C355,43516,108197,0,90,1840,5935,10920400,0,454,-1,368,1,
core_C387,52877,88122,1,0,4503,4370,19678110,0,-1,127,61,0,
core_C647,19872,81951,0,270,3588,3622,12995736,0,-1,38,79,0,
core_C439,51336,38395,0,90,1472,4505,6631360,0,-1,412,239,0,
core_C721,15249,99626,1,0,8124,2530,20553720,0,-1,166,242,0,
core_C239,43916,41507,1,270,3105,6649,20645145,0,99,325,249,0,
core_C1333,5520,6166,0,0,6555,2024,13267320,0,-1,439,120,0,
core_C266,26496,108208,0,270,2024,6114,12374736,0,-1,-1,396,1,
core_C951,45885,121131,1,180,6530,3220,21026600,0,-1,-1,329,0,
core_C406,57960,101036,1,90,2415,7514,18146310,0,526,-1,300,0,
core_C259,15249,89736,1,180,5581,3680,20538080,0,-1,592,33,0,
core_C522,73178,55938,0,90,2024,6502,13160048,0,-1,-1,310,1,
core_C1618,35604,63579,0,0,5320,2484,13214880,0,-1,2,14,0,
core_C875,7659,99861,1,270,2530,7653,19362090,0,641,291,619,1,
core_C841,5980,102464,0,0,5833,2300,13415900,0,-1,24,518,0,
core_C1299,19872,76296,0,90,2208,5655,12486240,0,-1,66,491,0,
core_C44,62629,74060,1,0,8003,2530,20247590,0,-1,-1,210,1,
core_C1017,49312,56088,0,90,2024,6266,12682384,0,239,363,124,1,
core_C1331,69092,77740,0,270,2484,5124,12728016,0,-1,-1,581,1,
core_C98,71346,54685,1,90,2530,8110,20518300,0,-1,341,8,1,
core_C330,18354,75706,1,0,5649,3680,20788320,0,-1,-1,41,0,
core_C358,60864,0,1,90,2530,7628,19298840,0,-1,-1,167,1,
core_C210,0,23736,0,90,2944,4539,13362816,0,-1,278,27,0,
core_C996,25576,83071,0,90,2300,4876,11214800,0,309,225,287,0,
core_C780,19872,57671,0,90,2208,5852,12921216,0,-1,573,110,0,
core_C1441,22177,120670,0,270,2852,4434,12645768,0,501,-1,314,1,
core_C576,67436,93838,0,0,3621,3496,12659016,0,-1,427,423,0,
core_C1456,33580,62794,0,90,1932,6065,11717580,0,-1,557,365,0,
core_C309,50674,118486,0,0,5305,2484,13177620,0,-1,-1,216,0,
core_C57,10386,18760,0,180,6512,2024,13180288,0,-1,-1,635,1,
core_C1493,23552,116346,0,0,5858,1840,10778720,0,108,-1,651,0,
core_C1295,0,86162,1,180,4686,4485,21016710,0,-1,457,119,0,
core_C1113,47766,78700,1,0,4691,4485,21039135,0,-1,112,256,0,
core_C1022,2530,113895,1,90,2530,7716,19521480,0,576,-1,471,1,
core_C34,11711,0,0,90,2024,6166,12479984,0,391,-1,120,1,
core_C1287,47021,41507,1,0,5568,3565,19849920,0,-1,-1,69,1,
core_C729,49312,68531,0,270,2300,4941,11364300,0,-1,283,363,0,
core_C1070,13777,17380,1,0,7573,2415,18288795,0,-1,214,494,0,
core_C820,52785,46975,1,180,7398,2760,20418480,0,243,525,195,0,
core_C1151,72099,7669,1,90,2530,8150,20619500,0,-1,420,497,0,
core_C1685,27333,119842,0,0,5763,2300,13254900,0,205,-1,580,1,
core_C929,3588,23736,0,90,1932,6194,11966808,0,118,-1,278,1,
core_C1114,48745,21875,0,90,2024,6606,13370544,0,-1,315,604,0,
core_C1484,39179,15710,0,90,1748,5406,9449688,0,-1,-1,285,0,
core_C1084,29410,116346,0,180,3531,3496,12344376,0,-1,-1,94,1,
core_C1197,15824,101359,0,90,2024,6106,12358544,0,60,137,616,0,
core_C1135,19872,51429,0,90,1932,6242,12059544,0,-1,88,545,0,
core_C934,0,31876,0,90,2116,6373,13485268,0,-1,213,278,0,
core_C845,47766,83185,1,90,3105,6519,20241495,0,-1,-1,96,0,
core_C206,57776,57210,1,90,4370,4528,19787360,0,-1,541,481,1,
core_C33,68080,76590,1,180,7193,2760,19852680,0,-1,496,176,1,
core_C302,49099,45072,1,90,2415,6581,15893115,0,-1,-1,325,1,
core_C589,59059,0,0,90,2208,5985,13214880,0,-1,-1,334,1,
core_C158,15553,115965,1,0,7642,2530,19334260,0,-1,-1,510,1,
core_C414,5520,27952,0,0,4376,2760,12077760,0,-1,-1,105,1,
core_C1116,0,81792,1,180,4474,4370,19551380,0,-1,95,470,0,
core_C1033,5520,0,0,180,6191,2024,12530584,0,98,70,27,1,
core_C1170,51336,55994,0,90,1840,5903,10861520,0,-1,-1,441,0,
core_C376,5520,12514,0,180,6219,2024,12587256,0,34,343,357,0,
core_C1265,0,29934,1,180,4559,4485,20447115,0,-1,386,589,0,
core_C613,47380,80917,0,90,1932,5926,11449032,0,81,498,454,1,
core_C459,47766,54183,1,270,3220,6440,20736800,0,-1,517,282,1,
core_C238,45346,0,0,0,5112,2392,12227904,0,132,-1,336,1,
core_C506,52877,92492,1,90,4485,4674,20962890,0,-1,622,65,0,
core_C46,57408,92302,0,0,3740,3680,13763200,0,292,574,297,1,
core_C1232,5152,99861,1,90,2415,7814,18870810,0,619,183,536,0,
core_C187,10189,96140,1,180,4769,4600,21937400,0,-1,152,259,0,
core_C450,7995,0,1,180,6348,3105,19710540,0,-1,-1,528,1,
core_C494,50458,0,0,270,2024,6268,12686432,0,-1,-1,126,1,
core_C915,53360,76133,0,90,2024,6283,12716792,0,-1,560,153,0,
core_C1043,64541,26340,0,90,2024,6447,13048728,0,-1,-1,185,0,
core_C449,23552,85541,0,90,2024,6297,12745128,0,-1,344,248,0,
core_C10,33718,45195,1,0,7245,2760,19996200,0,-1,596,150,0,
core_C178,15824,107768,0,0,5299,2484,13162716,0,395,279,109,0,
core_C1045,53360,11066,0,0,5282,2576,13606432,0,262,23,369,0,
core_C1298,52785,36625,1,0,8053,2645,21300185,0,-1,235,361,0,
core_C1488,19872,7389,0,180,6590,2024,13338160,0,-1,208,463,0,
core_C1587,10654,29605,0,270,1748,3534,6177432,0,509,605,602,0,
core_C1285,2530,5175,1,0,8130,2645,21503850,0,631,-1,338,1,
core_C1313,72099,38980,1,90,2415,7798,18832170,0,-1,411,489,0,
core_C1249,49312,106268,0,0,6673,2116,14120068,0,-1,191,367,0,
core_C1067,38755,112310,1,90,2415,7895,19066425,0,326,-1,515,0,
core_C922,65412,94974,0,90,2024,6194,12536656,0,9,-1,317,1,
core_C1050,57868,69856,1,90,4485,4491,20142135,0,-1,169,611,1,
core_C306,62836,53589,0,90,2208,5717,12623136,0,-1,-1,380,1,
core_C228,45356,124770,0,0,6256,2024,12662144,0,438,-1,290,0,
core_C28,33718,42435,1,0,7363,2760,20321880,0,529,136,270,0,
core_C326,60730,26160,1,90,2530,8086,20457580,0,-1,-1,354,1,
core_C443,10189,100740,1,90,2530,8095,20480350,0,333,-1,130,0,
core_C156,53360,69807,0,90,2024,6326,12803824,0,30,133,274,0,
core_C1159,50600,93959,1,90,2185,6953,15192305,0,167,-1,209,1,
core_C446,33810,97442,1,180,4676,4485,20971860,0,-1,201,240,0,
core_C1155,58583,8490,0,180,5240,2576,13498240,0,48,-1,369,1,
core_C1548,0,109525,1,180,4387,4370,19171190,0,-1,471,569,0,
core_C1326,60904,24826,0,90,1932,6221,12018972,0,-1,-1,422,0,
core_C740,0,66598,1,90,3105,6224,19325520,0,-1,505,588,0,
core_C27,23552,26767,0,0,5719,2116,12101404,0,-1,219,232,1,
core_C133,15096,35413,0,0,4647,3036,14108292,0,-1,-1,570,0,
core_C350,23552,105724,0,0,5060,2484,12569040,0,-1,396,50,0,
core_C616,52785,41800,1,0,7982,2530,20194460,0,-1,195,235,0,
core_C1605,47012,38515,0,270,2024,6438,13030512,0,433,-1,17,1,
core_C254,60904,79693,0,90,2024,6278,12706672,0,-1,-1,535,0,
core_C574,15249,102156,1,180,8070,2530,20417100,0,-1,358,68,0,
core_C191,52785,3565,1,180,8079,2530,20439870,0,85,480,154,1,
core_C1019,44205,2392,0,0,5818,2208,12846144,0,642,-1,487,1,
core_C244,57868,74347,1,180,4612,4485,20684820,0,-1,613,147,0,
core_C591,22816,0,0,270,2576,5273,13583248,0,-1,-1,39,1,
core_C200,24058,69116,1,0,8229,2530,20819370,0,-1,637,606,1,
core_C972,43916,28557,1,90,2530,8274,20933220,0,-1,249,366,1,
core_C74,3956,108861,0,90,2024,6614,13386736,0,518,-1,203,0,
core_C1261,52785,51460,1,180,7350,2875,21131250,0,-1,485,525,0,
core_C978,49312,114530,0,180,5056,1932,9768192,0,-1,-1,498,1,
core_C627,65550,76590,1,270,2530,7666,19394980,0,114,469,372,1,
core_C748,38755,101376,1,180,4468,4370,19525160,0,-1,515,445,0,
core_C373,15249,72544,1,90,3105,6512,20219760,0,538,584,520,0,
core_C1009,33580,50021,0,90,2024,6397,12947528,0,-1,365,276,0,
core_C108,36892,0,0,90,2024,6239,12627736,0,336,-1,562,1,
core_C380,52937,103416,0,0,4432,2852,12640064,0,-1,-1,283,1,
core_C555,43470,104497,1,180,6478,3105,20114190,0,-1,351,417,0,
core_C1030,5152,118610,1,180,7900,2530,19987000,0,268,-1,129,0,
core_C1455,5152,87170,1,0,4961,1840,9128240,0,-1,360,10,0,
core_C537,64541,19851,0,270,2024,6489,13133736,0,-1,134,301,0,
core_C1284,67436,86936,0,0,5961,2208,13161888,0,-1,423,539,0,
core_C1089,71300,94732,0,180,4485,2944,13203840,0,-1,330,533,0,
core_C1356,44873,15719,1,90,4485,4613,20689305,0,-1,-1,53,0,
core_C476,11868,103996,0,90,2944,4620,13601280,0,-1,332,286,0,
core_C1688,60904,51289,0,0,5772,2300,13275600,0,-1,380,527,0,
core_C959,49312,108384,0,0,6559,2024,13275416,0,-1,648,144,0,
core_C1037,69920,90850,1,0,5689,3680,20935520,0,-1,-1,553,1,
core_C289,19872,14585,0,90,3680,3732,13733760,0,421,403,208,0,
core_C1691,21620,22627,0,180,6631,2024,13421144,0,62,267,495,0,
core_C753,52785,44330,1,180,7957,2645,21046265,0,-1,102,163,0,
core_C1140,25576,78931,0,0,6539,2116,13836524,0,-1,287,26,0,
core_C431,7912,69394,0,90,1932,6329,12227628,0,29,-1,384,0,
core_C153,5520,17482,0,270,2392,6068,14514656,0,-1,237,343,0,
core_C954,65550,95450,1,90,2415,7840,18933600,0,37,-1,553,0,
core_C654,33580,75419,0,270,2024,6200,12548800,0,-1,275,557,0,
core_C422,33810,101927,1,90,3565,5521,19682365,0,-1,482,155,0,
core_C649,35604,95763,0,90,1472,4449,6548928,0,-1,28,429,0,
core_C1185,3956,102413,0,90,2024,6448,13050752,0,-1,173,409,0,
core_C1450,15249,81916,1,0,8100,2530,20493000,0,-1,461,584,0,
core_C1250,33096,113355,0,90,2208,5943,13122144,0,-1,-1,104,1,
core_C1288,60191,61738,1,90,2530,8118,20538540,0,8,-1,541,1,
core_C1076,23966,66816,1,180,7543,2300,17348900,0,-1,603,22,0,
core_C1698,19872,9413,0,90,2576,5172,13323072,0,-1,193,140,0,
core_C1620,48300,113352,1,90,2300,7395,17008500,0,154,-1,329,1,
core_C1303,57960,83533,1,0,4669,4485,20940465,0,80,299,250,0,
core_C183,33396,6572,0,0,5211,2576,13423536,0,-1,-1,562,0,
core_C888,64978,6389,0,90,2116,6385,13510660,0,-1,-1,262,1,
core_C1321,0,38249,0,90,2116,6576,13914816,0,-1,217,111,0,
core_C583,13777,19795,1,270,3450,5341,18426450,0,564,-1,101,0,
core_C1059,49703,0,1,90,2415,7771,18766965,0,455,-1,223,1,
core_C313,50674,116462,0,180,6277,2024,12704648,0,-1,92,290,1,
core_C129,0,44825,0,180,4045,3864,15629880,0,627,499,213,0,
core_C106,19872,36484,0,90,2024,6353,12858472,0,-1,476,54,0,
core_C952,23552,28883,0,0,5271,2576,13578096,0,-1,31,160,0,
core_C1142,62836,62980,0,90,2116,6439,13624924,0,-1,-1,313,0,
core_C1085,63161,24826,0,90,1380,4668,6441840,0,301,406,444,1,
core_C1369,19872,67019,0,90,2300,5781,13296300,0,-1,491,573,0,
core_C905,47403,0,1,90,2300,7317,16829100,0,215,-1,432,1,
core_C284,23874,20839,1,0,8243,2530,20854790,0,-1,618,321,0,
core_C1306,25576,87947,0,180,3742,3588,13426296,0,226,307,87,0,
core_C1391,29318,85923,0,90,3588,3742,13426296,0,337,-1,225,1,
core_C1086,15096,23162,0,0,4594,2944,13524736,0,-1,464,370,1,
core_C22,16219,0,0,90,1932,5855,11311860,0,-1,-1,391,1,
core_C1566,60904,63444,0,90,1932,6023,11636436,0,313,246,30,1,
core_C789,41124,114601,0,90,2668,4249,11336332,0,-1,234,28,1,
core_C368,47766,66976,1,90,2415,6101,14733915,0,-1,609,517,0,
core_C700,21620,26767,0,90,1932,6221,12018972,0,160,-1,267,0,
core_C141,20880,89736,1,90,3105,6237,19365885,0,-1,-1,592,1,
core_C1068,41124,118850,0,90,2484,4987,12387708,0,-1,63,230,0,
core_C173,52785,39270,1,180,7681,2530,19432930,0,-1,163,139,0,
core_C138,4779,40636,0,90,1932,6299,12169668,0,-1,-1,49,0,
core_C664,5520,23550,0,270,2852,4402,12554504,0,-1,-1,198,0,
core_C470,41492,104701,0,0,3603,3496,12596088,0,-1,368,447,0,
core_C1097,51336,32171,0,90,2024,6224,12597376,0,-1,67,81,1,
core_C1134,33810,91274,1,90,4025,6168,24826200,0,-1,155,561,0,
core_C1418,49312,97449,0,270,2484,5094,12653496,0,-1,367,400,0,
core_C222,15249,97096,1,180,7818,2530,19779540,0,-1,68,592,0,
core_C1041,60183,46975,1,90,2530,7835,19822550,0,-1,-1,102,1,
core_C1606,0,0,1,0,7852,2530,19865560,0,-1,528,-1,0,
core_C66,11868,112204,0,90,2024,6472,13099328,0,-1,281,332,0,
core_C1398,60904,69467,0,0,3675,3588,13185900,0,-1,273,229,0,
core_C992,5060,121255,1,180,8262,2530,20902860,0,-1,-1,610,0,
core_C505,23552,81065,0,90,1380,4476,6176880,0,-1,135,583,0,
core_C1294,43916,36831,1,270,4600,4676,21509600,0,-1,69,172,0,
core_C916,57960,78832,1,90,4485,4701,21083985,0,-1,210,613,1,
core_C176,63161,38974,0,90,3404,3412,11614448,0,-1,466,406,0,
core_C342,15364,77972,0,0,4157,2760,11473320,0,-1,-1,253,0,
core_C586,15364,75120,0,180,4335,2852,12363420,0,-1,252,328,0,
core_C271,60944,7628,1,90,2530,7665,19392450,0,6,280,512,1,
core_C327,43225,32354,0,0,5205,2484,12929220,0,-1,-1,19,0,
core_C1293,47766,73169,1,90,3565,5531,19718015,0,-1,96,609,0,
core_C1081,15249,62166,1,180,7803,2530,19741590,0,-1,520,16,0,
core_C1361,37536,97123,0,270,2024,6411,12975864,0,552,-1,599,0,
core_C840,10189,91655,1,180,4537,4485,20348445,0,-1,130,641,0,
core_C1374,55292,0,0,270,2024,6282,12714768,0,-1,-1,543,1,
core_C953,45356,107455,0,90,2024,6459,13073016,0,521,52,454,0,
core_C849,58642,11066,0,0,6336,2024,12824064,0,212,-1,138,1,
core_C1532,10654,23636,0,270,2208,5821,12852768,0,590,617,370,0,
core_C1328,35604,37359,0,0,5179,2484,12864636,0,-1,14,623,0,
core_C1319,73214,49496,0,270,2116,6442,13631272,0,-1,-1,376,1,
core_C1527,52877,61235,1,90,2875,7249,20840875,0,-1,58,426,0,
core_C838,21620,24651,0,0,6356,2116,13449296,0,-1,232,194,0,
core_C317,13052,118610,1,0,7957,2645,21046265,0,-1,-1,183,1,
core_C778,52785,26160,1,0,7351,2875,21134125,0,-1,579,303,0,
core_C329,33718,39560,1,0,7358,2875,21154250,0,-1,150,25,0,
core_C76,68080,105084,1,0,7597,2990,22715030,0,-1,555,516,1,
core_C1463,0,13233,1,270,3795,6022,22853490,0,-1,389,338,0,
core_C520,60904,73055,0,90,2024,4338,8780112,0,-1,535,246,0,
core_C214,53360,63690,0,90,2024,6117,12380808,0,-1,153,5,0,
core_C1052,33580,81619,0,90,2024,6145,12437480,0,-1,551,200,0,
core_C1524,33580,43808,0,90,2024,6213,12575112,0,-1,179,51,0,
core_C1004,62653,84756,1,90,2530,7770,19658100,0,-1,-1,375,0,
core_C5,0,28275,0,270,3588,3601,12920388,0,105,111,86,0,
core_C442,15824,114905,0,0,6385,2024,12923240,0,580,314,137,0,
core_C250,60944,15293,1,90,2530,7992,20219760,0,-1,-1,254,0,
core_C1246,11868,118676,0,90,2024,6240,12629760,0,524,-1,245,0,
core_C885,41400,55177,1,180,6366,3105,19766430,0,125,-1,478,1,
core_C1694,49312,73472,0,0,3625,3588,13006500,0,181,405,100,0,
core_C921,41170,120835,1,0,4485,4485,20115225,0,-1,-1,326,0,
core_C1656,39179,11282,0,270,2944,4428,13036032,0,399,107,337,1,
core_C12,11868,99537,0,90,2852,4459,12717068,0,-1,189,640,0,
core_C164,25576,81047,0,0,6447,2024,13048728,0,-1,87,196,0,
core_C205,37536,89799,0,0,3665,3588,13150020,0,407,614,429,1,
core_C290,32432,9427,0,0,6345,2024,12842280,0,40,-1,309,1,
core_C132,45356,122286,0,180,5318,2484,13209912,0,216,149,645,0,
core_C715,7659,108835,1,0,4623,4600,21265800,0,-1,377,77,0,
core_C1296,61148,85971,0,90,2116,6458,13665128,0,308,-1,128,1,
core_C1649,23552,11989,0,90,2024,6590,13338160,0,440,-1,421,0,
core_C1517,70725,94530,1,90,2875,7283,20938625,0,-1,-1,37,1,
core_C1082,26588,111206,1,90,2185,7174,15675190,0,352,-1,42,1,
core_C730,0,53491,0,0,4559,2944,13421696,0,635,484,499,0,
core_C275,55384,92302,0,90,2024,6631,13421144,0,128,-1,511,0,
core_C1559,39100,21116,0,90,2024,6632,13423168,0,-1,-1,4,1,
core_C567,57960,88018,1,0,4693,4485,21048105,0,375,44,210,0,
core_C557,57960,98161,1,0,7321,2875,21047875,0,-1,73,46,0,
core_C1383,64541,13090,0,90,2116,6761,14306276,0,-1,185,221,1,
core_C515,52877,77500,1,270,2990,6076,18167240,0,-1,61,404,0,
core_C397,52785,23285,1,0,8691,2875,24986625,0,-1,269,459,0,
core_C604,3956,92739,0,180,3502,3404,11920808,0,-1,409,546,0,
core_C736,36340,107448,1,90,2415,7900,19078500,0,0,-1,482,1,
core_C1498,41124,15710,0,90,2024,6208,12564992,0,-1,-1,14,1,
core_C816,25576,91535,0,90,2024,6399,12951576,0,507,-1,225,0,
core_C873,63264,79693,0,90,2024,6400,12953600,0,371,577,292,1,
core_C609,27876,83071,0,0,4556,2852,12993712,0,289,-1,87,1,
core_C1423,67436,75532,0,0,5742,2208,12678336,0,75,581,11,0,
core_C782,23552,68023,0,90,2024,6435,13024440,0,-1,583,342,0,
core_C21,0,95017,1,90,3680,5538,20379840,0,-1,514,457,0,
core_C507,62836,59306,0,90,3588,3674,13182312,0,-1,220,229,1,
core_C1157,15824,116929,0,180,6353,2024,12858472,0,89,-1,279,0,
core_C1096,48745,28481,0,90,3588,3690,13239720,0,-1,468,106,0,
core_C724,52785,16151,1,0,5629,3680,20714720,0,512,459,359,0,
core_C352,63388,94974,0,90,2024,6548,13253152,0,146,-1,586,1,
core_C1136,43611,20332,1,90,2530,8225,20809250,0,339,-1,529,1,
core_C491,65550,87170,1,0,5666,3680,20850880,0,-1,553,469,0,
core_C1377,0,122581,0,180,5807,2300,13356100,0,-1,-1,327,0,
core_C435,23874,9956,1,90,2645,8294,21937630,0,430,224,467,0,
core_C1291,48671,20332,1,90,2760,8378,23123280,0,-1,-1,339,1,
core_C1012,18837,10195,1,270,2185,4655,10171175,0,-1,-1,382,0,
core_C918,19872,89161,0,270,2576,4002,10309152,0,-1,540,38,0,
core_C1705,43916,48156,1,0,5183,3335,17285305,0,115,35,69,0,
core_C1102,41170,112310,1,90,2300,7569,17408700,0,417,284,145,1,
core_C792,0,61587,0,270,1932,5882,11364024,0,20,320,550,0,
core_C1153,15364,69453,0,90,2116,5667,11991372,0,-1,253,29,1,
core_C1706,45885,113352,1,90,2415,7779,18786285,0,209,72,462,1,
core_C763,71300,97676,0,90,2116,5688,12035808,0,-1,626,187,0,
core_C1008,17669,80732,0,90,2024,6126,12399024,0,-1,-1,442,1,
core_C1000,11868,108616,0,0,3595,3588,12898860,0,-1,245,189,0,
core_C1461,12719,100740,1,90,2530,7969,20161570,0,16,355,152,1,
core_C1060,53360,6282,0,0,5699,2208,12583392,0,116,369,543,0,
core_C1104,71300,109160,0,270,2208,5888,13000704,0,-1,-1,436,0,
core_C363,38916,0,0,0,6430,2024,13014320,0,126,-1,180,1,
core_C550,32906,11451,0,0,6273,2024,12696552,0,285,-1,226,1,
core_C965,0,5175,1,90,2530,8058,20386740,0,142,272,528,0,
core_C9,46141,20332,1,90,2530,7859,19883270,0,322,-1,318,1,
core_C1003,0,45323,1,180,4550,4370,19883500,0,-1,643,362,0,
core_C1554,71346,62795,1,90,2760,7244,19993440,0,-1,-1,83,0,
core_C746,23552,61696,0,90,2024,6327,12805848,0,-1,311,45,0,
core_C870,5520,14538,0,180,4464,2944,13142016,0,-1,198,122,0,
core_C626,23552,91838,0,270,2024,6493,13141832,0,26,50,135,0,
core_C1541,31556,95675,0,90,2024,6334,12820016,0,4,532,519,1,
core_C1631,27600,95675,0,180,3667,3496,12819832,0,-1,633,435,0,
core_C1362,16307,5635,1,90,2530,8129,20566370,0,382,-1,349,1,
core_C88,51336,61897,0,90,2024,6508,13172192,0,-1,-1,363,1,
core_C786,13777,5635,1,270,2530,7928,20057840,0,347,-1,1,1,
core_C1168,21123,102970,0,90,2024,6516,13188384,0,-1,356,395,0,
core_C186,43470,107602,1,180,6645,3105,20632725,0,-1,559,182,0,
core_C38,28773,111206,1,0,4605,4600,21183000,0,-1,598,295,1,
core_C508,55384,87426,0,0,5752,2300,13229600,0,-1,511,30,0,
core_C950,52785,31565,1,0,7945,2645,21014525,0,151,361,579,0,
core_C1166,12719,108709,1,0,7995,2645,21146775,0,477,-1,333,0,
core_C404,21123,109486,0,90,1748,5419,9472412,0,-1,-1,350,0,
core_C539,5520,10306,0,0,6915,2208,15268320,0,437,122,439,0,
core_C1397,15249,104686,1,0,7073,2300,16267900,0,-1,-1,166,0,
core_C1513,52785,8625,1,90,2415,7526,18175290,0,-1,316,480,0,
core_C633,5152,89010,1,180,4361,4255,18556055,0,-1,536,184,0,
core_C1604,52785,34210,1,0,7909,2415,19100235,0,-1,139,354,0,
core_C1426,0,38904,1,90,2990,6419,19192810,0,-1,340,386,0,
core_C1338,49312,62354,0,90,2024,6177,12502248,0,348,100,81,0,
core_C263,49081,50562,0,90,2208,5526,12201408,0,-1,-1,508,0,
core_C1324,33580,56418,0,90,2024,6376,12905024,0,-1,91,179,0,
core_C1572,39420,50692,1,0,4496,4485,20164560,0,172,-1,415,1,
core_C167,49312,102543,0,0,3604,3588,12931152,0,-1,144,241,0,
core_C693,41492,108197,0,90,2024,6404,12961696,0,64,-1,238,0,
core_C1521,53360,8490,0,0,5223,2484,12973932,0,156,138,334,0,
core_C503,10654,20784,0,180,4442,2852,12668584,0,227,263,575,1,
core_C1626,65288,79693,0,90,2024,6445,13044680,0,-1,-1,308,1,
core_C861,63020,101036,1,90,2530,7878,19931340,0,176,373,526,1,
core_C354,63020,108914,1,90,2530,8121,20546130,0,516,465,372,0,
core_C975,41492,96329,0,180,5263,2576,13557488,0,-1,625,612,0,
core_C1536,62653,76590,1,90,2530,8166,20659980,0,-1,277,299,1,
core_C1702,67436,49496,0,0,5778,2300,13289400,0,265,11,392,0,
core_C622,7659,113435,1,0,8254,2530,20882620,0,567,-1,291,0,
core_C1225,0,58663,1,180,4661,4600,21440600,0,-1,588,486,0,
core_C1515,45356,117410,0,180,4825,2392,11541400,0,-1,645,52,0,
core_C1412,60904,53589,0,90,1932,6175,11930100,0,148,-1,190,0,
core_C115,27329,122142,0,270,2208,5601,12367008,0,639,-1,501,1,
core_C1062,18837,2530,1,270,2530,7665,19392450,0,-1,323,347,1,
core_C166,24058,111206,1,90,2530,7690,19455700,0,-1,42,3,0,
core_C341,7912,64853,0,90,2852,4541,12950932,0,504,197,448,0,
core_C1077,49312,89277,0,180,3609,3588,12949092,0,-1,400,523,0,
core_C196,0,34419,1,180,4512,4485,20236320,0,-1,362,123,0,
core_C1115,48745,18949,0,180,4428,2852,12628656,0,-1,604,397,0,
core_C643,10764,67429,0,0,6248,2024,12645952,0,-1,-1,504,0,
core_C1538,0,19255,1,90,3105,6539,20303595,0,-1,589,272,0,
core_C821,14459,11952,0,0,5230,2484,12991320,0,-1,-1,56,0,
core_C852,13735,0,0,90,2484,5135,12755340,0,228,-1,98,1,
core_C545,67436,47472,0,0,6469,2024,13093256,0,-1,376,12,0,
core_C438,58880,18932,0,90,2024,6469,13093256,0,629,398,428,0,
core_C832,33718,0,1,0,7889,2530,19959170,0,-1,25,32,1,
core_C1480,21123,96659,0,90,2024,6311,12773464,0,-1,350,137,1,
core_C1477,23552,108208,0,90,2944,4452,13106688,0,71,651,162,0,
core_C109,48745,12452,0,90,2024,6497,13149928,0,-1,387,19,1,
core_C941,58880,25401,0,90,2024,6512,13180288,0,-1,-1,393,0,
core_C962,42123,6502,0,0,6507,2116,13768812,0,-1,-1,285,1,
core_C630,49312,92865,0,270,2944,4584,13495296,0,-1,241,385,0,
core_C1529,11500,124916,0,0,6541,2116,13840756,0,-1,-1,24,1,
core_C801,47012,67937,0,90,2116,6583,13929628,0,-1,-1,7,1,
core_C881,19872,18317,0,90,1748,5794,10127912,0,472,54,193,0,
core_C807,52877,73130,1,180,4453,4370,19459610,0,-1,302,58,0,
core_C1601,49312,77060,0,90,2208,5659,12495072,0,-1,571,283,0,
core_C552,63161,32787,0,90,2024,6187,12522488,0,-1,251,221,0,
core_C1238,41201,21918,0,90,2024,6386,12925264,0,19,473,288,1,
core_C1120,52877,121490,1,0,4523,4370,19765510,0,452,-1,595,0,
core_C612,3956,96143,0,90,2024,6270,12690480,0,-1,203,304,0,
core_C382,28773,115921,1,180,4563,4485,20465055,0,-1,493,598,0,
core_C269,72099,46778,1,90,2530,7907,20004710,0,-1,-1,143,0,
core_C1534,51336,42900,0,90,2024,6500,13156000,0,543,441,67,0,
core_C143,33580,93950,0,90,2024,6513,13182312,0,594,-1,551,0,
core_C1202,53360,98933,0,90,2944,4483,13197952,0,-1,-1,632,0,
core_C790,33810,50692,1,180,5610,3680,20644800,0,366,534,572,0,
core_C1422,55246,111310,1,0,7480,2760,20644800,0,-1,-1,548,0,
core_C911,43470,101392,1,180,6656,3105,20666880,0,-1,182,326,1,
core_C1318,52969,114070,1,270,2875,7420,21332500,0,-1,-1,450,0,
core_C1098,63264,91228,0,90,3588,3746,13440648,0,-1,-1,577,0,
core_C1597,72099,15819,1,90,2645,7967,21072715,0,-1,531,103,0,
core_C610,23552,9413,0,0,5251,2576,13526576,0,460,293,193,1,
core_C104,60904,18794,0,90,2300,6032,13873600,0,-1,158,629,0,
core_C1460,67436,89144,0,270,3036,4694,14250984,0,-1,90,186,0,
core_C624,17737,68268,0,90,2116,6709,14196244,0,-1,-1,55,0,
core_C379,15824,99537,0,180,3756,1748,6565488,0,-1,616,524,1,
core_C1522,52877,57210,1,180,4104,4025,16518600,0,-1,266,601,1,
core_C478,67436,97334,0,90,1840,5858,10778720,0,547,-1,90,0,
core_C1341,58880,13090,0,90,1932,5842,11286744,0,-1,393,23,1,
core_C6,35604,89799,0,90,1932,5964,11522448,0,288,202,2,0,
core_C377,26519,9956,1,90,2415,7778,18783870,0,-1,537,321,1,
core_C1339,1932,87623,0,90,2024,6127,12401048,0,-1,59,503,0,
core_C489,44873,0,1,90,2530,7686,19445580,0,223,53,488,1,
core_C1487,49036,38515,0,90,2024,6155,12457720,0,-1,-1,164,1,
core_C920,43976,61058,0,180,5105,2484,12680820,0,508,-1,634,0,
core_C189,27600,93467,0,0,5894,2208,13013952,0,-1,346,507,0,
core_C956,71300,106216,0,180,4440,2944,13071360,0,-1,335,626,0,
core_C1164,12435,6166,0,90,2024,6314,12779536,0,56,-1,357,1,
core_C42,51612,120970,0,90,2944,4489,13215616,0,-1,-1,149,1,
core_C1402,5520,8190,0,0,6441,2116,13629156,0,-1,357,70,0,
core_C1378,25576,11989,0,90,2024,6579,13315896,0,-1,-1,293,1,
core_C488,51336,49400,0,90,2024,6594,13346256,0,-1,121,412,0,
core_C703,11868,95213,0,0,5801,2300,13342300,0,331,640,636,1,
core_C399,65550,112881,1,180,7276,2875,20918500,0,-1,563,465,1,
core_C656,57965,37378,0,0,5196,2576,13384896,0,221,-1,483,1,
core_C854,38755,98731,1,0,7961,2645,21056845,0,-1,177,0,0,
core_C768,13892,120977,0,0,4591,2944,13515904,0,646,-1,490,0,
core_C125,41492,101113,0,0,3771,3588,13530348,0,-1,238,625,0,
core_C281,7912,62185,0,180,5377,2668,14345836,0,650,384,518,1,
core_C696,47260,74520,0,90,2024,6397,12947528,0,-1,-1,585,1,
core_C1483,52969,97166,1,90,2185,7177,15681745,0,600,418,595,1,
core_C865,23966,25991,1,0,3850,3795,14610750,0,-1,22,620,0,
core_C556,57400,114070,1,270,3565,5674,20227810,0,-1,-1,408,1,
core_C1408,33810,67344,1,0,4485,4485,20115225,0,478,522,565,0,
core_C632,45356,101113,0,90,2024,6342,12836208,0,124,261,64,1,
core_C1542,52118,0,1,0,5510,3565,19643150,0,-1,-1,215,1,
core_C836,41492,58574,0,90,2484,5315,13202460,0,634,36,17,0,
core_C872,0,90647,1,0,4595,4370,20080150,0,-1,312,95,0,
core_C361,58880,39954,0,90,2024,6510,13176240,0,554,568,5,1,
core_C570,52785,19831,1,0,7851,2530,19863030,0,-1,303,316,0,
core_C233,28803,0,0,90,3496,3624,12669504,0,644,-1,421,1,
core_C675,15249,84446,1,0,7944,2645,21011880,0,-1,33,204,0,
core_C456,43470,113352,1,90,2415,7483,18071445,0,329,-1,559,0,
core_C1703,19872,5273,0,0,6702,2116,14181432,0,-1,140,39,0,
core_C1216,15096,26106,0,0,4563,3036,13853268,0,-1,570,227,0,
core_C702,63020,117035,1,90,2530,8262,20902860,0,443,578,373,0,
core_C1320,63161,42386,0,270,2024,6603,13364472,0,-1,-1,251,0,
core_C392,23874,2530,1,270,2875,7426,21349750,0,-1,321,542,1,
core_C298,48745,32171,0,90,2024,6344,12840256,0,-1,-1,315,0,
core_C1428,65550,84640,1,0,7930,2530,20062900,0,-1,319,176,0,
core_C463,0,77307,1,0,4581,4485,20545785,0,-1,119,505,0,
core_C240,0,113895,1,90,2530,8095,20480350,0,97,-1,157,0,
core_C524,21620,18579,0,180,6282,2024,12714768,0,-1,495,403,1,
core_C396,41201,28304,0,90,2024,6440,13034560,0,-1,-1,407,0,
core_C62,33810,77240,1,270,3105,6559,20365695,0,-1,582,522,0,
core_C434,16987,16736,0,90,2024,6426,13006224,0,-1,-1,638,1,
core_C1591,19872,42837,0,90,2484,5096,12658464,0,-1,545,218,0,
core_C564,20714,106986,1,90,2530,8006,20255180,0,-1,-1,355,1,
core_C311,38295,55177,1,90,3105,6524,20257020,0,282,-1,453,1,
core_C391,41492,94047,0,180,5852,2208,12921216,0,-1,612,593,0,
core_C1537,52785,6095,1,180,7962,2530,20143860,0,-1,359,167,0,
core_C1128,55246,97166,1,90,2530,7732,19561960,0,113,548,600,1,
core_C1314,33810,107448,1,90,2530,7646,19344380,0,305,-1,201,0,
core_C1586,53360,37378,0,180,4605,2300,10591500,0,444,5,23,0,
core_C1608,0,56435,0,0,4779,3036,14509044,0,49,550,296,0,
core_C194,52785,54335,1,0,7297,2875,20978875,0,-1,601,174,0,
core_C67,0,54178,1,180,4607,4485,20662395,0,-1,378,643,0,
core_C1510,41261,2024,0,90,2944,4478,13183232,0,168,-1,40,1,
core_C814,42343,0,1,270,2530,8132,20573960,0,432,-1,25,1,
core_C874,72099,31525,1,90,2760,7455,20575800,0,-1,143,531,0,
core_C735,13892,118953,0,0,6319,2024,12789656,0,-1,446,524,0,
core_C898,19872,72800,0,180,3650,3496,12760400,0,-1,79,222,0,
core_C1355,1932,118971,0,90,3588,3610,12952680,0,-1,-1,43,0,
core_C1073,28773,120406,1,90,2415,7906,19092990,0,32,-1,410,0,
core_C1675,13777,14850,1,180,7955,2530,20126150,0,-1,101,10,1,
core_C1567,21620,20603,0,180,6188,2024,12524512,0,-1,194,472,0,
core_C687,68080,79350,1,180,7681,2530,19432930,0,-1,506,114,0,
core_C754,72099,0,1,90,2415,7669,18520635,0,-1,103,6,1,
core_C805,47380,86843,0,90,1932,6093,11771676,0,175,-1,124,0,
core_C1474,0,48689,0,270,2300,4802,11044600,0,-1,296,217,0,
core_C722,35195,127270,0,0,4890,1472,7198080,0,-1,-1,639,1,
core_C107,25029,120670,0,90,2300,5852,13459600,0,381,-1,89,1,
core_C40,41492,65821,0,0,6360,2116,13457760,0,-1,7,36,0,
core_C859,1932,85323,0,180,5839,2300,13429700,0,-1,431,20,0,
core_C670,10764,65129,0,0,5764,2300,13257200,0,-1,388,384,1,
core_C1479,0,72822,1,180,4578,4485,20532330,0,-1,470,159,0,
core_C447,68080,81880,1,0,7201,2760,19874760,0,-1,-1,496,0,
core_C1636,27600,91535,0,180,5840,1932,11282880,0,-1,435,307,1,
core_C839,49081,44670,0,90,1840,5892,10841280,0,-1,364,434,1,
core_C1344,12402,29997,0,270,2116,6738,14257608,0,-1,-1,141,1,
core_C1575,7567,115965,1,0,7986,2645,21122970,0,117,-1,619,0,
core_C1156,55384,89726,0,0,5215,2576,13433840,0,-1,297,353,0,
core_C835,58414,8625,1,90,2530,7944,20098320,0,254,-1,316,1,
core_C1663,29624,111147,0,0,5814,2208,12837312,0,-1,-1,519,0,
core_C1671,0,100555,1,0,4579,4485,20536815,0,-1,569,312,0,
core_C595,38755,105746,1,90,3105,6564,20381220,0,-1,145,177,0,
core_C1615,65550,105084,1,90,2530,7797,19726410,0,271,-1,373,1,
core_C221,47766,60623,1,90,3105,6353,19726065,0,-1,231,125,0,
core_C800,5980,96143,0,90,1932,6321,12212172,0,448,78,173,1,
core_C54,29624,99171,0,90,1932,6294,12160008,0,345,513,633,1,
core_C798,15249,64696,1,90,2415,7848,18952920,0,-1,178,257,0,
core_C314,47380,92936,0,90,1932,6244,12063408,0,-1,-1,261,1,
core_C1616,33810,71829,1,90,3565,5411,19290215,0,-1,474,453,0,
core_C986,49312,87253,0,180,3219,2024,6515256,0,-1,385,571,0,
core_C1325,13892,112204,0,90,1932,6132,11847024,0,425,490,281,1,
core_C851,52785,49735,1,180,5819,1725,10037775,0,-1,174,102,0,
core_C452,60375,101036,1,90,2645,6659,17613055,0,372,-1,73,1,
core_C1395,60904,48989,0,0,6062,2300,13942600,0,-1,190,554,0,
core_C659,0,2530,1,0,7995,2645,21146775,0,131,338,244,0,
core_C1336,41081,39560,1,90,2530,8253,20880090,0,318,-1,150,1,
core_C31,23966,23369,1,0,7987,2530,20207110,0,-1,620,618,1,
core_C521,72099,23786,1,90,2530,7739,19579670,0,-1,489,420,0,
core_C86,31556,102009,0,270,2208,5550,12254400,0,-1,649,345,0,
core_C751,71300,89144,0,90,2116,5588,11824208,0,-1,187,547,1,
core_C1063,33810,54372,1,180,4225,4140,17491500,0,-1,587,415,0,
core_C150,60904,77393,0,180,6172,2300,14195600,0,-1,165,273,0,
core_C823,5152,93265,1,270,3105,6596,20480580,0,-1,129,360,0,
core_C741,26519,17734,1,180,6420,3105,19934100,0,-1,-1,430,0,
core_C1241,18354,64696,1,90,2415,7330,17701950,0,542,41,178,1,
core_C634,67436,85096,0,180,5947,1840,10942480,0,-1,186,628,0,
core_C389,19872,93163,0,0,3567,3496,12470232,0,-1,-1,324,0,
core_C39,57776,61738,1,270,2415,7686,18561690,0,206,611,113,0,
core_C776,20769,64696,1,90,3105,6443,20005515,0,467,-1,538,1,
core_C1038,53360,0,0,90,1932,5932,11460624,0,260,334,412,1,
core_C1360,37536,93461,0,180,3645,3588,13078260,0,-1,599,614,0,
core_C1346,19872,47933,0,0,3521,3496,12309416,0,-1,110,476,0,
core_C423,3956,87623,0,90,2392,5116,12237472,0,-1,304,59,1,
core_C280,69276,97334,0,90,2024,6339,12830136,0,533,-1,427,1,
core_C1669,55246,108550,1,0,7411,2760,20454360,0,-1,416,481,0,
core_C1330,18786,0,1,0,7986,2530,20204580,0,-1,-1,631,1,
core_C63,0,59471,0,0,6434,2116,13614344,0,-1,327,484,0,
core_C1342,33580,87764,0,90,1932,6186,11951352,0,-1,413,275,0,
core_C1236,39560,97049,0,90,1932,6045,11678940,0,17,-1,258,1,
core_C641,65550,90850,1,90,4370,4600,20102000,0,192,199,319,0,
core_C523,60904,39954,0,270,2116,6386,13512776,0,-1,527,458,1,
core_C871,68080,108074,1,0,6491,3220,20901020,0,-1,-1,271,0,
core_C1410,5060,10465,1,180,8071,2645,21347795,0,-1,610,576,0,
core_C1207,33580,68859,0,90,2024,6560,13277440,0,-1,200,91,0,
core_C1259,61364,101522,0,180,3571,3496,12484216,0,15,-1,586,0,
core_C353,43470,110707,1,180,7101,2645,18782145,0,-1,462,351,0,
core_C909,53360,82416,0,90,2024,6596,13350304,0,-1,632,133,0,
core_C1690,33810,88169,1,180,4733,3105,14695965,0,-1,240,582,0,
core_C1337,33396,2944,0,90,3496,3628,12683488,0,180,211,647,1,
core_C1617,65550,115756,1,0,5596,3680,20593280,0,-1,-1,443,0,
core_C204,17227,19795,1,180,6330,3105,19654650,0,-1,-1,214,1,
core_C312,33810,62974,1,180,4469,4370,19529530,0,-1,453,615,0,
core_C136,59432,95982,0,90,1932,6350,12268200,0,586,-1,574,1,
core_C1535,15913,111354,1,180,4387,4370,19171190,0,-1,-1,377,1,
core_C219,58880,59764,0,0,3695,3680,13597600,0,-1,-1,458,0,
core_C390,0,105040,1,0,4715,4485,21146775,0,-1,157,514,0,
core_C1465,15096,29142,0,90,2024,6271,12692504,0,-1,161,464,0,
core_C1262,49312,82719,0,270,2944,4534,13348096,0,-1,523,405,0,
core_C1121,33810,48047,1,180,7992,2645,21138840,0,-1,415,597,0,
core_C549,19872,63523,0,180,3669,3496,12826824,0,-1,222,88,0,
core_C697,57408,95982,0,90,2024,6215,12579160,0,566,21,128,0,
core_C1674,6987,34944,0,0,3667,3496,12819832,0,370,-1,621,1,
core_C713,5060,7820,1,0,7951,2645,21030395,0,-1,556,97,1,
core_C409,63264,86138,0,90,2484,5090,12643560,0,-1,419,308,0,
core_C437,63020,125297,1,0,7473,2300,17187900,0,-1,-1,465,0,
core_C24,52785,29035,1,180,7810,2530,19759300,0,-1,354,269,0,
core_C766,22209,118186,0,180,5124,2484,12728016,0,104,-1,279,1,
core_C1,67436,77740,0,90,1656,5240,8677440,0,82,608,310,0,
core_C635,33810,83799,1,180,4447,4370,19433390,0,-1,561,474,0,
core_C771,23552,74458,0,90,2024,6607,13372568,0,-1,248,311,0,
core_C1179,15249,79386,1,0,7788,2530,19703640,0,-1,204,178,0,
core_C1632,41492,91673,0,0,5768,2300,13266400,0,449,593,7,0,
core_C1657,61364,94974,0,90,2024,6404,12961696,0,317,558,566,1,
core_C112,33810,58512,1,180,4469,4370,19529530,0,-1,615,534,0,
core_C127,0,63263,1,180,5058,3335,16868430,0,-1,159,378,0,
core_C793,0,25794,1,180,4324,4140,17901360,0,-1,123,389,0,
core_C1507,12862,23636,0,90,2024,6361,12874664,0,-1,-1,263,1,
core_C71,47380,93959,1,90,2760,7433,20515080,0,-1,-1,47,0,
core_C1359,15249,93416,1,0,5631,3680,20722080,0,233,242,74,0,
core_C1036,41492,93973,0,90,92,74,6808,0,-1,479,585,0,
core_C1240,35604,37211,0,270,92,74,6808,0,-1,623,413,1,
core_C1628,52877,97281,1,180,92,115,10580,0,450,408,622,0,
core_C1061,33718,47955,1,180,92,115,10580,0,597,-1,136,0,
core_C473,33810,47955,1,270,115,92,10580,0,-1,572,596,1,
core_C1110,28773,115806,1,0,92,115,10580,0,-1,410,352,0,
core_C1147,37536,97049,0,270,92,74,6808,0,-1,258,544,0,
core_C1200,55154,97166,1,180,92,115,10580,0,481,-1,450,1,
core_C1501,52785,57210,1,0,92,115,10580,0,426,-1,485,0,
core_C1650,10654,29531,0,90,92,74,6808,0,-1,141,617,0,
core_C994,23966,69116,1,0,92,115,10580,0,-1,606,207,0,
core_C982,48745,21801,0,270,92,74,6808,0,-1,106,387,0,
core_C946,10654,33139,0,270,92,74,6808,0,-1,-1,141,0,
core_C652,23966,69231,1,0,92,115,10580,0,171,-1,603,0,
core_C674,49312,112432,0,90,92,74,6808,0,-1,57,648,0,
core_C26,67436,82980,0,0,74,92,6808,0,-1,628,581,0,
core_C743,47766,73077,1,90,115,92,10580,0,-1,256,231,0,
core_C843,5060,13110,1,0,92,115,10580,0,1,247,556,0,
core_C819,57776,69424,1,0,92,115,10580,0,147,-1,541,0,
core_C806,41492,96255,0,270,92,74,6808,0,-1,374,479,0,
core_C1494,57868,78832,1,0,92,115,10580,0,250,-1,169,0,
core_C1434,37536,93387,0,90,92,74,6808,0,-1,544,288,0,
core_C1416,33810,62882,1,270,115,92,10580,0,-1,565,587,0,
core_C169,15824,101285,0,90,92,74,6808,0,-1,109,425,0,
core_C267,10654,29457,0,90,92,74,6808,0,-1,602,263,0,
core_C93,23874,23369,1,0,92,115,10580,0,530,-1,224,0,
core_C297,7567,99861,1,0,92,115,10580,0,77,510,129,1,
core_C1281,23966,25899,1,90,115,92,10580,0,-1,451,530,0,
core_C1277,6895,34944,0,90,92,74,6808,0,575,-1,49,1,
core_C140,52877,97166,1,0,92,115,10580,0,-1,595,127,0,
core_C1253,35604,37285,0,270,92,74,6808,0,-1,264,594,0,
core_C1316,9844,93189,0,0,6625,2024,13409000,0,-1,636,29,0,
core_C878,41492,98905,0,180,5843,2208,12901344,0,-1,447,374,0,
core_C1014,71300,103364,0,180,4315,2852,12306380,0,-1,436,330,0,
core_C307,4045,30712,0,0,6318,2024,12787632,0,638,-1,217,1,
core_C241,67436,83072,0,0,6582,2024,13321968,0,-1,539,608,0,
core_C1545,60904,13090,0,90,2208,5704,12594432,0,-1,422,393,1,
core_C381,67965,102439,1,180,7156,2645,18927620,0,-1,-1,37,0,
core_C87,10660,3105,1,0,8126,2530,20558780,0,549,-1,142,1,
core_C50,53360,89012,0,90,2024,6368,12888832,0,-1,414,560,0,
core_C385,27600,99171,0,90,2024,6553,13263272,0,519,-1,346,0,
core_C249,43976,58574,0,0,5050,2484,12544200,0,-1,434,456,1,
core_C97,4559,32736,0,0,5827,2208,12866016,0,93,-1,296,1,
core_C619,9844,95213,0,90,2024,6352,12856448,0,442,-1,624,0,
core_C747,24058,71646,1,180,8136,2530,20584080,0,-1,3,171,0,
core_C223,10363,16736,0,0,6624,2024,13406976,0,475,-1,627,1,
core_C1440,29537,122142,0,180,5658,2208,12492864,0,500,-1,381,1,
core_C1305,11868,97513,0,0,6572,2024,13301728,0,-1,286,442,0,
core_C783,10189,87170,1,0,4559,4485,20447115,0,-1,259,77,1,
core_C407,50023,6268,0,270,2024,6184,12516416,0,-1,-1,168,1,
core_C846,0,49693,1,180,4543,4485,20375355,0,-1,486,340,0,
core_C926,32299,0,0,180,4513,2944,13286272,0,-1,-1,460,1,
core_C1593,45356,119802,0,180,5235,2484,13003740,0,-1,290,379,0,
core_C575,18483,125104,0,0,6492,2116,13737072,0,-1,-1,446,1,
core_C588,31096,3624,0,90,2300,5803,13346900,0,562,-1,26,1,
core_C848,49312,110408,0,0,6552,2024,13261248,0,-1,607,191,0,
core_C1209,31556,107559,0,180,3710,3588,13311480,0,-1,-1,532,0,
core_C1245,13289,62185,0,0,4448,2944,13094912,0,55,-1,448,1,
core_C1040,23552,114322,0,180,6486,2024,13127664,0,-1,94,396,0,
Wirelength: 3.95647e+09
layer(tree) info:
layer: 0 ,width: 75785 ,height: 129154 ,area: 9787935890 ,blocks_area: 7397336176, filling_rate: 0.755761, utilizatio_rate: 0.755426
layer: 1 ,width: 75761 ,height: 128555 ,area: 9739455355 ,blocks_area: 7681424310, filling_rate: 0.788691, utilizatio_rate: 0.784438
random seed: 4
alpha: 0
gamma: 1
best wirelength: 3.95647e+09
initial_num_perturbs: 19560
iter: 0
best_iter: 0
best_cost: 0.185966
reject_time: 0
accept_inferior_time: 0
update_best_time: 0
adjustLegalOutline_fail_times: 0
outline_adjust_time: 141.867
initial_wirelength: 1.22786e+10
initial_average_wirelength: 6.60259e+10
1.22786e+10,initial_iter: 19560
initial_time: 231.451
total time cost: 1201.2
