name,x,y,layer,rotated_angle,width,height,area,exceed_outline_area,left,right,parent,is_from_left,
macro_C8466,27177,0,1,270,8160,9072,74027520,0,-1,95,21,1,
macro_C8467,24948,0,0,0,6369,5709,36360621,0,-1,68,103,1,
macro_C16429,29624,9072,1,90,10752,8112,87220224,0,-1,-1,31,1,
macro_C16430,34632,9999,0,0,5676,7524,42706224,0,-1,-1,89,1,
macro_C32011,32736,30624,0,90,4290,8613,36949770,0,-1,-1,7,1,
macro_C32012,30792,5709,0,180,8613,4290,36949770,0,-1,-1,123,1,
macro_C39784,8316,31251,0,180,5445,7854,42765030,0,62,-1,78,0,
macro_C39785,24882,32233,0,90,7854,5445,42765030,0,4,-1,20,1,
macro_C55552,0,0,0,270,7854,5412,42505848,0,-1,9,-1,0,
macro_C55553,0,5412,0,270,7854,5412,42505848,0,-1,27,8,0,
macro_C63404,8316,24387,0,270,7854,5412,42505848,0,-1,78,85,0,
macro_C63405,9744,26720,1,0,7728,11232,86800896,0,115,-1,52,1,
macro_C71293,10752,0,1,180,7728,11232,86800896,0,-1,-1,25,1,
macro_C71294,17424,0,0,180,5412,7854,42505848,0,70,67,30,1,
macro_C86866,0,33951,0,180,6369,5709,36360621,0,-1,-1,17,0,
macro_C86867,0,8112,1,90,10752,8112,87220224,0,77,110,25,0,
macro_C86868,8316,10131,0,0,8613,4290,36949770,0,104,121,106,0,
macro_C86869,0,28506,0,90,7854,5445,42765030,0,-1,14,28,0,
macro_C86870,0,26976,1,0,7728,11232,86800896,0,52,-1,65,0,
macro_C94576,17721,35620,0,180,6369,5709,36360621,0,-1,-1,34,0,
macro_C94577,19206,28096,0,0,5676,7524,42706224,0,7,-1,23,0,
macro_C94578,21033,0,1,270,6144,12288,75497472,0,0,-1,66,1,
macro_C94579,23876,26256,1,0,7776,11232,87340032,0,-1,-1,69,0,
macro_C94580,19206,20242,0,180,5412,7854,42505848,0,-1,20,113,0,
macro_C102137,7112,17648,1,270,8160,9072,74027520,0,66,-1,110,1,
macro_C102138,0,0,1,90,10752,8112,87220224,0,12,15,-1,0,
macro_C102139,17472,28276,1,90,6144,12288,75497472,0,-1,-1,115,0,
macro_C102140,0,10824,0,0,5445,7854,42765030,0,109,35,9,0,
macro_C102141,0,23094,0,270,7854,5412,42505848,0,-1,17,35,0,
macro_C109812,30265,17184,1,270,8160,9072,74027520,0,-1,-1,92,1,
macro_C109813,9900,1452,0,90,7524,5676,42706224,0,13,-1,72,1,
macro_C109814,17336,15648,1,180,12288,6144,75497472,0,2,-1,42,1,
macro_C109815,32390,19767,0,90,7854,5445,42765030,0,-1,-1,73,1,
macro_C109816,32373,25212,0,90,7854,5412,42505848,0,-1,-1,82,1,
core_C1,17721,15257,0,90,1485,4507,6692895,0,113,19,114,1,
core_C3,0,18678,0,270,1617,4073,6586041,0,120,28,27,0,
core_C4,14152,17358,0,90,1452,4495,6526740,0,-1,-1,57,1,
core_C5,15272,22053,1,180,6185,2448,15140880,0,-1,-1,42,0,
core_C6,26664,27742,0,270,1452,4491,6520932,0,58,-1,51,1,
core_C7,21316,10362,0,90,1782,3677,6552414,0,91,118,104,1,
core_C11,12789,7128,0,0,4493,1485,6672105,0,-1,56,105,1,
core_C13,18678,9900,0,270,1782,3596,6408072,0,-1,-1,71,1,
core_C14,15272,15648,1,270,2064,6405,13219920,0,31,37,61,0,
core_C15,24948,12705,0,180,3858,1254,4837932,0,-1,122,99,0,
core_C16,24948,6765,0,180,4090,1584,6478560,0,-1,80,68,0,
core_C18,27456,15378,0,90,2046,3091,6324186,0,46,-1,87,1,
core_C19,29502,14514,0,90,1485,3765,5591025,0,64,-1,45,1,
core_C22,32250,9999,0,270,1419,4407,6253533,0,-1,-1,49,1,
core_C23,24948,18469,0,180,4436,1452,6441072,0,100,55,87,0,
core_C24,30798,9999,0,90,1452,4395,6381540,0,47,-1,116,1,
core_C26,20658,15788,0,90,1452,4378,6356856,0,107,-1,113,1,
core_C28,24948,27742,0,90,1716,3562,6112392,0,38,-1,98,0,
core_C30,7728,26720,1,90,2016,6190,12479040,0,11,-1,18,1,
core_C31,8316,21516,0,180,4297,1419,6097443,0,-1,85,79,0,
core_C32,29486,19767,0,90,1452,4444,6452688,0,73,-1,96,1,
core_C33,24948,19921,0,180,4257,1419,6040683,0,-1,96,48,0,
core_C34,12789,8613,0,180,4596,1518,6976728,0,-1,-1,40,0,
core_C35,12733,17358,0,90,1419,4442,6303198,0,36,-1,88,1,
core_C36,28116,25663,0,90,1353,4098,5544594,0,76,84,38,1,
core_C37,30921,28807,0,90,1023,3201,3274623,0,-1,-1,82,0,
core_C38,12714,15873,0,0,4643,1485,6894855,0,-1,-1,119,1,
core_C41,15272,13536,1,180,6509,2112,13747008,0,-1,42,66,0,
core_C42,13761,29799,0,90,2541,2571,6532911,0,114,-1,6,1,
core_C43,3036,18678,0,180,4457,1452,6471564,0,-1,97,120,1,
core_C45,30987,14406,0,90,1617,4107,6641019,0,-1,-1,46,1,
core_C47,0,24816,1,180,6675,2160,14418000,0,-1,18,83,0,
core_C48,15272,11232,1,0,5761,2304,13273344,0,21,61,24,1,
core_C49,17424,7854,0,180,3079,2046,6299634,0,94,71,13,0,
core_C50,24948,5709,0,0,3201,1056,3380256,0,-1,44,1,0,
core_C51,23876,23904,1,0,5820,2256,13129920,0,-1,22,92,0,
core_C54,22836,0,0,90,1452,4363,6335076,0,-1,-1,13,1,
core_C55,17424,9900,0,90,1254,3905,4896870,0,41,-1,67,0,
core_C56,8316,1452,0,270,1584,4035,6391440,0,30,105,81,0,
core_C57,30938,19767,0,90,1452,4501,6535452,0,32,-1,54,1,
core_C58,12864,11232,1,90,2112,6416,13550592,0,-1,-1,77,1,
core_C59,24948,22792,0,0,4269,1419,6057711,0,-1,102,96,0,
core_C60,29469,24211,0,90,1452,4520,6563040,0,82,-1,58,1,
core_C61,10752,11232,1,270,2112,6415,13548480,0,74,-1,15,1,
core_C62,8316,29799,0,0,4402,1452,6391704,0,-1,6,10,0,
core_C64,8316,20229,0,0,3879,1287,4992273,0,-1,53,112,0,
core_C65,24948,8349,0,180,4381,1452,6361212,0,-1,117,44,0,
core_C66,8316,0,0,0,4492,1452,6522384,0,-1,72,108,1,
core_C67,30921,24268,0,90,1452,4539,6590628,0,33,59,76,1,
core_C68,0,22704,1,0,6625,2112,13992000,0,-1,65,111,0,
core_C72,28116,29761,0,270,2376,2430,5773680,0,-1,-1,58,0,
core_C74,8316,22935,0,0,4366,1452,6339432,0,-1,10,53,0,
core_C75,3036,21483,0,0,3985,1287,5128695,0,-1,-1,97,0,
core_C77,24948,15378,0,90,2508,2558,6415464,0,45,48,122,0,
core_C78,8316,17358,0,180,4417,1419,6267723,0,57,112,119,0,
core_C79,33213,14406,0,90,1419,4419,6270561,0,3,-1,100,1,
core_C80,21764,21792,1,90,2112,6484,13694208,0,92,-1,115,1,
core_C81,23098,4363,0,90,1452,4432,6435264,0,-1,93,39,1,
core_C82,23876,21792,1,180,6389,2112,13493568,0,29,69,90,1,
core_C83,23098,8795,0,270,1452,4440,6446880,0,-1,-1,91,0,
core_C84,20503,7854,0,0,2545,2508,6382860,0,-1,-1,67,1,
core_C85,27177,9072,1,90,2160,6538,14122080,0,-1,-1,0,0,
core_C86,24948,21340,0,0,4538,1452,6589176,0,54,75,55,0,
core_C87,3036,20130,0,180,4160,1353,5628480,0,-1,86,63,0,
core_C88,24948,25663,0,180,3151,2079,6550929,0,-1,51,102,0,
core_C89,24948,11253,0,0,4357,1452,6326364,0,-1,43,117,0,
core_C90,29384,18513,0,0,3829,1254,4801566,0,89,-1,48,1,
core_C91,0,18528,1,180,6448,2064,13308672,0,-1,111,110,0,
core_C92,24948,24211,0,0,4519,1452,6561588,0,-1,98,75,0,
core_C93,23529,15788,0,270,1419,4275,6066225,0,1,-1,107,1,
core_C94,16929,13805,0,180,4387,1452,6369924,0,39,-1,16,1,
core_C96,8316,7128,0,180,4473,1485,6642405,0,40,106,72,0,
core_C98,8316,8613,0,180,4388,1452,6371376,0,-1,16,105,0,
core_C101,22110,15788,0,90,1419,4454,6320226,0,103,-1,50,1,
core_C102,6897,10824,0,90,1419,4442,6303198,0,81,-1,109,1,
core_C104,5445,10824,0,90,1452,4421,6419292,0,108,-1,27,1,
core_C107,0,16224,1,180,7112,2304,16386048,0,24,101,15,0,
core_C108,0,20592,1,180,6538,2112,13808256,0,-1,83,101,0,
core_C109,8316,18777,0,180,4405,1452,6396060,0,-1,79,88,0,
core_C110,19206,15257,0,90,1452,4490,6519480,0,50,23,34,1,
core_C111,16302,17358,0,270,1419,4441,6301779,0,34,-1,62,1,
core_C112,17472,24501,1,0,4292,2832,12154944,0,90,26,11,1,
core_C113,29379,10155,0,90,1419,4359,6185421,0,49,-1,122,1,
core_C114,24948,9801,0,0,4392,1452,6377184,0,123,99,80,0,
core_C116,21316,14039,0,180,3620,1749,6331380,0,-1,-1,39,0,
core_C117,8316,15873,0,180,4398,1452,6385896,0,60,88,121,0,
core_C118,1617,18678,0,90,1419,4416,6266304,0,63,-1,35,1,
core_C119,8316,14421,0,180,4453,1452,6465756,0,-1,119,16,0,
core_C120,24948,13959,0,0,4431,1419,6287589,0,116,87,43,0,
core_C121,29340,5709,0,270,1452,4446,6455592,0,5,-1,117,1,
Wirelength: 8.62278e+07
layer(tree) info:
layer: 0 ,width: 40308 ,height: 41329 ,area: 1665889332 ,blocks_area: 1311083961, filling_rate: 0.787017, utilizatio_rate: 0.784167
layer: 1 ,width: 40376 ,height: 40564 ,area: 1637812064 ,blocks_area: 1291445328, filling_rate: 0.788519, utilizatio_rate: 0.772421
random seed: 2
alpha: 0
gamma: 1
best wirelength: 8.62278e+07
initial_num_perturbs: 3720
iter: 0
best_iter: 0
best_cost: 0.303327
reject_time: 0
accept_inferior_time: 0
update_best_time: 0
adjustLegalOutline_fail_times: 0
outline_adjust_time: 5.326
initial_wirelength: 6.45822e+08
initial_average_wirelength: 2.12913e+09
6.45822e+08,initial_iter: 3720
initial_time: 7.904
total time cost: 277.234
