name,x,y,layer,rotated_angle,width,height,area,exceed_outline_area,left,right,parent,is_from_left,
macro_C8466,9603,34903,0,90,5709,6369,36360621,0,88,-1,84,0,
macro_C8467,25311,29847,1,270,8160,9072,74027520,0,103,-1,11,1,
macro_C16429,6699,23166,0,180,5676,7524,42706224,0,-1,76,90,0,
macro_C16430,32271,0,1,0,8112,10752,87220224,0,-1,28,6,1,
macro_C32011,13827,18318,0,90,4290,8613,36949770,0,58,-1,50,1,
macro_C32012,1023,0,0,0,8613,4290,36949770,0,63,8,59,1,
macro_C39784,24495,0,1,180,7776,11232,87340032,0,3,69,10,1,
macro_C39785,1023,35947,0,90,7854,5445,42765030,0,-1,-1,85,0,
macro_C55552,1023,4290,0,270,7854,5412,42505848,0,116,12,5,0,
macro_C55553,26070,30030,0,180,5412,7854,42505848,0,112,-1,13,0,
macro_C63404,16767,0,1,180,7728,11232,86800896,0,6,-1,75,1,
macro_C63405,17583,29847,1,180,7728,11232,86800896,0,1,-1,55,1,
macro_C71293,1023,9702,0,90,7854,5412,42505848,0,27,47,8,0,
macro_C71294,26070,22176,0,180,5412,7854,42505848,0,110,9,43,1,
macro_C86866,11418,0,0,180,6369,5709,36360621,0,22,-1,63,1,
macro_C86867,1023,18315,0,180,5676,7524,42706224,0,29,73,44,0,
macro_C86868,28644,0,0,90,4290,8613,36949770,0,-1,-1,33,1,
macro_C86869,12375,26931,0,0,5445,7854,42765030,0,23,-1,50,0,
macro_C86870,28182,8613,0,0,5412,7854,42505848,0,21,99,20,1,
macro_C94576,6543,29998,1,90,8160,9072,74027520,0,70,-1,25,0,
macro_C94577,22506,7854,0,180,5676,7524,42706224,0,18,-1,30,1,
macro_C94578,33594,0,0,90,4290,8613,36949770,0,-1,113,18,1,
macro_C94579,17787,0,0,0,5445,7854,42765030,0,33,-1,14,1,
macro_C94580,17820,35545,0,90,7854,5412,42505848,0,98,-1,17,1,
macro_C102137,19470,23942,0,0,6369,5709,36360621,0,-1,82,94,0,
macro_C102138,6543,19246,1,0,8112,10752,87220224,0,45,19,26,0,
macro_C102139,6543,6429,1,270,6144,12288,75497472,0,41,25,96,0,
macro_C102140,8877,7821,0,0,5445,7854,42765030,0,119,-1,12,1,
macro_C102141,32271,10752,1,0,7728,11232,86800896,0,-1,-1,3,0,
macro_C109812,6699,15675,0,0,6369,5709,36360621,0,65,90,15,1,
macro_C109813,16830,7854,0,0,5676,7524,42706224,0,20,-1,119,1,
macro_C109814,0,4416,1,90,6144,12288,75497472,0,-1,40,111,0,
macro_C109815,32934,31480,0,0,5445,7854,42765030,0,123,-1,48,0,
macro_C109816,23232,0,0,0,5412,7854,42505848,0,16,-1,22,1,
core_C1,2592,16704,1,270,2112,6596,13930752,0,-1,86,40,1,
core_C3,33594,14749,0,270,2079,3168,6586272,0,114,-1,39,0,
core_C4,28252,37884,0,0,2568,2541,6525288,0,42,-1,98,1,
core_C5,29766,16467,0,180,2721,2673,7273233,0,-1,-1,99,1,
core_C6,3960,30922,0,90,1452,4491,6520932,0,-1,-1,60,1,
core_C7,33594,13132,0,0,4053,1617,6553701,0,95,35,113,0,
core_C11,0,16704,1,90,2592,5358,13887936,0,34,78,31,0,
core_C13,12687,6429,1,90,2064,6460,13333440,0,75,57,26,1,
core_C14,30820,37884,0,90,2046,3104,6350784,0,-1,-1,36,1,
core_C15,24816,15378,0,90,1254,3858,4837932,0,13,-1,71,1,
core_C16,1023,16533,0,180,3635,1782,6477570,0,-1,15,47,0,
core_C18,14655,19246,1,270,3600,3657,13165200,0,-1,72,25,1,
core_C19,24495,23935,1,90,1968,5912,11634816,0,-1,-1,91,0,
core_C22,1023,15114,0,180,4407,1419,6253533,0,-1,44,12,0,
core_C23,32934,27044,0,90,1452,4436,6441072,0,62,32,112,1,
core_C24,2112,28472,1,270,2064,6435,13281840,0,56,122,74,1,
core_C26,12375,21384,0,270,1452,4378,6356856,0,4,17,115,1,
core_C28,16767,22903,1,0,4418,2880,12723840,0,-1,-1,70,1,
core_C30,22176,15378,0,90,1386,4325,5994450,0,71,118,67,1,
core_C31,28182,20460,0,0,3553,1716,6096948,0,-1,-1,99,0,
core_C32,4983,25839,0,90,1452,4444,6452688,0,-1,-1,66,1,
core_C33,14703,35738,1,270,2880,4366,12574080,0,11,-1,70,0,
core_C34,4176,28472,1,270,2160,6724,14523840,0,-1,-1,49,1,
core_C35,12687,12889,1,90,2064,6357,13120848,0,-1,-1,41,0,
core_C36,18117,18318,0,90,1353,4098,5544594,0,79,-1,4,1,
core_C37,0,0,0,270,1023,3201,3274623,0,5,-1,-1,0,
core_C38,2475,30922,0,90,1485,4643,6894855,0,38,-1,66,0,
core_C41,8151,30690,0,270,1452,4549,6605148,0,84,-1,76,1,
core_C42,34386,25063,0,90,2079,3143,6534297,0,77,-1,48,1,
core_C43,9636,0,0,90,1782,3631,6470442,0,14,-1,5,1,
core_C45,0,0,1,0,6543,2112,13818816,0,96,111,-1,0,
core_C47,13068,15675,0,180,4563,1518,6926634,0,97,-1,29,1,
core_C48,2475,28380,0,90,2508,2542,6375336,0,54,60,85,1,
core_C49,20757,17918,0,270,1419,4440,6300360,0,52,-1,79,1,
core_C50,1023,28380,0,270,1056,3201,3380256,0,-1,85,73,0,
core_C51,24495,11232,1,270,2064,6361,13129104,0,-1,91,6,0,
core_C54,14703,29349,1,270,2064,6389,13186896,0,51,55,19,1,
core_C55,23562,15378,0,270,1254,3905,4896870,0,43,-1,52,1,
core_C56,14655,22903,1,270,2064,6446,13304544,0,-1,-1,45,0,
core_C57,1023,25839,0,0,2572,2541,6535452,0,-1,68,15,0,
core_C58,0,34897,1,90,2112,6416,13550592,0,49,-1,92,0,
core_C59,14751,0,1,270,2016,6252,12604032,0,10,-1,41,1,
core_C60,6699,30690,0,270,1452,4520,6563040,0,61,-1,2,0,
core_C61,36465,25063,0,270,1452,4482,6507864,0,107,-1,62,1,
core_C62,0,22062,1,270,2064,6446,13304544,0,-1,92,40,0,
core_C64,19470,18318,0,270,1287,3879,4992273,0,67,94,58,1,
core_C65,35970,23611,0,180,4381,1452,6361212,0,-1,-1,109,0,
core_C66,12303,0,1,90,2112,6429,13578048,0,-1,-1,120,1,
core_C67,19470,29651,0,0,4539,1452,6590628,0,101,108,24,0,
core_C68,10890,5709,0,180,3183,2112,6722496,0,-1,-1,116,1,
core_C72,9603,30690,0,270,1386,4165,5772690,0,115,0,61,1,
core_C74,1023,31581,0,90,1452,4366,6339432,0,66,7,68,0,
core_C75,2592,23300,1,270,2064,5172,10675008,0,-1,-1,34,0,
core_C77,14322,8255,0,90,2508,2558,6415464,0,-1,105,119,0,
core_C78,15312,34785,0,270,1749,3584,6268416,0,-1,117,0,1,
core_C79,34551,19190,0,90,1419,4419,6270561,0,109,-1,121,1,
core_C80,6699,21384,0,0,3691,1782,6577362,0,-1,2,29,0,
core_C81,24495,17593,1,90,2112,6342,13394304,0,-1,46,69,0,
core_C82,0,28508,1,270,2112,6389,13493568,0,-1,74,78,0,
core_C83,31482,31449,0,270,1452,4440,6446880,0,-1,-1,112,0,
core_C84,19470,22358,0,180,4030,1584,6383520,0,-1,24,79,0,
core_C85,37647,8613,0,270,1485,4569,6784965,0,-1,-1,39,1,
core_C86,6543,0,1,90,3696,3709,13708464,0,120,26,64,1,
core_C87,17631,15378,0,90,1914,2940,5627160,0,106,-1,65,1,
core_C88,25674,37884,0,0,2578,2541,6550698,0,36,-1,23,1,
core_C89,28182,16467,0,90,1584,3993,6324912,0,37,53,18,0,
core_C90,38874,13182,0,90,1254,3829,4801566,0,-1,-1,104,1,
core_C91,24009,29651,0,90,1452,4403,6393156,0,-1,-1,82,1,
core_C92,36159,8613,0,270,1452,4519,6561588,0,-1,-1,113,1,
core_C93,33471,21984,1,90,2016,6264,12628224,0,-1,-1,1,1,
core_C94,37422,14749,0,270,1452,4387,6369924,0,100,-1,109,1,
core_C96,14322,10813,0,90,1485,4473,6642405,0,-1,-1,87,0,
core_C98,19545,15378,0,270,2508,2540,6370320,0,-1,-1,97,1,
core_C101,37917,25063,0,90,2046,3089,6320094,0,-1,-1,77,1,
core_C102,19470,31103,0,270,1419,4442,6303198,0,-1,-1,82,0,
core_C104,35970,19190,0,270,1452,4421,6419292,0,104,80,89,1,
core_C107,31482,22176,0,90,1617,4868,7871556,0,121,-1,13,1,
core_C108,0,2112,1,180,5993,2304,13807872,0,-1,31,64,0,
core_C109,31482,27044,0,90,1452,4405,6396060,0,48,93,9,1,
core_C110,33594,8613,0,180,2565,2541,6517665,0,102,39,21,0,
core_C111,35673,14749,0,270,1419,4441,6301779,0,-1,-1,35,1,
core_C112,10989,30690,0,90,1386,4213,5839218,0,50,-1,84,1,
core_C113,8877,4290,0,90,2013,3072,6183936,0,83,-1,8,1,
core_C114,15312,38369,0,90,2508,2542,6375336,0,-1,-1,88,0,
core_C116,22176,19703,0,0,3620,1749,6331380,0,-1,-1,52,0,
core_C117,14322,5709,0,90,2508,2546,6385368,0,30,87,27,1,
core_C118,10239,0,1,90,2064,6319,13042416,0,81,-1,96,1,
core_C119,33099,17917,0,270,1452,4453,6465756,0,89,-1,110,1,
core_C120,2112,39070,1,180,6339,2064,13083696,0,-1,-1,49,0,
core_C121,38379,28152,0,90,1452,4446,6455592,0,-1,-1,32,1,
Wirelength: 6.62715e+08
layer(tree) info:
layer: 0 ,width: 40351 ,height: 41392 ,area: 1670208592 ,blocks_area: 1374697434, filling_rate: 0.823069, utilizatio_rate: 0.822214
layer: 1 ,width: 40383 ,height: 41313 ,area: 1668342879 ,blocks_area: 1163719872, filling_rate: 0.69753, utilizatio_rate: 0.696028
random seed: 28
alpha: 0
gamma: 1
best wirelength: 6.62715e+08
initial_num_perturbs: 15376
iter: 0
best_iter: 0
best_cost: 0.261573
reject_time: 0
accept_inferior_time: 0
update_best_time: 0
adjustLegalOutline_fail_times: 0
outline_adjust_time: 95.891
initial_wirelength: 6.66212e+08
initial_average_wirelength: 2.53357e+09
6.62715e+08,initial_iter: 15376
initial_time: 106.601
total time cost: 106.981
