name,x,y,layer,rotated_angle,width,height,area,exceed_outline_area,left,right,parent,is_from_left,
macro_C8466,10428,0,0,90,5709,6369,36360621,0,24,-1,28,1,
macro_C8467,23661,5676,0,0,6369,5709,36360621,0,-1,-1,25,1,
macro_C16429,22506,0,0,90,7524,5676,42706224,0,27,-1,24,1,
macro_C16430,29734,0,1,0,8112,10752,87220224,0,-1,104,47,1,
macro_C32011,2574,17127,0,270,4290,8613,36949770,0,83,-1,76,0,
macro_C32012,6120,18828,1,180,12288,6144,75497472,0,85,-1,103,1,
macro_C39784,8283,6369,0,90,7854,5445,42765030,0,10,73,14,1,
macro_C39785,2565,29244,1,0,7776,11232,87340032,0,113,-1,110,0,
macro_C55552,17556,29373,0,90,7854,5412,42505848,0,-1,-1,105,0,
macro_C55553,19371,23961,0,90,7854,5412,42505848,0,11,-1,105,1,
macro_C63404,16137,11385,0,90,7854,5412,42505848,0,13,36,6,1,
macro_C63405,27225,16797,0,0,5412,7854,42505848,0,20,106,9,1,
macro_C71293,31845,7854,0,180,5412,7854,42505848,0,-1,-1,13,1,
macro_C71294,23991,11385,0,90,7854,5412,42505848,0,12,-1,10,1,
macro_C86866,2574,5412,0,90,5709,6369,36360621,0,6,102,28,0,
macro_C86867,8039,15481,0,90,7524,5676,42706224,0,-1,-1,54,1,
macro_C86868,0,31185,0,0,8613,4290,36949770,0,-1,31,17,0,
macro_C86869,0,25740,0,270,7854,5445,42765030,0,65,16,55,0,
macro_C86870,9702,24809,0,270,7854,5412,42505848,0,105,-1,65,1,
macro_C94576,32637,23232,0,0,6369,5709,36360621,0,-1,-1,20,0,
macro_C94577,32637,15708,0,180,5676,7524,42706224,0,-1,19,11,1,
macro_C94578,32637,28941,0,90,4290,8613,36949770,0,-1,-1,23,1,
macro_C94579,26904,31198,1,90,11232,7776,87340032,0,-1,-1,42,0,
macro_C94580,27225,26103,0,0,5412,7854,42505848,0,21,-1,106,0,
macro_C102137,16137,0,0,180,6369,5709,36360621,0,2,25,0,1,
macro_C102138,16137,5709,0,90,7524,5676,42706224,0,1,-1,24,0,
macro_C102139,18168,28023,1,90,6144,12288,75497472,0,61,-1,92,1,
macro_C102140,30030,0,0,180,5445,7854,42765030,0,-1,-1,2,1,
macro_C102141,2574,0,0,90,7854,5412,42505848,0,0,14,111,1,
macro_C109812,16467,34785,0,270,5709,6369,36360621,0,33,-1,32,1,
macro_C109813,8613,35666,0,270,7524,5676,42706224,0,-1,-1,32,0,
macro_C109814,0,35475,0,0,8613,4290,36949770,0,32,-1,16,0,
macro_C109815,8613,30221,0,90,7854,5445,42765030,0,29,30,31,1,
macro_C109816,22176,34785,0,90,7854,5412,42505848,0,-1,-1,29,1,
core_C1,9677,24972,1,180,5374,2592,13929408,0,-1,-1,110,1,
core_C3,2565,3648,1,0,3709,3696,13708464,0,87,86,89,1,
core_C4,16137,16797,0,90,3564,1831,6525684,0,-1,114,10,0,
core_C5,29502,22531,1,270,2736,5534,15141024,0,-1,90,42,1,
core_C6,10065,11814,0,0,1829,3564,6518556,0,75,-1,73,1,
core_C7,4992,0,1,0,3739,3648,13639872,0,118,-1,53,1,
core_C11,29040,15964,1,90,5184,2679,13887936,0,-1,-1,43,1,
core_C13,13435,13001,1,90,5088,2620,13330560,0,-1,-1,82,1,
core_C14,26904,26110,1,0,2598,5088,13218624,0,37,22,61,1,
core_C15,26832,10176,1,90,2208,4560,10068480,0,40,70,60,1,
core_C16,16625,0,1,90,2592,5203,13486176,0,80,-1,123,1,
core_C18,21761,2544,1,270,2544,5175,13165200,0,117,-1,94,1,
core_C19,6274,10356,1,90,4800,2424,11635200,0,64,59,87,0,
core_C22,24617,7632,1,180,5117,2544,13017648,0,3,68,107,1,
core_C23,8897,5088,1,90,2544,5268,13401792,0,123,-1,87,1,
core_C24,13985,5203,1,180,5221,2544,13282224,0,116,99,93,1,
core_C26,19740,16797,0,180,3567,1782,6356394,0,121,79,114,1,
core_C28,0,3430,0,180,1781,3432,6112392,0,-1,78,84,0,
core_C30,8716,21157,0,0,1747,3432,5995704,0,77,-1,83,1,
core_C31,0,0,1,90,4992,2542,12689664,0,39,120,-1,0,
core_C32,6257,11781,0,270,1782,3621,6452622,0,15,-1,76,1,
core_C33,0,13003,0,0,2473,2442,6039066,0,-1,17,111,0,
core_C34,24672,20707,1,90,2688,5403,14523264,0,71,-1,60,0,
core_C35,19724,20393,0,180,4442,1419,6303198,0,-1,-1,72,1,
core_C36,6274,16428,1,0,4808,2400,11539200,0,63,-1,59,0,
core_C37,6274,12780,1,0,1868,3648,6814464,0,82,58,46,0,
core_C38,24672,13920,1,90,2160,6645,14353200,0,43,56,112,1,
core_C41,24312,26110,1,90,2592,5304,13747968,0,42,-1,26,1,
core_C42,2565,15529,1,0,2623,5184,13597632,0,-1,97,103,0,
core_C43,11082,15621,1,90,5184,2598,13468032,0,-1,-1,58,1,
core_C45,11074,10409,1,0,5331,2592,13817952,0,96,-1,46,1,
core_C47,7854,24787,0,90,1848,3748,6926304,0,18,-1,17,1,
core_C48,10341,30156,1,180,5218,2544,13274592,0,-1,95,113,0,
core_C49,18408,19221,1,0,2577,5088,13111776,0,-1,74,85,0,
core_C50,24617,10176,1,180,1879,3744,7034976,0,-1,-1,47,0,
core_C51,10341,35340,1,0,5161,2544,13129584,0,-1,-1,95,0,
core_C54,26832,18643,1,0,6389,2064,13186896,0,-1,-1,43,0,
core_C55,27360,20707,1,0,5589,1824,10194336,0,115,-1,56,1,
core_C56,16137,20377,0,180,3587,1782,6392034,0,57,-1,114,0,
core_C57,8283,11814,0,270,1782,3667,6534594,0,38,-1,6,0,
core_C58,18408,24309,1,90,3648,3714,13548672,0,112,-1,67,0,
core_C59,11894,11814,0,90,3432,1765,6057480,0,-1,-1,38,1,
core_C60,2574,15345,0,180,3683,1782,6563106,0,54,4,98,0,
core_C61,10463,21157,0,90,1782,3652,6507864,0,101,-1,52,1,
core_C62,0,6862,0,0,1793,3564,6390252,0,-1,111,51,0,
core_C64,19740,18579,0,0,3218,1551,4991118,0,119,-1,50,0,
core_C65,19217,0,1,0,5205,2544,13241520,0,-1,94,44,1,
core_C66,14027,22159,0,180,3660,1782,6522120,0,108,-1,101,1,
core_C67,8142,13001,1,0,5293,2592,13719456,0,41,-1,59,1,
core_C68,6864,21157,0,0,1852,3630,6722760,0,52,-1,4,1,
core_C72,0,0,0,90,1683,3430,5772690,0,-1,51,-1,0,
core_C74,18408,15621,1,180,3665,3600,13194000,0,107,67,5,1,
core_C75,2565,7344,1,90,2304,4633,10674432,0,-1,103,35,0,
core_C77,6274,5088,1,180,2623,5088,13345824,0,48,46,35,1,
core_C78,21185,21812,0,180,3584,1749,6268416,0,-1,-1,108,1,
core_C79,0,17409,1,0,2565,5088,13050720,0,35,-1,100,0,
core_C80,29502,28065,1,180,6484,2112,13694208,0,-1,-1,37,0,
core_C81,21589,10346,1,180,2632,5088,13391616,0,-1,-1,96,1,
core_C82,15576,24972,1,270,2592,5205,13491360,0,26,-1,113,1,
core_C83,11441,5136,1,90,2544,5273,13414512,0,49,-1,123,0,
core_C84,19217,2544,1,90,2544,5223,13287312,0,45,-1,80,0,
core_C85,10341,32700,1,180,5350,2640,14124000,0,-1,69,66,0,
core_C86,16405,10346,1,90,5184,2644,13706496,0,91,-1,64,1,
core_C87,2565,24972,1,180,5953,1968,11715504,0,-1,110,62,0,
core_C88,2574,13563,0,0,3677,1782,6552414,0,-1,76,102,0,
core_C89,13985,7747,1,180,5175,2544,13165200,0,-1,-1,49,0,
core_C90,0,12882,1,90,2208,4527,9995616,0,-1,89,109,0,
core_C91,12245,21157,0,90,1782,3588,6393816,0,81,-1,77,1,
core_C92,2574,11781,0,180,3682,1782,6561324,0,-1,98,14,0,
core_C93,2565,11977,1,0,3555,3552,12627360,0,5,62,86,0,
core_C94,29734,10752,1,90,2544,5212,13259328,0,-1,-1,3,0,
core_C96,17556,23961,0,90,1815,3659,6641085,0,9,8,18,1,
core_C98,27225,24651,0,180,4388,1452,6371376,0,-1,23,11,0,
core_C101,22073,15434,1,90,2544,5172,13157568,0,47,-1,85,1,
core_C102,17687,22159,0,90,3498,1802,6303396,0,88,-1,81,1,
core_C104,0,7630,1,90,2544,5252,13361088,0,-1,100,120,0,
core_C107,2565,26940,1,0,7112,2304,16386048,0,34,7,97,0,
core_C108,0,10426,0,90,2574,2577,6633198,0,28,55,78,0,
core_C109,22056,20606,1,180,2616,5088,13310208,0,60,-1,74,1,
core_C110,10341,27564,1,0,5235,2592,13569120,0,92,66,7,1,
core_C111,16137,18628,0,0,3603,1749,6301647,0,50,72,36,0,
core_C112,32949,20707,1,90,2448,4965,12154320,0,-1,-1,71,1,
core_C113,19206,7767,1,270,4992,2579,12874368,0,-1,-1,49,1,
core_C114,24305,2544,1,0,2608,5088,13269504,0,-1,-1,45,1,
core_C116,8731,0,1,180,2589,5088,13172832,0,122,-1,39,1,
core_C117,22958,18611,0,0,3584,1782,6386688,0,-1,-1,79,1,
core_C118,0,2542,1,0,2563,5088,13040544,0,-1,109,53,0,
core_C119,23307,16797,0,90,3564,1814,6465096,0,-1,-1,50,1,
core_C120,11320,0,1,180,5143,2544,13083792,0,-1,-1,118,1,
core_C121,11441,2544,1,180,5184,2592,13436928,0,44,93,48,1,
Wirelength: 1.0286e+08
layer(tree) info:
layer: 0 ,width: 39006 ,height: 41342 ,area: 1612586052 ,blocks_area: 1366174920, filling_rate: 0.847195, utilizatio_rate: 0.817117
layer: 1 ,width: 38136 ,height: 40476 ,area: 1543592736 ,blocks_area: 1189754832, filling_rate: 0.77077, utilizatio_rate: 0.711599
random seed: 4
alpha: 0
gamma: 1
best wirelength: 1.0286e+08
initial_num_perturbs: 15376
iter: 0
best_iter: 0
best_cost: 0.190136
reject_time: 0
accept_inferior_time: 0
update_best_time: 0
adjustLegalOutline_fail_times: 0
outline_adjust_time: 0.609
initial_wirelength: 1.15016e+09
initial_average_wirelength: 3.13476e+09
1.11566e+09,initial_iter: 15376
initial_time: 11.749
total time cost: 180.36
