name,x,y,layer,rotated_angle,width,height,area,exceed_outline_area,left,right,parent,is_from_left,
macro_C2790,0,8448,0,180,11319,8580,97117020,0,9,-1,3,0,
macro_C2791,0,0,1,0,11319,8580,97117020,0,4,2,-1,0,
macro_C2792,0,8679,1,180,11616,8448,98131968,0,8,-1,1,0,
macro_C2793,0,0,0,0,11616,8448,98131968,0,11,0,-1,0,
macro_C2794,11319,0,1,0,11352,8679,98524008,0,-1,-1,1,1,
macro_C2795,13398,0,0,270,8679,11352,98524008,0,-1,13,11,1,
core_C0,11616,15530,1,180,5542,1815,10058730,0,-1,-1,7,0,
core_C1,11616,10956,1,270,2673,4084,10916532,0,12,6,8,0,
core_C4,11616,8679,1,180,4594,2277,10460538,0,-1,7,2,1,
core_C7,11319,15366,0,0,5280,2046,10802880,0,-1,-1,0,1,
core_C9,16005,11352,0,90,2673,4014,10729422,0,-1,-1,13,1,
core_C11,11616,0,0,90,1782,5500,9801000,0,5,-1,3,1,
core_C12,14289,10956,1,270,2277,4574,10414998,0,-1,-1,7,1,
core_C13,13398,11352,0,90,2607,3924,10229868,0,10,-1,5,0,
Wirelength: 2.53892e+07
layer(tree) info:
layer: 0 ,width: 22077 ,height: 17412 ,area: 384404724 ,blocks_area: 335336166, filling_rate: 0.872352, utilizatio_rate: 0.76736
layer: 1 ,width: 22671 ,height: 17345 ,area: 393228495 ,blocks_area: 335623794, filling_rate: 0.853508, utilizatio_rate: 0.768018
random seed: 5
alpha: 0
gamma: 1
best wirelength: 2.53892e+07
initial_num_perturbs: 420
iter: 0
best_iter: 0
best_cost: 0.68955
reject_time: 0
accept_inferior_time: 0
update_best_time: 0
adjustLegalOutline_fail_times: 0
outline_adjust_time: 3.681
initial_wirelength: 5.26866e+07
initial_average_wirelength: 8.56277e+07
5.90446e+07,initial_iter: 420
initial_time: 3.722
total time cost: 4.131
