name,x,y,layer,rotated_angle,width,height,area,exceed_outline_area,left,right,parent,is_from_left,
macro_C2790,8448,0,1,0,11319,8580,97117020,0,-1,4,3,1,
macro_C2791,10659,0,0,0,11319,8580,97117020,0,-1,5,2,1,
macro_C2792,2211,6996,0,90,8448,11616,98131968,0,1,-1,9,0,
macro_C2793,0,4574,1,90,8448,11616,98131968,0,0,-1,7,0,
macro_C2794,8448,8580,1,180,11352,8679,98524008,0,-1,-1,0,0,
macro_C2795,10659,8580,0,0,11352,8679,98524008,0,-1,-1,1,0,
core_C0,6805,0,0,90,2211,4550,10060050,0,-1,-1,8,1,
core_C1,0,1815,1,0,5804,1881,10917324,0,12,3,13,0,
core_C4,2211,2673,0,0,4594,2277,10460538,0,6,9,10,0,
core_C7,2211,4950,0,0,5280,2046,10802880,0,-1,2,8,0,
core_C9,2211,0,0,0,4014,2673,10729422,0,-1,8,11,1,
core_C11,0,0,0,90,2211,4433,9801363,0,10,-1,-1,0,
core_C12,5804,0,1,90,2277,4574,10414998,0,-1,-1,7,1,
core_C13,0,0,1,180,5637,1815,10231155,0,-1,7,-1,0,
Wirelength: 1.79702e+07
layer(tree) info:
layer: 0 ,width: 22011 ,height: 18612 ,area: 409668732 ,blocks_area: 345627249, filling_rate: 0.843675, utilizatio_rate: 0.790909
layer: 1 ,width: 19800 ,height: 17259 ,area: 341728200 ,blocks_area: 325336473, filling_rate: 0.952033, utilizatio_rate: 0.744477
random seed: 10
alpha: 0
gamma: 1
best wirelength: 1.79702e+07
initial_num_perturbs: 420
iter: 0
best_iter: 0
best_cost: 0.658981
reject_time: 0
accept_inferior_time: 0
update_best_time: 0
adjustLegalOutline_fail_times: 0
outline_adjust_time: 0.003
initial_wirelength: 5.37583e+07
initial_average_wirelength: 8.15779e+07
5.37583e+07,initial_iter: 420
initial_time: 0.04
total time cost: 0.442
