name,x,y,layer,rotated_angle,width,height,area,exceed_outline_area,left,right,parent,is_from_left,
macro_C2790,11616,5637,0,180,11319,8580,97117020,0,-1,-1,13,0,
macro_C2791,0,5672,1,90,8580,11319,97117020,0,4,-1,10,0,
macro_C2792,0,10527,0,0,11616,8448,98131968,0,13,-1,3,0,
macro_C2793,0,2079,0,0,11616,8448,98131968,0,-1,2,9,0,
macro_C2794,8580,8679,1,0,11352,8679,98524008,0,-1,-1,1,1,
macro_C2795,11479,0,1,0,11352,8679,98524008,0,-1,-1,8,1,
core_C0,5704,3857,1,0,5542,1815,10058730,0,-1,-1,11,0,
core_C1,5743,0,0,0,5251,2079,10916829,0,-1,-1,9,1,
core_C4,8245,0,1,0,3234,3234,10458756,0,5,-1,11,1,
core_C7,0,0,0,0,5743,1881,10802583,0,7,3,-1,0,
core_C9,0,0,1,0,5704,1881,10729224,0,11,1,-1,0,
core_C11,5704,0,1,90,2541,3857,9800637,0,8,6,10,1,
core_C12,13431,0,0,270,2013,5174,10415262,0,-1,-1,13,1,
core_C13,11616,0,0,90,1815,5637,10231155,0,12,0,2,1,
Wirelength: 2.54485e+07
layer(tree) info:
layer: 0 ,width: 22935 ,height: 18975 ,area: 435191625 ,blocks_area: 335746785, filling_rate: 0.771492, utilizatio_rate: 0.768299
layer: 1 ,width: 22831 ,height: 17358 ,area: 396300498 ,blocks_area: 335212383, filling_rate: 0.845854, utilizatio_rate: 0.767076
random seed: 7
alpha: 0
gamma: 1
best wirelength: 2.54485e+07
initial_num_perturbs: 420
iter: 0
best_iter: 0
best_cost: 0.575727
reject_time: 0
accept_inferior_time: 0
update_best_time: 0
adjustLegalOutline_fail_times: 0
outline_adjust_time: 0.032
initial_wirelength: 4.91414e+07
initial_average_wirelength: 7.52522e+07
4.33247e+07,initial_iter: 420
initial_time: 0.071
total time cost: 0.549
