name,x,y,layer,rotated_angle,width,height,area,exceed_outline_area,left,right,parent,is_from_left,
macro_C2790,0,6925,0,90,8580,11319,97117020,0,11,-1,6,0,
macro_C2791,8679,8448,1,180,11319,8580,97117020,0,-1,-1,3,0,
macro_C2792,10362,0,0,0,11616,8448,98131968,0,-1,-1,11,1,
macro_C2793,8679,0,1,0,11616,8448,98131968,0,-1,1,4,1,
macro_C2794,0,5577,1,90,8679,11352,98524008,0,3,-1,8,0,
macro_C2795,8580,8448,0,0,11352,8679,98524008,0,-1,-1,11,0,
core_C0,0,5110,0,0,5542,1815,10058730,0,-1,0,9,0,
core_C1,0,1848,1,0,5804,1881,10917324,0,-1,8,12,0,
core_C4,0,3729,1,0,5660,1848,10459680,0,-1,4,7,0,
core_C7,0,3229,0,0,5743,1881,10802583,0,-1,6,10,0,
core_C9,0,0,0,0,4014,2673,10729422,0,13,9,-1,0,
core_C11,8580,0,0,270,1782,5500,9801000,0,2,5,0,1,
core_C12,0,0,1,0,5636,1848,10415328,0,-1,7,-1,0,
core_C13,4014,0,0,270,3168,3229,10229472,0,-1,-1,10,1,
Wirelength: 1.64375e+07
layer(tree) info:
layer: 0 ,width: 21978 ,height: 18244 ,area: 400966632 ,blocks_area: 345394203, filling_rate: 0.861404, utilizatio_rate: 0.790376
layer: 1 ,width: 20295 ,height: 17028 ,area: 345583260 ,blocks_area: 325565328, filling_rate: 0.942075, utilizatio_rate: 0.745001
random seed: 2
alpha: 0
gamma: 1
best wirelength: 1.64375e+07
initial_num_perturbs: 420
iter: 0
best_iter: 0
best_cost: 0.280952
reject_time: 0
accept_inferior_time: 0
update_best_time: 0
adjustLegalOutline_fail_times: 0
outline_adjust_time: 0.002
initial_wirelength: 2.28331e+07
initial_average_wirelength: 8.08794e+07
2.27232e+07,initial_iter: 420
initial_time: 0.041
total time cost: 0.494
