name,x,y,layer,rotated_angle,width,height,area,exceed_outline_area,left,right,parent,is_from_left,
macro_C2790,8679,8580,1,180,11319,8580,97117020,0,-1,-1,1,0,
macro_C2791,8679,0,1,0,11319,8580,97117020,0,-1,0,4,1,
macro_C2792,8679,8448,0,0,11616,8448,98131968,0,-1,-1,3,0,
macro_C2793,8679,0,0,0,11616,8448,98131968,0,-1,2,5,1,
macro_C2794,0,5660,1,90,8679,11352,98524008,0,1,-1,10,0,
macro_C2795,0,7425,0,90,8679,11352,98524008,0,3,-1,12,0,
core_C0,5804,0,0,90,1815,5542,10058730,0,-1,-1,7,1,
core_C1,0,0,0,0,5804,1881,10917324,0,6,9,-1,0,
core_C4,5704,0,1,90,1848,5660,10459680,0,-1,-1,10,1,
core_C7,0,1881,0,180,5743,1881,10802583,0,-1,13,7,0,
core_C9,0,1782,1,0,5704,1881,10729224,0,8,4,11,0,
core_C11,0,0,1,180,5500,1782,9801000,0,-1,10,-1,0,
core_C12,0,5577,0,0,5636,1848,10415328,0,-1,5,13,0,
core_C13,0,3762,0,0,5637,1815,10231155,0,-1,12,9,0,
Wirelength: 1.47221e+07
layer(tree) info:
layer: 0 ,width: 20295 ,height: 18777 ,area: 381079215 ,blocks_area: 347213064, filling_rate: 0.911131, utilizatio_rate: 0.794538
layer: 1 ,width: 19998 ,height: 17160 ,area: 343165680 ,blocks_area: 323747952, filling_rate: 0.943416, utilizatio_rate: 0.740842
random seed: 9
alpha: 0
gamma: 1
best wirelength: 1.47221e+07
initial_num_perturbs: 420
iter: 0
best_iter: 0
best_cost: 0.587781
reject_time: 0
accept_inferior_time: 0
update_best_time: 0
adjustLegalOutline_fail_times: 0
outline_adjust_time: 0.063
initial_wirelength: 5.51364e+07
initial_average_wirelength: 9.38043e+07
5.51364e+07,initial_iter: 420
initial_time: 0.1
total time cost: 1.044
