name,x,y,layer,rotated_angle,width,height,area,exceed_outline_area,left,right,parent,is_from_left,
macro_C2790,0,0,0,0,11319,8580,97117020,0,1,6,-1,0,
macro_C2791,11319,0,0,0,11319,8580,97117020,0,-1,-1,0,1,
macro_C2792,10461,8580,0,180,11616,8448,98131968,0,-1,-1,9,1,
macro_C2793,0,0,1,90,8448,11616,98131968,0,11,-1,-1,0,
macro_C2794,10329,0,1,180,11352,8679,98524008,0,-1,5,10,1,
macro_C2795,10329,8679,1,0,11352,8679,98524008,0,-1,-1,4,0,
core_C0,0,8580,0,90,2574,3908,10059192,0,13,-1,0,0,
core_C1,5181,12639,0,0,5251,2079,10916829,0,-1,-1,8,0,
core_C4,5181,10626,0,0,5196,2013,10459548,0,-1,7,9,0,
core_C7,5181,8580,0,0,5280,2046,10802880,0,2,8,13,1,
core_C9,8448,5500,1,90,1881,5704,10729224,0,4,12,11,0,
core_C11,8448,0,1,270,1782,5500,9801000,0,-1,10,3,1,
core_C12,8448,11204,1,90,1848,5636,10415328,0,-1,-1,10,0,
core_C13,2574,8580,0,90,2607,3924,10229868,0,9,-1,6,1,
Wirelength: 2.81306e+07
layer(tree) info:
layer: 0 ,width: 22638 ,height: 17028 ,area: 385479864 ,blocks_area: 344834325, filling_rate: 0.894559, utilizatio_rate: 0.789095
layer: 1 ,width: 21681 ,height: 17358 ,area: 376338798 ,blocks_area: 326125536, filling_rate: 0.866574, utilizatio_rate: 0.746283
random seed: 1
alpha: 0
gamma: 1
best wirelength: 2.81306e+07
initial_num_perturbs: 420
iter: 0
best_iter: 0
best_cost: 0.697681
reject_time: 0
accept_inferior_time: 0
update_best_time: 0
adjustLegalOutline_fail_times: 0
outline_adjust_time: 2.745
initial_wirelength: 5.69034e+07
initial_average_wirelength: 8.15608e+07
5.69034e+07,initial_iter: 420
initial_time: 0.068
total time cost: 3.779
