name,x,y,layer,rotated_angle,width,height,area,exceed_outline_area,left,right,parent,is_from_left,
macro_C2790,11352,0,1,180,11319,8580,97117020,0,-1,-1,4,1,
macro_C2791,0,0,0,270,8580,11319,97117020,0,5,12,-1,0,
macro_C2792,7591,8679,1,0,11616,8448,98131968,0,-1,-1,8,1,
macro_C2793,8580,8679,0,180,11616,8448,98131968,0,-1,-1,5,0,
macro_C2794,0,0,1,0,11352,8679,98524008,0,0,11,-1,0,
macro_C2795,8580,0,0,0,11352,8679,98524008,0,-1,3,1,1,
core_C0,0,13167,0,180,5542,1815,10058730,0,-1,7,12,0,
core_C1,0,14982,0,180,5804,1881,10917324,0,-1,-1,6,0,
core_C4,5743,8679,1,90,1848,5660,10459680,0,2,-1,9,1,
core_C7,0,15642,1,180,5743,1881,10802583,0,8,-1,10,0,
core_C9,0,13761,1,180,5704,1881,10729224,0,-1,9,11,0,
core_C11,0,8679,1,180,3159,3102,9799218,0,13,10,4,0,
core_C12,0,11319,0,180,5636,1848,10415328,0,-1,6,1,0,
core_C13,3159,8679,1,90,2013,5082,10230066,0,-1,-1,11,1,
Wirelength: 1.56861e+07
layer(tree) info:
layer: 0 ,width: 20196 ,height: 17127 ,area: 345896892 ,blocks_area: 325164378, filling_rate: 0.940062, utilizatio_rate: 0.744083
layer: 1 ,width: 22671 ,height: 17523 ,area: 397263933 ,blocks_area: 345793767, filling_rate: 0.870438, utilizatio_rate: 0.79129
random seed: 8
alpha: 0
gamma: 1
best wirelength: 1.56861e+07
initial_num_perturbs: 420
iter: 0
best_iter: 0
best_cost: 0.599939
reject_time: 0
accept_inferior_time: 0
update_best_time: 0
adjustLegalOutline_fail_times: 0
outline_adjust_time: 0.01
initial_wirelength: 4.96806e+07
initial_average_wirelength: 8.28094e+07
4.96806e+07,initial_iter: 420
initial_time: 0.05
total time cost: 0.456
