name,x,y,layer,rotated_angle,width,height,area,exceed_outline_area,left,right,parent,is_from_left,
macro_C2790,5660,0,0,0,11319,8580,97117020,0,-1,-1,8,1,
macro_C2791,11616,8580,0,180,11319,8580,97117020,0,-1,-1,3,1,
macro_C2792,0,0,1,0,11616,8448,98131968,0,4,10,-1,0,
macro_C2793,0,10461,0,180,11616,8448,98131968,0,1,-1,9,0,
macro_C2794,11616,0,1,0,11352,8679,98524008,0,-1,-1,2,1,
macro_C2795,8668,8679,1,180,11352,8679,98524008,0,-1,-1,6,1,
core_C0,5500,8448,1,90,3168,3175,10058400,0,5,-1,11,1,
core_C1,0,2607,0,180,5251,2079,10916829,0,-1,8,12,0,
core_C4,0,4686,0,0,5660,1848,10459680,0,0,13,7,0,
core_C7,0,8580,0,0,5743,1881,10802583,0,-1,3,13,0,
core_C9,0,8448,1,0,5244,2046,10729224,0,-1,11,2,0,
core_C11,0,10494,1,0,5500,1782,9801000,0,6,-1,10,0,
core_C12,0,0,0,0,3995,2607,10414965,0,-1,7,-1,0,
core_C13,0,6534,0,0,5637,1815,10231155,0,-1,9,8,0,
Wirelength: 2.52864e+07
layer(tree) info:
layer: 0 ,width: 22935 ,height: 18909 ,area: 433677915 ,blocks_area: 345191220, filling_rate: 0.795962, utilizatio_rate: 0.789911
layer: 1 ,width: 22968 ,height: 17358 ,area: 398678544 ,blocks_area: 325768608, filling_rate: 0.817121, utilizatio_rate: 0.745466
random seed: 6
alpha: 0
gamma: 1
best wirelength: 2.52864e+07
initial_num_perturbs: 420
iter: 0
best_iter: 0
best_cost: 0.638647
reject_time: 0
accept_inferior_time: 0
update_best_time: 0
adjustLegalOutline_fail_times: 0
outline_adjust_time: 0.015
initial_wirelength: 5.73914e+07
initial_average_wirelength: 8.98467e+07
5.73803e+07,initial_iter: 420
initial_time: 0.04
total time cost: 0.476
