name,x,y,layer,rotated_angle,width,height,area,left,right,parent,is_from_left,
cc_C38060,25920,30000,0,90,25920,6000,155520000,-1,5,12,0,
cc_C40988,25920,0,0,270,25920,6000,155520000,-1,7,11,1,
cc_C43598,0,12000,0,270,25920,6000,155520000,29,3,8,0,
cc_C46412,0,18000,0,90,25920,6000,155520000,-1,13,2,0,
cc_C48982,0,36000,0,90,25920,6000,155520000,-1,23,9,0,
cc_C51792,25920,36000,0,90,25920,6000,155520000,-1,30,0,0,
cc_C54385,25920,12000,0,90,25920,6000,155520000,-1,10,7,0,
cc_C57055,25920,6000,0,90,25920,6000,155520000,-1,6,1,0,
cc_C59668,0,6000,0,90,25920,6000,155520000,19,2,11,0,
cc_C62278,0,30000,0,90,25920,6000,155520000,-1,4,13,0,
cc_C65067,25920,18000,0,90,25920,6000,155520000,-1,12,6,0,
cc_C67839,0,0,0,270,25920,6000,155520000,1,8,-1,0,
cc_C70494,25920,24000,0,90,25920,6000,155520000,15,0,10,0,
cc_C73068,0,24000,0,90,25920,6000,155520000,-1,9,3,0,
cc_C75794,51840,25920,0,180,6000,25920,155520000,-1,-1,30,1,
cc_C78507,51840,0,0,180,6000,25920,155520000,-1,-1,12,1,
cc_C390725,0,54000,0,270,25920,6000,155520000,31,28,24,0,
cc_C393732,0,84000,0,90,25920,6000,155520000,-1,-1,26,0,
cc_C396426,0,72000,0,270,25920,6000,155520000,-1,26,27,0,
cc_C399324,25920,48000,0,180,6000,25920,155520000,21,-1,8,1,
cc_C401934,31920,63840,0,270,25920,6000,155520000,-1,22,25,0,
cc_C404828,31920,51840,0,90,25920,6000,155520000,-1,25,19,1,
cc_C407517,31920,69840,0,90,25920,6000,155520000,-1,-1,20,0,
cc_C410399,0,42000,0,270,25920,6000,155520000,-1,24,4,0,
cc_C413083,0,48000,0,270,25920,6000,155520000,-1,16,23,0,
cc_C415825,31920,57840,0,90,25920,6000,155520000,-1,20,21,0,
cc_C418719,0,78000,0,90,25920,6000,155520000,-1,17,18,0,
cc_C421704,0,66000,0,90,25920,6000,155520000,-1,18,28,0,
cc_C424482,0,60000,0,90,25920,6000,155520000,-1,27,16,0,
cc_C427157,25920,75840,0,90,25920,6000,155520000,-1,-1,2,1,
cc_C429953,25920,42000,0,270,25920,6000,155520000,14,-1,5,0,
cc_C432668,25920,81840,0,90,25920,6000,155520000,-1,-1,16,1,
Wirelength: 375211
layer(tree) info:
layer: 0 ,width: 57840 ,height: 90000 ,area: 5205600000, filling_rate: 0.956017
layer: 1 ,width: 0 ,height: 0 ,area: 0, filling_rate: 1
random seed: 7
best wirelength: 375211
initial_num_perturbs: 1024
iter: 102400
best_iter: 99731
best_cost: 0.188878
reject_time: 27977
accept_inferior_time: 24851
update_best_time: 60
time cost: 2.507
