name,x,y,layer,rotated_angle,width,height,area,left,right,parent,is_from_left,
cc_C8466,0,91248,1,270,8160,9072,74027520,-1,1,2,0,
cc_C8467,0,100320,1,180,9072,8160,74027520,-1,6,0,0,
cc_C16429,0,83136,1,90,10752,8112,87220224,3,0,13,0,
cc_C16430,10752,83136,1,0,8112,10752,87220224,-1,-1,2,1,
cc_C32011,0,198624,1,0,12288,6144,75497472,5,-1,10,0,
cc_C32012,12288,184416,1,90,6144,12288,75497472,-1,-1,4,1,
cc_C39784,0,108480,1,90,11232,7776,87340032,-1,9,1,0,
cc_C39785,0,161520,1,270,11232,7776,87340032,-1,28,14,0,
cc_C55552,0,123984,1,270,11232,7728,86800896,-1,18,9,0,
cc_C55553,0,116256,1,270,11232,7728,86800896,-1,8,6,0,
cc_C63404,0,190896,1,270,11232,7728,86800896,-1,4,11,0,
cc_C63405,0,183168,1,270,11232,7728,86800896,-1,10,26,0,
cc_C71293,0,67680,1,270,11232,7728,86800896,-1,13,21,0,
cc_C71294,0,75408,1,270,11232,7728,86800896,-1,2,12,0,
cc_C86866,0,153360,1,180,9072,8160,74027520,-1,7,16,0,
cc_C86867,0,29760,1,90,10752,8112,87220224,-1,23,33,0,
cc_C86868,0,147216,1,0,12288,6144,75497472,-1,14,17,0,
cc_C86869,0,139440,1,270,11232,7776,87340032,-1,16,18,0,
cc_C86870,0,131712,1,270,11232,7728,86800896,-1,17,8,0,
cc_C94576,0,53376,1,180,9072,8160,74027520,20,21,22,0,
cc_C94577,9072,53376,1,90,10752,8112,87220224,-1,-1,19,1,
cc_C94578,0,61536,1,0,12288,6144,75497472,-1,12,19,0,
cc_C94579,0,45600,1,270,11232,7776,87340032,-1,19,23,0,
cc_C94580,0,37872,1,90,11232,7728,86800896,-1,22,15,0,
cc_C102137,11232,153360,1,270,8160,9072,74027520,-1,25,28,1,
cc_C102138,11232,162432,1,0,8112,10752,87220224,-1,-1,24,0,
cc_C102139,0,177024,1,0,12288,6144,75497472,27,11,28,0,
cc_C102140,12288,173184,1,180,7776,11232,87340032,-1,-1,26,1,
cc_C102141,0,169296,1,90,11232,7728,86800896,24,26,7,0,
cc_C109812,12288,0,1,90,8160,9072,74027520,-1,-1,31,1,
cc_C109813,0,0,1,90,10752,8112,87220224,-1,31,-1,0,
cc_C109814,0,8112,1,0,12288,6144,75497472,29,32,30,0,
cc_C109815,0,14256,1,270,11232,7776,87340032,-1,33,31,0,
cc_C109816,0,22032,1,270,11232,7728,86800896,-1,15,32,0,
Wirelength: 660961
layer(tree) info:
layer: 0 ,width: 0 ,height: 0 ,area: 0, filling_rate: 1
layer: 1 ,width: 20448 ,height: 204768 ,area: 4187096064, filling_rate: 0.671711
random seed: 3
best wirelength: 660961
initial_num_perturbs: 1156
iter: 115600
best_iter: 105809
best_cost: 0.310644
reject_time: 39581
accept_inferior_time: 37691
update_best_time: 64
time cost: 1.747
