name,x,y,layer,rotated_angle,width,height,area,left,right,parent,is_from_left,
cc_C38060,0,84000,0,90,25920,6000,155520000,-1,8,3,0,
cc_C40988,25920,37920,0,0,6000,25920,155520000,6,10,29,1,
cc_C43598,43920,69840,0,180,6000,25920,155520000,-1,-1,4,1,
cc_C46412,0,78000,0,270,25920,6000,155520000,-1,0,11,0,
cc_C48982,37920,69840,0,180,6000,25920,155520000,2,-1,13,1,
cc_C51792,37920,37920,0,180,6000,25920,155520000,26,-1,6,1,
cc_C54385,31920,37920,0,0,6000,25920,155520000,5,-1,1,1,
cc_C57055,0,60000,0,270,25920,6000,155520000,-1,15,12,0,
cc_C59668,0,90000,0,90,25920,6000,155520000,14,-1,0,0,
cc_C62278,0,48000,0,270,25920,6000,155520000,-1,12,29,0,
cc_C65067,25920,63840,0,90,25920,6000,155520000,-1,-1,1,0,
cc_C67839,0,72000,0,90,25920,6000,155520000,-1,3,15,0,
cc_C70494,0,54000,0,270,25920,6000,155520000,-1,7,9,0,
cc_C73068,31920,69840,0,0,6000,25920,155520000,4,-1,14,1,
cc_C75794,25920,69840,0,180,6000,25920,155520000,13,-1,8,1,
cc_C78507,0,66000,0,90,25920,6000,155520000,-1,11,7,0,
cc_C390725,25920,31920,0,270,25920,6000,155520000,-1,-1,25,0,
cc_C393732,0,12000,0,90,25920,6000,155520000,-1,21,20,0,
cc_C396426,0,0,0,270,25920,6000,155520000,24,20,-1,0,
cc_C399324,31920,18000,0,270,25920,6000,155520000,-1,27,22,0,
cc_C401934,0,6000,0,270,25920,6000,155520000,25,17,18,0,
cc_C404828,0,18000,0,270,25920,6000,155520000,-1,30,17,0,
cc_C407517,31920,12000,0,270,25920,6000,155520000,-1,19,28,0,
cc_C410399,0,36000,0,90,25920,6000,155520000,-1,29,31,0,
cc_C413083,25920,0,0,270,25920,6000,155520000,-1,-1,18,1,
cc_C415825,25920,6000,0,180,6000,25920,155520000,28,16,20,1,
cc_C418719,43920,37920,0,180,6000,25920,155520000,-1,-1,5,1,
cc_C421704,31920,24000,0,270,25920,6000,155520000,-1,-1,19,0,
cc_C424482,31920,6000,0,270,25920,6000,155520000,-1,22,25,1,
cc_C427157,0,42000,0,90,25920,6000,155520000,1,9,23,0,
cc_C429953,0,24000,0,270,25920,6000,155520000,-1,31,21,0,
cc_C432668,0,30000,0,90,25920,6000,155520000,-1,23,30,0,
Wirelength: 378898
layer(tree) info:
layer: 0 ,width: 57840 ,height: 96000 ,area: 5552640000, filling_rate: 0.896266
layer: 1 ,width: 0 ,height: 0 ,area: 0, filling_rate: 1
random seed: 1
best wirelength: 378898
initial_num_perturbs: 1024
iter: 102400
best_iter: 95628
best_cost: 0.163235
reject_time: 28763
accept_inferior_time: 25548
update_best_time: 57
time cost: 2.541
