name,x,y,layer,rotated_angle,width,height,area,left,right,parent,is_from_left,
cc_C8466,0,151344,1,270,8160,9072,74027520,20,22,1,0,
cc_C8467,0,143184,1,0,9072,8160,74027520,-1,0,2,0,
cc_C16429,0,135072,1,90,10752,8112,87220224,3,1,9,0,
cc_C16430,10752,135072,1,270,10752,8112,87220224,-1,-1,2,1,
cc_C32011,0,174336,1,0,12288,6144,75497472,5,-1,21,0,
cc_C32012,12288,175344,1,0,12288,6144,75497472,-1,-1,4,1,
cc_C39784,0,75024,1,90,11232,7776,87340032,14,11,18,0,
cc_C39785,0,94032,1,90,11232,7776,87340032,32,29,11,0,
cc_C55552,0,116112,1,180,7728,11232,86800896,33,9,31,0,
cc_C55553,0,127344,1,90,11232,7728,86800896,-1,2,8,0,
cc_C63404,7728,82800,1,0,7728,11232,86800896,-1,-1,11,1,
cc_C63405,0,82800,1,0,7728,11232,86800896,10,7,6,0,
cc_C71293,0,7728,1,90,11232,7728,86800896,-1,27,13,0,
cc_C71294,0,0,1,90,11232,7728,86800896,15,12,-1,0,
cc_C86866,11232,59520,1,90,8160,9072,74027520,-1,-1,6,1,
cc_C86867,11232,0,1,0,8112,10752,87220224,-1,-1,13,1,
cc_C86868,0,53376,1,180,12288,6144,75497472,-1,17,25,0,
cc_C86869,0,59520,1,90,11232,7776,87340032,-1,18,16,0,
cc_C86870,0,67296,1,90,11232,7728,86800896,-1,6,17,0,
cc_C94576,11232,159456,1,0,9072,8160,74027520,-1,-1,22,1,
cc_C94577,8160,151344,1,270,10752,8112,87220224,-1,-1,0,1,
cc_C94578,0,168192,1,0,12288,6144,75497472,23,4,22,0,
cc_C94579,0,160416,1,270,11232,7776,87340032,19,21,0,0,
cc_C94580,12288,167616,1,270,11232,7728,86800896,-1,-1,21,1,
cc_C102137,0,37104,1,0,9072,8160,74027520,-1,25,28,0,
cc_C102138,0,45264,1,270,10752,8112,87220224,-1,16,24,0,
cc_C102139,0,23232,1,180,12288,6144,75497472,-1,28,27,0,
cc_C102140,0,15456,1,270,11232,7776,87340032,-1,26,12,0,
cc_C102141,0,29376,1,90,11232,7728,86800896,-1,24,26,0,
cc_C109812,0,101808,1,0,9072,8160,74027520,-1,31,7,0,
cc_C109813,12288,105264,1,0,8112,10752,87220224,-1,-1,31,1,
cc_C109814,0,109968,1,0,12288,6144,75497472,30,8,29,0,
cc_C109815,11232,94032,1,0,7776,11232,87340032,-1,-1,7,1,
cc_C109816,7728,116112,1,270,11232,7728,86800896,-1,-1,8,1,
Wirelength: 529823
layer(tree) info:
layer: 0 ,width: 0 ,height: 0 ,area: 0, filling_rate: 1
layer: 1 ,width: 24576 ,height: 181488 ,area: 4460249088, filling_rate: 0.630575
random seed: 10
best wirelength: 529823
initial_num_perturbs: 1156
iter: 115600
best_iter: 114967
best_cost: 0.292642
reject_time: 40160
accept_inferior_time: 37269
update_best_time: 68
time cost: 1.751
