name,x,y,layer,rotated_angle,width,height,area,left,right,parent,is_from_left,
cc_C2791,0,0,0,0,11319,8580,97117020,5,2,-1,0,
cc_C2792,0,17127,1,90,8580,11319,97117020,-1,-1,3,0,
cc_C2793,0,11352,0,180,11616,8448,98131968,-1,-1,0,0,
cc_C2794,0,8679,1,0,11616,8448,98131968,-1,1,4,0,
cc_C2795,0,0,1,0,11352,8679,98524008,-1,3,-1,0,
cc_C2796,11319,0,0,90,8679,11352,98524008,-1,-1,0,1,
Wirelength: 97392
layer(tree) info:
layer: 0 ,width: 19998 ,height: 19800 ,area: 395960400, filling_rate: 0.741925
layer: 1 ,width: 11616 ,height: 28446 ,area: 330428736, filling_rate: 0.889066
random seed: 5
best wirelength: 97392
initial_num_perturbs: 36
iter: 3600
best_iter: 0
best_cost: 0.604845
reject_time: 1525
accept_inferior_time: 989
update_best_time: 0
time cost: 0.039
