name,x,y,layer,rotated_angle,width,height,area,left,right,parent,is_from_left,
cc_C2791,0,0,1,0,11319,8580,97117020,5,4,-1,0,
cc_C2792,0,28380,1,180,11319,8580,97117020,-1,-1,2,0,
cc_C2793,0,19932,1,0,11616,8448,98131968,-1,1,4,0,
cc_C2794,8679,11352,1,0,11616,8448,98131968,-1,-1,4,1,
cc_C2795,0,8580,1,270,8679,11352,98524008,3,2,0,0,
cc_C2796,11319,0,1,270,8679,11352,98524008,-1,-1,0,1,
Wirelength: 113907
layer(tree) info:
layer: 0 ,width: 0 ,height: 0 ,area: 0, filling_rate: 1
layer: 1 ,width: 20295 ,height: 36960 ,area: 750103200, filling_rate: 0.783287
random seed: 2
best wirelength: 113907
initial_num_perturbs: 36
iter: 3600
best_iter: 1193
best_cost: 0.658395
reject_time: 1493
accept_inferior_time: 1043
update_best_time: 2
time cost: 0.042
