name,x,y,layer,rotated_angle,width,height,area,left,right,parent,is_from_left,
cc_C38060,37030,34500,1,0,8625,37030,319383750,14,12,3,1,
cc_C40988,0,51750,1,270,37030,8625,319383750,-1,8,28,0,
cc_C43598,45655,80155,1,180,8625,37030,319383750,5,-1,7,1,
cc_C46412,0,86250,1,90,37030,8625,319383750,0,10,4,0,
cc_C48982,0,77625,1,90,37030,8625,319383750,-1,3,6,0,
cc_C51792,54280,80155,1,0,8625,37030,319383750,9,-1,2,1,
cc_C54385,0,69000,1,270,37030,8625,319383750,-1,4,8,0,
cc_C57055,37030,80155,1,0,8625,37030,319383750,2,-1,15,1,
cc_C59668,0,60375,1,270,37030,8625,319383750,16,6,1,0,
cc_C62278,62905,80155,1,180,8625,37030,319383750,11,-1,5,1,
cc_C65067,0,94875,1,90,37030,8625,319383750,-1,15,3,0,
cc_C67839,71530,80155,1,180,8625,37030,319383750,20,-1,9,1,
cc_C70494,37030,71530,1,90,37030,8625,319383750,-1,-1,0,0,
cc_C73068,54280,34500,1,0,8625,37030,319383750,23,-1,14,1,
cc_C75794,45655,34500,1,0,8625,37030,319383750,13,-1,0,1,
cc_C78507,0,103500,1,90,37030,8625,319383750,7,-1,10,0,
cc_C390725,37030,17250,1,90,37030,8625,319383750,-1,19,8,1,
cc_C393732,88780,0,1,180,8625,37030,319383750,-1,-1,30,1,
cc_C396426,0,34500,1,90,37030,8625,319383750,-1,28,22,0,
cc_C399324,37030,25875,1,90,37030,8625,319383750,-1,-1,16,0,
cc_C401934,80155,37030,1,180,8625,37030,319383750,24,-1,11,1,
cc_C404828,71530,34500,1,180,8625,37030,319383750,30,-1,23,1,
cc_C407517,0,25875,1,90,37030,8625,319383750,25,18,27,0,
cc_C410399,62905,34500,1,0,8625,37030,319383750,21,-1,13,1,
cc_C413083,88780,37030,1,180,8625,37030,319383750,-1,-1,20,1,
cc_C415825,37030,0,1,270,37030,8625,319383750,-1,-1,22,1,
cc_C418719,0,8625,1,270,37030,8625,319383750,-1,27,29,0,
cc_C421704,0,17250,1,90,37030,8625,319383750,-1,22,26,0,
cc_C424482,0,43125,1,270,37030,8625,319383750,31,1,18,0,
cc_C427157,0,0,1,270,37030,8625,319383750,-1,26,-1,0,
cc_C429953,80155,0,1,180,8625,37030,319383750,17,-1,21,1,
cc_C432668,37030,8625,1,90,37030,8625,319383750,-1,-1,28,1,
Wirelength: 553005
layer(tree) info:
layer: 0 ,width: 0 ,height: 0 ,area: 0, filling_rate: 1
layer: 1 ,width: 97405 ,height: 117185 ,area: 11414404925, filling_rate: 0.895384
random seed: 3
best wirelength: 553005
initial_num_perturbs: 1024
iter: 102400
best_iter: 100276
best_cost: 0.34201
reject_time: 33023
accept_inferior_time: 23838
update_best_time: 51
time cost: 2.57
