name,x,y,layer,rotated_angle,width,height,area,left,right,parent,is_from_left,
cc_C8466,0,6369,0,270,5709,6369,36360621,-1,2,1,0,
cc_C8467,0,0,0,270,5709,6369,36360621,-1,0,-1,0,
cc_C16429,0,12738,0,90,7524,5676,42706224,-1,3,0,0,
cc_C16430,0,18414,0,90,7524,5676,42706224,-1,6,2,0,
cc_C32011,0,31944,0,0,8613,4290,36949770,-1,5,6,0,
cc_C32012,0,36234,0,0,8613,4290,36949770,-1,15,4,0,
cc_C39784,0,24090,0,0,5445,7854,42765030,-1,4,3,0,
cc_C39785,0,57024,0,90,7854,5445,42765030,-1,20,8,0,
cc_C55552,0,51612,0,270,7854,5412,42505848,-1,7,9,0,
cc_C55553,0,46200,0,270,7854,5412,42505848,-1,8,15,0,
cc_C63404,0,98736,0,90,7854,5412,42505848,-1,11,16,0,
cc_C63405,0,104148,0,90,7854,5412,42505848,-1,12,10,0,
cc_C71293,0,109560,0,270,7854,5412,42505848,-1,13,11,0,
cc_C71294,0,114972,0,270,7854,5412,42505848,-1,27,12,0,
cc_C86866,7854,83589,0,270,5709,6369,36360621,-1,-1,17,1,
cc_C86867,0,40524,0,90,7524,5676,42706224,-1,9,5,0,
cc_C86868,0,94446,0,0,8613,4290,36949770,-1,10,17,0,
cc_C86869,0,89001,0,270,7854,5445,42765030,14,16,18,0,
cc_C86870,0,83589,0,270,7854,5412,42505848,-1,17,21,0,
cc_C94576,0,73590,0,180,6369,5709,36360621,23,21,22,0,
cc_C94577,0,62469,0,270,7524,5676,42706224,-1,22,7,0,
cc_C94578,0,79299,0,0,8613,4290,36949770,-1,18,19,0,
cc_C94579,0,68145,0,270,7854,5445,42765030,-1,19,20,0,
cc_C94580,6369,73590,0,270,7854,5412,42505848,-1,-1,19,1,
cc_C102137,0,135531,0,0,6369,5709,36360621,25,32,28,0,
cc_C102138,6369,135531,0,90,7524,5676,42706224,-1,-1,24,1,
cc_C102139,0,125829,0,180,8613,4290,36949770,-1,28,27,0,
cc_C102140,0,120384,0,270,7854,5445,42765030,-1,26,13,0,
cc_C102141,0,130119,0,90,7854,5412,42505848,-1,24,26,0,
cc_C109812,8613,149061,0,270,5709,6369,36360621,-1,-1,31,1,
cc_C109813,0,146685,0,270,7524,5676,42706224,-1,31,32,0,
cc_C109814,0,152361,0,0,8613,4290,36949770,29,-1,30,0,
cc_C109815,0,141240,0,90,7854,5445,42765030,33,30,24,0,
cc_C109816,7854,141207,0,0,5412,7854,42505848,-1,-1,32,1,
Wirelength: 446300
layer(tree) info:
layer: 0 ,width: 14322 ,height: 156651 ,area: 2243555622, filling_rate: 0.614091
layer: 1 ,width: 0 ,height: 0 ,area: 0, filling_rate: 1
random seed: 1
best wirelength: 446300
initial_num_perturbs: 1156
iter: 115600
best_iter: 109875
best_cost: 0.230315
reject_time: 37702
accept_inferior_time: 38617
update_best_time: 83
time cost: 1.736
