name,x,y,layer,rotated_angle,width,height,area,left,right,parent,is_from_left,
cc_C2791,0,8679,0,90,8580,11319,97117020,2,-1,5,0,
cc_C2792,11352,0,0,270,8580,11319,97117020,-1,-1,5,1,
cc_C2793,8580,11319,0,180,11616,8448,98131968,-1,3,0,1,
cc_C2794,8580,19767,0,90,8448,11616,98131968,4,-1,2,0,
cc_C2795,17028,19767,0,0,11352,8679,98524008,-1,-1,3,1,
cc_C2796,0,0,0,0,11352,8679,98524008,1,0,-1,0,
Wirelength: 102405
layer(tree) info:
layer: 0 ,width: 28380 ,height: 31383 ,area: 890649540, filling_rate: 0.659683
layer: 1 ,width: 0 ,height: 0 ,area: 0, filling_rate: 1
random seed: 6
best wirelength: 102405
initial_num_perturbs: 36
iter: 3600
best_iter: 1986
best_cost: 0.564337
reject_time: 1516
accept_inferior_time: 1030
update_best_time: 2
time cost: 0.035
