name,x,y,layer,rotated_angle,width,height,area,left,right,parent,is_from_left,
cc_C2791,0,11352,1,90,8580,11319,97117020,-1,4,5,0,
cc_C2792,8679,0,1,0,11319,8580,97117020,-1,3,5,1,
cc_C2793,11352,17028,1,90,8448,11616,98131968,-1,-1,4,1,
cc_C2794,8679,8580,1,180,11616,8448,98131968,-1,-1,1,0,
cc_C2795,0,22671,1,0,11352,8679,98524008,2,-1,0,0,
cc_C2796,0,0,1,90,8679,11352,98524008,1,0,-1,0,
Wirelength: 93738
layer(tree) info:
layer: 0 ,width: 0 ,height: 0 ,area: 0, filling_rate: 1
layer: 1 ,width: 20295 ,height: 31350 ,area: 636248250, filling_rate: 0.923454
random seed: 7
best wirelength: 93738
initial_num_perturbs: 36
iter: 3600
best_iter: 2775
best_cost: 0.550312
reject_time: 1519
accept_inferior_time: 1015
update_best_time: 5
time cost: 0.035
