name,x,y,layer,rotated_angle,width,height,area,left,right,parent,is_from_left,
cc_C8466,0,182688,1,270,8160,9072,74027520,2,-1,1,0,
cc_C8467,0,173616,1,270,8160,9072,74027520,-1,0,30,0,
cc_C16429,8160,178320,1,270,10752,8112,87220224,-1,-1,0,1,
cc_C16430,12288,167568,1,0,8112,10752,87220224,-1,-1,29,0,
cc_C32011,0,40128,1,0,12288,6144,75497472,-1,5,12,0,
cc_C32012,0,46272,1,0,12288,6144,75497472,-1,18,4,0,
cc_C39784,0,143808,1,90,11232,7776,87340032,-1,32,27,0,
cc_C39785,11232,136032,1,180,7776,11232,87340032,-1,33,27,1,
cc_C55552,0,89520,1,90,11232,7728,86800896,-1,9,11,0,
cc_C55553,0,97248,1,90,11232,7728,86800896,-1,24,8,0,
cc_C63404,0,74064,1,90,11232,7728,86800896,-1,11,17,0,
cc_C63405,0,81792,1,90,11232,7728,86800896,-1,8,10,0,
cc_C71293,0,32400,1,90,11232,7728,86800896,-1,4,13,0,
cc_C71294,0,24672,1,270,11232,7728,86800896,-1,12,21,0,
cc_C86866,11232,66288,1,90,8160,9072,74027520,-1,-1,17,1,
cc_C86867,0,0,1,0,8112,10752,87220224,23,22,-1,0,
cc_C86868,0,60144,1,180,12288,6144,75497472,20,17,18,0,
cc_C86869,0,66288,1,90,11232,7776,87340032,14,10,16,0,
cc_C86870,0,52416,1,270,11232,7728,86800896,-1,16,5,0,
cc_C94576,11232,7728,1,0,9072,8160,74027520,-1,-1,22,1,
cc_C94577,12288,15888,1,0,8112,10752,87220224,-1,-1,16,1,
cc_C94578,0,18528,1,0,12288,6144,75497472,-1,13,22,0,
cc_C94579,0,10752,1,270,11232,7776,87340032,19,21,15,0,
cc_C94580,8112,0,1,90,11232,7728,86800896,-1,-1,15,1,
cc_C102137,0,104976,1,270,8160,9072,74027520,-1,25,9,0,
cc_C102138,0,114048,1,90,10752,8112,87220224,-1,28,24,0,
cc_C102139,0,129888,1,180,12288,6144,75497472,-1,27,28,0,
cc_C102140,0,136032,1,90,11232,7776,87340032,7,6,26,0,
cc_C102141,0,122160,1,270,11232,7728,86800896,-1,26,25,0,
cc_C109812,12288,158496,1,270,8160,9072,74027520,-1,3,31,1,
cc_C109813,0,165504,1,270,10752,8112,87220224,-1,1,31,0,
cc_C109814,0,159360,1,180,12288,6144,75497472,29,30,32,0,
cc_C109815,0,151584,1,90,11232,7776,87340032,-1,31,6,0,
cc_C109816,11232,147264,1,0,7728,11232,86800896,-1,-1,7,0,
Wirelength: 610821
layer(tree) info:
layer: 0 ,width: 0 ,height: 0 ,area: 0, filling_rate: 1
layer: 1 ,width: 20448 ,height: 191760 ,area: 3921108480, filling_rate: 0.717277
random seed: 9
best wirelength: 610821
initial_num_perturbs: 1156
iter: 115600
best_iter: 102146
best_cost: 0.321046
reject_time: 40185
accept_inferior_time: 37161
update_best_time: 72
time cost: 1.77
