name,x,y,layer,rotated_angle,width,height,area,left,right,parent,is_from_left,
cc_C38060,0,60375,1,90,37030,8625,319383750,-1,29,7,0,
cc_C40988,54280,62905,1,90,37030,8625,319383750,-1,16,10,0,
cc_C43598,54280,0,1,180,8625,37030,319383750,21,12,9,1,
cc_C46412,0,8625,1,270,37030,8625,319383750,-1,15,13,0,
cc_C48982,0,25875,1,270,37030,8625,319383750,-1,5,15,0,
cc_C51792,0,34500,1,270,37030,8625,319383750,-1,8,4,0,
cc_C54385,54280,45655,1,90,37030,8625,319383750,-1,-1,12,0,
cc_C57055,0,51750,1,270,37030,8625,319383750,-1,0,8,0,
cc_C59668,0,43125,1,270,37030,8625,319383750,-1,7,5,0,
cc_C62278,45655,0,1,180,8625,37030,319383750,2,14,11,1,
cc_C65067,54280,54280,1,90,37030,8625,319383750,-1,1,14,1,
cc_C67839,37030,0,1,180,8625,37030,319383750,9,-1,13,1,
cc_C70494,54280,37030,1,270,37030,8625,319383750,-1,6,2,0,
cc_C73068,0,0,1,270,37030,8625,319383750,11,3,-1,0,
cc_C75794,45655,37030,1,0,8625,37030,319383750,10,-1,9,0,
cc_C78507,0,17250,1,90,37030,8625,319383750,18,4,3,0,
cc_C390725,54280,71530,1,270,37030,8625,319383750,-1,26,1,0,
cc_C393732,37030,111090,1,90,37030,8625,319383750,-1,-1,27,0,
cc_C396426,37030,37030,1,180,8625,37030,319383750,25,-1,15,1,
cc_C399324,0,77625,1,90,37030,8625,319383750,-1,23,29,0,
cc_C401934,54280,88780,1,270,37030,8625,319383750,-1,30,26,0,
cc_C404828,62905,0,1,180,8625,37030,319383750,31,-1,2,1,
cc_C407517,0,103500,1,90,37030,8625,319383750,-1,24,28,0,
cc_C410399,0,86250,1,90,37030,8625,319383750,27,28,19,0,
cc_C413083,0,112125,1,90,37030,8625,319383750,-1,-1,22,0,
cc_C415825,45655,74060,1,0,8625,37030,319383750,-1,-1,18,1,
cc_C418719,54280,80155,1,90,37030,8625,319383750,-1,20,16,0,
cc_C421704,37030,74060,1,180,8625,37030,319383750,-1,17,23,1,
cc_C424482,0,94875,1,90,37030,8625,319383750,-1,22,23,0,
cc_C427157,0,69000,1,270,37030,8625,319383750,-1,19,0,0,
cc_C429953,54280,97405,1,270,37030,8625,319383750,-1,-1,20,0,
cc_C432668,71530,0,1,180,8625,37030,319383750,-1,-1,21,1,
Wirelength: 577856
layer(tree) info:
layer: 0 ,width: 0 ,height: 0 ,area: 0, filling_rate: 1
layer: 1 ,width: 91310 ,height: 120750 ,area: 11025682500, filling_rate: 0.926952
random seed: 10
best wirelength: 577856
initial_num_perturbs: 1024
iter: 102400
best_iter: 88243
best_cost: 0.273687
reject_time: 30676
accept_inferior_time: 24409
update_best_time: 47
time cost: 2.507
