name,x,y,layer,rotated_angle,width,height,area,left,right,parent,is_from_left,
cc_C2791,19932,0,0,0,11319,8580,97117020,-1,-1,4,1,
cc_C2792,0,0,0,90,8580,11319,97117020,4,-1,-1,0,
cc_C2793,8580,8679,0,270,8448,11616,98131968,3,-1,4,0,
cc_C2794,17028,8679,0,90,8448,11616,98131968,5,-1,2,1,
cc_C2795,8580,0,0,0,11352,8679,98524008,0,2,1,1,
cc_C2796,25476,8580,0,180,11352,8679,98524008,-1,-1,3,1,
Wirelength: 103202
layer(tree) info:
layer: 0 ,width: 36828 ,height: 20295 ,area: 747424260, filling_rate: 0.786094
layer: 1 ,width: 0 ,height: 0 ,area: 0, filling_rate: 1
random seed: 10
best wirelength: 103202
initial_num_perturbs: 36
iter: 3600
best_iter: 2455
best_cost: 0.625806
reject_time: 1530
accept_inferior_time: 986
update_best_time: 6
time cost: 0.056
