name,x,y,layer,rotated_angle,width,height,area,left,right,parent,is_from_left,
cc_C38060,17250,62905,1,90,37030,8625,319383750,1,6,21,0,
cc_C40988,54280,37030,1,0,8625,37030,319383750,-1,-1,0,1,
cc_C43598,54280,74060,1,180,8625,37030,319383750,23,-1,10,1,
cc_C46412,71530,54280,1,270,37030,8625,319383750,-1,9,18,0,
cc_C48982,17250,88780,1,90,37030,8625,319383750,-1,10,5,0,
cc_C51792,17250,80155,1,90,37030,8625,319383750,-1,4,6,0,
cc_C54385,17250,71530,1,90,37030,8625,319383750,-1,5,0,0,
cc_C57055,8625,74060,1,0,8625,37030,319383750,-1,-1,15,0,
cc_C59668,71530,71530,1,90,37030,8625,319383750,-1,12,9,0,
cc_C62278,71530,62905,1,90,37030,8625,319383750,-1,8,3,0,
cc_C65067,17250,97405,1,90,37030,8625,319383750,2,-1,4,0,
cc_C67839,62905,74060,1,0,8625,37030,319383750,-1,-1,23,0,
cc_C70494,71530,80155,1,90,37030,8625,319383750,-1,-1,8,0,
cc_C73068,0,37030,1,0,8625,37030,319383750,15,14,28,0,
cc_C75794,0,74060,1,0,8625,37030,319383750,-1,-1,13,0,
cc_C78507,8625,37030,1,0,8625,37030,319383750,-1,7,13,1,
cc_C390725,60375,0,1,180,8625,37030,319383750,19,-1,31,1,
cc_C393732,17250,37030,1,90,37030,8625,319383750,-1,22,27,0,
cc_C396426,71530,45655,1,90,37030,8625,319383750,-1,3,24,0,
cc_C399324,69000,0,1,180,8625,37030,319383750,25,-1,16,1,
cc_C401934,8625,0,1,0,8625,37030,319383750,27,-1,28,1,
cc_C404828,17250,54280,1,90,37030,8625,319383750,-1,0,22,0,
cc_C407517,17250,45655,1,270,37030,8625,319383750,-1,21,17,0,
cc_C410399,62905,37030,1,180,8625,37030,319383750,24,11,2,1,
cc_C413083,71530,37030,1,90,37030,8625,319383750,-1,18,23,1,
cc_C415825,77625,0,1,180,8625,37030,319383750,-1,-1,19,1,
cc_C418719,25875,0,1,180,8625,37030,319383750,30,-1,27,1,
cc_C421704,17250,0,1,180,8625,37030,319383750,26,17,20,1,
cc_C424482,0,0,1,0,8625,37030,319383750,20,13,-1,0,
cc_C427157,43125,0,1,180,8625,37030,319383750,31,-1,30,1,
cc_C429953,34500,0,1,180,8625,37030,319383750,29,-1,26,1,
cc_C432668,51750,0,1,180,8625,37030,319383750,16,-1,29,1,
Wirelength: 566792
layer(tree) info:
layer: 0 ,width: 0 ,height: 0 ,area: 0, filling_rate: 1
layer: 1 ,width: 108560 ,height: 111090 ,area: 12059930400, filling_rate: 0.847458
random seed: 4
best wirelength: 566792
initial_num_perturbs: 1024
iter: 102400
best_iter: 101084
best_cost: 0.331278
reject_time: 32619
accept_inferior_time: 24014
update_best_time: 74
time cost: 2.631
