name,x,y,layer,rotated_angle,width,height,area,left,right,parent,is_from_left,
cc_C38060,25920,54000,0,270,25920,6000,155520000,-1,-1,21,1,
cc_C40988,25920,72000,0,90,25920,6000,155520000,-1,9,6,1,
cc_C43598,0,78000,0,270,25920,6000,155520000,-1,13,8,0,
cc_C46412,0,66000,0,270,25920,6000,155520000,4,8,10,0,
cc_C48982,25920,90000,0,90,25920,6000,155520000,-1,-1,3,1,
cc_C51792,25920,66000,0,90,25920,6000,155520000,-1,-1,7,0,
cc_C54385,0,48000,0,270,25920,6000,155520000,1,14,17,0,
cc_C57055,25920,60000,0,270,25920,6000,155520000,-1,5,17,1,
cc_C59668,0,72000,0,270,25920,6000,155520000,-1,2,3,0,
cc_C62278,25920,78000,0,270,25920,6000,155520000,-1,-1,1,0,
cc_C65067,0,60000,0,90,25920,6000,155520000,12,3,14,0,
cc_C67839,0,90000,0,90,25920,6000,155520000,-1,-1,13,0,
cc_C70494,25920,84000,0,90,25920,6000,155520000,-1,-1,10,1,
cc_C73068,0,84000,0,90,25920,6000,155520000,-1,11,2,0,
cc_C75794,0,54000,0,270,25920,6000,155520000,-1,10,6,0,
cc_C78507,25920,48000,0,270,25920,6000,155520000,-1,-1,25,0,
cc_C390725,0,6000,0,270,25920,6000,155520000,27,29,23,0,
cc_C393732,0,42000,0,90,25920,6000,155520000,7,6,21,0,
cc_C396426,0,30000,0,270,25920,6000,155520000,-1,21,20,0,
cc_C399324,25920,30000,0,270,25920,6000,155520000,-1,24,30,0,
cc_C401934,0,24000,0,270,25920,6000,155520000,-1,18,26,0,
cc_C404828,0,36000,0,90,25920,6000,155520000,0,17,18,0,
cc_C407517,25920,18000,0,270,25920,6000,155520000,-1,30,28,0,
cc_C410399,0,0,0,270,25920,6000,155520000,-1,16,-1,0,
cc_C413083,25920,36000,0,90,25920,6000,155520000,-1,25,19,0,
cc_C415825,25920,42000,0,90,25920,6000,155520000,-1,15,24,0,
cc_C418719,0,18000,0,270,25920,6000,155520000,-1,20,29,0,
cc_C421704,25920,0,0,270,25920,6000,155520000,-1,31,16,1,
cc_C424482,25920,12000,0,90,25920,6000,155520000,-1,22,31,0,
cc_C427157,0,12000,0,270,25920,6000,155520000,-1,26,16,0,
cc_C429953,25920,24000,0,90,25920,6000,155520000,-1,19,22,0,
cc_C432668,25920,6000,0,270,25920,6000,155520000,-1,28,27,0,
Wirelength: 347222
layer(tree) info:
layer: 0 ,width: 51840 ,height: 96000 ,area: 4976640000, filling_rate: 1
layer: 1 ,width: 0 ,height: 0 ,area: 0, filling_rate: 1
random seed: 5
best wirelength: 347222
initial_num_perturbs: 1024
iter: 102400
best_iter: 92237
best_cost: 0.184139
reject_time: 28420
accept_inferior_time: 24986
update_best_time: 72
time cost: 2.556
