name,x,y,layer,rotated_angle,width,height,area,left,right,parent,is_from_left,
cc_C8466,10752,0,1,90,8160,9072,74027520,-1,1,2,1,
cc_C8467,10752,9072,1,90,8160,9072,74027520,-1,-1,0,0,
cc_C16429,0,0,1,90,10752,8112,87220224,0,3,-1,0,
cc_C16430,0,8112,1,90,10752,8112,87220224,-1,15,2,0,
cc_C32011,0,75744,1,0,12288,6144,75497472,-1,27,5,0,
cc_C32012,0,69600,1,180,12288,6144,75497472,-1,4,14,0,
cc_C39784,0,157728,1,90,11232,7776,87340032,-1,8,33,0,
cc_C39785,10752,103536,1,0,7776,11232,87340032,-1,-1,25,1,
cc_C55552,0,165504,1,180,7728,11232,86800896,12,9,6,0,
cc_C55553,0,176736,1,0,7728,11232,86800896,-1,19,8,0,
cc_C63404,0,32064,1,270,11232,7728,86800896,-1,16,11,0,
cc_C63405,0,24336,1,270,11232,7728,86800896,-1,10,15,0,
cc_C71293,7728,165504,1,0,7728,11232,86800896,-1,13,8,1,
cc_C71294,7728,176736,1,270,11232,7728,86800896,-1,-1,12,0,
cc_C86866,0,61440,1,0,9072,8160,74027520,-1,5,18,0,
cc_C86867,0,16224,1,90,10752,8112,87220224,-1,11,3,0,
cc_C86868,0,39792,1,180,12288,6144,75497472,-1,17,10,0,
cc_C86869,0,45936,1,90,11232,7776,87340032,-1,18,16,0,
cc_C86870,0,53712,1,90,11232,7728,86800896,-1,14,17,0,
cc_C94576,0,187968,1,0,9072,8160,74027520,20,21,9,0,
cc_C94577,9072,184464,1,180,8112,10752,87220224,-1,-1,19,1,
cc_C94578,0,196128,1,180,12288,6144,75497472,-1,22,19,0,
cc_C94579,0,202272,1,90,11232,7776,87340032,-1,23,21,0,
cc_C94580,0,210048,1,270,11232,7728,86800896,-1,-1,22,0,
cc_C102137,0,103536,1,0,9072,8160,74027520,-1,25,28,0,
cc_C102138,0,111696,1,270,10752,8112,87220224,7,29,24,0,
cc_C102139,0,89664,1,180,12288,6144,75497472,-1,28,27,0,
cc_C102140,0,81888,1,270,11232,7776,87340032,-1,26,4,0,
cc_C102141,0,95808,1,90,11232,7728,86800896,-1,24,26,0,
cc_C109812,0,119808,1,0,9072,8160,74027520,-1,30,25,0,
cc_C109813,0,127968,1,90,10752,8112,87220224,-1,31,29,0,
cc_C109814,0,136080,1,0,12288,6144,75497472,-1,32,30,0,
cc_C109815,0,142224,1,270,11232,7776,87340032,-1,33,31,0,
cc_C109816,0,150000,1,270,11232,7728,86800896,-1,6,32,0,
Wirelength: 633807
layer(tree) info:
layer: 0 ,width: 0 ,height: 0 ,area: 0, filling_rate: 1
layer: 1 ,width: 18960 ,height: 217776 ,area: 4129032960, filling_rate: 0.681157
random seed: 7
best wirelength: 633807
initial_num_perturbs: 1156
iter: 115600
best_iter: 109346
best_cost: 0.305023
reject_time: 39806
accept_inferior_time: 37545
update_best_time: 64
time cost: 1.772
