name,x,y,layer,rotated_angle,width,height,area,left,right,parent,is_from_left,
cc_C38060,84000,0,0,180,6000,25920,155520000,-1,-1,2,1,
cc_C40988,48000,0,0,0,6000,25920,155520000,14,10,16,1,
cc_C43598,78000,0,0,180,6000,25920,155520000,0,-1,9,1,
cc_C46412,60000,31920,0,180,6000,25920,155520000,5,-1,12,1,
cc_C48982,73920,25920,0,270,25920,6000,155520000,-1,-1,10,1,
cc_C51792,66000,31920,0,0,6000,25920,155520000,15,-1,3,1,
cc_C54385,72000,37920,0,90,25920,6000,155520000,-1,11,15,0,
cc_C57055,60000,0,0,180,6000,25920,155520000,8,-1,14,1,
cc_C59668,66000,0,0,180,6000,25920,155520000,9,-1,7,1,
cc_C62278,72000,0,0,180,6000,25920,155520000,2,-1,8,1,
cc_C65067,48000,25920,0,270,25920,6000,155520000,4,-1,1,0,
cc_C67839,72000,43920,0,90,25920,6000,155520000,-1,-1,6,0,
cc_C70494,54000,31920,0,180,6000,25920,155520000,3,-1,13,1,
cc_C73068,48000,31920,0,0,6000,25920,155520000,12,-1,17,1,
cc_C75794,54000,0,0,0,6000,25920,155520000,7,-1,1,1,
cc_C78507,72000,31920,0,270,25920,6000,155520000,-1,6,5,1,
cc_C390725,42000,0,0,180,6000,25920,155520000,1,-1,22,1,
cc_C393732,42000,31920,0,180,6000,25920,155520000,13,-1,26,1,
cc_C396426,18000,25920,0,270,25920,6000,155520000,-1,19,27,0,
cc_C399324,18000,31920,0,180,6000,25920,155520000,30,-1,18,0,
cc_C401934,0,0,0,0,6000,25920,155520000,21,23,-1,0,
cc_C404828,6000,0,0,180,6000,25920,155520000,29,-1,20,1,
cc_C407517,36000,0,0,180,6000,25920,155520000,16,-1,25,1,
cc_C410399,0,25920,0,0,6000,25920,155520000,28,-1,20,0,
cc_C413083,24000,0,0,180,6000,25920,155520000,25,-1,27,1,
cc_C415825,30000,0,0,180,6000,25920,155520000,22,-1,24,1,
cc_C418719,36000,31920,0,180,6000,25920,155520000,17,-1,31,1,
cc_C421704,18000,0,0,0,6000,25920,155520000,24,18,29,1,
cc_C424482,6000,25920,0,0,6000,25920,155520000,-1,-1,23,1,
cc_C427157,12000,0,0,180,6000,25920,155520000,27,-1,21,1,
cc_C429953,24000,31920,0,180,6000,25920,155520000,31,-1,19,1,
cc_C432668,30000,31920,0,180,6000,25920,155520000,26,-1,30,1,
Wirelength: 360744
layer(tree) info:
layer: 0 ,width: 99840 ,height: 57840 ,area: 5774745600, filling_rate: 0.861794
layer: 1 ,width: 0 ,height: 0 ,area: 0, filling_rate: 1
random seed: 2
best wirelength: 360744
initial_num_perturbs: 1024
iter: 102400
best_iter: 101638
best_cost: 0.221155
reject_time: 30272
accept_inferior_time: 24980
update_best_time: 77
time cost: 2.605
