name,x,y,layer,rotated_angle,width,height,area,left,right,parent,is_from_left,
cc_C8466,6369,64911,0,0,6369,5709,36360621,-1,-1,1,1,
cc_C8467,0,64911,0,0,6369,5709,36360621,0,7,10,0,
cc_C16429,0,48411,0,270,7524,5676,42706224,-1,11,3,0,
cc_C16430,0,40887,0,0,5676,7524,42706224,-1,2,13,0,
cc_C32011,0,4290,0,180,8613,4290,36949770,-1,9,5,0,
cc_C32012,0,0,0,180,8613,4290,36949770,-1,4,-1,0,
cc_C39784,0,76065,0,90,7854,5445,42765030,-1,24,7,0,
cc_C39785,0,70620,0,270,7854,5445,42765030,-1,6,1,0,
cc_C55552,5412,8580,0,90,7854,5412,42505848,-1,21,9,1,
cc_C55553,0,8580,0,0,5412,7854,42505848,8,19,4,0,
cc_C63404,0,59499,0,270,7854,5412,42505848,-1,1,11,0,
cc_C63405,0,54087,0,270,7854,5412,42505848,-1,10,2,0,
cc_C71293,0,30063,0,270,7854,5412,42505848,-1,13,23,0,
cc_C71294,0,35475,0,270,7854,5412,42505848,20,3,12,0,
cc_C86866,0,136521,0,0,6369,5709,36360621,-1,-1,16,0,
cc_C86867,5709,81510,0,90,7524,5676,42706224,-1,-1,24,1,
cc_C86868,0,132231,0,0,8613,4290,36949770,-1,14,17,0,
cc_C86869,0,126786,0,270,7854,5445,42765030,-1,16,29,0,
cc_C86870,6369,121077,0,270,7854,5412,42505848,-1,-1,29,1,
cc_C94576,0,18282,0,90,5709,6369,36360621,22,23,9,0,
cc_C94577,7854,23727,0,180,5676,7524,42706224,-1,-1,13,1,
cc_C94578,5412,13992,0,180,8613,4290,36949770,-1,-1,8,0,
cc_C94579,5709,18282,0,90,7854,5445,42765030,-1,-1,19,1,
cc_C94580,0,24651,0,270,7854,5412,42505848,-1,12,19,0,
cc_C102137,0,81510,0,270,5709,6369,36360621,15,25,6,0,
cc_C102138,0,87879,0,90,7524,5676,42706224,-1,28,24,0,
cc_C102139,0,98967,0,0,8613,4290,36949770,-1,32,28,0,
cc_C102140,5445,103257,0,270,7854,5445,42765030,-1,-1,32,1,
cc_C102141,0,93555,0,270,7854,5412,42505848,-1,26,25,0,
cc_C109812,0,121077,0,180,6369,5709,36360621,18,17,31,0,
cc_C109813,0,111111,0,270,7524,5676,42706224,-1,31,32,0,
cc_C109814,0,116787,0,0,8613,4290,36949770,33,29,30,0,
cc_C109815,0,103257,0,0,5445,7854,42765030,27,30,26,0,
cc_C109816,8613,108702,0,0,5412,7854,42505848,-1,-1,31,1,
Wirelength: 434233
layer(tree) info:
layer: 0 ,width: 14223 ,height: 142230 ,area: 2022937290, filling_rate: 0.681063
layer: 1 ,width: 0 ,height: 0 ,area: 0, filling_rate: 1
random seed: 8
best wirelength: 434233
initial_num_perturbs: 1156
iter: 115600
best_iter: 115429
best_cost: 0.219597
reject_time: 37024
accept_inferior_time: 38869
update_best_time: 81
time cost: 1.83
