name,x,y,layer,rotated_angle,width,height,area,left,right,parent,is_from_left,
cc_C38060,0,30000,0,270,25920,6000,155520000,28,7,6,0,
cc_C40988,25920,42000,0,90,25920,6000,155520000,-1,-1,14,1,
cc_C43598,25920,0,0,270,25920,6000,155520000,-1,5,8,1,
cc_C46412,0,42000,0,90,25920,6000,155520000,-1,31,7,0,
cc_C48982,25920,36000,0,90,25920,6000,155520000,-1,-1,11,0,
cc_C51792,25920,6000,0,270,25920,6000,155520000,-1,13,2,0,
cc_C54385,0,24000,0,270,25920,6000,155520000,16,0,15,0,
cc_C57055,0,36000,0,270,25920,6000,155520000,26,3,0,0,
cc_C59668,0,0,0,270,25920,6000,155520000,2,10,-1,0,
cc_C62278,25920,18000,0,90,25920,6000,155520000,-1,-1,13,0,
cc_C65067,0,6000,0,270,25920,6000,155520000,12,14,8,0,
cc_C67839,25920,30000,0,270,25920,6000,155520000,-1,4,12,0,
cc_C70494,25920,24000,0,270,25920,6000,155520000,-1,11,10,1,
cc_C73068,25920,12000,0,90,25920,6000,155520000,-1,9,5,0,
cc_C75794,0,12000,0,90,25920,6000,155520000,1,15,10,0,
cc_C78507,0,18000,0,270,25920,6000,155520000,-1,6,14,0,
cc_C390725,25920,48000,0,270,25920,6000,155520000,-1,-1,6,1,
cc_C393732,0,66000,0,270,25920,6000,155520000,-1,21,22,0,
cc_C396426,25920,78000,0,90,25920,6000,155520000,-1,-1,26,0,
cc_C399324,0,84000,0,90,25920,6000,155520000,30,24,23,0,
cc_C401934,25920,66000,0,90,25920,6000,155520000,-1,-1,29,0,
cc_C404828,0,72000,0,270,25920,6000,155520000,-1,23,17,0,
cc_C407517,0,60000,0,90,25920,6000,155520000,-1,17,27,0,
cc_C410399,0,78000,0,270,25920,6000,155520000,-1,19,21,0,
cc_C413083,0,90000,0,90,25920,6000,155520000,-1,-1,19,0,
cc_C415825,25920,84000,0,90,25920,6000,155520000,-1,-1,31,1,
cc_C418719,25920,72000,0,270,25920,6000,155520000,-1,18,7,1,
cc_C421704,0,54000,0,270,25920,6000,155520000,-1,22,31,0,
cc_C424482,25920,54000,0,90,25920,6000,155520000,-1,29,0,1,
cc_C427157,25920,60000,0,270,25920,6000,155520000,-1,20,28,0,
cc_C429953,25920,90000,0,90,25920,6000,155520000,-1,-1,19,1,
cc_C432668,0,48000,0,270,25920,6000,155520000,25,27,3,0,
Wirelength: 347402
layer(tree) info:
layer: 0 ,width: 51840 ,height: 96000 ,area: 4976640000, filling_rate: 1
layer: 1 ,width: 0 ,height: 0 ,area: 0, filling_rate: 1
random seed: 9
best wirelength: 347402
initial_num_perturbs: 1024
iter: 102400
best_iter: 84689
best_cost: 0.211146
reject_time: 29001
accept_inferior_time: 24691
update_best_time: 50
time cost: 2.583
