name,x,y,layer,rotated_angle,width,height,area,left,right,parent,is_from_left,
cc_C8466,119460,0,0,90,5709,6369,36360621,-1,-1,9,1,
cc_C8467,119460,6369,0,90,5709,6369,36360621,-1,-1,8,1,
cc_C16429,108372,0,0,0,5676,7524,42706224,9,-1,32,1,
cc_C16430,102894,7854,0,90,7524,5676,42706224,-1,-1,30,1,
cc_C32011,43032,11121,0,0,8613,4290,36949770,5,-1,24,0,
cc_C32012,51645,8613,0,180,8613,4290,36949770,-1,-1,4,1,
cc_C39784,26235,7854,0,90,7854,5445,42765030,-1,-1,7,0,
cc_C39785,26235,0,0,0,5445,7854,42765030,15,6,10,1,
cc_C55552,114048,7854,0,0,5412,7854,42505848,1,-1,9,0,
cc_C55553,114048,0,0,0,5412,7854,42505848,0,8,2,1,
cc_C63404,20823,0,0,0,5412,7854,42505848,7,-1,11,1,
cc_C63405,15411,0,0,0,5412,7854,42505848,10,-1,20,1,
cc_C71293,66033,0,0,0,5412,7854,42505848,14,-1,13,1,
cc_C71294,60621,0,0,180,5412,7854,42505848,12,-1,27,1,
cc_C86866,71445,0,0,0,6369,5709,36360621,16,-1,12,1,
cc_C86867,31680,0,0,0,5676,7524,42706224,25,-1,7,1,
cc_C86868,77814,0,0,270,4290,8613,36949770,18,-1,14,1,
cc_C86869,82104,7854,0,90,7854,5445,42765030,-1,-1,18,0,
cc_C86870,82104,0,0,0,5412,7854,42505848,33,17,16,1,
cc_C94576,0,8613,0,180,6369,5709,36360621,23,-1,21,0,
cc_C94577,9735,0,0,180,5676,7524,42706224,11,-1,22,1,
cc_C94578,0,0,0,270,4290,8613,36949770,22,19,-1,0,
cc_C94579,4290,0,0,180,5445,7854,42765030,20,-1,21,1,
cc_C94580,6369,7854,0,0,5412,7854,42505848,-1,-1,19,1,
cc_C102137,43032,5412,0,180,6369,5709,36360621,-1,4,28,0,
cc_C102138,37356,0,0,180,5676,7524,42706224,28,-1,15,1,
cc_C102139,50886,0,0,90,4290,8613,36949770,27,-1,28,1,
cc_C102140,55176,0,0,180,5445,7854,42765030,13,-1,26,1,
cc_C102141,43032,0,0,270,7854,5412,42505848,26,24,25,1,
cc_C109812,97218,0,0,270,5709,6369,36360621,32,30,31,1,
cc_C109813,97218,6369,0,0,5676,7524,42706224,3,-1,29,0,
cc_C109814,92928,0,0,270,4290,8613,36949770,29,-1,33,1,
cc_C109815,102927,0,0,0,5445,7854,42765030,2,-1,29,1,
cc_C109816,87516,0,0,180,5412,7854,42505848,31,-1,18,1,
Wirelength: 416279
layer(tree) info:
layer: 0 ,width: 125169 ,height: 15708 ,area: 1966154652, filling_rate: 0.700732
layer: 1 ,width: 0 ,height: 0 ,area: 0, filling_rate: 1
random seed: 2
best wirelength: 416279
initial_num_perturbs: 1156
iter: 115600
best_iter: 113205
best_cost: 0.209586
reject_time: 36258
accept_inferior_time: 39072
update_best_time: 94
time cost: 1.809
