name,x,y,layer,rotated_angle,width,height,area,left,right,parent,is_from_left,
cc_C38060,0,54000,0,90,25920,6000,155520000,-1,20,14,0,
cc_C40988,0,6000,0,270,25920,6000,155520000,13,11,6,0,
cc_C43598,0,30000,0,90,25920,6000,155520000,7,9,4,0,
cc_C46412,37920,0,0,180,6000,25920,155520000,-1,-1,5,1,
cc_C48982,0,24000,0,90,25920,6000,155520000,12,2,8,0,
cc_C51792,31920,0,0,0,6000,25920,155520000,3,-1,13,1,
cc_C54385,0,0,0,270,25920,6000,155520000,-1,1,-1,0,
cc_C57055,25920,31920,0,0,6000,25920,155520000,15,-1,2,1,
cc_C59668,0,18000,0,90,25920,6000,155520000,-1,4,11,0,
cc_C62278,0,36000,0,270,25920,6000,155520000,-1,10,2,0,
cc_C65067,0,42000,0,90,25920,6000,155520000,-1,14,9,0,
cc_C67839,0,12000,0,270,25920,6000,155520000,-1,8,1,0,
cc_C70494,25920,25920,0,270,25920,6000,155520000,-1,-1,4,1,
cc_C73068,25920,0,0,0,6000,25920,155520000,5,-1,1,1,
cc_C75794,0,48000,0,90,25920,6000,155520000,-1,0,10,0,
cc_C78507,31920,31920,0,180,6000,25920,155520000,31,-1,7,1,
cc_C390725,0,84000,0,270,25920,6000,155520000,-1,27,25,0,
cc_C393732,25920,83760,0,180,6000,25920,155520000,18,-1,23,1,
cc_C396426,31920,89760,0,270,25920,6000,155520000,-1,-1,17,1,
cc_C399324,37920,57840,0,180,6000,25920,155520000,-1,-1,31,0,
cc_C401934,0,60000,0,270,25920,6000,155520000,22,26,0,0,
cc_C404828,43920,57840,0,180,6000,25920,155520000,-1,-1,28,0,
cc_C407517,25920,57840,0,0,6000,25920,155520000,24,-1,20,1,
cc_C410399,0,96000,0,90,25920,6000,155520000,17,-1,27,0,
cc_C413083,31920,57840,0,0,6000,25920,155520000,-1,29,22,1,
cc_C415825,0,78000,0,90,25920,6000,155520000,-1,16,30,0,
cc_C418719,0,66000,0,270,25920,6000,155520000,-1,30,20,0,
cc_C421704,0,90000,0,90,25920,6000,155520000,-1,23,16,0,
cc_C424482,43920,31920,0,180,6000,25920,155520000,-1,21,31,1,
cc_C427157,31920,83760,0,270,25920,6000,155520000,-1,-1,24,0,
cc_C429953,0,72000,0,90,25920,6000,155520000,-1,25,26,0,
cc_C432668,37920,31920,0,0,6000,25920,155520000,28,19,15,1,
Wirelength: 402145
layer(tree) info:
layer: 0 ,width: 57840 ,height: 109680 ,area: 6343891200, filling_rate: 0.784478
layer: 1 ,width: 0 ,height: 0 ,area: 0, filling_rate: 1
random seed: 6
best wirelength: 402145
initial_num_perturbs: 1024
iter: 102400
best_iter: 97525
best_cost: 0.205811
reject_time: 29775
accept_inferior_time: 25251
update_best_time: 54
time cost: 2.572
