name,x,y,layer,rotated_angle,width,height,area,left,right,parent,is_from_left,
cc_C8466,7854,110451,0,90,5709,6369,36360621,-1,-1,8,1,
cc_C8467,7854,116820,0,90,5709,6369,36360621,-1,-1,9,1,
cc_C16429,7524,104775,0,270,7524,5676,42706224,-1,-1,3,1,
cc_C16430,0,104775,0,90,7524,5676,42706224,2,8,11,0,
cc_C32011,0,57453,0,180,8613,4290,36949770,-1,25,5,0,
cc_C32012,0,53163,0,180,8613,4290,36949770,-1,4,6,0,
cc_C39784,0,47718,0,90,7854,5445,42765030,-1,5,13,0,
cc_C39785,0,0,0,270,7854,5445,42765030,20,22,-1,0,
cc_C55552,0,110451,0,270,7854,5412,42505848,0,9,3,0,
cc_C55553,0,115863,0,90,7854,5412,42505848,1,32,8,0,
cc_C63404,0,93951,0,90,7854,5412,42505848,-1,11,15,0,
cc_C63405,0,99363,0,90,7854,5412,42505848,-1,3,10,0,
cc_C71293,0,36894,0,270,7854,5412,42505848,-1,13,18,0,
cc_C71294,0,42306,0,270,7854,5412,42505848,-1,6,12,0,
cc_C86866,0,15378,0,270,5709,6369,36360621,-1,16,21,0,
cc_C86867,0,88275,0,270,7524,5676,42706224,-1,10,27,0,
cc_C86868,0,21747,0,180,8613,4290,36949770,-1,17,14,0,
cc_C86869,0,26037,0,90,7854,5445,42765030,-1,18,16,0,
cc_C86870,0,31482,0,90,7854,5412,42505848,-1,12,17,0,
cc_C94576,8613,11088,0,180,6369,5709,36360621,-1,-1,26,1,
cc_C94577,7854,0,0,270,7524,5676,42706224,-1,-1,7,1,
cc_C94578,0,11088,0,0,8613,4290,36949770,-1,14,22,0,
cc_C94579,0,5445,0,270,7854,5445,42765030,23,21,7,0,
cc_C94580,7854,5676,0,90,7854,5412,42505848,-1,-1,22,1,
cc_C102137,0,67419,0,180,6369,5709,36360621,-1,28,25,0,
cc_C102138,0,61743,0,90,7524,5676,42706224,-1,24,4,0,
cc_C102139,0,78540,0,0,8613,4290,36949770,19,27,28,0,
cc_C102140,0,82830,0,90,7854,5445,42765030,-1,15,26,0,
cc_C102141,0,73128,0,270,7854,5412,42505848,-1,26,24,0,
cc_C109812,8613,131043,0,270,5709,6369,36360621,-1,-1,33,0,
cc_C109813,0,131010,0,270,7524,5676,42706224,-1,-1,31,0,
cc_C109814,0,126720,0,180,8613,4290,36949770,33,30,32,0,
cc_C109815,0,121275,0,90,7854,5445,42765030,-1,31,9,0,
cc_C109816,8613,123189,0,0,5412,7854,42505848,-1,29,31,1,
Wirelength: 410916
layer(tree) info:
layer: 0 ,width: 15708 ,height: 137412 ,area: 2158467696, filling_rate: 0.638299
layer: 1 ,width: 0 ,height: 0 ,area: 0, filling_rate: 1
random seed: 5
best wirelength: 410916
initial_num_perturbs: 1156
iter: 115600
best_iter: 114617
best_cost: 0.233573
reject_time: 38849
accept_inferior_time: 38165
update_best_time: 82
time cost: 1.736
