name,x,y,layer,rotated_angle,width,height,area,left,right,parent,is_from_left,
cc_C8466,0,78309,0,90,5709,6369,36360621,-1,1,12,0,
cc_C8467,0,84678,0,90,5709,6369,36360621,-1,7,0,0,
cc_C16429,0,54285,0,0,5676,7524,42706224,-1,3,10,0,
cc_C16430,0,61809,0,270,7524,5676,42706224,-1,13,2,0,
cc_C32011,0,100782,0,0,8613,4290,36949770,-1,15,5,0,
cc_C32012,0,96492,0,0,8613,4290,36949770,-1,4,7,0,
cc_C39784,0,38016,0,270,7854,5445,42765030,-1,11,24,0,
cc_C39785,0,91047,0,270,7854,5445,42765030,-1,5,1,0,
cc_C55552,0,5412,0,270,7854,5412,42505848,-1,27,9,0,
cc_C55553,0,0,0,270,7854,5412,42505848,-1,8,-1,0,
cc_C63404,0,48873,0,270,7854,5412,42505848,-1,2,11,0,
cc_C63405,0,43461,0,270,7854,5412,42505848,-1,10,6,0,
cc_C71293,0,72897,0,90,7854,5412,42505848,-1,0,13,0,
cc_C71294,0,67485,0,90,7854,5412,42505848,-1,12,3,0,
cc_C86866,0,135102,0,180,6369,5709,36360621,23,17,30,0,
cc_C86867,0,105072,0,90,7524,5676,42706224,-1,32,4,0,
cc_C86868,0,146883,0,0,8613,4290,36949770,22,-1,17,0,
cc_C86869,0,140811,0,270,7854,5445,42765030,19,16,14,0,
cc_C86870,0,124014,0,90,7854,5412,42505848,-1,30,33,0,
cc_C94576,7854,140514,0,90,5709,6369,36360621,20,-1,17,1,
cc_C94577,13563,140514,0,270,7524,5676,42706224,-1,-1,19,1,
cc_C94578,14058,146190,0,90,4290,8613,36949770,-1,-1,22,1,
cc_C94579,8613,146883,0,0,5445,7854,42765030,21,-1,16,1,
cc_C94580,6369,135102,0,90,7854,5412,42505848,29,-1,14,1,
cc_C102137,0,31647,0,90,5709,6369,36360621,-1,6,25,0,
cc_C102138,0,25971,0,270,7524,5676,42706224,-1,24,28,0,
cc_C102139,0,16269,0,180,8613,4290,36949770,-1,28,27,0,
cc_C102140,0,10824,0,270,7854,5445,42765030,-1,26,8,0,
cc_C102141,0,20559,0,90,7854,5412,42505848,-1,25,26,0,
cc_C109812,14223,133716,0,270,5709,6369,36360621,-1,-1,23,1,
cc_C109813,0,129426,0,270,7524,5676,42706224,31,14,18,0,
cc_C109814,7524,129426,0,180,8613,4290,36949770,-1,-1,30,1,
cc_C109815,0,110748,0,0,5445,7854,42765030,-1,33,15,0,
cc_C109816,0,118602,0,270,7854,5412,42505848,-1,18,32,0,
Wirelength: 507320
layer(tree) info:
layer: 0 ,width: 21087 ,height: 154803 ,area: 3264330861, filling_rate: 0.422061
layer: 1 ,width: 0 ,height: 0 ,area: 0, filling_rate: 1
random seed: 6
best wirelength: 507320
initial_num_perturbs: 1156
iter: 115600
best_iter: 112856
best_cost: 0.166326
reject_time: 34933
accept_inferior_time: 39818
update_best_time: 70
time cost: 1.755
