name,x,y,layer,rotated_angle,width,height,area,left,right,parent,is_from_left,
cc_C38060,0,30000,0,90,25920,6000,155520000,-1,13,15,0,
cc_C40988,25920,6000,0,90,25920,6000,155520000,-1,-1,23,1,
cc_C43598,0,42000,0,90,25920,6000,155520000,-1,24,13,0,
cc_C46412,0,6000,0,90,25920,6000,155520000,-1,6,8,0,
cc_C48982,31920,36000,0,90,25920,6000,155520000,-1,26,5,0,
cc_C51792,31920,30000,0,270,25920,6000,155520000,-1,4,14,0,
cc_C54385,0,12000,0,90,25920,6000,155520000,-1,12,3,0,
cc_C57055,25920,0,0,270,25920,6000,155520000,-1,-1,28,1,
cc_C59668,0,0,0,270,25920,6000,155520000,-1,3,-1,0,
cc_C62278,31920,18000,0,270,25920,6000,155520000,-1,14,11,0,
cc_C65067,25920,12000,0,0,6000,25920,155520000,11,-1,31,1,
cc_C67839,31920,12000,0,270,25920,6000,155520000,-1,9,10,1,
cc_C70494,0,18000,0,270,25920,6000,155520000,-1,15,6,0,
cc_C73068,0,36000,0,90,25920,6000,155520000,-1,2,0,0,
cc_C75794,31920,24000,0,90,25920,6000,155520000,-1,5,9,0,
cc_C78507,0,24000,0,90,25920,6000,155520000,-1,0,12,0,
cc_C390725,0,72000,0,90,25920,6000,155520000,-1,31,18,0,
cc_C393732,25920,63840,0,180,6000,25920,155520000,21,-1,22,0,
cc_C396426,0,66000,0,90,25920,6000,155520000,-1,16,23,0,
cc_C399324,31920,48000,0,270,25920,6000,155520000,-1,-1,26,0,
cc_C401934,31920,66000,0,270,25920,6000,155520000,-1,30,29,0,
cc_C404828,31920,78000,0,270,25920,6000,155520000,-1,-1,17,1,
cc_C407517,25920,37920,0,180,6000,25920,155520000,27,17,25,1,
cc_C410399,0,60000,0,90,25920,6000,155520000,1,18,28,0,
cc_C413083,0,48000,0,90,25920,6000,155520000,-1,28,2,0,
cc_C415825,0,84000,0,90,25920,6000,155520000,22,-1,31,0,
cc_C418719,31920,42000,0,270,25920,6000,155520000,-1,19,4,0,
cc_C421704,31920,54000,0,270,25920,6000,155520000,-1,29,22,1,
cc_C424482,0,54000,0,90,25920,6000,155520000,7,23,24,0,
cc_C427157,31920,60000,0,270,25920,6000,155520000,-1,20,27,0,
cc_C429953,31920,72000,0,270,25920,6000,155520000,-1,-1,20,0,
cc_C432668,0,78000,0,90,25920,6000,155520000,10,25,16,0,
Wirelength: 358868
layer(tree) info:
layer: 0 ,width: 57840 ,height: 90000 ,area: 5205600000, filling_rate: 0.956017
layer: 1 ,width: 0 ,height: 0 ,area: 0, filling_rate: 1
random seed: 8
best wirelength: 358868
initial_num_perturbs: 1024
iter: 102400
best_iter: 98200
best_cost: 0.219562
reject_time: 29632
accept_inferior_time: 24541
update_best_time: 51
time cost: 2.639
