name,x,y,layer,rotated_angle,width,height,area,left,right,parent,is_from_left,
cc_C2791,0,0,0,90,8580,11319,97117020,1,4,-1,0,
cc_C2792,8580,0,0,0,11319,8580,97117020,-1,-1,0,1,
cc_C2793,11616,0,1,90,8448,11616,98131968,-1,-1,3,1,
cc_C2794,0,0,1,0,11616,8448,98131968,2,5,-1,0,
cc_C2795,0,11319,0,0,11352,8679,98524008,-1,-1,0,0,
cc_C2796,0,8448,1,90,8679,11352,98524008,-1,-1,3,0,
Wirelength: 95626
layer(tree) info:
layer: 0 ,width: 19899 ,height: 19998 ,area: 397940202, filling_rate: 0.735684
layer: 1 ,width: 20064 ,height: 19800 ,area: 397267200, filling_rate: 0.742039
random seed: 4
best wirelength: 95626
initial_num_perturbs: 36
iter: 3600
best_iter: 1
best_cost: 0.560435
reject_time: 1571
accept_inferior_time: 983
update_best_time: 2
time cost: 0.033
