name,x,y,layer,rotated_angle,width,height,area,left,right,parent,is_from_left,
cc_C8466,161664,10752,1,0,9072,8160,74027520,-1,-1,1,1,
cc_C8467,152592,10752,1,0,9072,8160,74027520,0,-1,3,0,
cc_C16429,160704,0,1,0,8112,10752,87220224,-1,-1,3,1,
cc_C16430,152592,0,1,0,8112,10752,87220224,2,1,7,1,
cc_C32011,6144,0,1,270,6144,12288,75497472,12,-1,5,1,
cc_C32012,0,0,1,270,6144,12288,75497472,4,-1,-1,0,
cc_C39784,31248,11232,1,270,11232,7776,87340032,20,-1,9,1,
cc_C39785,144816,0,1,0,7776,11232,87340032,3,-1,16,1,
cc_C55552,12288,11232,1,0,7728,11232,86800896,9,-1,12,0,
cc_C55553,20016,11232,1,90,11232,7728,86800896,6,-1,8,1,
cc_C63404,115008,0,1,0,7728,11232,86800896,14,-1,11,1,
cc_C63405,107280,0,1,0,7728,11232,86800896,10,-1,24,1,
cc_C71293,12288,0,1,180,7728,11232,86800896,13,8,4,1,
cc_C71294,20016,0,1,0,7728,11232,86800896,33,-1,12,1,
cc_C86866,122736,0,1,270,8160,9072,74027520,17,18,10,1,
cc_C86867,98208,8160,1,180,8112,10752,87220224,-1,-1,24,0,
cc_C86868,138672,0,1,90,6144,12288,75497472,7,-1,17,1,
cc_C86869,130896,0,1,0,7776,11232,87340032,16,-1,14,1,
cc_C86870,122736,11232,1,90,11232,7728,86800896,-1,-1,14,0,
cc_C94576,49392,0,1,0,9072,8160,74027520,30,-1,21,1,
cc_C94577,42480,12288,1,0,8112,10752,87220224,22,-1,6,1,
cc_C94578,43248,0,1,270,6144,12288,75497472,19,-1,32,1,
cc_C94579,50592,8160,1,180,7776,11232,87340032,23,-1,20,1,
cc_C94580,58368,10752,1,90,11232,7728,86800896,29,-1,22,1,
cc_C102137,98208,0,1,180,9072,8160,74027520,11,15,25,1,
cc_C102138,90096,0,1,0,8112,10752,87220224,24,-1,27,1,
cc_C102139,78672,15504,1,0,12288,6144,75497472,-1,-1,28,0,
cc_C102140,78864,0,1,90,11232,7776,87340032,25,-1,31,1,
cc_C102141,78672,7776,1,90,11232,7728,86800896,-1,26,29,1,
cc_C109812,69600,6144,1,180,9072,8160,74027520,28,-1,23,1,
cc_C109813,58464,0,1,180,8112,10752,87220224,31,-1,19,1,
cc_C109814,66576,0,1,180,12288,6144,75497472,27,-1,30,1,
cc_C109815,35472,0,1,180,7776,11232,87340032,21,-1,33,1,
cc_C109816,27744,0,1,180,7728,11232,86800896,32,-1,13,1,
Wirelength: 622392
layer(tree) info:
layer: 0 ,width: 0 ,height: 0 ,area: 0, filling_rate: 1
layer: 1 ,width: 170736 ,height: 23040 ,area: 3933757440, filling_rate: 0.71497
random seed: 4
best wirelength: 622392
initial_num_perturbs: 1156
iter: 115600
best_iter: 107389
best_cost: 0.301067
reject_time: 38430
accept_inferior_time: 38109
update_best_time: 52
time cost: 1.771
