name,x,y,layer,rotated_angle,width,height,area,exceed_outline_area,left,right,parent,is_from_left,
macro_C2791,0,0,1,270,8580,11319,97117020,0,-1,10,-1,0,
macro_C2792,13625,0,1,270,8580,11319,97117020,0,-1,-1,9,1,
macro_C2793,11352,8448,0,180,11616,8448,98131968,0,-1,-1,5,1,
macro_C2794,11352,0,0,180,11616,8448,98131968,0,-1,-1,4,1,
macro_C2795,0,0,0,180,11352,8679,98524008,0,3,5,-1,0,
macro_C2796,0,8679,0,0,11352,8679,98524008,0,2,-1,4,0,
core_C0,8910,0,1,180,1133,8877,10057641,0,-1,-1,10,1,
core_C1,0,12523,1,270,8910,1225,10914750,0,12,-1,10,0,
core_C4,10083,0,1,180,1178,8877,10457106,0,13,-1,12,1,
core_C7,12413,0,1,180,1212,8910,10798920,0,1,-1,13,1,
core_C9,0,11319,1,270,8910,1204,10727640,0,6,7,0,0,
core_C11,11261,8910,1,0,2121,4620,9799020,0,-1,-1,13,0,
core_C12,8910,8877,1,0,1173,8877,10412721,0,8,-1,7,1,
core_C13,11261,0,1,180,1152,8877,10226304,0,9,11,8,1,
Wirelength: 4.56144e+06
layer(tree) info:
layer: 0 ,width: 22968 ,height: 17358 ,area: 398678544, filling_rate: 0.986539
layer: 1 ,width: 22205 ,height: 17754 ,area: 394227570, filling_rate: 0.704233
random seed: 4
alpha: 0
gamma: 1
best wirelength: 4.56144e+06
initial_num_perturbs: 196
iter: 5880
best_iter: 4726
best_cost: 0.0417069
reject_time: 224087
accept_inferior_time: 176093
update_best_time: 22
adjustLegalOutline_fail_times: 2
initial_wirelength: 7.4809e+07
initial_average_wirelength: 1.09369e+08
5.05564e+07,initial_iter: 196
initial_time: 0.05
total time cost: 159.384
