name,x,y,layer,rotated_angle,width,height,area,exceed_outline_area,left,right,parent,is_from_left,
macro_C8466,9057,0,1,0,9072,8160,74027520,0,90,73,87,1,
macro_C8467,17061,12936,0,180,6369,5709,36360621,0,66,86,2,0,
macro_C16429,17061,5412,0,180,5676,7524,42706224,0,19,1,3,1,
macro_C16430,9537,13576,0,90,7524,5676,42706224,0,2,-1,44,0,
macro_C32011,0,35016,1,0,12288,6144,75497472,0,70,-1,62,0,
macro_C32012,1419,36867,0,0,8613,4290,36949770,0,13,-1,9,0,
macro_C39784,9273,23575,0,90,7854,5445,42765030,0,27,60,8,1,
macro_C39785,1419,21159,0,180,5445,7854,42765030,0,119,9,91,0,
macro_C55552,1419,14295,0,90,7854,5412,42505848,0,6,91,94,0,
macro_C55553,1419,29013,0,0,5412,7854,42505848,0,-1,5,7,0,
macro_C63404,21968,15016,1,270,11232,7728,86800896,0,31,-1,112,1,
macro_C63405,29106,0,0,90,7854,5412,42505848,0,-1,-1,19,1,
macro_C71293,8448,30505,0,90,7854,5412,42505848,0,56,-1,119,1,
macro_C71294,10032,35917,0,90,7854,5412,42505848,0,-1,-1,5,1,
macro_C86866,31933,23520,1,270,8160,9072,74027520,0,-1,-1,83,1,
macro_C86867,31350,24387,0,0,5676,7524,42706224,0,-1,-1,28,1,
macro_C86868,22149,32592,1,0,12288,6144,75497472,0,-1,-1,68,1,
macro_C86869,28908,32615,0,90,7854,5445,42765030,0,-1,-1,18,1,
macro_C86870,23496,32615,0,0,5412,7854,42505848,0,17,-1,28,0,
macro_C94576,22737,0,0,0,6369,5709,36360621,0,11,79,2,1,
macro_C94577,1419,0,0,90,7524,5676,42706224,0,39,49,88,1,
macro_C94578,0,26520,1,0,12288,6144,75497472,0,40,62,89,0,
macro_C94579,30897,0,1,0,7776,11232,87340032,0,-1,-1,29,1,
macro_C94580,12243,0,0,90,7854,5412,42505848,0,-1,-1,118,1,
macro_C102137,24981,20622,0,270,5709,6369,36360621,0,32,-1,27,1,
macro_C102138,17820,27203,0,180,5676,7524,42706224,0,28,-1,56,1,
macro_C102139,14400,24856,1,0,12288,6144,75497472,0,65,104,40,1,
macro_C102140,17127,21758,0,90,7854,5445,42765030,0,24,-1,6,1,
macro_C102141,23496,27203,0,90,7854,5412,42505848,0,15,18,25,1,
macro_C109812,21825,0,1,0,9072,8160,74027520,0,22,97,90,1,
macro_C109813,30055,13266,0,90,7524,5676,42706224,0,-1,-1,85,0,
macro_C109814,33200,11232,1,90,6144,12288,75497472,0,-1,-1,10,1,
macro_C109815,30690,18942,0,90,7854,5445,42765030,0,-1,-1,24,1,
macro_C109816,31507,5412,0,180,5412,7854,42505848,0,-1,-1,85,1,
core_C1,27585,8160,1,90,2112,6596,13930752,0,-1,-1,77,1,
core_C3,24882,16086,0,270,1452,4536,6586272,0,-1,-1,109,1,
core_C4,28603,5709,0,270,1452,4495,6526740,0,-1,92,95,1,
core_C5,0,4292,1,0,6857,2208,15140256,0,-1,42,115,0,
core_C6,9483,20704,0,0,4491,1452,6520932,0,-1,51,102,0,
core_C7,8943,0,0,90,1452,4513,6552876,0,-1,-1,20,1,
core_C11,12288,26520,1,90,2112,6576,13888512,0,26,-1,21,1,
core_C13,12144,5412,0,270,1452,4413,6407676,0,117,-1,46,1,
core_C14,0,6500,1,90,2256,5860,13220160,0,-1,105,37,0,
core_C15,9537,4513,0,270,1254,3858,4837932,0,118,96,45,1,
core_C16,9537,11035,0,180,2549,2541,6477009,0,93,3,96,0,
core_C18,7788,7425,0,90,1749,3616,6324384,0,43,-1,64,1,
core_C19,10791,4361,0,270,1353,4133,5591949,0,41,-1,118,0,
core_C22,1419,7128,0,0,4407,1419,6253533,0,99,107,49,0,
core_C23,3168,8547,0,90,2046,3148,6440808,0,64,-1,107,1,
core_C24,1419,5676,0,180,4395,1452,6381540,0,-1,47,20,0,
core_C26,24024,5709,0,270,1452,4378,6356856,0,57,-1,79,1,
core_C28,9483,22156,0,0,4308,1419,6113052,0,-1,-1,38,0,
core_C30,28848,24856,1,270,2016,6190,12479040,0,-1,-1,65,1,
core_C31,17061,19932,0,0,4297,1419,6097443,0,120,-1,86,0,
core_C32,5775,12404,1,270,2112,6360,13432320,0,78,-1,72,1,
core_C33,9057,13056,1,0,5037,2496,12572352,0,63,-1,98,0,
core_C34,16302,29020,0,270,1518,4596,6976728,0,25,-1,12,1,
core_C35,25476,5709,0,90,1419,4442,6303198,0,114,-1,50,1,
core_C36,6439,33096,1,180,6011,1920,11541120,0,-1,-1,62,1,
core_C37,7887,21744,1,270,2592,2630,6816960,0,-1,-1,78,0,
core_C38,9273,29020,0,0,4643,1485,6894855,0,-1,-1,6,0,
core_C41,18129,3705,1,90,3024,4546,13747104,0,-1,-1,90,0,
core_C42,0,32664,1,0,6439,2112,13599168,0,58,4,21,0,
core_C43,14094,13056,1,180,6378,2112,13470336,0,110,-1,55,1,
core_C45,5214,8547,0,90,2574,2580,6640920,0,45,75,48,1,
core_C47,26688,24856,1,90,2160,6675,14418000,0,52,-1,26,1,
core_C48,23430,11603,0,270,1782,3578,6375996,0,74,109,1,1,
core_C49,4571,9476,1,180,4479,2928,13114512,0,103,-1,87,0,
core_C50,19989,31000,1,90,2160,3257,7035120,0,16,-1,71,1,
core_C51,27118,14719,0,90,2046,3083,6307818,0,-1,-1,95,0,
core_C54,12288,35368,1,180,6389,2064,13186896,0,-1,-1,4,1,
core_C55,14400,33544,1,0,5589,1824,10194336,0,68,-1,104,0,
core_C56,0,17928,1,180,5775,2304,13305600,0,54,81,108,0,
core_C57,9057,8160,1,0,5247,2592,13600224,0,-1,98,0,0,
core_C58,25212,11603,0,270,1452,4483,6509316,0,-1,-1,66,1,
core_C59,5214,11127,0,0,4269,1419,6057711,0,102,-1,64,0,
core_C60,9050,17568,1,0,6468,2112,13660416,0,112,-1,103,0,
core_C61,24609,8160,1,90,2976,4552,13546752,0,34,-1,97,1,
core_C62,7887,19680,1,0,6446,2064,13304544,0,111,59,54,1,
core_C64,22737,5709,0,270,1287,3879,4992273,0,50,80,19,0,
core_C65,22737,10151,0,0,4381,1452,6361212,0,95,-1,79,0,
core_C66,0,20232,1,180,6429,2112,13578048,0,-1,106,72,0,
core_C67,6325,24408,1,180,6496,2112,13719552,0,-1,-1,89,1,
core_C68,25308,22744,1,0,6625,2112,13992000,0,14,-1,101,1,
core_C72,14002,19252,0,270,1947,2965,5772855,0,-1,-1,102,1,
core_C74,30055,5412,0,270,1452,4366,6339432,0,33,30,92,1,
core_C75,17061,18645,0,180,3985,1287,5128695,0,-1,53,1,0,
core_C77,4571,6500,1,0,4486,2976,13350336,0,0,67,105,1,
core_C78,0,0,0,90,1419,4417,6267723,0,20,-1,-1,0,
core_C79,0,24408,1,180,6325,2064,13054800,0,82,21,106,0,
core_C80,18129,0,1,270,3696,3705,13693680,0,29,61,0,1,
core_C81,1419,19707,0,0,4432,1452,6435264,0,-1,7,8,0,
core_C82,28603,10204,0,90,1452,4464,6481728,0,85,-1,36,0,
core_C83,12086,11427,0,180,3151,2046,6446946,0,-1,-1,44,1,
core_C84,1419,12546,0,0,4397,1452,6384444,0,116,8,107,0,
core_C85,27118,10150,0,90,1485,4569,6784965,0,36,69,80,1,
core_C86,9537,8494,0,180,2593,2541,6588813,0,123,44,43,0,
core_C87,21825,8160,1,270,2784,4208,11715072,0,77,-1,29,0,
core_C88,9057,10752,1,180,5918,2304,13635072,0,-1,55,73,0,
core_C89,5826,5676,0,0,3617,1749,6326133,0,-1,-1,47,1,
core_C90,14333,21792,1,180,4527,2208,9995616,0,101,-1,111,0,
core_C91,18860,22744,1,0,6448,2064,13308672,0,83,-1,100,1,
core_C92,9483,19252,0,180,4519,1452,6561588,0,84,38,75,1,
core_C93,9050,15552,1,180,6264,2016,12628224,0,113,76,67,1,
core_C94,14400,31000,1,0,5212,2544,13259328,0,-1,71,26,0,
core_C96,0,12360,1,0,4571,3024,13822704,0,87,108,42,0,
core_C98,0,22344,1,0,6426,2064,13263264,0,-1,89,81,0,
core_C101,1419,8547,0,90,1749,3614,6320886,0,48,94,47,0,
core_C102,0,15384,1,0,5157,2544,13119408,0,-1,72,105,0,
core_C104,23430,15181,0,90,1452,4421,6419292,0,35,-1,66,0,
core_C107,20472,12712,1,180,7112,2304,16386048,0,-1,-1,63,1,
core_C108,14333,19680,1,0,6538,2112,13808256,0,-1,100,78,1,
core_C109,15518,17280,1,0,6450,2064,13312800,0,10,-1,76,1,
core_C110,15314,15168,1,0,6425,2112,13569600,0,-1,-1,103,1,
core_C111,26895,5709,0,90,1419,4441,6301779,0,-1,-1,57,1,
core_C112,0,0,1,90,2832,4292,12154944,0,-1,37,-1,0,
core_C113,5816,12546,0,180,3536,1749,6184464,0,-1,-1,94,1,
core_C114,13596,5412,0,270,1452,4392,6377184,0,122,-1,41,1,
core_C116,10791,0,0,90,1452,4361,6332172,0,23,46,43,1,
core_C117,6864,19707,0,90,1584,4032,6386688,0,12,121,7,1,
core_C118,21358,18645,0,90,2013,3113,6266469,0,-1,-1,53,1,
core_C119,6864,23739,0,90,1452,4453,6465756,0,-1,-1,119,0,
core_C120,15048,5412,0,90,1419,4431,6287589,0,-1,-1,117,1,
core_C121,12130,9843,0,0,4076,1584,6456384,0,-1,-1,96,1,
Wirelength: 1.0448e+08
layer(tree) info:
layer: 0 ,width: 38544 ,height: 41329 ,area: 1592984976 ,blocks_area: 1300853037, filling_rate: 0.816614, utilizatio_rate: 0.778048
layer: 1 ,width: 40093 ,height: 41160 ,area: 1650227880 ,blocks_area: 1318282752, filling_rate: 0.798849, utilizatio_rate: 0.788473
random seed: 14
alpha: 0
gamma: 1
best wirelength: 1.0448e+08
initial_num_perturbs: 15376
iter: 0
best_iter: 0
best_cost: 0.293233
reject_time: 0
accept_inferior_time: 0
update_best_time: 0
adjustLegalOutline_fail_times: 0
outline_adjust_time: 0.278
initial_wirelength: 1.15016e+09
initial_average_wirelength: 2.75208e+09
1.03568e+09,initial_iter: 15376
initial_time: 11.495
total time cost: 351.376
