name,x,y,layer,rotated_angle,width,height,area,exceed_outline_area,left,right,parent,is_from_left,
macro_C8466,17523,21498,0,270,5709,6369,36360621,0,21,-1,93,1,
macro_C8467,13800,32685,0,180,6369,5709,36360621,0,32,-1,5,1,
macro_C16429,18381,0,0,180,5676,7524,42706224,0,18,-1,17,1,
macro_C16430,13104,22512,1,270,10752,8112,87220224,0,106,-1,55,1,
macro_C32011,2064,23747,1,270,6144,12288,75497472,0,52,-1,98,0,
macro_C32012,9510,31053,0,90,4290,8613,36949770,0,1,-1,58,1,
macro_C39784,10527,5445,0,90,7854,5445,42765030,0,35,87,17,0,
macro_C39785,0,0,0,90,7854,5445,42765030,0,-1,26,-1,0,
macro_C55552,28032,17363,1,270,11232,7728,86800896,0,-1,-1,105,0,
macro_C55553,10527,12705,0,180,5412,7854,42505848,0,93,41,87,0,
macro_C63404,2571,22275,0,270,7854,5412,42505848,0,-1,-1,11,0,
macro_C63405,2571,16863,0,90,7854,5412,42505848,0,118,10,62,1,
macro_C71293,27552,25091,1,270,11232,7728,86800896,0,-1,-1,72,1,
macro_C71294,29904,27791,0,90,7854,5412,42505848,0,-1,30,71,0,
macro_C86866,21264,0,1,180,9072,8160,74027520,0,42,-1,77,1,
macro_C86867,24057,5412,0,270,7524,5676,42706224,0,-1,-1,18,0,
macro_C86868,16992,8160,1,90,6144,12288,75497472,0,-1,108,65,0,
macro_C86869,10527,0,0,90,7854,5445,42765030,0,2,6,97,1,
macro_C86870,24057,0,0,90,7854,5412,42505848,0,19,15,2,1,
macro_C94576,31911,0,0,0,6369,5709,36360621,0,-1,23,18,1,
macro_C94577,31911,16566,0,270,7524,5676,42706224,0,-1,-1,22,0,
macro_C94578,23232,23763,0,90,4290,8613,36949770,0,69,-1,0,1,
macro_C94579,31911,11121,0,270,7854,5445,42765030,0,-1,20,23,0,
macro_C94580,31911,5709,0,90,7854,5412,42505848,0,-1,22,19,0,
macro_C102137,8208,32875,1,180,9072,8160,74027520,0,-1,-1,76,0,
macro_C102138,0,9735,0,270,7524,5676,42706224,0,-1,109,26,0,
macro_C102139,0,5445,0,0,8613,4290,36949770,0,97,25,7,0,
macro_C102140,8208,2016,1,0,7776,11232,87340032,0,-1,103,52,0,
macro_C102141,0,30723,0,180,5412,7854,42505848,0,58,-1,59,0,
macro_C109812,19164,30624,1,90,8160,9072,74027520,0,33,-1,75,1,
macro_C109813,29904,33203,0,0,5676,7524,42706224,0,-1,-1,13,0,
macro_C109814,25614,32376,0,90,4290,8613,36949770,0,71,-1,32,1,
macro_C109815,20169,32388,0,180,5445,7854,42765030,0,31,-1,1,1,
macro_C109816,27324,32819,1,90,11232,7728,86800896,0,-1,-1,29,1,
core_C1,18381,14601,0,0,4507,1485,6692895,0,88,122,63,0,
core_C3,18381,7524,0,90,1452,4536,6586272,0,39,63,6,1,
core_C4,2064,14627,1,180,5897,2304,13586688,0,-1,50,111,0,
core_C5,30336,6405,1,270,2736,5534,15141024,0,-1,90,42,0,
core_C6,10320,27638,1,270,2592,5237,13574304,0,75,-1,54,1,
core_C7,19833,7524,0,90,1452,4513,6552876,0,110,-1,35,1,
core_C11,31158,22242,0,270,1485,4493,6672105,0,70,68,71,1,
core_C13,10527,20559,0,0,4413,1452,6407676,0,44,116,9,0,
core_C14,30336,0,1,90,2064,6405,13219920,0,-1,37,14,1,
core_C15,23245,21981,0,180,2715,1782,4838130,0,-1,-1,80,0,
core_C16,14940,21172,0,180,2549,2541,6477009,0,-1,64,41,1,
core_C18,20724,18990,0,0,2521,2508,6322668,0,80,-1,46,1,
core_C19,18381,18990,0,90,2343,2386,5590398,0,45,-1,60,0,
core_C22,24697,17574,0,90,1419,4407,6253533,0,91,-1,80,1,
core_C23,14919,27867,0,0,3614,1782,6440148,0,49,-1,117,1,
core_C24,18533,27867,0,0,4395,1452,6381540,0,-1,-1,48,1,
core_C26,2064,16931,1,180,5865,2256,13231440,0,-1,57,36,0,
core_C28,2064,6467,1,180,3582,3552,12723264,0,83,78,114,1,
core_C30,8208,0,1,0,6190,2016,12479040,0,-1,27,4,1,
core_C31,0,27687,0,0,3029,2013,6097377,0,-1,59,62,0,
core_C32,8208,17632,1,90,2112,6360,13432320,0,38,76,103,0,
core_C33,11088,21401,1,270,2016,6237,12573792,0,3,-1,73,0,
core_C34,27568,21166,0,180,3252,2145,6975540,0,-1,104,107,0,
core_C35,2064,19187,1,180,5816,2256,13120896,0,-1,98,50,0,
core_C36,5412,29139,0,0,4098,1353,5544594,0,5,-1,28,1,
core_C37,0,29700,0,180,3201,1023,3274623,0,82,28,53,0,
core_C38,18381,17505,0,0,4643,1485,6894855,0,-1,46,122,0,
core_C41,23349,8160,1,180,5304,2592,13747968,0,-1,-1,108,1,
core_C42,0,24786,0,180,2571,2541,6532911,0,11,53,86,0,
core_C43,18381,12060,0,0,2547,2541,6471927,0,-1,34,35,0,
core_C45,14940,23713,0,180,2580,2574,6640920,0,-1,-1,44,0,
core_C47,16992,0,1,270,2160,6675,14418000,0,77,16,101,1,
core_C48,27204,13134,0,270,1782,3578,6375996,0,113,-1,67,1,
core_C49,25785,13134,0,90,1419,4440,6300360,0,66,-1,112,0,
core_C50,31158,26735,0,180,3201,1056,3380256,0,-1,-1,40,0,
core_C51,27522,27332,0,270,1419,4445,6307455,0,-1,-1,21,1,
core_C54,32643,22242,0,90,1452,4363,6335076,0,-1,-1,40,1,
core_C55,29904,23311,0,90,1254,3905,4896870,0,40,13,31,1,
core_C56,23856,17181,1,0,3696,3600,13305600,0,12,-1,106,0,
core_C57,11088,19097,1,180,5903,2304,13600512,0,-1,55,85,0,
core_C58,14254,31101,0,180,4110,1584,6510240,0,-1,-1,123,0,
core_C59,12912,30624,1,0,6252,2016,12604032,0,29,-1,38,1,
core_C60,8208,23992,1,270,2112,6468,13660416,0,-1,24,54,0,
core_C61,19152,0,1,90,2112,6415,13548480,0,14,-1,65,1,
core_C62,2064,10019,1,0,5774,2304,13303296,0,-1,111,51,0,
core_C64,0,16863,0,180,2258,2211,4992438,0,-1,120,109,0,
core_C65,23245,17254,0,90,1452,4381,6361212,0,47,43,45,1,
core_C66,25920,10752,1,270,2112,6429,13578048,0,105,-1,106,1,
core_C67,3201,27687,0,180,4539,1452,6590628,0,-1,-1,59,1,
core_C68,5646,0,1,270,2112,6625,13992000,0,-1,-1,51,1,
core_C72,0,6467,1,90,1968,6107,12018576,0,-1,114,102,0,
core_C74,11088,13248,1,90,2256,5849,13195344,0,101,73,103,1,
core_C75,0,21549,0,90,1584,3237,5127408,0,-1,62,120,0,
core_C77,10527,10890,0,0,4051,1584,6416784,0,96,9,6,0,
core_C78,22888,12837,0,90,1419,4417,6267723,0,119,-1,34,1,
core_C79,10425,27786,0,180,3115,2013,6270495,0,-1,100,118,0,
core_C80,30336,11939,1,180,5283,2592,13693536,0,-1,-1,37,0,
core_C81,26116,17574,0,270,1452,4432,6435264,0,107,-1,47,1,
core_C82,18700,30936,0,0,4464,1452,6481728,0,-1,-1,95,0,
core_C83,15939,12705,0,90,1584,4070,6446880,0,0,94,9,1,
core_C84,15939,16775,0,90,1452,4397,6384444,0,-1,-1,93,0,
core_C85,18700,29319,0,180,4196,1617,6784932,0,-1,92,123,1,
core_C86,14578,10890,0,180,3630,1815,6588450,0,-1,-1,87,1,
core_C87,8613,0,0,90,1914,2940,5627160,0,17,-1,26,1,
core_C88,2064,21443,1,180,5918,2304,13635072,0,-1,4,57,0,
core_C89,10527,23430,0,0,4357,1452,6326364,0,-1,117,116,0,
core_C90,10425,29799,0,0,3829,1254,4801566,0,123,-1,89,0,
core_C91,13344,13248,1,0,3648,3648,13307904,0,65,-1,85,1,
core_C92,0,0,1,90,2112,6467,13658304,0,-1,84,-1,0,
core_C93,8208,13248,1,90,2880,4384,12625920,0,85,54,27,0,
core_C94,27568,23311,0,90,1584,4021,6369264,0,-1,-1,56,0,
core_C96,28032,10752,1,90,2112,6546,13825152,0,115,8,81,1,
core_C98,23856,10752,1,90,2064,6426,13263264,0,81,72,3,1,
core_C101,27568,16712,0,90,1419,4454,6320226,0,121,56,91,1,
core_C102,16992,20448,1,0,6357,2064,13120848,0,61,-1,16,0,
core_C104,0,15411,0,0,4421,1452,6419292,0,-1,79,25,0,
core_C107,21285,11088,0,180,4500,1749,7870500,0,112,-1,39,1,
core_C108,2064,12323,1,0,5993,2304,13807872,0,-1,36,78,0,
core_C109,25785,11088,0,180,3126,2046,6395796,0,-1,67,110,1,
core_C110,28986,11088,0,270,1782,3658,6518556,0,-1,-1,66,1,
core_C111,0,12574,1,90,2064,6355,13116720,0,51,-1,84,0,
core_C112,30144,14531,1,0,4292,2832,12154944,0,-1,-1,105,1,
core_C113,10527,22011,0,180,4359,1419,6185421,0,-1,99,41,0,
core_C114,10527,24882,0,0,4392,1452,6377184,0,48,-1,99,0,
core_C116,10425,26334,0,0,4361,1452,6332172,0,-1,89,11,1,
core_C117,24307,12837,0,90,1452,4398,6385896,0,-1,-1,88,1,
core_C118,0,19074,0,0,2531,2475,6264225,0,-1,86,79,0,
core_C119,28987,14746,0,270,1452,4453,6465756,0,-1,-1,107,1,
core_C120,18381,16086,0,180,4431,1419,6287589,0,-1,60,34,0,
core_C121,14254,29649,0,0,4446,1452,6455592,0,95,74,100,1,
Wirelength: 1.10304e+08
layer(tree) info:
layer: 0 ,width: 39765 ,height: 40989 ,area: 1629927585 ,blocks_area: 1334083344, filling_rate: 0.818492, utilizatio_rate: 0.797923
layer: 1 ,width: 39264 ,height: 41035 ,area: 1611198240 ,blocks_area: 1248304944, filling_rate: 0.774768, utilizatio_rate: 0.746618
random seed: 16
alpha: 0
gamma: 1
best wirelength: 1.10304e+08
initial_num_perturbs: 15376
iter: 0
best_iter: 0
best_cost: 0.255682
reject_time: 0
accept_inferior_time: 0
update_best_time: 0
adjustLegalOutline_fail_times: 0
outline_adjust_time: 0.516
initial_wirelength: 1.15016e+09
initial_average_wirelength: 2.9055e+09
1.00501e+09,initial_iter: 15376
initial_time: 11.645
total time cost: 149.808
