name,x,y,layer,rotated_angle,width,height,area,exceed_outline_area,left,right,parent,is_from_left,
macro_C8466,26480,0,0,0,6369,5709,36360621,0,3,-1,94,1,
macro_C8467,24336,0,1,0,9072,8160,74027520,0,-1,-1,13,1,
macro_C16429,29804,5709,0,0,5676,7524,42706224,0,-1,-1,39,1,
macro_C16430,32849,0,0,90,7524,5676,42706224,0,-1,-1,0,1,
macro_C32011,27608,14304,1,180,12288,6144,75497472,0,-1,-1,100,1,
macro_C32012,18240,22209,0,0,8613,4290,36949770,0,15,-1,69,1,
macro_C39784,0,29799,0,270,7854,5445,42765030,0,108,7,9,0,
macro_C39785,0,35244,0,270,7854,5445,42765030,0,28,-1,6,0,
macro_C55552,3552,11232,1,0,7728,11232,86800896,0,42,37,11,0,
macro_C55553,0,21945,0,0,5412,7854,42505848,0,109,6,23,0,
macro_C63404,1584,2541,0,0,5412,7854,42505848,0,12,81,68,0,
macro_C63405,3552,0,1,180,7728,11232,86800896,0,79,8,59,1,
macro_C71293,6996,5869,0,270,7854,5412,42505848,0,74,-1,10,1,
macro_C71294,13104,0,1,90,11232,7728,86800896,0,1,-1,79,1,
macro_C86866,31847,20448,1,270,8160,9072,74027520,0,-1,-1,22,1,
macro_C86867,26853,19275,0,0,5676,7524,42706224,0,17,-1,5,1,
macro_C86868,25969,8160,1,180,12288,6144,75497472,0,-1,-1,98,1,
macro_C86869,32529,18645,0,0,5445,7854,42765030,0,-1,-1,15,1,
macro_C86870,31516,13233,0,90,7854,5412,42505848,0,-1,-1,52,1,
macro_C94576,8549,14878,0,90,5709,6369,36360621,0,69,112,109,1,
macro_C94577,15746,9240,0,180,5676,7524,42706224,0,96,-1,119,1,
macro_C94578,12092,0,0,180,8613,4290,36949770,0,91,-1,88,1,
macro_C94579,24071,20627,1,0,7776,11232,87340032,0,14,-1,76,1,
macro_C94580,0,16533,0,90,7854,5412,42505848,0,-1,9,105,0,
macro_C102137,23747,31859,1,180,9072,8160,74027520,0,-1,-1,26,1,
macro_C102138,20603,26799,0,90,7524,5676,42706224,0,31,-1,95,1,
macro_C102139,17603,24303,1,90,6144,12288,75497472,0,24,-1,76,0,
macro_C102140,7854,28560,0,90,7854,5445,42765030,0,-1,-1,108,0,
macro_C102141,7854,34005,0,90,7854,5412,42505848,0,-1,-1,7,1,
macro_C109812,9443,30912,1,90,8160,9072,74027520,0,76,-1,38,1,
macro_C109813,16082,32520,0,180,5676,7524,42706224,0,32,-1,92,0,
macro_C109814,28127,26799,0,90,4290,8613,36949770,0,33,-1,25,1,
macro_C109815,21758,32475,0,0,5445,7854,42765030,0,-1,-1,30,1,
macro_C109816,32417,26799,0,0,5412,7854,42505848,0,-1,-1,31,1,
core_C1,14294,18117,0,180,4139,1617,6692763,0,-1,110,97,0,
core_C3,12386,24849,0,0,3696,1782,6586272,0,63,86,120,1,
core_C4,11280,7728,1,0,6433,2112,13586496,0,103,57,79,0,
core_C5,3552,22464,1,180,6857,2208,15140256,0,-1,89,8,0,
core_C6,3552,33168,1,0,5891,2304,13572864,0,29,-1,51,0,
core_C7,28022,10155,0,270,1782,3677,6552414,0,2,83,65,1,
core_C11,1584,0,0,180,4493,1485,6672105,0,56,68,104,1,
core_C13,22874,13383,0,270,1584,4045,6407280,0,67,-1,96,1,
core_C14,11280,14112,1,270,2064,6405,13219920,0,115,90,8,1,
core_C15,21575,10215,0,90,1254,3858,4837932,0,48,-1,122,1,
core_C16,19521,4432,0,90,2541,2549,6477009,0,117,-1,49,1,
core_C18,22157,0,0,90,1452,4356,6324912,0,118,47,91,1,
core_C19,11373,11281,0,180,2921,1914,5590794,0,119,-1,64,1,
core_C22,22157,4356,0,90,1419,4407,6253533,0,99,-1,45,0,
core_C23,22829,10215,0,180,4066,1584,6440544,0,123,93,43,1,
core_C24,15126,4290,0,0,4395,1452,6381540,0,44,116,121,1,
core_C26,0,0,1,90,2064,6411,13232304,0,-1,85,-1,0,
core_C28,3552,30912,1,0,5640,2256,12723840,0,-1,38,78,0,
core_C30,28022,17536,0,0,3494,1716,5995704,0,18,-1,83,0,
core_C31,8549,22699,0,0,4297,1419,6097443,0,-1,-1,112,0,
core_C32,21745,7728,1,90,2112,6360,13432320,0,98,-1,75,1,
core_C33,11280,12096,1,180,6237,2016,12573792,0,-1,-1,57,0,
core_C34,6077,0,0,180,4596,1518,6976728,0,88,-1,40,1,
core_C35,11280,9840,1,0,5816,2256,13120896,0,-1,55,36,0,
core_C36,23864,14616,1,90,1920,6011,11541120,0,100,-1,82,1,
core_C37,2064,11598,1,90,1488,4581,6816528,0,11,-1,114,1,
core_C38,0,3157,0,270,1485,4643,6894855,0,-1,104,71,0,
core_C41,16563,16224,1,90,2304,5967,13747968,0,62,-1,90,1,
core_C42,18867,16224,1,270,2304,5903,13600512,0,-1,-1,61,1,
core_C43,16082,24849,0,90,1584,4085,6470640,0,66,92,35,1,
core_C45,7714,11281,0,0,3659,1815,6641085,0,46,72,107,1,
core_C47,25877,13383,0,90,2145,3229,6926205,0,39,-1,67,1,
core_C48,17666,26499,0,90,1452,4392,6377184,0,95,-1,63,1,
core_C49,24458,13383,0,270,1419,4440,6300360,0,65,-1,41,1,
core_C50,1584,1485,0,0,3201,1056,3380256,0,-1,10,40,0,
core_C51,14258,23265,0,0,3982,1584,6307488,0,5,-1,19,1,
core_C54,1584,11847,0,180,3622,1749,6334878,0,107,-1,81,0,
core_C55,0,0,0,90,1551,3157,4896507,0,-1,60,-1,0,
core_C56,7714,13096,0,180,3587,1782,6392034,0,-1,-1,64,0,
core_C57,15312,14112,1,180,6440,2112,13601280,0,82,-1,115,1,
core_C58,14850,7161,0,0,3131,2079,6509349,0,122,-1,12,1,
core_C59,19729,7728,1,90,2016,6252,12604032,0,54,-1,103,1,
core_C60,17603,22191,1,0,6468,2112,13660416,0,22,26,29,1,
core_C61,23261,17823,0,0,4482,1452,6507864,0,-1,-1,111,1,
core_C62,3552,28848,1,180,6446,2064,13304544,0,-1,51,102,0,
core_C64,11280,0,1,90,1824,5697,10391328,0,13,36,11,1,
core_C65,28347,5709,0,270,1452,4381,6361212,0,-1,-1,123,1,
core_C66,1584,10395,0,180,4492,1452,6522384,0,-1,70,10,0,
core_C67,21752,14616,1,270,2112,6496,13719552,0,58,-1,73,1,
core_C68,28022,13832,0,90,1815,3704,6722760,0,-1,52,39,0,
core_C72,10019,24672,1,90,1968,6107,12018576,0,-1,-1,102,1,
core_C74,0,6411,1,90,2544,5187,13195728,0,-1,114,50,0,
core_C75,12386,26631,0,180,3614,1419,5128266,0,-1,-1,35,0,
core_C77,18794,16764,0,0,2558,2508,6415464,0,-1,101,110,1,
core_C78,10673,0,0,270,1419,4417,6267723,0,21,121,56,1,
core_C79,3552,24672,1,180,6325,2064,13054800,0,-1,102,37,0,
core_C80,11280,20517,1,180,5283,2592,13693536,0,61,-1,42,0,
core_C81,20705,0,0,270,1452,4432,6435264,0,45,-1,21,1,
core_C82,16082,31068,0,180,4464,1452,6481728,0,-1,30,63,0,
core_C83,22829,11799,0,180,4070,1584,6446880,0,-1,-1,48,0,
core_C84,25028,4361,0,270,1452,4397,6384444,0,0,-1,99,1,
core_C85,19118,26499,0,90,1485,4569,6784965,0,25,-1,66,1,
core_C86,21422,14073,0,90,1452,4538,6589176,0,41,-1,20,1,
core_C87,14294,16764,0,180,4160,1353,5628480,0,-1,34,119,0,
core_C88,23857,8160,1,90,2112,6456,13635072,0,16,-1,54,1,
core_C89,23576,4361,0,90,1452,4357,6326364,0,94,-1,47,1,
core_C90,25784,14616,1,270,1824,5480,9995520,0,4,-1,58,1,
core_C91,18794,19272,0,180,4403,1452,6393156,0,-1,111,87,0,
core_C92,3552,26736,1,0,6467,2112,13658304,0,84,78,89,0,
core_C93,17713,7728,1,270,2016,6264,12628224,0,75,-1,36,1,
core_C94,0,7800,0,90,1584,4021,6369264,0,40,106,60,0,
core_C96,0,15048,0,180,4473,1485,6642405,0,-1,23,106,0,
core_C98,0,13596,0,0,4388,1452,6371376,0,-1,105,104,0,
core_C101,5206,11847,0,90,2508,2520,6320160,0,64,-1,70,1,
core_C102,7854,24118,0,90,1419,4442,6303198,0,120,27,6,1,
core_C104,5412,21945,0,0,3137,2046,6418302,0,19,-1,9,1,
core_C107,14294,19734,0,0,4500,1749,7870500,0,87,113,34,0,
core_C108,18794,20724,0,180,4467,1485,6633495,0,77,-1,101,0,
core_C109,8549,21247,0,180,4405,1452,6396060,0,-1,53,19,0,
core_C110,14294,21483,0,180,3658,1782,6518556,0,-1,-1,110,0,
core_C111,0,11598,1,90,2064,6355,13116720,0,59,-1,85,0,
core_C112,13344,14112,1,90,1968,6176,12154368,0,73,-1,42,1,
core_C113,15126,5742,0,180,4359,1419,6185421,0,-1,-1,49,0,
core_C114,22062,8763,0,0,4392,1452,6377184,0,-1,-1,44,1,
core_C116,23609,0,0,90,1452,4361,6332172,0,-1,-1,45,1,
core_C117,14294,11281,0,270,1452,4398,6385896,0,20,97,46,1,
core_C118,9273,24118,0,180,3113,2013,6266469,0,35,-1,108,1,
core_C119,10673,4417,0,0,4453,1452,6465756,0,49,-1,88,0,
core_C120,17981,7161,0,180,3594,1749,6285906,0,43,-1,74,1,
core_C121,26895,5709,0,90,1452,4446,6455592,0,80,-1,48,1,
Wirelength: 7.85968e+07
layer(tree) info:
layer: 0 ,width: 40373 ,height: 40689 ,area: 1642736997 ,blocks_area: 1336885638, filling_rate: 0.813816, utilizatio_rate: 0.799599
layer: 1 ,width: 40007 ,height: 40019 ,area: 1601040133 ,blocks_area: 1241086032, filling_rate: 0.775175, utilizatio_rate: 0.742301
random seed: 17
alpha: 0
gamma: 1
best wirelength: 7.85968e+07
initial_num_perturbs: 15376
iter: 0
best_iter: 0
best_cost: 0.335034
reject_time: 0
accept_inferior_time: 0
update_best_time: 0
adjustLegalOutline_fail_times: 0
outline_adjust_time: 0.382
initial_wirelength: 1.15016e+09
initial_average_wirelength: 1.94217e+09
9.60954e+08,initial_iter: 15376
initial_time: 11.71
total time cost: 161.708
