name,x,y,layer,rotated_angle,width,height,area,exceed_outline_area,left,right,parent,is_from_left,
macro_C8466,15522,31756,1,180,9072,8160,74027520,0,35,-1,123,1,
macro_C8467,13266,27786,0,180,6369,5709,36360621,0,-1,2,9,1,
macro_C16429,13266,33495,0,0,5676,7524,42706224,0,-1,-1,1,0,
macro_C16430,9235,0,1,0,8112,10752,87220224,0,110,46,98,1,
macro_C32011,5412,21087,0,0,8613,4290,36949770,0,106,108,8,1,
macro_C32012,9577,13398,0,0,8613,4290,36949770,0,56,75,31,0,
macro_C39784,0,31930,1,270,11232,7776,87340032,0,-1,-1,47,0,
macro_C39785,0,0,1,180,7776,11232,87340032,0,-1,54,-1,0,
macro_C55552,0,20928,0,180,5412,7854,42505848,0,4,36,79,0,
macro_C55553,7854,29832,0,0,5412,7854,42505848,0,1,-1,10,1,
macro_C63404,0,33072,0,270,7854,5412,42505848,0,9,-1,114,0,
macro_C63405,0,11787,0,180,5412,7854,42505848,0,84,79,100,0,
macro_C71293,34171,15240,0,180,5412,7854,42505848,0,-1,-1,23,1,
macro_C71294,17347,6176,1,90,11232,7728,86800896,0,20,-1,63,0,
macro_C86866,30835,0,1,0,9072,8160,74027520,0,-1,-1,111,1,
macro_C86867,19698,0,0,90,7524,5676,42706224,0,52,74,30,1,
macro_C86868,36016,5412,0,90,4290,8613,36949770,0,-1,-1,22,1,
macro_C86869,28723,10560,1,90,11232,7776,87340032,0,-1,-1,97,0,
macro_C86870,31547,0,0,270,7854,5412,42505848,0,-1,-1,52,1,
macro_C94576,21846,22269,0,180,6369,5709,36360621,0,-1,-1,50,0,
macro_C94577,28579,18336,1,90,10752,8112,87220224,0,-1,-1,13,1,
macro_C94578,19760,27978,0,0,8613,4290,36949770,0,-1,26,121,1,
macro_C94579,30571,7386,0,180,5445,7854,42765030,0,16,-1,83,1,
macro_C94580,26317,15240,0,90,7854,5412,42505848,0,12,-1,40,1,
macro_C102137,27186,32229,1,270,8160,9072,74027520,0,-1,-1,35,1,
macro_C102138,28422,20652,0,180,5676,7524,42706224,0,27,-1,90,1,
macro_C102139,19760,32268,0,0,8613,4290,36949770,0,28,-1,21,0,
macro_C102140,34098,23094,0,180,5445,7854,42765030,0,-1,-1,25,1,
macro_C102141,28373,28176,0,0,5412,7854,42505848,0,-1,-1,26,1,
macro_C109812,15477,20625,0,180,6369,5709,36360621,0,50,-1,106,1,
macro_C109813,14022,0,0,180,5676,7524,42706224,0,15,92,69,1,
macro_C109814,9577,9108,0,0,8613,4290,36949770,0,32,5,59,0,
macro_C109815,18190,9240,0,90,7854,5445,42765030,0,83,-1,31,1,
macro_C109816,4419,0,0,90,7854,5412,42505848,0,-1,-1,89,1,
core_C1,21379,0,1,90,3696,3769,13930224,0,113,-1,110,1,
core_C3,24594,27834,1,270,2592,5289,13709088,0,24,-1,0,1,
core_C4,0,28782,0,180,4495,1452,6526740,0,-1,57,8,0,
core_C5,26044,8871,0,0,3867,1881,7273827,0,-1,61,83,0,
core_C6,5412,17693,0,180,4117,1584,6521328,0,-1,102,76,0,
core_C7,20866,20845,1,90,2112,6458,13639296,0,48,-1,93,1,
core_C11,24832,14836,0,90,1485,4493,6672105,0,23,-1,104,1,
core_C13,17808,18301,1,0,5241,2544,13333104,0,43,-1,116,0,
core_C14,27661,10752,0,270,1452,4374,6351048,0,115,-1,61,1,
core_C15,23049,15968,1,90,1824,5520,10068480,0,-1,-1,41,1,
core_C16,11539,12720,1,90,2592,5203,13486176,0,-1,-1,87,1,
core_C18,2064,22992,1,180,3657,3600,13165200,0,67,-1,49,0,
core_C19,9235,10752,1,0,5912,1968,11634816,0,-1,87,3,0,
core_C22,0,15360,1,270,2064,6307,13017648,0,103,6,55,0,
core_C23,22978,21488,1,270,2112,6346,13402752,0,109,-1,39,1,
core_C24,2064,20448,1,0,5221,2544,13282224,0,-1,45,73,0,
core_C26,21846,17798,0,270,1452,4378,6356856,0,68,19,29,1,
core_C28,0,4098,0,270,2013,3036,6111468,0,-1,62,58,0,
core_C30,27222,0,0,180,4325,1386,5994450,0,18,101,15,1,
core_C31,29442,26448,1,90,2208,5748,12691584,0,-1,-1,120,1,
core_C32,0,11232,1,0,6360,2112,13432320,0,-1,55,7,0,
core_C33,0,13344,1,0,6237,2016,12573792,0,-1,47,54,0,
core_C34,18190,14685,0,180,4596,1518,6976728,0,104,-1,5,1,
core_C35,0,30234,0,0,4442,1419,6303198,0,-1,114,36,0,
core_C36,0,0,0,270,1353,4098,5544594,0,-1,51,-1,0,
core_C37,9577,8085,0,0,3201,1023,3274623,0,-1,31,71,0,
core_C38,12636,17688,0,0,4643,1485,6894855,0,-1,-1,75,1,
core_C41,26044,10752,0,90,1617,4084,6603828,0,42,-1,37,0,
core_C42,0,7134,0,0,3666,1782,6532812,0,-1,89,51,0,
core_C43,17347,4064,1,180,6378,2112,13470336,0,-1,13,110,0,
core_C45,16450,20845,1,90,2112,6543,13818816,0,93,122,117,1,
core_C47,27221,5868,0,180,4563,1518,6926634,0,-1,-1,66,1,
core_C48,22829,5676,0,180,4392,1452,6377184,0,65,-1,74,1,
core_C49,5721,27486,1,0,5155,2544,13114320,0,80,-1,45,1,
core_C50,23298,17798,0,90,1056,3201,3380256,0,90,-1,50,1,
core_C51,9577,5412,0,0,4445,1419,6307455,0,30,71,84,1,
core_C54,18429,16203,0,180,4000,1584,6336000,0,-1,-1,119,1,
core_C55,9577,6831,0,0,3905,1254,4896870,0,-1,59,69,0,
core_C56,6864,28380,0,0,4402,1452,6391704,0,88,-1,81,0,
core_C57,2064,17856,1,0,5247,2592,13600224,0,118,49,103,0,
core_C58,19698,5676,0,0,3131,2079,6509349,0,66,-1,15,0,
core_C59,9577,17688,0,180,3059,1980,6056820,0,60,107,5,0,
core_C60,5412,13173,0,90,1452,4520,6563040,0,78,38,84,0,
core_C61,28674,1386,0,90,1452,4482,6507864,0,-1,-1,101,1,
core_C62,6864,13173,0,90,1452,4402,6391704,0,-1,-1,76,1,
core_C64,0,19641,0,0,3879,1287,4992273,0,-1,8,11,0,
core_C65,10876,29002,1,0,4522,2928,13240416,0,-1,-1,67,1,
core_C66,6864,26796,0,0,4118,1584,6522912,0,-1,72,85,1,
core_C67,3829,10335,0,0,4539,1452,6590628,0,-1,-1,100,1,
core_C68,26044,7386,0,0,4527,1485,6722595,0,22,37,32,1,
core_C72,5412,11787,0,0,4165,1386,5772690,0,69,76,11,1,
core_C74,5412,26796,0,90,1452,4366,6339432,0,81,-1,108,0,
core_C75,25090,22442,1,90,2064,5172,10675008,0,-1,-1,109,0,
core_C77,9235,12720,1,90,2304,5794,13349376,0,44,-1,46,0,
core_C78,11266,25475,0,180,4041,1551,6267591,0,121,-1,72,1,
core_C79,0,8916,0,0,4419,1419,6270561,0,33,100,62,0,
core_C80,24354,20652,0,180,4068,1617,6577956,0,25,-1,68,1,
core_C81,15696,13904,1,90,2112,6342,13394304,0,116,-1,99,1,
core_C82,14022,7524,0,0,4464,1452,6481728,0,95,-1,30,0,
core_C83,18562,20845,1,270,2304,5822,13413888,0,39,-1,64,1,
core_C84,16450,29452,1,0,5768,2304,13289472,0,-1,-1,122,0,
core_C85,18486,7755,0,0,4569,1485,6784965,0,-1,-1,92,1,
core_C86,7311,20770,1,0,4606,2976,13707456,0,117,105,118,0,
core_C87,28723,8160,1,180,4881,2400,11714400,0,-1,17,111,0,
core_C88,7123,11232,1,270,2112,6456,13635072,0,3,-1,103,1,
core_C89,13152,17923,1,270,2544,5175,13165200,0,91,-1,118,1,
core_C90,0,10335,0,0,3829,1254,4801566,0,82,11,89,0,
core_C91,27222,1386,0,90,1452,4403,6393156,0,77,-1,52,0,
core_C92,5412,19277,0,180,4058,1617,6561786,0,-1,-1,38,0,
core_C93,2064,15360,1,0,5059,2496,12627264,0,98,73,47,1,
core_C94,22786,14685,0,90,2046,3113,6369198,0,40,-1,56,1,
core_C96,7311,23746,1,270,3696,3740,13823040,0,123,-1,96,0,
core_C98,14025,21087,0,90,1452,4388,6371376,0,29,-1,4,1,
core_C101,9577,19668,0,0,4454,1419,6320226,0,119,-1,75,0,
core_C102,5412,25377,0,0,4442,1419,6303198,0,-1,85,4,0,
core_C104,25090,15968,1,90,2064,6474,13362336,0,-1,86,48,1,
core_C107,17347,0,1,270,4032,4064,16386048,0,34,63,3,1,
core_C108,28723,0,1,90,2112,6538,13808256,0,14,97,113,1,
core_C109,20736,13904,1,180,6450,2064,13312800,0,120,-1,116,1,
core_C110,25075,0,1,90,3648,3720,13570560,0,111,-1,34,1,
core_C111,0,31653,0,180,4441,1419,6301779,0,-1,10,57,0,
core_C112,29113,10752,0,90,1386,4213,5839218,0,-1,-1,42,1,
core_C113,17808,13904,1,90,2928,4397,12874416,0,112,41,91,1,
core_C114,11917,23098,1,0,4533,2928,13272624,0,64,-1,96,1,
core_C116,7311,18514,1,0,5841,2256,13177296,0,99,96,73,1,
core_C117,14031,19173,0,0,4398,1452,6385896,0,70,-1,107,1,
core_C118,27186,26448,1,270,2256,5781,13041936,0,53,-1,112,1,
core_C119,15307,26334,0,0,4453,1452,6465756,0,21,-1,88,1,
core_C120,16450,27388,1,0,6339,2064,13083696,0,-1,94,64,0,
core_C121,11007,26026,1,0,4515,2976,13436640,0,0,-1,105,1,
Wirelength: 1.00275e+08
layer(tree) info:
layer: 0 ,width: 40306 ,height: 41019 ,area: 1653311814 ,blocks_area: 1316472927, filling_rate: 0.796264, utilizatio_rate: 0.78739
layer: 1 ,width: 39955 ,height: 41301 ,area: 1650181455 ,blocks_area: 1286075904, filling_rate: 0.779354, utilizatio_rate: 0.769209
random seed: 18
alpha: 0
gamma: 1
best wirelength: 1.00275e+08
initial_num_perturbs: 15376
iter: 0
best_iter: 0
best_cost: 0.339308
reject_time: 0
accept_inferior_time: 0
update_best_time: 0
adjustLegalOutline_fail_times: 0
outline_adjust_time: 0.137
initial_wirelength: 1.15016e+09
initial_average_wirelength: 1.95833e+09
1.19039e+09,initial_iter: 15376
initial_time: 11.292
total time cost: 142.58
