name,x,y,layer,rotated_angle,width,height,area,exceed_outline_area,left,right,parent,is_from_left,
macro_C8466,18227,31934,0,270,5709,6369,36360621,0,13,-1,7,0,
macro_C8467,12518,33673,0,90,5709,6369,36360621,0,7,-1,68,0,
macro_C16429,11232,31276,1,90,10752,8112,87220224,0,-1,-1,12,1,
macro_C16430,0,0,0,180,5676,7524,42706224,0,79,85,-1,0,
macro_C32011,5676,12397,0,180,8613,4290,36949770,0,-1,116,89,0,
macro_C32012,3905,35248,0,0,8613,4290,36949770,0,47,-1,71,1,
macro_C39784,13049,21984,1,270,11232,7776,87340032,0,-1,-1,65,1,
macro_C39785,18227,26489,0,270,7854,5445,42765030,0,-1,0,1,1,
macro_C55552,0,0,1,90,11232,7728,86800896,0,10,52,-1,0,
macro_C55553,0,9744,1,0,7728,11232,86800896,0,25,55,52,0,
macro_C63404,11232,0,1,90,11232,7728,86800896,0,-1,-1,8,1,
macro_C63405,11154,0,0,0,5412,7854,42505848,0,15,-1,114,1,
macro_C71293,0,31276,1,90,11232,7728,86800896,0,2,-1,107,0,
macro_C71294,23936,31934,0,180,5412,7854,42505848,0,-1,-1,0,1,
macro_C86866,14302,7854,0,0,6369,5709,36360621,0,113,-1,110,1,
macro_C86867,16566,0,0,0,5676,7524,42706224,0,24,-1,11,1,
macro_C86868,14882,13563,0,90,4290,8613,36949770,0,34,-1,32,1,
macro_C86869,18480,7728,1,90,11232,7776,87340032,0,19,111,25,1,
macro_C86870,24473,26736,1,180,7728,11232,86800896,0,29,-1,33,0,
macro_C94576,29712,0,1,0,9072,8160,74027520,0,-1,-1,17,1,
macro_C94577,32042,5412,0,90,7524,5676,42706224,0,-1,-1,115,1,
macro_C94578,32201,8160,1,90,6144,12288,75497472,0,-1,-1,33,1,
macro_C94579,30656,11605,0,90,7854,5445,42765030,0,-1,95,115,0,
macro_C94580,28611,0,0,90,7854,5412,42505848,0,-1,-1,24,1,
macro_C102137,22242,0,0,0,6369,5709,36360621,0,23,28,15,1,
macro_C102138,7728,7728,1,90,10752,8112,87220224,0,17,83,9,1,
macro_C102139,26366,22324,0,90,4290,8613,36949770,0,115,-1,84,1,
macro_C102140,32141,17050,0,270,7854,5445,42765030,0,-1,-1,95,1,
macro_C102141,22242,5709,0,180,5412,7854,42505848,0,37,-1,24,0,
macro_C109812,32201,20448,1,270,8160,9072,74027520,0,-1,-1,18,1,
macro_C109813,30656,26785,0,0,5676,7524,42706224,0,-1,-1,31,0,
macro_C109814,30656,22495,0,0,8613,4290,36949770,0,-1,30,95,0,
macro_C109815,9437,16687,0,180,5445,7854,42765030,0,16,-1,76,1,
macro_C109816,24473,15504,1,180,7728,11232,86800896,0,21,18,111,1,
core_C1,19172,13563,0,90,1485,4507,6692895,0,104,97,16,1,
core_C3,27733,11766,0,90,1452,4536,6586272,0,61,69,42,0,
core_C4,0,15002,0,0,4120,1584,6526080,0,100,45,81,0,
core_C5,27654,5709,0,180,4322,1683,7273926,0,-1,-1,28,1,
core_C6,15440,22176,0,90,1584,4117,6521328,0,75,-1,93,1,
core_C7,0,29499,0,0,2579,2541,6553239,0,88,40,64,0,
core_C11,0,32040,0,270,2574,2592,6671808,0,-1,70,39,0,
core_C13,7019,26188,0,270,1782,3596,6408072,0,99,118,67,1,
core_C14,27733,7392,0,270,1452,4374,6351048,0,90,35,92,1,
core_C15,4701,20218,0,180,3119,1551,4837569,0,76,-1,117,1,
core_C16,5676,18436,0,0,3635,1782,6477570,0,-1,-1,116,0,
core_C18,0,16586,0,270,1584,3993,6324912,0,117,105,36,0,
core_C19,6614,32137,0,0,4133,1353,5591949,0,-1,-1,72,1,
core_C22,12518,26587,0,270,1419,4407,6253533,0,123,48,5,1,
core_C23,12518,31033,0,0,4066,1584,6440544,0,-1,68,47,0,
core_C24,10253,25993,0,90,1452,4395,6381540,0,-1,-1,99,1,
core_C26,8595,4441,0,270,1452,4378,6356856,0,-1,-1,59,1,
core_C28,22109,21136,0,90,1419,4308,6113052,0,102,-1,104,1,
core_C30,0,7728,1,0,6190,2016,12479040,0,-1,9,8,0,
core_C31,26281,13563,0,90,1419,4297,6097443,0,-1,92,120,1,
core_C32,10320,17952,1,90,2112,6360,13432320,0,-1,-1,98,1,
core_C33,0,20976,1,180,6237,2016,12573792,0,-1,103,9,0,
core_C34,2579,33598,0,0,4228,1650,6976200,0,94,-1,72,0,
core_C35,6963,0,0,270,1419,4442,6303198,0,58,-1,79,1,
core_C36,8382,0,0,90,1353,4098,5544594,0,114,-1,57,1,
core_C37,5676,8830,0,0,2919,1122,3275118,0,50,89,106,0,
core_C38,0,23368,0,180,4643,1485,6894855,0,121,119,105,0,
core_C41,29185,11922,0,270,1452,4549,6605148,0,-1,-1,35,1,
core_C42,10573,7854,0,270,1452,4500,6534000,0,110,-1,66,1,
core_C43,20671,17968,0,0,4085,1584,6470640,0,-1,74,109,0,
core_C45,0,26305,0,90,2079,3194,6640326,0,-1,39,119,0,
core_C47,6374,29116,1,0,6675,2160,14418000,0,6,-1,107,1,
core_C48,8791,8819,0,270,1782,3578,6375996,0,62,-1,89,1,
core_C49,2579,29176,0,180,4440,1419,6300360,0,41,122,91,0,
core_C50,12518,32617,0,180,3201,1056,3380256,0,-1,1,48,0,
core_C51,27733,16302,0,90,1419,4445,6307455,0,-1,-1,35,0,
core_C54,0,35248,0,180,3622,1749,6334878,0,-1,71,40,0,
core_C55,0,36997,0,0,3905,1254,4896870,0,5,-1,70,0,
core_C56,2579,32014,0,180,4035,1584,6391440,0,46,56,122,0,
core_C57,7728,17952,1,90,2304,5903,13600512,0,-1,98,83,0,
core_C58,20671,19552,0,180,4110,1584,6510240,0,-1,-1,63,0,
core_C59,17024,22176,0,270,1419,4269,6057711,0,-1,-1,38,1,
core_C60,7820,20218,0,90,1617,4058,6561786,0,32,-1,43,1,
core_C61,14353,19872,1,180,6415,2112,13548480,0,-1,-1,101,0,
core_C62,7547,24541,0,0,4402,1452,6391704,0,-1,-1,87,1,
core_C64,5676,0,0,270,1287,3879,4992273,0,57,106,3,1,
core_C65,10837,30388,0,270,1452,4381,6361212,0,93,-1,94,1,
core_C66,0,13418,0,180,4118,1584,6522912,0,-1,36,82,0,
core_C67,0,11966,0,180,4539,1452,6590628,0,-1,81,85,0,
core_C68,7728,15840,1,180,6625,2112,13992000,0,101,73,25,0,
core_C72,24980,22324,0,90,1386,4165,5772690,0,26,-1,102,1,
core_C74,0,7524,0,0,4002,1584,6339168,0,108,82,3,0,
core_C75,23575,13563,0,90,1287,3985,5128695,0,120,-1,112,1,
core_C77,6095,21769,0,270,1452,4419,6416388,0,78,-1,121,1,
core_C78,2579,26305,0,0,4417,1419,6267723,0,-1,91,39,1,
core_C79,5676,9952,0,0,3115,2013,6270495,0,66,4,59,0,
core_C80,29185,7392,0,270,1452,4530,6577560,0,-1,-1,42,1,
core_C81,2579,27724,0,180,4432,1452,6435264,0,-1,67,88,0,
core_C82,26281,17860,0,270,1452,4464,6481728,0,42,-1,53,0,
core_C83,12289,24541,0,0,3151,2046,6446946,0,38,-1,80,1,
core_C84,6807,33490,0,180,4030,1584,6383520,0,80,-1,56,1,
core_C85,30656,17050,0,90,1485,4569,6784965,0,27,31,22,0,
core_C86,2580,19293,0,270,1617,4075,6589275,0,-1,-1,105,1,
core_C87,19172,18070,0,270,1485,3790,5628150,0,-1,-1,34,0,
core_C88,7728,23855,1,270,2592,5261,13636512,0,54,-1,73,0,
core_C89,8801,25993,0,90,1452,4357,6326364,0,49,-1,41,1,
core_C90,4120,13418,0,90,1254,3829,4801566,0,-1,-1,36,1,
core_C91,14353,17808,1,180,6448,2064,13308672,0,-1,77,83,1,
core_C92,23528,21136,0,270,1452,4519,6561588,0,84,-1,51,1,
core_C93,0,22992,1,180,6264,2016,12628224,0,-1,107,55,0,
core_C94,20657,21136,0,90,1452,4387,6369924,0,51,-1,34,1,
core_C96,0,20579,0,0,2580,2574,6640920,0,96,60,45,0,
core_C98,5676,4442,0,270,1452,4388,6371376,0,-1,59,79,0,
core_C101,0,25008,1,180,6374,2064,13155936,0,65,12,103,0,
core_C102,4002,7524,0,90,1419,4442,6303198,0,-1,-1,85,1,
core_C104,20671,12014,0,90,1452,4421,6419292,0,-1,63,113,0,
core_C107,12025,7854,0,90,2277,3457,7871589,0,14,-1,62,1,
core_C108,18480,15504,1,0,5993,2304,13807872,0,33,-1,17,0,
core_C109,22123,13563,0,90,1452,4405,6396060,0,86,-1,113,1,
core_C110,20671,7524,0,90,1452,4490,6519480,0,112,109,14,1,
core_C111,9735,0,0,90,1419,4441,6301779,0,11,-1,58,1,
core_C112,30656,7392,0,90,1386,4213,5839218,0,20,22,26,1,
core_C113,5676,16687,0,180,3536,1749,6184464,0,-1,44,4,0,
core_C114,1584,17247,0,180,3117,2046,6377382,0,43,-1,45,1,
core_C116,7019,30388,0,180,3620,1749,6331380,0,-1,-1,41,0,
core_C117,0,24853,0,0,4398,1452,6385896,0,-1,64,60,0,
core_C118,24862,13563,0,90,1419,4416,6266304,0,53,-1,86,1,
core_C119,4643,21769,0,90,1452,4453,6465756,0,87,-1,60,1,
core_C120,2579,30595,0,0,4431,1419,6287589,0,-1,72,67,0,
core_C121,13937,26587,0,90,1452,4446,6455592,0,-1,-1,47,1,
Wirelength: 8.99433e+07
layer(tree) info:
layer: 0 ,width: 39995 ,height: 40042 ,area: 1601479790 ,blocks_area: 1328778462, filling_rate: 0.829719, utilizatio_rate: 0.79475
layer: 1 ,width: 40361 ,height: 39388 ,area: 1589739068 ,blocks_area: 1254059760, filling_rate: 0.788846, utilizatio_rate: 0.75006
random seed: 13
alpha: 0
gamma: 1
best wirelength: 8.99433e+07
initial_num_perturbs: 15376
iter: 0
best_iter: 0
best_cost: 0.208135
reject_time: 0
accept_inferior_time: 0
update_best_time: 0
adjustLegalOutline_fail_times: 0
outline_adjust_time: 0.159
initial_wirelength: 1.15016e+09
initial_average_wirelength: 2.82999e+09
9.03552e+08,initial_iter: 15376
initial_time: 11.447
total time cost: 163.032
