name,x,y,layer,rotated_angle,width,height,area,exceed_outline_area,left,right,parent,is_from_left,
macro_C8466,0,5709,0,180,6369,5709,36360621,0,-1,19,1,0,
macro_C8467,0,0,0,0,6369,5709,36360621,0,-1,0,-1,0,
macro_C16429,6369,0,0,180,5676,7524,42706224,0,3,17,14,1,
macro_C16430,12045,0,0,0,5676,7524,42706224,0,102,15,2,1,
macro_C32011,17800,22398,0,90,4290,8613,36949770,0,25,-1,73,1,
macro_C32012,23562,27856,0,90,4290,8613,36949770,0,9,-1,13,1,
macro_C39784,0,25674,0,0,5445,7854,42765030,0,10,51,38,0,
macro_C39785,6369,22539,0,180,5445,7854,42765030,0,103,-1,78,0,
macro_C55552,30777,26736,1,0,7728,11232,86800896,0,-1,-1,106,1,
macro_C55553,27852,29601,0,0,5412,7854,42505848,0,-1,-1,5,1,
macro_C63404,5445,30393,0,90,7854,5412,42505848,0,73,-1,6,1,
macro_C63405,0,35805,0,90,7854,5412,42505848,0,12,-1,51,0,
macro_C71293,7854,35805,0,270,7854,5412,42505848,0,13,-1,11,1,
macro_C71294,15708,31011,0,90,7854,5412,42505848,0,5,-1,12,1,
macro_C86866,0,17127,0,180,6369,5709,36360621,0,2,84,19,0,
macro_C86867,12045,7524,0,0,5676,7524,42706224,0,26,-1,3,0,
macro_C86868,6369,16797,0,0,8613,4290,36949770,0,61,78,75,0,
macro_C86869,6369,7524,0,180,5445,7854,42765030,0,-1,75,2,0,
macro_C86870,0,18853,1,0,7728,11232,86800896,0,48,36,65,0,
macro_C94576,0,11418,0,0,6369,5709,36360621,0,-1,14,0,0,
macro_C94577,33165,7854,0,0,5676,7524,42706224,0,-1,-1,31,1,
macro_C94578,20262,0,0,0,8613,4290,36949770,0,29,-1,102,1,
macro_C94579,28943,7728,1,90,11232,7776,87340032,0,-1,-1,66,1,
macro_C94580,27403,0,1,90,11232,7728,86800896,0,-1,-1,74,1,
macro_C102137,31953,15378,0,270,5709,6369,36360621,0,-1,-1,90,1,
macro_C102138,22090,22180,0,270,7524,5676,42706224,0,27,-1,4,1,
macro_C102139,17721,12144,0,0,8613,4290,36949770,0,37,-1,15,1,
macro_C102140,29614,21747,0,0,5445,7854,42765030,0,-1,-1,25,1,
macro_C102141,27967,15504,1,0,7728,11232,86800896,0,-1,-1,113,1,
macro_C109812,28875,0,0,270,5709,6369,36360621,0,33,31,21,1,
macro_C109813,23166,4290,0,0,5676,7524,42706224,0,-1,-1,32,1,
macro_C109814,28875,6369,0,90,4290,8613,36949770,0,20,-1,29,0,
macro_C109815,17721,4290,0,0,5445,7854,42765030,0,30,-1,102,0,
macro_C109816,34584,0,0,0,5412,7854,42505848,0,-1,-1,29,1,
core_C1,18991,13317,1,90,2592,5374,13929408,0,97,111,76,1,
core_C3,29272,16599,0,90,1452,4536,6586272,0,-1,-1,86,1,
core_C4,0,30085,1,90,2976,4565,13585440,0,57,114,18,0,
core_C5,26334,11814,0,270,1551,4690,7274190,0,90,-1,26,1,
core_C6,0,24222,0,0,4491,1452,6520932,0,-1,6,84,0,
core_C7,3660,0,1,90,3648,3739,13639872,0,49,122,118,1,
core_C11,21897,30558,1,90,2112,6576,13888512,0,81,-1,59,0,
core_C13,3660,9733,1,180,5787,2304,13333248,0,52,94,99,0,
core_C14,23569,17890,0,0,4374,1452,6351048,0,-1,53,115,0,
core_C15,15978,11493,1,180,5520,1824,10068480,0,-1,-1,123,1,
core_C16,10704,19104,1,180,3697,3648,13486656,0,76,-1,48,1,
core_C18,9852,2064,1,0,6378,2064,13164192,0,-1,80,117,0,
core_C19,12476,16320,1,0,4179,2784,11634336,0,93,-1,87,1,
core_C22,9852,6192,1,0,6307,2064,13017648,0,67,-1,80,0,
core_C23,7728,18622,1,90,2976,4503,13400928,0,44,96,18,1,
core_C24,7308,0,1,90,2544,5221,13282224,0,117,-1,39,1,
core_C26,0,36757,1,180,5865,2256,13231440,0,-1,-1,114,0,
core_C28,0,33528,0,0,4308,1419,6113052,0,-1,11,6,0,
core_C30,9447,10368,1,270,2016,6190,12479040,0,123,-1,41,1,
core_C31,23569,19342,0,180,4297,1419,6097443,0,-1,120,42,0,
core_C32,16089,17886,0,270,1452,4444,6452688,0,98,-1,103,1,
core_C33,18993,18018,0,270,1419,4257,6040683,0,109,-1,98,1,
core_C34,14061,29018,1,90,3792,3830,14523360,0,71,-1,85,1,
core_C35,2976,30085,1,0,5158,2544,13121952,0,91,88,36,1,
core_C36,21897,22915,1,90,1920,6011,11541120,0,62,59,100,1,
core_C37,21897,28926,1,180,4177,1632,6816864,0,-1,40,58,0,
core_C38,6355,34693,1,90,3072,4672,14352384,0,79,-1,114,1,
core_C41,14982,16434,0,0,4549,1452,6605148,0,112,-1,16,1,
core_C42,23817,22915,1,90,2304,5903,13600512,0,-1,-1,58,1,
core_C43,18991,20803,1,0,6378,2112,13470336,0,-1,-1,111,0,
core_C45,9496,8256,1,0,6543,2112,13818816,0,-1,-1,99,1,
core_C47,0,16453,1,180,6008,2400,14419200,0,87,18,77,0,
core_C48,22512,9429,1,0,6431,2064,13273584,0,22,-1,67,1,
core_C49,16159,9429,1,180,6353,2064,13112592,0,66,-1,47,1,
core_C50,15800,37885,1,0,4728,1488,7035264,0,-1,-1,121,1,
core_C51,16283,0,1,90,2544,5161,13129584,0,95,-1,117,1,
core_C54,19677,29240,1,90,2064,6389,13186896,0,-1,-1,71,1,
core_C55,17853,29240,1,270,1824,5589,10194336,0,70,-1,56,1,
core_C56,21744,37134,1,180,6446,2064,13304544,0,-1,-1,104,1,
core_C57,13299,22506,0,0,4501,1452,6535452,0,4,-1,10,1,
core_C58,20987,5205,1,0,6416,2112,13550592,0,23,-1,92,0,
core_C59,6369,15378,0,180,4269,1419,6057711,0,-1,16,17,0,
core_C60,14401,19668,1,0,4590,2976,13659840,0,34,-1,44,1,
core_C61,0,14341,1,180,6415,2112,13548480,0,-1,65,118,0,
core_C62,6369,21087,0,180,4402,1452,6391704,0,-1,7,16,0,
core_C64,9427,29365,1,90,1824,5697,10391328,0,82,119,60,1,
core_C65,9852,4128,1,0,6416,2064,13242624,0,83,47,45,0,
core_C66,24009,30558,1,270,2112,6429,13578048,0,105,-1,40,1,
core_C67,11251,32998,1,180,6496,2112,13719552,0,-1,-1,79,1,
core_C68,16268,7317,1,0,6625,2112,13992000,0,-1,-1,80,1,
core_C72,0,22836,0,0,4165,1386,5772690,0,-1,38,14,0,
core_C74,11805,27149,1,90,2256,5849,13195344,0,56,-1,91,1,
core_C75,27985,16599,0,270,1287,3985,5128695,0,35,-1,120,1,
core_C77,6008,16558,1,0,6468,2064,13349952,0,46,-1,65,1,
core_C78,2976,32629,1,0,6321,2064,13046544,0,-1,-1,57,0,
core_C79,18009,22915,1,90,2064,6325,13054800,0,100,-1,107,1,
core_C80,27885,14982,0,180,4068,1617,6577956,0,24,-1,37,1,
core_C81,8134,25717,1,180,3671,3648,13391808,0,85,-1,57,1,
core_C82,20987,0,1,270,2592,5205,13491360,0,-1,74,95,1,
core_C83,16655,13317,1,270,2112,6351,13413312,0,-1,-1,46,1,
core_C84,3660,12037,1,180,5768,2304,13289472,0,-1,-1,41,0,
core_C85,18827,0,1,90,2160,6538,14122080,0,92,-1,69,1,
core_C86,7728,23125,1,0,5289,2592,13709088,0,116,-1,48,0,
core_C87,21583,11493,1,90,1968,5953,11715504,0,110,-1,34,1,
core_C88,17541,17886,0,90,1452,4512,6551424,0,55,-1,54,1,
core_C89,3660,7477,1,0,5836,2256,13166016,0,64,41,122,0,
core_C90,20073,22915,1,90,1824,5480,9995520,0,58,-1,89,1,
core_C91,11463,13344,1,0,4472,2976,13308672,0,-1,-1,123,0,
core_C92,17721,0,0,270,2541,2582,6560862,0,21,32,3,1,
core_C93,11814,21087,0,180,4275,1419,6066225,0,54,-1,7,1,
core_C94,15867,35629,1,180,5877,2256,13258512,0,72,-1,119,1,
core_C96,26121,26736,1,270,2592,5333,13823136,0,106,108,81,1,
core_C98,28713,26736,1,90,2064,6426,13263264,0,8,-1,105,1,
core_C101,15945,22644,1,270,2064,6374,13155936,0,89,-1,116,1,
core_C102,26121,33162,1,180,4481,2928,13120368,0,-1,-1,105,0,
core_C104,20412,18018,0,180,3137,2046,6418302,0,-1,-1,55,1,
core_C107,23551,11493,1,90,2304,7112,16386048,0,113,-1,97,1,
core_C108,18991,18691,1,180,6538,2112,13808256,0,-1,63,34,0,
core_C109,19531,16434,0,0,4038,1584,6396192,0,115,-1,61,1,
core_C110,25855,11493,1,270,2112,6425,13569600,0,28,-1,110,1,
core_C111,0,34693,1,0,6355,2064,13116720,0,60,50,36,0,
core_C112,23569,16504,0,0,4213,1386,5839218,0,-1,42,112,1,
core_C113,13017,22752,1,90,2928,4397,12874416,0,107,-1,96,1,
core_C114,9852,0,1,0,6431,2064,13273584,0,69,45,49,1,
core_C116,0,0,1,180,3660,3600,13176000,0,39,77,-1,0,
core_C117,9427,35110,1,180,6440,2064,13292160,0,104,121,79,0,
core_C118,23569,20761,0,0,4416,1419,6266304,0,86,-1,53,0,
core_C119,9427,37174,1,0,6373,2112,13459776,0,68,-1,119,0,
core_C120,3660,5221,1,0,5800,2256,13084800,0,-1,99,39,0,
core_C121,11463,10368,1,180,4515,2976,13436640,0,43,101,52,1,
Wirelength: 8.64233e+07
layer(tree) info:
layer: 0 ,width: 39996 ,height: 41217 ,area: 1648515132 ,blocks_area: 1303564119, filling_rate: 0.79075, utilizatio_rate: 0.779669
layer: 1 ,width: 40175 ,height: 39373 ,area: 1581810275 ,blocks_area: 1319617536, filling_rate: 0.834245, utilizatio_rate: 0.789271
random seed: 19
alpha: 0
gamma: 1
best wirelength: 8.64233e+07
initial_num_perturbs: 15376
iter: 0
best_iter: 0
best_cost: 0.260318
reject_time: 0
accept_inferior_time: 0
update_best_time: 0
adjustLegalOutline_fail_times: 0
outline_adjust_time: 0.066
initial_wirelength: 1.15016e+09
initial_average_wirelength: 2.38605e+09
9.668e+08,initial_iter: 15376
initial_time: 11.295
total time cost: 178.028
