name,x,y,layer,rotated_angle,width,height,area,left,right,parent,is_from_left,
cc_C8466,0,28710,0,180,6369,5709,36360621,-1,14,24,0,
cc_C8467,0,40788,0,0,6369,5709,36360621,7,12,14,0,
cc_C16429,7854,37851,0,270,7524,5676,42706224,-1,-1,3,0,
cc_C16430,7854,32175,0,270,7524,5676,42706224,-1,2,15,0,
cc_C32011,35739,8613,0,0,8613,4290,36949770,-1,27,29,1,
cc_C32012,35739,26202,0,180,8613,4290,36949770,-1,-1,9,0,
cc_C39784,5676,0,0,180,5445,7854,42765030,17,-1,25,1,
cc_C39785,6369,43527,0,180,5445,7854,42765030,13,-1,1,1,
cc_C55552,11121,13563,0,270,7854,5412,42505848,-1,20,19,0,
cc_C55553,35739,18348,0,180,5412,7854,42505848,-1,5,27,0,
cc_C63404,0,17589,0,90,7854,5412,42505848,15,24,32,0,
cc_C63405,16566,0,0,90,7854,5412,42505848,28,-1,17,1,
cc_C71293,0,46497,0,0,5412,7854,42505848,-1,-1,1,0,
cc_C71294,11814,43527,0,0,5412,7854,42505848,22,-1,7,1,
cc_C86866,0,34419,0,90,5709,6369,36360621,-1,1,0,0,
cc_C86867,7854,26499,0,270,7524,5676,42706224,23,3,10,1,
cc_C86868,0,7854,0,0,8613,4290,36949770,-1,32,25,0,
cc_C86869,11121,0,0,0,5445,7854,42765030,11,19,6,1,
cc_C86870,16797,18975,0,90,7854,5412,42505848,-1,-1,20,1,
cc_C94576,11121,7854,0,0,6369,5709,36360621,-1,8,17,0,
cc_C94577,11121,18975,0,180,5676,7524,42706224,18,-1,8,0,
cc_C94578,20790,24387,0,90,4290,8613,36949770,31,-1,23,1,
cc_C94579,17226,34353,0,0,5445,7854,42765030,-1,-1,13,1,
cc_C94580,15378,26499,0,180,5412,7854,42505848,21,-1,15,1,
cc_C102137,0,23001,0,180,6369,5709,36360621,-1,0,10,0,
cc_C102138,0,0,0,180,5676,7524,42706224,6,16,-1,0,
cc_C102139,37356,0,0,270,4290,8613,36949770,33,-1,30,1,
cc_C102140,35739,12903,0,270,7854,5445,42765030,-1,9,4,0,
cc_C102141,24420,0,0,0,5412,7854,42505848,30,-1,11,1,
cc_C109812,29370,7854,0,180,6369,5709,36360621,4,-1,31,1,
cc_C109813,29832,0,0,270,7524,5676,42706224,26,-1,28,1,
cc_C109814,25080,7854,0,270,4290,8613,36949770,29,-1,21,1,
cc_C109815,0,12144,0,270,7854,5445,42765030,-1,10,16,0,
cc_C109816,41646,0,0,270,7854,5412,42505848,-1,-1,26,1,
Wirelength: 978759
layer(tree) info:
layer: 0 ,width: 49500 ,height: 54351 ,area: 2690374500, filling_rate: 0.512103
layer: 1 ,width: 0 ,height: 0 ,area: 0, filling_rate: 1
random seed: 2
best wirelength: 978759
initial_num_perturbs: 1156
iter: 17504845
best_iter: 10779278
best_cost: 0.454357
reject_time: 126444
accept_inferior_time: 8601115
update_best_time: 6
time cost: 3000
