name,x,y,layer,rotated_angle,width,height,area,left,right,parent,is_from_left,
cc_C2791,8679,0,0,0,11319,8580,97117020,-1,-1,4,1,
cc_C2792,8448,19800,0,180,11319,8580,97117020,-1,-1,3,0,
cc_C2793,0,11352,0,90,8448,11616,98131968,3,-1,4,0,
cc_C2794,8448,11352,0,0,11616,8448,98131968,5,1,2,1,
cc_C2795,0,0,0,270,8679,11352,98524008,0,2,-1,0,
cc_C2796,20064,0,0,270,8679,11352,98524008,-1,-1,3,1,
Wirelength: 80427
layer(tree) info:
layer: 0 ,width: 28743 ,height: 28380 ,area: 815726340, filling_rate: 0.720273
layer: 1 ,width: 0 ,height: 0 ,area: 0, filling_rate: 1
random seed: 6
best wirelength: 80427
initial_num_perturbs: 36
iter: 1080000
best_iter: 741640
best_cost: 0.458058
reject_time: 453231
accept_inferior_time: 302788
update_best_time: 10
time cost: 3.435
