name,x,y,layer,rotated_angle,width,height,area,left,right,parent,is_from_left,
cc_C8466,25146,20592,0,270,5709,6369,36360621,10,-1,22,1,
cc_C8467,25410,7524,0,0,6369,5709,36360621,2,-1,19,1,
cc_C16429,31779,7524,0,180,5676,7524,42706224,7,11,1,1,
cc_C16430,30525,0,0,0,5676,7524,42706224,-1,-1,20,1,
cc_C32011,0,21879,0,0,8613,4290,36949770,15,6,27,0,
cc_C32012,15411,27291,0,90,4290,8613,36949770,22,-1,31,1,
cc_C39784,0,26169,0,90,7854,5445,42765030,30,32,4,0,
cc_C39785,37455,0,0,90,7854,5445,42765030,-1,-1,2,1,
cc_C55552,5709,32967,0,0,5412,7854,42505848,31,28,24,1,
cc_C55553,14289,19437,0,0,5412,7854,42505848,19,-1,15,1,
cc_C63404,30855,20460,0,90,7854,5412,42505848,29,-1,0,1,
cc_C63405,31779,15048,0,270,7854,5412,42505848,-1,-1,2,0,
cc_C71293,0,8613,0,270,7854,5412,42505848,25,27,16,0,
cc_C71294,13563,41580,0,90,7854,5412,42505848,-1,-1,28,1,
cc_C86866,19668,7854,0,270,5709,6369,36360621,-1,-1,21,1,
cc_C86867,8613,16500,0,180,5676,7524,42706224,9,-1,4,1,
cc_C86868,0,0,0,270,4290,8613,36949770,17,12,-1,0,
cc_C86869,4290,0,0,0,5445,7854,42765030,18,-1,16,1,
cc_C86870,9735,0,0,90,7854,5412,42505848,23,33,17,1,
cc_C94576,19701,14223,0,270,5709,6369,36360621,1,-1,9,1,
cc_C94577,23001,0,0,270,7524,5676,42706224,3,-1,23,1,
cc_C94578,15378,10824,0,270,4290,8613,36949770,14,-1,25,1,
cc_C94579,19701,20592,0,0,5445,7854,42765030,0,-1,5,1,
cc_C94580,17589,0,0,0,5412,7854,42505848,20,-1,18,1,
cc_C102137,0,39468,0,90,5709,6369,36360621,8,-1,32,0,
cc_C102138,7854,10824,0,270,7524,5676,42706224,21,-1,12,1,
cc_C102139,5709,46992,0,270,4290,8613,36949770,-1,-1,28,0,
cc_C102140,0,14025,0,180,5445,7854,42765030,-1,4,12,0,
cc_C102141,5709,41580,0,90,7854,5412,42505848,13,26,8,0,
cc_C109812,38709,20460,0,180,6369,5709,36360621,-1,-1,10,1,
cc_C109813,7854,27291,0,90,7524,5676,42706224,-1,-1,6,1,
cc_C109814,11121,32967,0,270,4290,8613,36949770,5,-1,8,1,
cc_C109815,0,31614,0,180,5445,7854,42765030,-1,24,6,0,
cc_C109816,9735,5412,0,270,7854,5412,42505848,-1,-1,18,0,
Wirelength: 945258
layer(tree) info:
layer: 0 ,width: 45309 ,height: 55605 ,area: 2519406945, filling_rate: 0.546854
layer: 1 ,width: 0 ,height: 0 ,area: 0, filling_rate: 1
random seed: 1
best wirelength: 945258
initial_num_perturbs: 1156
iter: 17387112
best_iter: 16104929
best_cost: 0.439816
reject_time: 118859
accept_inferior_time: 8547261
update_best_time: 8
time cost: 3000
