name,x,y,layer,rotated_angle,width,height,area,left,right,parent,is_from_left,
cc_C8466,51909,0,0,0,6369,5709,36360621,9,-1,5,1,
cc_C8467,5445,23265,0,270,5709,6369,36360621,-1,-1,32,0,
cc_C16429,51348,22638,0,180,5676,7524,42706224,3,-1,15,1,
cc_C16430,57024,22638,0,180,5676,7524,42706224,-1,-1,2,1,
cc_C32011,49203,18348,0,0,8613,4290,36949770,-1,-1,30,1,
cc_C32012,47619,0,0,270,4290,8613,36949770,0,16,14,1,
cc_C39784,0,29634,0,270,7854,5445,42765030,10,-1,27,0,
cc_C39785,26532,5412,0,90,7854,5445,42765030,-1,-1,12,0,
cc_C55552,63690,0,0,90,7854,5412,42505848,-1,-1,9,1,
cc_C55553,58278,0,0,0,5412,7854,42505848,8,-1,0,1,
cc_C63404,7854,29634,0,180,5412,7854,42505848,-1,-1,6,1,
cc_C63405,18678,0,0,90,7854,5412,42505848,12,-1,33,1,
cc_C71293,26532,0,0,90,7854,5412,42505848,25,7,11,1,
cc_C71294,8613,7854,0,90,7854,5412,42505848,-1,-1,26,1,
cc_C86866,41910,0,0,270,5709,6369,36360621,5,-1,25,1,
cc_C86867,43824,24024,0,270,7524,5676,42706224,2,-1,29,1,
cc_C86868,47619,8613,0,180,8613,4290,36949770,-1,17,5,0,
cc_C86869,47619,12903,0,90,7854,5445,42765030,-1,-1,16,0,
cc_C86870,10890,13266,0,180,5412,7854,42505848,19,-1,32,1,
cc_C94576,16302,13266,0,270,5709,6369,36360621,21,-1,18,1,
cc_C94577,26301,10857,0,270,7524,5676,42706224,22,-1,21,1,
cc_C94578,22011,5412,0,270,4290,8613,36949770,20,-1,19,1,
cc_C94579,33825,10857,0,90,7854,5445,42765030,30,31,20,1,
cc_C94580,7854,0,0,0,5412,7854,42505848,33,-1,28,1,
cc_C102137,0,5412,0,0,6369,5709,36360621,-1,26,28,0,
cc_C102138,34386,0,0,90,7524,5676,42706224,14,-1,12,1,
cc_C102139,0,11121,0,0,8613,4290,36949770,13,27,24,0,
cc_C102140,0,15411,0,180,5445,7854,42765030,32,6,26,0,
cc_C102141,0,0,0,90,7854,5412,42505848,23,24,-1,0,
cc_C109812,38115,24024,0,270,5709,6369,36360621,15,-1,31,1,
cc_C109813,41679,18348,0,270,7524,5676,42706224,4,-1,22,1,
cc_C109814,33825,16302,0,270,4290,8613,36949770,29,-1,22,0,
cc_C109815,5445,15411,0,180,5445,7854,42765030,18,1,27,1,
cc_C109816,13266,0,0,0,5412,7854,42505848,11,-1,23,1,
Wirelength: 992255
layer(tree) info:
layer: 0 ,width: 71544 ,height: 37488 ,area: 2682041472, filling_rate: 0.513694
layer: 1 ,width: 0 ,height: 0 ,area: 0, filling_rate: 1
random seed: 8
best wirelength: 992255
initial_num_perturbs: 1156
iter: 17015077
best_iter: 16678492
best_cost: 0.467286
reject_time: 103750
accept_inferior_time: 8367922
update_best_time: 8
time cost: 3000
