name,x,y,layer,rotated_angle,width,height,area,left,right,parent,is_from_left,
cc_C2791,17028,8679,1,270,8580,11319,97117020,-1,-1,4,0,
cc_C2792,0,0,1,90,8580,11319,97117020,2,-1,-1,0,
cc_C2793,8580,0,1,270,8448,11616,98131968,4,3,1,1,
cc_C2794,8580,11616,1,270,8448,11616,98131968,5,-1,2,0,
cc_C2795,17028,0,1,180,11352,8679,98524008,-1,0,2,1,
cc_C2796,17028,19998,1,180,11352,8679,98524008,-1,-1,3,1,
Wirelength: 78071
layer(tree) info:
layer: 0 ,width: 0 ,height: 0 ,area: 0, filling_rate: 1
layer: 1 ,width: 28380 ,height: 28677 ,area: 813853260, filling_rate: 0.721931
random seed: 9
best wirelength: 78071
initial_num_perturbs: 36
iter: 1080000
best_iter: 784722
best_cost: 0.517862
reject_time: 464452
accept_inferior_time: 296645
update_best_time: 9
time cost: 3.406
