name,x,y,layer,rotated_angle,width,height,area,left,right,parent,is_from_left,
cc_C8466,0,0,0,0,6369,5709,36360621,1,2,-1,0,
cc_C8467,6369,0,0,0,6369,5709,36360621,3,4,0,1,
cc_C16429,0,5709,0,0,5676,7524,42706224,5,6,0,0,
cc_C16430,12738,0,0,0,5676,7524,42706224,7,8,1,1,
cc_C32011,6369,15378,0,0,8613,4290,36949770,9,10,1,0,
cc_C32012,5676,27522,0,0,8613,4290,36949770,11,12,2,1,
cc_C39784,0,13233,0,0,5445,7854,42765030,13,14,2,0,
cc_C39785,18414,0,0,0,5445,7854,42765030,15,16,3,1,
cc_C55552,12738,7524,0,0,5412,7854,42505848,-1,-1,3,0,
cc_C55553,14982,15378,0,0,5412,7854,42505848,-1,-1,4,1,
cc_C63404,6369,19668,0,0,5412,7854,42505848,-1,-1,4,0,
cc_C63405,14289,23232,0,0,5412,7854,42505848,-1,-1,5,1,
cc_C71293,5676,31812,0,0,5412,7854,42505848,-1,-1,5,0,
cc_C71294,5445,39666,0,0,5412,7854,42505848,-1,-1,6,1,
cc_C86866,0,47520,0,0,6369,5709,36360621,-1,-1,6,0,
cc_C86867,23859,0,0,0,5676,7524,42706224,-1,-1,7,1,
cc_C86868,18414,7854,0,0,8613,4290,36949770,-1,-1,7,0,
cc_C86869,0,0,1,0,7776,11232,87340032,18,19,-1,0,
cc_C86870,7776,0,1,0,7728,11232,86800896,20,21,17,1,
cc_C94576,0,38880,1,0,9072,8160,74027520,22,23,17,0,
cc_C94577,15504,0,1,0,8112,10752,87220224,24,25,18,1,
cc_C94578,7776,21504,1,0,12288,6144,75497472,26,27,18,0,
cc_C94579,9072,38880,1,0,7776,11232,87340032,28,29,19,1,
cc_C94580,0,47040,1,0,7728,11232,86800896,30,31,19,0,
cc_C102137,23616,0,1,0,9072,8160,74027520,32,33,20,1,
cc_C102138,15504,10752,1,0,8112,10752,87220224,-1,-1,20,0,
cc_C102139,20064,21504,1,0,12288,6144,75497472,-1,-1,21,1,
cc_C102140,7776,27648,1,0,7776,11232,87340032,-1,-1,21,0,
cc_C102141,16848,27648,1,0,7728,11232,86800896,-1,-1,22,1,
cc_C109812,9072,50112,1,0,9072,8160,74027520,-1,-1,22,0,
cc_C109813,7728,58272,1,0,8112,10752,87220224,-1,-1,23,1,
cc_C109814,0,69024,1,0,12288,6144,75497472,-1,-1,23,0,
cc_C109815,32688,0,1,0,7776,11232,87340032,-1,-1,24,1,
cc_C109816,23616,8160,1,0,7728,11232,86800896,-1,-1,24,0,
Wirelength: 1.2441e+06
layer(tree) info:
layer: 0 ,width: 29535 ,height: 53229 ,area: 1572118515, filling_rate: 0.438017
layer: 1 ,width: 40464 ,height: 75168 ,area: 3041597952, filling_rate: 0.46252
random seed: 9
best wirelength: 1.2441e+06
initial_num_perturbs: 1156
iter: 17318718
best_iter: 0
best_cost: 0.592466
reject_time: 165078
accept_inferior_time: 8487461
update_best_time: 0
time cost: 3000
