name,x,y,layer,rotated_angle,width,height,area,left,right,parent,is_from_left,
cc_C38060,25920,66000,0,90,25920,6000,155520000,-1,-1,23,1,
cc_C40988,0,84000,0,90,25920,6000,155520000,-1,8,12,0,
cc_C43598,0,54000,0,270,25920,6000,155520000,-1,9,3,0,
cc_C46412,0,48000,0,270,25920,6000,155520000,-1,2,21,0,
cc_C48982,0,72000,0,90,25920,6000,155520000,-1,12,5,0,
cc_C51792,0,66000,0,90,25920,6000,155520000,-1,4,9,0,
cc_C54385,25920,54000,0,270,25920,6000,155520000,-1,-1,11,0,
cc_C57055,25920,90000,0,90,25920,6000,155520000,-1,-1,21,1,
cc_C59668,0,90000,0,90,25920,6000,155520000,-1,-1,1,0,
cc_C62278,0,60000,0,90,25920,6000,155520000,-1,5,2,0,
cc_C65067,25920,60000,0,90,25920,6000,155520000,-1,-1,19,1,
cc_C67839,25920,48000,0,270,25920,6000,155520000,-1,6,16,1,
cc_C70494,0,78000,0,270,25920,6000,155520000,-1,1,4,0,
cc_C73068,25920,84000,0,90,25920,6000,155520000,-1,-1,15,0,
cc_C75794,25920,72000,0,90,25920,6000,155520000,-1,15,28,1,
cc_C78507,25920,78000,0,90,25920,6000,155520000,-1,13,14,0,
cc_C390725,0,6000,0,270,25920,6000,155520000,11,30,20,0,
cc_C393732,0,24000,0,90,25920,6000,155520000,-1,23,19,0,
cc_C396426,25920,6000,0,270,25920,6000,155520000,-1,24,31,0,
cc_C399324,0,18000,0,270,25920,6000,155520000,10,17,30,0,
cc_C401934,0,0,0,270,25920,6000,155520000,31,16,-1,0,
cc_C404828,0,42000,0,90,25920,6000,155520000,7,3,28,0,
cc_C407517,25920,18000,0,270,25920,6000,155520000,-1,27,24,0,
cc_C410399,0,30000,0,270,25920,6000,155520000,0,28,17,0,
cc_C413083,25920,12000,0,270,25920,6000,155520000,-1,22,18,0,
cc_C415825,25920,42000,0,90,25920,6000,155520000,-1,-1,29,0,
cc_C418719,25920,30000,0,270,25920,6000,155520000,-1,29,27,0,
cc_C421704,25920,24000,0,270,25920,6000,155520000,-1,26,22,0,
cc_C424482,0,36000,0,90,25920,6000,155520000,14,21,23,0,
cc_C427157,25920,36000,0,90,25920,6000,155520000,-1,25,26,0,
cc_C429953,0,12000,0,270,25920,6000,155520000,-1,19,16,0,
cc_C432668,25920,0,0,270,25920,6000,155520000,-1,18,20,1,
Wirelength: 347222
layer(tree) info:
layer: 0 ,width: 51840 ,height: 96000 ,area: 4976640000, filling_rate: 1
layer: 1 ,width: 0 ,height: 0 ,area: 0, filling_rate: 1
random seed: 1
best wirelength: 347222
initial_num_perturbs: 1024
iter: 30720000
best_iter: 25377690
best_cost: 0.149353
reject_time: 8379957
accept_inferior_time: 7621192
update_best_time: 66
time cost: 2666.07
