name,x,y,layer,rotated_angle,width,height,area,left,right,parent,is_from_left,
cc_C8466,0,0,0,0,6369,5709,36360621,1,2,-1,0,
cc_C8467,6369,0,0,0,6369,5709,36360621,3,5,0,1,
cc_C16429,0,5709,0,0,5676,7524,42706224,12,6,0,0,
cc_C16430,12738,0,0,0,5676,7524,42706224,7,17,1,1,
cc_C32011,6369,19668,0,0,8613,4290,36949770,24,10,5,0,
cc_C32012,6369,15378,0,0,8613,4290,36949770,-1,4,1,0,
cc_C39784,0,13233,0,0,5445,7854,42765030,13,-1,2,0,
cc_C39785,18414,0,0,0,5445,7854,42765030,15,16,3,1,
cc_C55552,5676,39666,0,0,5412,7854,42505848,-1,-1,12,0,
cc_C55553,31776,0,1,0,7728,11232,86800896,-1,33,20,1,
cc_C63404,6369,23958,0,0,5412,7854,42505848,-1,-1,4,0,
cc_C63405,11088,31812,0,0,5412,7854,42505848,-1,-1,12,1,
cc_C71293,5676,31812,0,0,5412,7854,42505848,11,8,2,1,
cc_C71294,5445,47520,0,0,5412,7854,42505848,-1,-1,6,1,
cc_C86866,0,0,1,90,8160,9072,74027520,18,19,-1,0,
cc_C86867,23859,0,0,0,5676,7524,42706224,-1,-1,7,1,
cc_C86868,18414,7854,0,0,8613,4290,36949770,-1,-1,7,0,
cc_C86869,12738,7524,0,0,5445,7854,42765030,-1,-1,3,0,
cc_C86870,8160,0,1,0,7728,11232,86800896,32,21,14,1,
cc_C94576,0,9072,1,90,8160,9072,74027520,-1,28,14,0,
cc_C94577,23664,0,1,0,8112,10752,87220224,9,25,32,1,
cc_C94578,8160,11232,1,0,12288,6144,75497472,26,27,18,0,
cc_C94579,16800,33792,1,0,7776,11232,87340032,-1,-1,29,1,
cc_C94580,0,29376,1,0,7728,11232,86800896,30,31,28,0,
cc_C102137,14982,15378,0,0,6369,5709,36360621,-1,-1,4,1,
cc_C102138,23664,10752,1,0,8112,10752,87220224,-1,-1,20,0,
cc_C102139,20448,21504,1,90,6144,12288,75497472,-1,-1,21,1,
cc_C102140,8160,17376,1,90,11232,7776,87340032,-1,-1,21,0,
cc_C102141,0,18144,1,0,7728,11232,86800896,29,23,19,0,
cc_C109812,7728,25152,1,0,9072,8160,74027520,22,-1,28,1,
cc_C109813,7728,33312,1,0,8112,10752,87220224,-1,-1,23,1,
cc_C109814,0,44064,1,0,12288,6144,75497472,-1,-1,23,0,
cc_C109815,15888,0,1,0,7776,11232,87340032,20,-1,18,1,
cc_C109816,31776,11232,1,0,7728,11232,86800896,-1,-1,9,0,
Wirelength: 1.09004e+06
layer(tree) info:
layer: 0 ,width: 29535 ,height: 55374 ,area: 1635471090, filling_rate: 0.421208
layer: 1 ,width: 39504 ,height: 50208 ,area: 1983416832, filling_rate: 0.709009
random seed: 7
best wirelength: 1.09004e+06
initial_num_perturbs: 1156
iter: 16582000
best_iter: 7
best_cost: 0.465913
reject_time: 107182
accept_inferior_time: 8153136
update_best_time: 3
time cost: 3000
