name,x,y,layer,rotated_angle,width,height,area,left,right,parent,is_from_left,
cc_C2791,0,8679,1,90,8580,11319,97117020,3,4,5,0,
cc_C2792,19800,17127,1,270,8580,11319,97117020,-1,-1,2,1,
cc_C2793,11352,17127,1,90,8448,11616,98131968,1,-1,4,1,
cc_C2794,8580,8679,1,180,11616,8448,98131968,-1,-1,0,1,
cc_C2795,0,19998,1,0,11352,8679,98524008,2,-1,0,0,
cc_C2796,0,0,1,0,11352,8679,98524008,-1,0,-1,0,
Wirelength: 77058
layer(tree) info:
layer: 0 ,width: 0 ,height: 0 ,area: 0, filling_rate: 1
layer: 1 ,width: 28380 ,height: 28743 ,area: 815726340, filling_rate: 0.720273
random seed: 7
best wirelength: 77058
initial_num_perturbs: 36
iter: 1080000
best_iter: 659215
best_cost: 0.495278
reject_time: 459212
accept_inferior_time: 298591
update_best_time: 9
time cost: 3.419
