name,x,y,layer,rotated_angle,width,height,area,left,right,parent,is_from_left,
cc_C38060,0,112125,1,90,37030,8625,319383750,-1,14,1,0,
cc_C40988,0,103500,1,90,37030,8625,319383750,-1,0,15,0,
cc_C43598,37030,77625,1,270,37030,8625,319383750,-1,5,4,1,
cc_C46412,37030,112125,1,90,37030,8625,319383750,-1,10,9,0,
cc_C48982,0,69000,1,270,37030,8625,319383750,2,7,18,0,
cc_C51792,37030,86250,1,270,37030,8625,319383750,-1,8,2,0,
cc_C54385,0,129375,1,90,37030,8625,319383750,-1,-1,14,0,
cc_C57055,0,77625,1,270,37030,8625,319383750,-1,13,4,0,
cc_C59668,37030,94875,1,270,37030,8625,319383750,-1,9,5,0,
cc_C62278,37030,103500,1,90,37030,8625,319383750,-1,3,8,0,
cc_C65067,37030,120750,1,90,37030,8625,319383750,-1,12,3,0,
cc_C67839,37030,69000,1,270,37030,8625,319383750,-1,-1,22,1,
cc_C70494,37030,129375,1,90,37030,8625,319383750,-1,-1,10,0,
cc_C73068,0,86250,1,90,37030,8625,319383750,-1,15,7,0,
cc_C75794,0,120750,1,90,37030,8625,319383750,-1,6,0,0,
cc_C78507,0,94875,1,270,37030,8625,319383750,-1,1,13,0,
cc_C390725,0,43125,1,90,37030,8625,319383750,-1,29,19,0,
cc_C393732,37030,0,1,270,37030,8625,319383750,-1,20,23,1,
cc_C396426,0,60375,1,90,37030,8625,319383750,-1,4,29,0,
cc_C399324,0,34500,1,90,37030,8625,319383750,-1,16,22,0,
cc_C401934,37030,8625,1,270,37030,8625,319383750,-1,-1,17,0,
cc_C404828,37030,17250,1,90,37030,8625,319383750,-1,26,28,1,
cc_C407517,0,25875,1,90,37030,8625,319383750,11,19,30,0,
cc_C410399,0,0,1,270,37030,8625,319383750,17,28,-1,0,
cc_C413083,37030,60375,1,90,37030,8625,319383750,-1,-1,31,0,
cc_C415825,37030,34500,1,270,37030,8625,319383750,-1,27,30,1,
cc_C418719,37030,25875,1,90,37030,8625,319383750,-1,-1,21,0,
cc_C421704,37030,43125,1,270,37030,8625,319383750,-1,31,25,0,
cc_C424482,0,8625,1,270,37030,8625,319383750,21,30,23,0,
cc_C427157,0,51750,1,90,37030,8625,319383750,-1,18,16,0,
cc_C429953,0,17250,1,90,37030,8625,319383750,25,22,28,0,
cc_C432668,37030,51750,1,90,37030,8625,319383750,-1,24,27,0,
Wirelength: 498604
layer(tree) info:
layer: 0 ,width: 0 ,height: 0 ,area: 0, filling_rate: 1
layer: 1 ,width: 74060 ,height: 138000 ,area: 10220280000, filling_rate: 1
random seed: 4
best wirelength: 498604
initial_num_perturbs: 1024
iter: 30720000
best_iter: 24334949
best_cost: 0.290211
reject_time: 9457699
accept_inferior_time: 7151290
update_best_time: 53
time cost: 2586.22
