name,x,y,layer,rotated_angle,width,height,area,left,right,parent,is_from_left,
cc_C8466,8160,34896,1,0,9072,8160,74027520,-1,-1,29,1,
cc_C8467,0,23232,0,90,5709,6369,36360621,21,20,12,0,
cc_C16429,0,19392,1,0,8112,10752,87220224,23,29,19,0,
cc_C16430,5412,0,0,0,5676,7524,42706224,27,9,12,1,
cc_C32011,20031,20427,0,0,8613,4290,36949770,-1,-1,24,1,
cc_C32012,18942,11814,0,90,4290,8613,36949770,-1,-1,16,0,
cc_C39784,0,0,1,180,7776,11232,87340032,32,19,-1,0,
cc_C39785,30240,31248,1,0,7776,11232,87340032,26,-1,31,0,
cc_C55552,5412,15378,0,0,5412,7854,42505848,-1,-1,9,0,
cc_C55553,5412,7524,0,0,5412,7854,42505848,-1,8,3,0,
cc_C63404,11088,5445,0,0,5412,7854,42505848,-1,-1,27,0,
cc_C63405,9072,7776,1,0,7728,11232,86800896,-1,-1,19,1,
cc_C71293,0,0,0,180,5412,7854,42505848,3,1,-1,0,
cc_C71294,30240,0,1,0,7728,11232,86800896,14,28,18,1,
cc_C86866,37968,0,1,90,8160,9072,74027520,33,-1,13,1,
cc_C86867,18942,0,0,0,5676,7524,42706224,30,16,27,1,
cc_C86868,18942,7524,0,0,8613,4290,36949770,-1,5,15,0,
cc_C86869,14322,20427,0,0,5445,7854,42765030,-1,24,21,1,
cc_C86870,19008,0,1,90,11232,7728,86800896,13,-1,32,1,
cc_C94576,0,11232,1,0,9072,8160,74027520,11,2,6,0,
cc_C94577,0,29601,0,180,5676,7524,42706224,-1,-1,1,0,
cc_C94578,5709,23232,0,0,8613,4290,36949770,17,-1,1,1,
cc_C94579,8112,27120,1,90,11232,7776,87340032,25,-1,23,0,
cc_C94580,8112,19392,1,90,11232,7728,86800896,-1,22,2,1,
cc_C102137,14322,28281,0,90,5709,6369,36360621,4,-1,17,0,
cc_C102138,19344,7728,1,0,8112,10752,87220224,-1,-1,22,1,
cc_C102139,38016,18960,1,0,12288,6144,75497472,-1,-1,7,1,
cc_C102140,11088,0,0,90,7854,5445,42765030,15,10,3,1,
cc_C102141,30240,11232,1,90,11232,7728,86800896,-1,31,13,0,
cc_C109812,0,34896,1,90,8160,9072,74027520,0,-1,2,0,
cc_C109813,24618,0,0,0,5676,7524,42706224,-1,-1,15,1,
cc_C109814,30240,18960,1,90,6144,12288,75497472,-1,7,28,0,
cc_C109815,7776,0,1,90,11232,7776,87340032,18,-1,6,1,
cc_C109816,46128,0,1,0,7728,11232,86800896,-1,-1,14,1,
Wirelength: 1.10757e+06
layer(tree) info:
layer: 0 ,width: 30294 ,height: 37125 ,area: 1124664750, filling_rate: 0.575192
layer: 1 ,width: 53856 ,height: 43968 ,area: 2367940608, filling_rate: 0.629961
random seed: 4
best wirelength: 1.10757e+06
initial_num_perturbs: 1156
iter: 16920395
best_iter: 0
best_cost: 0.457145
reject_time: 119246
accept_inferior_time: 8313743
update_best_time: 0
time cost: 3000
