name,x,y,layer,rotated_angle,width,height,area,left,right,parent,is_from_left,
cc_C38060,0,0,1,270,37030,8625,319383750,8,3,-1,0,
cc_C40988,37030,25875,1,270,37030,8625,319383750,-1,13,10,0,
cc_C43598,37030,51750,1,90,37030,8625,319383750,-1,7,9,0,
cc_C46412,0,8625,1,270,37030,8625,319383750,20,15,0,0,
cc_C48982,0,34500,1,90,37030,8625,319383750,-1,14,5,0,
cc_C51792,0,25875,1,90,37030,8625,319383750,29,4,15,0,
cc_C54385,0,60375,1,90,37030,8625,319383750,28,17,11,0,
cc_C57055,37030,60375,1,90,37030,8625,319383750,-1,25,2,0,
cc_C59668,37030,0,1,270,37030,8625,319383750,-1,12,0,1,
cc_C62278,37030,43125,1,90,37030,8625,319383750,-1,2,13,0,
cc_C65067,37030,17250,1,270,37030,8625,319383750,-1,1,12,0,
cc_C67839,0,51750,1,90,37030,8625,319383750,-1,6,14,0,
cc_C70494,37030,8625,1,270,37030,8625,319383750,-1,10,8,0,
cc_C73068,37030,34500,1,90,37030,8625,319383750,-1,9,1,0,
cc_C75794,0,43125,1,270,37030,8625,319383750,-1,11,4,0,
cc_C78507,0,17250,1,90,37030,8625,319383750,-1,5,3,0,
cc_C390725,37030,77625,1,270,37030,8625,319383750,-1,-1,25,0,
cc_C393732,0,69000,1,270,37030,8625,319383750,-1,18,6,0,
cc_C396426,0,77625,1,270,37030,8625,319383750,22,31,17,0,
cc_C399324,0,103500,1,90,37030,8625,319383750,-1,27,30,0,
cc_C401934,37030,86250,1,90,37030,8625,319383750,-1,-1,3,1,
cc_C404828,0,120750,1,90,37030,8625,319383750,26,23,27,0,
cc_C407517,37030,120750,1,90,37030,8625,319383750,-1,-1,18,1,
cc_C410399,0,129375,1,90,37030,8625,319383750,-1,-1,21,0,
cc_C413083,37030,112125,1,90,37030,8625,319383750,-1,-1,28,0,
cc_C415825,37030,69000,1,270,37030,8625,319383750,-1,16,7,0,
cc_C418719,37030,129375,1,90,37030,8625,319383750,-1,-1,21,1,
cc_C421704,0,112125,1,270,37030,8625,319383750,-1,21,19,0,
cc_C424482,37030,103500,1,270,37030,8625,319383750,-1,24,6,1,
cc_C427157,37030,94875,1,270,37030,8625,319383750,-1,-1,5,1,
cc_C429953,0,94875,1,270,37030,8625,319383750,-1,19,31,0,
cc_C432668,0,86250,1,90,37030,8625,319383750,-1,30,18,0,
Wirelength: 498604
layer(tree) info:
layer: 0 ,width: 0 ,height: 0 ,area: 0, filling_rate: 1
layer: 1 ,width: 74060 ,height: 138000 ,area: 10220280000, filling_rate: 1
random seed: 10
best wirelength: 498604
initial_num_perturbs: 1024
iter: 30720000
best_iter: 24626896
best_cost: 0.237386
reject_time: 9114855
accept_inferior_time: 7310446
update_best_time: 60
time cost: 2779.99
