name,x,y,layer,rotated_angle,width,height,area,left,right,parent,is_from_left,
cc_C38060,25920,48000,0,270,25920,6000,155520000,-1,-1,31,1,
cc_C40988,0,66000,0,270,25920,6000,155520000,-1,7,12,0,
cc_C43598,25920,78000,0,90,25920,6000,155520000,-1,15,11,1,
cc_C46412,0,48000,0,270,25920,6000,155520000,8,9,23,0,
cc_C48982,0,84000,0,90,25920,6000,155520000,-1,6,11,0,
cc_C51792,25920,90000,0,90,25920,6000,155520000,-1,-1,15,0,
cc_C54385,0,90000,0,90,25920,6000,155520000,-1,-1,4,0,
cc_C57055,0,72000,0,90,25920,6000,155520000,-1,11,1,0,
cc_C59668,25920,72000,0,90,25920,6000,155520000,-1,-1,3,1,
cc_C62278,0,54000,0,270,25920,6000,155520000,-1,12,3,0,
cc_C65067,25920,60000,0,270,25920,6000,155520000,-1,13,16,1,
cc_C67839,0,78000,0,270,25920,6000,155520000,2,4,7,0,
cc_C70494,0,60000,0,270,25920,6000,155520000,-1,1,9,0,
cc_C73068,25920,66000,0,270,25920,6000,155520000,-1,-1,10,0,
cc_C75794,25920,54000,0,270,25920,6000,155520000,-1,-1,28,1,
cc_C78507,25920,84000,0,90,25920,6000,155520000,-1,5,2,0,
cc_C390725,0,36000,0,90,25920,6000,155520000,10,23,28,0,
cc_C393732,25920,30000,0,270,25920,6000,155520000,-1,18,25,0,
cc_C396426,25920,36000,0,90,25920,6000,155520000,-1,-1,17,0,
cc_C399324,25920,12000,0,270,25920,6000,155520000,-1,30,27,0,
cc_C401934,0,6000,0,270,25920,6000,155520000,22,31,21,0,
cc_C404828,0,0,0,270,25920,6000,155520000,24,20,-1,0,
cc_C407517,25920,42000,0,90,25920,6000,155520000,-1,-1,20,1,
cc_C410399,0,42000,0,90,25920,6000,155520000,-1,3,16,0,
cc_C413083,25920,0,0,270,25920,6000,155520000,-1,27,21,1,
cc_C415825,25920,24000,0,90,25920,6000,155520000,-1,17,30,0,
cc_C418719,0,18000,0,90,25920,6000,155520000,-1,29,31,0,
cc_C421704,25920,6000,0,270,25920,6000,155520000,-1,19,24,0,
cc_C424482,0,30000,0,270,25920,6000,155520000,14,16,29,0,
cc_C427157,0,24000,0,90,25920,6000,155520000,-1,28,26,0,
cc_C429953,25920,18000,0,270,25920,6000,155520000,-1,25,19,0,
cc_C432668,0,12000,0,270,25920,6000,155520000,0,26,20,0,
Wirelength: 347222
layer(tree) info:
layer: 0 ,width: 51840 ,height: 96000 ,area: 4976640000, filling_rate: 1
layer: 1 ,width: 0 ,height: 0 ,area: 0, filling_rate: 1
random seed: 6
best wirelength: 347222
initial_num_perturbs: 1024
iter: 30720000
best_iter: 25227875
best_cost: 0.176425
reject_time: 8597570
accept_inferior_time: 7505475
update_best_time: 44
time cost: 2661.57
