name,x,y,layer,rotated_angle,width,height,area,left,right,parent,is_from_left,
cc_C38060,0,66000,0,270,25920,6000,155520000,-1,7,9,0,
cc_C40988,25920,90000,0,90,25920,6000,155520000,-1,-1,6,1,
cc_C43598,25920,72000,0,90,25920,6000,155520000,-1,3,25,1,
cc_C46412,25920,78000,0,90,25920,6000,155520000,-1,-1,2,0,
cc_C48982,25920,66000,0,90,25920,6000,155520000,-1,-1,11,0,
cc_C51792,0,78000,0,90,25920,6000,155520000,-1,6,7,0,
cc_C54385,0,84000,0,90,25920,6000,155520000,1,14,5,0,
cc_C57055,0,72000,0,90,25920,6000,155520000,-1,5,0,0,
cc_C59668,25920,48000,0,270,25920,6000,155520000,-1,-1,19,0,
cc_C62278,0,60000,0,90,25920,6000,155520000,-1,0,10,0,
cc_C65067,0,54000,0,270,25920,6000,155520000,15,9,12,0,
cc_C67839,25920,60000,0,90,25920,6000,155520000,-1,4,13,0,
cc_C70494,0,48000,0,270,25920,6000,155520000,-1,10,29,0,
cc_C73068,25920,54000,0,270,25920,6000,155520000,-1,11,22,1,
cc_C75794,0,90000,0,90,25920,6000,155520000,-1,-1,6,0,
cc_C78507,25920,84000,0,90,25920,6000,155520000,-1,-1,10,1,
cc_C390725,0,24000,0,270,25920,6000,155520000,-1,22,18,0,
cc_C393732,25920,18000,0,90,25920,6000,155520000,-1,-1,26,0,
cc_C396426,0,18000,0,90,25920,6000,155520000,-1,16,28,0,
cc_C399324,25920,42000,0,90,25920,6000,155520000,-1,8,30,0,
cc_C401934,25920,24000,0,90,25920,6000,155520000,-1,31,28,1,
cc_C404828,25920,6000,0,270,25920,6000,155520000,-1,-1,27,0,
cc_C407517,0,30000,0,90,25920,6000,155520000,13,25,16,0,
cc_C410399,0,0,0,270,25920,6000,155520000,27,24,-1,0,
cc_C413083,0,6000,0,270,25920,6000,155520000,26,28,23,0,
cc_C415825,0,36000,0,90,25920,6000,155520000,2,29,22,0,
cc_C418719,25920,12000,0,270,25920,6000,155520000,-1,17,24,1,
cc_C421704,25920,0,0,270,25920,6000,155520000,-1,21,23,1,
cc_C424482,0,12000,0,270,25920,6000,155520000,20,18,24,0,
cc_C427157,0,42000,0,90,25920,6000,155520000,-1,12,25,0,
cc_C429953,25920,36000,0,90,25920,6000,155520000,-1,19,31,0,
cc_C432668,25920,30000,0,270,25920,6000,155520000,-1,30,20,0,
Wirelength: 347222
layer(tree) info:
layer: 0 ,width: 51840 ,height: 96000 ,area: 4976640000, filling_rate: 1
layer: 1 ,width: 0 ,height: 0 ,area: 0, filling_rate: 1
random seed: 5
best wirelength: 347222
initial_num_perturbs: 1024
iter: 30720000
best_iter: 24822243
best_cost: 0.184139
reject_time: 8668900
accept_inferior_time: 7475305
update_best_time: 61
time cost: 2634.79
