name,x,y,layer,rotated_angle,width,height,area,left,right,parent,is_from_left,
cc_C38060,25920,54000,0,270,25920,6000,155520000,-1,6,4,0,
cc_C40988,0,54000,0,270,25920,6000,155520000,-1,5,10,0,
cc_C43598,25920,90000,0,90,25920,6000,155520000,-1,-1,9,1,
cc_C46412,25920,72000,0,270,25920,6000,155520000,-1,13,22,1,
cc_C48982,25920,48000,0,270,25920,6000,155520000,-1,0,30,0,
cc_C51792,0,60000,0,270,25920,6000,155520000,-1,9,1,0,
cc_C54385,25920,60000,0,90,25920,6000,155520000,-1,-1,0,0,
cc_C57055,25920,84000,0,90,25920,6000,155520000,-1,-1,24,1,
cc_C59668,0,84000,0,90,25920,6000,155520000,-1,12,11,0,
cc_C62278,0,66000,0,90,25920,6000,155520000,2,14,5,0,
cc_C65067,0,48000,0,270,25920,6000,155520000,-1,1,21,0,
cc_C67839,0,78000,0,90,25920,6000,155520000,-1,8,14,0,
cc_C70494,0,90000,0,90,25920,6000,155520000,-1,-1,8,0,
cc_C73068,25920,78000,0,270,25920,6000,155520000,-1,-1,3,0,
cc_C75794,0,72000,0,90,25920,6000,155520000,-1,11,9,0,
cc_C78507,25920,66000,0,90,25920,6000,155520000,-1,-1,16,1,
cc_C390725,0,18000,0,90,25920,6000,155520000,15,22,29,0,
cc_C393732,25920,36000,0,90,25920,6000,155520000,-1,30,31,0,
cc_C396426,25920,0,0,270,25920,6000,155520000,-1,23,27,1,
cc_C399324,25920,12000,0,90,25920,6000,155520000,-1,28,23,0,
cc_C401934,0,30000,0,90,25920,6000,155520000,-1,24,22,0,
cc_C404828,0,42000,0,90,25920,6000,155520000,-1,10,24,0,
cc_C407517,0,24000,0,270,25920,6000,155520000,3,20,16,0,
cc_C410399,25920,6000,0,270,25920,6000,155520000,-1,19,18,0,
cc_C413083,0,36000,0,90,25920,6000,155520000,7,21,20,0,
cc_C415825,25920,24000,0,270,25920,6000,155520000,-1,31,28,0,
cc_C418719,0,6000,0,270,25920,6000,155520000,-1,29,27,0,
cc_C421704,0,0,0,270,25920,6000,155520000,18,26,-1,0,
cc_C424482,25920,18000,0,90,25920,6000,155520000,-1,25,19,0,
cc_C427157,0,12000,0,270,25920,6000,155520000,-1,16,26,0,
cc_C429953,25920,42000,0,90,25920,6000,155520000,-1,4,17,0,
cc_C432668,25920,30000,0,90,25920,6000,155520000,-1,17,25,0,
Wirelength: 347222
layer(tree) info:
layer: 0 ,width: 51840 ,height: 96000 ,area: 4976640000, filling_rate: 1
layer: 1 ,width: 0 ,height: 0 ,area: 0, filling_rate: 1
random seed: 2
best wirelength: 347222
initial_num_perturbs: 1024
iter: 30558033
best_iter: 24942513
best_cost: 0.210864
reject_time: 8792505
accept_inferior_time: 7374866
update_best_time: 71
time cost: 3000
