name,x,y,layer,rotated_angle,width,height,area,left,right,parent,is_from_left,
cc_C38060,25920,0,0,270,25920,6000,155520000,-1,3,8,1,
cc_C40988,25920,18000,0,270,25920,6000,155520000,-1,14,7,0,
cc_C43598,0,30000,0,90,25920,6000,155520000,24,4,6,0,
cc_C46412,25920,6000,0,270,25920,6000,155520000,-1,7,0,0,
cc_C48982,0,36000,0,90,25920,6000,155520000,25,11,2,0,
cc_C51792,0,18000,0,270,25920,6000,155520000,-1,6,12,0,
cc_C54385,0,24000,0,90,25920,6000,155520000,-1,2,5,0,
cc_C57055,25920,12000,0,90,25920,6000,155520000,-1,1,3,0,
cc_C59668,0,0,0,270,25920,6000,155520000,0,15,-1,0,
cc_C62278,25920,42000,0,90,25920,6000,155520000,-1,-1,12,1,
cc_C65067,25920,36000,0,90,25920,6000,155520000,-1,-1,15,1,
cc_C67839,0,42000,0,90,25920,6000,155520000,-1,20,4,0,
cc_C70494,0,12000,0,90,25920,6000,155520000,9,5,15,0,
cc_C73068,25920,30000,0,90,25920,6000,155520000,-1,-1,14,0,
cc_C75794,25920,24000,0,90,25920,6000,155520000,-1,13,1,0,
cc_C78507,0,6000,0,270,25920,6000,155520000,10,12,8,0,
cc_C390725,0,90000,0,90,25920,6000,155520000,-1,-1,30,0,
cc_C393732,25920,84000,0,90,25920,6000,155520000,-1,-1,23,1,
cc_C396426,0,54000,0,270,25920,6000,155520000,21,19,20,0,
cc_C399324,0,60000,0,270,25920,6000,155520000,-1,23,18,0,
cc_C401934,0,48000,0,270,25920,6000,155520000,26,18,11,0,
cc_C404828,25920,78000,0,270,25920,6000,155520000,-1,-1,18,1,
cc_C407517,25920,60000,0,270,25920,6000,155520000,-1,29,25,0,
cc_C410399,0,66000,0,270,25920,6000,155520000,17,27,19,0,
cc_C413083,25920,48000,0,270,25920,6000,155520000,-1,-1,2,1,
cc_C415825,25920,54000,0,270,25920,6000,155520000,-1,22,4,1,
cc_C418719,25920,72000,0,270,25920,6000,155520000,-1,-1,20,1,
cc_C421704,0,72000,0,90,25920,6000,155520000,28,31,23,0,
cc_C424482,25920,90000,0,90,25920,6000,155520000,-1,-1,27,1,
cc_C427157,25920,66000,0,90,25920,6000,155520000,-1,-1,22,0,
cc_C429953,0,84000,0,90,25920,6000,155520000,-1,16,31,0,
cc_C432668,0,78000,0,90,25920,6000,155520000,-1,30,27,0,
Wirelength: 347222
layer(tree) info:
layer: 0 ,width: 51840 ,height: 96000 ,area: 4976640000, filling_rate: 1
layer: 1 ,width: 0 ,height: 0 ,area: 0, filling_rate: 1
random seed: 9
best wirelength: 347222
initial_num_perturbs: 1024
iter: 30720000
best_iter: 24890223
best_cost: 0.211047
reject_time: 8904066
accept_inferior_time: 7365717
update_best_time: 66
time cost: 2727.85
