name,x,y,layer,rotated_angle,width,height,area,left,right,parent,is_from_left,
cc_C2791,11352,0,1,0,11319,8580,97117020,5,-1,4,1,
cc_C2792,8448,17127,1,180,11319,8580,97117020,-1,-1,3,0,
cc_C2793,0,8679,1,90,8448,11616,98131968,3,-1,4,0,
cc_C2794,8448,8679,1,0,11616,8448,98131968,-1,1,2,1,
cc_C2795,0,0,1,0,11352,8679,98524008,0,2,-1,0,
cc_C2796,22671,0,1,270,8679,11352,98524008,-1,-1,0,1,
Wirelength: 75093
layer(tree) info:
layer: 0 ,width: 0 ,height: 0 ,area: 0, filling_rate: 1
layer: 1 ,width: 31350 ,height: 25707 ,area: 805914450, filling_rate: 0.729043
random seed: 8
best wirelength: 75093
initial_num_perturbs: 36
iter: 1080000
best_iter: 705062
best_cost: 0.383639
reject_time: 445725
accept_inferior_time: 306085
update_best_time: 6
time cost: 3.342
