name,x,y,layer,rotated_angle,width,height,area,left,right,parent,is_from_left,
cc_C38060,25920,6000,0,270,25920,6000,155520000,-1,5,2,0,
cc_C40988,0,24000,0,90,25920,6000,155520000,-1,12,9,0,
cc_C43598,25920,0,0,270,25920,6000,155520000,-1,0,4,1,
cc_C46412,25920,36000,0,90,25920,6000,155520000,-1,6,10,0,
cc_C48982,0,0,0,270,25920,6000,155520000,2,15,-1,0,
cc_C51792,25920,12000,0,270,25920,6000,155520000,-1,11,0,0,
cc_C54385,25920,42000,0,90,25920,6000,155520000,-1,-1,3,0,
cc_C57055,0,36000,0,90,25920,6000,155520000,22,8,12,0,
cc_C59668,0,42000,0,90,25920,6000,155520000,21,29,7,0,
cc_C62278,0,18000,0,90,25920,6000,155520000,24,1,13,0,
cc_C65067,25920,30000,0,270,25920,6000,155520000,-1,3,14,0,
cc_C67839,25920,18000,0,90,25920,6000,155520000,-1,14,5,0,
cc_C70494,0,30000,0,90,25920,6000,155520000,19,7,1,0,
cc_C73068,0,12000,0,90,25920,6000,155520000,-1,9,15,0,
cc_C75794,25920,24000,0,90,25920,6000,155520000,-1,10,11,0,
cc_C78507,0,6000,0,270,25920,6000,155520000,16,13,4,0,
cc_C390725,25920,48000,0,270,25920,6000,155520000,-1,18,15,1,
cc_C393732,25920,60000,0,90,25920,6000,155520000,-1,26,18,0,
cc_C396426,25920,54000,0,270,25920,6000,155520000,-1,17,16,0,
cc_C399324,25920,78000,0,90,25920,6000,155520000,-1,-1,12,1,
cc_C401934,0,72000,0,270,25920,6000,155520000,-1,27,28,0,
cc_C404828,25920,90000,0,90,25920,6000,155520000,-1,-1,8,1,
cc_C407517,25920,84000,0,90,25920,6000,155520000,-1,-1,7,1,
cc_C410399,0,84000,0,90,25920,6000,155520000,-1,30,27,0,
cc_C413083,25920,72000,0,270,25920,6000,155520000,-1,-1,9,1,
cc_C415825,0,54000,0,270,25920,6000,155520000,-1,31,29,0,
cc_C418719,25920,66000,0,90,25920,6000,155520000,-1,-1,17,0,
cc_C421704,0,78000,0,90,25920,6000,155520000,-1,23,20,0,
cc_C424482,0,66000,0,90,25920,6000,155520000,-1,20,31,0,
cc_C427157,0,48000,0,270,25920,6000,155520000,-1,25,8,0,
cc_C429953,0,90000,0,90,25920,6000,155520000,-1,-1,23,0,
cc_C432668,0,60000,0,90,25920,6000,155520000,-1,28,25,0,
Wirelength: 347222
layer(tree) info:
layer: 0 ,width: 51840 ,height: 96000 ,area: 4976640000, filling_rate: 1
layer: 1 ,width: 0 ,height: 0 ,area: 0, filling_rate: 1
random seed: 7
best wirelength: 347222
initial_num_perturbs: 1024
iter: 30720000
best_iter: 25222911
best_cost: 0.175284
reject_time: 8646423
accept_inferior_time: 7497784
update_best_time: 62
time cost: 2764.93
