name,x,y,layer,rotated_angle,width,height,area,left,right,parent,is_from_left,
cc_C38060,0,77625,1,270,37030,8625,319383750,-1,11,14,0,
cc_C40988,0,103500,1,270,37030,8625,319383750,2,6,9,0,
cc_C43598,37030,129375,1,90,37030,8625,319383750,-1,-1,1,1,
cc_C46412,37030,120750,1,90,37030,8625,319383750,-1,-1,15,0,
cc_C48982,0,129375,1,90,37030,8625,319383750,-1,-1,8,0,
cc_C51792,37030,94875,1,90,37030,8625,319383750,-1,10,13,0,
cc_C54385,0,112125,1,270,37030,8625,319383750,-1,8,1,0,
cc_C57055,37030,69000,1,270,37030,8625,319383750,-1,12,23,0,
cc_C59668,0,120750,1,90,37030,8625,319383750,-1,4,6,0,
cc_C62278,0,94875,1,90,37030,8625,319383750,-1,1,11,0,
cc_C65067,37030,103500,1,270,37030,8625,319383750,-1,15,5,0,
cc_C67839,0,86250,1,270,37030,8625,319383750,-1,9,0,0,
cc_C70494,37030,77625,1,270,37030,8625,319383750,-1,-1,7,0,
cc_C73068,37030,86250,1,270,37030,8625,319383750,-1,5,27,1,
cc_C75794,0,69000,1,270,37030,8625,319383750,-1,0,17,0,
cc_C78507,37030,112125,1,90,37030,8625,319383750,-1,3,10,0,
cc_C390725,0,17250,1,270,37030,8625,319383750,21,28,25,0,
cc_C393732,0,60375,1,90,37030,8625,319383750,-1,14,31,0,
cc_C396426,37030,34500,1,90,37030,8625,319383750,-1,29,22,0,
cc_C399324,37030,17250,1,270,37030,8625,319383750,-1,-1,21,0,
cc_C401934,37030,0,1,270,37030,8625,319383750,-1,-1,24,1,
cc_C404828,37030,8625,1,270,37030,8625,319383750,-1,19,16,1,
cc_C407517,37030,25875,1,90,37030,8625,319383750,-1,18,28,1,
cc_C410399,37030,60375,1,90,37030,8625,319383750,-1,7,30,0,
cc_C413083,0,0,1,270,37030,8625,319383750,20,25,-1,0,
cc_C415825,0,8625,1,270,37030,8625,319383750,-1,16,24,0,
cc_C418719,0,34500,1,270,37030,8625,319383750,-1,27,28,0,
cc_C421704,0,43125,1,270,37030,8625,319383750,13,31,26,0,
cc_C424482,0,25875,1,90,37030,8625,319383750,22,26,16,0,
cc_C427157,37030,43125,1,270,37030,8625,319383750,-1,30,18,0,
cc_C429953,37030,51750,1,90,37030,8625,319383750,-1,23,29,0,
cc_C432668,0,51750,1,90,37030,8625,319383750,-1,17,27,0,
Wirelength: 498604
layer(tree) info:
layer: 0 ,width: 0 ,height: 0 ,area: 0, filling_rate: 1
layer: 1 ,width: 74060 ,height: 138000 ,area: 10220280000, filling_rate: 1
random seed: 3
best wirelength: 498604
initial_num_perturbs: 1024
iter: 30720000
best_iter: 24014706
best_cost: 0.308072
reject_time: 9552159
accept_inferior_time: 7103629
update_best_time: 54
time cost: 2586.85
