name,x,y,layer,rotated_angle,width,height,area,left,right,parent,is_from_left,
cc_C8466,0,15936,1,270,8160,9072,74027520,-1,22,14,0,
cc_C8467,11232,30192,1,0,9072,8160,74027520,-1,29,33,0,
cc_C16429,0,17820,0,90,7524,5676,42706224,20,19,21,0,
cc_C16430,0,0,0,90,7524,5676,42706224,16,32,-1,0,
cc_C32011,11814,0,0,180,8613,4290,36949770,12,5,16,1,
cc_C32012,11814,4290,0,270,4290,8613,36949770,-1,-1,4,0,
cc_C39784,11232,46512,1,90,11232,7776,87340032,23,-1,29,0,
cc_C39785,30192,0,1,90,11232,7776,87340032,-1,-1,18,1,
cc_C55552,7524,27786,0,90,7854,5412,42505848,-1,-1,26,0,
cc_C55553,11232,0,1,90,11232,7728,86800896,18,27,17,1,
cc_C63404,20427,5412,0,180,5412,7854,42505848,-1,25,12,0,
cc_C63405,27951,5412,0,0,5412,7854,42505848,-1,-1,25,1,
cc_C71293,20427,0,0,270,7854,5412,42505848,-1,10,4,1,
cc_C71294,30192,7776,1,90,11232,7728,86800896,-1,-1,23,1,
cc_C86866,0,7776,1,0,9072,8160,74027520,-1,0,17,0,
cc_C86867,7524,33198,0,180,5676,7524,42706224,28,-1,30,1,
cc_C86868,7524,0,0,90,4290,8613,36949770,4,-1,3,1,
cc_C86869,0,0,1,90,11232,7776,87340032,9,14,-1,0,
cc_C86870,22464,0,1,180,7728,11232,86800896,7,-1,9,1,
cc_C94576,0,23496,0,0,6369,5709,36360621,-1,24,2,0,
cc_C94577,7524,17820,0,270,7524,5676,42706224,-1,26,2,1,
cc_C94578,0,13530,0,180,8613,4290,36949770,-1,2,32,0,
cc_C94579,0,25008,1,0,7776,11232,87340032,-1,-1,0,0,
cc_C94580,22464,11232,1,180,7728,11232,86800896,13,-1,6,1,
cc_C102137,0,29205,0,180,6369,5709,36360621,-1,30,19,0,
cc_C102138,20427,13266,0,90,7524,5676,42706224,11,-1,10,0,
cc_C102139,7524,23496,0,0,8613,4290,36949770,-1,8,20,0,
cc_C102140,11232,7728,1,180,7776,11232,87340032,-1,33,9,0,
cc_C102141,13200,33198,0,90,7854,5412,42505848,-1,-1,15,1,
cc_C109812,11232,38352,1,0,9072,8160,74027520,-1,6,1,0,
cc_C109813,0,34914,0,90,7524,5676,42706224,15,31,24,0,
cc_C109814,0,40722,0,0,8613,4290,36949770,-1,-1,30,0,
cc_C109815,0,5676,0,180,5445,7854,42765030,-1,21,3,0,
cc_C109816,11232,18960,1,180,7728,11232,86800896,-1,1,27,0,
Wirelength: 951869
layer(tree) info:
layer: 0 ,width: 33363 ,height: 45012 ,area: 1501735356, filling_rate: 0.53668
layer: 1 ,width: 41424 ,height: 54288 ,area: 2248826112, filling_rate: 0.518855
random seed: 5
best wirelength: 951869
initial_num_perturbs: 1156
iter: 16695060
best_iter: 191
best_cost: 0.516553
reject_time: 97713
accept_inferior_time: 8214692
update_best_time: 4
time cost: 3000
