name,x,y,layer,rotated_angle,width,height,area,left,right,parent,is_from_left,
cc_C8466,24420,30756,0,180,6369,5709,36360621,-1,-1,22,1,
cc_C8467,0,24024,0,90,5709,6369,36360621,23,2,21,0,
cc_C16429,0,30393,0,0,5676,7524,42706224,8,4,1,0,
cc_C16430,5709,29436,0,0,5676,7524,42706224,-1,-1,23,0,
cc_C32011,0,37917,0,90,4290,8613,36949770,-1,20,2,0,
cc_C32012,33066,18678,0,180,8613,4290,36949770,-1,27,28,0,
cc_C39784,33066,0,0,0,5445,7854,42765030,-1,11,24,1,
cc_C39785,21912,5412,0,0,5445,7854,42765030,24,26,10,1,
cc_C55552,5676,36960,0,0,5412,7854,42505848,19,-1,2,1,
cc_C55553,16797,38610,0,90,7854,5412,42505848,-1,-1,19,1,
cc_C63404,14058,13563,0,270,7854,5412,42505848,7,-1,32,1,
cc_C63405,33066,7854,0,270,7854,5412,42505848,-1,28,6,0,
cc_C71293,21747,0,0,270,7854,5412,42505848,-1,-1,14,1,
cc_C71294,6369,5676,0,270,7854,5412,42505848,17,-1,29,1,
cc_C86866,15378,0,0,180,6369,5709,36360621,12,-1,30,1,
cc_C86867,23265,17556,0,0,5676,7524,42706224,-1,25,16,1,
cc_C86868,18975,18975,0,90,4290,8613,36949770,15,22,33,1,
cc_C86869,14223,5709,0,0,5445,7854,42765030,-1,-1,13,1,
cc_C86870,0,0,0,270,7854,5412,42505848,30,31,-1,0,
cc_C94576,11088,36960,0,90,5709,6369,36360621,9,-1,8,1,
cc_C94577,0,46530,0,180,5676,7524,42706224,-1,-1,4,0,
cc_C94578,0,19734,0,180,8613,4290,36949770,32,1,29,0,
cc_C94579,18975,30756,0,0,5445,7854,42765030,0,-1,16,0,
cc_C94580,5709,24024,0,90,7854,5412,42505848,33,3,1,1,
cc_C102137,27357,5412,0,270,5709,6369,36360621,6,-1,7,1,
cc_C102138,23265,25080,0,270,7524,5676,42706224,-1,-1,15,0,
cc_C102139,21912,13266,0,180,8613,4290,36949770,-1,-1,7,0,
cc_C102140,33066,22968,0,90,7854,5445,42765030,-1,-1,5,0,
cc_C102141,33066,13266,0,270,7854,5412,42505848,-1,5,11,0,
cc_C109812,0,14025,0,0,6369,5709,36360621,13,21,31,0,
cc_C109813,7854,0,0,90,7524,5676,42706224,14,-1,18,1,
cc_C109814,0,5412,0,270,4290,8613,36949770,-1,29,18,0,
cc_C109815,8613,11088,0,0,5445,7854,42765030,10,-1,21,1,
cc_C109816,13563,18975,0,0,5412,7854,42505848,16,-1,23,1,
Wirelength: 976869
layer(tree) info:
layer: 0 ,width: 41679 ,height: 54054 ,area: 2252916666, filling_rate: 0.61154
layer: 1 ,width: 0 ,height: 0 ,area: 0, filling_rate: 1
random seed: 6
best wirelength: 976869
initial_num_perturbs: 1156
iter: 16836283
best_iter: 5567876
best_cost: 0.287222
reject_time: 61479
accept_inferior_time: 8301553
update_best_time: 13
time cost: 3000
