name,x,y,layer,rotated_angle,width,height,area,left,right,parent,is_from_left,
cc_C8466,0,0,0,0,6369,5709,36360621,1,2,-1,0,
cc_C8467,6369,0,0,0,6369,5709,36360621,3,4,0,1,
cc_C16429,0,5709,0,0,5676,7524,42706224,12,6,0,0,
cc_C16430,12738,0,0,0,5676,7524,42706224,7,8,1,1,
cc_C32011,6369,23232,0,0,8613,4290,36949770,30,10,1,0,
cc_C32012,14982,30756,0,0,8613,4290,36949770,-1,-1,21,1,
cc_C39784,0,13233,0,0,5445,7854,42765030,13,28,2,0,
cc_C39785,18414,0,0,0,5445,7854,42765030,33,16,3,1,
cc_C55552,12738,7524,0,0,5412,7854,42505848,-1,18,3,0,
cc_C55553,7776,25056,1,0,7728,11232,86800896,-1,-1,26,0,
cc_C63404,6369,27522,0,0,5412,7854,42505848,-1,21,4,0,
cc_C63405,11088,39666,0,0,5412,7854,42505848,-1,15,12,1,
cc_C71293,5676,39666,0,0,5412,7854,42505848,11,-1,2,1,
cc_C71294,5445,47520,0,0,5412,7854,42505848,-1,-1,6,1,
cc_C86866,16848,25056,1,0,9072,8160,74027520,-1,-1,22,1,
cc_C86867,11088,47520,0,90,7524,5676,42706224,-1,-1,11,0,
cc_C86868,18414,7854,0,0,8613,4290,36949770,-1,-1,7,0,
cc_C86869,0,0,1,0,7776,11232,87340032,20,19,-1,0,
cc_C86870,12738,15378,0,0,5412,7854,42505848,-1,-1,8,0,
cc_C94576,0,36288,1,0,9072,8160,74027520,22,23,17,0,
cc_C94577,7776,0,1,0,8112,10752,87220224,24,26,17,1,
cc_C94578,6369,35376,0,0,8613,4290,36949770,5,-1,10,0,
cc_C94579,9072,36288,1,0,7776,11232,87340032,14,29,19,1,
cc_C94580,0,44448,1,0,7728,11232,86800896,-1,31,19,0,
cc_C102137,15888,0,1,0,9072,8160,74027520,32,25,20,1,
cc_C102138,15888,8160,1,0,8112,10752,87220224,-1,-1,24,0,
cc_C102139,7776,18912,1,0,12288,6144,75497472,-1,9,20,0,
cc_C102140,20658,12144,0,0,5445,7854,42765030,-1,-1,30,1,
cc_C102141,0,21087,0,0,5412,7854,42505848,-1,-1,6,0,
cc_C109812,9072,47520,1,0,9072,8160,74027520,-1,-1,22,0,
cc_C109813,14982,23232,0,0,5676,7524,42706224,27,-1,4,1,
cc_C109814,0,55680,1,0,12288,6144,75497472,-1,-1,23,0,
cc_C109815,24960,0,1,0,7776,11232,87340032,-1,-1,24,1,
cc_C109816,23859,0,0,0,5412,7854,42505848,-1,-1,7,1,
Wirelength: 1.09345e+06
layer(tree) info:
layer: 0 ,width: 29271 ,height: 55374 ,area: 1620852354, filling_rate: 0.530392
layer: 1 ,width: 32736 ,height: 61824 ,area: 2023870464, filling_rate: 0.522349
random seed: 10
best wirelength: 1.09345e+06
initial_num_perturbs: 1156
iter: 15856865
best_iter: 9
best_cost: 0.482711
reject_time: 78056
accept_inferior_time: 7810459
update_best_time: 5
time cost: 3000
