name,x,y,layer,rotated_angle,width,height,area,left,right,parent,is_from_left,
cc_C2791,8679,0,1,0,11319,8580,97117020,5,-1,4,1,
cc_C2792,11616,19800,1,180,11319,8580,97117020,-1,-1,3,0,
cc_C2793,0,11352,1,0,11616,8448,98131968,3,-1,4,0,
cc_C2794,11616,11352,1,0,11616,8448,98131968,-1,1,2,1,
cc_C2795,0,0,1,270,8679,11352,98524008,0,2,-1,0,
cc_C2796,19998,0,1,270,8679,11352,98524008,-1,-1,0,1,
Wirelength: 77369
layer(tree) info:
layer: 0 ,width: 0 ,height: 0 ,area: 0, filling_rate: 1
layer: 1 ,width: 28677 ,height: 28380 ,area: 813853260, filling_rate: 0.721931
random seed: 4
best wirelength: 77369
initial_num_perturbs: 36
iter: 1080000
best_iter: 657706
best_cost: 0.473698
reject_time: 460371
accept_inferior_time: 299143
update_best_time: 7
time cost: 3.472
