name,x,y,layer,rotated_angle,width,height,area,left,right,parent,is_from_left,
cc_C8466,27291,5445,0,90,5709,6369,36360621,1,-1,30,1,
cc_C8467,33000,0,0,270,5709,6369,36360621,-1,-1,0,1,
cc_C16429,0,30144,1,180,8112,10752,87220224,-1,-1,4,0,
cc_C16430,8613,50853,0,90,7524,5676,42706224,-1,32,10,0,
cc_C32011,0,24000,1,0,12288,6144,75497472,8,2,20,0,
cc_C32012,21516,5445,0,90,4290,8613,36949770,-1,24,31,1,
cc_C39784,8613,37587,0,0,5445,7854,42765030,-1,10,16,0,
cc_C39785,0,4290,0,270,7854,5445,42765030,-1,22,21,0,
cc_C55552,12288,24000,1,270,11232,7728,86800896,11,-1,4,1,
cc_C55553,8613,13266,0,180,5412,7854,42505848,-1,17,18,0,
cc_C63404,8613,45441,0,270,7854,5412,42505848,-1,3,6,0,
cc_C63405,23520,24000,1,180,7728,11232,86800896,-1,-1,8,1,
cc_C71293,9072,0,1,180,7728,11232,86800896,25,-1,19,1,
cc_C71294,21984,16272,1,90,11232,7728,86800896,15,-1,23,1,
cc_C86866,14058,56529,0,90,5709,6369,36360621,30,-1,32,1,
cc_C86867,33216,7728,1,270,10752,8112,87220224,-1,-1,13,1,
cc_C86868,8613,28974,0,270,4290,8613,36949770,31,6,17,0,
cc_C86869,8613,21120,0,0,5445,7854,42765030,-1,16,9,0,
cc_C86870,8613,5412,0,0,5412,7854,42505848,-1,9,33,0,
cc_C94576,0,0,1,0,9072,8160,74027520,12,20,-1,0,
cc_C94577,0,11232,1,90,10752,8112,87220224,23,4,19,0,
cc_C94578,0,0,0,180,8613,4290,36949770,33,7,-1,0,
cc_C94579,0,9735,0,180,5445,7854,42765030,-1,-1,7,0,
cc_C94580,10752,16272,1,270,11232,7728,86800896,13,-1,20,1,
cc_C102137,21516,14058,0,270,5709,6369,36360621,-1,-1,5,0,
cc_C102138,16800,0,1,90,10752,8112,87220224,28,29,12,1,
cc_C102139,16467,0,0,0,8613,4290,36949770,27,-1,33,1,
cc_C102140,25080,0,0,270,7854,5445,42765030,-1,-1,26,1,
cc_C102141,27552,0,1,270,11232,7728,86800896,-1,-1,25,1,
cc_C109812,16800,8112,1,0,9072,8160,74027520,-1,-1,25,0,
cc_C109813,19767,33264,0,90,7524,5676,42706224,0,-1,14,1,
cc_C109814,12903,28974,0,0,8613,4290,36949770,5,-1,16,1,
cc_C109815,8613,56529,0,0,5445,7854,42765030,14,-1,3,0,
cc_C109816,8613,0,0,270,7854,5412,42505848,26,18,21,1,
Wirelength: 1.04892e+06
layer(tree) info:
layer: 0 ,width: 38709 ,height: 64383 ,area: 2492201547, filling_rate: 0.337941
layer: 1 ,width: 43968 ,height: 40896 ,area: 1798115328, filling_rate: 0.607991
random seed: 3
best wirelength: 1.04892e+06
initial_num_perturbs: 1156
iter: 16274522
best_iter: 196
best_cost: 0.459073
reject_time: 94861
accept_inferior_time: 8004887
update_best_time: 7
time cost: 3000
