name,x,y,layer,rotated_angle,width,height,area,left,right,parent,is_from_left,
cc_C38060,0,25875,1,270,37030,8625,319383750,-1,15,14,0,
cc_C40988,37030,8625,1,270,37030,8625,319383750,-1,9,8,1,
cc_C43598,0,43125,1,90,37030,8625,319383750,-1,3,15,0,
cc_C46412,0,51750,1,90,37030,8625,319383750,17,30,2,0,
cc_C48982,37030,25875,1,90,37030,8625,319383750,-1,-1,9,0,
cc_C51792,0,12000,0,90,25920,6000,155520000,-1,-1,11,0,
cc_C54385,37030,0,1,270,37030,8625,319383750,-1,-1,12,1,
cc_C57055,0,0,0,270,25920,6000,155520000,-1,11,-1,0,
cc_C59668,0,8625,1,270,37030,8625,319383750,1,14,12,0,
cc_C62278,37030,17250,1,90,37030,8625,319383750,-1,4,1,0,
cc_C65067,37030,34500,1,0,8625,37030,319383750,22,28,15,1,
cc_C67839,0,6000,0,270,25920,6000,155520000,-1,5,7,0,
cc_C70494,0,0,1,270,37030,8625,319383750,6,8,-1,0,
cc_C73068,54280,34500,1,180,8625,37030,319383750,-1,-1,22,1,
cc_C75794,0,17250,1,90,37030,8625,319383750,-1,0,8,0,
cc_C78507,0,34500,1,90,37030,8625,319383750,10,2,0,0,
cc_C390725,37030,88780,1,270,37030,8625,319383750,-1,27,26,0,
cc_C393732,37030,106030,1,270,37030,8625,319383750,-1,-1,3,1,
cc_C396426,0,77625,1,90,37030,8625,319383750,19,20,21,0,
cc_C399324,37030,114655,1,90,37030,8625,319383750,-1,-1,18,1,
cc_C401934,0,86250,1,270,37030,8625,319383750,-1,23,18,0,
cc_C404828,0,69000,1,270,37030,8625,319383750,-1,18,30,0,
cc_C407517,45655,34500,1,0,8625,37030,319383750,13,-1,10,1,
cc_C410399,0,94875,1,270,37030,8625,319383750,-1,24,20,0,
cc_C413083,0,103500,1,90,37030,8625,319383750,25,31,23,0,
cc_C415825,37030,123280,1,90,37030,8625,319383750,-1,-1,24,1,
cc_C418719,37030,80155,1,90,37030,8625,319383750,-1,16,28,0,
cc_C421704,37030,97405,1,270,37030,8625,319383750,-1,-1,16,0,
cc_C424482,37030,71530,1,270,37030,8625,319383750,-1,26,10,0,
cc_C427157,0,120750,1,90,37030,8625,319383750,-1,-1,31,0,
cc_C429953,0,60375,1,270,37030,8625,319383750,-1,21,3,0,
cc_C432668,0,112125,1,270,37030,8625,319383750,-1,29,24,0,
Wirelength: 531526
layer(tree) info:
layer: 0 ,width: 25920 ,height: 18000 ,area: 466560000, filling_rate: 1
layer: 1 ,width: 74060 ,height: 131905 ,area: 9768884300, filling_rate: 0.948126
random seed: 8
best wirelength: 531526
initial_num_perturbs: 1024
iter: 102400
best_iter: 85571
best_cost: 0.34501
reject_time: 31957
accept_inferior_time: 27007
update_best_time: 48
initial_wirelength: 1.11975e+06
initial_iter: 1024
initial_time: 0.024
total time cost: 2.47
