name,x,y,layer,rotated_angle,width,height,area,left,right,parent,is_from_left,
cc_C8466,4290,38742,0,90,5709,6369,36360621,-1,1,2,0,
cc_C8467,4290,45111,0,90,5709,6369,36360621,6,-1,0,0,
cc_C16429,4290,33066,0,270,7524,5676,42706224,-1,0,3,0,
cc_C16430,4290,27390,0,270,7524,5676,42706224,-1,2,7,0,
cc_C32011,12144,5709,0,0,8613,4290,36949770,5,-1,28,1,
cc_C32012,20757,0,0,90,4290,8613,36949770,-1,-1,4,1,
cc_C39784,9999,38742,0,180,5445,7854,42765030,14,-1,1,1,
cc_C39785,4290,21945,0,270,7854,5445,42765030,-1,3,9,0,
cc_C55552,4290,11121,0,270,7854,5412,42505848,-1,9,28,0,
cc_C55553,4290,16533,0,90,7854,5412,42505848,-1,7,8,0,
cc_C63404,54120,27555,0,270,7854,5412,42505848,-1,-1,15,1,
cc_C63405,51447,22143,0,270,7854,5412,42505848,-1,-1,32,0,
cc_C71293,25443,14289,0,270,7854,5412,42505848,-1,13,17,0,
cc_C71294,25443,19701,0,270,7854,5412,42505848,-1,-1,12,0,
cc_C86866,15444,9999,0,270,5709,6369,36360621,16,-1,6,1,
cc_C86867,48444,27555,0,180,5676,7524,42706224,10,-1,23,1,
cc_C86868,21153,8613,0,90,4290,8613,36949770,17,-1,14,1,
cc_C86869,25443,0,0,180,5445,7854,42765030,18,12,16,1,
cc_C86870,30888,0,0,0,5412,7854,42505848,21,20,17,1,
cc_C94576,40590,7854,0,0,6369,5709,36360621,-1,23,22,0,
cc_C94577,30888,8613,0,90,7524,5676,42706224,-1,-1,18,0,
cc_C94578,36300,0,0,270,4290,8613,36949770,22,-1,18,1,
cc_C94579,40590,0,0,180,5445,7854,42765030,33,19,21,1,
cc_C94580,40590,13563,0,270,7854,5412,42505848,15,-1,19,0,
cc_C102137,11814,0,0,180,6369,5709,36360621,-1,-1,25,1,
cc_C102138,4290,0,0,270,7524,5676,42706224,24,28,26,1,
cc_C102139,0,0,0,270,4290,8613,36949770,25,-1,-1,0,
cc_C102140,0,0,1,180,7776,11232,87340032,-1,-1,-1,0,
cc_C102141,4290,5709,0,90,7854,5412,42505848,4,8,25,0,
cc_C109812,55737,0,0,0,6369,5709,36360621,-1,-1,31,1,
cc_C109813,51447,8613,0,270,7524,5676,42706224,-1,32,31,0,
cc_C109814,51447,0,0,270,4290,8613,36949770,29,30,33,1,
cc_C109815,51447,14289,0,180,5445,7854,42765030,-1,11,30,0,
cc_C109816,46035,0,0,180,5412,7854,42505848,31,-1,22,1,
Wirelength: 375508
layer(tree) info:
layer: 0 ,width: 62106 ,height: 51480 ,area: 3197216880, filling_rate: 0.417545
layer: 1 ,width: 7776 ,height: 11232 ,area: 87340032, filling_rate: 1
random seed: 5
best wirelength: 375508
initial_num_perturbs: 1156
iter: 115600
best_iter: 104590
best_cost: 0.174972
reject_time: 35620
accept_inferior_time: 39440
update_best_time: 86
initial_wirelength: 1.2441e+06
initial_iter: 1156
initial_time: 0.016
total time cost: 1.7
