name,x,y,layer,rotated_angle,width,height,area,left,right,parent,is_from_left,
cc_C2791,0,0,1,270,8580,11319,97117020,1,3,-1,0,
cc_C2792,8580,0,1,0,11319,8580,97117020,-1,4,0,1,
cc_C2793,0,8679,0,180,11616,8448,98131968,-1,-1,5,0,
cc_C2794,0,11319,1,90,8448,11616,98131968,-1,-1,0,0,
cc_C2795,8580,8580,1,0,11352,8679,98524008,-1,-1,1,0,
cc_C2796,0,0,0,0,11352,8679,98524008,-1,2,-1,0,
Wirelength: 71921
layer(tree) info:
layer: 0 ,width: 11616 ,height: 17127 ,area: 198947232, filling_rate: 0.988483
layer: 1 ,width: 19932 ,height: 22935 ,area: 457140420, filling_rate: 0.855076
random seed: 5
best wirelength: 71921
initial_num_perturbs: 36
iter: 3600
best_iter: 2272
best_cost: 0.453316
reject_time: 1464
accept_inferior_time: 1006
update_best_time: 6
initial_wirelength: 163778
initial_iter: 36
initial_time: 0.002
total time cost: 0.029
