name,x,y,layer,rotated_angle,width,height,area,left,right,parent,is_from_left,
cc_C8466,4290,73227,0,270,5709,6369,36360621,-1,27,1,0,
cc_C8467,4290,66858,0,270,5709,6369,36360621,-1,0,13,0,
cc_C16429,12144,59466,0,0,5676,7524,42706224,-1,3,10,0,
cc_C16430,12144,66990,0,0,5676,7524,42706224,-1,26,2,0,
cc_C32011,4290,27951,0,270,4290,8613,36949770,-1,5,29,0,
cc_C32012,4290,36564,0,270,4290,8613,36949770,-1,17,4,0,
cc_C39784,12144,28347,0,0,5445,7854,42765030,-1,18,8,1,
cc_C39785,12144,7524,0,270,7854,5445,42765030,-1,33,32,1,
cc_C55552,4290,96162,0,270,7854,5412,42505848,6,-1,9,0,
cc_C55553,4290,90750,0,270,7854,5412,42505848,30,8,24,0,
cc_C63404,12144,54054,0,270,7854,5412,42505848,-1,2,14,0,
cc_C63405,4290,50622,0,270,7854,5412,42505848,-1,12,17,0,
cc_C71293,4290,56034,0,270,7854,5412,42505848,-1,13,11,0,
cc_C71294,4290,61446,0,270,7854,5412,42505848,-1,1,12,0,
cc_C86866,12144,48345,0,0,6369,5709,36360621,-1,10,16,0,
cc_C86867,4290,11121,0,90,7524,5676,42706224,-1,32,23,0,
cc_C86868,12144,44055,0,180,8613,4290,36949770,-1,14,18,0,
cc_C86869,4290,45177,0,270,7854,5445,42765030,31,11,5,0,
cc_C86870,12144,36201,0,180,5412,7854,42505848,-1,16,6,0,
cc_C94576,4290,0,0,0,6369,5709,36360621,-1,23,21,1,
cc_C94577,12144,0,0,180,5676,7524,42706224,-1,-1,23,1,
cc_C94578,0,0,0,270,4290,8613,36949770,19,-1,-1,0,
cc_C94579,0,0,1,270,11232,7776,87340032,-1,-1,-1,0,
cc_C94580,4290,5709,0,270,7854,5412,42505848,20,15,19,0,
cc_C102137,4290,85041,0,0,6369,5709,36360621,-1,9,27,0,
cc_C102138,12144,86658,0,90,7524,5676,42706224,-1,-1,28,0,
cc_C102139,12144,74514,0,180,8613,4290,36949770,-1,28,3,0,
cc_C102140,4290,79596,0,270,7854,5445,42765030,-1,24,0,0,
cc_C102141,12144,78804,0,0,5412,7854,42505848,-1,25,26,0,
cc_C109812,4290,22242,0,180,6369,5709,36360621,-1,4,32,0,
cc_C109813,12144,22671,0,270,7524,5676,42706224,-1,-1,9,1,
cc_C109814,12144,18381,0,180,8613,4290,36949770,-1,-1,17,1,
cc_C109815,4290,16797,0,90,7854,5445,42765030,7,29,15,0,
cc_C109816,12144,12969,0,90,7854,5412,42505848,-1,-1,7,0,
Wirelength: 376449
layer(tree) info:
layer: 0 ,width: 20757 ,height: 101574 ,area: 2108371518, filling_rate: 0.633182
layer: 1 ,width: 11232 ,height: 7776 ,area: 87340032, filling_rate: 1
random seed: 1
best wirelength: 376449
initial_num_perturbs: 1156
iter: 115600
best_iter: 110596
best_cost: 0.156745
reject_time: 35414
accept_inferior_time: 39627
update_best_time: 91
initial_wirelength: 1.2441e+06
initial_iter: 1156
initial_time: 0.023
total time cost: 2.326
