name,x,y,layer,rotated_angle,width,height,area,left,right,parent,is_from_left,
cc_C2791,0,11616,0,90,8580,11319,97117020,5,-1,3,0,
cc_C2792,8679,0,1,90,8580,11319,97117020,-1,-1,4,1,
cc_C2793,8448,0,0,180,11616,8448,98131968,-1,-1,3,1,
cc_C2794,0,0,0,270,8448,11616,98131968,2,0,-1,0,
cc_C2795,0,0,1,90,8679,11352,98524008,1,-1,-1,0,
cc_C2796,8580,8448,0,270,8679,11352,98524008,-1,-1,0,1,
Wirelength: 80238
layer(tree) info:
layer: 0 ,width: 20064 ,height: 22935 ,area: 460167840, filling_rate: 0.851657
layer: 1 ,width: 17259 ,height: 11352 ,area: 195924168, filling_rate: 0.998555
random seed: 8
best wirelength: 80238
initial_num_perturbs: 36
iter: 3600
best_iter: 2615
best_cost: 0.39709
reject_time: 1445
accept_inferior_time: 1027
update_best_time: 8
initial_wirelength: 163778
initial_iter: 36
initial_time: 0.002
total time cost: 0.04
