name,x,y,layer,rotated_angle,width,height,area,left,right,parent,is_from_left,
cc_C38060,0,0,0,0,6000,25920,155520000,1,2,-1,0,
cc_C40988,6000,0,0,0,6000,25920,155520000,3,4,0,1,
cc_C43598,0,25920,0,0,6000,25920,155520000,5,6,0,0,
cc_C46412,12000,0,0,0,6000,25920,155520000,7,8,1,1,
cc_C48982,6000,25920,0,0,6000,25920,155520000,9,10,1,0,
cc_C51792,6000,77760,0,0,6000,25920,155520000,11,12,2,1,
cc_C54385,0,51840,0,0,6000,25920,155520000,13,14,2,0,
cc_C57055,18000,0,0,0,6000,25920,155520000,15,-1,3,1,
cc_C59668,12000,25920,0,0,6000,25920,155520000,-1,-1,3,0,
cc_C62278,12000,51840,0,0,6000,25920,155520000,-1,-1,4,1,
cc_C65067,6000,51840,0,0,6000,25920,155520000,-1,-1,4,0,
cc_C67839,12000,77760,0,0,6000,25920,155520000,-1,-1,5,1,
cc_C70494,6000,103680,0,0,6000,25920,155520000,-1,-1,5,0,
cc_C73068,6000,129600,0,0,6000,25920,155520000,-1,-1,6,1,
cc_C75794,0,77760,0,0,6000,25920,155520000,-1,-1,6,0,
cc_C78507,24000,0,0,0,6000,25920,155520000,-1,-1,7,1,
cc_C390725,0,0,1,0,8625,37030,319383750,17,18,-1,0,
cc_C393732,8625,0,1,0,8625,37030,319383750,19,20,16,1,
cc_C396426,0,37030,1,0,8625,37030,319383750,21,22,16,0,
cc_C399324,17250,0,1,0,8625,37030,319383750,23,24,17,1,
cc_C401934,8625,37030,1,0,8625,37030,319383750,25,26,17,0,
cc_C404828,8625,111090,1,0,8625,37030,319383750,27,28,18,1,
cc_C407517,0,74060,1,0,8625,37030,319383750,29,30,18,0,
cc_C410399,25875,0,1,0,8625,37030,319383750,31,-1,19,1,
cc_C413083,17250,37030,1,0,8625,37030,319383750,-1,-1,19,0,
cc_C415825,17250,74060,1,0,8625,37030,319383750,-1,-1,20,1,
cc_C418719,8625,74060,1,0,8625,37030,319383750,-1,-1,20,0,
cc_C421704,17250,111090,1,0,8625,37030,319383750,-1,-1,21,1,
cc_C424482,8625,148120,1,0,8625,37030,319383750,-1,-1,21,0,
cc_C427157,8625,185150,1,0,8625,37030,319383750,-1,-1,22,1,
cc_C429953,0,111090,1,0,8625,37030,319383750,-1,-1,22,0,
cc_C432668,34500,0,1,0,8625,37030,319383750,-1,-1,23,1,
Wirelength: 1.11975e+06
layer(tree) info:
layer: 0 ,width: 30000 ,height: 155520 ,area: 370632704
layer: 1 ,width: 43125 ,height: 222180 ,area: 991577908
dead_sapce_rate: 2.07533e-317
iter: 0
best_iter: 0
best_cost: 3.95253e-323
reject_time: 0
accept_inferior_time: 0
update_best_time: 0
time cost: 0.045
